2024-07-09T05:55:06.467Z FIND Found epoch range to explore:  636 640
2024-07-09T05:55:06.469Z FIND Found delinquent validators [ 'C6uqzABsRPmFd14iL9Ej36AbddVxXPJWV6jwbLZYdYJM' ]
2024-07-09T05:55:06.470Z FIND Found reference validator CvSb7wdQAFpHuSpTYTJnX5SYH4hCfQ9VuGnqrKaKwycB
2024-07-09T05:55:09.108Z STAKES Found:  103  accounts for delinquent validator C6uqzABsRPmFd14iL9Ej36AbddVxXPJWV6jwbLZYdYJM
2024-07-09T05:55:09.108Z STAKES Stake account 7zDNdbDYSihmCWhG79r3twqyH7uoYSpvC6A4HRC7DwAs is de-activating:  0.011940256
2024-07-09T05:55:09.108Z STAKES Stake account 9idpsqc8LJWpv6aPWxe9RKW2K2hrbkTJXByyZHHo1gtK is de-activated:  0.002282881
2024-07-09T05:55:09.108Z STAKES Stake account 8gzEozXiPrSTa2i4ZQo6aXJEfYRFekNDznBz3sJ2y6Tj is de-activating:  1.014529722
2024-07-09T05:55:09.109Z STAKES Stake account 25JQ914xBmz7oLgq9iynxzBTxGjpoJKpQue11ggb4Baj is de-activating:  0.016278113
2024-07-09T05:55:09.109Z STAKES Stake account FRBLLZUZM9Kg4WUVxWg7GP7aKHCgcNfW59EkB1EfGXt8 is de-activating:  10.461549662
2024-07-09T05:55:09.109Z STAKES Stake account HggEzJokJUYo1g2k9wFy4Kcyo3LrqNWYPxrYemjV5ReJ is de-activating:  0.003007547
2024-07-09T05:55:09.109Z STAKES Stake account EdV6UiEDvdDXGtRtApLLX8pSPr4NMN5zfnmZkRoijoPJ is de-activating:  1.014948232
2024-07-09T05:55:09.110Z STAKES Stake account 2w5GzeCxRm3Q1Y4ztXpJGFp3wETFHNXi3HBZimiNyRH1 is de-activating:  1.014529722
2024-07-09T05:55:09.110Z STAKES Stake account G4kDNJkvtXa38e4rpw3NWbcW3ASmiWy16AiD8sCj5S6S is de-activated:  1.014529722
2024-07-09T05:55:09.110Z STAKES Stake account D5PHpu4G7F3qarDza2bmAAybbZmsTwWvTJpCrPR8wx76 is de-activating:  1.994565371
2024-07-09T05:55:09.110Z STAKES Stake account 7Y7NnU22dsWJZKrsTR9U8U1dswqAMRkPcgJuDS3XrGRR is de-activating:  3.186023177
2024-07-09T05:55:09.110Z STAKES Stake account FEw4duWFuyFR36Y45GxRKBEXo2X1563D1TuUxjLW81kF is de-activating:  0.003383283
2024-07-09T05:55:09.111Z STAKES Stake account 6F1FhrRte7HaLGDjb8wHdph6xfv64x7s2b8w92ffZLsp is de-activating:  3.093332106
2024-07-09T05:55:09.111Z STAKES Stake account 8fGGPkbr8Sa9JBqLXHGtJvEA4rGH4VMtLi2dZUEG9LDh is de-activating:  1.014529722
2024-07-09T05:55:09.111Z STAKES Stake account 2S8XSAmRCmGRkpHp6E5exGh86Qk9ERDkGZAuPLbepBo9 is de-activating:  1.014529722
2024-07-09T05:55:09.111Z STAKES Stake account 2BcrUatLbQ1FtkHEucWB1C4tHT9r8JatUYn1uR5Bfskv is de-activating:  0.106497216
2024-07-09T05:55:09.111Z STAKES Stake account 72KRAHx86rkjCjfVffGiP36sFLSgqYuvFdLYxQbiSjjv is de-activated:  2.641147697
2024-07-09T05:55:09.111Z STAKES Stake account 4GD6wooGR4x1kb3pqKLNtJuoVYEytZajpJsBsGVcf4pY is de-activating:  0.040960554
2024-07-09T05:55:09.112Z STAKES Stake account 6RKEtCo2bqJxjxRHVBjEjLz36CUXsRAmVQNBUW8yKseK is de-activating:  0.022501468
2024-07-09T05:55:09.112Z STAKES Stake account 4i3Cwk7kpfWJy14wtKrPEfVpYn52k94vybtBLfSd124f is de-activating:  3.186036433
2024-07-09T05:55:09.112Z STAKES Stake account 71iv5Q1svJg5znspA99JSgAZCrbAYWZeuPximAuYKtHx is de-activating:  10.893073707
2024-07-09T05:55:09.112Z STAKES Stake account EXrh9eNQRFSadLne85y1jQVmWGG9vad4kJSXTyru5rue is de-activated:  0.002282881
2024-07-09T05:55:09.112Z STAKES Stake account 4yPdRSnuiiYjHg9hkju8aebdYfFaetGqoT5ShvQu2fAc is de-activating:  1.994565323
2024-07-09T05:55:09.112Z STAKES Stake account 4hGVTph2Pvncs1LBkBjxrWR7L3FSxrgJ5NSXXwotK45L is de-activating:  1.014529722
2024-07-09T05:55:09.112Z STAKES Stake account 6iHqTwxQz75ESsVQP1MzMVWWFXgZ9xCtuvXB1EhZ6djQ is de-activating:  3.09333651
2024-07-09T05:55:09.113Z STAKES Stake account CMb3hh1brc8DNi62zSLAiDu7xERLLqM6npSNSinuXKu1 is de-activating:  1.014948232
2024-07-09T05:55:09.113Z STAKES Stake account LRoV6Y779BrhtzYXTtV29zUFAwd9fVbHx7793gKhLZp is de-activated:  0.050266686
2024-07-09T05:55:09.113Z STAKES Stake account 3nxbmZqXFYiDEp9xHyx46rHxMcc3Z2YqvU5KMdXeCF5n is de-activating:  1.014529722
2024-07-09T05:55:09.113Z STAKES Stake account HGt4qw2RVpLz3BkNwSTXpzVtfmsHukppRP8tD6hR2Wvb is de-activating:  1.208345452
2024-07-09T05:55:09.113Z STAKES Stake account 8bisa5BU9RQRLqnPBwQWcdUqAKv2EcSqLSVtDhFUQGqW is de-activating:  3.336173373
2024-07-09T05:55:09.113Z STAKES Stake account Gn2jXu2scMiyDhRSQCxUTSYb8EgdM4cF99afZSGZ8g2X is de-activating:  1.014529722
2024-07-09T05:55:09.113Z STAKES Stake account 4YuMZBWDNz68ccFtrs5LMnPz6g9uhwaYz59vYiYSnt7s is de-activating:  3.336375177
2024-07-09T05:55:09.114Z STAKES Stake account AnEEvHCZgcxyMKbMciRtwetjpKm2JzReH45qEo772HCf is de-activating:  3.18602202
2024-07-09T05:55:09.114Z STAKES Stake account 5QToZG21AEHuum6FmvgPLdt52znD4G4uz8tHtKe5ff8Z is de-activating:  1.014529722
2024-07-09T05:55:09.114Z STAKES Stake account HNpoPjpmAA4fzFcgoupeyPz6UcmhQFtkLfTxNBSLC35E is de-activating:  1.014529722
2024-07-09T05:55:09.114Z STAKES Stake account BdzwrpfKZdtux2GRKWBsan1RwUZTWuYNQmJzW9FV9cH9 is de-activated:  0.002302226
2024-07-09T05:55:09.114Z STAKES Stake account 47sgXWfW5hr3W6yFbWumMzsv3mbaWAKx1PhBij8So3by is de-activating:  0.010038759
2024-07-09T05:55:09.114Z STAKES Stake account 2x1vRgKReKEm1BfUo5zzK5dVSD4ZY7uNFH5CVWhqUN1N is de-activating:  9.514590559
2024-07-09T05:55:09.114Z STAKES Stake account 6WUD3UEFfLww9aEMmMsmCpVKR33hYPmGsekraEyyiuiW is de-activating:  1.014529722
2024-07-09T05:55:09.115Z STAKES Stake account 245BDHAXXzKLdcYAFfyQWSnU2unjfmb1bYZNCukHVyFd is de-activating:  3.336176735
2024-07-09T05:55:09.115Z STAKES Stake account FyjKNvYBqW1JReFrnMT7FgFuFnd4r2wRVCJVEzUAP5HG is de-activating:  1.014529722
2024-07-09T05:55:09.115Z STAKES Stake account AcE63XDXaLnrAvKYGzgoJPuhTQNHMoyTVGfismdKtHyt is de-activating:  1.014529722
2024-07-09T05:55:09.115Z STAKES Stake account FenEyf6cJAeowqptGyHTuWfCqywJCDq1tvN6R5GHvwkR is de-activating:  1.014529722
2024-07-09T05:55:09.115Z STAKES Stake account EPEtAqnKNi5g6WY1zpGmp2HZ7s8Naje824wiZ3YomACC is de-activating:  1.014529722
2024-07-09T05:55:09.115Z STAKES Stake account AHCwYonD3QgNsHiW2EMiCjJ4UwqRvV4VVWztJFLAoqLx is de-activating:  3.336179465
2024-07-09T05:55:09.115Z STAKES Stake account 24atS4BP52cSqBkE7PStUsr7UjoFHLAGeEdYvA2cUgry is de-activating:  1.024968329
2024-07-09T05:55:09.115Z STAKES Stake account AwrnYMvcuYcBKMAgJVge4VQgMAKgVoEoH3danmPJbGdq is de-activating:  1.014529722
2024-07-09T05:55:09.116Z STAKES Stake account 76V8Jyj7tKBKwXg2Zi4pPhhwSPkV87Y8KbirWk2cfQE3 is de-activating:  15.829124176
2024-07-09T05:55:09.116Z STAKES Stake account 3PB735rFND1m9ZcWsZ7e6oUx1ige25CJfkJPanKcyXsP is de-activating:  1.994547819
2024-07-09T05:55:09.116Z STAKES Stake account 37f8fYs5gCJZJvDz4v2J5vL25ueaXbNBtrhqcsjw9M6z is de-activating:  1.026280965
2024-07-09T05:55:09.116Z STAKES Stake account FsfpgfqAgcE9Jd7tpB2Rf5EbKpaXFDCaBBH5dNqivWUq is de-activating:  3.09333651
2024-07-09T05:55:09.116Z STAKES Stake account 4jdQ5uoTSaxrZbSSNs3VgxcJK5vMBMK2zgbHvJKDksqA is de-activating:  1.014529722
2024-07-09T05:55:09.116Z STAKES Stake account 5ZhVVq7xBthhx4a9KhHy3e5n2uaFdRrTjAKrQUbeBH3j is de-activating:  0.022431043
2024-07-09T05:55:09.116Z STAKES Stake account 4KSzXEWFRjbVtuvVE85Fnp6kdDoSZu7Xqq3uz6fSCqM9 is de-activating:  4.757927132
2024-07-09T05:55:09.117Z STAKES Stake account 8mZr6mdnpmiyBmLzVhj6DCJcKZh2PEv5WfDFCNaxsLHT is de-activating:  1.014529722
2024-07-09T05:55:09.117Z STAKES Stake account D8JxmumrMToYawnAJ8Tc3oAotfnRKUg3kyQYvnEYmWDx is de-activating:  0.081906074
2024-07-09T05:55:09.117Z STAKES Stake account 4pDmrs1wwmLkxb9HJkhX8565cR8rcEjYuATT8JzSKRbH is de-activating:  1.014529722
2024-07-09T05:55:09.117Z STAKES Stake account 579iiD9QnQUUrzPLLiVaPsYVk6ieqMsGLfmiQANaK8TN is de-activating:  2.269605729
2024-07-09T05:55:09.117Z STAKES Stake account 599YLnawYGyJRUESxVVwqaTQ9VBCuvgySegDUBSMCqVH is de-activating:  0.002303193
2024-07-09T05:55:09.117Z STAKES Stake account 9bwFQz1K3jfn3qWo1MLiduWaQLn2ttzKnBzdwvxhrRp5 is de-activating:  3.336173373
2024-07-09T05:55:09.117Z STAKES Stake account AxvKSaxKws6EY7wjiR9WtzbwMoDUcAJDgNBSGbH7r2Pf is de-activating:  0.003284942
2024-07-09T05:55:09.118Z STAKES Stake account 4EMoJCVCuSgSq2FD92e1Lb4PiT3kYxxmXYUw1YGpWzdW is de-activating:  15.82912418
2024-07-09T05:55:09.118Z STAKES Stake account zZzLr6ng1royJnxQ4JAj7Y39syU3rXYQvNR6PSWX8rT is de-activating:  0.506095447
2024-07-09T05:55:09.118Z STAKES Stake account CQxn2FGJPwc9hpbwrbYATXFczFT4m6mpjKkVg56m8fzk is de-activating:  11.837013282
2024-07-09T05:55:09.118Z STAKES Stake account 8mDu5UyHRUkxMvVQAUiA1NtsiQmtSfiwztCmu9JPW1gq is de-activating:  1.014948232
2024-07-09T05:55:09.118Z STAKES Stake account 5XUgC6is1cAs5HsuvaLD5prKwXXjMD3UPzjEPZfjAouB is de-activating:  1.182224539
2024-07-09T05:55:09.118Z STAKES Stake account HLLj36VtLZ7v1qj7pcCiKmapa8vZPR7tmhDvSpUziki5 is de-activated:  0.00278288
2024-07-09T05:55:09.119Z STAKES Stake account DpTypzqtPumWdMtzjqU9Kby2FHfhvg7nkVNi5js4nj7H is de-activating:  15.829085594
2024-07-09T05:55:09.119Z STAKES Stake account CvrXmXYCsWGrxhrabT2RDLvq8MjAQNK58wuPnnp7aVii is de-activating:  1.014529722
2024-07-09T05:55:09.119Z STAKES Stake account 4dMAKQw1G5g8XMgNecbkJnmW1kA63aex9aEGj8CVSo4e is de-activating:  15.829123832
2024-07-09T05:55:09.119Z STAKES Stake account GCzeyitJoskhMG2jcvHxsrsYxGBHYyputsctKWZDrRL4 is de-activating:  3.186023178
2024-07-09T05:55:09.119Z STAKES Stake account DSVFQt2iVyTFXSjBsj346QmZGBu2Y2J5kCBo7UY2LTWT is de-activating:  1.014948232
2024-07-09T05:55:09.119Z STAKES Stake account 5PPLR1fsh7sWaAnkzHdnYf86D7rCzrbnP3SGFa9FXKSA is de-activating:  0.017353129
2024-07-09T05:55:09.119Z STAKES Stake account EavqqqR8XDA8e6KaAZnDVYwSmMNTV7doqK2MHiG94HmV is de-activating:  1.014948232
2024-07-09T05:55:09.120Z STAKES Stake account 2zrUsWXD4GJQ8cmetC2TjKHqWWfSXNigXFYdZrQwUr8i is de-activating:  0.003285772
2024-07-09T05:55:09.120Z STAKES Stake account F6xfosXXP9tPPdX4DmSh7edDLRt52xfHAcoBYu7DvDg is de-activating:  1.014948232
2024-07-09T05:55:09.120Z STAKES Stake account 8bCiudTcu6SvKnGeC7cJzSmPtuNE2qCwcY1SfeQ35DfQ is de-activating:  0.496355641
2024-07-09T05:55:09.120Z STAKES Stake account 5JsJsk3hsiUsBsfVga6LJHT9CeS32oACji3EhYF92GL6 is de-activating:  1.014529722
2024-07-09T05:55:09.120Z STAKES Stake account 7ZRdysvvHSKfppFDHcCNf3vUSyBbMwp9xXNjNdpnneFe is de-activating:  1.014529722
2024-07-09T05:55:09.120Z STAKES Stake account G92QT92fnTqnQrqWBmNvr5G5zHQC9SMgvy6TStzDQaiJ is de-activating:  0.096439098
2024-07-09T05:55:09.120Z STAKES Stake account CVLtTTSggTvBC85BZ95oyGBeXxGFiujYQ3HtpfQxEoJv is de-activating:  1.994562035
2024-07-09T05:55:09.121Z STAKES Stake account Fs1uJDCRJoWcf25irNtTXYMRa8o4WFAXFuWbzpqErHfk is de-activating:  1.994546576
2024-07-09T05:55:09.121Z STAKES Stake account 241u7LTzH3a4825wGJUvYrNwzcKS5zLdgkNn6neYzeRc is de-activating:  5.059087871
2024-07-09T05:55:09.121Z STAKES Stake account Hq6oEAH4rdBBeHVrcCiew1cgWZg3wbyETEJnbMC2hSPn is de-activating:  3.336173373
2024-07-09T05:55:09.121Z STAKES Stake account 7jnT9aMvYM1tTWcYS4BJpbeMTPoYFhBNZM9XNbQJqYUv is de-activating:  1.014948232
2024-07-09T05:55:09.121Z STAKES Stake account 2yN5SScBcqCjR2n9xSYizicXZ26YKzR7pKCGUrrVp5Mx is de-activating:  15.829124176
2024-07-09T05:55:09.121Z STAKES Stake account ECzdbZcEeqYwfduPdoSuWZbzECSBsMAhzGApy6Lw86NH is de-activating:  1.014529722
2024-07-09T05:55:09.121Z STAKES Stake account DRoVr6QhC41VuSQpMm9tZnufA5GPE1HjKnsuKZzvVS7X is de-activating:  1.014948232
2024-07-09T05:55:09.122Z STAKES Stake account LAyHgJ5U1LTH71hk7gFsVzqARPBM5zoWg2o19d3BFoY is de-activating:  11.798403613
2024-07-09T05:55:09.122Z STAKES Stake account 4EAuhCGS6k38Zcz1gMR4MfRyKGhBs6viA5eAEVfV7mfH is activated:  15.82912418
2024-07-09T05:55:09.122Z STAKES Stake account FBEQpHjyeyTjjSLXMTH7oBT6y4H5q9tjqFmTYchdcCUE is de-activating:  1.014948232
2024-07-09T05:55:09.122Z STAKES Stake account BXvWqV2STbLrZ6P42wWtxA51d4kFmqwN8tAvS4eyZNyJ is de-activating:  1.014529722
2024-07-09T05:55:09.122Z STAKES Stake account GQ7mWVfVeMmGa19fokZfa4rzYAaxyE4wYdqgkzhekZ55 is activated:  3.09333651
2024-07-09T05:55:09.122Z STAKES Stake account 8KY7PvgQcuuJC7hEgjUX2TDPgY4B2FCD9xeo39gZcKYB is de-activating:  4.757927132
2024-07-09T05:55:09.122Z STAKES Stake account CfxdeGZ34H9dR5FmkaABNeyDdhyUhmLJheTHT2RHPLic is de-activating:  1.014529722
2024-07-09T05:55:09.123Z STAKES Stake account GMCQapXMeYj8JqAby6RgL2qhCq5rS7xUkQFcddgQV5qH is de-activating:  9.51458998
2024-07-09T05:55:09.123Z STAKES Stake account AoY38uqBR9p51hZo7oCv92FJ13urVGKUm3oYVj7jH32i is de-activating:  0.016158671
2024-07-09T05:55:09.123Z STAKES Stake account A5okuQtcX8GmyK86mwJgPdGWXZp3Z8avm3Crwz9URtfA is activated:  1.014948232
2024-07-09T05:55:09.123Z STAKES Stake account H6dpCAiSD79ZT6ep6tTPYnpz64jaTyz71iijnEPHSSEE is de-activated:  0.002288962
2024-07-09T05:55:09.123Z STAKES Stake account Hk18yCsijKhBAgKPAXhUy4S9gsTPxtbC1y7y1XvaaxFV is de-activating:  0.003334595
2024-07-09T05:55:09.123Z STAKES Stake account EfWA9bapTY99ddZrpCes9rFdTHepZncobXLNohUvHhjJ is de-activating:  1.014948232
2024-07-09T05:55:09.123Z STAKES Stake account FSabZFQQEYb4eoVbT7KxpnYSYAMNJeE6BNdDy3M4i6ek is de-activating:  1.014948232
2024-07-09T05:55:09.123Z STAKES Stake account HxqC6NCrERYPsh9ZK8N7N1uJTr3LZRNTsoBGq1FN7dxZ is de-activating:  1.014529722
2024-07-09T05:55:09.123Z STAKES Found:  3  accounts that can be de-activated delinquent validator C6uqzABsRPmFd14iL9Ej36AbddVxXPJWV6jwbLZYdYJM
2024-07-09T05:55:09.148Z DEACTIVATE Blockhash: 3BBTgyH1tV3Qi9UfbB4rz6PwMkJnM9nDKAbW2LttkoHi
2024-07-09T05:55:09.181Z DEACTIVATE Sent tx: kSToJuwCWouvThpU5uKCmA71f15VoMdjHCx3r5bvt2kYQcGzNQ5QHqVgVFQBsb9mb3qo5NaY8VqYakoKZVM3M1j https://explorer.solana.com/tx/kSToJuwCWouvThpU5uKCmA71f15VoMdjHCx3r5bvt2kYQcGzNQ5QHqVgVFQBsb9mb3qo5NaY8VqYakoKZVM3M1j
2024-07-09T05:55:09.285Z DEACTIVATE Waiting for confirmations...
2024-07-09T05:55:29.456Z DEACTIVATE Confirmed.
2024-07-09T05:55:29.456Z FIND Deactivated stake accounts with total balance:
2024-07-09T05:55:29.456Z FIND Total de-activated: 19.937408922
