2024-09-26T05:55:25.120Z FIND Found epoch range to explore:  672 676
2024-09-26T05:55:25.124Z FIND Found delinquent validators [
  'AXA7ztxJGz77RHmocYQ6MEbPYHbpc3TmhtQqZGrdzqo1',
  '7Tky1T9JDevVnNi9oF7tbq6T9KjRVdsMyrHusMKWbY4n',
  'DDyikTKaM6RW8PZes38aULUeZkWCtecPZt2pmGCby5Q4',
  '8M7fvH3pXSrDK8xaNXLN6kNxaAL3J4niRqPvzQru7X4w',
  'Uqt9NeBe9LsYThG9S64pG2s3nsJ8nCLvnWtJNC6rKKA',
  '3PUJztwgkqpk1Dx6FAXjUsn1MmAyRaL35fZFQpi8N2WS',
  '5omuaCZDAyg9nutmRozSKXAq8QtccevGqyPjTYGKYCif',
  'GeAakdM3EaC9myuy9Lmtv6DGxHiXGekx7CxNr8jdeuNx',
  '8qq9tw5QpoWnAh9hK5Uzkt4YC2Hygpeyd5iQZTocSBYD',
  'DD4k6dMPn6VSy5BpGQSb4ansEDyGbXbzxx1g71PHLzEF',
  '3jujgVKtL9vaDVkvUpmTMfdccTPbzsw1UeJh4p8A8AeA',
  'SPZQ7mAJZQDHd7zyVNjDWHG6Hg9jkNCnQ2g1Rvfdmwt',
  '85RFFFZiCbfDnBdoSaNvh2LF67sWKd8uRNzXmGFFvaXM',
  'TH5NmhGi7RPZebUgarGCZZk7h7ZyV9otr1u6GrtLXsM',
  'GuThGBuwCxeoCeRb1yp3idtd7BkGFtTUCaqGkapbiSFu',
  '9cqgReCAzkszADM9qvLixANPTotFRrjB1z9GJQZm5Weu',
  '7rRvt7YBMyoKqxKibbpLJEBnA1iWwD9QXAhD8CqqC8fd',
  'diTNtixiNhRoTRSKTB7FPCBRCxChxs76WEuejB4hyfX',
  '9PqDDUdnp8yQxmNBLZUkiviEFTqdkVHFtuxYecGPFrgJ',
  '9SNtHX34DoHZsY16AY4ZufxFHygjkeR55KmDGrSH4arQ',
  '9Py4dL4KEa61g526bbZgHrQziEvPNg1S3ii2dsSynowh',
  '713hC8PyHeYkHYobyN9D985QeFMoxYbYGLPtUqYevGws',
  '9X8qdtYB1CfZ6L5JFcwZoyz6HusUpGC47BSdDcwYcaCs',
  '6qh4syVPTGdZVrHAXsc2MtAxNEiHHHQqxMqZEgRfHxZ3',
  'Dxsyvpi7dsNMUgxSBzCmfSP7BpnEXs1u7fLXfDBH4eQD',
  '7Sd1cSdTVgZbr9ybERxdeQVmwNddVo88zC99md6ft5tN',
  'FXRpG4jSNtmKita6NmYLbhWZNXoZGKhz7VACRa93ysQ8',
  'BjYWWh1yyvAZQFhYhYBnhoiyUwSSGbNVEHHz1V95jAhm',
  '8GdySX8FWuefbSZSB6VYfT23H5JCdv7ySA8wWA3F8F4s',
  'GwT7sTF3bCQrn4oyeV5bAgCZjC5Kz624JqCUdhj7nk1W',
  '68Py729tjYf1mjPJg9fuCm3HdCejEAnYRShpWxtKgN5F',
  '8nBL11XWJMEcDTq6ELVZ1qWa1DWNG7j54FgvviyRWE1D',
  'BbSV8Xdt6oEJ9CM2ecutRAMRjmApszkJhn97XC9U9fnK',
  '6iofqZZRkZvKuqtQ5XmDrPkbEV8cu3AbtPLC589ZKfrX',
  'GtuK529GrWRdktAnGSNLsBau7reojdYyP1WBm35SAXgC',
  'H9LewK8VxCnfLG7rQqwogWqFqa9h5qqvizRCQiu7Y5rY',
  'FbRosCwR5zW7RLMd2DzQ9Pwfvp2cAaSYSa9LioXeDXy1',
  'CMsRrdUPjdXFLHLMxsxxVmh4W528jcnWQqXcHPW3x43j',
  '8VdqPXjRWywAwnhPxuoYV6Jrw15HJP3sEAp1M3GnuDuF',
  'E7hyRaTAmb4e6muUXGd3ypB3ZHcGut3Ngpxm1ManLQmn',
  '7N4Sz9tHuLjivyk465aUfs4w5gV82ErCKjgnRPTbXa6s',
  'Gx61qmf2xjPFpwPn9GPLNMPAxr4gZ6mup2YDzE3MwSec',
  '685qv16TfRSkwkjM5or3JTEZaPstH3mNW36gFZA3FKc9',
  'EJ7vE3BA1SChJs5s3h598p1KUSLwkCGrszgZsArBgT1C',
  'FwQrixNSWGmpp744EbKdFckjcKwvMWizYwsoZo8e6qWW',
  'FS33hJY77m4BWfjJ4s2xK5Bq9kLPpNRAbeD3J6hXLd4V',
  'GoMxSsZtYpG6ySeABvJ9mYoa9PqNxeBcry19ArbJusQd',
  'HsApTqQZvo2YKUTAezN4yeygu61A85TSyJoU69yegs51',
  'DfD8xygCpHotDRGa6mmetuNwJYE9BwREJzJam3LepHiU',
  '4CMy7v8JK83oZCgxWAjYC37TV3VwcJPRPtoLKW2b4tHq',
  '2Ramrp1CQSLC1QRmEqNA4nJ11ocyirNFjuxXoM7QjidV',
  '5GNZN7FQoCQPsB3shkiQbwshSFZpe96PAcD5cQuboZZ7',
  '3iWcP272GyeGSZBns6echFedaPoDgyprrY3URhRfWYdt',
  'DrPsz6W3SyvNUJhznmNT2X8grPYDEqdEvuBCfxGv33xL',
  'GqVzdBZ95yrinDkY2ougx7HR5JHVh5CiUXY9hksFu9ia',
  'F3KghztFNNgL2zL1VPBq5ndQJYMwXhpDX9eRCrNmDjFn',
  'Gtjo1BPYNZjUJzrNLHE6KzY47XNErdXk5A7RH82s881j',
  'GcQseyAzbyA1KRSKGxQgpUmyDBvdNFc7y6JQEuafjFTs',
  'J5xdcPTXrGHguwCvrLzAy7wVtALo8dcH9UER7X6W7mv',
  '3LD4qkmgthaVwjS9RdFpDptm8RAi1qzAA959X8whKXBj',
  '9Tbfc8EqMjnwwekX4eSjxTYyD8jaXPeujCvQLaDVD4bo',
  '4HudwuUL6z9SbMvoFXXqy2J1kzbJW6Sve1kRXoKHECsu',
  '5wrt7qmJ8zesntEhdYqZWGJnCD31gnWi7jGmF4PGwsAN',
  'EfLXVu1GRNrwmEQenkmBrKQJoeeqzk5PLuVoKzUiMooq',
  'GcZakcYcZjCn9fyGzdZts416jV8BhqDMxZXTz4pEtqpu',
  'FPqjaCnSWVrwhbg7JZ8ABF8dGAXgVU5q7vgqSu5DjpNE',
  '2rBL875drcTQ9oSUNjqyLj4A7pLvUwtYdPL5cnLjFNUW',
  'GCB87BWgT4eUyYxUjwfL8EM8DptrZ2YfDjLukiDpYamb',
  'HYRZ46cBaD5t6MzHZW6RUSJEWhNsedTFRivP7WSfCjpk',
  'GrWXv9BJnvauGu9cy3ZLvBuF5CBLyDdoaPRS7sQ2kHP2',
  'EfuNZaDkNTvrLSDss9qb8foTrbtHisWdzxBRn9zLfB9z',
  '8i1Rj9q8TGd12pTnraShWuJPAcSVfcYvFtPzfc2WUiNh',
  'EiBkEFDFcV6Hm5rawweVxFg5urbPpqV7JFPWB3XZXwA5',
  '2WdrMdtKKSf5Yd4AjHNorNZ832KWiyYFSN94dsaj2ZJn',
  '5Hkc3nutFnd36LJJ3uKm6VWgrbPc1gKSaT8JpiowLJmH',
  'BuKQr8TwrEyz9urVgGGWv9LRYU6gAvrddLJsttUAJqiP',
  'FscAQgVoGXLr4J119B7tRTstvRjz2s9oTzXSdDU5Qddj',
  'isUomyVHsuAaMHngJ1z9Ho19Cd49cfWQeruGuwzk2SJ',
  '2w1R9brqaUBu7jAboxGPKui9wMwNTcWcTMW9YrHu6obv',
  'CtwauaA2VtDFqjrPuXXpmUxtFTdi59Ld7WowBkPDXzk9'
]
2024-09-26T05:55:25.126Z FIND Found reference validator he1iusunGwqrNtafDtLdhsUQDFvo13z9sUa36PauBtk
2024-09-26T05:55:25.495Z STAKES Found:  50  accounts for delinquent validator AXA7ztxJGz77RHmocYQ6MEbPYHbpc3TmhtQqZGrdzqo1
2024-09-26T05:55:25.496Z STAKES Stake account 3Xzuma93js61tCy1dcpqmqsnsb7GgzShfrWffBzYCZEK is de-activated:  0.005281348
2024-09-26T05:55:25.496Z STAKES Stake account 8R5pqeH4nEjJdPEYWZLGYtzuPtoAe24ackghbmkFDPPc is de-activated:  0.010750264
2024-09-26T05:55:25.496Z STAKES Stake account 9Ez6CfPcx4wZ3jPeD2R1A887itRSpBodpJvLAX6JpKcE is de-activated:  52.394564054
2024-09-26T05:55:25.496Z STAKES Stake account AJEJNny1sZKPxs9ZYzAmzNbtUU3MyvTpXM59tDG64oo1 is de-activated:  0.619115809
2024-09-26T05:55:25.497Z STAKES Stake account DkSuwy58Ncm7TY6xVTuh53uFgVxFDHMN6xtTrh8u3gB8 is de-activated:  0.002282881
2024-09-26T05:55:25.497Z STAKES Stake account FRVZxQ3NNGcxXH2fniGAJ2ZQrGEJwT17TATPh99DnZiR is de-activated:  0.006886136
2024-09-26T05:55:25.497Z STAKES Stake account B9HpQQKHt4npcFzNzPKX53QoMR9iMb4WUE6eecgsF8aU is de-activated:  0.024079435
2024-09-26T05:55:25.497Z STAKES Stake account 4ZedxyVUKEEfpfHG9aMUxKb98u4neHxiRHkxg3jHCVJB is de-activating:  0.011517191
2024-09-26T05:55:25.498Z STAKES Stake account 3BkqMtojxL6WHkLapsAfGHxYNi11kedgfkpQ2aGr1nnE is de-activating:  0.022501348
2024-09-26T05:55:25.498Z STAKES Stake account 6Suyd6k4rTcVhrGBJJYU2EdSdyNFgnaLuTqox3RhtdRe is de-activating:  0.48604267
2024-09-26T05:55:25.498Z STAKES Stake account 68Uh9wVRAy3TyLLdrCkcNhAPQMAfrwe76x1LM8QhrNmg is de-activating:  2.524284409
2024-09-26T05:55:25.498Z STAKES Stake account 7C7jGGg1n9baddEGPtmQNbMr1A5URHJYpp8bsQeZN19x is de-activating:  49.794282041
2024-09-26T05:55:25.498Z STAKES Stake account 2crf2G6b9Bw6JdogLV2HX6sydSc45m5JHphFBAdKkjee is de-activating:  1.557233425
2024-09-26T05:55:25.498Z STAKES Stake account HVYu7VepApKvm8M1N5dAgaKKyNjYKCSYZX52EqkJyXEh is de-activating:  1.058395202
2024-09-26T05:55:25.499Z STAKES Stake account B9XXR9H2pGCruGWyRJ2szi1i3G4uaS2kh7vP4paMHWSJ is de-activating:  0.00437446
2024-09-26T05:55:25.499Z STAKES Stake account 2UyUTr1UGarmFuwcgysRDVyWvnS2QJ4fjPV3hrytPyPY is de-activating:  42.265056555
2024-09-26T05:55:25.499Z STAKES Stake account 4WTF8fUWZVghBjMgroyUoi3FwKZMVzamzK5ZvhaygLKP is de-activating:  210.736796122
2024-09-26T05:55:25.499Z STAKES Stake account FTVNbptSiyvFNfU3nKefK6Fyw7SdqRzeWxhBsD8t2hZ4 is de-activating:  42.910302889
2024-09-26T05:55:25.499Z STAKES Stake account A2hWL8XAaajbCJWoVRRb4RCoA3MKHEVfoNzEgQyWHsT1 is de-activating:  1.039180751
2024-09-26T05:55:25.499Z STAKES Stake account BKwPNstGSFAQs7SwEoE6Zd6k1ihKhEoZse27qRLbmNUn is de-activating:  20.068419401
2024-09-26T05:55:25.500Z STAKES Stake account 6FH9bhczUG71gJztvRptxmq5CQZLW8PRopBVQJaWogqy is de-activating:  18.270643711
2024-09-26T05:55:25.500Z STAKES Stake account H629vDLCha3bTbQEJgX6AyA6GgXUb7trtRyhPVDkPyJg is de-activating:  1.062679889
2024-09-26T05:55:25.500Z STAKES Stake account GyTekvgjJX1sgyvhFrX2qeEfEGeHoVDLNKrx42azyE7e is de-activating:  0.053539754
2024-09-26T05:55:25.500Z STAKES Stake account J4iFuQf2SvzA8cUTiaJshr5CV41KvRAdyPiGcHxjg1en is de-activating:  11.936569874
2024-09-26T05:55:25.500Z STAKES Stake account 51hsKMXkHAKpPVQkrB8D3U7MLrJnAQcvPGqoJtqamq5b is de-activating:  21.143620269
2024-09-26T05:55:25.500Z STAKES Stake account BTUSruvMru7XHdNBGXQeVqcG45gStocbqYAQBpjepM3K is de-activating:  0.013947112
2024-09-26T05:55:25.500Z STAKES Stake account 9ygf3ZdhX2cWj6VGXr7D3KqCsTi5iECzt8X52TANhwCf is de-activating:  0.007321285
2024-09-26T05:55:25.501Z STAKES Stake account 3gXWS5jA6a29tdQMLHJqMB4xFi8Pv6N2kFZn2QgssSv4 is de-activating:  0.003283279
2024-09-26T05:55:25.501Z STAKES Stake account H61tF3aiFNDb4mZ8nh46kQJwDoCgwWCqwMktzKvTBPnp is de-activating:  47.567879017
2024-09-26T05:55:25.501Z STAKES Stake account Gp7e8S2FZunMa69zwGu7A9zCJk5o4hizM4669Lno117f is de-activating:  10.601650874
2024-09-26T05:55:25.501Z STAKES Stake account HxKNaAANizf3no5wckDiLigBYTxQ2S8SeNozjiob5v35 is de-activating:  0.31727138
2024-09-26T05:55:25.501Z STAKES Stake account DecKH4dxjLTJY2jFAPTiyTDmeW8AXaxQW3uEZz9Rx8d4 is de-activating:  1.060259136
2024-09-26T05:55:25.501Z STAKES Stake account AqzCjMgPQdMCcNMtNjfLrm6LMjrKrhufg1Yw462V3p5d is de-activating:  0.022951513
2024-09-26T05:55:25.501Z STAKES Stake account 3GiriQxvEwCHmJQm3HXB73vPezRE4uBj2QyNT638C3QL is de-activating:  0.007366828
2024-09-26T05:55:25.501Z STAKES Stake account 7pXoZ6SriKwgGorCfGozdj9yjQ8pEEtj21aNn61DACxp is de-activating:  52.853213397
2024-09-26T05:55:25.502Z STAKES Stake account 82nVtZuH9QjRqtyCianGqr8aXubVNeyHCz2Yz9PhSjvN is de-activating:  2.649705056
2024-09-26T05:55:25.502Z STAKES Stake account 8Jvjg2RBxWZxAeEetBv7szo67PAP3HJ4M6YSosdSWVd5 is de-activating:  2.316337083
2024-09-26T05:55:25.502Z STAKES Stake account Ff4hu56rD2dkavGe3BgAv4E9N8se6p6iyJqRdt5zEt6Y is de-activating:  2.111136569
2024-09-26T05:55:25.502Z STAKES Stake account 9Z4dCgQa3NBuTtv91KVws15irinNRN9JwNkmF1ExXmSp is de-activating:  14.23410671
2024-09-26T05:55:25.502Z STAKES Stake account EEBnS7Eku1c76zci93SDQPxiqBPTyaVXZHCkfLfmm44b is de-activating:  3.187677519
2024-09-26T05:55:25.502Z STAKES Stake account FNf2FsCPdSBHcEKJKkDhFmDPQDwftKGZ4R9f5y1qraGi is de-activating:  74.949734089
2024-09-26T05:55:25.502Z STAKES Stake account 8bCAGQzXRqcr7qxD3MP4bcd3c38VpgyHKa1HRfP54TqL is de-activating:  211.415658004
2024-09-26T05:55:25.502Z STAKES Stake account 57QmHLYu6umq4hpD1pmzjRcs7gcqftV8m3rttXVueuL3 is de-activating:  1.504343747
2024-09-26T05:55:25.503Z STAKES Stake account Cx4UZfxynM1maBUBuJFeTnH6RnPVmGfvMJekhbG2cnuV is de-activating:  0.003355572
2024-09-26T05:55:25.503Z STAKES Stake account TMTBNdZMZpJsj2uuabk3MdBhBrcyzz43GH5q9hegWTw is de-activating:  0.002693583
2024-09-26T05:55:25.503Z STAKES Stake account YcosCGcFsSuf38LPLM41agtDmsf5FKDMPA35sUUZzED is de-activating:  106.089987875
2024-09-26T05:55:25.503Z STAKES Stake account bxBfsYP96ZaKNHyY1L8N1KirNWixsnsTHJcSdUktiHL is de-activating:  22.200687142
2024-09-26T05:55:25.503Z STAKES Stake account grzW5PMmXocVyKTnzVXzZqpp7GPghbohp2wAgs6oKo5 is de-activating:  11.7912941
2024-09-26T05:55:25.503Z STAKES Stake account 21tasTZWFe3jEtM5tVt382JUZTaa32yimhPBVPTwiif3 is de-activating:  0.007311568
2024-09-26T05:55:25.503Z STAKES Stake account ACvHp2wvzRamJkcGqyZrgNaU2ShkcrmqxrAjjzJPBmuJ is de-activating:  0.00328288
2024-09-26T05:55:25.503Z STAKES Found:  0  accounts that can be de-activated delinquent validator AXA7ztxJGz77RHmocYQ6MEbPYHbpc3TmhtQqZGrdzqo1
2024-09-26T05:55:25.503Z FIND No deactivations possible for this validator
2024-09-26T05:55:25.791Z STAKES Found:  8  accounts for delinquent validator 7Tky1T9JDevVnNi9oF7tbq6T9KjRVdsMyrHusMKWbY4n
2024-09-26T05:55:25.791Z STAKES Stake account DLtQJzzAw1E4oSbLFY9XV418Vudc44B7MqTquTN4zNp7 is de-activated:  1.508496203
2024-09-26T05:55:25.791Z STAKES Stake account Cd2xvCAQFKDNFAmdpKjRE4GCEdajwNwJ5eFs76LQT3Ad is de-activating:  5.032787953
2024-09-26T05:55:25.791Z STAKES Stake account 2ithY2URchpUVWGEqRx9BJjui3Tqu6EtQKyvma1xzygB is de-activating:  6.000150055
2024-09-26T05:55:25.791Z STAKES Stake account 5K145yFrJSkVfBAVZ77APuoP2Kj5uvoJ2a8Hkuy3aVUh is de-activating:  0.003283745
2024-09-26T05:55:25.791Z STAKES Stake account CEjLLe5hvMVNf74hN3RxyBfhtSdiA5kVf6zbD69JgdpS is de-activating:  2.517535411
2024-09-26T05:55:25.791Z STAKES Stake account 2vjU3Ge49AUNsoiwvR65RnD6aFwN158ieDbuNsibVZci is de-activating:  15.000375223
2024-09-26T05:55:25.791Z STAKES Stake account 6oykKtrHSPi43w17izKRRofiQ2PrQQuiQuiPbZnCxA3m is de-activating:  15.007107751
2024-09-26T05:55:25.791Z STAKES Stake account EWoSDiWcnaF9a47WtiDwjLPsK8LaGSwQ6nrLjYPfp2CJ is de-activating:  0.00328288
2024-09-26T05:55:25.791Z STAKES Found:  0  accounts that can be de-activated delinquent validator 7Tky1T9JDevVnNi9oF7tbq6T9KjRVdsMyrHusMKWbY4n
2024-09-26T05:55:25.791Z FIND No deactivations possible for this validator
Server responded with 429 Too Many Requests.  Retrying after 500ms delay...
Server responded with 429 Too Many Requests.  Retrying after 1000ms delay...
Server responded with 429 Too Many Requests.  Retrying after 2000ms delay...
Server responded with 429 Too Many Requests.  Retrying after 4000ms delay...
2024-09-26T05:55:34.294Z FIND Error processing validator DDyikTKaM6RW8PZes38aULUeZkWCtecPZt2pmGCby5Q4 429 Too Many Requests:  {"jsonrpc":"2.0","error":{"code": 429, "message":"Too many requests for a specific RPC call"}, "id": "31930837-f4cf-49f5-a685-7dad074d025a" } 
 Error: 429 Too Many Requests:  {"jsonrpc":"2.0","error":{"code": 429, "message":"Too many requests for a specific RPC call"}, "id": "31930837-f4cf-49f5-a685-7dad074d025a" } 

    at ClientBrowser.callServer (/home/runner/work/solana-deactivate-delinquent/solana-deactivate-delinquent/node_modules/.pnpm/@solana+web3.js@1.87.6/node_modules/@solana/web3.js/lib/index.cjs.js:6474:18)
    at process.processTicksAndRejections (node:internal/process/task_queues:95:5)
Server responded with 429 Too Many Requests.  Retrying after 500ms delay...
Server responded with 429 Too Many Requests.  Retrying after 1000ms delay...
Server responded with 429 Too Many Requests.  Retrying after 2000ms delay...
Server responded with 429 Too Many Requests.  Retrying after 4000ms delay...
2024-09-26T05:55:42.961Z FIND Error processing validator 8M7fvH3pXSrDK8xaNXLN6kNxaAL3J4niRqPvzQru7X4w 429 Too Many Requests:  {"jsonrpc":"2.0","error":{"code": 429, "message":"Too many requests for a specific RPC call"}, "id": "493442f0-a0ff-448b-b1f9-95c7c90d8bed" } 
 Error: 429 Too Many Requests:  {"jsonrpc":"2.0","error":{"code": 429, "message":"Too many requests for a specific RPC call"}, "id": "493442f0-a0ff-448b-b1f9-95c7c90d8bed" } 

    at ClientBrowser.callServer (/home/runner/work/solana-deactivate-delinquent/solana-deactivate-delinquent/node_modules/.pnpm/@solana+web3.js@1.87.6/node_modules/@solana/web3.js/lib/index.cjs.js:6474:18)
    at process.processTicksAndRejections (node:internal/process/task_queues:95:5)
Server responded with 429 Too Many Requests.  Retrying after 500ms delay...
Server responded with 429 Too Many Requests.  Retrying after 1000ms delay...
Server responded with 429 Too Many Requests.  Retrying after 2000ms delay...
Server responded with 429 Too Many Requests.  Retrying after 4000ms delay...
2024-09-26T05:55:51.403Z FIND Error processing validator Uqt9NeBe9LsYThG9S64pG2s3nsJ8nCLvnWtJNC6rKKA 429 Too Many Requests:  {"jsonrpc":"2.0","error":{"code": 429, "message":"Too many requests for a specific RPC call"}, "id": "0d1721d8-a5a2-48a8-81f4-a599846a44c9" } 
 Error: 429 Too Many Requests:  {"jsonrpc":"2.0","error":{"code": 429, "message":"Too many requests for a specific RPC call"}, "id": "0d1721d8-a5a2-48a8-81f4-a599846a44c9" } 

    at ClientBrowser.callServer (/home/runner/work/solana-deactivate-delinquent/solana-deactivate-delinquent/node_modules/.pnpm/@solana+web3.js@1.87.6/node_modules/@solana/web3.js/lib/index.cjs.js:6474:18)
    at process.processTicksAndRejections (node:internal/process/task_queues:95:5)
Server responded with 429 Too Many Requests.  Retrying after 500ms delay...
Server responded with 429 Too Many Requests.  Retrying after 1000ms delay...
Server responded with 429 Too Many Requests.  Retrying after 2000ms delay...
2024-09-26T05:55:55.670Z STAKES Found:  1  accounts for delinquent validator 3PUJztwgkqpk1Dx6FAXjUsn1MmAyRaL35fZFQpi8N2WS
2024-09-26T05:55:55.670Z STAKES Stake account 6kANGRBJbKE48xFYCm8zSLNDaCkFBAy7TvUG6PzfsfeX is activated:  0.002282881
2024-09-26T05:55:55.670Z STAKES Found:  1  accounts that can be de-activated delinquent validator 3PUJztwgkqpk1Dx6FAXjUsn1MmAyRaL35fZFQpi8N2WS
2024-09-26T05:55:55.860Z DEACTIVATE Blockhash: EVyqgRcHNtCkM123pwfsJK5zNHgv8s4YEYiyuWffPAwt
2024-09-26T05:55:55.937Z DEACTIVATE Sent tx: aZ6E2nYMMDRTdjdyUCdqFUWgvKPKejfJD22CBwibaR8wUfjHfw6irUpxMTdNrKo8TVj1nFy57fvLdXyHLY2GJmf https://explorer.solana.com/tx/aZ6E2nYMMDRTdjdyUCdqFUWgvKPKejfJD22CBwibaR8wUfjHfw6irUpxMTdNrKo8TVj1nFy57fvLdXyHLY2GJmf
2024-09-26T05:55:56.041Z DEACTIVATE Waiting for confirmations...
2024-09-26T05:56:27.014Z DEACTIVATE Confirmed.
2024-09-26T05:56:27.015Z FIND Deactivated stake accounts with total balance:
2024-09-26T05:56:27.226Z STAKES Found:  1  accounts for delinquent validator 5omuaCZDAyg9nutmRozSKXAq8QtccevGqyPjTYGKYCif
2024-09-26T05:56:27.227Z STAKES Stake account GwSYjDQcqK9G82GKcNM1vbJiADKyWpMEUnXh8r9tASLW is activated:  0.002282881
2024-09-26T05:56:27.227Z STAKES Found:  1  accounts that can be de-activated delinquent validator 5omuaCZDAyg9nutmRozSKXAq8QtccevGqyPjTYGKYCif
2024-09-26T05:56:27.415Z DEACTIVATE Blockhash: ANDpi57qQsF39Qn7Q3BixWZNP4UWVacNzncZYbbocp1d
2024-09-26T05:56:27.483Z DEACTIVATE Sent tx: nfFCdr1rxKaavvgvUn4e9vaXAT1A63yu6jP1QhCgXGBNW8YHD7jE9V2ZFFs7paJ8CGuEZhzq9qruK1MVdWtoLSy https://explorer.solana.com/tx/nfFCdr1rxKaavvgvUn4e9vaXAT1A63yu6jP1QhCgXGBNW8YHD7jE9V2ZFFs7paJ8CGuEZhzq9qruK1MVdWtoLSy
2024-09-26T05:56:27.584Z DEACTIVATE Waiting for confirmations...
2024-09-26T05:56:51.875Z DEACTIVATE Confirmed.
2024-09-26T05:56:51.875Z FIND Deactivated stake accounts with total balance:
2024-09-26T05:56:52.065Z STAKES Found:  1  accounts for delinquent validator GeAakdM3EaC9myuy9Lmtv6DGxHiXGekx7CxNr8jdeuNx
2024-09-26T05:56:52.065Z STAKES Stake account 5kTyQ1ZLx8EhZ2uAJVBx893qrj2svP6DNN8bgHHVS7gN is de-activating:  0.002282881
2024-09-26T05:56:52.065Z STAKES Found:  0  accounts that can be de-activated delinquent validator GeAakdM3EaC9myuy9Lmtv6DGxHiXGekx7CxNr8jdeuNx
2024-09-26T05:56:52.065Z FIND No deactivations possible for this validator
2024-09-26T05:56:52.253Z STAKES Found:  1  accounts for delinquent validator 8qq9tw5QpoWnAh9hK5Uzkt4YC2Hygpeyd5iQZTocSBYD
2024-09-26T05:56:52.253Z STAKES Stake account CprhassuCigom1hgrSi6ioMpvamShWgUaK5vTpKtLHH3 is de-activating:  0.002282881
2024-09-26T05:56:52.253Z STAKES Found:  0  accounts that can be de-activated delinquent validator 8qq9tw5QpoWnAh9hK5Uzkt4YC2Hygpeyd5iQZTocSBYD
2024-09-26T05:56:52.253Z FIND No deactivations possible for this validator
Server responded with 429 Too Many Requests.  Retrying after 500ms delay...
Server responded with 429 Too Many Requests.  Retrying after 1000ms delay...
Server responded with 429 Too Many Requests.  Retrying after 2000ms delay...
Server responded with 429 Too Many Requests.  Retrying after 4000ms delay...
2024-09-26T05:57:00.593Z FIND Error processing validator DD4k6dMPn6VSy5BpGQSb4ansEDyGbXbzxx1g71PHLzEF 429 Too Many Requests:  {"jsonrpc":"2.0","error":{"code": 429, "message":"Too many requests for a specific RPC call"}, "id": "fc539cde-778b-46f9-80de-ed5ebf606358" } 
 Error: 429 Too Many Requests:  {"jsonrpc":"2.0","error":{"code": 429, "message":"Too many requests for a specific RPC call"}, "id": "fc539cde-778b-46f9-80de-ed5ebf606358" } 

    at ClientBrowser.callServer (/home/runner/work/solana-deactivate-delinquent/solana-deactivate-delinquent/node_modules/.pnpm/@solana+web3.js@1.87.6/node_modules/@solana/web3.js/lib/index.cjs.js:6474:18)
    at process.processTicksAndRejections (node:internal/process/task_queues:95:5)
Server responded with 429 Too Many Requests.  Retrying after 500ms delay...
Server responded with 429 Too Many Requests.  Retrying after 1000ms delay...
Server responded with 429 Too Many Requests.  Retrying after 2000ms delay...
Server responded with 429 Too Many Requests.  Retrying after 4000ms delay...
2024-09-26T05:57:09.035Z FIND Error processing validator 3jujgVKtL9vaDVkvUpmTMfdccTPbzsw1UeJh4p8A8AeA 429 Too Many Requests:  {"jsonrpc":"2.0","error":{"code": 429, "message":"Too many requests for a specific RPC call"}, "id": "ec7e8e29-e891-4631-9bea-e45db2470826" } 
 Error: 429 Too Many Requests:  {"jsonrpc":"2.0","error":{"code": 429, "message":"Too many requests for a specific RPC call"}, "id": "ec7e8e29-e891-4631-9bea-e45db2470826" } 

    at ClientBrowser.callServer (/home/runner/work/solana-deactivate-delinquent/solana-deactivate-delinquent/node_modules/.pnpm/@solana+web3.js@1.87.6/node_modules/@solana/web3.js/lib/index.cjs.js:6474:18)
    at process.processTicksAndRejections (node:internal/process/task_queues:95:5)
Server responded with 429 Too Many Requests.  Retrying after 500ms delay...
Server responded with 429 Too Many Requests.  Retrying after 1000ms delay...
Server responded with 429 Too Many Requests.  Retrying after 2000ms delay...
Server responded with 429 Too Many Requests.  Retrying after 4000ms delay...
2024-09-26T05:57:17.518Z FIND Error processing validator SPZQ7mAJZQDHd7zyVNjDWHG6Hg9jkNCnQ2g1Rvfdmwt 429 Too Many Requests:  {"jsonrpc":"2.0","error":{"code": 429, "message":"Too many requests for a specific RPC call"}, "id": "9fbe8ed0-d0f3-4359-92c5-e25a9219a8bc" } 
 Error: 429 Too Many Requests:  {"jsonrpc":"2.0","error":{"code": 429, "message":"Too many requests for a specific RPC call"}, "id": "9fbe8ed0-d0f3-4359-92c5-e25a9219a8bc" } 

    at ClientBrowser.callServer (/home/runner/work/solana-deactivate-delinquent/solana-deactivate-delinquent/node_modules/.pnpm/@solana+web3.js@1.87.6/node_modules/@solana/web3.js/lib/index.cjs.js:6474:18)
    at process.processTicksAndRejections (node:internal/process/task_queues:95:5)
Server responded with 429 Too Many Requests.  Retrying after 500ms delay...
Server responded with 429 Too Many Requests.  Retrying after 1000ms delay...
Server responded with 429 Too Many Requests.  Retrying after 2000ms delay...
Server responded with 429 Too Many Requests.  Retrying after 4000ms delay...
2024-09-26T05:57:25.963Z FIND Error processing validator 85RFFFZiCbfDnBdoSaNvh2LF67sWKd8uRNzXmGFFvaXM 429 Too Many Requests:  {"jsonrpc":"2.0","error":{"code": 429, "message":"Too many requests for a specific RPC call"}, "id": "0022f8bd-3151-47cb-a3b6-6116ef06eabe" } 
 Error: 429 Too Many Requests:  {"jsonrpc":"2.0","error":{"code": 429, "message":"Too many requests for a specific RPC call"}, "id": "0022f8bd-3151-47cb-a3b6-6116ef06eabe" } 

    at ClientBrowser.callServer (/home/runner/work/solana-deactivate-delinquent/solana-deactivate-delinquent/node_modules/.pnpm/@solana+web3.js@1.87.6/node_modules/@solana/web3.js/lib/index.cjs.js:6474:18)
    at process.processTicksAndRejections (node:internal/process/task_queues:95:5)
Server responded with 429 Too Many Requests.  Retrying after 500ms delay...
Server responded with 429 Too Many Requests.  Retrying after 1000ms delay...
Server responded with 429 Too Many Requests.  Retrying after 2000ms delay...
Server responded with 429 Too Many Requests.  Retrying after 4000ms delay...
2024-09-26T05:57:34.443Z STAKES Found:  1  accounts for delinquent validator TH5NmhGi7RPZebUgarGCZZk7h7ZyV9otr1u6GrtLXsM
2024-09-26T05:57:34.443Z STAKES Stake account F4YdnrwQVfLKhT1MK7qFvEYRLvYxNcSZL3z2fkKN8TAR is activated:  0.002282881
2024-09-26T05:57:34.443Z STAKES Found:  1  accounts that can be de-activated delinquent validator TH5NmhGi7RPZebUgarGCZZk7h7ZyV9otr1u6GrtLXsM
2024-09-26T05:57:34.630Z DEACTIVATE Blockhash: Ggt8jQiFnVhDMJjENq4pTsYZGc3QYPTpEjEcciEFHhts
2024-09-26T05:57:34.697Z DEACTIVATE Sent tx: 3PWgPho1zLK2MbdRtquZEXEmpdrE1BKr1mR3F2muT1H5tx1AR5qKS6JMGKfCiN9nVzT5mUyiRNynySaCsUD8AJjD https://explorer.solana.com/tx/3PWgPho1zLK2MbdRtquZEXEmpdrE1BKr1mR3F2muT1H5tx1AR5qKS6JMGKfCiN9nVzT5mUyiRNynySaCsUD8AJjD
2024-09-26T05:57:34.799Z DEACTIVATE Waiting for confirmations...
2024-09-26T05:57:57.067Z DEACTIVATE Confirmed.
2024-09-26T05:57:57.067Z FIND Deactivated stake accounts with total balance:
2024-09-26T05:57:57.257Z STAKES Found:  1  accounts for delinquent validator GuThGBuwCxeoCeRb1yp3idtd7BkGFtTUCaqGkapbiSFu
2024-09-26T05:57:57.257Z STAKES Stake account BjNoE47PjE93wYndj99Fx3tecaX9KF4NytDkSvrbxeQZ is de-activating:  0.002282881
2024-09-26T05:57:57.257Z STAKES Found:  0  accounts that can be de-activated delinquent validator GuThGBuwCxeoCeRb1yp3idtd7BkGFtTUCaqGkapbiSFu
2024-09-26T05:57:57.257Z FIND No deactivations possible for this validator
2024-09-26T05:57:57.447Z STAKES Found:  1  accounts for delinquent validator 9cqgReCAzkszADM9qvLixANPTotFRrjB1z9GJQZm5Weu
2024-09-26T05:57:57.447Z STAKES Stake account 4e5Y6u5vSZLgaaM1vrtcMoXEeTShPqraBURGrrhxkDjV is de-activating:  0.002282881
2024-09-26T05:57:57.447Z STAKES Found:  0  accounts that can be de-activated delinquent validator 9cqgReCAzkszADM9qvLixANPTotFRrjB1z9GJQZm5Weu
2024-09-26T05:57:57.447Z FIND No deactivations possible for this validator
Server responded with 429 Too Many Requests.  Retrying after 500ms delay...
Server responded with 429 Too Many Requests.  Retrying after 1000ms delay...
Server responded with 429 Too Many Requests.  Retrying after 2000ms delay...
Server responded with 429 Too Many Requests.  Retrying after 4000ms delay...
2024-09-26T05:58:05.778Z STAKES Found:  1  accounts for delinquent validator 7rRvt7YBMyoKqxKibbpLJEBnA1iWwD9QXAhD8CqqC8fd
2024-09-26T05:58:05.778Z STAKES Stake account 4Qnee9gpGCGFmm1hqDkB7Fja6KmTA7pmp1JGbXKB7dYn is de-activating:  0.002282881
2024-09-26T05:58:05.778Z STAKES Found:  0  accounts that can be de-activated delinquent validator 7rRvt7YBMyoKqxKibbpLJEBnA1iWwD9QXAhD8CqqC8fd
2024-09-26T05:58:05.778Z FIND No deactivations possible for this validator
2024-09-26T05:58:05.966Z STAKES Found:  1  accounts for delinquent validator diTNtixiNhRoTRSKTB7FPCBRCxChxs76WEuejB4hyfX
2024-09-26T05:58:05.966Z STAKES Stake account 74Q5Rfd2tq2KDpV2XenbF77WQ6BuyQFVnWbPXMAoRGWk is de-activating:  0.002282881
2024-09-26T05:58:05.966Z STAKES Found:  0  accounts that can be de-activated delinquent validator diTNtixiNhRoTRSKTB7FPCBRCxChxs76WEuejB4hyfX
2024-09-26T05:58:05.966Z FIND No deactivations possible for this validator
Server responded with 429 Too Many Requests.  Retrying after 500ms delay...
Server responded with 429 Too Many Requests.  Retrying after 1000ms delay...
Server responded with 429 Too Many Requests.  Retrying after 2000ms delay...
Server responded with 429 Too Many Requests.  Retrying after 4000ms delay...
2024-09-26T05:58:14.297Z FIND Error processing validator 9PqDDUdnp8yQxmNBLZUkiviEFTqdkVHFtuxYecGPFrgJ 429 Too Many Requests:  {"jsonrpc":"2.0","error":{"code": 429, "message":"Too many requests for a specific RPC call"}, "id": "a4adaf8c-dfcc-43da-a322-d84ae626703e" } 
 Error: 429 Too Many Requests:  {"jsonrpc":"2.0","error":{"code": 429, "message":"Too many requests for a specific RPC call"}, "id": "a4adaf8c-dfcc-43da-a322-d84ae626703e" } 

    at ClientBrowser.callServer (/home/runner/work/solana-deactivate-delinquent/solana-deactivate-delinquent/node_modules/.pnpm/@solana+web3.js@1.87.6/node_modules/@solana/web3.js/lib/index.cjs.js:6474:18)
    at process.processTicksAndRejections (node:internal/process/task_queues:95:5)
Server responded with 429 Too Many Requests.  Retrying after 500ms delay...
Server responded with 429 Too Many Requests.  Retrying after 1000ms delay...
Server responded with 429 Too Many Requests.  Retrying after 2000ms delay...
Server responded with 429 Too Many Requests.  Retrying after 4000ms delay...
2024-09-26T05:58:22.744Z FIND Error processing validator 9SNtHX34DoHZsY16AY4ZufxFHygjkeR55KmDGrSH4arQ 429 Too Many Requests:  {"jsonrpc":"2.0","error":{"code": 429, "message":"Too many requests for a specific RPC call"}, "id": "4dde5fa8-edc0-4719-b28e-a8eb42c97b98" } 
 Error: 429 Too Many Requests:  {"jsonrpc":"2.0","error":{"code": 429, "message":"Too many requests for a specific RPC call"}, "id": "4dde5fa8-edc0-4719-b28e-a8eb42c97b98" } 

    at ClientBrowser.callServer (/home/runner/work/solana-deactivate-delinquent/solana-deactivate-delinquent/node_modules/.pnpm/@solana+web3.js@1.87.6/node_modules/@solana/web3.js/lib/index.cjs.js:6474:18)
    at process.processTicksAndRejections (node:internal/process/task_queues:95:5)
Server responded with 429 Too Many Requests.  Retrying after 500ms delay...
Server responded with 429 Too Many Requests.  Retrying after 1000ms delay...
Server responded with 429 Too Many Requests.  Retrying after 2000ms delay...
Server responded with 429 Too Many Requests.  Retrying after 4000ms delay...
2024-09-26T05:58:31.200Z FIND Error processing validator 9Py4dL4KEa61g526bbZgHrQziEvPNg1S3ii2dsSynowh 429 Too Many Requests:  {"jsonrpc":"2.0","error":{"code": 429, "message":"Too many requests for a specific RPC call"}, "id": "05d50049-a32a-4e9c-b487-0154d9b3d78d" } 
 Error: 429 Too Many Requests:  {"jsonrpc":"2.0","error":{"code": 429, "message":"Too many requests for a specific RPC call"}, "id": "05d50049-a32a-4e9c-b487-0154d9b3d78d" } 

    at ClientBrowser.callServer (/home/runner/work/solana-deactivate-delinquent/solana-deactivate-delinquent/node_modules/.pnpm/@solana+web3.js@1.87.6/node_modules/@solana/web3.js/lib/index.cjs.js:6474:18)
    at process.processTicksAndRejections (node:internal/process/task_queues:95:5)
Server responded with 429 Too Many Requests.  Retrying after 500ms delay...
Server responded with 429 Too Many Requests.  Retrying after 1000ms delay...
Server responded with 429 Too Many Requests.  Retrying after 2000ms delay...
Server responded with 429 Too Many Requests.  Retrying after 4000ms delay...
2024-09-26T05:58:39.685Z FIND Error processing validator 713hC8PyHeYkHYobyN9D985QeFMoxYbYGLPtUqYevGws 429 Too Many Requests:  {"jsonrpc":"2.0","error":{"code": 429, "message":"Too many requests for a specific RPC call"}, "id": "9096d6a5-1736-44b6-b445-37c42cfeacd0" } 
 Error: 429 Too Many Requests:  {"jsonrpc":"2.0","error":{"code": 429, "message":"Too many requests for a specific RPC call"}, "id": "9096d6a5-1736-44b6-b445-37c42cfeacd0" } 

    at ClientBrowser.callServer (/home/runner/work/solana-deactivate-delinquent/solana-deactivate-delinquent/node_modules/.pnpm/@solana+web3.js@1.87.6/node_modules/@solana/web3.js/lib/index.cjs.js:6474:18)
    at process.processTicksAndRejections (node:internal/process/task_queues:95:5)
Server responded with 429 Too Many Requests.  Retrying after 500ms delay...
Server responded with 429 Too Many Requests.  Retrying after 1000ms delay...
Server responded with 429 Too Many Requests.  Retrying after 2000ms delay...
Server responded with 429 Too Many Requests.  Retrying after 4000ms delay...
2024-09-26T05:58:48.166Z FIND Error processing validator 9X8qdtYB1CfZ6L5JFcwZoyz6HusUpGC47BSdDcwYcaCs 429 Too Many Requests:  {"jsonrpc":"2.0","error":{"code": 429, "message":"Too many requests for a specific RPC call"}, "id": "03215b8a-8317-4b70-bdd5-87aec332433a" } 
 Error: 429 Too Many Requests:  {"jsonrpc":"2.0","error":{"code": 429, "message":"Too many requests for a specific RPC call"}, "id": "03215b8a-8317-4b70-bdd5-87aec332433a" } 

    at ClientBrowser.callServer (/home/runner/work/solana-deactivate-delinquent/solana-deactivate-delinquent/node_modules/.pnpm/@solana+web3.js@1.87.6/node_modules/@solana/web3.js/lib/index.cjs.js:6474:18)
    at process.processTicksAndRejections (node:internal/process/task_queues:95:5)
Server responded with 429 Too Many Requests.  Retrying after 500ms delay...
Server responded with 429 Too Many Requests.  Retrying after 1000ms delay...
Server responded with 429 Too Many Requests.  Retrying after 2000ms delay...
Server responded with 429 Too Many Requests.  Retrying after 4000ms delay...
2024-09-26T05:58:56.636Z FIND Error processing validator 6qh4syVPTGdZVrHAXsc2MtAxNEiHHHQqxMqZEgRfHxZ3 429 Too Many Requests:  {"jsonrpc":"2.0","error":{"code": 429, "message":"Too many requests for a specific RPC call"}, "id": "ffb363e2-b7e4-4125-94d3-84bae8317d26" } 
 Error: 429 Too Many Requests:  {"jsonrpc":"2.0","error":{"code": 429, "message":"Too many requests for a specific RPC call"}, "id": "ffb363e2-b7e4-4125-94d3-84bae8317d26" } 

    at ClientBrowser.callServer (/home/runner/work/solana-deactivate-delinquent/solana-deactivate-delinquent/node_modules/.pnpm/@solana+web3.js@1.87.6/node_modules/@solana/web3.js/lib/index.cjs.js:6474:18)
    at process.processTicksAndRejections (node:internal/process/task_queues:95:5)
Server responded with 429 Too Many Requests.  Retrying after 500ms delay...
Server responded with 429 Too Many Requests.  Retrying after 1000ms delay...
Server responded with 429 Too Many Requests.  Retrying after 2000ms delay...
Server responded with 429 Too Many Requests.  Retrying after 4000ms delay...
2024-09-26T05:59:05.096Z FIND Error processing validator Dxsyvpi7dsNMUgxSBzCmfSP7BpnEXs1u7fLXfDBH4eQD 429 Too Many Requests:  {"jsonrpc":"2.0","error":{"code": 429, "message":"Too many requests for a specific RPC call"}, "id": "3ec566ba-770a-4d4e-b74a-54927362a2eb" } 
 Error: 429 Too Many Requests:  {"jsonrpc":"2.0","error":{"code": 429, "message":"Too many requests for a specific RPC call"}, "id": "3ec566ba-770a-4d4e-b74a-54927362a2eb" } 

    at ClientBrowser.callServer (/home/runner/work/solana-deactivate-delinquent/solana-deactivate-delinquent/node_modules/.pnpm/@solana+web3.js@1.87.6/node_modules/@solana/web3.js/lib/index.cjs.js:6474:18)
    at process.processTicksAndRejections (node:internal/process/task_queues:95:5)
Server responded with 429 Too Many Requests.  Retrying after 500ms delay...
Server responded with 429 Too Many Requests.  Retrying after 1000ms delay...
Server responded with 429 Too Many Requests.  Retrying after 2000ms delay...
Server responded with 429 Too Many Requests.  Retrying after 4000ms delay...
2024-09-26T05:59:13.551Z FIND Error processing validator 7Sd1cSdTVgZbr9ybERxdeQVmwNddVo88zC99md6ft5tN 429 Too Many Requests:  {"jsonrpc":"2.0","error":{"code": 429, "message":"Too many requests for a specific RPC call"}, "id": "4fff90e9-034c-4335-9106-9ba179211e73" } 
 Error: 429 Too Many Requests:  {"jsonrpc":"2.0","error":{"code": 429, "message":"Too many requests for a specific RPC call"}, "id": "4fff90e9-034c-4335-9106-9ba179211e73" } 

    at ClientBrowser.callServer (/home/runner/work/solana-deactivate-delinquent/solana-deactivate-delinquent/node_modules/.pnpm/@solana+web3.js@1.87.6/node_modules/@solana/web3.js/lib/index.cjs.js:6474:18)
    at process.processTicksAndRejections (node:internal/process/task_queues:95:5)
Server responded with 429 Too Many Requests.  Retrying after 500ms delay...
Server responded with 429 Too Many Requests.  Retrying after 1000ms delay...
Server responded with 429 Too Many Requests.  Retrying after 2000ms delay...
Server responded with 429 Too Many Requests.  Retrying after 4000ms delay...
2024-09-26T05:59:21.994Z FIND Error processing validator FXRpG4jSNtmKita6NmYLbhWZNXoZGKhz7VACRa93ysQ8 429 Too Many Requests:  {"jsonrpc":"2.0","error":{"code": 429, "message":"Too many requests for a specific RPC call"}, "id": "8b96ef7c-e7e1-4ea1-8c9b-77698b276c0e" } 
 Error: 429 Too Many Requests:  {"jsonrpc":"2.0","error":{"code": 429, "message":"Too many requests for a specific RPC call"}, "id": "8b96ef7c-e7e1-4ea1-8c9b-77698b276c0e" } 

    at ClientBrowser.callServer (/home/runner/work/solana-deactivate-delinquent/solana-deactivate-delinquent/node_modules/.pnpm/@solana+web3.js@1.87.6/node_modules/@solana/web3.js/lib/index.cjs.js:6474:18)
    at process.processTicksAndRejections (node:internal/process/task_queues:95:5)
Server responded with 429 Too Many Requests.  Retrying after 500ms delay...
Server responded with 429 Too Many Requests.  Retrying after 1000ms delay...
Server responded with 429 Too Many Requests.  Retrying after 2000ms delay...
Server responded with 429 Too Many Requests.  Retrying after 4000ms delay...
2024-09-26T05:59:30.435Z FIND Error processing validator BjYWWh1yyvAZQFhYhYBnhoiyUwSSGbNVEHHz1V95jAhm 429 Too Many Requests:  {"jsonrpc":"2.0","error":{"code": 429, "message":"Too many requests for a specific RPC call"}, "id": "0d0f19f2-ee86-44fc-8ed1-439b7eb6bf01" } 
 Error: 429 Too Many Requests:  {"jsonrpc":"2.0","error":{"code": 429, "message":"Too many requests for a specific RPC call"}, "id": "0d0f19f2-ee86-44fc-8ed1-439b7eb6bf01" } 

    at ClientBrowser.callServer (/home/runner/work/solana-deactivate-delinquent/solana-deactivate-delinquent/node_modules/.pnpm/@solana+web3.js@1.87.6/node_modules/@solana/web3.js/lib/index.cjs.js:6474:18)
    at process.processTicksAndRejections (node:internal/process/task_queues:95:5)
Server responded with 429 Too Many Requests.  Retrying after 500ms delay...
Server responded with 429 Too Many Requests.  Retrying after 1000ms delay...
Server responded with 429 Too Many Requests.  Retrying after 2000ms delay...
Server responded with 429 Too Many Requests.  Retrying after 4000ms delay...
2024-09-26T05:59:38.895Z FIND Error processing validator 8GdySX8FWuefbSZSB6VYfT23H5JCdv7ySA8wWA3F8F4s 429 Too Many Requests:  {"jsonrpc":"2.0","error":{"code": 429, "message":"Too many requests for a specific RPC call"}, "id": "1b626332-bc9e-4e5e-a13b-36f80cb4ec2d" } 
 Error: 429 Too Many Requests:  {"jsonrpc":"2.0","error":{"code": 429, "message":"Too many requests for a specific RPC call"}, "id": "1b626332-bc9e-4e5e-a13b-36f80cb4ec2d" } 

    at ClientBrowser.callServer (/home/runner/work/solana-deactivate-delinquent/solana-deactivate-delinquent/node_modules/.pnpm/@solana+web3.js@1.87.6/node_modules/@solana/web3.js/lib/index.cjs.js:6474:18)
    at process.processTicksAndRejections (node:internal/process/task_queues:95:5)
Server responded with 429 Too Many Requests.  Retrying after 500ms delay...
Server responded with 429 Too Many Requests.  Retrying after 1000ms delay...
Server responded with 429 Too Many Requests.  Retrying after 2000ms delay...
Server responded with 429 Too Many Requests.  Retrying after 4000ms delay...
2024-09-26T05:59:47.362Z STAKES Found:  1  accounts for delinquent validator GwT7sTF3bCQrn4oyeV5bAgCZjC5Kz624JqCUdhj7nk1W
2024-09-26T05:59:47.363Z STAKES Stake account 39P3iq1TUb5dbXLT7qav4vqgixmdvTLoBh7LcwP6Upke is de-activating:  0.002282881
2024-09-26T05:59:47.363Z STAKES Found:  0  accounts that can be de-activated delinquent validator GwT7sTF3bCQrn4oyeV5bAgCZjC5Kz624JqCUdhj7nk1W
2024-09-26T05:59:47.363Z FIND No deactivations possible for this validator
2024-09-26T05:59:47.553Z STAKES Found:  1  accounts for delinquent validator 68Py729tjYf1mjPJg9fuCm3HdCejEAnYRShpWxtKgN5F
2024-09-26T05:59:47.553Z STAKES Stake account BdupZFcUhZg1fa2Q1NZYqXXAFX2fCEATvjfRKtDMeFjU is activated:  0.002282881
2024-09-26T05:59:47.553Z STAKES Found:  1  accounts that can be de-activated delinquent validator 68Py729tjYf1mjPJg9fuCm3HdCejEAnYRShpWxtKgN5F
2024-09-26T05:59:47.617Z DEACTIVATE Blockhash: GTzDXkfb6ft9WSVDSB4EvihD1U1qh9cFwaorjUnmg7Vu
2024-09-26T05:59:47.692Z DEACTIVATE Sent tx: 5RjShHUUMpa8KF1DY6PM9vmGcrGWmxvh7fAcBXWmX2no1SuffUtGnaEz8s2FaZTYPz833ZRnCYvqAEeHhgVFatxR https://explorer.solana.com/tx/5RjShHUUMpa8KF1DY6PM9vmGcrGWmxvh7fAcBXWmX2no1SuffUtGnaEz8s2FaZTYPz833ZRnCYvqAEeHhgVFatxR
2024-09-26T05:59:47.794Z DEACTIVATE Waiting for confirmations...
2024-09-26T06:00:05.469Z DEACTIVATE Confirmed.
2024-09-26T06:00:05.469Z FIND Deactivated stake accounts with total balance:
2024-09-26T06:00:05.659Z STAKES Found:  1  accounts for delinquent validator 8nBL11XWJMEcDTq6ELVZ1qWa1DWNG7j54FgvviyRWE1D
2024-09-26T06:00:05.659Z STAKES Stake account 2MG4o7ayNW1Q6QFqftYmkptd3Wr1i1ijmaLzGAjy1gYt is de-activating:  0.002282881
2024-09-26T06:00:05.659Z STAKES Found:  0  accounts that can be de-activated delinquent validator 8nBL11XWJMEcDTq6ELVZ1qWa1DWNG7j54FgvviyRWE1D
2024-09-26T06:00:05.659Z FIND No deactivations possible for this validator
2024-09-26T06:00:05.861Z STAKES Found:  1  accounts for delinquent validator BbSV8Xdt6oEJ9CM2ecutRAMRjmApszkJhn97XC9U9fnK
2024-09-26T06:00:05.861Z STAKES Stake account GoorUTPTPcYqk2zW41XWgj9DE847f6TEF8iBtUfuignR is de-activating:  0.002282881
2024-09-26T06:00:05.861Z STAKES Found:  0  accounts that can be de-activated delinquent validator BbSV8Xdt6oEJ9CM2ecutRAMRjmApszkJhn97XC9U9fnK
2024-09-26T06:00:05.861Z FIND No deactivations possible for this validator
Server responded with 429 Too Many Requests.  Retrying after 500ms delay...
Server responded with 429 Too Many Requests.  Retrying after 1000ms delay...
Server responded with 429 Too Many Requests.  Retrying after 2000ms delay...
Server responded with 429 Too Many Requests.  Retrying after 4000ms delay...
2024-09-26T06:00:14.195Z FIND Error processing validator 6iofqZZRkZvKuqtQ5XmDrPkbEV8cu3AbtPLC589ZKfrX 429 Too Many Requests:  {"jsonrpc":"2.0","error":{"code": 429, "message":"Too many requests for a specific RPC call"}, "id": "9177c101-12a4-43a5-872b-153e52d08e97" } 
 Error: 429 Too Many Requests:  {"jsonrpc":"2.0","error":{"code": 429, "message":"Too many requests for a specific RPC call"}, "id": "9177c101-12a4-43a5-872b-153e52d08e97" } 

    at ClientBrowser.callServer (/home/runner/work/solana-deactivate-delinquent/solana-deactivate-delinquent/node_modules/.pnpm/@solana+web3.js@1.87.6/node_modules/@solana/web3.js/lib/index.cjs.js:6474:18)
    at process.processTicksAndRejections (node:internal/process/task_queues:95:5)
Server responded with 429 Too Many Requests.  Retrying after 500ms delay...
Server responded with 429 Too Many Requests.  Retrying after 1000ms delay...
Server responded with 429 Too Many Requests.  Retrying after 2000ms delay...
2024-09-26T06:00:18.467Z STAKES Found:  1  accounts for delinquent validator GtuK529GrWRdktAnGSNLsBau7reojdYyP1WBm35SAXgC
2024-09-26T06:00:18.467Z STAKES Stake account 8PiroiGid4fFkABibxcV6J2TjosHWqVtbovRhbTPCe5F is de-activating:  0.002282881
2024-09-26T06:00:18.467Z STAKES Found:  0  accounts that can be de-activated delinquent validator GtuK529GrWRdktAnGSNLsBau7reojdYyP1WBm35SAXgC
2024-09-26T06:00:18.468Z FIND No deactivations possible for this validator
2024-09-26T06:00:18.657Z STAKES Found:  1  accounts for delinquent validator H9LewK8VxCnfLG7rQqwogWqFqa9h5qqvizRCQiu7Y5rY
2024-09-26T06:00:18.657Z STAKES Stake account 9CX5CdAMhu1H38s3zmZxNSLRTDWxZhfJQo4khHd1Z4MY is de-activating:  0.002282881
2024-09-26T06:00:18.657Z STAKES Found:  0  accounts that can be de-activated delinquent validator H9LewK8VxCnfLG7rQqwogWqFqa9h5qqvizRCQiu7Y5rY
2024-09-26T06:00:18.657Z FIND No deactivations possible for this validator
Server responded with 429 Too Many Requests.  Retrying after 500ms delay...
Server responded with 429 Too Many Requests.  Retrying after 1000ms delay...
Server responded with 429 Too Many Requests.  Retrying after 2000ms delay...
Server responded with 429 Too Many Requests.  Retrying after 4000ms delay...
2024-09-26T06:00:26.973Z FIND Error processing validator FbRosCwR5zW7RLMd2DzQ9Pwfvp2cAaSYSa9LioXeDXy1 429 Too Many Requests:  {"jsonrpc":"2.0","error":{"code": 429, "message":"Too many requests for a specific RPC call"}, "id": "c41174da-4fe2-478b-934d-c83500c06303" } 
 Error: 429 Too Many Requests:  {"jsonrpc":"2.0","error":{"code": 429, "message":"Too many requests for a specific RPC call"}, "id": "c41174da-4fe2-478b-934d-c83500c06303" } 

    at ClientBrowser.callServer (/home/runner/work/solana-deactivate-delinquent/solana-deactivate-delinquent/node_modules/.pnpm/@solana+web3.js@1.87.6/node_modules/@solana/web3.js/lib/index.cjs.js:6474:18)
    at process.processTicksAndRejections (node:internal/process/task_queues:95:5)
Server responded with 429 Too Many Requests.  Retrying after 500ms delay...
Server responded with 429 Too Many Requests.  Retrying after 1000ms delay...
Server responded with 429 Too Many Requests.  Retrying after 2000ms delay...
Server responded with 429 Too Many Requests.  Retrying after 4000ms delay...
2024-09-26T06:00:35.474Z FIND Error processing validator CMsRrdUPjdXFLHLMxsxxVmh4W528jcnWQqXcHPW3x43j 429 Too Many Requests:  {"jsonrpc":"2.0","error":{"code": 429, "message":"Too many requests for a specific RPC call"}, "id": "a559091a-d262-451c-8701-c524498b0cf7" } 
 Error: 429 Too Many Requests:  {"jsonrpc":"2.0","error":{"code": 429, "message":"Too many requests for a specific RPC call"}, "id": "a559091a-d262-451c-8701-c524498b0cf7" } 

    at ClientBrowser.callServer (/home/runner/work/solana-deactivate-delinquent/solana-deactivate-delinquent/node_modules/.pnpm/@solana+web3.js@1.87.6/node_modules/@solana/web3.js/lib/index.cjs.js:6474:18)
    at process.processTicksAndRejections (node:internal/process/task_queues:95:5)
Server responded with 429 Too Many Requests.  Retrying after 500ms delay...
Server responded with 429 Too Many Requests.  Retrying after 1000ms delay...
Server responded with 429 Too Many Requests.  Retrying after 2000ms delay...
Server responded with 429 Too Many Requests.  Retrying after 4000ms delay...
2024-09-26T06:00:44.010Z FIND Error processing validator 8VdqPXjRWywAwnhPxuoYV6Jrw15HJP3sEAp1M3GnuDuF 429 Too Many Requests:  {"jsonrpc":"2.0","error":{"code": 429, "message":"Too many requests for a specific RPC call"}, "id": "f2627e79-52b6-4d46-8784-d63a0712caea" } 
 Error: 429 Too Many Requests:  {"jsonrpc":"2.0","error":{"code": 429, "message":"Too many requests for a specific RPC call"}, "id": "f2627e79-52b6-4d46-8784-d63a0712caea" } 

    at ClientBrowser.callServer (/home/runner/work/solana-deactivate-delinquent/solana-deactivate-delinquent/node_modules/.pnpm/@solana+web3.js@1.87.6/node_modules/@solana/web3.js/lib/index.cjs.js:6474:18)
    at process.processTicksAndRejections (node:internal/process/task_queues:95:5)
Server responded with 429 Too Many Requests.  Retrying after 500ms delay...
Server responded with 429 Too Many Requests.  Retrying after 1000ms delay...
Server responded with 429 Too Many Requests.  Retrying after 2000ms delay...
Server responded with 429 Too Many Requests.  Retrying after 4000ms delay...
2024-09-26T06:00:52.515Z STAKES Found:  1  accounts for delinquent validator E7hyRaTAmb4e6muUXGd3ypB3ZHcGut3Ngpxm1ManLQmn
2024-09-26T06:00:52.515Z STAKES Stake account 9Qsg2H7mzDzKgWSTqxameHs927A4oqqosTXFiMYWDkiQ is de-activating:  0.002282881
2024-09-26T06:00:52.515Z STAKES Found:  0  accounts that can be de-activated delinquent validator E7hyRaTAmb4e6muUXGd3ypB3ZHcGut3Ngpxm1ManLQmn
2024-09-26T06:00:52.515Z FIND No deactivations possible for this validator
2024-09-26T06:00:52.705Z STAKES Found:  1  accounts for delinquent validator 7N4Sz9tHuLjivyk465aUfs4w5gV82ErCKjgnRPTbXa6s
2024-09-26T06:00:52.705Z STAKES Stake account HW9vvknHqZY4zBGpMfFtBbgNZFRchmgiXvd6WmPj2tf4 is de-activating:  0.002282881
2024-09-26T06:00:52.705Z STAKES Found:  0  accounts that can be de-activated delinquent validator 7N4Sz9tHuLjivyk465aUfs4w5gV82ErCKjgnRPTbXa6s
2024-09-26T06:00:52.705Z FIND No deactivations possible for this validator
Server responded with 429 Too Many Requests.  Retrying after 500ms delay...
Server responded with 429 Too Many Requests.  Retrying after 1000ms delay...
Server responded with 429 Too Many Requests.  Retrying after 2000ms delay...
Server responded with 429 Too Many Requests.  Retrying after 4000ms delay...
2024-09-26T06:01:01.035Z FIND Error processing validator Gx61qmf2xjPFpwPn9GPLNMPAxr4gZ6mup2YDzE3MwSec 429 Too Many Requests:  {"jsonrpc":"2.0","error":{"code": 429, "message":"Too many requests for a specific RPC call"}, "id": "5fb82de2-96f8-4038-86a5-8592b2632f85" } 
 Error: 429 Too Many Requests:  {"jsonrpc":"2.0","error":{"code": 429, "message":"Too many requests for a specific RPC call"}, "id": "5fb82de2-96f8-4038-86a5-8592b2632f85" } 

    at ClientBrowser.callServer (/home/runner/work/solana-deactivate-delinquent/solana-deactivate-delinquent/node_modules/.pnpm/@solana+web3.js@1.87.6/node_modules/@solana/web3.js/lib/index.cjs.js:6474:18)
    at process.processTicksAndRejections (node:internal/process/task_queues:95:5)
Server responded with 429 Too Many Requests.  Retrying after 500ms delay...
Server responded with 429 Too Many Requests.  Retrying after 1000ms delay...
Server responded with 429 Too Many Requests.  Retrying after 2000ms delay...
Server responded with 429 Too Many Requests.  Retrying after 4000ms delay...
2024-09-26T06:01:09.517Z FIND Error processing validator 685qv16TfRSkwkjM5or3JTEZaPstH3mNW36gFZA3FKc9 429 Too Many Requests:  {"jsonrpc":"2.0","error":{"code": 429, "message":"Too many requests for a specific RPC call"}, "id": "feba86a8-11c3-4cf1-9d28-646a8a19a9b1" } 
 Error: 429 Too Many Requests:  {"jsonrpc":"2.0","error":{"code": 429, "message":"Too many requests for a specific RPC call"}, "id": "feba86a8-11c3-4cf1-9d28-646a8a19a9b1" } 

    at ClientBrowser.callServer (/home/runner/work/solana-deactivate-delinquent/solana-deactivate-delinquent/node_modules/.pnpm/@solana+web3.js@1.87.6/node_modules/@solana/web3.js/lib/index.cjs.js:6474:18)
    at process.processTicksAndRejections (node:internal/process/task_queues:95:5)
Server responded with 429 Too Many Requests.  Retrying after 500ms delay...
Server responded with 429 Too Many Requests.  Retrying after 1000ms delay...
Server responded with 429 Too Many Requests.  Retrying after 2000ms delay...
Server responded with 429 Too Many Requests.  Retrying after 4000ms delay...
2024-09-26T06:01:17.988Z FIND Error processing validator EJ7vE3BA1SChJs5s3h598p1KUSLwkCGrszgZsArBgT1C 429 Too Many Requests:  {"jsonrpc":"2.0","error":{"code": 429, "message":"Too many requests for a specific RPC call"}, "id": "7e84a1bf-bcb0-4379-8ce2-bed52b5b6216" } 
 Error: 429 Too Many Requests:  {"jsonrpc":"2.0","error":{"code": 429, "message":"Too many requests for a specific RPC call"}, "id": "7e84a1bf-bcb0-4379-8ce2-bed52b5b6216" } 

    at ClientBrowser.callServer (/home/runner/work/solana-deactivate-delinquent/solana-deactivate-delinquent/node_modules/.pnpm/@solana+web3.js@1.87.6/node_modules/@solana/web3.js/lib/index.cjs.js:6474:18)
    at process.processTicksAndRejections (node:internal/process/task_queues:95:5)
Server responded with 429 Too Many Requests.  Retrying after 500ms delay...
Server responded with 429 Too Many Requests.  Retrying after 1000ms delay...
Server responded with 429 Too Many Requests.  Retrying after 2000ms delay...
Server responded with 429 Too Many Requests.  Retrying after 4000ms delay...
2024-09-26T06:01:26.466Z STAKES Found:  1  accounts for delinquent validator FwQrixNSWGmpp744EbKdFckjcKwvMWizYwsoZo8e6qWW
2024-09-26T06:01:26.467Z STAKES Stake account Hksw32t3DAS4JAcJBz7jM8Db8qkMkRdBZyXKRtkSXjyC is activated:  0.002282881
2024-09-26T06:01:26.467Z STAKES Found:  1  accounts that can be de-activated delinquent validator FwQrixNSWGmpp744EbKdFckjcKwvMWizYwsoZo8e6qWW
2024-09-26T06:01:26.655Z DEACTIVATE Blockhash: 2ZP9Mvfy9VTGSvLrSAWKY3wysWtqbCqaDFzvwSPtSgKM
2024-09-26T06:01:26.722Z DEACTIVATE Sent tx: 4VaXiPggxzZWRzh2VZonwbZaEjB6Cx6THLPVt1SKLXJckQp8NMdfiqmJTje3LQU5o9Y1vDQSLnw2aHXzJehxHyx4 https://explorer.solana.com/tx/4VaXiPggxzZWRzh2VZonwbZaEjB6Cx6THLPVt1SKLXJckQp8NMdfiqmJTje3LQU5o9Y1vDQSLnw2aHXzJehxHyx4
2024-09-26T06:01:26.823Z DEACTIVATE Waiting for confirmations...
2024-09-26T06:01:44.703Z DEACTIVATE Confirmed.
2024-09-26T06:01:44.703Z FIND Deactivated stake accounts with total balance:
2024-09-26T06:01:44.900Z STAKES Found:  1  accounts for delinquent validator FS33hJY77m4BWfjJ4s2xK5Bq9kLPpNRAbeD3J6hXLd4V
2024-09-26T06:01:44.900Z STAKES Stake account BT2x28gXuZHpCZnvLRxdPpwWk8ajQ6eyL3vVWRhVtD2k is de-activating:  0.002282881
2024-09-26T06:01:44.900Z STAKES Found:  0  accounts that can be de-activated delinquent validator FS33hJY77m4BWfjJ4s2xK5Bq9kLPpNRAbeD3J6hXLd4V
2024-09-26T06:01:44.900Z FIND No deactivations possible for this validator
2024-09-26T06:01:45.089Z STAKES Found:  1  accounts for delinquent validator GoMxSsZtYpG6ySeABvJ9mYoa9PqNxeBcry19ArbJusQd
2024-09-26T06:01:45.089Z STAKES Stake account 51kfBSiQz7M6nrfxuwMDyM8FmERN37RPQioX5iM6y9nS is de-activating:  0.002282881
2024-09-26T06:01:45.089Z STAKES Found:  0  accounts that can be de-activated delinquent validator GoMxSsZtYpG6ySeABvJ9mYoa9PqNxeBcry19ArbJusQd
2024-09-26T06:01:45.089Z FIND No deactivations possible for this validator
Server responded with 429 Too Many Requests.  Retrying after 500ms delay...
Server responded with 429 Too Many Requests.  Retrying after 1000ms delay...
Server responded with 429 Too Many Requests.  Retrying after 2000ms delay...
Server responded with 429 Too Many Requests.  Retrying after 4000ms delay...
2024-09-26T06:01:53.420Z FIND Error processing validator HsApTqQZvo2YKUTAezN4yeygu61A85TSyJoU69yegs51 429 Too Many Requests:  {"jsonrpc":"2.0","error":{"code": 429, "message":"Too many requests for a specific RPC call"}, "id": "cb4e90b1-af34-4e21-adcd-9b1692d3f131" } 
 Error: 429 Too Many Requests:  {"jsonrpc":"2.0","error":{"code": 429, "message":"Too many requests for a specific RPC call"}, "id": "cb4e90b1-af34-4e21-adcd-9b1692d3f131" } 

    at ClientBrowser.callServer (/home/runner/work/solana-deactivate-delinquent/solana-deactivate-delinquent/node_modules/.pnpm/@solana+web3.js@1.87.6/node_modules/@solana/web3.js/lib/index.cjs.js:6474:18)
    at process.processTicksAndRejections (node:internal/process/task_queues:95:5)
Server responded with 429 Too Many Requests.  Retrying after 500ms delay...
Server responded with 429 Too Many Requests.  Retrying after 1000ms delay...
Server responded with 429 Too Many Requests.  Retrying after 2000ms delay...
Server responded with 429 Too Many Requests.  Retrying after 4000ms delay...
2024-09-26T06:02:01.870Z FIND Error processing validator DfD8xygCpHotDRGa6mmetuNwJYE9BwREJzJam3LepHiU 429 Too Many Requests:  {"jsonrpc":"2.0","error":{"code": 429, "message":"Too many requests for a specific RPC call"}, "id": "5ead1a72-034f-43fe-b861-c72d2b0778f8" } 
 Error: 429 Too Many Requests:  {"jsonrpc":"2.0","error":{"code": 429, "message":"Too many requests for a specific RPC call"}, "id": "5ead1a72-034f-43fe-b861-c72d2b0778f8" } 

    at ClientBrowser.callServer (/home/runner/work/solana-deactivate-delinquent/solana-deactivate-delinquent/node_modules/.pnpm/@solana+web3.js@1.87.6/node_modules/@solana/web3.js/lib/index.cjs.js:6474:18)
    at process.processTicksAndRejections (node:internal/process/task_queues:95:5)
Server responded with 429 Too Many Requests.  Retrying after 500ms delay...
Server responded with 429 Too Many Requests.  Retrying after 1000ms delay...
Server responded with 429 Too Many Requests.  Retrying after 2000ms delay...
Server responded with 429 Too Many Requests.  Retrying after 4000ms delay...
2024-09-26T06:02:10.312Z FIND Error processing validator 4CMy7v8JK83oZCgxWAjYC37TV3VwcJPRPtoLKW2b4tHq 429 Too Many Requests:  {"jsonrpc":"2.0","error":{"code": 429, "message":"Too many requests for a specific RPC call"}, "id": "44dad06b-d1ad-4c31-8a92-4b6986f6e626" } 
 Error: 429 Too Many Requests:  {"jsonrpc":"2.0","error":{"code": 429, "message":"Too many requests for a specific RPC call"}, "id": "44dad06b-d1ad-4c31-8a92-4b6986f6e626" } 

    at ClientBrowser.callServer (/home/runner/work/solana-deactivate-delinquent/solana-deactivate-delinquent/node_modules/.pnpm/@solana+web3.js@1.87.6/node_modules/@solana/web3.js/lib/index.cjs.js:6474:18)
    at process.processTicksAndRejections (node:internal/process/task_queues:95:5)
Server responded with 429 Too Many Requests.  Retrying after 500ms delay...
Server responded with 429 Too Many Requests.  Retrying after 1000ms delay...
Server responded with 429 Too Many Requests.  Retrying after 2000ms delay...
Server responded with 429 Too Many Requests.  Retrying after 4000ms delay...
2024-09-26T06:02:18.760Z FIND Error processing validator 2Ramrp1CQSLC1QRmEqNA4nJ11ocyirNFjuxXoM7QjidV 429 Too Many Requests:  {"jsonrpc":"2.0","error":{"code": 429, "message":"Too many requests for a specific RPC call"}, "id": "619c92a5-d283-46a6-a95e-4b8effccd939" } 
 Error: 429 Too Many Requests:  {"jsonrpc":"2.0","error":{"code": 429, "message":"Too many requests for a specific RPC call"}, "id": "619c92a5-d283-46a6-a95e-4b8effccd939" } 

    at ClientBrowser.callServer (/home/runner/work/solana-deactivate-delinquent/solana-deactivate-delinquent/node_modules/.pnpm/@solana+web3.js@1.87.6/node_modules/@solana/web3.js/lib/index.cjs.js:6474:18)
    at process.processTicksAndRejections (node:internal/process/task_queues:95:5)
Server responded with 429 Too Many Requests.  Retrying after 500ms delay...
Server responded with 429 Too Many Requests.  Retrying after 1000ms delay...
Server responded with 429 Too Many Requests.  Retrying after 2000ms delay...
Server responded with 429 Too Many Requests.  Retrying after 4000ms delay...
2024-09-26T06:02:27.214Z FIND Error processing validator 5GNZN7FQoCQPsB3shkiQbwshSFZpe96PAcD5cQuboZZ7 429 Too Many Requests:  {"jsonrpc":"2.0","error":{"code": 429, "message":"Too many requests for a specific RPC call"}, "id": "6b73b8c4-9c81-4885-a954-42d853381ea9" } 
 Error: 429 Too Many Requests:  {"jsonrpc":"2.0","error":{"code": 429, "message":"Too many requests for a specific RPC call"}, "id": "6b73b8c4-9c81-4885-a954-42d853381ea9" } 

    at ClientBrowser.callServer (/home/runner/work/solana-deactivate-delinquent/solana-deactivate-delinquent/node_modules/.pnpm/@solana+web3.js@1.87.6/node_modules/@solana/web3.js/lib/index.cjs.js:6474:18)
    at process.processTicksAndRejections (node:internal/process/task_queues:95:5)
Server responded with 429 Too Many Requests.  Retrying after 500ms delay...
Server responded with 429 Too Many Requests.  Retrying after 1000ms delay...
Server responded with 429 Too Many Requests.  Retrying after 2000ms delay...
Server responded with 429 Too Many Requests.  Retrying after 4000ms delay...
2024-09-26T06:02:35.705Z FIND Error processing validator 3iWcP272GyeGSZBns6echFedaPoDgyprrY3URhRfWYdt 429 Too Many Requests:  {"jsonrpc":"2.0","error":{"code": 429, "message":"Too many requests for a specific RPC call"}, "id": "e38ff7e6-d2c6-4cf2-b532-138df7f46476" } 
 Error: 429 Too Many Requests:  {"jsonrpc":"2.0","error":{"code": 429, "message":"Too many requests for a specific RPC call"}, "id": "e38ff7e6-d2c6-4cf2-b532-138df7f46476" } 

    at ClientBrowser.callServer (/home/runner/work/solana-deactivate-delinquent/solana-deactivate-delinquent/node_modules/.pnpm/@solana+web3.js@1.87.6/node_modules/@solana/web3.js/lib/index.cjs.js:6474:18)
    at process.processTicksAndRejections (node:internal/process/task_queues:95:5)
Server responded with 429 Too Many Requests.  Retrying after 500ms delay...
Server responded with 429 Too Many Requests.  Retrying after 1000ms delay...
Server responded with 429 Too Many Requests.  Retrying after 2000ms delay...
Server responded with 429 Too Many Requests.  Retrying after 4000ms delay...
2024-09-26T06:02:44.151Z FIND Error processing validator DrPsz6W3SyvNUJhznmNT2X8grPYDEqdEvuBCfxGv33xL 429 Too Many Requests:  {"jsonrpc":"2.0","error":{"code": 429, "message":"Too many requests for a specific RPC call"}, "id": "0df472a9-ff9d-4673-94c5-08b9101034cb" } 
 Error: 429 Too Many Requests:  {"jsonrpc":"2.0","error":{"code": 429, "message":"Too many requests for a specific RPC call"}, "id": "0df472a9-ff9d-4673-94c5-08b9101034cb" } 

    at ClientBrowser.callServer (/home/runner/work/solana-deactivate-delinquent/solana-deactivate-delinquent/node_modules/.pnpm/@solana+web3.js@1.87.6/node_modules/@solana/web3.js/lib/index.cjs.js:6474:18)
    at process.processTicksAndRejections (node:internal/process/task_queues:95:5)
Server responded with 429 Too Many Requests.  Retrying after 500ms delay...
Server responded with 429 Too Many Requests.  Retrying after 1000ms delay...
Server responded with 429 Too Many Requests.  Retrying after 2000ms delay...
Server responded with 429 Too Many Requests.  Retrying after 4000ms delay...
2024-09-26T06:02:52.599Z FIND Error processing validator GqVzdBZ95yrinDkY2ougx7HR5JHVh5CiUXY9hksFu9ia 429 Too Many Requests:  {"jsonrpc":"2.0","error":{"code": 429, "message":"Too many requests for a specific RPC call"}, "id": "a5486d5a-e9a6-4a58-b8dd-b206f1456132" } 
 Error: 429 Too Many Requests:  {"jsonrpc":"2.0","error":{"code": 429, "message":"Too many requests for a specific RPC call"}, "id": "a5486d5a-e9a6-4a58-b8dd-b206f1456132" } 

    at ClientBrowser.callServer (/home/runner/work/solana-deactivate-delinquent/solana-deactivate-delinquent/node_modules/.pnpm/@solana+web3.js@1.87.6/node_modules/@solana/web3.js/lib/index.cjs.js:6474:18)
    at process.processTicksAndRejections (node:internal/process/task_queues:95:5)
Server responded with 429 Too Many Requests.  Retrying after 500ms delay...
Server responded with 429 Too Many Requests.  Retrying after 1000ms delay...
Server responded with 429 Too Many Requests.  Retrying after 2000ms delay...
Server responded with 429 Too Many Requests.  Retrying after 4000ms delay...
2024-09-26T06:03:01.050Z FIND Error processing validator F3KghztFNNgL2zL1VPBq5ndQJYMwXhpDX9eRCrNmDjFn 429 Too Many Requests:  {"jsonrpc":"2.0","error":{"code": 429, "message":"Too many requests for a specific RPC call"}, "id": "75803b99-3aad-4fa3-a3da-2590913ffb5c" } 
 Error: 429 Too Many Requests:  {"jsonrpc":"2.0","error":{"code": 429, "message":"Too many requests for a specific RPC call"}, "id": "75803b99-3aad-4fa3-a3da-2590913ffb5c" } 

    at ClientBrowser.callServer (/home/runner/work/solana-deactivate-delinquent/solana-deactivate-delinquent/node_modules/.pnpm/@solana+web3.js@1.87.6/node_modules/@solana/web3.js/lib/index.cjs.js:6474:18)
    at process.processTicksAndRejections (node:internal/process/task_queues:95:5)
Server responded with 429 Too Many Requests.  Retrying after 500ms delay...
Server responded with 429 Too Many Requests.  Retrying after 1000ms delay...
Server responded with 429 Too Many Requests.  Retrying after 2000ms delay...
Server responded with 429 Too Many Requests.  Retrying after 4000ms delay...
2024-09-26T06:03:09.509Z FIND Error processing validator Gtjo1BPYNZjUJzrNLHE6KzY47XNErdXk5A7RH82s881j 429 Too Many Requests:  {"jsonrpc":"2.0","error":{"code": 429, "message":"Too many requests for a specific RPC call"}, "id": "d353b7a5-fd24-45f8-82f6-f1da7f112a54" } 
 Error: 429 Too Many Requests:  {"jsonrpc":"2.0","error":{"code": 429, "message":"Too many requests for a specific RPC call"}, "id": "d353b7a5-fd24-45f8-82f6-f1da7f112a54" } 

    at ClientBrowser.callServer (/home/runner/work/solana-deactivate-delinquent/solana-deactivate-delinquent/node_modules/.pnpm/@solana+web3.js@1.87.6/node_modules/@solana/web3.js/lib/index.cjs.js:6474:18)
    at process.processTicksAndRejections (node:internal/process/task_queues:95:5)
Server responded with 429 Too Many Requests.  Retrying after 500ms delay...
Server responded with 429 Too Many Requests.  Retrying after 1000ms delay...
Server responded with 429 Too Many Requests.  Retrying after 2000ms delay...
Server responded with 429 Too Many Requests.  Retrying after 4000ms delay...
2024-09-26T06:03:17.950Z FIND Error processing validator GcQseyAzbyA1KRSKGxQgpUmyDBvdNFc7y6JQEuafjFTs 429 Too Many Requests:  {"jsonrpc":"2.0","error":{"code": 429, "message":"Too many requests for a specific RPC call"}, "id": "f9915c57-bbbb-481a-a6b4-1737fc996973" } 
 Error: 429 Too Many Requests:  {"jsonrpc":"2.0","error":{"code": 429, "message":"Too many requests for a specific RPC call"}, "id": "f9915c57-bbbb-481a-a6b4-1737fc996973" } 

    at ClientBrowser.callServer (/home/runner/work/solana-deactivate-delinquent/solana-deactivate-delinquent/node_modules/.pnpm/@solana+web3.js@1.87.6/node_modules/@solana/web3.js/lib/index.cjs.js:6474:18)
    at process.processTicksAndRejections (node:internal/process/task_queues:95:5)
Server responded with 429 Too Many Requests.  Retrying after 500ms delay...
Server responded with 429 Too Many Requests.  Retrying after 1000ms delay...
Server responded with 429 Too Many Requests.  Retrying after 2000ms delay...
Server responded with 429 Too Many Requests.  Retrying after 4000ms delay...
2024-09-26T06:03:26.421Z FIND Error processing validator J5xdcPTXrGHguwCvrLzAy7wVtALo8dcH9UER7X6W7mv 429 Too Many Requests:  {"jsonrpc":"2.0","error":{"code": 429, "message":"Too many requests for a specific RPC call"}, "id": "f44a8818-73fc-4c34-81b1-d45d53a43b77" } 
 Error: 429 Too Many Requests:  {"jsonrpc":"2.0","error":{"code": 429, "message":"Too many requests for a specific RPC call"}, "id": "f44a8818-73fc-4c34-81b1-d45d53a43b77" } 

    at ClientBrowser.callServer (/home/runner/work/solana-deactivate-delinquent/solana-deactivate-delinquent/node_modules/.pnpm/@solana+web3.js@1.87.6/node_modules/@solana/web3.js/lib/index.cjs.js:6474:18)
    at process.processTicksAndRejections (node:internal/process/task_queues:95:5)
Server responded with 429 Too Many Requests.  Retrying after 500ms delay...
Server responded with 429 Too Many Requests.  Retrying after 1000ms delay...
Server responded with 429 Too Many Requests.  Retrying after 2000ms delay...
Server responded with 429 Too Many Requests.  Retrying after 4000ms delay...
2024-09-26T06:03:34.868Z FIND Error processing validator 3LD4qkmgthaVwjS9RdFpDptm8RAi1qzAA959X8whKXBj 429 Too Many Requests:  {"jsonrpc":"2.0","error":{"code": 429, "message":"Too many requests for a specific RPC call"}, "id": "a88fb01e-0db0-4eed-859a-887a270df994" } 
 Error: 429 Too Many Requests:  {"jsonrpc":"2.0","error":{"code": 429, "message":"Too many requests for a specific RPC call"}, "id": "a88fb01e-0db0-4eed-859a-887a270df994" } 

    at ClientBrowser.callServer (/home/runner/work/solana-deactivate-delinquent/solana-deactivate-delinquent/node_modules/.pnpm/@solana+web3.js@1.87.6/node_modules/@solana/web3.js/lib/index.cjs.js:6474:18)
    at process.processTicksAndRejections (node:internal/process/task_queues:95:5)
Server responded with 429 Too Many Requests.  Retrying after 500ms delay...
Server responded with 429 Too Many Requests.  Retrying after 1000ms delay...
Server responded with 429 Too Many Requests.  Retrying after 2000ms delay...
Server responded with 429 Too Many Requests.  Retrying after 4000ms delay...
2024-09-26T06:03:43.310Z FIND Error processing validator 9Tbfc8EqMjnwwekX4eSjxTYyD8jaXPeujCvQLaDVD4bo 429 Too Many Requests:  {"jsonrpc":"2.0","error":{"code": 429, "message":"Too many requests for a specific RPC call"}, "id": "348b39c1-0037-45f6-afde-d5690fb6be70" } 
 Error: 429 Too Many Requests:  {"jsonrpc":"2.0","error":{"code": 429, "message":"Too many requests for a specific RPC call"}, "id": "348b39c1-0037-45f6-afde-d5690fb6be70" } 

    at ClientBrowser.callServer (/home/runner/work/solana-deactivate-delinquent/solana-deactivate-delinquent/node_modules/.pnpm/@solana+web3.js@1.87.6/node_modules/@solana/web3.js/lib/index.cjs.js:6474:18)
    at process.processTicksAndRejections (node:internal/process/task_queues:95:5)
Server responded with 429 Too Many Requests.  Retrying after 500ms delay...
Server responded with 429 Too Many Requests.  Retrying after 1000ms delay...
Server responded with 429 Too Many Requests.  Retrying after 2000ms delay...
Server responded with 429 Too Many Requests.  Retrying after 4000ms delay...
2024-09-26T06:03:51.751Z FIND Error processing validator 4HudwuUL6z9SbMvoFXXqy2J1kzbJW6Sve1kRXoKHECsu 429 Too Many Requests:  {"jsonrpc":"2.0","error":{"code": 429, "message":"Too many requests for a specific RPC call"}, "id": "99f2f13f-8908-4ef2-a464-73fabb51cb74" } 
 Error: 429 Too Many Requests:  {"jsonrpc":"2.0","error":{"code": 429, "message":"Too many requests for a specific RPC call"}, "id": "99f2f13f-8908-4ef2-a464-73fabb51cb74" } 

    at ClientBrowser.callServer (/home/runner/work/solana-deactivate-delinquent/solana-deactivate-delinquent/node_modules/.pnpm/@solana+web3.js@1.87.6/node_modules/@solana/web3.js/lib/index.cjs.js:6474:18)
    at process.processTicksAndRejections (node:internal/process/task_queues:95:5)
Server responded with 429 Too Many Requests.  Retrying after 500ms delay...
Server responded with 429 Too Many Requests.  Retrying after 1000ms delay...
Server responded with 429 Too Many Requests.  Retrying after 2000ms delay...
Server responded with 429 Too Many Requests.  Retrying after 4000ms delay...
2024-09-26T06:04:00.200Z FIND Error processing validator 5wrt7qmJ8zesntEhdYqZWGJnCD31gnWi7jGmF4PGwsAN 429 Too Many Requests:  {"jsonrpc":"2.0","error":{"code": 429, "message":"Too many requests for a specific RPC call"}, "id": "ad0b56f4-f1a3-4aa1-8b17-230748775611" } 
 Error: 429 Too Many Requests:  {"jsonrpc":"2.0","error":{"code": 429, "message":"Too many requests for a specific RPC call"}, "id": "ad0b56f4-f1a3-4aa1-8b17-230748775611" } 

    at ClientBrowser.callServer (/home/runner/work/solana-deactivate-delinquent/solana-deactivate-delinquent/node_modules/.pnpm/@solana+web3.js@1.87.6/node_modules/@solana/web3.js/lib/index.cjs.js:6474:18)
    at process.processTicksAndRejections (node:internal/process/task_queues:95:5)
Server responded with 429 Too Many Requests.  Retrying after 500ms delay...
Server responded with 429 Too Many Requests.  Retrying after 1000ms delay...
Server responded with 429 Too Many Requests.  Retrying after 2000ms delay...
Server responded with 429 Too Many Requests.  Retrying after 4000ms delay...
2024-09-26T06:04:08.670Z STAKES Found:  1  accounts for delinquent validator EfLXVu1GRNrwmEQenkmBrKQJoeeqzk5PLuVoKzUiMooq
2024-09-26T06:04:08.670Z STAKES Stake account G363fK6mnZN7LCLcE7uoheeiYLBAExCCSmrCZNP3ANxm is activated:  0.002282881
2024-09-26T06:04:08.670Z STAKES Found:  1  accounts that can be de-activated delinquent validator EfLXVu1GRNrwmEQenkmBrKQJoeeqzk5PLuVoKzUiMooq
2024-09-26T06:04:08.865Z DEACTIVATE Blockhash: 7A7aVpS9CFQHjmoixuPgmonjXaBgABzFxAvcPUPrzgz8
2024-09-26T06:04:08.935Z DEACTIVATE Sent tx: 2ECKpzk8PmTjSqgSecNeTkng3pyUa2UaDTGNDreGKMkyy4qpr7ah7CUvwxXr1QDkn6h4GhqMMD6562vV6dVSM5Hc https://explorer.solana.com/tx/2ECKpzk8PmTjSqgSecNeTkng3pyUa2UaDTGNDreGKMkyy4qpr7ah7CUvwxXr1QDkn6h4GhqMMD6562vV6dVSM5Hc
2024-09-26T06:04:09.036Z DEACTIVATE Waiting for confirmations...
2024-09-26T06:04:30.460Z DEACTIVATE Confirmed.
2024-09-26T06:04:30.460Z FIND Deactivated stake accounts with total balance:
2024-09-26T06:04:30.651Z STAKES Found:  1  accounts for delinquent validator GcZakcYcZjCn9fyGzdZts416jV8BhqDMxZXTz4pEtqpu
2024-09-26T06:04:30.651Z STAKES Stake account 6fYT4YucQD8yG4q1hGvR1CHdq6bdc2sRBEA5RuWuXsED is de-activating:  0.002282881
2024-09-26T06:04:30.651Z STAKES Found:  0  accounts that can be de-activated delinquent validator GcZakcYcZjCn9fyGzdZts416jV8BhqDMxZXTz4pEtqpu
2024-09-26T06:04:30.651Z FIND No deactivations possible for this validator
2024-09-26T06:04:30.840Z STAKES Found:  1  accounts for delinquent validator FPqjaCnSWVrwhbg7JZ8ABF8dGAXgVU5q7vgqSu5DjpNE
2024-09-26T06:04:30.840Z STAKES Stake account A8PHwMt5GXJJhVgtXD5cWM5ns6e8GSd4faUna7J8J9HN is de-activating:  0.002282881
2024-09-26T06:04:30.840Z STAKES Found:  0  accounts that can be de-activated delinquent validator FPqjaCnSWVrwhbg7JZ8ABF8dGAXgVU5q7vgqSu5DjpNE
2024-09-26T06:04:30.840Z FIND No deactivations possible for this validator
Server responded with 429 Too Many Requests.  Retrying after 500ms delay...
Server responded with 429 Too Many Requests.  Retrying after 1000ms delay...
Server responded with 429 Too Many Requests.  Retrying after 2000ms delay...
Server responded with 429 Too Many Requests.  Retrying after 4000ms delay...
2024-09-26T06:04:39.154Z FIND Error processing validator 2rBL875drcTQ9oSUNjqyLj4A7pLvUwtYdPL5cnLjFNUW 429 Too Many Requests:  {"jsonrpc":"2.0","error":{"code": 429, "message":"Too many requests for a specific RPC call"}, "id": "9bc46cf2-c374-40a9-9978-f8bf1a88cfeb" } 
 Error: 429 Too Many Requests:  {"jsonrpc":"2.0","error":{"code": 429, "message":"Too many requests for a specific RPC call"}, "id": "9bc46cf2-c374-40a9-9978-f8bf1a88cfeb" } 

    at ClientBrowser.callServer (/home/runner/work/solana-deactivate-delinquent/solana-deactivate-delinquent/node_modules/.pnpm/@solana+web3.js@1.87.6/node_modules/@solana/web3.js/lib/index.cjs.js:6474:18)
    at process.processTicksAndRejections (node:internal/process/task_queues:95:5)
Server responded with 429 Too Many Requests.  Retrying after 500ms delay...
Server responded with 429 Too Many Requests.  Retrying after 1000ms delay...
Server responded with 429 Too Many Requests.  Retrying after 2000ms delay...
Server responded with 429 Too Many Requests.  Retrying after 4000ms delay...
2024-09-26T06:04:47.605Z FIND Error processing validator GCB87BWgT4eUyYxUjwfL8EM8DptrZ2YfDjLukiDpYamb 429 Too Many Requests:  {"jsonrpc":"2.0","error":{"code": 429, "message":"Too many requests for a specific RPC call"}, "id": "97353739-5e97-4e0e-ae1d-e6c683758975" } 
 Error: 429 Too Many Requests:  {"jsonrpc":"2.0","error":{"code": 429, "message":"Too many requests for a specific RPC call"}, "id": "97353739-5e97-4e0e-ae1d-e6c683758975" } 

    at ClientBrowser.callServer (/home/runner/work/solana-deactivate-delinquent/solana-deactivate-delinquent/node_modules/.pnpm/@solana+web3.js@1.87.6/node_modules/@solana/web3.js/lib/index.cjs.js:6474:18)
    at process.processTicksAndRejections (node:internal/process/task_queues:95:5)
Server responded with 429 Too Many Requests.  Retrying after 500ms delay...
Server responded with 429 Too Many Requests.  Retrying after 1000ms delay...
Server responded with 429 Too Many Requests.  Retrying after 2000ms delay...
Server responded with 429 Too Many Requests.  Retrying after 4000ms delay...
2024-09-26T06:04:56.047Z FIND Error processing validator HYRZ46cBaD5t6MzHZW6RUSJEWhNsedTFRivP7WSfCjpk 429 Too Many Requests:  {"jsonrpc":"2.0","error":{"code": 429, "message":"Too many requests for a specific RPC call"}, "id": "4754e044-1eb1-44d1-b05e-8f38dc9eca7f" } 
 Error: 429 Too Many Requests:  {"jsonrpc":"2.0","error":{"code": 429, "message":"Too many requests for a specific RPC call"}, "id": "4754e044-1eb1-44d1-b05e-8f38dc9eca7f" } 

    at ClientBrowser.callServer (/home/runner/work/solana-deactivate-delinquent/solana-deactivate-delinquent/node_modules/.pnpm/@solana+web3.js@1.87.6/node_modules/@solana/web3.js/lib/index.cjs.js:6474:18)
    at process.processTicksAndRejections (node:internal/process/task_queues:95:5)
Server responded with 429 Too Many Requests.  Retrying after 500ms delay...
Server responded with 429 Too Many Requests.  Retrying after 1000ms delay...
Server responded with 429 Too Many Requests.  Retrying after 2000ms delay...
Server responded with 429 Too Many Requests.  Retrying after 4000ms delay...
2024-09-26T06:05:04.493Z FIND Error processing validator GrWXv9BJnvauGu9cy3ZLvBuF5CBLyDdoaPRS7sQ2kHP2 429 Too Many Requests:  {"jsonrpc":"2.0","error":{"code": 429, "message":"Too many requests for a specific RPC call"}, "id": "c9ef3bd9-debe-4340-8df4-09a9754c2cb6" } 
 Error: 429 Too Many Requests:  {"jsonrpc":"2.0","error":{"code": 429, "message":"Too many requests for a specific RPC call"}, "id": "c9ef3bd9-debe-4340-8df4-09a9754c2cb6" } 

    at ClientBrowser.callServer (/home/runner/work/solana-deactivate-delinquent/solana-deactivate-delinquent/node_modules/.pnpm/@solana+web3.js@1.87.6/node_modules/@solana/web3.js/lib/index.cjs.js:6474:18)
    at process.processTicksAndRejections (node:internal/process/task_queues:95:5)
Server responded with 429 Too Many Requests.  Retrying after 500ms delay...
Server responded with 429 Too Many Requests.  Retrying after 1000ms delay...
Server responded with 429 Too Many Requests.  Retrying after 2000ms delay...
Server responded with 429 Too Many Requests.  Retrying after 4000ms delay...
2024-09-26T06:05:12.939Z FIND Error processing validator EfuNZaDkNTvrLSDss9qb8foTrbtHisWdzxBRn9zLfB9z 429 Too Many Requests:  {"jsonrpc":"2.0","error":{"code": 429, "message":"Too many requests for a specific RPC call"}, "id": "ee0aca88-4a3e-411e-a895-9f2d741b0cf6" } 
 Error: 429 Too Many Requests:  {"jsonrpc":"2.0","error":{"code": 429, "message":"Too many requests for a specific RPC call"}, "id": "ee0aca88-4a3e-411e-a895-9f2d741b0cf6" } 

    at ClientBrowser.callServer (/home/runner/work/solana-deactivate-delinquent/solana-deactivate-delinquent/node_modules/.pnpm/@solana+web3.js@1.87.6/node_modules/@solana/web3.js/lib/index.cjs.js:6474:18)
    at process.processTicksAndRejections (node:internal/process/task_queues:95:5)
Server responded with 429 Too Many Requests.  Retrying after 500ms delay...
Server responded with 429 Too Many Requests.  Retrying after 1000ms delay...
Server responded with 429 Too Many Requests.  Retrying after 2000ms delay...
Server responded with 429 Too Many Requests.  Retrying after 4000ms delay...
2024-09-26T06:05:21.383Z FIND Error processing validator 8i1Rj9q8TGd12pTnraShWuJPAcSVfcYvFtPzfc2WUiNh 429 Too Many Requests:  {"jsonrpc":"2.0","error":{"code": 429, "message":"Too many requests for a specific RPC call"}, "id": "ca462818-0936-4271-9cd6-b0524cea8c5a" } 
 Error: 429 Too Many Requests:  {"jsonrpc":"2.0","error":{"code": 429, "message":"Too many requests for a specific RPC call"}, "id": "ca462818-0936-4271-9cd6-b0524cea8c5a" } 

    at ClientBrowser.callServer (/home/runner/work/solana-deactivate-delinquent/solana-deactivate-delinquent/node_modules/.pnpm/@solana+web3.js@1.87.6/node_modules/@solana/web3.js/lib/index.cjs.js:6474:18)
    at process.processTicksAndRejections (node:internal/process/task_queues:95:5)
Server responded with 429 Too Many Requests.  Retrying after 500ms delay...
Server responded with 429 Too Many Requests.  Retrying after 1000ms delay...
Server responded with 429 Too Many Requests.  Retrying after 2000ms delay...
Server responded with 429 Too Many Requests.  Retrying after 4000ms delay...
2024-09-26T06:05:29.834Z FIND Error processing validator EiBkEFDFcV6Hm5rawweVxFg5urbPpqV7JFPWB3XZXwA5 429 Too Many Requests:  {"jsonrpc":"2.0","error":{"code": 429, "message":"Too many requests for a specific RPC call"}, "id": "fa054348-817e-4f7d-8944-0c63f95dfbc2" } 
 Error: 429 Too Many Requests:  {"jsonrpc":"2.0","error":{"code": 429, "message":"Too many requests for a specific RPC call"}, "id": "fa054348-817e-4f7d-8944-0c63f95dfbc2" } 

    at ClientBrowser.callServer (/home/runner/work/solana-deactivate-delinquent/solana-deactivate-delinquent/node_modules/.pnpm/@solana+web3.js@1.87.6/node_modules/@solana/web3.js/lib/index.cjs.js:6474:18)
    at process.processTicksAndRejections (node:internal/process/task_queues:95:5)
Server responded with 429 Too Many Requests.  Retrying after 500ms delay...
Server responded with 429 Too Many Requests.  Retrying after 1000ms delay...
Server responded with 429 Too Many Requests.  Retrying after 2000ms delay...
Server responded with 429 Too Many Requests.  Retrying after 4000ms delay...
2024-09-26T06:05:38.293Z FIND Error processing validator 2WdrMdtKKSf5Yd4AjHNorNZ832KWiyYFSN94dsaj2ZJn 429 Too Many Requests:  {"jsonrpc":"2.0","error":{"code": 429, "message":"Too many requests for a specific RPC call"}, "id": "512f70d4-dbb3-4d51-b72c-042785430459" } 
 Error: 429 Too Many Requests:  {"jsonrpc":"2.0","error":{"code": 429, "message":"Too many requests for a specific RPC call"}, "id": "512f70d4-dbb3-4d51-b72c-042785430459" } 

    at ClientBrowser.callServer (/home/runner/work/solana-deactivate-delinquent/solana-deactivate-delinquent/node_modules/.pnpm/@solana+web3.js@1.87.6/node_modules/@solana/web3.js/lib/index.cjs.js:6474:18)
    at process.processTicksAndRejections (node:internal/process/task_queues:95:5)
Server responded with 429 Too Many Requests.  Retrying after 500ms delay...
Server responded with 429 Too Many Requests.  Retrying after 1000ms delay...
Server responded with 429 Too Many Requests.  Retrying after 2000ms delay...
Server responded with 429 Too Many Requests.  Retrying after 4000ms delay...
2024-09-26T06:05:46.845Z STAKES Found:  1  accounts for delinquent validator 5Hkc3nutFnd36LJJ3uKm6VWgrbPc1gKSaT8JpiowLJmH
2024-09-26T06:05:46.845Z STAKES Stake account FjGMvE89BXcKcFHqwB6rFDWRDLA9MBYbHo33LTTxdT3U is de-activating:  0.002282881
2024-09-26T06:05:46.845Z STAKES Found:  0  accounts that can be de-activated delinquent validator 5Hkc3nutFnd36LJJ3uKm6VWgrbPc1gKSaT8JpiowLJmH
2024-09-26T06:05:46.845Z FIND No deactivations possible for this validator
2024-09-26T06:05:47.032Z STAKES Found:  1  accounts for delinquent validator BuKQr8TwrEyz9urVgGGWv9LRYU6gAvrddLJsttUAJqiP
2024-09-26T06:05:47.032Z STAKES Stake account 7X9MgkxrMaMDqCU8i4pU2ZNgnBLbhd2YxtnPqCjx4PsK is de-activating:  0.002282881
2024-09-26T06:05:47.032Z STAKES Found:  0  accounts that can be de-activated delinquent validator BuKQr8TwrEyz9urVgGGWv9LRYU6gAvrddLJsttUAJqiP
2024-09-26T06:05:47.032Z FIND No deactivations possible for this validator
Server responded with 429 Too Many Requests.  Retrying after 500ms delay...
Server responded with 429 Too Many Requests.  Retrying after 1000ms delay...
Server responded with 429 Too Many Requests.  Retrying after 2000ms delay...
Server responded with 429 Too Many Requests.  Retrying after 4000ms delay...
2024-09-26T06:05:55.356Z FIND Error processing validator FscAQgVoGXLr4J119B7tRTstvRjz2s9oTzXSdDU5Qddj 429 Too Many Requests:  {"jsonrpc":"2.0","error":{"code": 429, "message":"Too many requests for a specific RPC call"}, "id": "716725b4-92d5-4875-bfc5-48ee5d622597" } 
 Error: 429 Too Many Requests:  {"jsonrpc":"2.0","error":{"code": 429, "message":"Too many requests for a specific RPC call"}, "id": "716725b4-92d5-4875-bfc5-48ee5d622597" } 

    at ClientBrowser.callServer (/home/runner/work/solana-deactivate-delinquent/solana-deactivate-delinquent/node_modules/.pnpm/@solana+web3.js@1.87.6/node_modules/@solana/web3.js/lib/index.cjs.js:6474:18)
    at process.processTicksAndRejections (node:internal/process/task_queues:95:5)
Server responded with 429 Too Many Requests.  Retrying after 500ms delay...
Server responded with 429 Too Many Requests.  Retrying after 1000ms delay...
Server responded with 429 Too Many Requests.  Retrying after 2000ms delay...
Server responded with 429 Too Many Requests.  Retrying after 4000ms delay...
2024-09-26T06:06:03.829Z FIND Error processing validator isUomyVHsuAaMHngJ1z9Ho19Cd49cfWQeruGuwzk2SJ 429 Too Many Requests:  {"jsonrpc":"2.0","error":{"code": 429, "message":"Too many requests for a specific RPC call"}, "id": "fe2a4ee4-015b-48f3-848f-e380a1b899b8" } 
 Error: 429 Too Many Requests:  {"jsonrpc":"2.0","error":{"code": 429, "message":"Too many requests for a specific RPC call"}, "id": "fe2a4ee4-015b-48f3-848f-e380a1b899b8" } 

    at ClientBrowser.callServer (/home/runner/work/solana-deactivate-delinquent/solana-deactivate-delinquent/node_modules/.pnpm/@solana+web3.js@1.87.6/node_modules/@solana/web3.js/lib/index.cjs.js:6474:18)
    at process.processTicksAndRejections (node:internal/process/task_queues:95:5)
Server responded with 429 Too Many Requests.  Retrying after 500ms delay...
Server responded with 429 Too Many Requests.  Retrying after 1000ms delay...
Server responded with 429 Too Many Requests.  Retrying after 2000ms delay...
Server responded with 429 Too Many Requests.  Retrying after 4000ms delay...
2024-09-26T06:06:12.298Z FIND Error processing validator 2w1R9brqaUBu7jAboxGPKui9wMwNTcWcTMW9YrHu6obv 429 Too Many Requests:  {"jsonrpc":"2.0","error":{"code": 429, "message":"Too many requests for a specific RPC call"}, "id": "70a82aef-28e3-4c7d-865c-04362a3123a5" } 
 Error: 429 Too Many Requests:  {"jsonrpc":"2.0","error":{"code": 429, "message":"Too many requests for a specific RPC call"}, "id": "70a82aef-28e3-4c7d-865c-04362a3123a5" } 

    at ClientBrowser.callServer (/home/runner/work/solana-deactivate-delinquent/solana-deactivate-delinquent/node_modules/.pnpm/@solana+web3.js@1.87.6/node_modules/@solana/web3.js/lib/index.cjs.js:6474:18)
    at process.processTicksAndRejections (node:internal/process/task_queues:95:5)
Server responded with 429 Too Many Requests.  Retrying after 500ms delay...
Server responded with 429 Too Many Requests.  Retrying after 1000ms delay...
Server responded with 429 Too Many Requests.  Retrying after 2000ms delay...
Server responded with 429 Too Many Requests.  Retrying after 4000ms delay...
2024-09-26T06:06:20.772Z FIND Error processing validator CtwauaA2VtDFqjrPuXXpmUxtFTdi59Ld7WowBkPDXzk9 429 Too Many Requests:  {"jsonrpc":"2.0","error":{"code": 429, "message":"Too many requests for a specific RPC call"}, "id": "cf074390-6e25-4313-90e6-34c4833f0997" } 
 Error: 429 Too Many Requests:  {"jsonrpc":"2.0","error":{"code": 429, "message":"Too many requests for a specific RPC call"}, "id": "cf074390-6e25-4313-90e6-34c4833f0997" } 

    at ClientBrowser.callServer (/home/runner/work/solana-deactivate-delinquent/solana-deactivate-delinquent/node_modules/.pnpm/@solana+web3.js@1.87.6/node_modules/@solana/web3.js/lib/index.cjs.js:6474:18)
    at process.processTicksAndRejections (node:internal/process/task_queues:95:5)
2024-09-26T06:06:20.772Z FIND Total de-activated: 0.013697286
