2024-09-26T06:55:01.831Z FIND Found epoch range to explore:  672 676
2024-09-26T06:55:01.834Z FIND Found delinquent validators [
  'AXA7ztxJGz77RHmocYQ6MEbPYHbpc3TmhtQqZGrdzqo1',
  '7Tky1T9JDevVnNi9oF7tbq6T9KjRVdsMyrHusMKWbY4n',
  'DDyikTKaM6RW8PZes38aULUeZkWCtecPZt2pmGCby5Q4',
  '8M7fvH3pXSrDK8xaNXLN6kNxaAL3J4niRqPvzQru7X4w',
  '2w1R9brqaUBu7jAboxGPKui9wMwNTcWcTMW9YrHu6obv',
  'FwQrixNSWGmpp744EbKdFckjcKwvMWizYwsoZo8e6qWW',
  'BjYWWh1yyvAZQFhYhYBnhoiyUwSSGbNVEHHz1V95jAhm',
  '3jujgVKtL9vaDVkvUpmTMfdccTPbzsw1UeJh4p8A8AeA',
  '8nBL11XWJMEcDTq6ELVZ1qWa1DWNG7j54FgvviyRWE1D',
  'GcQseyAzbyA1KRSKGxQgpUmyDBvdNFc7y6JQEuafjFTs',
  '2WdrMdtKKSf5Yd4AjHNorNZ832KWiyYFSN94dsaj2ZJn',
  '3iWcP272GyeGSZBns6echFedaPoDgyprrY3URhRfWYdt',
  '85RFFFZiCbfDnBdoSaNvh2LF67sWKd8uRNzXmGFFvaXM',
  'BbSV8Xdt6oEJ9CM2ecutRAMRjmApszkJhn97XC9U9fnK',
  'FscAQgVoGXLr4J119B7tRTstvRjz2s9oTzXSdDU5Qddj',
  'CMsRrdUPjdXFLHLMxsxxVmh4W528jcnWQqXcHPW3x43j',
  '68Py729tjYf1mjPJg9fuCm3HdCejEAnYRShpWxtKgN5F',
  '6qh4syVPTGdZVrHAXsc2MtAxNEiHHHQqxMqZEgRfHxZ3',
  'GrWXv9BJnvauGu9cy3ZLvBuF5CBLyDdoaPRS7sQ2kHP2',
  'FS33hJY77m4BWfjJ4s2xK5Bq9kLPpNRAbeD3J6hXLd4V',
  'Uqt9NeBe9LsYThG9S64pG2s3nsJ8nCLvnWtJNC6rKKA',
  'FbRosCwR5zW7RLMd2DzQ9Pwfvp2cAaSYSa9LioXeDXy1',
  '713hC8PyHeYkHYobyN9D985QeFMoxYbYGLPtUqYevGws',
  '5Hkc3nutFnd36LJJ3uKm6VWgrbPc1gKSaT8JpiowLJmH',
  'EJ7vE3BA1SChJs5s3h598p1KUSLwkCGrszgZsArBgT1C',
  '7Sd1cSdTVgZbr9ybERxdeQVmwNddVo88zC99md6ft5tN',
  'GuThGBuwCxeoCeRb1yp3idtd7BkGFtTUCaqGkapbiSFu',
  'Gtjo1BPYNZjUJzrNLHE6KzY47XNErdXk5A7RH82s881j',
  '7rRvt7YBMyoKqxKibbpLJEBnA1iWwD9QXAhD8CqqC8fd',
  '9X8qdtYB1CfZ6L5JFcwZoyz6HusUpGC47BSdDcwYcaCs',
  '9SNtHX34DoHZsY16AY4ZufxFHygjkeR55KmDGrSH4arQ',
  '6iofqZZRkZvKuqtQ5XmDrPkbEV8cu3AbtPLC589ZKfrX',
  '7N4Sz9tHuLjivyk465aUfs4w5gV82ErCKjgnRPTbXa6s',
  '8qq9tw5QpoWnAh9hK5Uzkt4YC2Hygpeyd5iQZTocSBYD',
  'FPqjaCnSWVrwhbg7JZ8ABF8dGAXgVU5q7vgqSu5DjpNE',
  'Gx61qmf2xjPFpwPn9GPLNMPAxr4gZ6mup2YDzE3MwSec',
  '5GNZN7FQoCQPsB3shkiQbwshSFZpe96PAcD5cQuboZZ7',
  'EfuNZaDkNTvrLSDss9qb8foTrbtHisWdzxBRn9zLfB9z',
  'DD4k6dMPn6VSy5BpGQSb4ansEDyGbXbzxx1g71PHLzEF',
  'GtuK529GrWRdktAnGSNLsBau7reojdYyP1WBm35SAXgC',
  'HsApTqQZvo2YKUTAezN4yeygu61A85TSyJoU69yegs51',
  '685qv16TfRSkwkjM5or3JTEZaPstH3mNW36gFZA3FKc9',
  'GwT7sTF3bCQrn4oyeV5bAgCZjC5Kz624JqCUdhj7nk1W',
  'BuKQr8TwrEyz9urVgGGWv9LRYU6gAvrddLJsttUAJqiP',
  '9cqgReCAzkszADM9qvLixANPTotFRrjB1z9GJQZm5Weu',
  'DrPsz6W3SyvNUJhznmNT2X8grPYDEqdEvuBCfxGv33xL',
  'FXRpG4jSNtmKita6NmYLbhWZNXoZGKhz7VACRa93ysQ8',
  '9PqDDUdnp8yQxmNBLZUkiviEFTqdkVHFtuxYecGPFrgJ',
  'isUomyVHsuAaMHngJ1z9Ho19Cd49cfWQeruGuwzk2SJ',
  'EiBkEFDFcV6Hm5rawweVxFg5urbPpqV7JFPWB3XZXwA5',
  'Dxsyvpi7dsNMUgxSBzCmfSP7BpnEXs1u7fLXfDBH4eQD',
  'TH5NmhGi7RPZebUgarGCZZk7h7ZyV9otr1u6GrtLXsM',
  'HYRZ46cBaD5t6MzHZW6RUSJEWhNsedTFRivP7WSfCjpk',
  'E7hyRaTAmb4e6muUXGd3ypB3ZHcGut3Ngpxm1ManLQmn',
  'diTNtixiNhRoTRSKTB7FPCBRCxChxs76WEuejB4hyfX',
  '3LD4qkmgthaVwjS9RdFpDptm8RAi1qzAA959X8whKXBj',
  '2rBL875drcTQ9oSUNjqyLj4A7pLvUwtYdPL5cnLjFNUW',
  'GeAakdM3EaC9myuy9Lmtv6DGxHiXGekx7CxNr8jdeuNx',
  '3PUJztwgkqpk1Dx6FAXjUsn1MmAyRaL35fZFQpi8N2WS',
  'F3KghztFNNgL2zL1VPBq5ndQJYMwXhpDX9eRCrNmDjFn',
  '2Ramrp1CQSLC1QRmEqNA4nJ11ocyirNFjuxXoM7QjidV',
  'DfD8xygCpHotDRGa6mmetuNwJYE9BwREJzJam3LepHiU',
  'CtwauaA2VtDFqjrPuXXpmUxtFTdi59Ld7WowBkPDXzk9',
  'J5xdcPTXrGHguwCvrLzAy7wVtALo8dcH9UER7X6W7mv',
  '5wrt7qmJ8zesntEhdYqZWGJnCD31gnWi7jGmF4PGwsAN',
  'GcZakcYcZjCn9fyGzdZts416jV8BhqDMxZXTz4pEtqpu',
  'EfLXVu1GRNrwmEQenkmBrKQJoeeqzk5PLuVoKzUiMooq',
  '4CMy7v8JK83oZCgxWAjYC37TV3VwcJPRPtoLKW2b4tHq',
  '8VdqPXjRWywAwnhPxuoYV6Jrw15HJP3sEAp1M3GnuDuF',
  '8GdySX8FWuefbSZSB6VYfT23H5JCdv7ySA8wWA3F8F4s',
  'H9LewK8VxCnfLG7rQqwogWqFqa9h5qqvizRCQiu7Y5rY',
  '8i1Rj9q8TGd12pTnraShWuJPAcSVfcYvFtPzfc2WUiNh',
  'GqVzdBZ95yrinDkY2ougx7HR5JHVh5CiUXY9hksFu9ia',
  'SPZQ7mAJZQDHd7zyVNjDWHG6Hg9jkNCnQ2g1Rvfdmwt',
  '9Tbfc8EqMjnwwekX4eSjxTYyD8jaXPeujCvQLaDVD4bo',
  '5omuaCZDAyg9nutmRozSKXAq8QtccevGqyPjTYGKYCif',
  'GCB87BWgT4eUyYxUjwfL8EM8DptrZ2YfDjLukiDpYamb',
  '4HudwuUL6z9SbMvoFXXqy2J1kzbJW6Sve1kRXoKHECsu',
  'GoMxSsZtYpG6ySeABvJ9mYoa9PqNxeBcry19ArbJusQd',
  '9Py4dL4KEa61g526bbZgHrQziEvPNg1S3ii2dsSynowh'
]
2024-09-26T06:55:01.836Z FIND Found reference validator he1iusunGwqrNtafDtLdhsUQDFvo13z9sUa36PauBtk
2024-09-26T06:55:02.025Z STAKES Found:  50  accounts for delinquent validator AXA7ztxJGz77RHmocYQ6MEbPYHbpc3TmhtQqZGrdzqo1
2024-09-26T06:55:02.025Z STAKES Stake account 3Xzuma93js61tCy1dcpqmqsnsb7GgzShfrWffBzYCZEK is de-activated:  0.005281348
2024-09-26T06:55:02.025Z STAKES Stake account 8R5pqeH4nEjJdPEYWZLGYtzuPtoAe24ackghbmkFDPPc is de-activated:  0.010750264
2024-09-26T06:55:02.026Z STAKES Stake account 9Ez6CfPcx4wZ3jPeD2R1A887itRSpBodpJvLAX6JpKcE is de-activated:  52.394564054
2024-09-26T06:55:02.026Z STAKES Stake account AJEJNny1sZKPxs9ZYzAmzNbtUU3MyvTpXM59tDG64oo1 is de-activated:  0.619115809
2024-09-26T06:55:02.026Z STAKES Stake account DkSuwy58Ncm7TY6xVTuh53uFgVxFDHMN6xtTrh8u3gB8 is de-activated:  0.002282881
2024-09-26T06:55:02.026Z STAKES Stake account FRVZxQ3NNGcxXH2fniGAJ2ZQrGEJwT17TATPh99DnZiR is de-activated:  0.006886136
2024-09-26T06:55:02.026Z STAKES Stake account B9HpQQKHt4npcFzNzPKX53QoMR9iMb4WUE6eecgsF8aU is de-activated:  0.024079435
2024-09-26T06:55:02.027Z STAKES Stake account 4ZedxyVUKEEfpfHG9aMUxKb98u4neHxiRHkxg3jHCVJB is de-activating:  0.011517191
2024-09-26T06:55:02.027Z STAKES Stake account 3BkqMtojxL6WHkLapsAfGHxYNi11kedgfkpQ2aGr1nnE is de-activating:  0.022501348
2024-09-26T06:55:02.027Z STAKES Stake account 6Suyd6k4rTcVhrGBJJYU2EdSdyNFgnaLuTqox3RhtdRe is de-activating:  0.48604267
2024-09-26T06:55:02.027Z STAKES Stake account 68Uh9wVRAy3TyLLdrCkcNhAPQMAfrwe76x1LM8QhrNmg is de-activating:  2.524284409
2024-09-26T06:55:02.027Z STAKES Stake account 7C7jGGg1n9baddEGPtmQNbMr1A5URHJYpp8bsQeZN19x is de-activating:  49.794282041
2024-09-26T06:55:02.028Z STAKES Stake account 2crf2G6b9Bw6JdogLV2HX6sydSc45m5JHphFBAdKkjee is de-activating:  1.557233425
2024-09-26T06:55:02.028Z STAKES Stake account HVYu7VepApKvm8M1N5dAgaKKyNjYKCSYZX52EqkJyXEh is de-activating:  1.058395202
2024-09-26T06:55:02.028Z STAKES Stake account B9XXR9H2pGCruGWyRJ2szi1i3G4uaS2kh7vP4paMHWSJ is de-activating:  0.00437446
2024-09-26T06:55:02.028Z STAKES Stake account 4WTF8fUWZVghBjMgroyUoi3FwKZMVzamzK5ZvhaygLKP is de-activating:  210.736796122
2024-09-26T06:55:02.028Z STAKES Stake account FTVNbptSiyvFNfU3nKefK6Fyw7SdqRzeWxhBsD8t2hZ4 is de-activating:  42.910302889
2024-09-26T06:55:02.028Z STAKES Stake account A2hWL8XAaajbCJWoVRRb4RCoA3MKHEVfoNzEgQyWHsT1 is de-activating:  1.039180751
2024-09-26T06:55:02.028Z STAKES Stake account BKwPNstGSFAQs7SwEoE6Zd6k1ihKhEoZse27qRLbmNUn is de-activating:  20.068419401
2024-09-26T06:55:02.029Z STAKES Stake account 6FH9bhczUG71gJztvRptxmq5CQZLW8PRopBVQJaWogqy is de-activating:  18.270643711
2024-09-26T06:55:02.029Z STAKES Stake account H629vDLCha3bTbQEJgX6AyA6GgXUb7trtRyhPVDkPyJg is de-activating:  1.062679889
2024-09-26T06:55:02.029Z STAKES Stake account GyTekvgjJX1sgyvhFrX2qeEfEGeHoVDLNKrx42azyE7e is de-activating:  0.053539754
2024-09-26T06:55:02.029Z STAKES Stake account J4iFuQf2SvzA8cUTiaJshr5CV41KvRAdyPiGcHxjg1en is de-activating:  11.936569874
2024-09-26T06:55:02.029Z STAKES Stake account 51hsKMXkHAKpPVQkrB8D3U7MLrJnAQcvPGqoJtqamq5b is de-activating:  21.143620269
2024-09-26T06:55:02.029Z STAKES Stake account BTUSruvMru7XHdNBGXQeVqcG45gStocbqYAQBpjepM3K is de-activating:  0.013947112
2024-09-26T06:55:02.029Z STAKES Stake account 9ygf3ZdhX2cWj6VGXr7D3KqCsTi5iECzt8X52TANhwCf is de-activating:  0.007321285
2024-09-26T06:55:02.029Z STAKES Stake account 3gXWS5jA6a29tdQMLHJqMB4xFi8Pv6N2kFZn2QgssSv4 is de-activating:  0.003283279
2024-09-26T06:55:02.029Z STAKES Stake account H61tF3aiFNDb4mZ8nh46kQJwDoCgwWCqwMktzKvTBPnp is de-activating:  47.567879017
2024-09-26T06:55:02.030Z STAKES Stake account Gp7e8S2FZunMa69zwGu7A9zCJk5o4hizM4669Lno117f is de-activating:  10.601650874
2024-09-26T06:55:02.030Z STAKES Stake account HxKNaAANizf3no5wckDiLigBYTxQ2S8SeNozjiob5v35 is de-activating:  0.31727138
2024-09-26T06:55:02.030Z STAKES Stake account DecKH4dxjLTJY2jFAPTiyTDmeW8AXaxQW3uEZz9Rx8d4 is de-activating:  1.060259136
2024-09-26T06:55:02.030Z STAKES Stake account AqzCjMgPQdMCcNMtNjfLrm6LMjrKrhufg1Yw462V3p5d is de-activating:  0.022951513
2024-09-26T06:55:02.030Z STAKES Stake account 3GiriQxvEwCHmJQm3HXB73vPezRE4uBj2QyNT638C3QL is de-activating:  0.007366828
2024-09-26T06:55:02.030Z STAKES Stake account 7pXoZ6SriKwgGorCfGozdj9yjQ8pEEtj21aNn61DACxp is de-activating:  52.853213397
2024-09-26T06:55:02.030Z STAKES Stake account 82nVtZuH9QjRqtyCianGqr8aXubVNeyHCz2Yz9PhSjvN is de-activating:  2.649705056
2024-09-26T06:55:02.030Z STAKES Stake account 8Jvjg2RBxWZxAeEetBv7szo67PAP3HJ4M6YSosdSWVd5 is de-activating:  2.316337083
2024-09-26T06:55:02.031Z STAKES Stake account Ff4hu56rD2dkavGe3BgAv4E9N8se6p6iyJqRdt5zEt6Y is de-activating:  2.111136569
2024-09-26T06:55:02.031Z STAKES Stake account 9Z4dCgQa3NBuTtv91KVws15irinNRN9JwNkmF1ExXmSp is de-activating:  14.23410671
2024-09-26T06:55:02.031Z STAKES Stake account EEBnS7Eku1c76zci93SDQPxiqBPTyaVXZHCkfLfmm44b is de-activating:  3.187677519
2024-09-26T06:55:02.031Z STAKES Stake account FNf2FsCPdSBHcEKJKkDhFmDPQDwftKGZ4R9f5y1qraGi is de-activating:  74.949734089
2024-09-26T06:55:02.031Z STAKES Stake account 8bCAGQzXRqcr7qxD3MP4bcd3c38VpgyHKa1HRfP54TqL is de-activating:  211.415658004
2024-09-26T06:55:02.031Z STAKES Stake account 57QmHLYu6umq4hpD1pmzjRcs7gcqftV8m3rttXVueuL3 is de-activating:  1.504343747
2024-09-26T06:55:02.031Z STAKES Stake account Cx4UZfxynM1maBUBuJFeTnH6RnPVmGfvMJekhbG2cnuV is de-activating:  0.003355572
2024-09-26T06:55:02.031Z STAKES Stake account TMTBNdZMZpJsj2uuabk3MdBhBrcyzz43GH5q9hegWTw is de-activating:  0.002693583
2024-09-26T06:55:02.031Z STAKES Stake account YcosCGcFsSuf38LPLM41agtDmsf5FKDMPA35sUUZzED is de-activating:  106.089987875
2024-09-26T06:55:02.032Z STAKES Stake account bxBfsYP96ZaKNHyY1L8N1KirNWixsnsTHJcSdUktiHL is de-activating:  22.200687142
2024-09-26T06:55:02.032Z STAKES Stake account grzW5PMmXocVyKTnzVXzZqpp7GPghbohp2wAgs6oKo5 is de-activating:  11.7912941
2024-09-26T06:55:02.032Z STAKES Stake account 21tasTZWFe3jEtM5tVt382JUZTaa32yimhPBVPTwiif3 is de-activating:  0.007311568
2024-09-26T06:55:02.032Z STAKES Stake account ACvHp2wvzRamJkcGqyZrgNaU2ShkcrmqxrAjjzJPBmuJ is de-activating:  0.00328288
2024-09-26T06:55:02.032Z STAKES Stake account 2UyUTr1UGarmFuwcgysRDVyWvnS2QJ4fjPV3hrytPyPY is de-activating:  42.265056555
2024-09-26T06:55:02.032Z STAKES Found:  0  accounts that can be de-activated delinquent validator AXA7ztxJGz77RHmocYQ6MEbPYHbpc3TmhtQqZGrdzqo1
2024-09-26T06:55:02.032Z FIND No deactivations possible for this validator
2024-09-26T06:55:02.185Z STAKES Found:  8  accounts for delinquent validator 7Tky1T9JDevVnNi9oF7tbq6T9KjRVdsMyrHusMKWbY4n
2024-09-26T06:55:02.185Z STAKES Stake account DLtQJzzAw1E4oSbLFY9XV418Vudc44B7MqTquTN4zNp7 is de-activated:  1.508496203
2024-09-26T06:55:02.185Z STAKES Stake account Cd2xvCAQFKDNFAmdpKjRE4GCEdajwNwJ5eFs76LQT3Ad is de-activating:  5.032787953
2024-09-26T06:55:02.185Z STAKES Stake account 2ithY2URchpUVWGEqRx9BJjui3Tqu6EtQKyvma1xzygB is de-activating:  6.000150055
2024-09-26T06:55:02.185Z STAKES Stake account 5K145yFrJSkVfBAVZ77APuoP2Kj5uvoJ2a8Hkuy3aVUh is de-activating:  0.003283745
2024-09-26T06:55:02.185Z STAKES Stake account CEjLLe5hvMVNf74hN3RxyBfhtSdiA5kVf6zbD69JgdpS is de-activating:  2.517535411
2024-09-26T06:55:02.185Z STAKES Stake account 2vjU3Ge49AUNsoiwvR65RnD6aFwN158ieDbuNsibVZci is de-activating:  15.000375223
2024-09-26T06:55:02.186Z STAKES Stake account 6oykKtrHSPi43w17izKRRofiQ2PrQQuiQuiPbZnCxA3m is de-activating:  15.007107751
2024-09-26T06:55:02.186Z STAKES Stake account EWoSDiWcnaF9a47WtiDwjLPsK8LaGSwQ6nrLjYPfp2CJ is de-activating:  0.00328288
2024-09-26T06:55:02.186Z STAKES Found:  0  accounts that can be de-activated delinquent validator 7Tky1T9JDevVnNi9oF7tbq6T9KjRVdsMyrHusMKWbY4n
2024-09-26T06:55:02.186Z FIND No deactivations possible for this validator
Server responded with 429 Too Many Requests.  Retrying after 500ms delay...
Server responded with 429 Too Many Requests.  Retrying after 1000ms delay...
Server responded with 429 Too Many Requests.  Retrying after 2000ms delay...
Server responded with 429 Too Many Requests.  Retrying after 4000ms delay...
2024-09-26T06:55:10.004Z FIND Error processing validator DDyikTKaM6RW8PZes38aULUeZkWCtecPZt2pmGCby5Q4 429 Too Many Requests:  {"jsonrpc":"2.0","error":{"code": 429, "message":"Too many requests for a specific RPC call"}, "id": "b76b90b6-c156-4080-a523-56d9f5795af6" } 
 Error: 429 Too Many Requests:  {"jsonrpc":"2.0","error":{"code": 429, "message":"Too many requests for a specific RPC call"}, "id": "b76b90b6-c156-4080-a523-56d9f5795af6" } 

    at ClientBrowser.callServer (/home/runner/work/solana-deactivate-delinquent/solana-deactivate-delinquent/node_modules/.pnpm/@solana+web3.js@1.87.6/node_modules/@solana/web3.js/lib/index.cjs.js:6474:18)
    at process.processTicksAndRejections (node:internal/process/task_queues:95:5)
Server responded with 429 Too Many Requests.  Retrying after 500ms delay...
Server responded with 429 Too Many Requests.  Retrying after 1000ms delay...
Server responded with 429 Too Many Requests.  Retrying after 2000ms delay...
Server responded with 429 Too Many Requests.  Retrying after 4000ms delay...
2024-09-26T06:55:17.906Z FIND Error processing validator 8M7fvH3pXSrDK8xaNXLN6kNxaAL3J4niRqPvzQru7X4w 429 Too Many Requests:  {"jsonrpc":"2.0","error":{"code": 429, "message":"Too many requests for a specific RPC call"}, "id": "65ce3f4a-27b9-486e-90b1-49e387eec95d" } 
 Error: 429 Too Many Requests:  {"jsonrpc":"2.0","error":{"code": 429, "message":"Too many requests for a specific RPC call"}, "id": "65ce3f4a-27b9-486e-90b1-49e387eec95d" } 

    at ClientBrowser.callServer (/home/runner/work/solana-deactivate-delinquent/solana-deactivate-delinquent/node_modules/.pnpm/@solana+web3.js@1.87.6/node_modules/@solana/web3.js/lib/index.cjs.js:6474:18)
    at process.processTicksAndRejections (node:internal/process/task_queues:95:5)
Server responded with 429 Too Many Requests.  Retrying after 500ms delay...
Server responded with 429 Too Many Requests.  Retrying after 1000ms delay...
Server responded with 429 Too Many Requests.  Retrying after 2000ms delay...
Server responded with 429 Too Many Requests.  Retrying after 4000ms delay...
2024-09-26T06:55:25.777Z FIND Error processing validator 2w1R9brqaUBu7jAboxGPKui9wMwNTcWcTMW9YrHu6obv 429 Too Many Requests:  {"jsonrpc":"2.0","error":{"code": 429, "message":"Too many requests for a specific RPC call"}, "id": "7d04affe-3dea-4df8-b704-64fbb61d3b5e" } 
 Error: 429 Too Many Requests:  {"jsonrpc":"2.0","error":{"code": 429, "message":"Too many requests for a specific RPC call"}, "id": "7d04affe-3dea-4df8-b704-64fbb61d3b5e" } 

    at ClientBrowser.callServer (/home/runner/work/solana-deactivate-delinquent/solana-deactivate-delinquent/node_modules/.pnpm/@solana+web3.js@1.87.6/node_modules/@solana/web3.js/lib/index.cjs.js:6474:18)
    at process.processTicksAndRejections (node:internal/process/task_queues:95:5)
Server responded with 429 Too Many Requests.  Retrying after 500ms delay...
Server responded with 429 Too Many Requests.  Retrying after 1000ms delay...
Server responded with 429 Too Many Requests.  Retrying after 2000ms delay...
Server responded with 429 Too Many Requests.  Retrying after 4000ms delay...
2024-09-26T06:55:33.582Z STAKES Found:  1  accounts for delinquent validator FwQrixNSWGmpp744EbKdFckjcKwvMWizYwsoZo8e6qWW
2024-09-26T06:55:33.582Z STAKES Stake account Hksw32t3DAS4JAcJBz7jM8Db8qkMkRdBZyXKRtkSXjyC is de-activating:  0.002282881
2024-09-26T06:55:33.582Z STAKES Found:  0  accounts that can be de-activated delinquent validator FwQrixNSWGmpp744EbKdFckjcKwvMWizYwsoZo8e6qWW
2024-09-26T06:55:33.582Z FIND No deactivations possible for this validator
2024-09-26T06:55:33.697Z STAKES Found:  1  accounts for delinquent validator BjYWWh1yyvAZQFhYhYBnhoiyUwSSGbNVEHHz1V95jAhm
2024-09-26T06:55:33.697Z STAKES Stake account 39aEzjrYkc3oSJ5BJytfe1MTbmfE7WZxuMPyV6k5GVM6 is de-activating:  0.002282881
2024-09-26T06:55:33.697Z STAKES Found:  0  accounts that can be de-activated delinquent validator BjYWWh1yyvAZQFhYhYBnhoiyUwSSGbNVEHHz1V95jAhm
2024-09-26T06:55:33.697Z FIND No deactivations possible for this validator
Server responded with 429 Too Many Requests.  Retrying after 500ms delay...
Server responded with 429 Too Many Requests.  Retrying after 1000ms delay...
Server responded with 429 Too Many Requests.  Retrying after 2000ms delay...
Server responded with 429 Too Many Requests.  Retrying after 4000ms delay...
2024-09-26T06:55:41.393Z FIND Error processing validator 3jujgVKtL9vaDVkvUpmTMfdccTPbzsw1UeJh4p8A8AeA 429 Too Many Requests:  {"jsonrpc":"2.0","error":{"code": 429, "message":"Too many requests for a specific RPC call"}, "id": "f956f10c-e290-4428-9c37-05603a557782" } 
 Error: 429 Too Many Requests:  {"jsonrpc":"2.0","error":{"code": 429, "message":"Too many requests for a specific RPC call"}, "id": "f956f10c-e290-4428-9c37-05603a557782" } 

    at ClientBrowser.callServer (/home/runner/work/solana-deactivate-delinquent/solana-deactivate-delinquent/node_modules/.pnpm/@solana+web3.js@1.87.6/node_modules/@solana/web3.js/lib/index.cjs.js:6474:18)
    at process.processTicksAndRejections (node:internal/process/task_queues:95:5)
Server responded with 429 Too Many Requests.  Retrying after 500ms delay...
Server responded with 429 Too Many Requests.  Retrying after 1000ms delay...
Server responded with 429 Too Many Requests.  Retrying after 2000ms delay...
Server responded with 429 Too Many Requests.  Retrying after 4000ms delay...
2024-09-26T06:55:49.119Z FIND Error processing validator 8nBL11XWJMEcDTq6ELVZ1qWa1DWNG7j54FgvviyRWE1D 429 Too Many Requests:  {"jsonrpc":"2.0","error":{"code": 429, "message":"Too many requests for a specific RPC call"}, "id": "76ea755e-220f-497e-81db-6b9c9f25ff71" } 
 Error: 429 Too Many Requests:  {"jsonrpc":"2.0","error":{"code": 429, "message":"Too many requests for a specific RPC call"}, "id": "76ea755e-220f-497e-81db-6b9c9f25ff71" } 

    at ClientBrowser.callServer (/home/runner/work/solana-deactivate-delinquent/solana-deactivate-delinquent/node_modules/.pnpm/@solana+web3.js@1.87.6/node_modules/@solana/web3.js/lib/index.cjs.js:6474:18)
    at process.processTicksAndRejections (node:internal/process/task_queues:95:5)
Server responded with 429 Too Many Requests.  Retrying after 500ms delay...
Server responded with 429 Too Many Requests.  Retrying after 1000ms delay...
Server responded with 429 Too Many Requests.  Retrying after 2000ms delay...
Server responded with 429 Too Many Requests.  Retrying after 4000ms delay...
2024-09-26T06:55:56.842Z FIND Error processing validator GcQseyAzbyA1KRSKGxQgpUmyDBvdNFc7y6JQEuafjFTs 429 Too Many Requests:  {"jsonrpc":"2.0","error":{"code": 429, "message":"Too many requests for a specific RPC call"}, "id": "345d11e3-370d-453c-ba17-907df6f2cb41" } 
 Error: 429 Too Many Requests:  {"jsonrpc":"2.0","error":{"code": 429, "message":"Too many requests for a specific RPC call"}, "id": "345d11e3-370d-453c-ba17-907df6f2cb41" } 

    at ClientBrowser.callServer (/home/runner/work/solana-deactivate-delinquent/solana-deactivate-delinquent/node_modules/.pnpm/@solana+web3.js@1.87.6/node_modules/@solana/web3.js/lib/index.cjs.js:6474:18)
    at process.processTicksAndRejections (node:internal/process/task_queues:95:5)
Server responded with 429 Too Many Requests.  Retrying after 500ms delay...
Server responded with 429 Too Many Requests.  Retrying after 1000ms delay...
Server responded with 429 Too Many Requests.  Retrying after 2000ms delay...
Server responded with 429 Too Many Requests.  Retrying after 4000ms delay...
2024-09-26T06:56:04.611Z STAKES Found:  1  accounts for delinquent validator 2WdrMdtKKSf5Yd4AjHNorNZ832KWiyYFSN94dsaj2ZJn
2024-09-26T06:56:04.611Z STAKES Stake account 5gvLauzom5KbSYKnf5FTTmM2ffhx5RKHrcvSpzqSbt4K is de-activating:  0.002282881
2024-09-26T06:56:04.611Z STAKES Found:  0  accounts that can be de-activated delinquent validator 2WdrMdtKKSf5Yd4AjHNorNZ832KWiyYFSN94dsaj2ZJn
2024-09-26T06:56:04.611Z FIND No deactivations possible for this validator
2024-09-26T06:56:04.650Z STAKES Found:  1  accounts for delinquent validator 3iWcP272GyeGSZBns6echFedaPoDgyprrY3URhRfWYdt
2024-09-26T06:56:04.650Z STAKES Stake account mtqNTHJ6TXT3c4AWNf8VXRuSYwfqkQVgd1n1bqr5gMq is activated:  0.002282881
2024-09-26T06:56:04.650Z STAKES Found:  1  accounts that can be de-activated delinquent validator 3iWcP272GyeGSZBns6echFedaPoDgyprrY3URhRfWYdt
2024-09-26T06:56:04.665Z DEACTIVATE Blockhash: FbigkQURCcztSm4x1Y7bm2gBFxXL5tgSintjbaxmpL9Q
2024-09-26T06:56:04.687Z DEACTIVATE Sent tx: 4qPizhfBatMXnHxjL5QvkmVg2a9M72Vq75gxZpr3DAo7vdpKSKxqLRJ2K9vDwdrL2qkKpcuVnGhxtcPoDs9rm83a https://explorer.solana.com/tx/4qPizhfBatMXnHxjL5QvkmVg2a9M72Vq75gxZpr3DAo7vdpKSKxqLRJ2K9vDwdrL2qkKpcuVnGhxtcPoDs9rm83a
2024-09-26T06:56:04.792Z DEACTIVATE Waiting for confirmations...
2024-09-26T06:56:24.938Z DEACTIVATE Confirmed.
2024-09-26T06:56:24.938Z FIND Deactivated stake accounts with total balance:
2024-09-26T06:56:24.975Z STAKES Found:  1  accounts for delinquent validator 85RFFFZiCbfDnBdoSaNvh2LF67sWKd8uRNzXmGFFvaXM
2024-09-26T06:56:24.975Z STAKES Stake account 88Y3faK4BacmkhojThvjt91nPoyUG8owZqwM7EHZAeFf is de-activating:  0.002282881
2024-09-26T06:56:24.975Z STAKES Found:  0  accounts that can be de-activated delinquent validator 85RFFFZiCbfDnBdoSaNvh2LF67sWKd8uRNzXmGFFvaXM
2024-09-26T06:56:24.975Z FIND No deactivations possible for this validator
2024-09-26T06:56:25.012Z STAKES Found:  1  accounts for delinquent validator BbSV8Xdt6oEJ9CM2ecutRAMRjmApszkJhn97XC9U9fnK
2024-09-26T06:56:25.012Z STAKES Stake account GoorUTPTPcYqk2zW41XWgj9DE847f6TEF8iBtUfuignR is de-activating:  0.002282881
2024-09-26T06:56:25.012Z STAKES Found:  0  accounts that can be de-activated delinquent validator BbSV8Xdt6oEJ9CM2ecutRAMRjmApszkJhn97XC9U9fnK
2024-09-26T06:56:25.012Z FIND No deactivations possible for this validator
Server responded with 429 Too Many Requests.  Retrying after 500ms delay...
Server responded with 429 Too Many Requests.  Retrying after 1000ms delay...
Server responded with 429 Too Many Requests.  Retrying after 2000ms delay...
Server responded with 429 Too Many Requests.  Retrying after 4000ms delay...
2024-09-26T06:56:32.710Z FIND Error processing validator FscAQgVoGXLr4J119B7tRTstvRjz2s9oTzXSdDU5Qddj 429 Too Many Requests:  {"jsonrpc":"2.0","error":{"code": 429, "message":"Too many requests for a specific RPC call"}, "id": "5440d8a1-44b1-4249-b107-49cfdf4d9601" } 
 Error: 429 Too Many Requests:  {"jsonrpc":"2.0","error":{"code": 429, "message":"Too many requests for a specific RPC call"}, "id": "5440d8a1-44b1-4249-b107-49cfdf4d9601" } 

    at ClientBrowser.callServer (/home/runner/work/solana-deactivate-delinquent/solana-deactivate-delinquent/node_modules/.pnpm/@solana+web3.js@1.87.6/node_modules/@solana/web3.js/lib/index.cjs.js:6474:18)
    at process.processTicksAndRejections (node:internal/process/task_queues:95:5)
Server responded with 429 Too Many Requests.  Retrying after 500ms delay...
Server responded with 429 Too Many Requests.  Retrying after 1000ms delay...
Server responded with 429 Too Many Requests.  Retrying after 2000ms delay...
2024-09-26T06:56:36.395Z STAKES Found:  1  accounts for delinquent validator CMsRrdUPjdXFLHLMxsxxVmh4W528jcnWQqXcHPW3x43j
2024-09-26T06:56:36.395Z STAKES Stake account 2XDtfQKyX86vZ5pzs2LXFpJAZuGZY49c5x9ffugkcvTJ is de-activating:  0.002282881
2024-09-26T06:56:36.395Z STAKES Found:  0  accounts that can be de-activated delinquent validator CMsRrdUPjdXFLHLMxsxxVmh4W528jcnWQqXcHPW3x43j
2024-09-26T06:56:36.395Z FIND No deactivations possible for this validator
2024-09-26T06:56:36.453Z STAKES Found:  1  accounts for delinquent validator 68Py729tjYf1mjPJg9fuCm3HdCejEAnYRShpWxtKgN5F
2024-09-26T06:56:36.453Z STAKES Stake account BdupZFcUhZg1fa2Q1NZYqXXAFX2fCEATvjfRKtDMeFjU is de-activating:  0.002282881
2024-09-26T06:56:36.453Z STAKES Found:  0  accounts that can be de-activated delinquent validator 68Py729tjYf1mjPJg9fuCm3HdCejEAnYRShpWxtKgN5F
2024-09-26T06:56:36.453Z FIND No deactivations possible for this validator
Server responded with 429 Too Many Requests.  Retrying after 500ms delay...
Server responded with 429 Too Many Requests.  Retrying after 1000ms delay...
Server responded with 429 Too Many Requests.  Retrying after 2000ms delay...
Server responded with 429 Too Many Requests.  Retrying after 4000ms delay...
2024-09-26T06:56:44.112Z FIND Error processing validator 6qh4syVPTGdZVrHAXsc2MtAxNEiHHHQqxMqZEgRfHxZ3 429 Too Many Requests:  {"jsonrpc":"2.0","error":{"code": 429, "message":"Too many requests for a specific RPC call"}, "id": "56849e2a-d140-47a4-9947-5712d0b6d7cf" } 
 Error: 429 Too Many Requests:  {"jsonrpc":"2.0","error":{"code": 429, "message":"Too many requests for a specific RPC call"}, "id": "56849e2a-d140-47a4-9947-5712d0b6d7cf" } 

    at ClientBrowser.callServer (/home/runner/work/solana-deactivate-delinquent/solana-deactivate-delinquent/node_modules/.pnpm/@solana+web3.js@1.87.6/node_modules/@solana/web3.js/lib/index.cjs.js:6474:18)
    at process.processTicksAndRejections (node:internal/process/task_queues:95:5)
Server responded with 429 Too Many Requests.  Retrying after 500ms delay...
Server responded with 429 Too Many Requests.  Retrying after 1000ms delay...
Server responded with 429 Too Many Requests.  Retrying after 2000ms delay...
Server responded with 429 Too Many Requests.  Retrying after 4000ms delay...
2024-09-26T06:56:51.812Z FIND Error processing validator GrWXv9BJnvauGu9cy3ZLvBuF5CBLyDdoaPRS7sQ2kHP2 429 Too Many Requests:  {"jsonrpc":"2.0","error":{"code": 429, "message":"Too many requests for a specific RPC call"}, "id": "4d969d56-ff82-4b0f-820f-e04d9da74ee8" } 
 Error: 429 Too Many Requests:  {"jsonrpc":"2.0","error":{"code": 429, "message":"Too many requests for a specific RPC call"}, "id": "4d969d56-ff82-4b0f-820f-e04d9da74ee8" } 

    at ClientBrowser.callServer (/home/runner/work/solana-deactivate-delinquent/solana-deactivate-delinquent/node_modules/.pnpm/@solana+web3.js@1.87.6/node_modules/@solana/web3.js/lib/index.cjs.js:6474:18)
    at process.processTicksAndRejections (node:internal/process/task_queues:95:5)
Server responded with 429 Too Many Requests.  Retrying after 500ms delay...
Server responded with 429 Too Many Requests.  Retrying after 1000ms delay...
Server responded with 429 Too Many Requests.  Retrying after 2000ms delay...
Server responded with 429 Too Many Requests.  Retrying after 4000ms delay...
2024-09-26T06:56:59.494Z FIND Error processing validator FS33hJY77m4BWfjJ4s2xK5Bq9kLPpNRAbeD3J6hXLd4V 429 Too Many Requests:  {"jsonrpc":"2.0","error":{"code": 429, "message":"Too many requests for a specific RPC call"}, "id": "164dbd93-9b34-47e4-b02c-e5f9f504130b" } 
 Error: 429 Too Many Requests:  {"jsonrpc":"2.0","error":{"code": 429, "message":"Too many requests for a specific RPC call"}, "id": "164dbd93-9b34-47e4-b02c-e5f9f504130b" } 

    at ClientBrowser.callServer (/home/runner/work/solana-deactivate-delinquent/solana-deactivate-delinquent/node_modules/.pnpm/@solana+web3.js@1.87.6/node_modules/@solana/web3.js/lib/index.cjs.js:6474:18)
    at process.processTicksAndRejections (node:internal/process/task_queues:95:5)
Server responded with 429 Too Many Requests.  Retrying after 500ms delay...
Server responded with 429 Too Many Requests.  Retrying after 1000ms delay...
Server responded with 429 Too Many Requests.  Retrying after 2000ms delay...
Server responded with 429 Too Many Requests.  Retrying after 4000ms delay...
2024-09-26T06:57:07.193Z STAKES Found:  1  accounts for delinquent validator Uqt9NeBe9LsYThG9S64pG2s3nsJ8nCLvnWtJNC6rKKA
2024-09-26T06:57:07.193Z STAKES Stake account 7TmYPad5P8iaMq2WhKZ8vbtrPcf6XNVPde9auBpdH5fy is activated:  0.002282881
2024-09-26T06:57:07.193Z STAKES Found:  1  accounts that can be de-activated delinquent validator Uqt9NeBe9LsYThG9S64pG2s3nsJ8nCLvnWtJNC6rKKA
2024-09-26T06:57:07.229Z DEACTIVATE Blockhash: 5g5S1MrnawWBPoG8w4dXhjHvUok67B2e8Hx4Hx6MkD5C
2024-09-26T06:57:07.247Z DEACTIVATE Sent tx: 3oFiy8WzVA8EhwJ27kfotpNsNZoLdXnjGriZhwjMGakqLRLyzaxrY8ksW4RzBCirBwKCnd4cuaeFhkwBwEYUzSwM https://explorer.solana.com/tx/3oFiy8WzVA8EhwJ27kfotpNsNZoLdXnjGriZhwjMGakqLRLyzaxrY8ksW4RzBCirBwKCnd4cuaeFhkwBwEYUzSwM
2024-09-26T06:57:07.348Z DEACTIVATE Waiting for confirmations...
2024-09-26T06:57:24.927Z DEACTIVATE Confirmed.
2024-09-26T06:57:24.927Z FIND Deactivated stake accounts with total balance:
2024-09-26T06:57:24.965Z STAKES Found:  1  accounts for delinquent validator FbRosCwR5zW7RLMd2DzQ9Pwfvp2cAaSYSa9LioXeDXy1
2024-09-26T06:57:24.965Z STAKES Stake account 9HqDWQcAMZrGY8pqXkbUPuTLAr3ZKWVLBb8EsvMFj139 is activated:  0.002282881
2024-09-26T06:57:24.965Z STAKES Found:  1  accounts that can be de-activated delinquent validator FbRosCwR5zW7RLMd2DzQ9Pwfvp2cAaSYSa9LioXeDXy1
2024-09-26T06:57:25.001Z DEACTIVATE Blockhash: 3BkJqjv5m4SyXe3ueeGzDiB64GG3L3T2AKHLZoUPTfMg
2024-09-26T06:57:25.018Z DEACTIVATE Sent tx: 3UVRyAW3hAY9St8huYS13qheZAEHymWzLkWST7Md8vNkhkUKsqFnswpQd6vWB7nmpUp1qihCi1te9pLVd5tBjWNU https://explorer.solana.com/tx/3UVRyAW3hAY9St8huYS13qheZAEHymWzLkWST7Md8vNkhkUKsqFnswpQd6vWB7nmpUp1qihCi1te9pLVd5tBjWNU
2024-09-26T06:57:25.119Z DEACTIVATE Waiting for confirmations...
2024-09-26T06:57:43.963Z DEACTIVATE Confirmed.
2024-09-26T06:57:43.963Z FIND Deactivated stake accounts with total balance:
2024-09-26T06:57:44.009Z STAKES Found:  1  accounts for delinquent validator 713hC8PyHeYkHYobyN9D985QeFMoxYbYGLPtUqYevGws
2024-09-26T06:57:44.009Z STAKES Stake account 36Tt3ZySmwNpryA1CmiS8CXdo5CRbCA8nuKKAw4vsF7T is de-activating:  0.002282881
2024-09-26T06:57:44.010Z STAKES Found:  0  accounts that can be de-activated delinquent validator 713hC8PyHeYkHYobyN9D985QeFMoxYbYGLPtUqYevGws
2024-09-26T06:57:44.010Z FIND No deactivations possible for this validator
2024-09-26T06:57:44.046Z STAKES Found:  1  accounts for delinquent validator 5Hkc3nutFnd36LJJ3uKm6VWgrbPc1gKSaT8JpiowLJmH
2024-09-26T06:57:44.046Z STAKES Stake account FjGMvE89BXcKcFHqwB6rFDWRDLA9MBYbHo33LTTxdT3U is de-activating:  0.002282881
2024-09-26T06:57:44.046Z STAKES Found:  0  accounts that can be de-activated delinquent validator 5Hkc3nutFnd36LJJ3uKm6VWgrbPc1gKSaT8JpiowLJmH
2024-09-26T06:57:44.047Z FIND No deactivations possible for this validator
Server responded with 429 Too Many Requests.  Retrying after 500ms delay...
Server responded with 429 Too Many Requests.  Retrying after 1000ms delay...
Server responded with 429 Too Many Requests.  Retrying after 2000ms delay...
Server responded with 429 Too Many Requests.  Retrying after 4000ms delay...
2024-09-26T06:57:51.706Z FIND Error processing validator EJ7vE3BA1SChJs5s3h598p1KUSLwkCGrszgZsArBgT1C 429 Too Many Requests:  {"jsonrpc":"2.0","error":{"code": 429, "message":"Too many requests for a specific RPC call"}, "id": "61e41bc1-dbbd-4817-93fb-3c5dba366703" } 
 Error: 429 Too Many Requests:  {"jsonrpc":"2.0","error":{"code": 429, "message":"Too many requests for a specific RPC call"}, "id": "61e41bc1-dbbd-4817-93fb-3c5dba366703" } 

    at ClientBrowser.callServer (/home/runner/work/solana-deactivate-delinquent/solana-deactivate-delinquent/node_modules/.pnpm/@solana+web3.js@1.87.6/node_modules/@solana/web3.js/lib/index.cjs.js:6474:18)
    at process.processTicksAndRejections (node:internal/process/task_queues:95:5)
Server responded with 429 Too Many Requests.  Retrying after 500ms delay...
Server responded with 429 Too Many Requests.  Retrying after 1000ms delay...
Server responded with 429 Too Many Requests.  Retrying after 2000ms delay...
Server responded with 429 Too Many Requests.  Retrying after 4000ms delay...
2024-09-26T06:57:59.388Z FIND Error processing validator 7Sd1cSdTVgZbr9ybERxdeQVmwNddVo88zC99md6ft5tN 429 Too Many Requests:  {"jsonrpc":"2.0","error":{"code": 429, "message":"Too many requests for a specific RPC call"}, "id": "4ff9e013-21f0-47c6-80d8-c1d3d01e57a4" } 
 Error: 429 Too Many Requests:  {"jsonrpc":"2.0","error":{"code": 429, "message":"Too many requests for a specific RPC call"}, "id": "4ff9e013-21f0-47c6-80d8-c1d3d01e57a4" } 

    at ClientBrowser.callServer (/home/runner/work/solana-deactivate-delinquent/solana-deactivate-delinquent/node_modules/.pnpm/@solana+web3.js@1.87.6/node_modules/@solana/web3.js/lib/index.cjs.js:6474:18)
    at process.processTicksAndRejections (node:internal/process/task_queues:95:5)
Server responded with 429 Too Many Requests.  Retrying after 500ms delay...
Server responded with 429 Too Many Requests.  Retrying after 1000ms delay...
Server responded with 429 Too Many Requests.  Retrying after 2000ms delay...
Server responded with 429 Too Many Requests.  Retrying after 4000ms delay...
2024-09-26T06:58:07.139Z FIND Error processing validator GuThGBuwCxeoCeRb1yp3idtd7BkGFtTUCaqGkapbiSFu 429 Too Many Requests:  {"jsonrpc":"2.0","error":{"code": 429, "message":"Too many requests for a specific RPC call"}, "id": "e20c2b69-de22-4532-81bb-809f3d26c8a3" } 
 Error: 429 Too Many Requests:  {"jsonrpc":"2.0","error":{"code": 429, "message":"Too many requests for a specific RPC call"}, "id": "e20c2b69-de22-4532-81bb-809f3d26c8a3" } 

    at ClientBrowser.callServer (/home/runner/work/solana-deactivate-delinquent/solana-deactivate-delinquent/node_modules/.pnpm/@solana+web3.js@1.87.6/node_modules/@solana/web3.js/lib/index.cjs.js:6474:18)
    at process.processTicksAndRejections (node:internal/process/task_queues:95:5)
Server responded with 429 Too Many Requests.  Retrying after 500ms delay...
Server responded with 429 Too Many Requests.  Retrying after 1000ms delay...
Server responded with 429 Too Many Requests.  Retrying after 2000ms delay...
Server responded with 429 Too Many Requests.  Retrying after 4000ms delay...
2024-09-26T06:58:14.829Z FIND Error processing validator Gtjo1BPYNZjUJzrNLHE6KzY47XNErdXk5A7RH82s881j 429 Too Many Requests:  {"jsonrpc":"2.0","error":{"code": 429, "message":"Too many requests for a specific RPC call"}, "id": "96c3f195-ec40-4dc6-9deb-9cc1cc254091" } 
 Error: 429 Too Many Requests:  {"jsonrpc":"2.0","error":{"code": 429, "message":"Too many requests for a specific RPC call"}, "id": "96c3f195-ec40-4dc6-9deb-9cc1cc254091" } 

    at ClientBrowser.callServer (/home/runner/work/solana-deactivate-delinquent/solana-deactivate-delinquent/node_modules/.pnpm/@solana+web3.js@1.87.6/node_modules/@solana/web3.js/lib/index.cjs.js:6474:18)
    at process.processTicksAndRejections (node:internal/process/task_queues:95:5)
Server responded with 429 Too Many Requests.  Retrying after 500ms delay...
Server responded with 429 Too Many Requests.  Retrying after 1000ms delay...
Server responded with 429 Too Many Requests.  Retrying after 2000ms delay...
Server responded with 429 Too Many Requests.  Retrying after 4000ms delay...
2024-09-26T06:58:22.523Z FIND Error processing validator 7rRvt7YBMyoKqxKibbpLJEBnA1iWwD9QXAhD8CqqC8fd 429 Too Many Requests:  {"jsonrpc":"2.0","error":{"code": 429, "message":"Too many requests for a specific RPC call"}, "id": "d374aba9-e463-4a04-ba42-c31973a2e3a2" } 
 Error: 429 Too Many Requests:  {"jsonrpc":"2.0","error":{"code": 429, "message":"Too many requests for a specific RPC call"}, "id": "d374aba9-e463-4a04-ba42-c31973a2e3a2" } 

    at ClientBrowser.callServer (/home/runner/work/solana-deactivate-delinquent/solana-deactivate-delinquent/node_modules/.pnpm/@solana+web3.js@1.87.6/node_modules/@solana/web3.js/lib/index.cjs.js:6474:18)
    at process.processTicksAndRejections (node:internal/process/task_queues:95:5)
Server responded with 429 Too Many Requests.  Retrying after 500ms delay...
Server responded with 429 Too Many Requests.  Retrying after 1000ms delay...
Server responded with 429 Too Many Requests.  Retrying after 2000ms delay...
Server responded with 429 Too Many Requests.  Retrying after 4000ms delay...
2024-09-26T06:58:30.208Z FIND Error processing validator 9X8qdtYB1CfZ6L5JFcwZoyz6HusUpGC47BSdDcwYcaCs 429 Too Many Requests:  {"jsonrpc":"2.0","error":{"code": 429, "message":"Too many requests for a specific RPC call"}, "id": "2e6e4bee-8410-4e0a-b2b4-d192578938ec" } 
 Error: 429 Too Many Requests:  {"jsonrpc":"2.0","error":{"code": 429, "message":"Too many requests for a specific RPC call"}, "id": "2e6e4bee-8410-4e0a-b2b4-d192578938ec" } 

    at ClientBrowser.callServer (/home/runner/work/solana-deactivate-delinquent/solana-deactivate-delinquent/node_modules/.pnpm/@solana+web3.js@1.87.6/node_modules/@solana/web3.js/lib/index.cjs.js:6474:18)
    at process.processTicksAndRejections (node:internal/process/task_queues:95:5)
Server responded with 429 Too Many Requests.  Retrying after 500ms delay...
Server responded with 429 Too Many Requests.  Retrying after 1000ms delay...
Server responded with 429 Too Many Requests.  Retrying after 2000ms delay...
Server responded with 429 Too Many Requests.  Retrying after 4000ms delay...
2024-09-26T06:58:37.894Z FIND Error processing validator 9SNtHX34DoHZsY16AY4ZufxFHygjkeR55KmDGrSH4arQ 429 Too Many Requests:  {"jsonrpc":"2.0","error":{"code": 429, "message":"Too many requests for a specific RPC call"}, "id": "7a88bb39-be07-4a74-9c3c-df12745e4153" } 
 Error: 429 Too Many Requests:  {"jsonrpc":"2.0","error":{"code": 429, "message":"Too many requests for a specific RPC call"}, "id": "7a88bb39-be07-4a74-9c3c-df12745e4153" } 

    at ClientBrowser.callServer (/home/runner/work/solana-deactivate-delinquent/solana-deactivate-delinquent/node_modules/.pnpm/@solana+web3.js@1.87.6/node_modules/@solana/web3.js/lib/index.cjs.js:6474:18)
    at process.processTicksAndRejections (node:internal/process/task_queues:95:5)
Server responded with 429 Too Many Requests.  Retrying after 500ms delay...
Server responded with 429 Too Many Requests.  Retrying after 1000ms delay...
Server responded with 429 Too Many Requests.  Retrying after 2000ms delay...
Server responded with 429 Too Many Requests.  Retrying after 4000ms delay...
2024-09-26T06:58:45.593Z STAKES Found:  1  accounts for delinquent validator 6iofqZZRkZvKuqtQ5XmDrPkbEV8cu3AbtPLC589ZKfrX
2024-09-26T06:58:45.593Z STAKES Stake account 3Zyo3UaKiTfFUey2a9BvmUtsfoTApaPPwJSGWU9HZAN5 is activated:  0.002282881
2024-09-26T06:58:45.593Z STAKES Found:  1  accounts that can be de-activated delinquent validator 6iofqZZRkZvKuqtQ5XmDrPkbEV8cu3AbtPLC589ZKfrX
2024-09-26T06:58:45.631Z DEACTIVATE Blockhash: ZqMusEueKBsgGHdjxyFSqJk5Bg6NWtb2UoAHaopbigD
2024-09-26T06:58:45.646Z DEACTIVATE Sent tx: EkBd3KQCLDn61UYFrMgsuA16DN5gdipPeEVFVx8KfLdjYT1hZsGj7x2zWqqD6yXsCuzMwH24heZfpBW2JeMVpz2 https://explorer.solana.com/tx/EkBd3KQCLDn61UYFrMgsuA16DN5gdipPeEVFVx8KfLdjYT1hZsGj7x2zWqqD6yXsCuzMwH24heZfpBW2JeMVpz2
2024-09-26T06:58:45.748Z DEACTIVATE Waiting for confirmations...
2024-09-26T06:59:03.726Z DEACTIVATE Confirmed.
2024-09-26T06:59:03.726Z FIND Deactivated stake accounts with total balance:
2024-09-26T06:59:03.764Z STAKES Found:  1  accounts for delinquent validator 7N4Sz9tHuLjivyk465aUfs4w5gV82ErCKjgnRPTbXa6s
2024-09-26T06:59:03.764Z STAKES Stake account HW9vvknHqZY4zBGpMfFtBbgNZFRchmgiXvd6WmPj2tf4 is de-activating:  0.002282881
2024-09-26T06:59:03.764Z STAKES Found:  0  accounts that can be de-activated delinquent validator 7N4Sz9tHuLjivyk465aUfs4w5gV82ErCKjgnRPTbXa6s
2024-09-26T06:59:03.764Z FIND No deactivations possible for this validator
2024-09-26T06:59:03.801Z STAKES Found:  1  accounts for delinquent validator 8qq9tw5QpoWnAh9hK5Uzkt4YC2Hygpeyd5iQZTocSBYD
2024-09-26T06:59:03.801Z STAKES Stake account CprhassuCigom1hgrSi6ioMpvamShWgUaK5vTpKtLHH3 is de-activating:  0.002282881
2024-09-26T06:59:03.801Z STAKES Found:  0  accounts that can be de-activated delinquent validator 8qq9tw5QpoWnAh9hK5Uzkt4YC2Hygpeyd5iQZTocSBYD
2024-09-26T06:59:03.802Z FIND No deactivations possible for this validator
Server responded with 429 Too Many Requests.  Retrying after 500ms delay...
Server responded with 429 Too Many Requests.  Retrying after 1000ms delay...
Server responded with 429 Too Many Requests.  Retrying after 2000ms delay...
Server responded with 429 Too Many Requests.  Retrying after 4000ms delay...
2024-09-26T06:59:11.474Z FIND Error processing validator FPqjaCnSWVrwhbg7JZ8ABF8dGAXgVU5q7vgqSu5DjpNE 429 Too Many Requests:  {"jsonrpc":"2.0","error":{"code": 429, "message":"Too many requests for a specific RPC call"}, "id": "8784bd54-7b9c-4e08-a2db-168c1e55db25" } 
 Error: 429 Too Many Requests:  {"jsonrpc":"2.0","error":{"code": 429, "message":"Too many requests for a specific RPC call"}, "id": "8784bd54-7b9c-4e08-a2db-168c1e55db25" } 

    at ClientBrowser.callServer (/home/runner/work/solana-deactivate-delinquent/solana-deactivate-delinquent/node_modules/.pnpm/@solana+web3.js@1.87.6/node_modules/@solana/web3.js/lib/index.cjs.js:6474:18)
    at process.processTicksAndRejections (node:internal/process/task_queues:95:5)
Server responded with 429 Too Many Requests.  Retrying after 500ms delay...
Server responded with 429 Too Many Requests.  Retrying after 1000ms delay...
Server responded with 429 Too Many Requests.  Retrying after 2000ms delay...
Server responded with 429 Too Many Requests.  Retrying after 4000ms delay...
2024-09-26T06:59:19.172Z STAKES Found:  1  accounts for delinquent validator Gx61qmf2xjPFpwPn9GPLNMPAxr4gZ6mup2YDzE3MwSec
2024-09-26T06:59:19.172Z STAKES Stake account AGHCGsoCtcA2FBuiJquYEKYwvvyKcwjnqbhsZbDbjAEy is de-activating:  0.002282881
2024-09-26T06:59:19.172Z STAKES Found:  0  accounts that can be de-activated delinquent validator Gx61qmf2xjPFpwPn9GPLNMPAxr4gZ6mup2YDzE3MwSec
2024-09-26T06:59:19.172Z FIND No deactivations possible for this validator
2024-09-26T06:59:19.212Z STAKES Found:  1  accounts for delinquent validator 5GNZN7FQoCQPsB3shkiQbwshSFZpe96PAcD5cQuboZZ7
2024-09-26T06:59:19.212Z STAKES Stake account Ddb5dSYfFd4R1AGWFtZspRsm6wb6XbJWoiK98P8p4oXQ is de-activating:  0.002282881
2024-09-26T06:59:19.212Z STAKES Found:  0  accounts that can be de-activated delinquent validator 5GNZN7FQoCQPsB3shkiQbwshSFZpe96PAcD5cQuboZZ7
2024-09-26T06:59:19.212Z FIND No deactivations possible for this validator
Server responded with 429 Too Many Requests.  Retrying after 500ms delay...
Server responded with 429 Too Many Requests.  Retrying after 1000ms delay...
Server responded with 429 Too Many Requests.  Retrying after 2000ms delay...
Server responded with 429 Too Many Requests.  Retrying after 4000ms delay...
2024-09-26T06:59:26.873Z FIND Error processing validator EfuNZaDkNTvrLSDss9qb8foTrbtHisWdzxBRn9zLfB9z 429 Too Many Requests:  {"jsonrpc":"2.0","error":{"code": 429, "message":"Too many requests for a specific RPC call"}, "id": "ab16f556-d10f-4547-8f33-da9c3f5af837" } 
 Error: 429 Too Many Requests:  {"jsonrpc":"2.0","error":{"code": 429, "message":"Too many requests for a specific RPC call"}, "id": "ab16f556-d10f-4547-8f33-da9c3f5af837" } 

    at ClientBrowser.callServer (/home/runner/work/solana-deactivate-delinquent/solana-deactivate-delinquent/node_modules/.pnpm/@solana+web3.js@1.87.6/node_modules/@solana/web3.js/lib/index.cjs.js:6474:18)
    at process.processTicksAndRejections (node:internal/process/task_queues:95:5)
Server responded with 429 Too Many Requests.  Retrying after 500ms delay...
Server responded with 429 Too Many Requests.  Retrying after 1000ms delay...
Server responded with 429 Too Many Requests.  Retrying after 2000ms delay...
Server responded with 429 Too Many Requests.  Retrying after 4000ms delay...
2024-09-26T06:59:34.568Z FIND Error processing validator DD4k6dMPn6VSy5BpGQSb4ansEDyGbXbzxx1g71PHLzEF 429 Too Many Requests:  {"jsonrpc":"2.0","error":{"code": 429, "message":"Too many requests for a specific RPC call"}, "id": "2951c57e-f785-4bfa-9a22-da509472c544" } 
 Error: 429 Too Many Requests:  {"jsonrpc":"2.0","error":{"code": 429, "message":"Too many requests for a specific RPC call"}, "id": "2951c57e-f785-4bfa-9a22-da509472c544" } 

    at ClientBrowser.callServer (/home/runner/work/solana-deactivate-delinquent/solana-deactivate-delinquent/node_modules/.pnpm/@solana+web3.js@1.87.6/node_modules/@solana/web3.js/lib/index.cjs.js:6474:18)
    at process.processTicksAndRejections (node:internal/process/task_queues:95:5)
Server responded with 429 Too Many Requests.  Retrying after 500ms delay...
Server responded with 429 Too Many Requests.  Retrying after 1000ms delay...
Server responded with 429 Too Many Requests.  Retrying after 2000ms delay...
Server responded with 429 Too Many Requests.  Retrying after 4000ms delay...
2024-09-26T06:59:42.258Z FIND Error processing validator GtuK529GrWRdktAnGSNLsBau7reojdYyP1WBm35SAXgC 429 Too Many Requests:  {"jsonrpc":"2.0","error":{"code": 429, "message":"Too many requests for a specific RPC call"}, "id": "0e66ec8e-8db3-424b-898e-ac3b4282180e" } 
 Error: 429 Too Many Requests:  {"jsonrpc":"2.0","error":{"code": 429, "message":"Too many requests for a specific RPC call"}, "id": "0e66ec8e-8db3-424b-898e-ac3b4282180e" } 

    at ClientBrowser.callServer (/home/runner/work/solana-deactivate-delinquent/solana-deactivate-delinquent/node_modules/.pnpm/@solana+web3.js@1.87.6/node_modules/@solana/web3.js/lib/index.cjs.js:6474:18)
    at process.processTicksAndRejections (node:internal/process/task_queues:95:5)
Server responded with 429 Too Many Requests.  Retrying after 500ms delay...
Server responded with 429 Too Many Requests.  Retrying after 1000ms delay...
Server responded with 429 Too Many Requests.  Retrying after 2000ms delay...
Server responded with 429 Too Many Requests.  Retrying after 4000ms delay...
2024-09-26T06:59:49.954Z STAKES Found:  1  accounts for delinquent validator HsApTqQZvo2YKUTAezN4yeygu61A85TSyJoU69yegs51
2024-09-26T06:59:49.954Z STAKES Stake account 7UtKb8XiJ64cAtPS2gNAPJEbHZixnebrvkU4gTnu5fDe is activated:  0.002282881
2024-09-26T06:59:49.954Z STAKES Found:  1  accounts that can be de-activated delinquent validator HsApTqQZvo2YKUTAezN4yeygu61A85TSyJoU69yegs51
2024-09-26T06:59:49.990Z DEACTIVATE Blockhash: F2WtqLtGEbMtX6ChzzMr9oA9T8E6Ap3nMMZqjmZTXiAv
2024-09-26T06:59:50.010Z FIND Error processing validator HsApTqQZvo2YKUTAezN4yeygu61A85TSyJoU69yegs51 failed to send transaction: Transaction simulation failed: Blockhash not found SendTransactionError: failed to send transaction: Transaction simulation failed: Blockhash not found
    at Connection.sendEncodedTransaction (/home/runner/work/solana-deactivate-delinquent/solana-deactivate-delinquent/node_modules/.pnpm/@solana+web3.js@1.87.6/node_modules/@solana/web3.js/lib/index.cjs.js:9560:13)
    at process.processTicksAndRejections (node:internal/process/task_queues:95:5)
    at async Connection.sendRawTransaction (/home/runner/work/solana-deactivate-delinquent/solana-deactivate-delinquent/node_modules/.pnpm/@solana+web3.js@1.87.6/node_modules/@solana/web3.js/lib/index.cjs.js:9526:20)
    at async Connection.sendTransaction (/home/runner/work/solana-deactivate-delinquent/solana-deactivate-delinquent/node_modules/.pnpm/@solana+web3.js@1.87.6/node_modules/@solana/web3.js/lib/index.cjs.js:9482:14)
    at async deactivateDelinquentAccounts (/home/runner/work/solana-deactivate-delinquent/solana-deactivate-delinquent/index.js:153:27)
    at async unstakeDelinquents (/home/runner/work/solana-deactivate-delinquent/solana-deactivate-delinquent/index.js:190:21) {
  logs: []
}
2024-09-26T06:59:50.023Z STAKES Found:  1  accounts for delinquent validator 685qv16TfRSkwkjM5or3JTEZaPstH3mNW36gFZA3FKc9
2024-09-26T06:59:50.024Z STAKES Stake account 999KtBPnTE38zNdpK8xVtgQbMBjU8ym9qPkvcEN5kk7D is de-activating:  0.002282881
2024-09-26T06:59:50.024Z STAKES Found:  0  accounts that can be de-activated delinquent validator 685qv16TfRSkwkjM5or3JTEZaPstH3mNW36gFZA3FKc9
2024-09-26T06:59:50.024Z FIND No deactivations possible for this validator
Server responded with 429 Too Many Requests.  Retrying after 500ms delay...
Server responded with 429 Too Many Requests.  Retrying after 1000ms delay...
Server responded with 429 Too Many Requests.  Retrying after 2000ms delay...
Server responded with 429 Too Many Requests.  Retrying after 4000ms delay...
2024-09-26T06:59:57.662Z FIND Error processing validator GwT7sTF3bCQrn4oyeV5bAgCZjC5Kz624JqCUdhj7nk1W 429 Too Many Requests:  {"jsonrpc":"2.0","error":{"code": 429, "message":"Too many requests for a specific RPC call"}, "id": "74564bb1-3976-469e-9883-93d2021833c5" } 
 Error: 429 Too Many Requests:  {"jsonrpc":"2.0","error":{"code": 429, "message":"Too many requests for a specific RPC call"}, "id": "74564bb1-3976-469e-9883-93d2021833c5" } 

    at ClientBrowser.callServer (/home/runner/work/solana-deactivate-delinquent/solana-deactivate-delinquent/node_modules/.pnpm/@solana+web3.js@1.87.6/node_modules/@solana/web3.js/lib/index.cjs.js:6474:18)
    at process.processTicksAndRejections (node:internal/process/task_queues:95:5)
Server responded with 429 Too Many Requests.  Retrying after 500ms delay...
Server responded with 429 Too Many Requests.  Retrying after 1000ms delay...
Server responded with 429 Too Many Requests.  Retrying after 2000ms delay...
Server responded with 429 Too Many Requests.  Retrying after 4000ms delay...
2024-09-26T07:00:05.351Z FIND Error processing validator BuKQr8TwrEyz9urVgGGWv9LRYU6gAvrddLJsttUAJqiP 429 Too Many Requests:  {"jsonrpc":"2.0","error":{"code": 429, "message":"Too many requests for a specific RPC call"}, "id": "6a457279-2249-42b3-9ad1-587b504c401a" } 
 Error: 429 Too Many Requests:  {"jsonrpc":"2.0","error":{"code": 429, "message":"Too many requests for a specific RPC call"}, "id": "6a457279-2249-42b3-9ad1-587b504c401a" } 

    at ClientBrowser.callServer (/home/runner/work/solana-deactivate-delinquent/solana-deactivate-delinquent/node_modules/.pnpm/@solana+web3.js@1.87.6/node_modules/@solana/web3.js/lib/index.cjs.js:6474:18)
    at process.processTicksAndRejections (node:internal/process/task_queues:95:5)
Server responded with 429 Too Many Requests.  Retrying after 500ms delay...
Server responded with 429 Too Many Requests.  Retrying after 1000ms delay...
Server responded with 429 Too Many Requests.  Retrying after 2000ms delay...
Server responded with 429 Too Many Requests.  Retrying after 4000ms delay...
2024-09-26T07:00:13.035Z FIND Error processing validator 9cqgReCAzkszADM9qvLixANPTotFRrjB1z9GJQZm5Weu 429 Too Many Requests:  {"jsonrpc":"2.0","error":{"code": 429, "message":"Too many requests for a specific RPC call"}, "id": "bf1d3e3d-f9cd-4417-88d8-eaa68906fbb4" } 
 Error: 429 Too Many Requests:  {"jsonrpc":"2.0","error":{"code": 429, "message":"Too many requests for a specific RPC call"}, "id": "bf1d3e3d-f9cd-4417-88d8-eaa68906fbb4" } 

    at ClientBrowser.callServer (/home/runner/work/solana-deactivate-delinquent/solana-deactivate-delinquent/node_modules/.pnpm/@solana+web3.js@1.87.6/node_modules/@solana/web3.js/lib/index.cjs.js:6474:18)
    at process.processTicksAndRejections (node:internal/process/task_queues:95:5)
Server responded with 429 Too Many Requests.  Retrying after 500ms delay...
Server responded with 429 Too Many Requests.  Retrying after 1000ms delay...
Server responded with 429 Too Many Requests.  Retrying after 2000ms delay...
Server responded with 429 Too Many Requests.  Retrying after 4000ms delay...
2024-09-26T07:00:20.754Z FIND Error processing validator DrPsz6W3SyvNUJhznmNT2X8grPYDEqdEvuBCfxGv33xL 429 Too Many Requests:  {"jsonrpc":"2.0","error":{"code": 429, "message":"Too many requests for a specific RPC call"}, "id": "a92a1b55-723f-4145-bc6e-3246e8e35849" } 
 Error: 429 Too Many Requests:  {"jsonrpc":"2.0","error":{"code": 429, "message":"Too many requests for a specific RPC call"}, "id": "a92a1b55-723f-4145-bc6e-3246e8e35849" } 

    at ClientBrowser.callServer (/home/runner/work/solana-deactivate-delinquent/solana-deactivate-delinquent/node_modules/.pnpm/@solana+web3.js@1.87.6/node_modules/@solana/web3.js/lib/index.cjs.js:6474:18)
    at process.processTicksAndRejections (node:internal/process/task_queues:95:5)
Server responded with 429 Too Many Requests.  Retrying after 500ms delay...
Server responded with 429 Too Many Requests.  Retrying after 1000ms delay...
Server responded with 429 Too Many Requests.  Retrying after 2000ms delay...
Server responded with 429 Too Many Requests.  Retrying after 4000ms delay...
2024-09-26T07:00:28.466Z FIND Error processing validator FXRpG4jSNtmKita6NmYLbhWZNXoZGKhz7VACRa93ysQ8 429 Too Many Requests:  {"jsonrpc":"2.0","error":{"code": 429, "message":"Too many requests for a specific RPC call"}, "id": "f3ecfa88-51c0-47b9-a689-7a8911ce4ba6" } 
 Error: 429 Too Many Requests:  {"jsonrpc":"2.0","error":{"code": 429, "message":"Too many requests for a specific RPC call"}, "id": "f3ecfa88-51c0-47b9-a689-7a8911ce4ba6" } 

    at ClientBrowser.callServer (/home/runner/work/solana-deactivate-delinquent/solana-deactivate-delinquent/node_modules/.pnpm/@solana+web3.js@1.87.6/node_modules/@solana/web3.js/lib/index.cjs.js:6474:18)
    at process.processTicksAndRejections (node:internal/process/task_queues:95:5)
Server responded with 429 Too Many Requests.  Retrying after 500ms delay...
Server responded with 429 Too Many Requests.  Retrying after 1000ms delay...
Server responded with 429 Too Many Requests.  Retrying after 2000ms delay...
Server responded with 429 Too Many Requests.  Retrying after 4000ms delay...
2024-09-26T07:00:36.171Z FIND Error processing validator 9PqDDUdnp8yQxmNBLZUkiviEFTqdkVHFtuxYecGPFrgJ 429 Too Many Requests:  {"jsonrpc":"2.0","error":{"code": 429, "message":"Too many requests for a specific RPC call"}, "id": "ecf7ff3c-b0e7-4556-b068-c9b7fe89b041" } 
 Error: 429 Too Many Requests:  {"jsonrpc":"2.0","error":{"code": 429, "message":"Too many requests for a specific RPC call"}, "id": "ecf7ff3c-b0e7-4556-b068-c9b7fe89b041" } 

    at ClientBrowser.callServer (/home/runner/work/solana-deactivate-delinquent/solana-deactivate-delinquent/node_modules/.pnpm/@solana+web3.js@1.87.6/node_modules/@solana/web3.js/lib/index.cjs.js:6474:18)
    at process.processTicksAndRejections (node:internal/process/task_queues:95:5)
Server responded with 429 Too Many Requests.  Retrying after 500ms delay...
Server responded with 429 Too Many Requests.  Retrying after 1000ms delay...
Server responded with 429 Too Many Requests.  Retrying after 2000ms delay...
Server responded with 429 Too Many Requests.  Retrying after 4000ms delay...
2024-09-26T07:00:43.864Z FIND Error processing validator isUomyVHsuAaMHngJ1z9Ho19Cd49cfWQeruGuwzk2SJ 429 Too Many Requests:  {"jsonrpc":"2.0","error":{"code": 429, "message":"Too many requests for a specific RPC call"}, "id": "92ef8d44-2b2d-4c80-8eb0-8b8b13417475" } 
 Error: 429 Too Many Requests:  {"jsonrpc":"2.0","error":{"code": 429, "message":"Too many requests for a specific RPC call"}, "id": "92ef8d44-2b2d-4c80-8eb0-8b8b13417475" } 

    at ClientBrowser.callServer (/home/runner/work/solana-deactivate-delinquent/solana-deactivate-delinquent/node_modules/.pnpm/@solana+web3.js@1.87.6/node_modules/@solana/web3.js/lib/index.cjs.js:6474:18)
    at process.processTicksAndRejections (node:internal/process/task_queues:95:5)
Server responded with 429 Too Many Requests.  Retrying after 500ms delay...
Server responded with 429 Too Many Requests.  Retrying after 1000ms delay...
Server responded with 429 Too Many Requests.  Retrying after 2000ms delay...
Server responded with 429 Too Many Requests.  Retrying after 4000ms delay...
2024-09-26T07:00:51.600Z STAKES Found:  1  accounts for delinquent validator EiBkEFDFcV6Hm5rawweVxFg5urbPpqV7JFPWB3XZXwA5
2024-09-26T07:00:51.600Z STAKES Stake account Gc78LFRt8kn8D3GWHjbJvAd2huNBzubB16u6bhkLeYu9 is activated:  0.002282881
2024-09-26T07:00:51.600Z STAKES Found:  1  accounts that can be de-activated delinquent validator EiBkEFDFcV6Hm5rawweVxFg5urbPpqV7JFPWB3XZXwA5
2024-09-26T07:00:51.651Z DEACTIVATE Blockhash: 5CUc5od82pUv69YeCFYuFNTbkWGKx2k92kbh9ereihFq
2024-09-26T07:00:51.675Z DEACTIVATE Sent tx: 56jVRZKguh294LDbQNa1eSZwF6qd6ewSM6S5VcWMc3TJwzJhNavzJonycAzzA2JivBd7tjPh4FPxR4EQBDbyWySs https://explorer.solana.com/tx/56jVRZKguh294LDbQNa1eSZwF6qd6ewSM6S5VcWMc3TJwzJhNavzJonycAzzA2JivBd7tjPh4FPxR4EQBDbyWySs
2024-09-26T07:00:51.778Z DEACTIVATE Waiting for confirmations...
2024-09-26T07:01:26.849Z DEACTIVATE Confirmed.
2024-09-26T07:01:26.849Z FIND Deactivated stake accounts with total balance:
2024-09-26T07:01:26.897Z STAKES Found:  1  accounts for delinquent validator Dxsyvpi7dsNMUgxSBzCmfSP7BpnEXs1u7fLXfDBH4eQD
2024-09-26T07:01:26.897Z STAKES Stake account 5BkXenQ3Kk15JqXhu2QqTk8D6gsjJLG5dgSyK2rtqiwm is de-activating:  0.002282881
2024-09-26T07:01:26.897Z STAKES Found:  0  accounts that can be de-activated delinquent validator Dxsyvpi7dsNMUgxSBzCmfSP7BpnEXs1u7fLXfDBH4eQD
2024-09-26T07:01:26.897Z FIND No deactivations possible for this validator
2024-09-26T07:01:26.933Z STAKES Found:  1  accounts for delinquent validator TH5NmhGi7RPZebUgarGCZZk7h7ZyV9otr1u6GrtLXsM
2024-09-26T07:01:26.933Z STAKES Stake account F4YdnrwQVfLKhT1MK7qFvEYRLvYxNcSZL3z2fkKN8TAR is de-activating:  0.002282881
2024-09-26T07:01:26.933Z STAKES Found:  0  accounts that can be de-activated delinquent validator TH5NmhGi7RPZebUgarGCZZk7h7ZyV9otr1u6GrtLXsM
2024-09-26T07:01:26.933Z FIND No deactivations possible for this validator
Server responded with 429 Too Many Requests.  Retrying after 500ms delay...
Server responded with 429 Too Many Requests.  Retrying after 1000ms delay...
Server responded with 429 Too Many Requests.  Retrying after 2000ms delay...
Server responded with 429 Too Many Requests.  Retrying after 4000ms delay...
2024-09-26T07:01:34.609Z FIND Error processing validator HYRZ46cBaD5t6MzHZW6RUSJEWhNsedTFRivP7WSfCjpk 429 Too Many Requests:  {"jsonrpc":"2.0","error":{"code": 429, "message":"Too many requests for a specific RPC call"}, "id": "b53c7d3c-507f-4794-af56-64fe0b2b245d" } 
 Error: 429 Too Many Requests:  {"jsonrpc":"2.0","error":{"code": 429, "message":"Too many requests for a specific RPC call"}, "id": "b53c7d3c-507f-4794-af56-64fe0b2b245d" } 

    at ClientBrowser.callServer (/home/runner/work/solana-deactivate-delinquent/solana-deactivate-delinquent/node_modules/.pnpm/@solana+web3.js@1.87.6/node_modules/@solana/web3.js/lib/index.cjs.js:6474:18)
    at process.processTicksAndRejections (node:internal/process/task_queues:95:5)
Server responded with 429 Too Many Requests.  Retrying after 500ms delay...
Server responded with 429 Too Many Requests.  Retrying after 1000ms delay...
Server responded with 429 Too Many Requests.  Retrying after 2000ms delay...
Server responded with 429 Too Many Requests.  Retrying after 4000ms delay...
2024-09-26T07:01:42.335Z FIND Error processing validator E7hyRaTAmb4e6muUXGd3ypB3ZHcGut3Ngpxm1ManLQmn 429 Too Many Requests:  {"jsonrpc":"2.0","error":{"code": 429, "message":"Too many requests for a specific RPC call"}, "id": "69a3e689-72fb-45fc-97c6-093679bf5c28" } 
 Error: 429 Too Many Requests:  {"jsonrpc":"2.0","error":{"code": 429, "message":"Too many requests for a specific RPC call"}, "id": "69a3e689-72fb-45fc-97c6-093679bf5c28" } 

    at ClientBrowser.callServer (/home/runner/work/solana-deactivate-delinquent/solana-deactivate-delinquent/node_modules/.pnpm/@solana+web3.js@1.87.6/node_modules/@solana/web3.js/lib/index.cjs.js:6474:18)
    at process.processTicksAndRejections (node:internal/process/task_queues:95:5)
Server responded with 429 Too Many Requests.  Retrying after 500ms delay...
Server responded with 429 Too Many Requests.  Retrying after 1000ms delay...
Server responded with 429 Too Many Requests.  Retrying after 2000ms delay...
Server responded with 429 Too Many Requests.  Retrying after 4000ms delay...
2024-09-26T07:01:50.042Z FIND Error processing validator diTNtixiNhRoTRSKTB7FPCBRCxChxs76WEuejB4hyfX 429 Too Many Requests:  {"jsonrpc":"2.0","error":{"code": 429, "message":"Too many requests for a specific RPC call"}, "id": "138e9ec1-1c48-4736-b78d-8340f980efce" } 
 Error: 429 Too Many Requests:  {"jsonrpc":"2.0","error":{"code": 429, "message":"Too many requests for a specific RPC call"}, "id": "138e9ec1-1c48-4736-b78d-8340f980efce" } 

    at ClientBrowser.callServer (/home/runner/work/solana-deactivate-delinquent/solana-deactivate-delinquent/node_modules/.pnpm/@solana+web3.js@1.87.6/node_modules/@solana/web3.js/lib/index.cjs.js:6474:18)
    at process.processTicksAndRejections (node:internal/process/task_queues:95:5)
Server responded with 429 Too Many Requests.  Retrying after 500ms delay...
Server responded with 429 Too Many Requests.  Retrying after 1000ms delay...
Server responded with 429 Too Many Requests.  Retrying after 2000ms delay...
Server responded with 429 Too Many Requests.  Retrying after 4000ms delay...
2024-09-26T07:01:57.788Z STAKES Found:  1  accounts for delinquent validator 3LD4qkmgthaVwjS9RdFpDptm8RAi1qzAA959X8whKXBj
2024-09-26T07:01:57.788Z STAKES Stake account 6uhrq9QbBG8moAmjiLr9SVsicspwycSSgQwv2LgUZvXV is de-activating:  0.002282881
2024-09-26T07:01:57.788Z STAKES Found:  0  accounts that can be de-activated delinquent validator 3LD4qkmgthaVwjS9RdFpDptm8RAi1qzAA959X8whKXBj
2024-09-26T07:01:57.788Z FIND No deactivations possible for this validator
2024-09-26T07:01:57.839Z STAKES Found:  1  accounts for delinquent validator 2rBL875drcTQ9oSUNjqyLj4A7pLvUwtYdPL5cnLjFNUW
2024-09-26T07:01:57.839Z STAKES Stake account DiuTJJuE3ZG23WtFof7TEWn8Z3rc2SoL9WM8TsCZcTXM is de-activating:  0.002282881
2024-09-26T07:01:57.839Z STAKES Found:  0  accounts that can be de-activated delinquent validator 2rBL875drcTQ9oSUNjqyLj4A7pLvUwtYdPL5cnLjFNUW
2024-09-26T07:01:57.839Z FIND No deactivations possible for this validator
Server responded with 429 Too Many Requests.  Retrying after 500ms delay...
Server responded with 429 Too Many Requests.  Retrying after 1000ms delay...
Server responded with 429 Too Many Requests.  Retrying after 2000ms delay...
Server responded with 429 Too Many Requests.  Retrying after 4000ms delay...
2024-09-26T07:02:05.547Z FIND Error processing validator GeAakdM3EaC9myuy9Lmtv6DGxHiXGekx7CxNr8jdeuNx 429 Too Many Requests:  {"jsonrpc":"2.0","error":{"code": 429, "message":"Too many requests for a specific RPC call"}, "id": "b5178e97-9136-43e9-99e6-793770ce9112" } 
 Error: 429 Too Many Requests:  {"jsonrpc":"2.0","error":{"code": 429, "message":"Too many requests for a specific RPC call"}, "id": "b5178e97-9136-43e9-99e6-793770ce9112" } 

    at ClientBrowser.callServer (/home/runner/work/solana-deactivate-delinquent/solana-deactivate-delinquent/node_modules/.pnpm/@solana+web3.js@1.87.6/node_modules/@solana/web3.js/lib/index.cjs.js:6474:18)
    at process.processTicksAndRejections (node:internal/process/task_queues:95:5)
Server responded with 429 Too Many Requests.  Retrying after 500ms delay...
Server responded with 429 Too Many Requests.  Retrying after 1000ms delay...
Server responded with 429 Too Many Requests.  Retrying after 2000ms delay...
Server responded with 429 Too Many Requests.  Retrying after 4000ms delay...
2024-09-26T07:02:13.248Z FIND Error processing validator 3PUJztwgkqpk1Dx6FAXjUsn1MmAyRaL35fZFQpi8N2WS 429 Too Many Requests:  {"jsonrpc":"2.0","error":{"code": 429, "message":"Too many requests for a specific RPC call"}, "id": "99eb8acc-6ad6-4353-9525-325ba42c4800" } 
 Error: 429 Too Many Requests:  {"jsonrpc":"2.0","error":{"code": 429, "message":"Too many requests for a specific RPC call"}, "id": "99eb8acc-6ad6-4353-9525-325ba42c4800" } 

    at ClientBrowser.callServer (/home/runner/work/solana-deactivate-delinquent/solana-deactivate-delinquent/node_modules/.pnpm/@solana+web3.js@1.87.6/node_modules/@solana/web3.js/lib/index.cjs.js:6474:18)
    at process.processTicksAndRejections (node:internal/process/task_queues:95:5)
Server responded with 429 Too Many Requests.  Retrying after 500ms delay...
Server responded with 429 Too Many Requests.  Retrying after 1000ms delay...
Server responded with 429 Too Many Requests.  Retrying after 2000ms delay...
Server responded with 429 Too Many Requests.  Retrying after 4000ms delay...
2024-09-26T07:02:20.953Z FIND Error processing validator F3KghztFNNgL2zL1VPBq5ndQJYMwXhpDX9eRCrNmDjFn 429 Too Many Requests:  {"jsonrpc":"2.0","error":{"code": 429, "message":"Too many requests for a specific RPC call"}, "id": "b7aa1213-c714-4a4b-9abd-e52b64110f33" } 
 Error: 429 Too Many Requests:  {"jsonrpc":"2.0","error":{"code": 429, "message":"Too many requests for a specific RPC call"}, "id": "b7aa1213-c714-4a4b-9abd-e52b64110f33" } 

    at ClientBrowser.callServer (/home/runner/work/solana-deactivate-delinquent/solana-deactivate-delinquent/node_modules/.pnpm/@solana+web3.js@1.87.6/node_modules/@solana/web3.js/lib/index.cjs.js:6474:18)
    at process.processTicksAndRejections (node:internal/process/task_queues:95:5)
Server responded with 429 Too Many Requests.  Retrying after 500ms delay...
Server responded with 429 Too Many Requests.  Retrying after 1000ms delay...
Server responded with 429 Too Many Requests.  Retrying after 2000ms delay...
Server responded with 429 Too Many Requests.  Retrying after 4000ms delay...
2024-09-26T07:02:28.649Z STAKES Found:  1  accounts for delinquent validator 2Ramrp1CQSLC1QRmEqNA4nJ11ocyirNFjuxXoM7QjidV
2024-09-26T07:02:28.649Z STAKES Stake account 2ByC3neknUjPZeVzqnNHrEVDcYft2DswWYShhKwMrMdB is activated:  0.002282881
2024-09-26T07:02:28.649Z STAKES Found:  1  accounts that can be de-activated delinquent validator 2Ramrp1CQSLC1QRmEqNA4nJ11ocyirNFjuxXoM7QjidV
2024-09-26T07:02:28.686Z DEACTIVATE Blockhash: 25bs5f5oYkBtxb2BMAZVH9BDGVp2R1uT8gW1X5VEnM2V
2024-09-26T07:02:28.702Z DEACTIVATE Sent tx: 5ApypxrR7svy7HCfECE4Ra4GzZMj3cUnZTWfyFNQb6pnwYR8oVMa6rFX6bSasqYUp4Mu6WWqs7dD48D29tykCRVd https://explorer.solana.com/tx/5ApypxrR7svy7HCfECE4Ra4GzZMj3cUnZTWfyFNQb6pnwYR8oVMa6rFX6bSasqYUp4Mu6WWqs7dD48D29tykCRVd
2024-09-26T07:02:28.803Z DEACTIVATE Waiting for confirmations...
2024-09-26T07:03:07.206Z DEACTIVATE Confirmed.
2024-09-26T07:03:07.206Z FIND Deactivated stake accounts with total balance:
2024-09-26T07:03:07.256Z STAKES Found:  1  accounts for delinquent validator DfD8xygCpHotDRGa6mmetuNwJYE9BwREJzJam3LepHiU
2024-09-26T07:03:07.256Z STAKES Stake account 6mMcd476eWB1n4fyzZPrRPLkDQTkrCXsbjyA4Pbcr1Nn is de-activating:  0.002282881
2024-09-26T07:03:07.256Z STAKES Found:  0  accounts that can be de-activated delinquent validator DfD8xygCpHotDRGa6mmetuNwJYE9BwREJzJam3LepHiU
2024-09-26T07:03:07.256Z FIND No deactivations possible for this validator
2024-09-26T07:03:07.293Z STAKES Found:  1  accounts for delinquent validator CtwauaA2VtDFqjrPuXXpmUxtFTdi59Ld7WowBkPDXzk9
2024-09-26T07:03:07.293Z STAKES Stake account 33o6V4Ri9UC1SPAp8jFdBygNnE9wf2dMqpDdPZQRQdjq is de-activating:  0.002282881
2024-09-26T07:03:07.294Z STAKES Found:  0  accounts that can be de-activated delinquent validator CtwauaA2VtDFqjrPuXXpmUxtFTdi59Ld7WowBkPDXzk9
2024-09-26T07:03:07.294Z FIND No deactivations possible for this validator
Server responded with 429 Too Many Requests.  Retrying after 500ms delay...
Server responded with 429 Too Many Requests.  Retrying after 1000ms delay...
Server responded with 429 Too Many Requests.  Retrying after 2000ms delay...
Server responded with 429 Too Many Requests.  Retrying after 4000ms delay...
2024-09-26T07:03:14.951Z FIND Error processing validator J5xdcPTXrGHguwCvrLzAy7wVtALo8dcH9UER7X6W7mv 429 Too Many Requests:  {"jsonrpc":"2.0","error":{"code": 429, "message":"Too many requests for a specific RPC call"}, "id": "d3c18c24-0f8f-4bb7-9ba2-ef3b2a117eaa" } 
 Error: 429 Too Many Requests:  {"jsonrpc":"2.0","error":{"code": 429, "message":"Too many requests for a specific RPC call"}, "id": "d3c18c24-0f8f-4bb7-9ba2-ef3b2a117eaa" } 

    at ClientBrowser.callServer (/home/runner/work/solana-deactivate-delinquent/solana-deactivate-delinquent/node_modules/.pnpm/@solana+web3.js@1.87.6/node_modules/@solana/web3.js/lib/index.cjs.js:6474:18)
    at process.processTicksAndRejections (node:internal/process/task_queues:95:5)
Server responded with 429 Too Many Requests.  Retrying after 500ms delay...
Server responded with 429 Too Many Requests.  Retrying after 1000ms delay...
Server responded with 429 Too Many Requests.  Retrying after 2000ms delay...
Server responded with 429 Too Many Requests.  Retrying after 4000ms delay...
2024-09-26T07:03:22.633Z FIND Error processing validator 5wrt7qmJ8zesntEhdYqZWGJnCD31gnWi7jGmF4PGwsAN 429 Too Many Requests:  {"jsonrpc":"2.0","error":{"code": 429, "message":"Too many requests for a specific RPC call"}, "id": "f77ae817-1e51-4c51-bf20-0486ebbddbb8" } 
 Error: 429 Too Many Requests:  {"jsonrpc":"2.0","error":{"code": 429, "message":"Too many requests for a specific RPC call"}, "id": "f77ae817-1e51-4c51-bf20-0486ebbddbb8" } 

    at ClientBrowser.callServer (/home/runner/work/solana-deactivate-delinquent/solana-deactivate-delinquent/node_modules/.pnpm/@solana+web3.js@1.87.6/node_modules/@solana/web3.js/lib/index.cjs.js:6474:18)
    at process.processTicksAndRejections (node:internal/process/task_queues:95:5)
Server responded with 429 Too Many Requests.  Retrying after 500ms delay...
Server responded with 429 Too Many Requests.  Retrying after 1000ms delay...
Server responded with 429 Too Many Requests.  Retrying after 2000ms delay...
Server responded with 429 Too Many Requests.  Retrying after 4000ms delay...
2024-09-26T07:03:30.332Z FIND Error processing validator GcZakcYcZjCn9fyGzdZts416jV8BhqDMxZXTz4pEtqpu 429 Too Many Requests:  {"jsonrpc":"2.0","error":{"code": 429, "message":"Too many requests for a specific RPC call"}, "id": "e78e5c95-2277-48d4-bbd8-a3802537544c" } 
 Error: 429 Too Many Requests:  {"jsonrpc":"2.0","error":{"code": 429, "message":"Too many requests for a specific RPC call"}, "id": "e78e5c95-2277-48d4-bbd8-a3802537544c" } 

    at ClientBrowser.callServer (/home/runner/work/solana-deactivate-delinquent/solana-deactivate-delinquent/node_modules/.pnpm/@solana+web3.js@1.87.6/node_modules/@solana/web3.js/lib/index.cjs.js:6474:18)
    at process.processTicksAndRejections (node:internal/process/task_queues:95:5)
Server responded with 429 Too Many Requests.  Retrying after 500ms delay...
Server responded with 429 Too Many Requests.  Retrying after 1000ms delay...
Server responded with 429 Too Many Requests.  Retrying after 2000ms delay...
Server responded with 429 Too Many Requests.  Retrying after 4000ms delay...
2024-09-26T07:03:38.028Z STAKES Found:  1  accounts for delinquent validator EfLXVu1GRNrwmEQenkmBrKQJoeeqzk5PLuVoKzUiMooq
2024-09-26T07:03:38.028Z STAKES Stake account G363fK6mnZN7LCLcE7uoheeiYLBAExCCSmrCZNP3ANxm is de-activating:  0.002282881
2024-09-26T07:03:38.028Z STAKES Found:  0  accounts that can be de-activated delinquent validator EfLXVu1GRNrwmEQenkmBrKQJoeeqzk5PLuVoKzUiMooq
2024-09-26T07:03:38.028Z FIND No deactivations possible for this validator
2024-09-26T07:03:38.067Z STAKES Found:  1  accounts for delinquent validator 4CMy7v8JK83oZCgxWAjYC37TV3VwcJPRPtoLKW2b4tHq
2024-09-26T07:03:38.067Z STAKES Stake account DuDSHDV5AKeNmrsjoL6WqirHpUcirozPiWR3nXsH5anx is de-activating:  0.002282881
2024-09-26T07:03:38.067Z STAKES Found:  0  accounts that can be de-activated delinquent validator 4CMy7v8JK83oZCgxWAjYC37TV3VwcJPRPtoLKW2b4tHq
2024-09-26T07:03:38.067Z FIND No deactivations possible for this validator
Server responded with 429 Too Many Requests.  Retrying after 500ms delay...
Server responded with 429 Too Many Requests.  Retrying after 1000ms delay...
Server responded with 429 Too Many Requests.  Retrying after 2000ms delay...
Server responded with 429 Too Many Requests.  Retrying after 4000ms delay...
2024-09-26T07:03:45.744Z FIND Error processing validator 8VdqPXjRWywAwnhPxuoYV6Jrw15HJP3sEAp1M3GnuDuF 429 Too Many Requests:  {"jsonrpc":"2.0","error":{"code": 429, "message":"Too many requests for a specific RPC call"}, "id": "0d17926d-f845-4124-8e6a-c2542f49f8d3" } 
 Error: 429 Too Many Requests:  {"jsonrpc":"2.0","error":{"code": 429, "message":"Too many requests for a specific RPC call"}, "id": "0d17926d-f845-4124-8e6a-c2542f49f8d3" } 

    at ClientBrowser.callServer (/home/runner/work/solana-deactivate-delinquent/solana-deactivate-delinquent/node_modules/.pnpm/@solana+web3.js@1.87.6/node_modules/@solana/web3.js/lib/index.cjs.js:6474:18)
    at process.processTicksAndRejections (node:internal/process/task_queues:95:5)
Server responded with 429 Too Many Requests.  Retrying after 500ms delay...
Server responded with 429 Too Many Requests.  Retrying after 1000ms delay...
Server responded with 429 Too Many Requests.  Retrying after 2000ms delay...
Server responded with 429 Too Many Requests.  Retrying after 4000ms delay...
2024-09-26T07:03:53.427Z FIND Error processing validator 8GdySX8FWuefbSZSB6VYfT23H5JCdv7ySA8wWA3F8F4s 429 Too Many Requests:  {"jsonrpc":"2.0","error":{"code": 429, "message":"Too many requests for a specific RPC call"}, "id": "d270f939-562c-4119-8812-b20cd2caf170" } 
 Error: 429 Too Many Requests:  {"jsonrpc":"2.0","error":{"code": 429, "message":"Too many requests for a specific RPC call"}, "id": "d270f939-562c-4119-8812-b20cd2caf170" } 

    at ClientBrowser.callServer (/home/runner/work/solana-deactivate-delinquent/solana-deactivate-delinquent/node_modules/.pnpm/@solana+web3.js@1.87.6/node_modules/@solana/web3.js/lib/index.cjs.js:6474:18)
    at process.processTicksAndRejections (node:internal/process/task_queues:95:5)
Server responded with 429 Too Many Requests.  Retrying after 500ms delay...
Server responded with 429 Too Many Requests.  Retrying after 1000ms delay...
Server responded with 429 Too Many Requests.  Retrying after 2000ms delay...
Server responded with 429 Too Many Requests.  Retrying after 4000ms delay...
2024-09-26T07:04:01.113Z FIND Error processing validator H9LewK8VxCnfLG7rQqwogWqFqa9h5qqvizRCQiu7Y5rY 429 Too Many Requests:  {"jsonrpc":"2.0","error":{"code": 429, "message":"Too many requests for a specific RPC call"}, "id": "259f6061-3c22-40a4-b6cc-7a2c8cf409e4" } 
 Error: 429 Too Many Requests:  {"jsonrpc":"2.0","error":{"code": 429, "message":"Too many requests for a specific RPC call"}, "id": "259f6061-3c22-40a4-b6cc-7a2c8cf409e4" } 

    at ClientBrowser.callServer (/home/runner/work/solana-deactivate-delinquent/solana-deactivate-delinquent/node_modules/.pnpm/@solana+web3.js@1.87.6/node_modules/@solana/web3.js/lib/index.cjs.js:6474:18)
    at process.processTicksAndRejections (node:internal/process/task_queues:95:5)
Server responded with 429 Too Many Requests.  Retrying after 500ms delay...
Server responded with 429 Too Many Requests.  Retrying after 1000ms delay...
Server responded with 429 Too Many Requests.  Retrying after 2000ms delay...
Server responded with 429 Too Many Requests.  Retrying after 4000ms delay...
2024-09-26T07:04:08.898Z STAKES Found:  1  accounts for delinquent validator 8i1Rj9q8TGd12pTnraShWuJPAcSVfcYvFtPzfc2WUiNh
2024-09-26T07:04:08.898Z STAKES Stake account 6rjaXdNPRjYnPf1CzNbub4HUy2c7eNPf3itnAj32dBAi is de-activating:  0.002282881
2024-09-26T07:04:08.898Z STAKES Found:  0  accounts that can be de-activated delinquent validator 8i1Rj9q8TGd12pTnraShWuJPAcSVfcYvFtPzfc2WUiNh
2024-09-26T07:04:08.898Z FIND No deactivations possible for this validator
2024-09-26T07:04:08.935Z STAKES Found:  1  accounts for delinquent validator GqVzdBZ95yrinDkY2ougx7HR5JHVh5CiUXY9hksFu9ia
2024-09-26T07:04:08.935Z STAKES Stake account CVsMNDS5LvB8b3rwNBxGGvc3GqSYkVu2u1gPxkdzfPtV is de-activating:  0.002282881
2024-09-26T07:04:08.935Z STAKES Found:  0  accounts that can be de-activated delinquent validator GqVzdBZ95yrinDkY2ougx7HR5JHVh5CiUXY9hksFu9ia
2024-09-26T07:04:08.935Z FIND No deactivations possible for this validator
Server responded with 429 Too Many Requests.  Retrying after 500ms delay...
Server responded with 429 Too Many Requests.  Retrying after 1000ms delay...
Server responded with 429 Too Many Requests.  Retrying after 2000ms delay...
Server responded with 429 Too Many Requests.  Retrying after 4000ms delay...
2024-09-26T07:04:16.595Z FIND Error processing validator SPZQ7mAJZQDHd7zyVNjDWHG6Hg9jkNCnQ2g1Rvfdmwt 429 Too Many Requests:  {"jsonrpc":"2.0","error":{"code": 429, "message":"Too many requests for a specific RPC call"}, "id": "4840502a-5759-4902-bf52-90464bba9be8" } 
 Error: 429 Too Many Requests:  {"jsonrpc":"2.0","error":{"code": 429, "message":"Too many requests for a specific RPC call"}, "id": "4840502a-5759-4902-bf52-90464bba9be8" } 

    at ClientBrowser.callServer (/home/runner/work/solana-deactivate-delinquent/solana-deactivate-delinquent/node_modules/.pnpm/@solana+web3.js@1.87.6/node_modules/@solana/web3.js/lib/index.cjs.js:6474:18)
    at process.processTicksAndRejections (node:internal/process/task_queues:95:5)
Server responded with 429 Too Many Requests.  Retrying after 500ms delay...
Server responded with 429 Too Many Requests.  Retrying after 1000ms delay...
Server responded with 429 Too Many Requests.  Retrying after 2000ms delay...
Server responded with 429 Too Many Requests.  Retrying after 4000ms delay...
2024-09-26T07:04:24.278Z FIND Error processing validator 9Tbfc8EqMjnwwekX4eSjxTYyD8jaXPeujCvQLaDVD4bo 429 Too Many Requests:  {"jsonrpc":"2.0","error":{"code": 429, "message":"Too many requests for a specific RPC call"}, "id": "e4b101d5-08f5-4227-9f4e-6b376cf7098b" } 
 Error: 429 Too Many Requests:  {"jsonrpc":"2.0","error":{"code": 429, "message":"Too many requests for a specific RPC call"}, "id": "e4b101d5-08f5-4227-9f4e-6b376cf7098b" } 

    at ClientBrowser.callServer (/home/runner/work/solana-deactivate-delinquent/solana-deactivate-delinquent/node_modules/.pnpm/@solana+web3.js@1.87.6/node_modules/@solana/web3.js/lib/index.cjs.js:6474:18)
    at process.processTicksAndRejections (node:internal/process/task_queues:95:5)
Server responded with 429 Too Many Requests.  Retrying after 500ms delay...
Server responded with 429 Too Many Requests.  Retrying after 1000ms delay...
Server responded with 429 Too Many Requests.  Retrying after 2000ms delay...
Server responded with 429 Too Many Requests.  Retrying after 4000ms delay...
2024-09-26T07:04:31.961Z FIND Error processing validator 5omuaCZDAyg9nutmRozSKXAq8QtccevGqyPjTYGKYCif 429 Too Many Requests:  {"jsonrpc":"2.0","error":{"code": 429, "message":"Too many requests for a specific RPC call"}, "id": "164eee9a-3863-492e-9662-2ff96775ee28" } 
 Error: 429 Too Many Requests:  {"jsonrpc":"2.0","error":{"code": 429, "message":"Too many requests for a specific RPC call"}, "id": "164eee9a-3863-492e-9662-2ff96775ee28" } 

    at ClientBrowser.callServer (/home/runner/work/solana-deactivate-delinquent/solana-deactivate-delinquent/node_modules/.pnpm/@solana+web3.js@1.87.6/node_modules/@solana/web3.js/lib/index.cjs.js:6474:18)
    at process.processTicksAndRejections (node:internal/process/task_queues:95:5)
Server responded with 429 Too Many Requests.  Retrying after 500ms delay...
Server responded with 429 Too Many Requests.  Retrying after 1000ms delay...
Server responded with 429 Too Many Requests.  Retrying after 2000ms delay...
Server responded with 429 Too Many Requests.  Retrying after 4000ms delay...
2024-09-26T07:04:39.660Z STAKES Found:  1  accounts for delinquent validator GCB87BWgT4eUyYxUjwfL8EM8DptrZ2YfDjLukiDpYamb
2024-09-26T07:04:39.660Z STAKES Stake account 2X1GVcaNJfENfFddQ9j2CmcgmsSBunc83icFz2Z7ngXH is de-activating:  0.002282881
2024-09-26T07:04:39.661Z STAKES Found:  0  accounts that can be de-activated delinquent validator GCB87BWgT4eUyYxUjwfL8EM8DptrZ2YfDjLukiDpYamb
2024-09-26T07:04:39.661Z FIND No deactivations possible for this validator
2024-09-26T07:04:39.701Z STAKES Found:  1  accounts for delinquent validator 4HudwuUL6z9SbMvoFXXqy2J1kzbJW6Sve1kRXoKHECsu
2024-09-26T07:04:39.701Z STAKES Stake account DDhjKbdnu5d9ToB6JKGogFpdTqaYrk6jZMyFxt6q47Vi is de-activating:  0.002282881
2024-09-26T07:04:39.701Z STAKES Found:  0  accounts that can be de-activated delinquent validator 4HudwuUL6z9SbMvoFXXqy2J1kzbJW6Sve1kRXoKHECsu
2024-09-26T07:04:39.701Z FIND No deactivations possible for this validator
Server responded with 429 Too Many Requests.  Retrying after 500ms delay...
Server responded with 429 Too Many Requests.  Retrying after 1000ms delay...
Server responded with 429 Too Many Requests.  Retrying after 2000ms delay...
Server responded with 429 Too Many Requests.  Retrying after 4000ms delay...
2024-09-26T07:04:47.380Z FIND Error processing validator GoMxSsZtYpG6ySeABvJ9mYoa9PqNxeBcry19ArbJusQd 429 Too Many Requests:  {"jsonrpc":"2.0","error":{"code": 429, "message":"Too many requests for a specific RPC call"}, "id": "af62113e-728e-4d40-a810-110509cf2260" } 
 Error: 429 Too Many Requests:  {"jsonrpc":"2.0","error":{"code": 429, "message":"Too many requests for a specific RPC call"}, "id": "af62113e-728e-4d40-a810-110509cf2260" } 

    at ClientBrowser.callServer (/home/runner/work/solana-deactivate-delinquent/solana-deactivate-delinquent/node_modules/.pnpm/@solana+web3.js@1.87.6/node_modules/@solana/web3.js/lib/index.cjs.js:6474:18)
    at process.processTicksAndRejections (node:internal/process/task_queues:95:5)
Server responded with 429 Too Many Requests.  Retrying after 500ms delay...
Server responded with 429 Too Many Requests.  Retrying after 1000ms delay...
Server responded with 429 Too Many Requests.  Retrying after 2000ms delay...
Server responded with 429 Too Many Requests.  Retrying after 4000ms delay...
2024-09-26T07:04:55.071Z FIND Error processing validator 9Py4dL4KEa61g526bbZgHrQziEvPNg1S3ii2dsSynowh 429 Too Many Requests:  {"jsonrpc":"2.0","error":{"code": 429, "message":"Too many requests for a specific RPC call"}, "id": "04506274-932d-4a5b-8e5d-27f9462c7587" } 
 Error: 429 Too Many Requests:  {"jsonrpc":"2.0","error":{"code": 429, "message":"Too many requests for a specific RPC call"}, "id": "04506274-932d-4a5b-8e5d-27f9462c7587" } 

    at ClientBrowser.callServer (/home/runner/work/solana-deactivate-delinquent/solana-deactivate-delinquent/node_modules/.pnpm/@solana+web3.js@1.87.6/node_modules/@solana/web3.js/lib/index.cjs.js:6474:18)
    at process.processTicksAndRejections (node:internal/process/task_queues:95:5)
2024-09-26T07:04:55.071Z FIND Total de-activated: 0.013697286
