2024-05-23T04:54:52.534Z FIND Found epoch range to explore:  615 619
2024-05-23T04:54:52.537Z FIND Found delinquent validators [
  'ASifxiwxht8FvsiV3VcLngsCBMw4E6zw3QMWoJTbM4Uf',
  'AMGXof8JgLZomo67xeDCJs7rM9xaCdpy9k4CmN3W9bfs',
  'Ev683W2Xe56cJDG9Ja5rZDSVgWk1e5NVug3iJUWP2VZL',
  '7PHYfBQAdbbHXvQCbdLPgnkXofDyPx1pkSjkf7GyYer9',
  '7tMGGrAcjKH9aSug4je9CYKfu5WjXww3zgWJ5SUg6Yeh',
  '9YuHxtGG6cajhbu7Kf2iUSBLZjEjfZquto81hoKyKP6t',
  '4dmq1Bwm47TbmAzHCxKWDBuvHWwdRxBtddghcxJfMCNi',
  '5PDSvknErgj8veQzcVEZgVyU6G9f73pMvcgAEpTP2NdJ',
  'xZdM99vCZe8ErpVJ4PRDCqneAgnFu96ZbfnZ98GFFGW',
  '69SajSVq1tWCF7fNWzu6W9fEcAC2FaTVgKZnbZzGSiaB',
  '8j6hfPMpAoETDJGZP5hHnqgpCEsshobghwS6FeFbFykH',
  'H2Gdv2AZdAr1RPmXzPKFVE5oPqXnxH7V4ZRRNfuGbX1D',
  'HZPcvG4ykhEkRJP3uEhCqYWehWxt4iWGv1cEmxZyweUA',
  'DbqQ6kPp5Rt2zbkMMsesTR8xbAc44pEgeTGqd92xFYbz',
  '7SqriECKvF3JGnhVYBU6D2jsYePUcVeavSLLmJFrrzAM',
  '3VPiVUKbbjwWeinHMt8aqKu5aiQpm2PZxndJJR44Xzuv',
  'DgHAbtwppwNg2bC76ig9KyZPvcnV9W8unLr1rmCDnQMM',
  '95GpgsEW3dfNUN3HVykjhKqRX6NvLaTeYUszvkcpx9Kg',
  '3ZsYx8EVSZbrHwvuJ1ksARBg7sNGynuKWjan4oezekaK',
  '6x2sXJHX3JmESfLK6AMSb8UA58X6A7wa4QXpJ4fWKy3M',
  'JChWyNsSR66yf5Z7NbSZWgJ8xoj8JGymLHpEm2NpoHRR',
  '6mCs4Gi8L5RQ4ewnabmwCcVDQLBuvyqnaRcm5LGTciyz',
  'FE1asX5GjBTUEHwdFg8XziDh3phxhkDp8Fbh16wr6vGY',
  'CrkP4wtzKsfbQc6qMzEdb9Sageio8r6tCUnWTd5gHbhL',
  'FYaScwmTfzX9prmqdvxr6KbKHQ6yfEmW7S8fmZrMRrPn',
  '9DBZwngoxasx4uf2FxUaDpgWTTDo6RGthsEzTxVCWW8c',
  'A2VohPKHMGMj46ZvqN9UiUKcyY2my5XH1qAiE189j8zi',
  'A42ciyaJYPSpJpZS3XNbTSgzqo6Pj7GojVWk4hNavYmq',
  'A1S9AEdSt4baxB2rdZmtCcQB8vRQw9jR8JPrGvwyAfRX',
  'A3LtXnYCM8pdTyt7pgPVY9VfMN5B9QGotcARwVJBMNE6',
  'o7N7i8bLYFqYsjG8p4p5ZYLuTbb4vvWtitLRmTYQ7th',
  'Hu7tfTMshCSjcRmxLSN7pZQnvQp4wqjCmLCgNWtq549N'
]
2024-05-23T04:54:52.538Z FIND Found reference validator 6D2jqw9hyVCpppZexquxa74Fn33rJzzBx38T58VucHx9
2024-05-23T04:54:54.999Z STAKES Found:  3  accounts for delinquent validator ASifxiwxht8FvsiV3VcLngsCBMw4E6zw3QMWoJTbM4Uf
2024-05-23T04:54:55.000Z STAKES Stake account GHcXGerW1YEUUNsBy4QT85ah5EKEj9utRTzBav5RUsov is activated:  0.00328424
2024-05-23T04:54:55.000Z STAKES Stake account G7L4KV25WBSEd96wiLCXyRh2zhv7sij3SwCs3pympSvM is activated:  50098.518651598
2024-05-23T04:54:55.000Z STAKES Stake account HhHpFBFAfJVXVsCS1V9t5cXup8Kta36oevFhjpgcyYJb is activated:  0.003284644
2024-05-23T04:54:55.000Z STAKES Found:  3  accounts that can be de-activated delinquent validator ASifxiwxht8FvsiV3VcLngsCBMw4E6zw3QMWoJTbM4Uf
2024-05-23T04:54:55.029Z DEACTIVATE Blockhash: BkLdrqD4ucMxzzNep2PBgBuFjSG96gUpdjEsGzebeZHH
2024-05-23T04:54:55.066Z DEACTIVATE Sent tx: M3TubP4gdMRzJFqdMvhz1mbB7S7A54hRYXxzXwSAG5QgEdN8LRSVPqkrcm5hprUandJmFgoAtnT4RdoB1uzM2fH https://explorer.solana.com/tx/M3TubP4gdMRzJFqdMvhz1mbB7S7A54hRYXxzXwSAG5QgEdN8LRSVPqkrcm5hprUandJmFgoAtnT4RdoB1uzM2fH
2024-05-23T04:54:55.170Z DEACTIVATE Waiting for confirmations...
2024-05-23T04:55:30.613Z DEACTIVATE Confirmed.
2024-05-23T04:55:30.613Z FIND Deactivated stake accounts with total balance:
2024-05-23T04:55:34.626Z STAKES Found:  27  accounts for delinquent validator AMGXof8JgLZomo67xeDCJs7rM9xaCdpy9k4CmN3W9bfs
2024-05-23T04:55:34.626Z STAKES Stake account Hi6VyzTRyBBxgWgYrWHG5tZJ4udwHQiceXJ7tWHifoqR is activated:  8.87858995
2024-05-23T04:55:34.626Z STAKES Stake account 5WvDvYLCD8D2ioAxy5HPCyP8wsBQ9MUZEE548RcgZxuo is activated:  26.551423891
2024-05-23T04:55:34.626Z STAKES Stake account 933TeXQZ1XYMcRnHfk6ZPexXA8G9D9o8RVKq1nyTy7Uo is activated:  2.220300556
2024-05-23T04:55:34.626Z STAKES Stake account 3A7dWKoTtDg84JTSBpaHSkr5ABgFHCVDo3SQbxgQjebu is de-activated:  45.452386745
2024-05-23T04:55:34.626Z STAKES Stake account 7PeerjdX7uGmtysFeWpBrALYodFgXN2SYcgPxfHKzLmZ is activated:  349.982310272
2024-05-23T04:55:34.626Z STAKES Stake account 4mGmbMZmaaQyfzoznt1AE32Y9Dg2F4JFSnPXkDzSU2jE is activated:  349.733258029
2024-05-23T04:55:34.627Z STAKES Stake account Cssqgtrr31eAiHkeNVyoyyVANTdeuLz2fgER929n4JTo is activated:  52.1632729
2024-05-23T04:55:34.627Z STAKES Stake account ACta5qQnZdsCx2vd3HpLPJ9JiVbU51sJcacqw21hNYXX is activated:  0.003311961
2024-05-23T04:55:34.627Z STAKES Stake account FCwhbsY6WSrt9tAopgZJEjAjfeaZ54d9t6TzyaEGyU8n is activated:  65.611122924
2024-05-23T04:55:34.627Z STAKES Stake account FYyv4EcHAK1N8iLvHT2FerwmgJZ9AempK67gMsE6TLEx is activated:  329.191864875
2024-05-23T04:55:34.627Z STAKES Stake account FmyqCiKzwMnAnfhwBK9RSRqvVpT5tKbaP5JkQjtCaggK is activated:  115.996129311
2024-05-23T04:55:34.627Z STAKES Stake account 96YTmzTyvtmBCrKqDvKL8Koarsj8hsPTA2WPhxSpJNaW is activated:  60.704313829
2024-05-23T04:55:34.627Z STAKES Stake account 3ZetTrMFVvY8UA6pV32hTpQeCue8JQR6H5Af98u7wx2h is activated:  0.003353434
2024-05-23T04:55:34.627Z STAKES Stake account ENnH9cfdQipTwS8iCc96SBVMwYLgGQVMbSVV2ftX8jnK is activated:  70.456340769
2024-05-23T04:55:34.627Z STAKES Stake account AbpeXpXjHgoXESiaFdmCjV9iHUZU4CT8spfk82MnELoN is activated:  67.783408807
2024-05-23T04:55:34.627Z STAKES Stake account 9amhmk5x3LyaU4x3sfHTy1HbRKwEdvPykzyqx2nydNN5 is activated:  351.087357792
2024-05-23T04:55:34.627Z STAKES Stake account 8QsUHwFDUjohmEBH9iEVbr4Z3cJ5UHTfmncHyYbWGSS1 is activated:  57.812731987
2024-05-23T04:55:34.628Z STAKES Stake account C76gZDfFLC8nZb4FWSuinWP5fwy4eS3bQmtDyecSPnxP is activated:  16.518078433
2024-05-23T04:55:34.628Z STAKES Stake account BQxpXqqV9WoT4dAzuhkeMHC58iqCMDrVubKJNXEMUBL7 is activated:  69.093538294
2024-05-23T04:55:34.628Z STAKES Stake account C6eU4jTpZmAnsNBttHk1nHExPZd1XxiB5CthwgAL6YEt is activated:  357.125811665
2024-05-23T04:55:34.628Z STAKES Stake account 8HxwDvrsmWBLXavkNtWu7CDYF9GJRWSrer3EUkp4qTcU is activated:  73.517794406
2024-05-23T04:55:34.628Z STAKES Stake account Ejv3Avqk55rftk681bgKyKy2w1ubLnEtdDoBLjmWbcV1 is activated:  78.838133258
2024-05-23T04:55:34.628Z STAKES Stake account 6S5GSNhVHo3ob5Ewr7gjr4Jrrjdm1Gn5JNTJG5Ku745F is activated:  60.457597486
2024-05-23T04:55:34.628Z STAKES Stake account 2wtCzTVE9KDpnHvZq3A9ca2wsizA2N1guHW2tyC5Mnpj is activated:  0.003359172
2024-05-23T04:55:34.628Z STAKES Stake account AtEPJ1cjJ6GuQ4gtuaz6TAxr3Y8udSwtk9LoVjXJdMSh is activated:  139.93663477
2024-05-23T04:55:34.628Z STAKES Stake account 32o8PnN2xCsQTm61LuJkRKuQUNvzKp2DATw9KUvREp7Z is activated:  59.058858472
2024-05-23T04:55:34.628Z STAKES Stake account GP9R92x5mvBJdJggkM3Log94MQbiD4A7Z2KvUcDvRVjr is activated:  356.655403111
2024-05-23T04:55:34.628Z STAKES Found:  26  accounts that can be de-activated delinquent validator AMGXof8JgLZomo67xeDCJs7rM9xaCdpy9k4CmN3W9bfs
2024-05-23T04:55:34.656Z DEACTIVATE Blockhash: AQ98Xob8kQd4x1KSVibVBL7YhJPfE8UDsXcFc2d1AnEJ
2024-05-23T04:55:34.694Z DEACTIVATE Sent tx: 2DEYcPGHdj4vbe54cHgwpUAcVQ7g3KaD8nnyYHV7mmv43SSHFZWV3kg2xhKQPWwq5AxJe4g37m4ni2Ko3vmAUhkb https://explorer.solana.com/tx/2DEYcPGHdj4vbe54cHgwpUAcVQ7g3KaD8nnyYHV7mmv43SSHFZWV3kg2xhKQPWwq5AxJe4g37m4ni2Ko3vmAUhkb
2024-05-23T04:55:34.831Z DEACTIVATE Sent tx: 2kRF9bopZRtVAyX6swf6rqWTWZRkfWicK25NEirPvRTnXtmXARWg4EGXNy4piWfgVjqCZV8sA8CuRT3mvtXYSYkH https://explorer.solana.com/tx/2kRF9bopZRtVAyX6swf6rqWTWZRkfWicK25NEirPvRTnXtmXARWg4EGXNy4piWfgVjqCZV8sA8CuRT3mvtXYSYkH
2024-05-23T04:55:34.931Z DEACTIVATE Waiting for confirmations...
2024-05-23T04:55:55.290Z DEACTIVATE Confirmed.
2024-05-23T04:55:55.290Z FIND Deactivated stake accounts with total balance:
2024-05-23T04:55:57.783Z STAKES Found:  24  accounts for delinquent validator Ev683W2Xe56cJDG9Ja5rZDSVgWk1e5NVug3iJUWP2VZL
2024-05-23T04:55:57.784Z STAKES Stake account 2JQ6GAmW4vFDhUuxe4NxnhPEgKxNLb7ab1sKzjtfxBBH is de-activated:  45.452447841
2024-05-23T04:55:57.784Z STAKES Stake account 4yWwnmJ4sFvRQrSNLfMCCePjvk39gAGEYZQjF3911K3V is activated:  67.580363012
2024-05-23T04:55:57.784Z STAKES Stake account 9cGii7MhBpLM6yPsMjX554X4dFHjFzAv34PqnRSbknbS is activated:  58.291533821
2024-05-23T04:55:57.784Z STAKES Stake account EoK268H2riKvvtsGsM7WRdmXjWYGL37Qd5VPyFa1xYrd is activated:  0.003293842
2024-05-23T04:55:57.784Z STAKES Stake account 6Bydxbv1oZddxTi8coukRftyLVvHmf61aUtBmVjVJVud is activated:  16.688608345
2024-05-23T04:55:57.784Z STAKES Stake account GXQeCAvrv43sre8iLehAUy93VkJHGyianJa4sBAt3GBL is activated:  60.789748004
2024-05-23T04:55:57.784Z STAKES Stake account HrroYqYXyRUxcAYPyf34Tv3CQ84dsbAB5ChpECNo96Zw is activated:  0.003312905
2024-05-23T04:55:57.784Z STAKES Stake account hrXHwqDobUkfLPzoBBKYFRmncHyvorjJ6Cy8ra66BSq is activated:  348.476435856
2024-05-23T04:55:57.784Z STAKES Stake account F15hXate3cBrQTwwQ8EeeqH8mdMPyAnf3JNb2hiTygPS is activated:  8.928178097
2024-05-23T04:55:57.784Z STAKES Stake account CVDYgbDnewPokjqY45Dc61E8im2ogSdvetp1vFq5pgdK is activated:  2.222332723
2024-05-23T04:55:57.784Z STAKES Stake account 7WSz3QsF2pcPjcigHk3weMSajmEJJSiT6LSVub8uCj4e is activated:  357.377078485
2024-05-23T04:55:57.784Z STAKES Stake account FENHfueT7NnX7tdziWuWTAiDbuMZ2Vr2D99wTmkTtv4Z is activated:  357.355744321
2024-05-23T04:55:57.784Z STAKES Stake account FqqRjfo2GaYgjJBWFnLDVSwj44nB1KsKBTWAoTrBMSfj is activated:  357.810994847
2024-05-23T04:55:57.784Z STAKES Stake account EVqka4XDJT2qL38Csv9VKSZxevndDxPobo8middJNzZ3 is activated:  71.215480196
2024-05-23T04:55:57.784Z STAKES Stake account FhegucF1dyrdwYAMBAuXctasMr3h1cxGRAuLewdVrF5g is activated:  0.003354401
2024-05-23T04:55:57.784Z STAKES Stake account FsJoBZtJ9Cv25fwrDX7tnMoFHVfeq5aGCc2eoHZSfVwD is activated:  332.165241376
2024-05-23T04:55:57.785Z STAKES Stake account 7E4Bamfgm3avuob6YVZExiuM8B3JJWevictg4adc9DwY is activated:  27.364607432
2024-05-23T04:55:57.785Z STAKES Stake account 7NMXLz3Z4twDjHnbCtpwPMKPhs8Z8R9WVKGLNuijFcMZ is activated:  348.6339132
2024-05-23T04:55:57.785Z STAKES Stake account 9bVikrcyqRHqEy85pRiwFeaoscMtWPzQ46GbjM4sDM6d is activated:  52.534091336
2024-05-23T04:55:57.785Z STAKES Stake account 25w5tTh1LiGHvnwSg41eK9uAYceMfHuJBkGnZ1NhRKYY is activated:  7.244867166
2024-05-23T04:55:57.785Z STAKES Stake account FiPiJcXpZ7PLWnG6suyQ5xvwKpcvGigff7iN3hEpYC6m is de-activated:  353.131182912
2024-05-23T04:55:57.785Z STAKES Stake account k3tquBf38kA6SsJyUxWyG1A52aSJ8GmngzWbqLgPAp4 is activated:  78.655829364
2024-05-23T04:55:57.785Z STAKES Stake account HbBSpKhjFGRWoMfWiqLAHuVNbJpw1JZeCAVeH1JcdD1b is activated:  351.45886236
2024-05-23T04:55:57.785Z STAKES Stake account J3XtScvuYkMVmbK7LBgyujDZ4mcYNFxfSUPWUdfmGDHE is activated:  0.003359653
2024-05-23T04:55:57.785Z STAKES Found:  22  accounts that can be de-activated delinquent validator Ev683W2Xe56cJDG9Ja5rZDSVgWk1e5NVug3iJUWP2VZL
2024-05-23T04:55:57.813Z DEACTIVATE Blockhash: 9j2hTxWXWDseQ8vipbuKeRnDMiUpdaNqd2aTuFLfZERQ
2024-05-23T04:55:57.845Z DEACTIVATE Sent tx: 4tXeCbzDDc6d7Jc48oNTFrzs3HtbkXkazXTTZz1gjkvRCxm3Yffj26G6BWafgnmVh7whenkcYBEwqWMuMdsiwRwp https://explorer.solana.com/tx/4tXeCbzDDc6d7Jc48oNTFrzs3HtbkXkazXTTZz1gjkvRCxm3Yffj26G6BWafgnmVh7whenkcYBEwqWMuMdsiwRwp
2024-05-23T04:55:57.946Z DEACTIVATE Waiting for confirmations...
2024-05-23T04:56:35.094Z DEACTIVATE Confirmed.
2024-05-23T04:56:35.094Z FIND Deactivated stake accounts with total balance:
2024-05-23T04:56:37.499Z STAKES Found:  34  accounts for delinquent validator 7PHYfBQAdbbHXvQCbdLPgnkXofDyPx1pkSjkf7GyYer9
2024-05-23T04:56:37.499Z STAKES Stake account 3ye4NWFge9kbbEtq6X4NAXbwdevC3w4HKAqoGqQqRSr7 is activated:  108.993479713
2024-05-23T04:56:37.499Z STAKES Stake account A1RCueZNRzwXehxn8qMWD5Dwo9d5gZ7JyiFTW9GMg4v8 is de-activating:  65.593632255
2024-05-23T04:56:37.499Z STAKES Stake account Cwv4QGUNZDLunMnJkrRCVZhQqsBQdrkZTm9x2LUCtNa5 is de-activating:  60.688048857
2024-05-23T04:56:37.499Z STAKES Stake account J5V8jF6bf39XLqTrj1NRzZPZxpt4HduhaCuM7pAtzhJ8 is activated:  28.875304998
2024-05-23T04:56:37.499Z STAKES Stake account hxKeTz5BgR5nee5bsLABa3AwivysH1xjV6x1VHaoTnz is activated:  0.003292652
2024-05-23T04:56:37.499Z STAKES Stake account Gr14BTJbwW8dsxUy94Co7qFUveQ5idqDp12iKu7tJjx5 is de-activating:  44.007398313
2024-05-23T04:56:37.499Z STAKES Stake account 9Xcofv9TcdfMwcC6vWxcjvECdoRR9kDjoyVX9JCPBcgG is activated:  340.675956352
2024-05-23T04:56:37.499Z STAKES Stake account HGRvD5w9FqUZ4XZaT2ptydRwUTNmm4kat9LNUivwPrfg is activated:  0.003359388
2024-05-23T04:56:37.499Z STAKES Stake account 3UUhFQuepXvRswgZRiCCkvx1pTAB2ww3Gg5N4ZvCf6ZX is de-activated:  353.071350147
2024-05-23T04:56:37.499Z STAKES Stake account 3Z6xm4DEq1Un1pqjhyotcRyEbcojUs7TKQjusiq3fbgz is de-activated:  45.359911637
2024-05-23T04:56:37.499Z STAKES Stake account 8s7xzySnhdEsox6riRxVqMbCsF5diRX5bY4MArjXWTgg is activated:  359.695228417
2024-05-23T04:56:37.499Z STAKES Stake account 4jGUL7gmfBrscTFikE3dJkSz1LDdtwzgbG8J9XDfxnPR is activated:  357.390503249
2024-05-23T04:56:37.499Z STAKES Stake account DFc4LDLrvSAXfNVqVsSdNWvoiNsuutRsetDEu1ggdAiy is activated:  2.219717396
2024-05-23T04:56:37.500Z STAKES Stake account 5tJo6dkbJV9AK4Tq8AA8NpX597EykT8MSjKuDyqZqodX is activated:  17.514429905
2024-05-23T04:56:37.500Z STAKES Stake account 4cqrE7zzontyxQNkqB8pJKgvCbPPcuZE555H6PKtddCh is activated:  26.045325786
2024-05-23T04:56:37.500Z STAKES Stake account BmxJxXNmLBjHQmZ7L8nMfrwYuLKkF4GLs6J4773QRjJP is activated:  0.003311693
2024-05-23T04:56:37.500Z STAKES Stake account HwXDp1dn6wT8qwZpCMuyeoL7YRAGLpk7BQo2uxV9R8wM is activated:  62.88185573
2024-05-23T04:56:37.500Z STAKES Stake account 3A7K2jM1wcu3rHQ7r5LU5CkJ4CrqiBM8XiKzJnjhvz3k is activated:  66.773584777
2024-05-23T04:56:37.500Z STAKES Stake account CFAAfgJ8EEyoewvPG9Jr4MErHST4FKScU8PHAtGcAQkE is de-activating:  8.894154081
2024-05-23T04:56:37.500Z STAKES Stake account 5nEAx4j4UwHVbHp98ML2ZHxGRo2SW8HviWryAup4tR6Q is de-activating:  51.99365685
2024-05-23T04:56:37.500Z STAKES Stake account 3YBFm31nJ6ZtMRXgBjbJaLom9DJJ1tU2HstKTGNqzJxK is activated:  68.591127994
2024-05-23T04:56:37.500Z STAKES Stake account K2RhXx31sjUrgvVJprAGY2WPq8Nhq19KcASKZGrPjRm is activated:  372.768302876
2024-05-23T04:56:37.500Z STAKES Stake account CnxJja1rCxnG7fsiCE1ccdSz2Z2fh17LANrrxFUgdd8C is activated:  29.285304757
2024-05-23T04:56:37.500Z STAKES Stake account 53S3N9idjHPmUsLYvQYj2m6v9zMN7b83jVdKRaWDp53P is de-activating:  0.003353162
2024-05-23T04:56:37.500Z STAKES Stake account CE9zt4igsPACFuYYpMWRJzfEMf6UMRh92CEq3tmhZxru is activated:  60.775017757
2024-05-23T04:56:37.500Z STAKES Stake account 2nQpuc1WptRtEAWv8ESAgTLPc65nN2mZjC1gkQZSu9rV is activated:  57.742676031
2024-05-23T04:56:37.500Z STAKES Stake account 6DzzVBvUjCZhFYy5b597ST3AKmsAmeJ6Dtse7AgfiMsD is de-activated:  352.437931734
2024-05-23T04:56:37.500Z STAKES Stake account 7jM2jm4Ufa6JJLvU42ttaFHe1jis5ZhgG2CxTfTxEppc is activated:  7.20250688
2024-05-23T04:56:37.500Z STAKES Stake account 7FzYdAcJKuM5Yko6xvQbpfKyuxqBbZQNAMeYoKUdr7mb is de-activated:  45.415025226
2024-05-23T04:56:37.501Z STAKES Stake account CLGWudb25JiKkX9CbscGwpSfdbqHYXJQrsueXTcc9sKG is activated:  58.914173267
2024-05-23T04:56:37.501Z STAKES Stake account 6tZxJpyWCRzfqGtd38pfm3uQHtsfmg5oQGEh9nWVuiDh is activated:  70.045172948
2024-05-23T04:56:37.501Z STAKES Stake account GpahReYgaDMcQDJu1TwWDKviXJPwR7FMS3ea2rxKzADi is activated:  72.491750709
2024-05-23T04:56:37.501Z STAKES Stake account 2TYm4ecWSvnGRWmVGXVpHrJcK28ea7UTtDb1BQRAKqX1 is activated:  350.628295063
2024-05-23T04:56:37.501Z STAKES Stake account GDVyJDmXR4QoQSoBcrgxzUedNUUpGPGjwtLd2CGr1QgU is activated:  80.414202076
2024-05-23T04:56:37.501Z STAKES Found:  24  accounts that can be de-activated delinquent validator 7PHYfBQAdbbHXvQCbdLPgnkXofDyPx1pkSjkf7GyYer9
2024-05-23T04:56:37.530Z DEACTIVATE Blockhash: 2H9dN9tPwD8KgZB3UdMD6tPV2AbksTkiicdcgg4zT3nV
2024-05-23T04:56:37.562Z DEACTIVATE Sent tx: 39XMsmG2x4jdYsbjfKe9kkvE5r6RSykYsD4Ki3vRH2XnGcawTJFqnoyrWe3jZ35V1THVDYKWVL8P58WY68dhRZj4 https://explorer.solana.com/tx/39XMsmG2x4jdYsbjfKe9kkvE5r6RSykYsD4Ki3vRH2XnGcawTJFqnoyrWe3jZ35V1THVDYKWVL8P58WY68dhRZj4
2024-05-23T04:56:37.693Z DEACTIVATE Sent tx: 2a8riBgZWocHb1qyghyFYoWUEa24tkgGgpFEqDpsSuhZhrTiDKaJ6nVoube3YcdBX5M47gHaHsaryrLr5cVhZ8QL https://explorer.solana.com/tx/2a8riBgZWocHb1qyghyFYoWUEa24tkgGgpFEqDpsSuhZhrTiDKaJ6nVoube3YcdBX5M47gHaHsaryrLr5cVhZ8QL
2024-05-23T04:56:37.793Z DEACTIVATE Waiting for confirmations...
2024-05-23T04:56:58.518Z DEACTIVATE Confirmed.
2024-05-23T04:56:58.518Z FIND Deactivated stake accounts with total balance:
2024-05-23T04:57:00.812Z STAKES Found:  24  accounts for delinquent validator 7tMGGrAcjKH9aSug4je9CYKfu5WjXww3zgWJ5SUg6Yeh
2024-05-23T04:57:00.812Z STAKES Stake account 12bJb3Kb2rbJ3LFfzajsEd47APvMgU3A5LTWqVpfrPsK is activated:  32.79038014
2024-05-23T04:57:00.813Z STAKES Stake account 6iGP4NazJKBHjR9eP92XWsDrsCdtubqQu68sTU68gpjd is activated:  75.062948202
2024-05-23T04:57:00.813Z STAKES Stake account GH4ihbY9nHHJZh3tfcXeWzzkwED8bEkELdfHPnJAJoZD is activated:  2.219536333
2024-05-23T04:57:00.813Z STAKES Stake account 8Z9kYTrv5eYZ1WgpH8uHxa6aGfvcjDkiMWNShSFndmTh is activated:  357.399141984
2024-05-23T04:57:00.813Z STAKES Stake account 3ndzne9ytsAbq4DEsjdzGZouwFyjozTDvevs3bBXbQtd is activated:  0.003344698
2024-05-23T04:57:00.813Z STAKES Stake account HAz48VKFgKb6C1Mbzgt67Gt4ugZSpMTNUNA6oBUfCGT5 is activated:  8.91847905
2024-05-23T04:57:00.813Z STAKES Stake account E13pAQqMKNgAWyQ4ubpmkSdYjm3cCJBwEpNSpAhkt4QY is activated:  0.003292663
2024-05-23T04:57:00.813Z STAKES Stake account HioQEh5xHRaV6DBgckDRB9JJAqsWgXwuysJGBw39Fot6 is activated:  266.422701488
2024-05-23T04:57:00.813Z STAKES Stake account 96vfKkyGN9szf15kZLmt2sD8aZaYdqGr7KYbQv9x1Ect is de-activated:  42000
2024-05-23T04:57:00.814Z STAKES Stake account GwitiZVEofEQhgyspXm3DCHLs7UnW52UqRJaJPqDMM7m is activated:  89.850687912
2024-05-23T04:57:00.814Z STAKES Stake account 2i5dpJ8hck9JkjJc4qX6j6czjcpsSNygGwgg1oTABGv9 is activated:  102.233120045
2024-05-23T04:57:00.814Z STAKES Stake account 7CnvuukDLobgQRu5gce1uyUt4gfHLcjijSyjCpTgZ9n7 is activated:  106.105024045
2024-05-23T04:57:00.814Z STAKES Stake account C57i8xppZEYZkQyy234UcRK9TPpmbqeyDvNKyQcNdstc is activated:  65.462878566
2024-05-23T04:57:00.814Z STAKES Stake account CsJmseaTuppxZWuGp65NCW2N8EE5K5T8umexbTb9UNQ9 is de-activated:  45.459858534
2024-05-23T04:57:00.814Z STAKES Stake account J9sv41kLN6CmCiR7qio5kFDaNeYpHJ2Mo5JuvE7XFiyZ is activated:  322.672880978
2024-05-23T04:57:00.814Z STAKES Stake account 6KGWNfHpCFQ3GHXvTk9nQSPdzaqWAGeD748pM5iGKPrV is activated:  106.105024045
2024-05-23T04:57:00.815Z STAKES Stake account 8gAQBeQwxWY8QuNb8oVMiatMqb4o3hZ2m8vtDmUEobkz is activated:  0.003344698
2024-05-23T04:57:00.815Z STAKES Stake account 7EPSP4HCG3ZijRMqg4QgzyMQ61HDj4wHHXGRj89rid64 is activated:  85.542738445
2024-05-23T04:57:00.815Z STAKES Stake account CLWjZZyqivp89P8P7L5cdw1VhBxgjWRf554uCAm895zn is activated:  20.905287239
2024-05-23T04:57:00.815Z STAKES Stake account 9LKu5eU1sfBXqQgMkSUJsRaE519VgCE2atc7Wmji8i79 is activated:  0.003311681
2024-05-23T04:57:00.815Z STAKES Stake account E985a9B4DmcyKPKNfkBG3Vm1eVGpeaw9t2b8qwq26yHk is activated:  357.326874387
2024-05-23T04:57:00.815Z STAKES Stake account CVsBw9uwUwFvtfEBo2aeUo4avzWxzZ8Y6LLci4WtStZn is activated:  368.599008016
2024-05-23T04:57:00.815Z STAKES Stake account FPUFgxp435JVbfwkJ6VLput64Z9KbW3KYKGNET274TS2 is activated:  78.168021762
2024-05-23T04:57:00.816Z STAKES Stake account 9cMTneXB1Rqxqbj9SjsyT1bQaJ2hQHfFUSRLTnSNNjpi is activated:  369.391271939
2024-05-23T04:57:00.816Z STAKES Found:  22  accounts that can be de-activated delinquent validator 7tMGGrAcjKH9aSug4je9CYKfu5WjXww3zgWJ5SUg6Yeh
2024-05-23T04:57:00.843Z DEACTIVATE Blockhash: 7aEMStbxnhsh5s2mBRbkX6HQczpXfmRQQZRSaCNVjSCY
2024-05-23T04:57:00.875Z DEACTIVATE Sent tx: x4kduZHfMAFq5ifRp3BctvPxRDsaK7wEN7Vzd3uTEcWBHEWPNBFouf64qeCG6zm2cX1g8UC7TbDbGLRT5LJ5XYw https://explorer.solana.com/tx/x4kduZHfMAFq5ifRp3BctvPxRDsaK7wEN7Vzd3uTEcWBHEWPNBFouf64qeCG6zm2cX1g8UC7TbDbGLRT5LJ5XYw
2024-05-23T04:57:00.977Z DEACTIVATE Waiting for confirmations...
2024-05-23T04:57:23.342Z DEACTIVATE Confirmed.
2024-05-23T04:57:23.343Z FIND Deactivated stake accounts with total balance:
2024-05-23T04:57:25.967Z STAKES Found:  25  accounts for delinquent validator 9YuHxtGG6cajhbu7Kf2iUSBLZjEjfZquto81hoKyKP6t
2024-05-23T04:57:25.967Z STAKES Stake account BvehyQLkpXaVK28Mrd5HfSWKMHwQYPRUvXk5aLaK7jzr is activated:  17.084343634
2024-05-23T04:57:25.968Z STAKES Stake account Dgs2F2BPXqTQynfe2tKqvatav7CnMvzkzpcM4aJgUGqQ is activated:  60.672301338
2024-05-23T04:57:25.968Z STAKES Stake account HPE1thUzQcvGfJesEEtcbipEaVx1Y47D3oDCANsQ1E2W is activated:  25.92267976
2024-05-23T04:57:25.968Z STAKES Stake account 7WxEE3EYkhneErUJi8MyCSkv5i6nzG7QBwNoAm82bvsp is activated:  0.003310442
2024-05-23T04:57:25.968Z STAKES Stake account 2Uz2b4eT5NrDgYsgZbtKpkJXUHcxes5DdRU8kNbb59uW is activated:  0.003342064
2024-05-23T04:57:25.968Z STAKES Stake account AXM9SeRDoVQXKkdeRXotffZjBaRMq1C1moZmeASMNrKq is activated:  57.649492582
2024-05-23T04:57:25.968Z STAKES Stake account EwGZ8E9eP4daEAzDg2eG11VWGFwiffWxxiRudUGX4Uiq is activated:  321.885411951
2024-05-23T04:57:25.968Z STAKES Stake account CdnbbEqXLhz3ey5X66R8EWaM3x6PajxRZNPvKpnCPjcZ is activated:  66.76402216
2024-05-23T04:57:25.968Z STAKES Stake account 3QYUj6td4o9ngYnrrZspMezcpWkymAnN7RG3Aiu23sqR is activated:  356.223596969
2024-05-23T04:57:25.968Z STAKES Stake account FXhCkp1bMueyceUz39Jm7befAwCHEJ26GRMviNF6HMBF is activated:  350.257976984
2024-05-23T04:57:25.968Z STAKES Stake account SynGpLfnJgzWFHAi3sSLQtX4N4rtyRp2VnLYftLmLAq is activated:  105.931409376
2024-05-23T04:57:25.968Z STAKES Stake account GViAqLo3GKZHVkzLhG9XwmBQocm7bCyjFahk93GcJx5R is activated:  70.258309542
2024-05-23T04:57:25.968Z STAKES Stake account GWbtcK5fF1sRWh1b5uSVri9rj12T843tAzhrpz6dD4zN is activated:  323.068930916
2024-05-23T04:57:25.968Z STAKES Stake account 8nXQdZ3jYWv3zTkdEnUHaWmL7eFfgjuULYAh8x9ehmWk is activated:  105.797161903
2024-05-23T04:57:25.968Z STAKES Stake account DVPU1e5pTLrwVGys1SPCibwmg5ovYyi4bqeCi242ecSH is de-activated:  60.556406413
2024-05-23T04:57:25.968Z STAKES Stake account Eexw7KcCChyXTEa3eBShwPBuTsMoubd8iMdvKJRoNgYN is activated:  0.003342517
2024-05-23T04:57:25.968Z STAKES Stake account DKKsu3VaiYGoR1Xz5AKpAUeiVZRT7gEFdqZrV2Bm5Gba is activated:  347.66910357
2024-05-23T04:57:25.968Z STAKES Stake account GT7m9ywPbDvRBQKNgaxADh9oYAwpTA93gvdho6ZQewji is activated:  80.726790399
2024-05-23T04:57:25.968Z STAKES Stake account 6NBFMd29rb4H2j93ycQdxiuwBM2zBkcLetQwKuLEdJ3H is activated:  105.797161903
2024-05-23T04:57:25.968Z STAKES Stake account 6UAcAtiNnhkbDq6mJ7xqZYHfVM2BZpMvNeGhfRy7ndXe is activated:  2.216841213
2024-05-23T04:57:25.968Z STAKES Stake account AGcMpr68xuYBMqoCUcQJMvtpNUhPFbwrtVn67D7xFjxn is activated:  52.041840295
2024-05-23T04:57:25.969Z STAKES Stake account EpgARNpsGx6wRfuFDyiL3HqHvxwVhbDqZ8YQudDhPmt is activated:  0.003291431
2024-05-23T04:57:25.969Z STAKES Stake account 5m41jtPeYqWDXpTCewFcYtuv9CT6A5McssnppZPS7ECT is de-activated:  352.253005161
2024-05-23T04:57:25.969Z STAKES Stake account 27jfw6PKfYB8nkJwfxEU4eqPWTmmdiy5GMSTZR76qAUh is activated:  8.906400793
2024-05-23T04:57:25.969Z STAKES Stake account 3XTcCitU1CXzHc1HbuNykFwK89GVtyUNKALwpWkHQCuc is activated:  328.707326287
2024-05-23T04:57:25.969Z STAKES Found:  23  accounts that can be de-activated delinquent validator 9YuHxtGG6cajhbu7Kf2iUSBLZjEjfZquto81hoKyKP6t
2024-05-23T04:57:25.996Z DEACTIVATE Blockhash: DVyrSLpUM5tghahZdtKRE4sD1a4Qgu2xGjeHCBE4b5YQ
2024-05-23T04:57:26.028Z DEACTIVATE Sent tx: KNPGjf4piMo26xXSMhDR47r61RVzvwXiyk7zozMDQPGQ8w2xfkmZ8YqZRaDTs1DeQVVSRQiQmFJvbpHms9UfJVe https://explorer.solana.com/tx/KNPGjf4piMo26xXSMhDR47r61RVzvwXiyk7zozMDQPGQ8w2xfkmZ8YqZRaDTs1DeQVVSRQiQmFJvbpHms9UfJVe
2024-05-23T04:57:26.129Z DEACTIVATE Waiting for confirmations...
2024-05-23T04:57:51.127Z DEACTIVATE Confirmed.
2024-05-23T04:57:51.127Z FIND Deactivated stake accounts with total balance:
2024-05-23T04:57:53.225Z STAKES Found:  31  accounts for delinquent validator 4dmq1Bwm47TbmAzHCxKWDBuvHWwdRxBtddghcxJfMCNi
2024-05-23T04:57:53.225Z STAKES Stake account 8Vh5C19K7T9U85Z2MTGsHyqSu7Ab11d9fVSVpcBjCQKg is activated:  58.199021748
2024-05-23T04:57:53.225Z STAKES Stake account 6QsrziX49Heg4Zt41tAefqHcq61hG832NpsaeAa2eyxU is activated:  1.78768376
2024-05-23T04:57:53.225Z STAKES Stake account HpTkTSuP4EnNrkX9odFb5HsTKygPjcJkWrSGmtNjiKoN is activated:  1.792126625
2024-05-23T04:57:53.225Z STAKES Stake account 2qKxXG8josCq8HMdMhFfnG3q972DrEVpUAaBFFLr6LbP is activated:  78.557808267
2024-05-23T04:57:53.225Z STAKES Stake account 4FpX7yRktMDQ4PN2m9ZhzJWvJoDiHNnaTR3y9vw12hUY is activated:  350.049052725
2024-05-23T04:57:53.226Z STAKES Stake account 3pxPAGJZpG3b7Y2VyY7EPy7wLyN9UapksMkt7vveqAJU is activated:  357.215357946
2024-05-23T04:57:53.226Z STAKES Stake account 2LoFKg7uc9RK9ccLdXkig64PkPNAC5B5w4PkJeMmE61u is activated:  71.140480212
2024-05-23T04:57:53.226Z STAKES Stake account FWEo4CFKi25yWr84YoH7PRaVHM7BkoqE8UVVDQFLZ9VA is activated:  65.641585025
2024-05-23T04:57:53.226Z STAKES Stake account 2AuynbnTY4SS5PJTvgFk6Z9QQYzH1PtLDHz3aPWnpVxj is activated:  69.062575866
2024-05-23T04:57:53.226Z STAKES Stake account 5fuvKh9x1LsTjgvQikjG4VWDXwr4h1udJPEHW1TJ4ULP is activated:  59.085403397
2024-05-23T04:57:53.226Z STAKES Stake account 2w9f7JdrufE2VDHEyHokwtcimYy1DCy1BjukWT8u1f3Q is activated:  73.361761425
2024-05-23T04:57:53.226Z STAKES Stake account 7ecS8wkzTLSWUvuJzS5eAKDEZPREKk82pGycCukKtVCF is activated:  60.732906912
2024-05-23T04:57:53.226Z STAKES Stake account Hd7D9G1UkTi9izicXW5kUMBnHJNksJ3xUoFESUo7hmEv is activated:  26.988570007
2024-05-23T04:57:53.226Z STAKES Stake account 31aT7dguGQns8U8yR8HtRX36oiM4GG7dCiLJay7R4XvF is activated:  0.003354382
2024-05-23T04:57:53.226Z STAKES Stake account BhouMfJ8zw5Mzg7vuWoYCFkEjT1U3bbHDvMyNNgNHajv is activated:  348.473358294
2024-05-23T04:57:53.226Z STAKES Stake account 2km7St5BqCFAKUwvPPoUuAWiwcuqW2n8PjpWWYze4Wc7 is activated:  9.106703044
2024-05-23T04:57:53.226Z STAKES Stake account 2Kvhs6yL22QAJUfoPs5xU8YAYFJodp8yLysc5TBFYAGh is activated:  2.222303857
2024-05-23T04:57:53.226Z STAKES Stake account 3Csjjn6E16j7hy2aEnfUf62cn9pWM3ao6SkbKSQQvBGU is activated:  67.567580425
2024-05-23T04:57:53.226Z STAKES Stake account CRy9ksQovbv1foTKkohbhV5nZy6B9w8v6YJhnateCufC is activated:  0.003312888
2024-05-23T04:57:53.226Z STAKES Stake account Fv7vwbwZ9fc2A6b8txp4EgjPyWvK8KRoFcorLGtQsyco is activated:  0.003359655
2024-05-23T04:57:53.227Z STAKES Stake account 5c3FeL5iEuQmLczDK6b3E8EceJ8wnfQjMj7RxYctpzZe is de-activated:  45.509616491
2024-05-23T04:57:53.227Z STAKES Stake account AjQkLHXnPMo971gdTQpwmqvJ7S8o2NYSiz7bZVKHg2YK is activated:  330.159767479
2024-05-23T04:57:53.227Z STAKES Stake account 8aPxbKLg6GXpoeY4esuaRAKVwyHG4bpkKZeKno4z2QtC is activated:  16.669165595
2024-05-23T04:57:53.227Z STAKES Stake account 8zkQA6sgLchnzPKM8CoZxRbncSLwGkPR9NswsCCDB7MD is activated:  60.942088791
2024-05-23T04:57:53.227Z STAKES Stake account G33dZPXjYB1RzdY9A257fJyAUmf9DAhUoE7Btxo9jrEi is activated:  45.88195628
2024-05-23T04:57:53.227Z STAKES Stake account EQgVXjWoHxxDa9JuGehpXdnZZwXiAZcJTtnnb7KadHm9 is activated:  0.003293837
2024-05-23T04:57:53.227Z STAKES Stake account 5FBpY2ieQKiedzdyjtQYgZ9KfqFSCmMwxQishnweVx3a is activated:  52.473663457
2024-05-23T04:57:53.227Z STAKES Stake account 91dDYJXNRHGhBtv8azk6RY9M6CX9GanWwhtTRVSS7mZB is activated:  348.630815911
2024-05-23T04:57:53.227Z STAKES Stake account 7LUcU3UkmPunQAeuukG2r1fMi8hoaqKNyFLjZddnmNrX is activated:  119.514727949
2024-05-23T04:57:53.227Z STAKES Stake account 3o7kMVmYDTgGNG4RVTCJoTDEPv3hMSFYuczFttSs8mfJ is activated:  110.398648374
2024-05-23T04:57:53.227Z STAKES Stake account 4z6sqcqV8AQmG2TcJAMqJMN1VAGVttsHnWsHcxyvQK5P is de-activated:  45128.315408795
2024-05-23T04:57:53.227Z STAKES Found:  29  accounts that can be de-activated delinquent validator 4dmq1Bwm47TbmAzHCxKWDBuvHWwdRxBtddghcxJfMCNi
2024-05-23T04:57:53.254Z DEACTIVATE Blockhash: CGztm6Dmx9YPqFTXd7qg1aNUg4UG21w8iGo5yaUmvTBE
2024-05-23T04:57:53.286Z DEACTIVATE Sent tx: 5gg3RcHLLfeCSSJkDy2kCis6XEvsr8kkMG35HbYmBEu6TLyKy3VEBFUSkYAMKUHqx8ieBUb2uWB15hGfobbs4df3 https://explorer.solana.com/tx/5gg3RcHLLfeCSSJkDy2kCis6XEvsr8kkMG35HbYmBEu6TLyKy3VEBFUSkYAMKUHqx8ieBUb2uWB15hGfobbs4df3
2024-05-23T04:57:53.424Z DEACTIVATE Sent tx: 5p2nPZfk5YvJzPcaj2RjRmHfXU6D8BzM3MnHHTNKseRiVu5Y5ugbRn13CGPwCZiW3EDhQr9ph7nVPEH7cMXbsuxH https://explorer.solana.com/tx/5p2nPZfk5YvJzPcaj2RjRmHfXU6D8BzM3MnHHTNKseRiVu5Y5ugbRn13CGPwCZiW3EDhQr9ph7nVPEH7cMXbsuxH
2024-05-23T04:57:53.525Z DEACTIVATE Waiting for confirmations...
2024-05-23T04:58:19.534Z DEACTIVATE Confirmed.
2024-05-23T04:58:19.534Z FIND Deactivated stake accounts with total balance:
2024-05-23T04:58:22.012Z STAKES Found:  21  accounts for delinquent validator 5PDSvknErgj8veQzcVEZgVyU6G9f73pMvcgAEpTP2NdJ
2024-05-23T04:58:22.012Z STAKES Stake account CeU8P6gRJhggaU5zkXp5yu9mYv34KmP5tzwr9CWZbWpT is activated:  21.444967718
2024-05-23T04:58:22.012Z STAKES Stake account 7vrX8tTttTdnVi967v6hpV7cQSFmPQNCqMZbRiCiwGKY is activated:  75.335487494
2024-05-23T04:58:22.012Z STAKES Stake account 3YESTbnMemBxQjJHHCWh8QbWShjEuuU5G8dFY2psNqhL is activated:  32.539107498
2024-05-23T04:58:22.012Z STAKES Stake account AYH6WYzUV44sMC9938nAojNajvbF2xXqxkzbD4iXUP36 is activated:  102.395095058
2024-05-23T04:58:22.012Z STAKES Stake account DktgJBvSXa8M8ajVsV8JEGdZdmBF9f6t89oVbt1SjwpL is activated:  89.885537524
2024-05-23T04:58:22.012Z STAKES Stake account EKuSdFeMXb47ekFNBDncWk9rrMFWYSfQWCziFJYPJiiP is activated:  65.747820624
2024-05-23T04:58:22.013Z STAKES Stake account 2278NG4cDjTiWHHpNrpeaAXTF773rvvhL3tuxAaQEDZ3 is activated:  0.003294239
2024-05-23T04:58:22.013Z STAKES Stake account HbwqgkKtQihBdqtRzWZJQkzk7xnizKoaHLFpEeaW3WJs is activated:  8.88981687
2024-05-23T04:58:22.013Z STAKES Stake account EHeTFVnEiUyALWNWbRsVfj5BwF8gJmD9fzLvrufNPohJ is activated:  105.975003323
2024-05-23T04:58:22.013Z STAKES Stake account GqjgsjTJELtXFKJwiPPeR5xzrkjsFYJzoKz4m24EKmxQ is activated:  370.118996565
2024-05-23T04:58:22.013Z STAKES Stake account 3WmY96mKnsh4FUEannECtLj6Pu9WCUEF6zB92bA4VFWF is activated:  0.003353379
2024-05-23T04:58:22.013Z STAKES Stake account GcjTe9xe9tagE5Zr2ytWzvy8z33RSZerXdYYXAPXTVtb is activated:  78.228187285
2024-05-23T04:58:22.013Z STAKES Stake account 7dDiVvuD6RPqwTDC4ePbvQFzQdgkgXBa8FFxXwG5uBUm is activated:  0.003354783
2024-05-23T04:58:22.013Z STAKES Stake account 8GZSe225z6Wai7LUxNR4Jz8AGTMCBaCejZTKFcrJk94Z is activated:  357.233076645
2024-05-23T04:58:22.013Z STAKES Stake account 5xkY2VHe4VV9Q5uhQvbCyh9Ld2TtaWFDFHDRcF4RBntb is activated:  0.003313305
2024-05-23T04:58:22.013Z STAKES Stake account 87h7PNGXCCM8EfQ9uJy1t5ND4T1AFcxLSrk7fsvkeEyf is activated:  351.527137797
2024-05-23T04:58:22.013Z STAKES Stake account HAip4KpTyRMBpyuELvFHw5E56yvyEGttwiXetAmNpbVS is activated:  2.223075639
2024-05-23T04:58:22.013Z STAKES Stake account B6YfNeBMCoNm1tbV4DkUBpnRVdaQDkWdq26LKCeG4eXh is activated:  351.515243439
2024-05-23T04:58:22.013Z STAKES Stake account EFDMC3mHX22Di69JVppoqXNjb57pH4MY66j7ZVaiasik is activated:  369.764964647
2024-05-23T04:58:22.013Z STAKES Stake account CipKbYV2FuUswZSWo92LHJMSTtXGaKyAbMAAeKqNM7nt is de-activated:  352.959152713
2024-05-23T04:58:22.013Z STAKES Stake account 3QDa9BovVo3iw2E82ZNGQS9qDTToBLb98vyQ3CefrHXx is activated:  373.248330021
2024-05-23T04:58:22.013Z STAKES Found:  20  accounts that can be de-activated delinquent validator 5PDSvknErgj8veQzcVEZgVyU6G9f73pMvcgAEpTP2NdJ
2024-05-23T04:58:22.041Z DEACTIVATE Blockhash: 8yXzFAo4u7fCbYNDS3zaPtwuUuBj8Qvar313jdeDCnKj
2024-05-23T04:58:22.072Z DEACTIVATE Sent tx: 2TnyVsNjQ8TYgoF4oNbLLMq5CUDRXcrpQyZA3ithvkVfGDTVWqJxRaiRfBsUS6rKA2tHxJd3tYxE4PS1NYmyzzpv https://explorer.solana.com/tx/2TnyVsNjQ8TYgoF4oNbLLMq5CUDRXcrpQyZA3ithvkVfGDTVWqJxRaiRfBsUS6rKA2tHxJd3tYxE4PS1NYmyzzpv
2024-05-23T04:58:22.173Z DEACTIVATE Waiting for confirmations...
2024-05-23T04:58:51.764Z DEACTIVATE Confirmed.
2024-05-23T04:58:51.764Z FIND Deactivated stake accounts with total balance:
2024-05-23T04:58:54.165Z STAKES Found:  23  accounts for delinquent validator xZdM99vCZe8ErpVJ4PRDCqneAgnFu96ZbfnZ98GFFGW
2024-05-23T04:58:54.165Z STAKES Stake account 8p7R3kdV7R4i1H8Hh3Z9hAF2L6r4cZnom2AtpTkDCFue is activated:  0.003342222
2024-05-23T04:58:54.165Z STAKES Stake account EebJJsZKFRFsVMmduCwzs7NoAqJcnoCQorEmvHc4VeX8 is activated:  2.217088301
2024-05-23T04:58:54.165Z STAKES Stake account 2kiJvyUGH2KdbS1fKhCRknDW2SbER2t8j1CNDxiAvyp6 is activated:  0.003343124
2024-05-23T04:58:54.165Z STAKES Stake account AzihRRPeNiKv2uzdggBhoc9b6YD6Nz1LYN449mkP5fP3 is activated:  52.221232037
2024-05-23T04:58:54.165Z STAKES Stake account BEdv1pZHTRsRVBHRD56J5DRhnobpcR9DYP9KLNRvUPP1 is activated:  360.835613987
2024-05-23T04:58:54.165Z STAKES Stake account DAwNdmWuJ3cPGoLrFnA3czNdHL2oJzXxS49ubzS5s9RK is activated:  17.102076102
2024-05-23T04:58:54.165Z STAKES Stake account 8Y5KMpWtxFpP3UT8NgGNEDcnyyxVLZET6mNL1rCGk3EW is activated:  60.766871822
2024-05-23T04:58:54.165Z STAKES Stake account G6y2UUNQ6JRrAhkGVFt8VJVmnztQA7gxufV6uZR6vvDF is activated:  0.003310638
2024-05-23T04:58:54.165Z STAKES Stake account EJs5kNsyKatymW73aB8FvBN8TDEuJU3qucNTSeBqtVBX is activated:  0.003291838
2024-05-23T04:58:54.166Z STAKES Stake account FcVtQ8GwDE49StxgcK3tvrTXEpKjCR3NEhnp1fn3K4bb is activated:  105.948084712
2024-05-23T04:58:54.166Z STAKES Stake account 9iXjunhtb527FzkGP5KZTmDYWLMhKZo9ZeobuUn9FhSi is activated:  26.166148408
2024-05-23T04:58:54.166Z STAKES Stake account AfYkZ6UD4WY2gtbMV19fFdQA4mEfp76tvbdbsXJFWUKi is activated:  350.30144966
2024-05-23T04:58:54.166Z STAKES Stake account 6j8LWSrSzMGxQ7PatdheCB2otVuEgZEcniGop12WvuBU is activated:  57.575376124
2024-05-23T04:58:54.166Z STAKES Stake account FeFDRpnoaFk5PcPvdP3B4uyVPgGZQdeiJj2kDKmHraJh is de-activated:  393.968209591
2024-05-23T04:58:54.166Z STAKES Stake account 4Bq4wiBHGqPhuREwZboJ72kX8vaTWGo3kQmVNpV6wt1X is activated:  70.478022915
2024-05-23T04:58:54.166Z STAKES Stake account Ce9A3Xm7qRbWsm7VuQc4BzD34LqBv21LkGxtNM243Qr5 is activated:  330.274246915
2024-05-23T04:58:54.166Z STAKES Stake account FeBsjU7AAPdqTwS3RGG2gLueJVZFGRpt1fdF5yjHUyK4 is activated:  347.711197064
2024-05-23T04:58:54.166Z STAKES Stake account 3V3xqkkCezBjC84s7bzxCfMX1DqVSZ5vy4P3vH1qUEPi is activated:  105.948084712
2024-05-23T04:58:54.166Z STAKES Stake account 4Ei2XYBmW63zAejtcpusDWov7xR3TZSkPwb1VjMDbrad is activated:  66.799016577
2024-05-23T04:58:54.166Z STAKES Stake account GLxFLtGZ5WgoKyT19gkjRpDvMseEPicDtpA9st4qfA81 is activated:  340.613290709
2024-05-23T04:58:54.166Z STAKES Stake account 2SikwdKhq1jyA8ecTvJCGpqGnTuwprJvf6UCEN9q1giu is activated:  349.007930231
2024-05-23T04:58:54.166Z STAKES Stake account HxsGWBTCjkSUZNth7GuF2rkCwkFNiBBC3wzgH7FNqbYZ is activated:  80.4889566
2024-05-23T04:58:54.166Z STAKES Stake account 3Yq92PyZCgMKU9nzyoBsR9bfhtR9a6H4beupWNfU2BW8 is de-activated:  394.699788524
2024-05-23T04:58:54.166Z STAKES Found:  21  accounts that can be de-activated delinquent validator xZdM99vCZe8ErpVJ4PRDCqneAgnFu96ZbfnZ98GFFGW
2024-05-23T04:58:54.195Z DEACTIVATE Blockhash: 35BqANFs8jyt8kui92B1LdangMkU5iHhxn6hTRiMfGQX
2024-05-23T04:58:54.226Z DEACTIVATE Sent tx: 5RHsLYZ9AXDfoj68JdRFE1Z7Hr3T6g47WmKWuUkaqRfJAuhrmHRFRrsdXx4RjacQE5zD2VoQUrzRdfzzE41WsdEj https://explorer.solana.com/tx/5RHsLYZ9AXDfoj68JdRFE1Z7Hr3T6g47WmKWuUkaqRfJAuhrmHRFRrsdXx4RjacQE5zD2VoQUrzRdfzzE41WsdEj
2024-05-23T04:58:54.329Z DEACTIVATE Waiting for confirmations...
2024-05-23T04:59:10.152Z DEACTIVATE Confirmed.
2024-05-23T04:59:10.152Z FIND Deactivated stake accounts with total balance:
2024-05-23T04:59:12.611Z STAKES Found:  22  accounts for delinquent validator 69SajSVq1tWCF7fNWzu6W9fEcAC2FaTVgKZnbZzGSiaB
2024-05-23T04:59:12.611Z STAKES Stake account 8xA8GM536gZvdtnJcynEgQr3kwVu8JdKbPDqW5eGovsS is activated:  31.294028331
2024-05-23T04:59:12.612Z STAKES Stake account 5GhHw1EX75ebt8AZ2TM2CWKySxQHkVjXQZALA28912Do is activated:  0.003294258
2024-05-23T04:59:12.612Z STAKES Stake account 333g1wDDSJEZZxpayuGA1Ds7SZC3wht4CeiARFhFrMES is activated:  110.015809627
2024-05-23T04:59:12.612Z STAKES Stake account 3nJwecTABJdprfGApv8TFFRVVtCRLtGhmoKb7hH9Q6n5 is activated:  83.977969606
2024-05-23T04:59:12.612Z STAKES Stake account 5p8gf7mJgB7M23LzsJ8Nuzy89hWvejkCd8GP3pUYhst4 is activated:  332.893625163
2024-05-23T04:59:12.612Z STAKES Stake account BzspYk97BGMjXCFrtMsPjmnCr3Z2bW3wefBk85jA3YY4 is activated:  0.002390218
2024-05-23T04:59:12.612Z STAKES Stake account EnNxmR6rXCfR11FhT1B4cqRoweCRkx3yn3dFgzwhrNdf is activated:  351.24351777
2024-05-23T04:59:12.612Z STAKES Stake account A2JuP96Q17WgbezzyosN8C76xiXipnA2HyiUyQQNumwi is activated:  0.003313278
2024-05-23T04:59:12.612Z STAKES Stake account BvpJm3kVJHdnSiG19US6ASiqFUAXpTQrLy6yXWTdKFT8 is activated:  370.105421802
2024-05-23T04:59:12.612Z STAKES Stake account X81UCW2brtVPSJnpAGbhMtjsLTFoegxJYcX8PiCc7Zr is activated:  62.435006778
2024-05-23T04:59:12.612Z STAKES Stake account Hd6Kbojsj316KFscTyAC76wwe75NdnvzUtRbmbUoVwxi is activated:  323.161103519
2024-05-23T04:59:12.612Z STAKES Stake account 6rT8yf1AWBxi92GHjGqfKTvhGgxtfqVjvMSyg3g5qgdY is activated:  2.223072948
2024-05-23T04:59:12.612Z STAKES Stake account 4ffYQtbA8CwnqzZKoKiotiwKpNntiJxsB8ry9aHEVi7a is activated:  351.509533938
2024-05-23T04:59:12.612Z STAKES Stake account C3V1r4xKwScGmgag632pPYcUFsizzeKJCRqWc9eKCFqM is de-activated:  45.528216526
2024-05-23T04:59:12.612Z STAKES Stake account E5SCJ8Ypddbbz1QKSJSEpMLfxcjKm9446gYqX4AitSVe is activated:  92.094709276
2024-05-23T04:59:12.612Z STAKES Stake account 4cuX39fvxoPQ87JVxowEHvHay2tfPRxYYjtixT2s2g5a is activated:  85.524785739
2024-05-23T04:59:12.612Z STAKES Stake account ENA4vsLNr9nXkZ5SRDezp9sjAuoGGFXtwzjJ4pRJZPo7 is activated:  20.076063117
2024-05-23T04:59:12.612Z STAKES Stake account 9n56j2jULPwWQQPcX9oGCvL2oWSvfQQdjSMQZziBAnRb is activated:  357.56617874
2024-05-23T04:59:12.612Z STAKES Stake account 49z1mVgQd5cRNd2wEpkZbL2L3u5ZbgCGapv6fWofZdPd is activated:  0.003360823
2024-05-23T04:59:12.612Z STAKES Stake account DwfgZitwpNtBU37oAhsnW3Fzn8NaLHaBXu7qxdS46ma8 is activated:  80.875039753
2024-05-23T04:59:12.612Z STAKES Stake account HVZMZuUhVbQt1ErwwhkzxwWuS7QFAyVq7pyhUkxCSYnb is de-activated:  352.757327571
2024-05-23T04:59:12.612Z STAKES Stake account J5MUKfpHqJPpcTvWrjVf6icdwvo1PZ9aCeU7U7miG9xA is activated:  0.003354649
2024-05-23T04:59:12.612Z STAKES Found:  20  accounts that can be de-activated delinquent validator 69SajSVq1tWCF7fNWzu6W9fEcAC2FaTVgKZnbZzGSiaB
2024-05-23T04:59:12.639Z DEACTIVATE Blockhash: AfYC3r7miE62ZscANpGsmcqWMJGdogqBhbsUxpWHemhf
2024-05-23T04:59:12.671Z DEACTIVATE Sent tx: 2oXvjcyFFdV7Pm86eezE1tbW9Tc2491ZQ1dYakEgDJxC8wGVtBxREshVp7urrbwsjdA2cMMsjjFr2LLAd8YuKuCF https://explorer.solana.com/tx/2oXvjcyFFdV7Pm86eezE1tbW9Tc2491ZQ1dYakEgDJxC8wGVtBxREshVp7urrbwsjdA2cMMsjjFr2LLAd8YuKuCF
2024-05-23T04:59:12.772Z DEACTIVATE Waiting for confirmations...
2024-05-23T04:59:49.579Z DEACTIVATE Confirmed.
2024-05-23T04:59:49.579Z FIND Deactivated stake accounts with total balance:
2024-05-23T04:59:51.710Z STAKES Found:  24  accounts for delinquent validator 8j6hfPMpAoETDJGZP5hHnqgpCEsshobghwS6FeFbFykH
2024-05-23T04:59:51.711Z STAKES Stake account 9vNydKRZb9XxuffNQpKdLeex49WKNJ2bc9zyYSA8rX2i is activated:  0.003312501
2024-05-23T04:59:51.711Z STAKES Stake account B9xqsg8jSvZDu3MJiFPAbv57b2zn4HKjbYnHtfSfJqzU is activated:  98.630481823
2024-05-23T04:59:51.711Z STAKES Stake account DKjoc3yU6rDxcgBbVGJdbBEDbm3jsk6uLXjhGfPBmtfP is activated:  2.221437026
2024-05-23T04:59:51.711Z STAKES Stake account CCYb2TxhoybemBsXjNkGZ6T2RSkrqBPksZQaaCCHjzTv is activated:  0.003358231
2024-05-23T04:59:51.711Z STAKES Stake account 4egEhXihBkJw82B3H9UBwvgnesmkhXmn8rJjsUoJBELm is activated:  109.841832617
2024-05-23T04:59:51.711Z STAKES Stake account GcKVcXiSHrXyAyyRvvncspt9MMMdcz9675JUommaJN1Y is activated:  157.079994557
2024-05-23T04:59:51.711Z STAKES Stake account 3MnuF3yecvdUzcTXXJxe4XG42agX14pgVfy8N8kkYWEp is de-activated:  45.478718529
2024-05-23T04:59:51.711Z STAKES Stake account HTKejQ4HSHR4Qd8xcQu4XGpKJFfo7UbEMB1kcXz61zvC is activated:  356.834887996
2024-05-23T04:59:51.711Z STAKES Stake account HUP3QqtwYnSDLpyX5oXiRG4a7qYUFezs9jL3meCyvEze is activated:  357.70883354
2024-05-23T04:59:51.711Z STAKES Stake account WhpRnCqbYnxxJN3YduYoPPqRPS6u8kmr9ReLg9topuW is de-activated:  45.571099553
2024-05-23T04:59:51.711Z STAKES Stake account 3q5vP2Mf9NCgCwz5J2hLNNFWiLYKkjCYi1AZymhpScNC is activated:  80.647329154
2024-05-23T04:59:51.711Z STAKES Stake account 31AcTc9MKwkeW7XfVG2WuwX74AYyZMMv5yssUHCnw3Uv is activated:  349.690157558
2024-05-23T04:59:51.711Z STAKES Stake account 5rZ7L1Qgt2QPJPqQMZGPVrHcZBrhyZvZ1GQpDgcNGa8n is activated:  0.003353962
2024-05-23T04:59:51.711Z STAKES Stake account HjvGjAaP38hSS2q3JAj2SQQow7MgQpq1fqzracgmqCLz is activated:  86.733773933
2024-05-23T04:59:51.711Z STAKES Stake account 6bzQdX8MxrXv42aJqpYD6rwLDTsatxZRG11CRj6cWpvN is activated:  93.743421173
2024-05-23T04:59:51.711Z STAKES Stake account 6GtcwurNZDcJSs1Nshs8TMWVyAAFnbpupZeFWz2eHYba is de-activated:  352.644614957
2024-05-23T04:59:51.711Z STAKES Stake account jmPMe9tXHptm6oi5NAkeae3JDwc5SdpYhRp4g8meXPX is activated:  84.388646801
2024-05-23T04:59:51.711Z STAKES Stake account 8jXYGKigMxC98KQ69mdxmo2hXyqsmPBDXvQdSHZmCtaT is activated:  24.551939608
2024-05-23T04:59:51.711Z STAKES Stake account Bm93MoXgWcUtEsDXiLz7JbqXaWxhg5rgAfPKsvKiBNsQ is activated:  83.880345922
2024-05-23T04:59:51.711Z STAKES Stake account HWQnKPWPjpPAwJxH4rYYnXrvFuKXYbZEQVGqN3ZLWyTN is activated:  125.00215843
2024-05-23T04:59:51.711Z STAKES Stake account 9XuupL6vJPj1QfLCsRUueVQ9AQyXcW8xHDUFkA1DYbfP is activated:  332.033003159
2024-05-23T04:59:51.711Z STAKES Stake account Fbu9x1q2bFvmTqjcEvSnHSDD38ASBwdPJg9KfvUfhFy2 is activated:  104.465398346
2024-05-23T04:59:51.711Z STAKES Stake account EzJS3yiBcfqycRTKbqUkgnUkUe7KBXVuFmYqpFq5764B is activated:  38.692684719
2024-05-23T04:59:51.711Z STAKES Stake account EpQF8irjWvRwFaJpEaWsiLfjgS5PYNp7x5DWe1aUqTbh is activated:  91.910120253
2024-05-23T04:59:51.712Z STAKES Found:  21  accounts that can be de-activated delinquent validator 8j6hfPMpAoETDJGZP5hHnqgpCEsshobghwS6FeFbFykH
2024-05-23T04:59:51.739Z DEACTIVATE Blockhash: GVsrdvM8Ldfw3iHJyNJ2Tqq59MnBxfi2QM6Uhw4Q2LU8
2024-05-23T04:59:51.770Z DEACTIVATE Sent tx: HJwjrSWFPxepRiYKHfzARBrscQQsqm5xYW4uBLWef75EWR2N9WVSCsLVwHbaqXYdqiQW3nz6MwutTTAS9Hhz5M5 https://explorer.solana.com/tx/HJwjrSWFPxepRiYKHfzARBrscQQsqm5xYW4uBLWef75EWR2N9WVSCsLVwHbaqXYdqiQW3nz6MwutTTAS9Hhz5M5
2024-05-23T04:59:51.871Z DEACTIVATE Waiting for confirmations...
2024-05-23T05:00:14.186Z DEACTIVATE Confirmed.
2024-05-23T05:00:14.186Z FIND Deactivated stake accounts with total balance:
2024-05-23T05:00:16.329Z STAKES Found:  21  accounts for delinquent validator H2Gdv2AZdAr1RPmXzPKFVE5oPqXnxH7V4ZRRNfuGbX1D
2024-05-23T05:00:16.329Z STAKES Stake account C56uDD94SZ1gPKYdL1mNNQ82Uu8B3ToDDJzUhFZ5iRPj is activated:  350.620586985
2024-05-23T05:00:16.329Z STAKES Stake account 7t3Xj2YsXNqyNhx7y7n8RquA8L1uf6SduyDSeAtT2SY is activated:  0.003311687
2024-05-23T05:00:16.329Z STAKES Stake account 6nhAxqTUqoSAPKkmRPug5azz9Sf3WwD7dSG4fueA6SJ6 is activated:  65.644255749
2024-05-23T05:00:16.329Z STAKES Stake account GXpUoz7TchAkSPEuFbg51mhdtRR2EjTSN3xCzGhFfAEq is activated:  75.064512428
2024-05-23T05:00:16.329Z STAKES Stake account 5iiD2f1Uuh1MPMYoZ79AWiwdqATFokMUJsrp7rTNmFuM is activated:  106.070635978
2024-05-23T05:00:16.329Z STAKES Stake account 5Cgmd1WCVSkuP5KofBhLh6ebpjndtS3AcCnSdyrykAup is activated:  95.734125455
2024-05-23T05:00:16.329Z STAKES Stake account 7hBmugqQ2hjfCUS5Ye9gVYvzCaUowjc5bo52RjCdbYE3 is activated:  357.354950991
2024-05-23T05:00:16.329Z STAKES Stake account 2FBsmmEaUFD3tcPMLyUoxNh4QLScgcS3eAi3DEsepFEc is activated:  0.003292643
2024-05-23T05:00:16.329Z STAKES Stake account 3S6fomgkxA7MQ8XN9X6DTfE9QpBAL9u7V1zQ7gCf5LGv is activated:  356.553966756
2024-05-23T05:00:16.329Z STAKES Stake account 32Fi2BzL41NiSuQAiAU8S67yrFSbPahUHqANNGkHAodF is activated:  114.31497931
2024-05-23T05:00:16.329Z STAKES Stake account 8ipGZT9xLYjZnPUUnwcreJtmYycBoLsjtNypcVExs4Kf is activated:  0.00334435
2024-05-23T05:00:16.329Z STAKES Stake account 9D4j3vd3PgPiLAj33mGkFps2ykmh5bwpAzzRLkcZkkQZ is activated:  32.962335874
2024-05-23T05:00:16.329Z STAKES Stake account 3heQbEH8nr1QAh3wQyDxv4yG4kmzwxvG1FDzRaGU72zf is activated:  89.886976082
2024-05-23T05:00:16.329Z STAKES Stake account 9fFGbE5zQks3vrtJTxvASgBfkwC6cCaWQC3yKtAq1QVr is activated:  2.219670225
2024-05-23T05:00:16.329Z STAKES Stake account AmWE4m6S7tG2sA8fY4pxsBCGmK5XjiLDoU7oh2FZfyvW is activated:  21.012023198
2024-05-23T05:00:16.329Z STAKES Stake account EcFnUn6VcvFVoVHax6dg3GWuRguFzc4pabgPYepF485i is activated:  78.073725914
2024-05-23T05:00:16.329Z STAKES Stake account 2BhqmNfTqSNRfcCknJhyXqJRQEVJ9YXDqCJkafKU5PZt is activated:  8.876449837
2024-05-23T05:00:16.329Z STAKES Stake account E2GSgxb1sxnZK8fGZQtunJQq3KE7WLJDoqKt6JHdC9oH is activated:  110.621152169
2024-05-23T05:00:16.329Z STAKES Stake account BZut6gc93fT4gh4JfvB6of3BrHXSjeZkih9Dcy5Egs1c is activated:  0.003343449
2024-05-23T05:00:16.329Z STAKES Stake account BY9BDT2SeEkctMAnQURCB9GM4qMDWSTuVcF5iuGkxML9 is activated:  349.414695545
2024-05-23T05:00:16.329Z STAKES Stake account CQE7a4VLBM82peDLJzy3EYiBstbAvdg9D456WQBetiVN is activated:  357.024241539
2024-05-23T05:00:16.329Z STAKES Found:  21  accounts that can be de-activated delinquent validator H2Gdv2AZdAr1RPmXzPKFVE5oPqXnxH7V4ZRRNfuGbX1D
2024-05-23T05:00:16.357Z DEACTIVATE Blockhash: 2JAMECGdq3CeZQsJ8U4cy1oNXdmU8eeWxiKYX6mVA22G
2024-05-23T05:00:16.389Z DEACTIVATE Sent tx: AkaojsRixLxwtb1KnshB9z13ZcZQ6zcTpfJCvHtYasNE4eQtrSwM3PcZz2Ww1v4bzEH33pVKhvi9TtPCxkob4B5 https://explorer.solana.com/tx/AkaojsRixLxwtb1KnshB9z13ZcZQ6zcTpfJCvHtYasNE4eQtrSwM3PcZz2Ww1v4bzEH33pVKhvi9TtPCxkob4B5
2024-05-23T05:00:16.490Z DEACTIVATE Waiting for confirmations...
2024-05-23T05:00:37.644Z DEACTIVATE Confirmed.
2024-05-23T05:00:37.644Z FIND Deactivated stake accounts with total balance:
2024-05-23T05:00:39.877Z STAKES Found:  22  accounts for delinquent validator HZPcvG4ykhEkRJP3uEhCqYWehWxt4iWGv1cEmxZyweUA
2024-05-23T05:00:39.877Z STAKES Stake account HeJMz1fpZxr4B4Sm8v9Xyukz6KPSRUG4AM7bsSZSBzog is activated:  0.003293018
2024-05-23T05:00:39.877Z STAKES Stake account DAQob1pogB2U2Xq7V7hQvZxikuZ63j3XDLbk8SJQEPtJ is activated:  0.003312015
2024-05-23T05:00:39.877Z STAKES Stake account CCZetc1qgQNmHkutmvT9GqPfrLhiiYHEn3bAzZKmZUNC is activated:  52.490321681
2024-05-23T05:00:39.877Z STAKES Stake account GMAii7BHSRV1WeG9SH5bwK1Ek58VFGvcv1uP5nTUyitq is activated:  349.52205814
2024-05-23T05:00:39.877Z STAKES Stake account DwmyQ4JRDFadLfYViJjHLsVCivr86BqxLGDSWKTf9cCk is de-activated:  45.442290676
2024-05-23T05:00:39.877Z STAKES Stake account GhZuhMSqk6LBVrGqn58HARxdkUbH6yhLBxCs2Sg2HEWd is de-activated:  352.475510069
2024-05-23T05:00:39.877Z STAKES Stake account BjcFQGJcpvNtWhaivoXevBYdw1bdPvqADga6obGjvMMo is activated:  16.191080253
2024-05-23T05:00:39.877Z STAKES Stake account QhZqfZYnpzmVngKPjpVj8QYXkzFyFPExVQCiCe2T6T5 is activated:  322.05977161
2024-05-23T05:00:39.877Z STAKES Stake account WcDzm7GPnvPUSvNuaq8BafKKoMQiQ87WpVLGjKSWkR7 is activated:  58.14510869
2024-05-23T05:00:39.877Z STAKES Stake account BoEBtsaxnYi4YFKTMVSJGMkLfJkis2tADA9eC7DmpquK is activated:  78.619504301
2024-05-23T05:00:39.877Z STAKES Stake account Cym7gLwAXkHd65Zow4sSA4NW4HgNLHhcuZg3NiQtnagc is activated:  351.146301059
2024-05-23T05:00:39.878Z STAKES Stake account 5nPRuaep9QKXfnBqG1epMZbRinJJ39Gv4RuUsoGLJhM4 is activated:  0.0033592
2024-05-23T05:00:39.878Z STAKES Stake account AqvV7y4PPiT3FgKNPCvgsEibL299HS9gVSw2p5EkyRyL is activated:  67.605957322
2024-05-23T05:00:39.878Z STAKES Stake account 2AKatYhroViar9c635TdnGsBA5PecKBXTdQs6VVJExQp is activated:  60.712520343
2024-05-23T05:00:39.878Z STAKES Stake account 3JNusjaexqSLnjiiKu3BJRC8Dh6AeqQPgmZdHfc5vHwC is activated:  2.2203522
2024-05-23T05:00:39.878Z STAKES Stake account AfiUbHnzEjn65P6nFkngxAaPBXmk3pNJKZ1L6TMxcu9u is activated:  0.003353445
2024-05-23T05:00:39.878Z STAKES Stake account 9SabBxjAaXKCNYKCy2z22Yu3fmmaMuhqRCMVzg7hCaUy is activated:  369.308708214
2024-05-23T05:00:39.878Z STAKES Stake account 2kc3y3QJnEaCDuBx5u7STLw2Kw8ZGg94f4dWsjoYCk2T is de-activated:  352.816629825
2024-05-23T05:00:39.878Z STAKES Stake account 3ryaqpAkwERSBYXQp7DPDorCYBbiQAb5MZBoaHJ9bdKe is activated:  372.787643643
2024-05-23T05:00:39.878Z STAKES Stake account BXUy2vAPFLeUhsxViYApJorRDxTnj4H6SUgfsJsxH3dB is activated:  27.099221627
2024-05-23T05:00:39.878Z STAKES Stake account 8iVfGXhw6PCKDwc2nmsEDV3KNYB2TWqSKx3SGX53mTSR is activated:  357.134001669
2024-05-23T05:00:39.878Z STAKES Stake account 8dPeGU8nMPFx9noDe7aGWQi3dQvMHGBaP32snEFjqhEo is activated:  71.15478695
2024-05-23T05:00:39.878Z STAKES Found:  19  accounts that can be de-activated delinquent validator HZPcvG4ykhEkRJP3uEhCqYWehWxt4iWGv1cEmxZyweUA
2024-05-23T05:00:39.905Z DEACTIVATE Blockhash: G1i393nyAnMKEsSWXoCM6DPaVt3kkPZrRyBejKUJDGGD
2024-05-23T05:00:39.937Z DEACTIVATE Sent tx: 3qBgDWfpfcXHKBubmDwDPe3g8GmjPLs6KrfTZfjPjUMPAvffwKSkMvsrrNuiqt5Ewb4HBQzJUZc2ZLUKcUeftmA https://explorer.solana.com/tx/3qBgDWfpfcXHKBubmDwDPe3g8GmjPLs6KrfTZfjPjUMPAvffwKSkMvsrrNuiqt5Ewb4HBQzJUZc2ZLUKcUeftmA
2024-05-23T05:00:40.038Z DEACTIVATE Waiting for confirmations...
2024-05-23T05:01:13.152Z DEACTIVATE Confirmed.
2024-05-23T05:01:13.152Z FIND Deactivated stake accounts with total balance:
2024-05-23T05:01:15.612Z STAKES Found:  23  accounts for delinquent validator DbqQ6kPp5Rt2zbkMMsesTR8xbAc44pEgeTGqd92xFYbz
2024-05-23T05:01:15.612Z STAKES Stake account B3fFiK9jGxdVok4iQuSrSCfa2p6tVx31nLan3haj96Xd is activated:  30.947546638
2024-05-23T05:01:15.612Z STAKES Stake account 8nQBZeqiGaBM7QQYD82uXajfHh6VGBhrWLwYtn9LBPwC is de-activated:  393.578613001
2024-05-23T05:01:15.612Z STAKES Stake account 3NfhgsFVr1aoD3QCppThgLmTsJ6xLpywiZaGCBEf46Up is activated:  0.00334277
2024-05-23T05:01:15.612Z STAKES Stake account DZVqN8J73AvstkzE3u4UHVLUQVD7e7ip5NqgzyhkecpQ is activated:  350.831998675
2024-05-23T05:01:15.612Z STAKES Stake account ep7VLquYRpWUXp5DrkJtRvhH87pud9NCAQZaYRCuAzU is activated:  1.795766362
2024-05-23T05:01:15.612Z STAKES Stake account 42o9qWDCjkyvqceQTHh6Y6pyv2QXTTx2Xx7e2mevH65B is activated:  85.350484911
2024-05-23T05:01:15.612Z STAKES Stake account 46ougAFZPmX7EBte2JM1NdmZrp4mkhSNfQGP9rs1fn1F is de-activated:  3.729740443
2024-05-23T05:01:15.612Z STAKES Stake account Ht2poh7iadUKCRZfuCwRsFMMGovT4XXq4EhvmQxmuurm is activated:  83.844211495
2024-05-23T05:01:15.613Z STAKES Stake account FrHgwrtzcNDN27dNwfETaPtbEjTFoEQqe4ZUZuoHvxVV is activated:  350.484310733
2024-05-23T05:01:15.613Z STAKES Stake account CJZMBnhoMU6cDREkFnKNToGFvoYoi1AGp7DiwGVsnAVD is activated:  2.218277824
2024-05-23T05:01:15.613Z STAKES Stake account 4ncEzxztshHH3vxVyxdAqcBy4REhCSDGyEJUYChkxVfu is activated:  74.154313893
2024-05-23T05:01:15.613Z STAKES Stake account JANndbuWjCehr1rxkTCTsFV4stABiaK96QEFjKBRqS7R is activated:  356.794712099
2024-05-23T05:01:15.613Z STAKES Stake account DybxZ4LMrhhPaaFeRFxdToFpafpUnC9geVwgYoXMsooV is activated:  106.047905462
2024-05-23T05:01:15.613Z STAKES Stake account 2MeWCR5tvGCX4hR1XiJEZBCUvHsMA6jXpr9BDhnwJKNg is activated:  62.261307492
2024-05-23T05:01:15.613Z STAKES Stake account CW94zFAYsh7L7Q5LZzQDEof9CJhvK2qZad6dbZBAsWEG is activated:  0.003343674
2024-05-23T05:01:15.613Z STAKES Stake account DWVwbS6h1WJAZAosDABU6j8fc4UbszVJ21sKc4tAhXVC is activated:  19.643150566
2024-05-23T05:01:15.613Z STAKES Stake account 2ybyz4waAKLg7kDYRtsFhXFpLzGqhF18B6s4CXrmz2Pd is activated:  95.672531415
2024-05-23T05:01:15.613Z STAKES Stake account 7Tz5Wc21E8KNPdCj5n64aS15pPTnUw24ypJwAJchqWQC is de-activated:  393.983575165
2024-05-23T05:01:15.613Z STAKES Stake account DiXTh37Pn61qgkqsmpnnPpLATv3whMZhrYm2T17VLxtY is activated:  106.047905462
2024-05-23T05:01:15.613Z STAKES Stake account 7rYd1WnKbQXSgHAygZAMQoBCop8Kncjt6zKTX8o8w2hc is activated:  357.197435763
2024-05-23T05:01:15.613Z STAKES Stake account 3xt4ae9wVGxDi1S1pczpfFvg7hb13QNyUzp4JuSLTNGg is activated:  0.003311063
2024-05-23T05:01:15.613Z STAKES Stake account GuNNhZXDkdg8XkvAC5sDmrMqenxDqkWtTrJTg8EKs5PU is activated:  114.290844971
2024-05-23T05:01:15.614Z STAKES Stake account 4QmujfZRhnpXm1wkNtzuCE78pKS99Bsm8r9XgBPcqwr5 is activated:  356.561919479
2024-05-23T05:01:15.614Z STAKES Found:  20  accounts that can be de-activated delinquent validator DbqQ6kPp5Rt2zbkMMsesTR8xbAc44pEgeTGqd92xFYbz
2024-05-23T05:01:15.641Z DEACTIVATE Blockhash: 3rjxUBnyFhKXUg6Tdx3EunFDrgh1mMajsajH18vZ7NNk
2024-05-23T05:01:15.673Z DEACTIVATE Sent tx: aWzhgbCTtgEwQJMSoxVhvaguV2ibz5p9BG37q9FyhxdtuXTmMSMw9ZiihruWUDkNAooXUgbqoXzScUbkoTFh2GW https://explorer.solana.com/tx/aWzhgbCTtgEwQJMSoxVhvaguV2ibz5p9BG37q9FyhxdtuXTmMSMw9ZiihruWUDkNAooXUgbqoXzScUbkoTFh2GW
2024-05-23T05:01:15.774Z DEACTIVATE Waiting for confirmations...
2024-05-23T05:01:38.176Z DEACTIVATE Confirmed.
2024-05-23T05:01:38.176Z FIND Deactivated stake accounts with total balance:
2024-05-23T05:01:40.577Z STAKES Found:  20  accounts for delinquent validator 7SqriECKvF3JGnhVYBU6D2jsYePUcVeavSLLmJFrrzAM
2024-05-23T05:01:40.577Z STAKES Stake account HbZa9RRZ8zaynRgy3my6RHkZRP9T7KFjCNFUkSsMso2w is activated:  16.623573806
2024-05-23T05:01:40.577Z STAKES Stake account 3DA62g8Aj7rAw2bq8xLcxn1P7iZWHnKw5j7emeL6TwZm is activated:  0.003312916
2024-05-23T05:01:40.577Z STAKES Stake account gsQxbvhcFgB3NdyEzgDiarxNnqjzMn483eJK7ssvth2 is activated:  0.003293849
2024-05-23T05:01:40.577Z STAKES Stake account HYxkstcp2fFvAeeJUy1h8P3voXAFrBzBm9iMoBziiuZ9 is activated:  78.866536259
2024-05-23T05:01:40.577Z STAKES Stake account 2JHzzmd8cy7Qe4K34ZCc5btopEjMawgW3D6sttuxqj8R is activated:  27.33556795
2024-05-23T05:01:40.577Z STAKES Stake account 9BUpYaGfzuGEgwLsc151Uz742REHQJ9gMWv3dFPjMtj9 is activated:  60.967298256
2024-05-23T05:01:40.577Z STAKES Stake account CXLzLsn1uM1BjLXfX5qjrBrKueM2Nkg6ULSyrUF4UjS3 is activated:  351.383986879
2024-05-23T05:01:40.577Z STAKES Stake account 6hidwDVCtPChBsDDsCTcGUtJWeB2hFQ3geB66J94tbo8 is activated:  0.003359461
2024-05-23T05:01:40.577Z STAKES Stake account 5wcnKwm2rH8QG2WsDc7tNHzNyji1tkKoHASFEFRfkHut is activated:  67.26485442
2024-05-23T05:01:40.577Z STAKES Stake account 51xwCz1t1tw9YyCL8xGrJPv8aZQqnhSDyPQZMBTucWY3 is activated:  71.561814685
2024-05-23T05:01:40.577Z STAKES Stake account 8LRQyFvxwTcE7K3JjW3HVZrzFh2aDdm8trtrQuRcVF64 is activated:  58.556314303
2024-05-23T05:01:40.577Z STAKES Stake account CEvVzSY2W7n97jSnLpGCLzG2FH85Ai91LkEsfvfvBNJG is activated:  7.244591408
2024-05-23T05:01:40.577Z STAKES Stake account B6t9GT9eSzSKfrriWyFFMh3aJi4BqSVphw3uGzai5dbp is activated:  357.797106857
2024-05-23T05:01:40.577Z STAKES Stake account 5jPW4x4zMu2zghW6hUTmTq6LNxzbU5qAurcvDuW9RxmY is activated:  349.82218992
2024-05-23T05:01:40.577Z STAKES Stake account 2L8Z7cJUH8F1U9HFVj44PcGpNX9WtY76es6N1h2eA9o2 is activated:  348.522899345
2024-05-23T05:01:40.578Z STAKES Stake account 1SoDfutY5fiiNMAMogvxTrZW9GD1MTiRJ7yCbhf2r46 is activated:  2.222279974
2024-05-23T05:01:40.578Z STAKES Stake account 4x9Nuo3fACvjNt9RfvCb4WcsPinoiufzaQA2qzD4tPH8 is activated:  323.74458471
2024-05-23T05:01:40.578Z STAKES Stake account 6Ex4tjM14EY8N6bz21nDhnWdY827agyVqztqMi5L3KM3 is activated:  369.976027277
2024-05-23T05:01:40.578Z STAKES Stake account 3AiPAZNYw3XP9V1qfdMvGtFpz3hESrCJvhaw3sVuAz9j is activated:  0.00335426
2024-05-23T05:01:40.578Z STAKES Stake account EwPFUaxWBpRqNYFF1A9Z6Y2YFDdr1rKV79ExSpmWsHuR is activated:  52.685903981
2024-05-23T05:01:40.578Z STAKES Found:  20  accounts that can be de-activated delinquent validator 7SqriECKvF3JGnhVYBU6D2jsYePUcVeavSLLmJFrrzAM
2024-05-23T05:01:40.606Z DEACTIVATE Blockhash: 6AwsJuJvCyo6tWaLLHTC2yYhvaydaHMmqDPFzHGREurd
2024-05-23T05:01:40.636Z DEACTIVATE Sent tx: 22zZ1MyEh6rLZSDFLEPEmrTM6VHEfV2ui77XFRsLNPSjQUnj1dHWw2sRo4SwcSDuHEcgy6pATwFbu4NTzo83CDU8 https://explorer.solana.com/tx/22zZ1MyEh6rLZSDFLEPEmrTM6VHEfV2ui77XFRsLNPSjQUnj1dHWw2sRo4SwcSDuHEcgy6pATwFbu4NTzo83CDU8
2024-05-23T05:01:40.738Z DEACTIVATE Waiting for confirmations...
2024-05-23T05:02:01.997Z DEACTIVATE Confirmed.
2024-05-23T05:02:01.997Z FIND Deactivated stake accounts with total balance:
2024-05-23T05:02:05.584Z STAKES Found:  23  accounts for delinquent validator 3VPiVUKbbjwWeinHMt8aqKu5aiQpm2PZxndJJR44Xzuv
2024-05-23T05:02:05.584Z STAKES Stake account uyLQ4mZVgweNavbdwZPmKMT2uoAgsehvkqCVQyCv1Cz is activated:  329.747699079
2024-05-23T05:02:05.584Z STAKES Stake account BVtZpacoXuemkxoBcfqX6eGQiuF4aoUuwzSq4nWzprNR is de-activated:  45.555418302
2024-05-23T05:02:05.585Z STAKES Stake account 3kDgFG7NGSNJUvFwb9Kor5zvxzLy8WWgtLCaNwnCGABX is activated:  0.003293456
2024-05-23T05:02:05.585Z STAKES Stake account 4dp89YHQKNtNW2dwgb5yFyKUHvmQtuWnByzLDYxWuRLe is activated:  78.127184099
2024-05-23T05:02:05.585Z STAKES Stake account 7ZPiMLNj6QXiPFvYJZL7XGoNUJ28AM6K8vsCQhnDiTP3 is activated:  351.257841031
2024-05-23T05:02:05.585Z STAKES Stake account 3knBCENkAHjU2jjJUUWtHJyThdDnyxbkw8sao4VsbvFe is activated:  56.981140962
2024-05-23T05:02:05.585Z STAKES Stake account HCRdTtmjMJ6BdwmV8G9SNHtgPPNC6qqrZPxhziSxrFmF is activated:  0.003353981
2024-05-23T05:02:05.585Z STAKES Stake account CRNYX2L1LRpVprw9Dt9SFBmXuuf2d4oZP6gZNoBqr7xK is activated:  59.714671517
2024-05-23T05:02:05.585Z STAKES Stake account ECaQctX4jYZatE6BuJfZZBw74rHCEdw6w5GGThMxQ2Bf is activated:  8.924171838
2024-05-23T05:02:05.585Z STAKES Stake account GHwu7cUTnnoRfJBiLDWG6iGDLkZJmTH9mxGVf5b7chor is de-activated:  60.684384939
2024-05-23T05:02:05.585Z STAKES Stake account AGgPE9NBvoAhTUWFKGY2JCnZTYgWVTma8fWxNLi4FpTA is activated:  16.140594903
2024-05-23T05:02:05.585Z STAKES Stake account kZmRHMGt6hB6iy1X4m7RrZq95xDiVfZ4ZADSAyABz8u is activated:  357.078383862
2024-05-23T05:02:05.585Z STAKES Stake account HNS5CuAdkQshRDKK5KVfqBXR6CS1gvR8giKYUqxJ2sL1 is activated:  361.547078981
2024-05-23T05:02:05.585Z STAKES Stake account AqVtvsuzDMknCX5FCY3aX2BtYHtXttHQ1nZaMVCvULLy is activated:  357.670152682
2024-05-23T05:02:05.585Z STAKES Stake account Gj9H9iekGi8qbeSD89PAAAfrLkPWNTRYeAWquaCVYEJZ is activated:  26.998017789
2024-05-23T05:02:05.585Z STAKES Stake account 8dnXbMwFd36ECjDm3fUq58uKHPMwdn83G49GzmycAV2j is activated:  2.221452004
2024-05-23T05:02:05.585Z STAKES Stake account AqNh51TCSxQvdKEqv5uPswrZrNP5xhiMpbPH4Hd7ywe1 is activated:  322.215008917
2024-05-23T05:02:05.585Z STAKES Stake account 3EDRFKWv9CHwG4WanJWhCYGtaz6vea6ZYsL4HsqkECCN is activated:  69.390084642
2024-05-23T05:02:05.585Z STAKES Stake account 3GPdT9zphvtUfsvCUWwjgyUzbTPH1XoFTwuXhgbCMmpq is activated:  67.553207166
2024-05-23T05:02:05.585Z STAKES Stake account AgAWwvWVuLZ2v2dyfVYTWRERo3WDRp832bP7kWgn4dLr is activated:  0.003359716
2024-05-23T05:02:05.585Z STAKES Stake account 53R9KWnAtSatpJGmrkYumSY8EoAkk4icNXbQsqQc346x is activated:  51.331516651
2024-05-23T05:02:05.585Z STAKES Stake account HXMHkySLhXXh666APysGLno8XebSKEhrN3SyuL3gyxvn is activated:  0.003312506
2024-05-23T05:02:05.585Z STAKES Stake account 4YQcxdnYkq82QnATgywPk2aBqMABxvs3LDavGFYmNYr9 is activated:  9.102332509
2024-05-23T05:02:05.585Z STAKES Found:  21  accounts that can be de-activated delinquent validator 3VPiVUKbbjwWeinHMt8aqKu5aiQpm2PZxndJJR44Xzuv
2024-05-23T05:02:05.612Z DEACTIVATE Blockhash: 5ZaRjonmwNym5o6gqjrW7ehPMpwtbisd4Cs2jdJ4LFYg
2024-05-23T05:02:05.644Z DEACTIVATE Sent tx: 3bFvmXHfnT4iisBYUoYMSf39fHPsrhmbF9Ctc9Ko8rwNEGzd4VZdmz7f2zGHqr2SGd3uF4vnGFmr2MDi8LiKPiNC https://explorer.solana.com/tx/3bFvmXHfnT4iisBYUoYMSf39fHPsrhmbF9Ctc9Ko8rwNEGzd4VZdmz7f2zGHqr2SGd3uF4vnGFmr2MDi8LiKPiNC
2024-05-23T05:02:05.745Z DEACTIVATE Waiting for confirmations...
2024-05-23T05:02:35.890Z DEACTIVATE Confirmed.
2024-05-23T05:02:35.890Z FIND Deactivated stake accounts with total balance:
2024-05-23T05:02:38.317Z STAKES Found:  22  accounts for delinquent validator DgHAbtwppwNg2bC76ig9KyZPvcnV9W8unLr1rmCDnQMM
2024-05-23T05:02:38.317Z STAKES Stake account 5STYTPDQm6NLHb11RFAerLNU3Hpmo2t4SrkvNUxKHvZh is activated:  0.00335911
2024-05-23T05:02:38.317Z STAKES Stake account 9TXy9ZCMgdxhKNQE6et8QrLM27jKbTzu8kMW1Z9dp7xj is activated:  78.449362115
2024-05-23T05:02:38.317Z STAKES Stake account FS2bWhqZoJ8iWqKmFi5CVKzzTmsU1pcHj9iDkFv2RZQv is activated:  0.003293039
2024-05-23T05:02:38.317Z STAKES Stake account 3QfDuyRH1VA3JhLB9NjeKCM9Hi2bqjSC11qX9eygXsat is activated:  348.300797111
2024-05-23T05:02:38.317Z STAKES Stake account 6hBDv2JYjUoMf13fVS7W3Qj7TZ9jP9jdSBHuYq91qSRW is activated:  0.003353378
2024-05-23T05:02:38.317Z STAKES Stake account 9PRuaqzQPfTLF69orfvuuczq83oeDb5HVYxuakYig9rA is activated:  0.003311962
2024-05-23T05:02:38.317Z STAKES Stake account F2VX64LH4rjaAFWBQNdek75HabLCUuDK9m4CtYbxdo3H is activated:  71.17532419
2024-05-23T05:02:38.317Z STAKES Stake account Df7S5cHYwFHoeASRWpGwJDicvijtZ1KBjkGQw3QtayKn is activated:  67.498623841
2024-05-23T05:02:38.317Z STAKES Stake account GS8tiLhvUXM1JErkHN3DPVPpUL2cuvptmDWizjFziiUf is de-activated:  353.44266899
2024-05-23T05:02:38.317Z STAKES Stake account 8eC7gZzycQXDTFC3hotz2EEt8JTvnrdqtgfE37P6uEA is activated:  58.214301459
2024-05-23T05:02:38.317Z STAKES Stake account 7pLMLUtXx3Yc7ZZ3mCDWDtggHFouuwStwQxPoTPuxZsh is activated:  27.200833173
2024-05-23T05:02:38.317Z STAKES Stake account DKrCYxKF9oy6BUqa6tV11BcnAQy7SUtG1nEfegEpGYKb is activated:  322.040968778
2024-05-23T05:02:38.318Z STAKES Stake account 27FMQAbn6vNzYohE7FMsKM9VwP9s3izGWFMGfkEN1H7Z is activated:  357.468225909
2024-05-23T05:02:38.318Z STAKES Stake account 2hvuVAkGVRzbAfXG3faQ3N9BrAha1spXm9tj7cZ7vnRF is activated:  16.684379938
2024-05-23T05:02:38.318Z STAKES Stake account F1HhhPBqfjvjxjC8YLTeA97wjfpUYh6R4DvtvsSkq7Es is activated:  8.935564693
2024-05-23T05:02:38.318Z STAKES Stake account 8zJsfu5kshaWyiYqGsv5z6YpgwuUwWctTWgBUoSbd8nb is activated:  349.717407626
2024-05-23T05:02:38.318Z STAKES Stake account 7C7sd6HJjhM5jab2UvKegPQsdHX71XQ2r3UiHfAcZzH is de-activated:  352.795373081
2024-05-23T05:02:38.318Z STAKES Stake account U2YhG6W9LXfsR37dqi4qQZ3duc95eC9odoXBTDfkCem is activated:  369.283039678
2024-05-23T05:02:38.318Z STAKES Stake account 8TeArLUQjcvZYPoecpgHf1Kupee4B4avAN9mQCrwvDvx is activated:  323.544205267
2024-05-23T05:02:38.318Z STAKES Stake account BWRr83Pq5DTZydZhtJXb6bHGTbwtGDf2NVFHqUybm8F4 is activated:  52.488345173
2024-05-23T05:02:38.318Z STAKES Stake account DdtperBsVh6rE6sMQq4Bp3ebNXNd8ppRAhdEtA3tk2MU is activated:  60.80350375
2024-05-23T05:02:38.318Z STAKES Stake account 7HSnzMDCbjqZAzFwLGHhurr4afV1oPBoYTe52h8soFq is activated:  2.220202466
2024-05-23T05:02:38.318Z STAKES Found:  20  accounts that can be de-activated delinquent validator DgHAbtwppwNg2bC76ig9KyZPvcnV9W8unLr1rmCDnQMM
2024-05-23T05:02:38.347Z DEACTIVATE Blockhash: 56hgHBYcuZHNygmXiynJFxdCZFS3qWiz4sYCxNjcaezA
2024-05-23T05:02:38.378Z DEACTIVATE Sent tx: UMSSF8gvm56wRLQhWVviFq45Mm7pArFrwcyu7jsLrwh9VeKPrLAV8vuR2niPrGR3kKmUR6VQWhawKyFNFz6ZjKT https://explorer.solana.com/tx/UMSSF8gvm56wRLQhWVviFq45Mm7pArFrwcyu7jsLrwh9VeKPrLAV8vuR2niPrGR3kKmUR6VQWhawKyFNFz6ZjKT
2024-05-23T05:02:38.480Z DEACTIVATE Waiting for confirmations...
2024-05-23T05:03:00.481Z DEACTIVATE Confirmed.
2024-05-23T05:03:00.481Z FIND Deactivated stake accounts with total balance:
2024-05-23T05:03:04.447Z STAKES Found:  11  accounts for delinquent validator 95GpgsEW3dfNUN3HVykjhKqRX6NvLaTeYUszvkcpx9Kg
2024-05-23T05:03:04.447Z STAKES Stake account AaNvehQK6bxrHqwDR33VFMigBKwMZw4A8ycsbWo2gYVm is activated:  2.221565978
2024-05-23T05:03:04.447Z STAKES Stake account 7aUdc3r3yka9KueNPPo1BuStegf4WafyEKH7NPCjuuyr is activated:  369.371730189
2024-05-23T05:03:04.447Z STAKES Stake account DQ6uCRdQSCRFrChvRdz4QYxc2rEfJfD3537wGHAniouF is activated:  0.003353344
2024-05-23T05:03:04.448Z STAKES Stake account BAtCQpVdaKTUzFytNjc4Jn5SGGKeLfZgHfDHs4B6gKig is activated:  357.202866224
2024-05-23T05:03:04.448Z STAKES Stake account 2YvTwYaAT6riLWc3ZbniBzeJEbc3w7B1P2v9phHxkYeU is activated:  0.003313231
2024-05-23T05:03:04.448Z STAKES Stake account 7pyAZLhXp34EZj9L9aYgUnZtU1UuHEGBmJvCh8znXGPe is activated:  0.003358604
2024-05-23T05:03:04.448Z STAKES Stake account DV9hLnLgADso7nvUyV9isF93zKn7qvSwUs82thkREGEY is activated:  330.322840427
2024-05-23T05:03:04.448Z STAKES Stake account UTABCKmDvgNpiRe3y5PD65sW3dvx3xqLMmFMwZzAyDm is activated:  1.79292793
2024-05-23T05:03:04.448Z STAKES Stake account 2rKKe89A5CBVtYMLgUPodHZkEj5kFDBqZKwkfuAG8sBP is activated:  359.867424366
2024-05-23T05:03:04.448Z STAKES Stake account 4xZoVS3bC55QtbyVDE7wiDD4DxLhHxXtdb6BT1mJLq3w is activated:  348.349130501
2024-05-23T05:03:04.448Z STAKES Stake account 85CviCvPcKTKpWGs1yVDf896hgAiYWSiwxaSZKu4jieR is activated:  348.720003728
2024-05-23T05:03:04.448Z STAKES Found:  11  accounts that can be de-activated delinquent validator 95GpgsEW3dfNUN3HVykjhKqRX6NvLaTeYUszvkcpx9Kg
2024-05-23T05:03:04.476Z DEACTIVATE Blockhash: 7jNL13vmufAT6QXF1oeBZC8A9XT36m3yrLJWH1eQN4zA
2024-05-23T05:03:04.506Z DEACTIVATE Sent tx: 5DBKfj2MToRiS1p98jSAh8hHuGuq5VnqbiJRCpkfKAssVxPiRNmpVPD9LgLNjMt2exDwRHNPfYXjdvAEHYqH9tHz https://explorer.solana.com/tx/5DBKfj2MToRiS1p98jSAh8hHuGuq5VnqbiJRCpkfKAssVxPiRNmpVPD9LgLNjMt2exDwRHNPfYXjdvAEHYqH9tHz
2024-05-23T05:03:04.607Z DEACTIVATE Waiting for confirmations...
2024-05-23T05:03:28.625Z DEACTIVATE Confirmed.
2024-05-23T05:03:28.625Z FIND Deactivated stake accounts with total balance:
2024-05-23T05:03:31.094Z STAKES Found:  12  accounts for delinquent validator 3ZsYx8EVSZbrHwvuJ1ksARBg7sNGynuKWjan4oezekaK
2024-05-23T05:03:31.094Z STAKES Stake account HpVP5LgWWQDAiiFwUKfEBHoyCJNq175qWEqLWRwnF3Sv is activated:  2.212531937
2024-05-23T05:03:31.094Z STAKES Stake account 3BqNZzBWeEHzWfFrkj52nJLp1ATA2n5FCMWxnv6mgU1f is activated:  348.487227695
2024-05-23T05:03:31.094Z STAKES Stake account 14c7D58UUKeSkEV82dXpwSYDczgQzjVjEtjZdQSZR9a8 is activated:  0.003354385
2024-05-23T05:03:31.095Z STAKES Stake account HxcXitQ8Njuhso1WHQKPKsyyVo9hMLuq9ttmJxafWiqg is activated:  7.366909906
2024-05-23T05:03:31.095Z STAKES Stake account F5cCK7Q92amX9NZ89frUJBMYmgtgyQ298BmeRHrqhhRu is activated:  331.386918198
2024-05-23T05:03:31.095Z STAKES Stake account CPTPYTAxTVFTHmvF7rTxGMp1sA8jVAY5rxwPB2R2aW5F is activated:  0.003307812
2024-05-23T05:03:31.095Z STAKES Stake account 7zCd3VbEi3qe2QjKzmGvSVYMcUSnE4rvfK9NmgWKQCe6 is activated:  330.781857842
2024-05-23T05:03:31.095Z STAKES Stake account GdNbnthC6QTrh3YHNFNU8p8bwCZscf5TqLbfTExQmZwB is activated:  367.515791975
2024-05-23T05:03:31.095Z STAKES Stake account 8FLi9oqi7kJWWocPsrXoSCpwzJiBYuujsX9HfozcpKEj is activated:  0.003348672
2024-05-23T05:03:31.095Z STAKES Stake account Byed2KKqvAeiHg2Usi72rAGqU58Cczi5jEjvmJor5R2o is activated:  348.269137181
2024-05-23T05:03:31.095Z STAKES Stake account 9qzWNbJDw9omWp9S8x3UB9J9J5ovjcKHFre8kHZVMytQ is activated:  358.496336287
2024-05-23T05:03:31.095Z STAKES Stake account EWd6e9fjHLDk3nT4JLmbRH6drN4bs2AgJVcM77hY2aX is activated:  8.87761315
2024-05-23T05:03:31.095Z STAKES Found:  12  accounts that can be de-activated delinquent validator 3ZsYx8EVSZbrHwvuJ1ksARBg7sNGynuKWjan4oezekaK
2024-05-23T05:03:31.122Z DEACTIVATE Blockhash: mULMChDt3BGmzZXs98HDZUyg1Hr3Fmbnx2PX2Eiz8Cg
2024-05-23T05:03:31.152Z DEACTIVATE Sent tx: 5rNVSxrx3SstdbW5j5dw3Qw1ajJUSvVuw1RtzTaRyVLCFiwsiSXy4zyDbgtg4JBv58uhM2J7vvrxHbUPzJSrj2Nb https://explorer.solana.com/tx/5rNVSxrx3SstdbW5j5dw3Qw1ajJUSvVuw1RtzTaRyVLCFiwsiSXy4zyDbgtg4JBv58uhM2J7vvrxHbUPzJSrj2Nb
2024-05-23T05:03:31.253Z DEACTIVATE Waiting for confirmations...
2024-05-23T05:03:59.232Z DEACTIVATE Confirmed.
2024-05-23T05:03:59.232Z FIND Deactivated stake accounts with total balance:
2024-05-23T05:04:02.211Z STAKES Found:  15  accounts for delinquent validator 6x2sXJHX3JmESfLK6AMSb8UA58X6A7wa4QXpJ4fWKy3M
2024-05-23T05:04:02.211Z STAKES Stake account 63HJy17JDnFTRrHCBqYrB5rXkAqjkE8GQqFe967Em9cg is activated:  349.833941633
2024-05-23T05:04:02.211Z STAKES Stake account 7vWnoZGCDwZxpdsiVpkTthpaLrL2KrbCHtHnsa8q2UAi is activated:  0.003353004
2024-05-23T05:04:02.211Z STAKES Stake account HeuuzwyVB5S5JAzm5PBGmHV5EBpgeby6UZLr6967bs5y is activated:  357.783739886
2024-05-23T05:04:02.211Z STAKES Stake account Hoe1FUa4tusr13AfqF8xtDSd2S6twBFd3Difo4udBq9d is activated:  2.22234755
2024-05-23T05:04:02.211Z STAKES Stake account 8cyD74j9hexeRcvkUe1CCEoec1swpfExnx65fvUGGQxn is de-activated:  352.986513908
2024-05-23T05:04:02.211Z STAKES Stake account 3sH2yVm4bAxiPDckNU9dn8vL8MemtzdUwJ5jsvS3Cmw6 is activated:  70.505420281
2024-05-23T05:04:02.211Z STAKES Stake account ARPEnpGx9tSRgT78Sy5Dbx1L6WQQE7i1WL6WLDdu5GzA is activated:  35.039451604
2024-05-23T05:04:02.211Z STAKES Stake account 6ovXKJyb6o1FX7UQBCj6rQ9TLMQ2HthLXMz3uLicCRA is activated:  351.45953774
2024-05-23T05:04:02.211Z STAKES Stake account DLKiVeZcp4hbKrMSxyrtzvPmLRZvGkykvtsizqxSQ4DK is activated:  357.356163174
2024-05-23T05:04:02.211Z STAKES Stake account BKpKdfzrWgWDck5MfZhMFD5UKGdwEJYrs3RGjTPgMEUk is activated:  22.236820682
2024-05-23T05:04:02.211Z STAKES Stake account HzruVPsQz1mugdwRj4QGpSrtK4xG6LX3y5w41sTSqFSK is activated:  0.003354413
2024-05-23T05:04:02.211Z STAKES Stake account 42CcYN4rHHSNor1eDJ2xLtGVCUN6nRzfVpWasdrP4CkP is activated:  0.003312913
2024-05-23T05:04:02.211Z STAKES Stake account 5gtdmUUY37qUgZop7oV1cHyPB1zg2G4RwcwfSLbR44cR is activated:  0.003293863
2024-05-23T05:04:02.212Z STAKES Stake account EX1cpbVAS82bxUXe6BVCqm726PXHrMRwG3rDhrb6aAYB is activated:  95.848881146
2024-05-23T05:04:02.212Z STAKES Stake account 6bhG3PAzdYDCzrw4MxCW5waGHeJc13bmr9N3zPmzyBVa is activated:  373.121068274
2024-05-23T05:04:02.212Z STAKES Found:  14  accounts that can be de-activated delinquent validator 6x2sXJHX3JmESfLK6AMSb8UA58X6A7wa4QXpJ4fWKy3M
2024-05-23T05:04:02.239Z DEACTIVATE Blockhash: 3oMU9YQU52zC3zhD1RYvz2yydH5FsHVRuvWvCgf6Ff9c
2024-05-23T05:04:02.269Z DEACTIVATE Sent tx: hadR3taphPH8zAJYat9gtxZi7xAvHcrLnsP44VGXAAD3N8XCzoSk5cN34NkFt4QLpUW7kNCk3ksgg27Hz1E4o5R https://explorer.solana.com/tx/hadR3taphPH8zAJYat9gtxZi7xAvHcrLnsP44VGXAAD3N8XCzoSk5cN34NkFt4QLpUW7kNCk3ksgg27Hz1E4o5R
2024-05-23T05:04:02.370Z DEACTIVATE Waiting for confirmations...
2024-05-23T05:04:23.776Z DEACTIVATE Confirmed.
2024-05-23T05:04:23.776Z FIND Deactivated stake accounts with total balance:
2024-05-23T05:04:26.324Z STAKES Found:  13  accounts for delinquent validator JChWyNsSR66yf5Z7NbSZWgJ8xoj8JGymLHpEm2NpoHRR
2024-05-23T05:04:26.324Z STAKES Stake account 3QeEvHZXJsBREvCAQy5fsTQ9gYxfpFmcfog5Jz1eSSnY is activated:  324.41842718
2024-05-23T05:04:26.324Z STAKES Stake account EhVKHi4wQ37TYzLk2qpXFqgKLHYwingu11erGqxjKzcW is activated:  0.008557589
2024-05-23T05:04:26.324Z STAKES Stake account 71oUsGdmMTZ8W18Ty7vFa56qS96CHwtd65tZ1tj9fdNk is activated:  351.4251349
2024-05-23T05:04:26.324Z STAKES Stake account 2hdvfsW3iDueg7J66cVr5qEEbx4DsNnfBvWkjDgzmX2u is activated:  357.950866202
2024-05-23T05:04:26.324Z STAKES Stake account BHzQppZum4eRovH83M1pUZhJwEh1Wph1Hbz7o6KhVvGW is activated:  106.105970011
2024-05-23T05:04:26.324Z STAKES Stake account C515usZg3sHbA9tEtqhwJD4BibCee7TAST6ocpknSSTg is activated:  0.003294299
2024-05-23T05:04:26.324Z STAKES Stake account 7EYBfoMQoXyum9CGvT5T5gJmCgkQW6YbNsXNfWhEtvVK is activated:  0.003360728
2024-05-23T05:04:26.324Z STAKES Stake account CXqgzcsw4ZAqFnR41VubhBSw2s74Gq1ko6yhu319xuZB is activated:  391.485972538
2024-05-23T05:04:26.324Z STAKES Stake account 5X9e3M9FMFpm7s7RPBVNetSSQFyPYwbjPU588ufwxRNW is activated:  8.953726036
2024-05-23T05:04:26.324Z STAKES Stake account 41a9KnPPtZ9s2ueoB4UjH63K479cLL6PARVaU7WNEizb is activated:  0.003313292
2024-05-23T05:04:26.324Z STAKES Stake account 9aXPg5Aq2FzjtBUmctgnmHD8E4qJx2jh59TiS9JLZYVM is activated:  357.57574537
2024-05-23T05:04:26.324Z STAKES Stake account FxPcSuxpKuQtcFEyM7qGhfFMHgVTEZGGNwggcp2cwPwa is activated:  0.003354539
2024-05-23T05:04:26.324Z STAKES Stake account 2Xc4z1sdGFFdFjm9AFg9D9a7dP2YD55NMTyLqnAmwuH5 is activated:  2.226048847
2024-05-23T05:04:26.324Z STAKES Found:  13  accounts that can be de-activated delinquent validator JChWyNsSR66yf5Z7NbSZWgJ8xoj8JGymLHpEm2NpoHRR
2024-05-23T05:04:26.351Z DEACTIVATE Blockhash: GQgJMSekWQ9xEuNNr5TRHQSwXrzgsK5PATWHdxWLMrVQ
2024-05-23T05:04:26.383Z DEACTIVATE Sent tx: 5eAKgjnsjQ2TFmCkgBAyAUxJ9X5TsEU5gwdR6dnzvqPjbB5dADyS1zFPvmYz5B72PisxNuBa96pJDfQZHuXo9dAD https://explorer.solana.com/tx/5eAKgjnsjQ2TFmCkgBAyAUxJ9X5TsEU5gwdR6dnzvqPjbB5dADyS1zFPvmYz5B72PisxNuBa96pJDfQZHuXo9dAD
2024-05-23T05:04:26.484Z DEACTIVATE Waiting for confirmations...
2024-05-23T05:04:48.922Z DEACTIVATE Confirmed.
2024-05-23T05:04:48.922Z FIND Deactivated stake accounts with total balance:
2024-05-23T05:04:51.117Z STAKES Found:  38  accounts for delinquent validator 6mCs4Gi8L5RQ4ewnabmwCcVDQLBuvyqnaRcm5LGTciyz
2024-05-23T05:04:51.117Z STAKES Stake account BKZhxJT7pzu2wfTRKdMW2vmBtmjLGruBF4KZpP3W18Pv is de-activated:  0.002282881
2024-05-23T05:04:51.117Z STAKES Stake account Ddzn5cUsB4pxeCVszvrhTKaqsZKrpWNq2jFSDsG3saba is activated:  350.35184663
2024-05-23T05:04:51.117Z STAKES Stake account B3J9bE1Q1LqbovXm6pCZdEoiYnPuSoQ8VP5E6ECRmwNL is activated:  0.003351191
2024-05-23T05:04:51.117Z STAKES Stake account FTDAiMTPoE3JjWjUFYCoCKQCbF13FGF11n7LU8C7PitZ is de-activated:  0.002282881
2024-05-23T05:04:51.117Z STAKES Stake account FZ1sJXrEod8E6A6ESqDDiGu4FyUWQAJBSzx317f3ECkh is activated:  0.002282881
2024-05-23T05:04:51.117Z STAKES Stake account 6tZUymNWd9PAqvx5HDVo9DYJUbTgaFP4a1xi5dr3eFa6 is de-activated:  0.002282881
2024-05-23T05:04:51.117Z STAKES Stake account GRV59TVXH1L8AQtmfaaA6ZZpvyXvBnDAZbCSsUxKz9N is de-activated:  0.002282881
2024-05-23T05:04:51.117Z STAKES Stake account EE4Ps8rnzmXNvKutVSCpuMdmuokfmqRtV9tL3LMWjeiV is de-activated:  0.002282881
2024-05-23T05:04:51.117Z STAKES Stake account DdUd8TDHnWqsVEJ6nx3TVGHNnP4Qdd6so6cf8GBAvGTc is de-activated:  0.002282881
2024-05-23T05:04:51.117Z STAKES Stake account F9LprhDFUzG9Fjxcp5KDEwDY6A1EjkwPyHdm51hE7FSz is activated:  8.888748036
2024-05-23T05:04:51.117Z STAKES Stake account YzvcXacark3gsa7HNHfBT2Hojn1oAMuyHabZMKLUtKx is de-activated:  1.390534087
2024-05-23T05:04:51.118Z STAKES Stake account 77YSeMC52PQ9BmgxfD9y8DXeG2HKhAFE5UQwC6B2vQNW is activated:  0.002282881
2024-05-23T05:04:51.118Z STAKES Stake account JBuVgKetRnPnY2ijhh5o3VXKPyjTuL3pyMe4tV7R8zD6 is activated:  0.002282881
2024-05-23T05:04:51.118Z STAKES Stake account 2qfjvmgeRBWxZ7np8qrwGkhuAiWVd47h8BN7XZ2jyuyL is de-activated:  0.002282881
2024-05-23T05:04:51.118Z STAKES Stake account 9VmdLqP2yHfLNfxmDRsENWC6abcNEnuxwKujSiQVf4r5 is activated:  2.298410489
2024-05-23T05:04:51.118Z STAKES Stake account 9By4dntz8jF6WJzuxhunuurHDq71AgqSqzZuwzt6cmy7 is activated:  1.172049537
2024-05-23T05:04:51.118Z STAKES Stake account 3p4ifWw58Wa1KFuzVSEJXPPwEAcYDVPXcX7Y5tG4JvQC is activated:  321.378026055
2024-05-23T05:04:51.118Z STAKES Stake account 9RFNgEG24HdnNrREwFJznonE2o6kfuAUoeVCKYzWb1Au is activated:  2.215700571
2024-05-23T05:04:51.118Z STAKES Stake account 54upY83QyVZgTtZJgSZPJh4pADezxyV9nfU7gofw1Fh3 is de-activated:  352.324908766
2024-05-23T05:04:51.118Z STAKES Stake account DCTk8PTrj3uzZRL51AiGQsRPzDse92qfpisJB9GENos7 is activated:  347.586561586
2024-05-23T05:04:51.118Z STAKES Stake account DDEDWknrQLhMRz3ma4RV7A7AKZSPF3ftdHMCucLcNZ18 is activated:  0.003357415
2024-05-23T05:04:51.118Z STAKES Stake account Bf8VCrTxFZwX94CM2wXMA9Ls8Aap5Dgph9Gi7zcX7uCM is activated:  328.903481292
2024-05-23T05:04:51.118Z STAKES Stake account C5zcbxhCFZyajmTHdAPDsHoYtYnjqiASBjc3ffaDVyEg is de-activated:  0.577833017
2024-05-23T05:04:51.118Z STAKES Stake account 7sUXSFzfHHjR77jX2X4SSpXCLcg9TERrfX35EQyZ131b is activated:  368.527907746
2024-05-23T05:04:51.118Z STAKES Stake account 3u3gebMyGu3ktJyZyJT7XmcH8Ru3vBJ2rN5XGdL1JS3c is activated:  1.284341114
2024-05-23T05:04:51.118Z STAKES Stake account AhRNy25qdjhz1ZiS5AVjJBiPoDWXyZWKoNWH1PhvjVAC is activated:  113.72698242
2024-05-23T05:04:51.118Z STAKES Stake account 5SXe6Pn11rviHUeg2udPTPpTSUudR2BkwhxJux7Qf5JR is de-activated:  0.002282881
2024-05-23T05:04:51.118Z STAKES Stake account 2UNqip6FcuGwYmDHxvtPaxLMNJK6oPT9RZb77kpwSzJZ is activated:  0.058282909
2024-05-23T05:04:51.118Z STAKES Stake account B3QEodna77pehPxWvqg4A5mLp2jBiFvfju1KSvDoKURs is activated:  0.003309868
2024-05-23T05:04:51.118Z STAKES Stake account HdRuMQue3DGTGPYSr1UW4KZhiKxUUV8TNYM5B6yRL3mo is activated:  27.406062794
2024-05-23T05:04:51.118Z STAKES Stake account 2Rd9g1QhQDGG4ZCih5Smpzs8jBqaR1kiHw5GzS68iSCJ is de-activated:  0.002282881
2024-05-23T05:04:51.118Z STAKES Stake account 22UKkGJhpkErRA6vppGjNzpZZ3v5cGcbjpw65YbdMh3A is de-activated:  0.002282881
2024-05-23T05:04:51.118Z STAKES Stake account 9AZaac3BWPYcdVSvQscMyMBojubrZ3kYzrogX6dGHJvK is de-activated:  0.002282881
2024-05-23T05:04:51.119Z STAKES Stake account Cig7wBSR9zLFqPQkdXXG3Avd94A4a4isLgQNhcbWeFYL is activated:  0.002282881
2024-05-23T05:04:51.119Z STAKES Stake account GsfTXCjuuwbMTCkGJvfD8PLXDDeBuKzRCEsqBPa17FUX is de-activated:  0.002282881
2024-05-23T05:04:51.119Z STAKES Stake account FcfTN1cxtUbLvhGS17EkCkNiELr4uiA9YEQTuAJPe3wM is activated:  0.002282881
2024-05-23T05:04:51.119Z STAKES Stake account BtT7BxevAmmwJVQvaLt8GJqDYAZyffCH5zjajnZR6F4Q is de-activated:  0.1
2024-05-23T05:04:51.119Z STAKES Stake account 9Xsp8xcdJbWH343r6aT8LcHZeUiyLvXRx3chySnHS8cW is activated:  0.003290943
2024-05-23T05:04:51.119Z STAKES Found:  22  accounts that can be de-activated delinquent validator 6mCs4Gi8L5RQ4ewnabmwCcVDQLBuvyqnaRcm5LGTciyz
2024-05-23T05:04:51.146Z DEACTIVATE Blockhash: FW5wdyzteVJCfXGUEVHkKoUuQmnc922gau55dPAPtcoR
2024-05-23T05:04:51.178Z DEACTIVATE Sent tx: WdgQxmUcTMquZtQsYuKVADMtB65defLxXMgTFWiZBAybwwWYkyeCSqmW7Jhu8Uoy6oABYdu6YZWia1HRrYTPvgG https://explorer.solana.com/tx/WdgQxmUcTMquZtQsYuKVADMtB65defLxXMgTFWiZBAybwwWYkyeCSqmW7Jhu8Uoy6oABYdu6YZWia1HRrYTPvgG
2024-05-23T05:04:51.279Z DEACTIVATE Waiting for confirmations...
2024-05-23T05:05:30.370Z DEACTIVATE Confirmed.
2024-05-23T05:05:30.370Z FIND Deactivated stake accounts with total balance:
2024-05-23T05:05:34.511Z STAKES Found:  18  accounts for delinquent validator FE1asX5GjBTUEHwdFg8XziDh3phxhkDp8Fbh16wr6vGY
2024-05-23T05:05:34.511Z STAKES Stake account 5bZR5LxTWX5renqgctQgeqQeKe8Cqoe9VSqNBJ9jbfAw is activated:  369.019671154
2024-05-23T05:05:34.511Z STAKES Stake account EadnvKTyoRu5DQLuX1yQpt3fgvqEkDEZs97W6UhRZU9g is activated:  0.003293457
2024-05-23T05:05:34.511Z STAKES Stake account DHiDS3jjTNYD2mHvLXEUnrerszeCjxkBRj25huySbdvU is activated:  369.473816776
2024-05-23T05:05:34.511Z STAKES Stake account 5N6tB5DEDv3fmwbryxzQheafZroFcJVeGx2Ln9GNzsVT is activated:  27.1821005
2024-05-23T05:05:34.511Z STAKES Stake account Bhz5jVXPXEfU2ojS3vrFj6zo94XGcPAHr93b6tGFGjiN is activated:  56.590324573
2024-05-23T05:05:34.511Z STAKES Stake account AWprFfgoq8UsXW4R1Nv7AW2trsqUbvUZW4Yn5ARgDbSS is activated:  58.809284223
2024-05-23T05:05:34.511Z STAKES Stake account FCdnaGQZfR1iVVsT3D1zzEBH7njR3ooM1ttZfD1QPPXX is activated:  67.62557762
2024-05-23T05:05:34.511Z STAKES Stake account BD8NBTLeLnWbZPKDAVS961XAcTMxXuVU8bA29ojLxLus is activated:  0.003312511
2024-05-23T05:05:34.511Z STAKES Stake account 5wsZC8tcysNCULCYf1RfeAZGuM2Vuythuu6wKLdCERLe is activated:  64.4677676
2024-05-23T05:05:34.511Z STAKES Stake account 6yRnsN1dei8mSzPQL8E92Tx6RqffePjxgb4qbc8Ub9EL is activated:  49.353340591
2024-05-23T05:05:34.511Z STAKES Stake account C89mqXuRUuwixjog3b5GXAXFGxKzrroDF5Z2jhXi6jSo is activated:  2.221398295
2024-05-23T05:05:34.511Z STAKES Stake account 9Ncer4xQyV9PDoVnuugshfwGdvJ1echVLxhXjUpdh4jv is activated:  0.003359024
2024-05-23T05:05:34.512Z STAKES Stake account Dz37znYwgWRhqDYiVga2DhW5xWj74GretYXrviTV7iSJ is activated:  0.003163973
2024-05-23T05:05:34.512Z STAKES Stake account 57He8vHaCsNxasrhwsnskiSK8zRTLsLqBYd4149w1rLD is activated:  0.003353829
2024-05-23T05:05:34.512Z STAKES Stake account FUkTxtpsMcCeD113VwaVYEQivbd438mGnoZjVzGNaC9R is activated:  16.233924162
2024-05-23T05:05:34.512Z STAKES Stake account B6NpWA6uYpxZanAK8NaMtwjHRRKYaXdSh2BtY6KyFK4b is activated:  351.243946518
2024-05-23T05:05:34.512Z STAKES Stake account Etb6GnuhwPzEcFRJJW6NPAjJyYvBP7b4Kun9dsGqnFD4 is activated:  76.949231646
2024-05-23T05:05:34.512Z STAKES Stake account 6VNkeAAN274HSGRWoQWDzUysFD1ZNH8qdbcrdVgvLM4j is activated:  359.960552395
2024-05-23T05:05:34.512Z STAKES Found:  18  accounts that can be de-activated delinquent validator FE1asX5GjBTUEHwdFg8XziDh3phxhkDp8Fbh16wr6vGY
2024-05-23T05:05:34.538Z DEACTIVATE Blockhash: 8rUJkF2bFxAQyszp6uxdufV5veJSqV4hBxD22JoWq8MV
2024-05-23T05:05:34.570Z DEACTIVATE Sent tx: 39CnQrvQjiAp8oANkEPWCXontTM6WYYKAcmLCDp2xZFZaw1ghopbFgaTx8QQk3GT19z1SPF6Vpn92X8rLKq1eBXF https://explorer.solana.com/tx/39CnQrvQjiAp8oANkEPWCXontTM6WYYKAcmLCDp2xZFZaw1ghopbFgaTx8QQk3GT19z1SPF6Vpn92X8rLKq1eBXF
2024-05-23T05:05:34.670Z DEACTIVATE Waiting for confirmations...
2024-05-23T05:06:08.788Z DEACTIVATE Confirmed.
2024-05-23T05:06:08.788Z FIND Deactivated stake accounts with total balance:
2024-05-23T05:06:11.445Z STAKES Found:  18  accounts for delinquent validator CrkP4wtzKsfbQc6qMzEdb9Sageio8r6tCUnWTd5gHbhL
2024-05-23T05:06:11.445Z STAKES Stake account En3E3gWJsgLmHH6vgbQCno5Q6dwgHPqv2u6v7287YK5P is de-activating:  16.609821623
2024-05-23T05:06:11.445Z STAKES Stake account GvuKuTNZVPYtTm7mVtQW91UYbhXPa9SGA84b9CMy33zE is de-activating:  351.397532661
2024-05-23T05:06:11.445Z STAKES Stake account 4azFA1ViBmWJLUsLcDMQtWHPRK2f479qxUjDHFVTiuto is de-activating:  2.222259146
2024-05-23T05:06:11.445Z STAKES Stake account 9CqL1g5ZBLLW8m7LgcH5ZtBL8DSMGUyiwUFpEwhSwsM1 is de-activating:  78.48123172
2024-05-23T05:06:11.445Z STAKES Stake account 5h9UJEQQzjzZxM4oh4En8xga67buPShZQP1hgDaUizDr is de-activating:  27.363536967
2024-05-23T05:06:11.445Z STAKES Stake account HnksKJYjPShQYUYMA8GGDdJDzsztbhU7LKXfj41XK1ND is de-activating:  58.515476766
2024-05-23T05:06:11.445Z STAKES Stake account Et5QDqkD9ktGjPkqzL9jzkpkCevtiLe4Kqna25YKPTNT is de-activating:  350.042210313
2024-05-23T05:06:11.445Z STAKES Stake account E7ZkV8epEbEV6HgJzJQMgzUXiXrh6dWyBJBg6kFsCHCM is de-activating:  52.716797073
2024-05-23T05:06:11.445Z STAKES Stake account 2C6uHsG5kRhZnqJQxq24zRfh6mT6nDCFZkJm59Qm4rbP is de-activating:  0.003357185
2024-05-23T05:06:11.445Z STAKES Stake account 6HEsTqJR3dBZec7XYgrUArJANbZnSeM59sF3Lz1pcaXh is de-activating:  351.346766307
2024-05-23T05:06:11.445Z STAKES Stake account 4cudTAg5ojVt63jE1CoYrTfs1ykpmwUWoXVtL5RXaMjm is de-activating:  369.966999061
2024-05-23T05:06:11.445Z STAKES Stake account ASTXC7fjopcUzSD2aBi5drQPy6Jq9Heg7mymHVtP8ELA is de-activating:  71.20449748
2024-05-23T05:06:11.445Z STAKES Stake account BbLTUALf9GCwDD3jkJ1FWZvGGBfPJGSf4MPRPh4iCxmh is de-activating:  1.783800895
2024-05-23T05:06:11.445Z STAKES Stake account HnoVUXFaugbcJLbSyQw93mvM6VbLEJ2iGif7AYd5e3Jt is de-activating:  0.003354379
2024-05-23T05:06:11.445Z STAKES Stake account F6ZVYormgHxDhJuCS6KgaKooRtsS7C4FvgnoYs5Z1tAr is de-activating:  0.00331288
2024-05-23T05:06:11.446Z STAKES Stake account 5TDBLh7BWsUjEW4RRqecLwZy4gW5XEwoN7fddEatfeBR is de-activating:  67.710507148
2024-05-23T05:06:11.446Z STAKES Stake account FZrzBKLQ6hSwmhFrHHiPC43628ULfQ1kW7Rpt2FMfQ6P is de-activating:  60.582771542
2024-05-23T05:06:11.446Z STAKES Stake account 71DNkxX9E3rmJvdvESZEBCcFuDNEuLdkAP5SYetvxZjh is de-activated:  352.779108497
2024-05-23T05:06:11.446Z STAKES Found:  0  accounts that can be de-activated delinquent validator CrkP4wtzKsfbQc6qMzEdb9Sageio8r6tCUnWTd5gHbhL
2024-05-23T05:06:11.446Z FIND No deactivations possible for this validator
2024-05-23T05:06:13.659Z STAKES Found:  18  accounts for delinquent validator FYaScwmTfzX9prmqdvxr6KbKHQ6yfEmW7S8fmZrMRrPn
2024-05-23T05:06:13.659Z STAKES Stake account 2YVfZszaqDqU8EhenXDcviyoY88nA6PcLs76AY4a3oWW is activated:  106.247299165
2024-05-23T05:06:13.659Z STAKES Stake account 5Rm2Lzmb3AgJeBw31CbUoMX7a9r8d4PB4FVRZoqBnjAD is activated:  0.003312922
2024-05-23T05:06:13.659Z STAKES Stake account 6dXi5FPPGMP4Ay5ocsLiJFjRTi6br8ETjadcXjFJ36aS is activated:  105.941762242
2024-05-23T05:06:13.659Z STAKES Stake account DJv6ftXvU3AUqe52bmxTSbTwjpaNxtQWQnDvjgDEt8gR is de-activated:  45113.841353814
2024-05-23T05:06:13.659Z STAKES Stake account 7r1jeFP2V712vRt9A55JgtxTRnhz345mEokPRYCdWUHP is activated:  106.201937509
2024-05-23T05:06:13.659Z STAKES Stake account G6EzFQZpRthEmRerZTAoywPpstyWDewT2MfsQqMTNrmd is activated:  0.003346114
2024-05-23T05:06:13.659Z STAKES Stake account GMoZaKsFqbZK3j5CQURMT791siCjBeFmXfbiCkMHx44A is activated:  2.222379032
2024-05-23T05:06:13.660Z STAKES Stake account EFayT4EcSnoJvWoUsrkZZfRHemHTcpPjPoSRtHRfKJFQ is de-activated:  353.008339578
2024-05-23T05:06:13.660Z STAKES Stake account 6dmJGUVPzAqfje3aPY8AGbj1hgTAE1warDGxnG4EjLr5 is activated:  0.003293851
2024-05-23T05:06:13.660Z STAKES Stake account ERMov8PGDsJeKesUe3NPLZyY7CXTFqQn5VWUyRUw7Kx4 is activated:  357.364835816
2024-05-23T05:06:13.660Z STAKES Stake account BGYm5ntV624NS1KAjqaLz9gJjZjZgu4NTLio8xQXYsqX is activated:  330.991060161
2024-05-23T05:06:13.660Z STAKES Stake account 4nrmNF9jWqVDrNJEtHbWxQv5fzDSJvzAPES5q9qPwMtK is activated:  329.50134512
2024-05-23T05:06:13.660Z STAKES Stake account 6nnkAGJU3kQMbz9J5CzbbvNxMhxj5ooNijoeSXGA7iqh is activated:  8.906475722
2024-05-23T05:06:13.660Z STAKES Stake account 2uTGnoCWsUXTnMerKmL3WTVcV38z5hJj3Ag1bxs7dnkN is activated:  28.028248613
2024-05-23T05:06:13.660Z STAKES Stake account 2UWkWNfAuYiDR9gAb5aYWi2TmvsR2r1wHNyrcNoqaDga is activated:  331.233436285
2024-05-23T05:06:13.660Z STAKES Stake account J3pfpVWMHU2SSAtMEsRhzmEnqxFPoqs6tiNaFfs5C23X is activated:  106.201937509
2024-05-23T05:06:13.660Z STAKES Stake account H5718mmGKAHrXPPDNmxVd11uoTmpToScjQuqfzXWyr67 is activated:  0.003346557
2024-05-23T05:06:13.660Z STAKES Stake account 6jwsEggUmh6doH5nx4dSGCjKB4hjR3N827FdBKX4Y4mz is activated:  44.112152914
2024-05-23T05:06:13.660Z STAKES Found:  16  accounts that can be de-activated delinquent validator FYaScwmTfzX9prmqdvxr6KbKHQ6yfEmW7S8fmZrMRrPn
2024-05-23T05:06:13.687Z DEACTIVATE Blockhash: 23EzjpehZdodo1PsgNnEUxcTigfXsPqk9rDxP8nbew81
2024-05-23T05:06:13.717Z DEACTIVATE Sent tx: 3pTrQwx6pgyT8i4MxaDtsdTXVbo4keTL6kwuNXyLfxPeeicikdnMEAhH1CascHNm286e36S9y9fGqdZGErmT3xPW https://explorer.solana.com/tx/3pTrQwx6pgyT8i4MxaDtsdTXVbo4keTL6kwuNXyLfxPeeicikdnMEAhH1CascHNm286e36S9y9fGqdZGErmT3xPW
2024-05-23T05:06:13.818Z DEACTIVATE Waiting for confirmations...
2024-05-23T05:06:37.747Z DEACTIVATE Confirmed.
2024-05-23T05:06:37.747Z FIND Deactivated stake accounts with total balance:
2024-05-23T05:06:40.334Z STAKES Found:  15  accounts for delinquent validator 9DBZwngoxasx4uf2FxUaDpgWTTDo6RGthsEzTxVCWW8c
2024-05-23T05:06:40.334Z STAKES Stake account CV5CsHMb1mWDHSDXteRGH9WTRaXXYdpcuZTgcAQmNV6W is activated:  351.258118923
2024-05-23T05:06:40.334Z STAKES Stake account 8Js66QoTa6NSV72hEpk2NxUnatKrXVoywdWrdHBWtXmW is activated:  28.051740082
2024-05-23T05:06:40.334Z STAKES Stake account VBqUXuYyWc7mRFACCdRbG9Ja7rB6gWQ5uCsy9UTW5Bw is de-activated:  353.494306231
2024-05-23T05:06:40.334Z STAKES Stake account FebzN6pKfRs2ZMHxz8TPiddfJbZrncsGXfR6S3vSxTyK is de-activated:  45.42778139
2024-05-23T05:06:40.334Z STAKES Stake account BQLroFW2Qu9EeYEvq1DaqMPNzhWDVN6ESxfoenRk9Ebp is activated:  0.003360218
2024-05-23T05:06:40.334Z STAKES Stake account 2Ecm26cdAyrK9uU9RtDVtCH3YMSVAMCJKtwke8hTBVKy is de-activated:  45.483075682
2024-05-23T05:06:40.334Z STAKES Stake account 8kEoJvpxWZNt16tdd5aEPQzAjRNXzNA2gGPfAbsfyUcw is activated:  0.003312515
2024-05-23T05:06:40.334Z STAKES Stake account HotcbC5aK3SUST38vxayJnEQbqJHPgTNhe1K6kTz9njA is activated:  0.003293478
2024-05-23T05:06:40.334Z STAKES Stake account HZmk45ow2AYypDvqkN1oJe9bq4Z578V7zDwK3nUTiQGS is activated:  350.992292936
2024-05-23T05:06:40.334Z STAKES Stake account CFVzVSyAeMDT4CUurnQpinVCJRjWpv4XAXa6FBiCzGbY is activated:  44.130706602
2024-05-23T05:06:40.334Z STAKES Stake account 4ZZ2ARsftjYcFDq9SR9TKvskhcXfmdcRhteMfscvjnDb is activated:  2.221456995
2024-05-23T05:06:40.334Z STAKES Stake account 862udnNA6iQZcwRqjLKJmofT3PajcQwKrui3dn4VUmoN is activated:  105.852862118
2024-05-23T05:06:40.334Z STAKES Stake account 9riHa4XwAmLu3EHuBvpLbR389MXbdpFQJtnFbtbFMxxY is activated:  369.84435319
2024-05-23T05:06:40.334Z STAKES Stake account 2NBAw1GjgSNkFYTFVZewa5PUTvQ7vTbFQqEDeS54NG6o is activated:  351.340527222
2024-05-23T05:06:40.334Z STAKES Stake account Htk5uUWEy9cHRUdNtYDVqEZArJB1iWk4S5kX2hMUwYdi is activated:  0.003353973
2024-05-23T05:06:40.335Z STAKES Found:  12  accounts that can be de-activated delinquent validator 9DBZwngoxasx4uf2FxUaDpgWTTDo6RGthsEzTxVCWW8c
2024-05-23T05:06:40.361Z DEACTIVATE Blockhash: G28XC98xg8UXGBUMypHWceK8hyHMLu3WYKsW6zf2HmeB
2024-05-23T05:06:40.391Z DEACTIVATE Sent tx: 3scckYqWPAd5EHZcLnh69n8VRXM8zT7SPpFXRmsgv5DWahReK5XRW7N5Be4XnREPC8vM6KDeiFy1Lg5qB6VUDQ7g https://explorer.solana.com/tx/3scckYqWPAd5EHZcLnh69n8VRXM8zT7SPpFXRmsgv5DWahReK5XRW7N5Be4XnREPC8vM6KDeiFy1Lg5qB6VUDQ7g
2024-05-23T05:06:40.492Z DEACTIVATE Waiting for confirmations...
2024-05-23T05:07:01.351Z DEACTIVATE Confirmed.
2024-05-23T05:07:01.352Z FIND Deactivated stake accounts with total balance:
2024-05-23T05:07:05.166Z STAKES Found:  1  accounts for delinquent validator A2VohPKHMGMj46ZvqN9UiUKcyY2my5XH1qAiE189j8zi
2024-05-23T05:07:05.167Z STAKES Stake account AJFdmtJPwsFhCb8L16Jgov15CSZQzw22ZmfUvdmRDogR is activated:  10
2024-05-23T05:07:05.167Z STAKES Found:  1  accounts that can be de-activated delinquent validator A2VohPKHMGMj46ZvqN9UiUKcyY2my5XH1qAiE189j8zi
2024-05-23T05:07:05.197Z DEACTIVATE Blockhash: 7hPuLkjFPgki4cwFFJKpcn6VjQdQmd3GTu4w3r32mmkE
2024-05-23T05:07:05.227Z DEACTIVATE Sent tx: 5KqhMyyF5LfomSJrtiMRpcc5FrTuL9qUYrM3fRn3PBmQCGPzAP4taZmvv3YTRiKUdhFMySCMsryQpnj1D7xodQZm https://explorer.solana.com/tx/5KqhMyyF5LfomSJrtiMRpcc5FrTuL9qUYrM3fRn3PBmQCGPzAP4taZmvv3YTRiKUdhFMySCMsryQpnj1D7xodQZm
2024-05-23T05:07:05.328Z DEACTIVATE Waiting for confirmations...
2024-05-23T05:07:39.570Z DEACTIVATE Confirmed.
2024-05-23T05:07:39.570Z FIND Deactivated stake accounts with total balance:
2024-05-23T05:07:41.694Z STAKES Found:  1  accounts for delinquent validator A42ciyaJYPSpJpZS3XNbTSgzqo6Pj7GojVWk4hNavYmq
2024-05-23T05:07:41.694Z STAKES Stake account A1FEtCEe8NFwNcGpesccZPpfUHeED81zY5maAo1ug891 is activated:  10
2024-05-23T05:07:41.694Z STAKES Found:  1  accounts that can be de-activated delinquent validator A42ciyaJYPSpJpZS3XNbTSgzqo6Pj7GojVWk4hNavYmq
2024-05-23T05:07:41.721Z DEACTIVATE Blockhash: 8gLFqNepv2vc7N7sCWHyZsYdtbfm1xQCpfgMCtLVbET6
2024-05-23T05:07:41.751Z DEACTIVATE Sent tx: 3gmsaZ4yCLSf674gXrhA56JeNET1edeckkBV3VyvZ6FEkwuRYxfCW9o9uFhbkpchLDBUsFtikZgzsrVj2WgUaKek https://explorer.solana.com/tx/3gmsaZ4yCLSf674gXrhA56JeNET1edeckkBV3VyvZ6FEkwuRYxfCW9o9uFhbkpchLDBUsFtikZgzsrVj2WgUaKek
2024-05-23T05:07:41.852Z DEACTIVATE Waiting for confirmations...
2024-05-23T05:08:07.209Z DEACTIVATE Confirmed.
2024-05-23T05:08:07.209Z FIND Deactivated stake accounts with total balance:
2024-05-23T05:08:09.370Z STAKES Found:  1  accounts for delinquent validator A1S9AEdSt4baxB2rdZmtCcQB8vRQw9jR8JPrGvwyAfRX
2024-05-23T05:08:09.370Z STAKES Stake account 2GHryTscofQ9o5pqKUdXwiuWMZGcPyBwRmQGMuBdxDJz is activated:  10
2024-05-23T05:08:09.370Z STAKES Found:  1  accounts that can be de-activated delinquent validator A1S9AEdSt4baxB2rdZmtCcQB8vRQw9jR8JPrGvwyAfRX
2024-05-23T05:08:09.397Z DEACTIVATE Blockhash: 3niArvdq3RwyPiH1Q3wLX3KHrYZ95GriiurybZ2XB2hW
2024-05-23T05:08:09.426Z DEACTIVATE Sent tx: tUv5wtfuFXDqWrDrm5WRpmHxfNN4tG7NGpMsUoF6rdFMfqPi5KCSq4XWr37gDf14gxMLR26d1QUNaJoMAL45G9f https://explorer.solana.com/tx/tUv5wtfuFXDqWrDrm5WRpmHxfNN4tG7NGpMsUoF6rdFMfqPi5KCSq4XWr37gDf14gxMLR26d1QUNaJoMAL45G9f
2024-05-23T05:08:09.527Z DEACTIVATE Waiting for confirmations...
2024-05-23T05:08:27.768Z DEACTIVATE Confirmed.
2024-05-23T05:08:27.768Z FIND Deactivated stake accounts with total balance:
2024-05-23T05:08:30.186Z STAKES Found:  1  accounts for delinquent validator A3LtXnYCM8pdTyt7pgPVY9VfMN5B9QGotcARwVJBMNE6
2024-05-23T05:08:30.187Z STAKES Stake account 4KuXN1e6sDaisWRndmv4hPGLr7ubHKSnASKcyZSBtnrD is activated:  10
2024-05-23T05:08:30.187Z STAKES Found:  1  accounts that can be de-activated delinquent validator A3LtXnYCM8pdTyt7pgPVY9VfMN5B9QGotcARwVJBMNE6
2024-05-23T05:08:30.214Z DEACTIVATE Blockhash: 6GhQf9J71qwF68DcRWaozu73oshGNRD987edw2tfyzBy
2024-05-23T05:08:30.242Z DEACTIVATE Sent tx: 2VorzbVecCJEGbxm9BK9turWY6JjKaoHWw1qWkLEebG3vJVNHBb2bqzGG2LuZd9HCDnfkMddYRukbC9NYJUy9t7V https://explorer.solana.com/tx/2VorzbVecCJEGbxm9BK9turWY6JjKaoHWw1qWkLEebG3vJVNHBb2bqzGG2LuZd9HCDnfkMddYRukbC9NYJUy9t7V
2024-05-23T05:08:30.343Z DEACTIVATE Waiting for confirmations...
2024-05-23T05:09:05.707Z DEACTIVATE Confirmed.
2024-05-23T05:09:05.707Z FIND Deactivated stake accounts with total balance:
2024-05-23T05:09:07.888Z STAKES Found:  4  accounts for delinquent validator o7N7i8bLYFqYsjG8p4p5ZYLuTbb4vvWtitLRmTYQ7th
2024-05-23T05:09:07.888Z STAKES Stake account 7p8dEZVi2MWbNVsrKjwAJ2JuwcvpY8uCnmZ1FZrGgaAf is activated:  1.003814975
2024-05-23T05:09:07.888Z STAKES Stake account AY3s5ee5NjZG4TZVhHXXygvuSv32utsRTK9yxQmCaHam is activated:  0.003282934
2024-05-23T05:09:07.888Z STAKES Stake account 8h6qeGiuw9Jwq1frx5NaYaKFHiWxDKpgz3AAeZd3KXCs is activated:  0.00328658
2024-05-23T05:09:07.888Z STAKES Stake account pN9kVCEeNaMgmjaEv1G9H3F69QiQtxkEiF7ZRduzaQ2 is activated:  2.008532955
2024-05-23T05:09:07.888Z STAKES Found:  4  accounts that can be de-activated delinquent validator o7N7i8bLYFqYsjG8p4p5ZYLuTbb4vvWtitLRmTYQ7th
2024-05-23T05:09:07.916Z DEACTIVATE Blockhash: DFxnPmSJEWov9hRoaTUEK2FkiEkVc2qn2ZGPo6o7Ptty
2024-05-23T05:09:07.945Z DEACTIVATE Sent tx: 4Sh32vJ3PVHL4tXqMkuKKxywQUEtXD97C33JtNFeaHuLqqZn81nZuoQbR9Jetw1E83DuRfA9LYeYcsartcNNyCmD https://explorer.solana.com/tx/4Sh32vJ3PVHL4tXqMkuKKxywQUEtXD97C33JtNFeaHuLqqZn81nZuoQbR9Jetw1E83DuRfA9LYeYcsartcNNyCmD
2024-05-23T05:09:08.046Z DEACTIVATE Waiting for confirmations...
2024-05-23T05:09:38.513Z DEACTIVATE Confirmed.
2024-05-23T05:09:38.513Z FIND Deactivated stake accounts with total balance:
2024-05-23T05:09:41.132Z STAKES Found:  3  accounts for delinquent validator Hu7tfTMshCSjcRmxLSN7pZQnvQp4wqjCmLCgNWtq549N
2024-05-23T05:09:41.132Z STAKES Stake account 7SNeFgp8D6mhP827Rg2iMGvY5MqKL6NinFX5YQ1jSwGt is activated:  0.010012233
2024-05-23T05:09:41.132Z STAKES Stake account 42Si2evR7y7HLeS8g6jQydjjzjKFdpuLJ9z8LY2aKwck is activated:  0.003283934
2024-05-23T05:09:41.132Z STAKES Stake account rycfyr7dudKgvacbnNSgnGVYnGkQgRwj22NnzeSee9b is activated:  0.003284393
2024-05-23T05:09:41.132Z STAKES Found:  3  accounts that can be de-activated delinquent validator Hu7tfTMshCSjcRmxLSN7pZQnvQp4wqjCmLCgNWtq549N
2024-05-23T05:09:41.159Z DEACTIVATE Blockhash: CommS1Z4AQbVNB7DcKEbfPQjpywpEexapVF5HQ5BPGEz
2024-05-23T05:09:41.188Z DEACTIVATE Sent tx: 5Z7JnvAZptZoRCe5dxGdfzqz3DLJq9MXx3mraZreTsqTKmd93iX3FkjfBNni5KAazgQbP794cQfU7knF7sWApdGB https://explorer.solana.com/tx/5Z7JnvAZptZoRCe5dxGdfzqz3DLJq9MXx3mraZreTsqTKmd93iX3FkjfBNni5KAazgQbP794cQfU7knF7sWApdGB
2024-05-23T05:09:41.288Z DEACTIVATE Waiting for confirmations...
2024-05-23T05:10:18.545Z DEACTIVATE Confirmed.
2024-05-23T05:10:18.545Z FIND Deactivated stake accounts with total balance:
2024-05-23T05:10:18.545Z FIND Total de-activated: 108474.727802309
