2024-06-12T02:24:47.271Z FIND Found epoch range to explore:  624 628
2024-06-12T02:24:47.274Z FIND Found delinquent validators [
  'C2CaDsVJDFv8gKpePdXVsv7EHkqa8GTxLTKzK8mKvJ6z',
  '5pA7CcMXqsG4F87SoWrTmDYMKM1Pk4a619MurCzP8UJU',
  'FqqeQTcB1feUo3kxHzFAE9i5TnzTYZmD2xRTHZVYby1c',
  '6yPPsFnekoqRRJerVKrBoHuZayydS9K1bmGM64hPUdvq',
  'BAgnc7rQmxrbjX3ERjwW4NZaESkp3YQDqxUZLRqXScmm',
  'DGGJ4j2EPZdnDP3HugibBE57pzNd7kERFaWyJnsN4ho5',
  'D54KW6UUK3bsfhKbyithVXFAwaqbegBZhPDC7HXVgScc',
  'QEpV7XVgtEQZxBhL1yuzr6cxnVFW4vGPwAzPddGTxeD',
  'He3DMcdGXKmd7WNziq1W979Fnyo1sVyWkVTz67Dk8oCQ',
  'ww5mjMy2aqWUBKpA8hmghkJxYqgbVoP4NW1P8FePgBK'
]
2024-06-12T02:24:47.275Z FIND Found reference validator 6D2jqw9hyVCpppZexquxa74Fn33rJzzBx38T58VucHx9
2024-06-12T02:24:49.839Z STAKES Found:  16  accounts for delinquent validator C2CaDsVJDFv8gKpePdXVsv7EHkqa8GTxLTKzK8mKvJ6z
2024-06-12T02:24:49.840Z STAKES Stake account AdW2nCCTDAQv4Hp8jn2cKq6wfZU4hiiQWW8VE23V8RM3 is activated:  96.927581549
2024-06-12T02:24:49.840Z STAKES Stake account 4Ke18xgsgDFJB4o1a8KMngcU4sbnX29G4TLd72sTr7hr is activated:  107.918691911
2024-06-12T02:24:49.840Z STAKES Stake account 4S7s1n7LZDcpHAvF7W4PAKorhddA6VfKZv6GDXg3SKXS is activated:  0.00328288
2024-06-12T02:24:49.840Z STAKES Stake account 5hsXxobqWhccKmNEzVQc5foc2MR7TZMnhE9PbapsYigV is de-activated:  40.269854094
2024-06-12T02:24:49.840Z STAKES Stake account 47KWhFDud8mFVancQKnwr2GNeeCqYpXMcT2ewwsVuBxh is activated:  105.986454888
2024-06-12T02:24:49.840Z STAKES Stake account 8F2cu8ChVD7LwQwTb8tv8RqNkcASJmSEcq3qxbSir53m is activated:  0.003360673
2024-06-12T02:24:49.841Z STAKES Stake account GZA1Wx5PJD4eZbEenZxgoJhhfzsPxvmF6811mtsmFRpy is activated:  119.372123479
2024-06-12T02:24:49.841Z STAKES Stake account BB39FToqz2LZYK8F9kTXAet2jKuC1XAmnrJ6a6eG7wzk is activated:  0.003312928
2024-06-12T02:24:49.841Z STAKES Stake account 7ZvzEw9CDAhd3yiaQsDTWHctajB3z3UgQzLpjymj2HFA is activated:  0.003293856
2024-06-12T02:24:49.841Z STAKES Stake account HaTBAdviHkP2YZhaHw4GsM9veu7kJ4owTWQaQFxLMd5H is activated:  2.222378072
2024-06-12T02:24:49.841Z STAKES Stake account 3KnDAUs34euJsi9VeQUMhf6mpixmiR5uTBJgFwWPXcD9 is activated:  179.322558125
2024-06-12T02:24:49.842Z STAKES Stake account 33J5r1iWRt5BLgosZgeK1PS38zwELtZ4fRiDoKNUxkbE is activated:  121.540776073
2024-06-12T02:24:49.842Z STAKES Stake account 7e7ZWT1VcFkK3oc1VxW341t4E4ecFJDYX3YhhTNrJkiU is activated:  112.847460462
2024-06-12T02:24:49.842Z STAKES Stake account BE1HefodXRfjbAVpfuXcyDEMyyimxW3G4tCSEDPisnGy is activated:  0.003354435
2024-06-12T02:24:49.842Z STAKES Stake account FRioTCnxU8moJxCKJ8ugrh68wsZBpgTezDqA5ryh5zB9 is de-activated:  25.592721776
2024-06-12T02:24:49.842Z STAKES Stake account Hm9oECZ8SzDaa2GMNBgRJHYgoyRprVxoR3dUqtuMZ86k is activated:  99.890210077
2024-06-12T02:24:49.842Z STAKES Found:  14  accounts that can be de-activated delinquent validator C2CaDsVJDFv8gKpePdXVsv7EHkqa8GTxLTKzK8mKvJ6z
2024-06-12T02:24:49.928Z DEACTIVATE Blockhash: AUpifjfzJTzhh65GpyTMiY5yDWAhrr1kMqxB3FpjynCg
2024-06-12T02:24:50.022Z DEACTIVATE Sent tx: 21h33kx9ezL2a8a3npfqP4zfcLQyXyei1QCgosYehwPZTkV5CDq5Rrt1UKwqaR2BYDRanVUypvsf1mU8quh8xLnf https://explorer.solana.com/tx/21h33kx9ezL2a8a3npfqP4zfcLQyXyei1QCgosYehwPZTkV5CDq5Rrt1UKwqaR2BYDRanVUypvsf1mU8quh8xLnf
2024-06-12T02:24:50.126Z DEACTIVATE Waiting for confirmations...
2024-06-12T02:25:22.322Z DEACTIVATE Confirmed.
2024-06-12T02:25:22.322Z FIND Deactivated stake accounts with total balance:
2024-06-12T02:25:24.901Z STAKES Found:  19  accounts for delinquent validator 5pA7CcMXqsG4F87SoWrTmDYMKM1Pk4a619MurCzP8UJU
2024-06-12T02:25:24.901Z STAKES Stake account ErirMTUiS9MTymHBgqPUu7e4vgB5K1FRVCKDt6GQAA65 is de-activating:  0.003352593
2024-06-12T02:25:24.901Z STAKES Stake account 5FRNykTv8rLCwqYEUkpCgiLWE2pZTYtVBZNyknx56r5X is de-activating:  119.945722916
2024-06-12T02:25:24.902Z STAKES Stake account 6We77LV37JyHXvbFqUi1ecHTnT4xwMMeRunkcx4DC3Cd is de-activated:  102.363262135
2024-06-12T02:25:24.902Z STAKES Stake account 4K8NhxdDNyq4AFsqakHN1MdQwfGyqQBDsPpo6yoFHx6L is de-activating:  0.00328288
2024-06-12T02:25:24.902Z STAKES Stake account 7evQyQ4iCb54mQ4W86eLuj58HQ1JsqbQa9RuXhdu65tJ is de-activating:  0.003353996
2024-06-12T02:25:24.902Z STAKES Stake account DUNtbbSzikqyor9TieHHZ8MuoGR4A3FQn5nfjbg9YqVx is de-activated:  89.922433891
2024-06-12T02:25:24.902Z STAKES Stake account 94c471PQ1R4C14CxQKZ86XVoKJQZ7GowLEF5xSTDH4vT is de-activating:  99.766313395
2024-06-12T02:25:24.902Z STAKES Stake account GgDbXQgm2QoQDxnoYWrwiG1xXQxGExANKQkEzPmUQFf7 is de-activated:  65.670301263
2024-06-12T02:25:24.902Z STAKES Stake account G5RX66NP66twrCZr7AmumARzn291sseUeo8KKuh87v6R is de-activating:  113.496096011
2024-06-12T02:25:24.902Z STAKES Stake account 4nKmNH9t9jWRAzyDeAphy1qz6dgnivZhZJKcfLJXL9dm is de-activating:  2.221471638
2024-06-12T02:25:24.902Z STAKES Stake account FxR3UxWUzRjDsqWomR7zza9gc6WdjXs1vv2zG5so7GgX is de-activating:  0.003312506
2024-06-12T02:25:24.902Z STAKES Stake account YrEwSKMETn3FzGp69DD3b7FQf4UeUcVKdhUo9gLR1Qd is de-activated:  78.199447368
2024-06-12T02:25:24.902Z STAKES Stake account AtvpoxqJd8mBq3NCdUNY5UwmmpBHYvUPywQD845R5B4o is de-activated:  20.698475122
2024-06-12T02:25:24.902Z STAKES Stake account 63m1KGaYsyHRRdxeXHttZDXJk7J1pcoTo287DFNPGceQ is de-activated:  32.656377471
2024-06-12T02:25:24.902Z STAKES Stake account 6oNtJNXGiUNrVRPKGxxbzSkR5cB9U45HbyQDWQN4htZN is de-activating:  180.353293397
2024-06-12T02:25:24.903Z STAKES Stake account 84ERrtdHTsMgGrxYPCzrZEv1ZUXGgG5AxYpAZWpY3MDk is de-activating:  107.87513993
2024-06-12T02:25:24.903Z STAKES Stake account 7P3qkHLNUEGdYjFQFQP79QXsFMgoPSX8yJfGDnDzJP9E is de-activating:  105.898485412
2024-06-12T02:25:24.903Z STAKES Stake account 4f3c9QceGwxHZypTWxEQVLNoV7a91HPAdCQpAgz9A738 is de-activated:  75.310382305
2024-06-12T02:25:24.903Z STAKES Stake account 44K5svymxVk1bzUez8LAi4HSUcZvMJqS819vc4xyjZ49 is de-activating:  97.05830882
2024-06-12T02:25:24.903Z STAKES Found:  0  accounts that can be de-activated delinquent validator 5pA7CcMXqsG4F87SoWrTmDYMKM1Pk4a619MurCzP8UJU
2024-06-12T02:25:24.903Z FIND No deactivations possible for this validator
2024-06-12T02:25:27.560Z STAKES Found:  15  accounts for delinquent validator FqqeQTcB1feUo3kxHzFAE9i5TnzTYZmD2xRTHZVYby1c
2024-06-12T02:25:27.560Z STAKES Stake account 57aRbP9AhYMowqDv6ereuHFQgL1X6Tve8VApdodQJWkU is de-activating:  0.003366619
2024-06-12T02:25:27.560Z STAKES Stake account EHRj2qRKkQCEh4BvsEZ8MefgGVY8qt4xyFt4H2Ru7cPj is de-activating:  0.003305369
2024-06-12T02:25:27.560Z STAKES Stake account 4StETHLZsKg3MURpimVUNSqsXWy5LUC4gp2kYeqYEets is de-activating:  0.003365223
2024-06-12T02:25:27.561Z STAKES Stake account 3kkmogJBsCkKZApreN2CgYxgn966WoAQNetJ2B9EjZ5M is de-activating:  96.904694362
2024-06-12T02:25:27.561Z STAKES Stake account 4xBuidQrER1e3BFKhsnQ4DF9YoQuGTF7hNfX31dh3Gz5 is de-activating:  164.810456668
2024-06-12T02:25:27.561Z STAKES Stake account C7mePtUbNFP9rppECoqcWABQ4GneQb5Uy8DoFmnqFb4y is de-activating:  0.003324659
2024-06-12T02:25:27.561Z STAKES Stake account Cvag1gm4iaLNR7vGyyfF8woThemfkGxg5k9No5sq5ahS is de-activating:  98.670996528
2024-06-12T02:25:27.561Z STAKES Stake account cFZHMNmaRu3omdxU5hxHZ9qfdALU85hwZJkuWSRsR4C is de-activating:  2.247735924
2024-06-12T02:25:27.561Z STAKES Stake account 8pNYB2HbwWGbjxttrRKuoKyjt6T3tzdnEPmkaR4yW6CL is de-activating:  0.00328288
2024-06-12T02:25:27.561Z STAKES Stake account CUWt5rTgCGKGEAt6G5JEGYmD37nyP6Hsczwkv1J3FfUG is de-activated:  91.059476235
2024-06-12T02:25:27.561Z STAKES Stake account A6fqVm446KDaQjNbQnYB5rCwimNrnkw8ZCtvKGX6kjwu is de-activating:  91.408470073
2024-06-12T02:25:27.561Z STAKES Stake account Cxo5aQ3yUHnhpZCTGNuPSomLHUkA3gw2oBMacV2cXUZa is de-activated:  76.170438897
2024-06-12T02:25:27.561Z STAKES Stake account 5C7rCZWC8X2zFSxT3xPKAiUXzD1E7Yb9R5ejhfJqe7MJ is de-activating:  109.617045173
2024-06-12T02:25:27.561Z STAKES Stake account 498NruvptsukQHfkx4Qf2z12YjA83vaTA3kX7NwmT2x2 is de-activating:  103.72049846
2024-06-12T02:25:27.561Z STAKES Stake account 4D972be2mc4rPsM5qoEXL3DjYnGKEd6pVpxap5GXjTV5 is de-activating:  88.85491684
2024-06-12T02:25:27.561Z STAKES Found:  0  accounts that can be de-activated delinquent validator FqqeQTcB1feUo3kxHzFAE9i5TnzTYZmD2xRTHZVYby1c
2024-06-12T02:25:27.562Z FIND No deactivations possible for this validator
Server responded with 429 Too Many Requests.  Retrying after 500ms delay...
Server responded with 429 Too Many Requests.  Retrying after 1000ms delay...
Server responded with 429 Too Many Requests.  Retrying after 2000ms delay...
Server responded with 429 Too Many Requests.  Retrying after 4000ms delay...
2024-06-12T02:25:36.208Z FIND Error processing validator 6yPPsFnekoqRRJerVKrBoHuZayydS9K1bmGM64hPUdvq 429 Too Many Requests:  {"jsonrpc":"2.0","error":{"code": 429, "message":"Too many requests for a specific RPC call, contact your app developer or support@rpcpool.com."}, "id": "b261e431-1084-4403-ac40-f86dcbfa2d43" } 
 Error: 429 Too Many Requests:  {"jsonrpc":"2.0","error":{"code": 429, "message":"Too many requests for a specific RPC call, contact your app developer or support@rpcpool.com."}, "id": "b261e431-1084-4403-ac40-f86dcbfa2d43" } 

    at ClientBrowser.callServer (/home/runner/work/solana-deactivate-delinquent/solana-deactivate-delinquent/node_modules/.pnpm/@solana+web3.js@1.87.6/node_modules/@solana/web3.js/lib/index.cjs.js:6474:18)
    at process.processTicksAndRejections (node:internal/process/task_queues:95:5)
Server responded with 429 Too Many Requests.  Retrying after 500ms delay...
Server responded with 429 Too Many Requests.  Retrying after 1000ms delay...
Server responded with 429 Too Many Requests.  Retrying after 2000ms delay...
Server responded with 429 Too Many Requests.  Retrying after 4000ms delay...
2024-06-12T02:25:45.062Z FIND Error processing validator BAgnc7rQmxrbjX3ERjwW4NZaESkp3YQDqxUZLRqXScmm 429 Too Many Requests:  {"jsonrpc":"2.0","error":{"code": 429, "message":"Too many requests for a specific RPC call, contact your app developer or support@rpcpool.com."}, "id": "2480e8fb-029d-4a10-9ddf-a5b2367ab9e9" } 
 Error: 429 Too Many Requests:  {"jsonrpc":"2.0","error":{"code": 429, "message":"Too many requests for a specific RPC call, contact your app developer or support@rpcpool.com."}, "id": "2480e8fb-029d-4a10-9ddf-a5b2367ab9e9" } 

    at ClientBrowser.callServer (/home/runner/work/solana-deactivate-delinquent/solana-deactivate-delinquent/node_modules/.pnpm/@solana+web3.js@1.87.6/node_modules/@solana/web3.js/lib/index.cjs.js:6474:18)
    at process.processTicksAndRejections (node:internal/process/task_queues:95:5)
Server responded with 429 Too Many Requests.  Retrying after 500ms delay...
Server responded with 429 Too Many Requests.  Retrying after 1000ms delay...
Server responded with 429 Too Many Requests.  Retrying after 2000ms delay...
Server responded with 429 Too Many Requests.  Retrying after 4000ms delay...
2024-06-12T02:25:55.973Z STAKES Found:  64  accounts for delinquent validator DGGJ4j2EPZdnDP3HugibBE57pzNd7kERFaWyJnsN4ho5
2024-06-12T02:25:55.973Z STAKES Stake account FMsSt3SVy8w4Dd5kkP99YAwDGC9Rkud6WYQmASCeqDAy is de-activating:  1.007461901
2024-06-12T02:25:55.973Z STAKES Stake account 6nmL4n7b5553aLu4yVUi1AR84Q8GLdSAnnEjY5Cs3jRV is de-activating:  2.237228632
2024-06-12T02:25:55.973Z STAKES Stake account 4UcJX49X7ZKiF1YaavzQUJRzSGZeHyh2geMt83Qq5L6z is de-activating:  3.350436071
2024-06-12T02:25:55.973Z STAKES Stake account 5y5ANp8ZnRZBg77cJuyM8xNDsAfjEwBDGHVHDsszWke9 is de-activating:  1.007461901
2024-06-12T02:25:55.973Z STAKES Stake account 6jSgL2SY9uukiJA5uzkNNeNpH9vL1MCs44mCCqQxqKsn is de-activating:  8.306958772
2024-06-12T02:25:55.973Z STAKES Stake account 5WdbMfEoMN6xPRTLsgPkB2FAdY8kjUnC1GcrpjGLUTnL is de-activating:  1.005576893
2024-06-12T02:25:55.973Z STAKES Stake account BNLPF7wZGkfEQUFDQH4uTVkkokWKN1WVwDMbgCpwVXo2 is de-activating:  1.523369398
2024-06-12T02:25:55.974Z STAKES Stake account Hto39as86dnFujJ5mA1C83fT4FUwM9ZsJQDFhxve5Q2X is de-activating:  1.006498993
2024-06-12T02:25:55.974Z STAKES Stake account 2WCHM6js4Ud6pDhMtodDUjfZsFxsp6dWAuM9ox2ojFD8 is de-activating:  8.306958772
2024-06-12T02:25:55.974Z STAKES Stake account CzAVYwXECBb9dwSVq4HezQYG2oasS1b3NxrUBhmYuAL1 is de-activated:  0.00228288
2024-06-12T02:25:55.974Z STAKES Stake account Hm4EnzhcbQ5NVNVc2qZmuCB3db4bBEDyvWiJ9CKGFBM3 is de-activating:  1.006030088
2024-06-12T02:25:55.974Z STAKES Stake account GRBkqqciA3Dzg2aMaQ58rcKqUXNE4naUcMdQ5Gw4mr1B is de-activating:  1.00699452
2024-06-12T02:25:55.974Z STAKES Stake account 6PrKJzTvs5NLjx2WdqdukWHALVi5cwxBd7dVo6bhTnTM is de-activating:  1.003701083
2024-06-12T02:25:55.974Z STAKES Stake account 75AvUSJRxKHYcW69bU7SDv6jwMEDQc34VEmzEnot3p1r is de-activating:  1.007461901
2024-06-12T02:25:55.974Z STAKES Stake account 8S2W6yujkfhwhbAfLmdz77JWv9FMpAzuemp6wuZUngBe is de-activating:  1.523369398
2024-06-12T02:25:55.974Z STAKES Stake account 6vX4KgSF5P2Nfh1yauCDV5cwp6nrgfxyT29Xju2WTfGv is de-activating:  3.350436071
2024-06-12T02:25:55.975Z STAKES Stake account VeWebabr5St2xoGvMW2Ycs4T1ToMXY3VcTXFJ7GsyUU is de-activating:  1.007461901
2024-06-12T02:25:55.975Z STAKES Stake account 7zoKbXe7dY1DiT1KUMCwjJ6VbZNU5MnqdUmx4t2jwso6 is de-activating:  0.003319419
2024-06-12T02:25:55.975Z STAKES Stake account CR7GMNtVjdzA1HKYDeyLrN5sRNtS7wyr2kNT4i2ex37s is de-activating:  0.003361057
2024-06-12T02:25:55.975Z STAKES Stake account 3d9Ajg5srH48NE927x5nHCyzb9y7e7UaZ1dmJzFQ9czQ is de-activating:  1.007461901
2024-06-12T02:25:55.975Z STAKES Stake account 72KiQZjVo4B3wDAoocR1H2ddDTVoGPJHzFAW5zFQDJ2B is de-activated:  0.00228288
2024-06-12T02:25:55.975Z STAKES Stake account HN99xpRTGmobYFEitcL3Wf39kVPkjvZu5PZCcK4RAyZC is de-activating:  1.007461901
2024-06-12T02:25:55.975Z STAKES Stake account 7KnCTwZdcwkHt3BAhh6tjBVgYT4AraMKcPTGiXysyJHr is de-activating:  1.006030088
2024-06-12T02:25:55.975Z STAKES Stake account 3MDrJ65UjZ3XhvjTTVGhE2ruj3e9revnsdRsY5gyNddz is de-activating:  1.006498993
2024-06-12T02:25:55.975Z STAKES Stake account Bhtocv7y3PNpWeLBDLrwXjUrUXoKHiQr4E3HygoZfe5j is de-activating:  1.005124985
2024-06-12T02:25:55.975Z STAKES Stake account 9U18dgT5wwjvsU782FvDSQ6X9gwNtznJztFwwufeEWiL is de-activating:  0.003300689
2024-06-12T02:25:55.975Z STAKES Stake account AjUH8sMfpdVcZ3mEBxNtNoUbdDh3X7E9F4hUvYcHEtH4 is de-activating:  1.909275188
2024-06-12T02:25:55.975Z STAKES Stake account H9UJFGSJVHvoSpnacgmH7ZW2nJ5QyvbvGoDxqsb4Cg4j is de-activating:  0.003366857
2024-06-12T02:25:55.975Z STAKES Stake account 8jXUEHr2svuvWSA2pLFQK521PkoiTFUPReGUqswLJ8uD is de-activating:  3.350436071
2024-06-12T02:25:55.975Z STAKES Stake account EL8XiNePhPE1zZnqgTmwVYsEPTxncxKgFvQqUD68FXcZ is de-activating:  1.007461901
2024-06-12T02:25:55.975Z STAKES Stake account 6vRjkFoFFYsr6eB5x7QEhgmCU3MftkqoMrnZqQE9Aaxg is de-activating:  1.006992399
2024-06-12T02:25:55.976Z STAKES Stake account GQc7bFebQrwhMdvaVWSaW6AyJS8o91oUKQ9fbFmyRZYi is de-activating:  3.350436071
2024-06-12T02:25:55.976Z STAKES Stake account 7BTwHgKgbXuh2vfUDoeP6UTWKBLohgA8UyzqW6Yove4T is de-activating:  1.005576893
2024-06-12T02:25:55.976Z STAKES Stake account 245Qoo5Md24SEEKsKKXcNhKMTWRMAXYcXiyRNcYFgm68 is de-activating:  1.007461901
2024-06-12T02:25:55.976Z STAKES Stake account CE88R5W364aHuQtnvL3SDcXUzkVQmEfyAoDGNka8UX8N is de-activating:  1.007461901
2024-06-12T02:25:55.976Z STAKES Stake account 5qJGE1W18UQ67XoW2YCW7d7B1tHxdb6U3xW8BuTBvhNL is de-activating:  6.145506721
2024-06-12T02:25:55.976Z STAKES Stake account bnduiJRamKDjiF9DBWG7PQYExk6BcNNNQd2tZtUZJWL is de-activating:  10.071185377
2024-06-12T02:25:55.976Z STAKES Stake account 7R1ehgXEC1ynBwcpB1vERAJQPRSKtR6CQ4BhoK6dhQZ3 is de-activating:  2.89281041
2024-06-12T02:25:55.976Z STAKES Stake account CiUmN6gXr6Cv1DLFTGLHdQUNeFd8Wa3KatrPXndEZoQ2 is de-activating:  1.00699452
2024-06-12T02:25:55.976Z STAKES Stake account 6Zg5ucRwoAU8uEzTguooe8DKX7Qp2nPC2WBRLsKjsiXi is de-activating:  1.003701083
2024-06-12T02:25:55.976Z STAKES Stake account 2JZKmqMie9iXhcrrzV9J3shZuQ6Zr4oPcVhTY4p8zjAL is de-activating:  3.350436071
2024-06-12T02:25:55.976Z STAKES Stake account Guz9fYdGTiUceAeT1f1r3UjTVysB8Fgpwz5SgyGrsXtp is de-activating:  0.00328562
2024-06-12T02:25:55.976Z STAKES Stake account 5ThrYSMnn6MFmj6DNnypgeSUiiuwX1iaZDuXEJwT5Hcv is de-activating:  1.007461901
2024-06-12T02:25:55.976Z STAKES Stake account GjqNsojBEXL2K3konDtg3bUgzxdChnTtjksLvmDfaJDu is de-activating:  1.00699452
2024-06-12T02:25:55.976Z STAKES Stake account F4QuhT6kztVfWiFV73EtxUWzUFjSXF4ejJHWzPT2ZmmX is de-activating:  1.006030088
2024-06-12T02:25:55.976Z STAKES Stake account HsXLcjLpgjwpLmC4CpY2hGek3X5EWymZYsCULkm3jExL is de-activating:  1.007461901
2024-06-12T02:25:55.976Z STAKES Stake account FZVqoDNhhz2r95vU5gSH7VzL6BUghoPeRHQVy77FzZgK is de-activating:  1.006030088
2024-06-12T02:25:55.976Z STAKES Stake account FESBGFHMnhUA8if2fcf91FwXDuWZusgz2HUnejQ3DXXp is de-activating:  0.00328288
2024-06-12T02:25:55.976Z STAKES Stake account 4wpUk6BMRhW3a77aV7B2Gty9etY32VYjXbS3KDGVEF4b is de-activating:  1.00699452
2024-06-12T02:25:55.977Z STAKES Stake account Axs8xpBwrpM66y9hj3UnuJ4wAS9F48ozooBys1fuyJBK is de-activating:  1.00699452
2024-06-12T02:25:55.977Z STAKES Stake account 2fvveofk86e3ysKdcJhkvMDHw8GEsCYigbvsYzY8q9f3 is de-activating:  1.007461901
2024-06-12T02:25:55.977Z STAKES Stake account 9A9D44QzYeuo36C2nkejVcsiMizZDaE3kcWJd4tpB4n8 is de-activating:  2.89281041
2024-06-12T02:25:55.977Z STAKES Stake account 4XCgCCw1fCoK7oCFH4XE5xdoCE2VEsqGPSuQUC1pqxgZ is de-activating:  1.006498993
2024-06-12T02:25:55.977Z STAKES Stake account 9BLP3Sdp474QbVd4QW4xwy8EYKHfabo9UTPPReTAV45h is de-activating:  1.006030088
2024-06-12T02:25:55.977Z STAKES Stake account ABgKdCqSAhJJzj6yJ6dZGFDsxa4jigzkaCMK5YPLNfAV is de-activating:  1.00699452
2024-06-12T02:25:55.977Z STAKES Stake account 2ZEHjxG16j8QbJtMuttZ7CiBivMD77qhvtLnSuqtuQyD is de-activating:  1.005576893
2024-06-12T02:25:55.977Z STAKES Stake account 81FYq6cHJhQEdwHvZpLTUJCCoTsFWQicXFd1JCXPwdP7 is de-activating:  1.006030088
2024-06-12T02:25:55.978Z STAKES Stake account 4iTPGJmp5VcRkUJxZcoNzEYSSSx1Q2P8D5XsTgAhf6F3 is de-activating:  8.306958772
2024-06-12T02:25:55.978Z STAKES Stake account 2q2pqg3NvZ6TLZoEFx4eK1q6CEGeUbD4qiacpsyGG1Qf is de-activating:  1.006030088
2024-06-12T02:25:55.978Z STAKES Stake account G9a2Uqp1SMapsMESydbqkPxfGLXCpLeJfEvEBuVwtmKp is de-activating:  1.003701083
2024-06-12T02:25:55.979Z STAKES Stake account 2x8iGPm6n4Yd33MhE8DrF3h5Bhp67sRmS5VuPtpoyCkv is de-activating:  1.005124985
2024-06-12T02:25:55.979Z STAKES Stake account 2Aso6v72hv7U36NtGdpwWyJnGjWQsxhv9JXk4XGv8sYB is de-activating:  1.005124985
2024-06-12T02:25:55.979Z STAKES Stake account 2qofyQQ7mecBq7ytnu4WewH7X7GXWHGSuKvqstkhP4j2 is de-activating:  1.005576893
2024-06-12T02:25:55.979Z STAKES Stake account 44Ke3TFJw5myHBrEfweApQvrySC7yW5vzctKWAuR9d1a is de-activating:  1.006030088
2024-06-12T02:25:55.980Z STAKES Found:  0  accounts that can be de-activated delinquent validator DGGJ4j2EPZdnDP3HugibBE57pzNd7kERFaWyJnsN4ho5
2024-06-12T02:25:55.980Z FIND No deactivations possible for this validator
2024-06-12T02:25:58.134Z STAKES Found:  14  accounts for delinquent validator D54KW6UUK3bsfhKbyithVXFAwaqbegBZhPDC7HXVgScc
2024-06-12T02:25:58.134Z STAKES Stake account BkC3ASUypj3xuphi2vbWpGDLcJzVE7trwAv9Y7MRUyjL is de-activated:  58.372308172
2024-06-12T02:25:58.134Z STAKES Stake account 2pyGGU5LE169ASPA9EGEzMThhCAQqXd4mHgu5LoHoWPD is de-activated:  60.816033302
2024-06-12T02:25:58.134Z STAKES Stake account EuCDsPzEBkDLNT4cenaVcjLVCPoD4NFbiSqhqRRHdSNK is de-activating:  0.003313168
2024-06-12T02:25:58.134Z STAKES Stake account 5cTBf2cxW8eDNykxScMtuei1FJDhssbo3ETkKpUhcmku is de-activating:  0.003359859
2024-06-12T02:25:58.134Z STAKES Stake account GGeJhhcdtTTwBPDJm8TpUzcFk2AyryFr9FckGwyeyGGg is de-activated:  78.60187682
2024-06-12T02:25:58.134Z STAKES Stake account A2rrnCgJvRVyjPGHghwUUPpFw7bC7oNFHQbqAs96Ab8o is de-activated:  71.257561375
2024-06-12T02:25:58.134Z STAKES Stake account BSvCT3rnC4iEG2R8ueFs82Qk6i8rZPm6izaGSEffW3zm is de-activated:  27.397467448
2024-06-12T02:25:58.134Z STAKES Stake account 3dsrCkzx9ynYGfWvmZvRwzPEHieu6Nq9brD5TRTotf9T is de-activating:  2.222775236
2024-06-12T02:25:58.134Z STAKES Stake account BnrkEZu3i6guSJg4Pzg3ycVpgAYEDMACe34r8wDGwWjT is de-activating:  0.003354605
2024-06-12T02:25:58.134Z STAKES Stake account 266UDnDWdiP7ThfB3J21Gn2BqnAPBPPkRGT8NBXKSgyC is de-activating:  0.003294263
2024-06-12T02:25:58.134Z STAKES Stake account 9EFkaer9mhDwxtgMCY7wnf9cubjayjct4b4TEvq4i8xd is de-activating:  67.752603009
2024-06-12T02:25:58.134Z STAKES Stake account Bq32jgu5BNm8xLb3DJ2YVCHvBLXuDkxnaQbN3kWwX9RS is de-activated:  52.725398958
2024-06-12T02:25:58.134Z STAKES Stake account 8zsaqeBDF3gwxnSjma2aUt3CH1uapEYZCgYW9eEDXQDR is de-activated:  16.697218739
2024-06-12T02:25:58.134Z STAKES Stake account xCaNCaQxFjSq82Z3Dxs3yDsRw3dhsAR76K7d1daueJj is de-activating:  0.00328288
2024-06-12T02:25:58.134Z STAKES Found:  0  accounts that can be de-activated delinquent validator D54KW6UUK3bsfhKbyithVXFAwaqbegBZhPDC7HXVgScc
2024-06-12T02:25:58.135Z FIND No deactivations possible for this validator
Server responded with 429 Too Many Requests.  Retrying after 500ms delay...
Server responded with 429 Too Many Requests.  Retrying after 1000ms delay...
Server responded with 429 Too Many Requests.  Retrying after 2000ms delay...
Server responded with 429 Too Many Requests.  Retrying after 4000ms delay...
2024-06-12T02:26:06.707Z FIND Error processing validator QEpV7XVgtEQZxBhL1yuzr6cxnVFW4vGPwAzPddGTxeD 429 Too Many Requests:  {"jsonrpc":"2.0","error":{"code": 429, "message":"Too many requests for a specific RPC call, contact your app developer or support@rpcpool.com."}, "id": "784180b2-e2c1-4e36-adaf-d96e390a1993" } 
 Error: 429 Too Many Requests:  {"jsonrpc":"2.0","error":{"code": 429, "message":"Too many requests for a specific RPC call, contact your app developer or support@rpcpool.com."}, "id": "784180b2-e2c1-4e36-adaf-d96e390a1993" } 

    at ClientBrowser.callServer (/home/runner/work/solana-deactivate-delinquent/solana-deactivate-delinquent/node_modules/.pnpm/@solana+web3.js@1.87.6/node_modules/@solana/web3.js/lib/index.cjs.js:6474:18)
    at process.processTicksAndRejections (node:internal/process/task_queues:95:5)
Server responded with 429 Too Many Requests.  Retrying after 500ms delay...
Server responded with 429 Too Many Requests.  Retrying after 1000ms delay...
Server responded with 429 Too Many Requests.  Retrying after 2000ms delay...
Server responded with 429 Too Many Requests.  Retrying after 4000ms delay...
2024-06-12T02:26:15.497Z FIND Error processing validator He3DMcdGXKmd7WNziq1W979Fnyo1sVyWkVTz67Dk8oCQ 429 Too Many Requests:  {"jsonrpc":"2.0","error":{"code": 429, "message":"Too many requests for a specific RPC call, contact your app developer or support@rpcpool.com."}, "id": "e32143cd-898c-4c3b-b654-66e0e8a06224" } 
 Error: 429 Too Many Requests:  {"jsonrpc":"2.0","error":{"code": 429, "message":"Too many requests for a specific RPC call, contact your app developer or support@rpcpool.com."}, "id": "e32143cd-898c-4c3b-b654-66e0e8a06224" } 

    at ClientBrowser.callServer (/home/runner/work/solana-deactivate-delinquent/solana-deactivate-delinquent/node_modules/.pnpm/@solana+web3.js@1.87.6/node_modules/@solana/web3.js/lib/index.cjs.js:6474:18)
    at process.processTicksAndRejections (node:internal/process/task_queues:95:5)
Server responded with 429 Too Many Requests.  Retrying after 500ms delay...
Server responded with 429 Too Many Requests.  Retrying after 1000ms delay...
Server responded with 429 Too Many Requests.  Retrying after 2000ms delay...
Server responded with 429 Too Many Requests.  Retrying after 4000ms delay...
2024-06-12T02:26:24.218Z FIND Error processing validator ww5mjMy2aqWUBKpA8hmghkJxYqgbVoP4NW1P8FePgBK 429 Too Many Requests:  {"jsonrpc":"2.0","error":{"code": 429, "message":"Too many requests for a specific RPC call, contact your app developer or support@rpcpool.com."}, "id": "bb899139-ba03-4b12-937c-850554badbec" } 
 Error: 429 Too Many Requests:  {"jsonrpc":"2.0","error":{"code": 429, "message":"Too many requests for a specific RPC call, contact your app developer or support@rpcpool.com."}, "id": "bb899139-ba03-4b12-937c-850554badbec" } 

    at ClientBrowser.callServer (/home/runner/work/solana-deactivate-delinquent/solana-deactivate-delinquent/node_modules/.pnpm/@solana+web3.js@1.87.6/node_modules/@solana/web3.js/lib/index.cjs.js:6474:18)
    at process.processTicksAndRejections (node:internal/process/task_queues:95:5)
2024-06-12T02:26:24.218Z FIND Total de-activated: 946.044839408
