2024-06-08T03:55:13.154Z FIND Found epoch range to explore:  622 626
2024-06-08T03:55:13.156Z FIND Found delinquent validators [
  '2dCciM6aFdDXeiirHNTmkxh9Sda1DwfPfF1HVNZSrPcE',
  'Gfho5i3wo2HiLtG6xPftvyHM3GQr2KAV2coUU9mhndLE',
  'ErdfgpiSuwpMmbtx4bZ4Q3Ap94PyJ4aMJ1mLsUiJmywK',
  'A2p8VRhPEZzLjx51dhVAruxjuJv1raXfDYxzXQzeJPEo',
  '5wNCWJxnXxAxY7ugo3JmvxUK13zuuM9iW9ZxqYZDjciy',
  '5FYwswmNFCTHUb3v71CXwfgN4PDJFmQwMnLENVFszYhZ',
  'GRmgXGYfKd1oPzMnzNTYG3GwvyCZKi79LyyF3ANVre3g',
  'GqvPcJeVFuPit75RaFF2FuDo6jWS2E49DtJSyanzwcEs',
  '8LMZATqjhFL2cTEQFeJbAzxtmQqB1zBbrMwJYtSB3wy5',
  'HuZHiH3zaq9paSbYB1jzbnvm923Wzzk4zcS8GgFcDdqU',
  'FJYPVSArASsFgxk9tWCwAhQLUuEMLhaPcDoL2TXMgK49',
  'F2wLWDvK3FsvHNXQka6zqQMz3rg5ByuhrcnrMd9URhgk',
  '3aD7hctmQCXTKgemJoGSkftySV7zjGkmbYUdXD8qBHgS',
  'J43U4RpHE4DX4XK1s9mvGYuYSL1ELPgK9eFPWdpA3j9y',
  'XW5163eazG97Y2zndg2ZsaU2uBU2jgshdMDVvvZPp7J',
  'FyjD5idTCfy2nMnApAh1cqcsjrhHzDELVH4QMcMeYTXf',
  '7uyNfJC7FrJXNRnhZKdVk8gctpnsmk2an6ocwVFXtdLz',
  'Dro3NGNTkYR2QJK9A5ySfHgd4cUm6p1pnJqcERpWZCDz',
  'CjDsntDs5hXT14mrnEugMXJJ13PXxyZTLiSD3qNivX3t',
  'EREdwtKaz2Myg5E1v5akDLdAoV19qNqxrNXy95FGBzPP',
  'Fy9rMyH93jtX21AAvKdVXqDWEGovaX16oLm1MLfbLbY4',
  '9bpq8VAugtLeeQx2KF5x2RfK93jj4zSfZ4bPVhyHUJxe',
  '2Jc8YA9pjTBbhcjsk1hMrLzHN5buCiV9e1XXYNT5Ltju',
  'HMV1PycioGQknESRL2aULnis6JoAL8hRbb5aPExAEqSx',
  '9x5j56aq51cAv6qoymAc7at7z3wc9KEYaHKPgoWDK2kk',
  'A2XnPCfYMt8inTUX3DhbVZ6ZW7pmXquLKJ1knGupjaKS',
  'AydeaGSrcjqdwSQmck7fhNe543Eai1v22cA8sKQwvDLf',
  'GmUsURgUQh5cqZXFubyK53U6SYYs3wF6Fc2zEjPQcuHP',
  '6DotPcVwdR4AtPA5nN9UcbLQ3WHtghvn5SCQXYkSV9kt',
  '63a15aZm4rphdQJcZfL8oSMPwLDmvUW2dFw3WqZpjxEt',
  'G15KujziTiDdrVKVbA9sCjbNHkNuHMSAZ9xdp9eVT2Mr',
  'GmNaz71ak98CZ73AnM3K288etTGs8uwfa9i5V22dDkf2',
  'BH2dSRYpUpw9nvHsGRe5gSMBLsNt56H2HNaJkeadatXo',
  '5FhWoWMaHyP5xnhJYzPo3ZuUcviYsa6PUSagmQa3uRPr'
]
2024-06-08T03:55:13.158Z FIND Found reference validator 6D2jqw9hyVCpppZexquxa74Fn33rJzzBx38T58VucHx9
2024-06-08T03:55:16.630Z STAKES Found:  92  accounts for delinquent validator 2dCciM6aFdDXeiirHNTmkxh9Sda1DwfPfF1HVNZSrPcE
2024-06-08T03:55:16.630Z STAKES Stake account 6453d9KwgiKUUWEbNU6iebZ85siA6r5sB7PFzAYzbdS6 is de-activating:  0.306269598
2024-06-08T03:55:16.630Z STAKES Stake account 4FiAD5BAJ5ahLySV1YHc3NpbxLcak1si2tPTtizbA3WR is de-activating:  0.003136767
2024-06-08T03:55:16.630Z STAKES Stake account 52zFFVPpK7ttNxSXs33UCiwaf4h9GxCe2Xvzm94QfRoi is de-activating:  0.002282881
2024-06-08T03:55:16.630Z STAKES Stake account 5BKe338kxNdDUcdV2nRm7rhuVeNQM3ZbPFXEGmh9RXuD is de-activating:  1.18120952
2024-06-08T03:55:16.631Z STAKES Stake account ECx1nVRvf6ErtfXHuGQA79XQwpymexbtRmxPPSSNQY42 is de-activating:  1.150764795
2024-06-08T03:55:16.631Z STAKES Stake account 7uemv46CsqqBURKrHm9LhxwZAxsienvjhivaWzkLZKv3 is de-activating:  5.127881167
2024-06-08T03:55:16.631Z STAKES Stake account BGXDmd4TNXSQ4287XktpwPEFGbjdPhzBy6h4GXK1HVS9 is de-activating:  0.006728246
2024-06-08T03:55:16.631Z STAKES Stake account 8PhgFkCmXtQHdENojfujXGBVdyBUQ7SooZXcdxtWxuha is de-activating:  0.103217593
2024-06-08T03:55:16.631Z STAKES Stake account 6RwTxG62PzHo9z9bgSpCgTyLUsxNa5tQw4ooXi73dzhu is de-activated:  0.100176106
2024-06-08T03:55:16.632Z STAKES Stake account 9EKv8WMrcetXbwgze8rTcSN3ukdsctPwMptQWCMoZ8cb is de-activated:  0.00278288
2024-06-08T03:55:16.632Z STAKES Stake account H6rtteTo41ifz9XwMRx3yHXywssiGQizZYNCDQr4wZj1 is de-activating:  0.011943991
2024-06-08T03:55:16.632Z STAKES Stake account FogdA7rKVmBJ9sXG1GQGU2YYXC9FLMBGyxbSfGQG5ZF3 is de-activating:  1.220405623
2024-06-08T03:55:16.632Z STAKES Stake account CuwhUdGLF6LLL25UXvHdF3edJU3WdXdQ6PriboSW4EeC is de-activating:  0.01360881
2024-06-08T03:55:16.632Z STAKES Stake account J6HJEZSypzUcD9kfBjAc2kUAMB9NWCNBKB2WcsfDDT6T is de-activating:  0.028072577
2024-06-08T03:55:16.633Z STAKES Stake account 22hw2QfCXpia4yrF4ERZac2d3VKRAno5uuBzt9DGDagu is de-activating:  0.12135733
2024-06-08T03:55:16.633Z STAKES Stake account HYkweVQeNCuZL91MDQPipVLMbZ9UtopjsfQuQmgQjBGE is de-activating:  0.002303032
2024-06-08T03:55:16.633Z STAKES Stake account 7HZcNBi2RkkNeVaWS9qefdr7eNAdzNwqbhFSgF6c9F7t is de-activating:  1.657886755
2024-06-08T03:55:16.633Z STAKES Stake account 3DNE1fKttNR5BLmUA8nai6GMM3ZXQQfzF55AhQdruxyJ is de-activating:  0.002302156
2024-06-08T03:55:16.633Z STAKES Stake account 6HzGbv9tRC6Lq5hzL41psmroKefnJwXU9epFX5DiCjBq is de-activated:  0.002282881
2024-06-08T03:55:16.633Z STAKES Stake account BNUzH1aXMNE3HzpkLznufj265FmAohxWwTKGLHRo1bgE is de-activated:  0.007597651
2024-06-08T03:55:16.633Z STAKES Stake account 9xPRFkE8iBcbm1pY7Y4kM9PuaJ6NVQJSJ6g3tapNv5ZV is de-activated:  0.030070346
2024-06-08T03:55:16.634Z STAKES Stake account GZ8jBGyBtoSCMJUE5rXZ5BLM6X3mGVXKFhSuu8H6M3vq is de-activating:  0.010675052
2024-06-08T03:55:16.634Z STAKES Stake account 2xnmnb5Q2V434b6dQdQXZt8rWgCyYppbeZA8BLjb2pnT is de-activating:  0.054210674
2024-06-08T03:55:16.634Z STAKES Stake account CbJeMhfZmbfnwQUx4yocaRFudx6EvcnvcBCbP5nH2rrQ is de-activating:  1289.000426375
2024-06-08T03:55:16.634Z STAKES Stake account 873soSRKsHUZVSvDesUkYTePSTHbxDEPndZJdxiwop5z is de-activating:  5787.841968582
2024-06-08T03:55:16.634Z STAKES Stake account AnmrKeeLYDqLzXbeMnNhyXNbXJ65SUBmZLawJxcYUVPC is de-activating:  36.076475665
2024-06-08T03:55:16.634Z STAKES Stake account 7BfP5WZ6xaW5YX1avE7sQNadsC7eThEWoDU7zBZFAgSB is de-activated:  0.044170891
2024-06-08T03:55:16.635Z STAKES Stake account 8eVz3UL8PnftwdJHYmFjWeiLG91NFoxrLWouVtQo39uR is de-activating:  0.308135668
2024-06-08T03:55:16.635Z STAKES Stake account DDqkHzTbtzyHrKGNXDBixwPq5CdTFKX1yPkLtDAFztzV is de-activating:  0.003135098
2024-06-08T03:55:16.635Z STAKES Stake account HbMr64XNHfvbUrADWkAK8QKwjHUdFHXk8C9e9oLxCJXy is de-activated:  0.002282881
2024-06-08T03:55:16.635Z STAKES Stake account 9g3keYkRxdvYgQBuqjmhLPYP1sv96iDY17VTzkfLumbp is de-activating:  0.042290818
2024-06-08T03:55:16.635Z STAKES Stake account AUgGng51weKarVyLQyHZMkB17G2oWj51D8DRcjL3bzoj is de-activating:  0.012299696
2024-06-08T03:55:16.635Z STAKES Stake account EpyyxqWV12Qrqz71Cdrc7xcZoFJZFF7wRMPt9bJ1MQto is de-activating:  5.055656956
2024-06-08T03:55:16.635Z STAKES Stake account 6BWrJWCipgcZeop45wiXfViQEYGt6Yya83Ne3A8fERah is de-activating:  0.012494239
2024-06-08T03:55:16.635Z STAKES Stake account 5LgorjDYc6KWGAyZnte5o3unyXCsuSUakQp1g5rfEeiM is de-activated:  0.002282881
2024-06-08T03:55:16.635Z STAKES Stake account FGxFUfpjjYQu2umCsHchTE3fPJjpHGcziCueLHjAUshU is de-activating:  0.002798424
2024-06-08T03:55:16.636Z STAKES Stake account DwSGGkDDCvxwVAJQCeQV1WDvKNVNNNdXHkfZ2ivUQNZR is de-activating:  0.004100395
2024-06-08T03:55:16.636Z STAKES Stake account 558Usg2cYhA6K2DuAexHnqphdF6UJEgPLBZCvik9quun is de-activated:  0.002282881
2024-06-08T03:55:16.636Z STAKES Stake account 58dsE7ahjmi97tYBAhyiptDWm8NDGZ6hkoRodUkmSm4u is de-activated:  0.017786121
2024-06-08T03:55:16.636Z STAKES Stake account DGphTLabK4SEoq4NH2eWVZU2PB4c1WWyuu2DqVu2bDt9 is de-activating:  0.00250516
2024-06-08T03:55:16.636Z STAKES Stake account 5oBJe8x2Vpk2MNPkWFeb9hf1mPVN8FHtvcAC65BEewTy is de-activating:  0.003322497
2024-06-08T03:55:16.636Z STAKES Stake account 8GJiXmn3gKzQFtEVqkBLyx79MvBowj86xy1weAS4YcJj is de-activated:  0.002282881
2024-06-08T03:55:16.636Z STAKES Stake account FQBWL9f864zM9LfMhdYNLCioELoDqBLkFnitgAcBJVCs is de-activating:  0.005131591
2024-06-08T03:55:16.636Z STAKES Stake account 95gKCmfZTFztWLDUKWAikD4BZo3xhXGBPVr5WGKP6Zm1 is de-activating:  50.811005122
2024-06-08T03:55:16.637Z STAKES Stake account DKDpHdgJ4hLK2rS9iV6mXLkHXnRb7A5StY1aB1i9pikg is de-activating:  23.848746512
2024-06-08T03:55:16.637Z STAKES Stake account DD1hEYwCdeBR96oK7roS2Xgn14dze1C9XHwy21fbV466 is de-activating:  0.004053556
2024-06-08T03:55:16.637Z STAKES Stake account J3998WmH36x3HE4spgZNmCZaeDdiw9jeQ878VSF9Djpd is de-activating:  38.632334583
2024-06-08T03:55:16.637Z STAKES Stake account Fwne4wtygSmJuXw6J926ThkrYy1uvph967kvbzDYptT2 is de-activating:  0.010194194
2024-06-08T03:55:16.637Z STAKES Stake account E9jK3z9Gb5xc5zeSD648gV1mChfFR6gv7MQGKbR1qmS1 is de-activating:  0.003135098
2024-06-08T03:55:16.637Z STAKES Stake account CtbvKtKTRPbiheTiUDYwQbWsJM4SdQyz64cmrEbLS1XV is de-activating:  0.002302156
2024-06-08T03:55:16.637Z STAKES Stake account 5X3J12TYMaGdHhtChd44PGEM3dFvrphmk6TdWRTVqtdN is de-activating:  10.117549004
2024-06-08T03:55:16.637Z STAKES Stake account C96ykEpyZN5dJaZe6WhiG2n8svPL72KEztxqHV6iE3fU is de-activating:  0.002402638
2024-06-08T03:55:16.638Z STAKES Stake account 5m52t66tTRPdKVCWLFw7aNx8tnkWFjiGPpkSPGySUwyG is de-activating:  39.426629817
2024-06-08T03:55:16.638Z STAKES Stake account GjiRKo1AUop47DV5Y5UxoGWVZ41zD8r2FKwNgpFwzbiD is de-activating:  0.005604304
2024-06-08T03:55:16.638Z STAKES Stake account DyHg8qxTbHKkoLdVByc8MoEia22WFAGnvonuT3Chxzr9 is de-activating:  0.027532975
2024-06-08T03:55:16.638Z STAKES Stake account FjgdiBwMnAH6FCydUxc4QrqEdDJmdUzd6bMkMHUy6SQj is de-activating:  1.09749073
2024-06-08T03:55:16.638Z STAKES Stake account 827MkPrhNCSfe7TqRMWJ2YNsVUhJNPfiohaSgnyBDA79 is de-activated:  0.002282881
2024-06-08T03:55:16.638Z STAKES Stake account 8FqTbL6SAU15xWULQQ9ECVxnY9qKN793hf4gAYxU3q3s is de-activating:  0.003310145
2024-06-08T03:55:16.638Z STAKES Stake account C7kUskWjGNCAP2JWX8qkHKqiCfPodBncR22YTMvoRZH7 is de-activating:  0.022415552
2024-06-08T03:55:16.639Z STAKES Stake account 5hBBSvVZKhSiHhiWGVUDT8twj2nNsR3MQUjk7eqycJFk is de-activating:  0.009769714
2024-06-08T03:55:16.639Z STAKES Stake account EVyNhPXgFE8ZnJZtoLu15F3FJTf4LxLviHyZL9rpRnEz is de-activated:  0.002282881
2024-06-08T03:55:16.639Z STAKES Stake account FkBeVeDWv6HYLoz1zXWf7cthXdMR71Rg63B96LeEes9m is de-activating:  0.00328288
2024-06-08T03:55:16.639Z STAKES Stake account E77TaJcLwWd2yy63SEkcwYj6WFhW48DSJzCBphKByCNX is de-activating:  2.404800629
2024-06-08T03:55:16.639Z STAKES Stake account Ge4FwBV6k2Xyjde3YwofitXhSeFcuyfKn31NTyB4EXXX is de-activating:  588.608682907
2024-06-08T03:55:16.639Z STAKES Stake account DEjHfn7G4hfyGH6wJWEesowKaq2dZHao6CXmPo5Js5WA is de-activating:  0.101817037
2024-06-08T03:55:16.639Z STAKES Stake account Hphrz6a5f6t7S3kWWuCUWiHq2vb67t94xArAQxPMpL9A is de-activated:  0.052254176
2024-06-08T03:55:16.639Z STAKES Stake account 8dDDGwK7oeBMrgmUV1TAZbBd1FFoEuUpK2bVLSYVr2n4 is de-activated:  0.002282881
2024-06-08T03:55:16.640Z STAKES Stake account FfKXfo5NTyv8WYwRubnmFQLZt7tm7qrTQ3o5B8Jxs8ML is de-activating:  0.00328288
2024-06-08T03:55:16.640Z STAKES Stake account A6dWqt8egKkeGuGFCnqAwgfUKvmp7M7U5syskBnHtFtW is de-activating:  2.260970879
2024-06-08T03:55:16.640Z STAKES Stake account BGY7Cq1x46KcDWKpvkeaXkXS6JQZw16ffiXzXyWEMB6D is de-activating:  0.584643013
2024-06-08T03:55:16.640Z STAKES Stake account 7wtSvo5bdQxBLEskMQXbexDyYAdy3FzTXf4gf9y7pzcm is de-activated:  11.587706715
2024-06-08T03:55:16.640Z STAKES Stake account 3JAD5z91mQ2KDrdv6gk6EmzDPf5evqDPfLnUBFKvqS4F is de-activating:  0.042946052
2024-06-08T03:55:16.640Z STAKES Stake account ZY9jKi6mDops1ZwHjg5V2WAFGuZmDrNq6isLapTFRrY is de-activating:  0.003140475
2024-06-08T03:55:16.640Z STAKES Stake account 7G7zHAuZLofJce4tdUg8r2taHTeS54ViAJCk677WaNUL is de-activating:  0.0114712
2024-06-08T03:55:16.641Z STAKES Stake account 5PHyBEDQQ8FBJtNk88YoH3n4Ua4VpXwHorUYGkzoffXE is de-activating:  1.708087838
2024-06-08T03:55:16.641Z STAKES Stake account 7vsbHG9JqJdGqNp4rbJXtC1xKfEfpRBEN2LSBhTgUjxg is de-activated:  0.002282881
2024-06-08T03:55:16.641Z STAKES Stake account ES48sNtvsE1ZXoKPU49F5BdtzZgU9zcgxH5xP41kjiRq is de-activating:  0.112337187
2024-06-08T03:55:16.641Z STAKES Stake account FCVzVDLHXYKHyTd8dW6MoqQ2Ujh5c8fDjMUsQ7EdN6wv is de-activating:  0.003330306
2024-06-08T03:55:16.641Z STAKES Stake account 69ZU2rKKo75PxkZdQt53FgPWSaWcWgGEi4b4Ybe9iG8d is de-activating:  0.102017872
2024-06-08T03:55:16.641Z STAKES Stake account 9iCsrcykGwrd6LS119VB7jJsoH8zJTNTQ4No5Bpz2oA9 is de-activated:  0.00278288
2024-06-08T03:55:16.641Z STAKES Stake account 2XTHAeiw7N12Te7yTPTvLKuuo5taNuu11Jxj7z6jY7D7 is de-activating:  0.00553999
2024-06-08T03:55:16.641Z STAKES Stake account HD5ZVp71FdMzT1wnnvBGV9GbHX3yX6VZ63oRRDWbTxFL is de-activated:  0.002282881
2024-06-08T03:55:16.641Z STAKES Stake account EY3AVDuQeLh67NDt8w8DdP31kuWZ7Lwx4ASVPqMr2zeh is de-activated:  0.002282881
2024-06-08T03:55:16.641Z STAKES Stake account 2PRbkzMdVZHXdWPNmyWHRbaAKqgVyPbntqfTchgC9VN9 is de-activating:  0.005511417
2024-06-08T03:55:16.641Z STAKES Stake account 41GkHYpqm1PywovH8ALuLMrzbsUn8iwbptNdQMqnEFki is de-activating:  0.507438779
2024-06-08T03:55:16.641Z STAKES Stake account 9njb4CTcirCzjakcZz48UoH1ZpgzW8hLdW5LNeBvp6u1 is de-activating:  1.027870749
2024-06-08T03:55:16.641Z STAKES Stake account HDU59PWTzRaSHwzqzgKuovzciMJqdxGMa86oHFEuCe8T is de-activating:  13.574846984
2024-06-08T03:55:16.641Z STAKES Stake account 9spvE9KmQfFea99EiCd3FT1Qk8hALsK9CXyvDTXJRVAG is de-activated:  0.002282881
2024-06-08T03:55:16.641Z STAKES Stake account 9tzZ7bFZBMcyTXnpzcouKfLB6BXafhnwYgvVdhetyuFz is de-activating:  0.003310588
2024-06-08T03:55:16.641Z STAKES Stake account 31s7x5FrxNGN6cQ57x7UeYnnf5Jfu86X1LwLMFsPQDa9 is de-activating:  0.003309701
2024-06-08T03:55:16.641Z STAKES Stake account BFfmSfhDXL4MyXT2rsqRPvev3PiqpFumLWy5U9r1HUvS is de-activating:  0.02217753
2024-06-08T03:55:16.641Z STAKES Stake account 9rqf5XrsJgxSD9gLcHPoZKFefYyVQ4zug4hkhVXDaMf5 is de-activating:  0.005512962
2024-06-08T03:55:16.641Z STAKES Found:  0  accounts that can be de-activated delinquent validator 2dCciM6aFdDXeiirHNTmkxh9Sda1DwfPfF1HVNZSrPcE
2024-06-08T03:55:16.641Z FIND No deactivations possible for this validator
2024-06-08T03:55:19.365Z STAKES Found:  19  accounts for delinquent validator Gfho5i3wo2HiLtG6xPftvyHM3GQr2KAV2coUU9mhndLE
2024-06-08T03:55:19.365Z STAKES Stake account 5VLTy3indScgWtoG8LBwPQm1rAcNC2RK2o8DJHBHm7KY is de-activating:  163.512134167
2024-06-08T03:55:19.366Z STAKES Stake account 9Y3pWps6QM7raKM1XkHMBXc7vxEJf4YfMmzUy93w8rz1 is de-activating:  0.003355272
2024-06-08T03:55:19.366Z STAKES Stake account F6NmF5XepiErpVPcMfukqBTTP3Sm1PAX6nyi4kC4GtSW is de-activating:  87.920847882
2024-06-08T03:55:19.366Z STAKES Stake account GMWHnMLvrMbJXhBvSehnDRGb6EHhQDDifmwfiQxcCREU is de-activating:  102.903429199
2024-06-08T03:55:19.366Z STAKES Stake account GJbRDPRkwY64qGTCFMm3x2Q9ksfUzvg8PnkmmhQaAVgA is de-activating:  31.034197117
2024-06-08T03:55:19.366Z STAKES Stake account BwMmsuEde7ZWqHA5gwD7HAvMWHdM2pSCaWgizWCEiyD6 is de-activating:  84.272310074
2024-06-08T03:55:19.366Z STAKES Stake account Fwj3YSS874SppsgJyNr1dACAyrwFLSKCtYdqtac2B7qU is de-activating:  97.633782314
2024-06-08T03:55:19.366Z STAKES Stake account HWeKaGNnGyuYjEzdPkmC2WWphc4CJWwftfz5wN4ewEcH is de-activating:  19.682104205
2024-06-08T03:55:19.366Z STAKES Stake account 3xjcrcHXJaMCz8yLJDJJi2kp7wf5inm4qfAT5nwCcpha is de-activating:  0.00328288
2024-06-08T03:55:19.366Z STAKES Stake account 6zswEgc2nkfKHXVMCmQgVwR557idSRsQj37BipMu3JNZ is de-activating:  62.485929969
2024-06-08T03:55:19.366Z STAKES Stake account 6UTj3fFGS6bfZrM5LnGpQPtdahyKWXYwycCkpThvW9pY is de-activating:  2.224127116
2024-06-08T03:55:19.366Z STAKES Stake account 2ZdSPA99dWeZtG6UvzEvzwTCSad23yCCP5vb5VeoLM4N is de-activating:  0.003313737
2024-06-08T03:55:19.366Z STAKES Stake account HhQqY1nFPX6v6p9jsav19PcLEcKKJv49VHbqpgqCJthJ is de-activating:  90.370898413
2024-06-08T03:55:19.366Z STAKES Stake account 9cRhJBCvq4DHUqEJxDQLna21pZU1QqzhV97L9zEZpDtR is de-activating:  95.926537387
2024-06-08T03:55:19.366Z STAKES Stake account 3EWUecqWHnAhhh4ZfkHy1X9NLRA8DDrVSEAcdmm3RAWi is de-activating:  114.592122867
2024-06-08T03:55:19.366Z STAKES Stake account Hz79JbaArP5PXPZipFuHUq23Pc2Z3Zrq9PCy7w57XdAq is de-activating:  85.562410253
2024-06-08T03:55:19.366Z STAKES Stake account GoXaC9FHNLbaC7N37tHFvMCEyZmbusi5Ujh1NecN1xTx is de-activating:  74.347492047
2024-06-08T03:55:19.366Z STAKES Stake account Hm2YPUJU2q7ypvppuCJodY8kCjaTTmuMRVuan1wjHZJX is de-activating:  0.003353861
2024-06-08T03:55:19.366Z STAKES Stake account 3SLUBeHfCb6TxoR5Vgex6viPKYeu36FryEin92xCU7H3 is de-activating:  109.857524774
2024-06-08T03:55:19.366Z STAKES Found:  0  accounts that can be de-activated delinquent validator Gfho5i3wo2HiLtG6xPftvyHM3GQr2KAV2coUU9mhndLE
2024-06-08T03:55:19.366Z FIND No deactivations possible for this validator
Server responded with 429 Too Many Requests.  Retrying after 500ms delay...
Server responded with 429 Too Many Requests.  Retrying after 1000ms delay...
Server responded with 429 Too Many Requests.  Retrying after 2000ms delay...
Server responded with 429 Too Many Requests.  Retrying after 4000ms delay...
2024-06-08T03:55:27.950Z FIND Error processing validator ErdfgpiSuwpMmbtx4bZ4Q3Ap94PyJ4aMJ1mLsUiJmywK 429 Too Many Requests:  {"jsonrpc":"2.0","error":{"code": 429, "message":"Too many requests for a specific RPC call, contact your app developer or support@rpcpool.com."}, "id": "c17ac86f-8fb9-4d24-9add-8912e37f8b1b" } 
 Error: 429 Too Many Requests:  {"jsonrpc":"2.0","error":{"code": 429, "message":"Too many requests for a specific RPC call, contact your app developer or support@rpcpool.com."}, "id": "c17ac86f-8fb9-4d24-9add-8912e37f8b1b" } 

    at ClientBrowser.callServer (/home/runner/work/solana-deactivate-delinquent/solana-deactivate-delinquent/node_modules/.pnpm/@solana+web3.js@1.87.6/node_modules/@solana/web3.js/lib/index.cjs.js:6474:18)
    at process.processTicksAndRejections (node:internal/process/task_queues:95:5)
Server responded with 429 Too Many Requests.  Retrying after 500ms delay...
Server responded with 429 Too Many Requests.  Retrying after 1000ms delay...
Server responded with 429 Too Many Requests.  Retrying after 2000ms delay...
Server responded with 429 Too Many Requests.  Retrying after 4000ms delay...
2024-06-08T03:55:36.611Z FIND Error processing validator A2p8VRhPEZzLjx51dhVAruxjuJv1raXfDYxzXQzeJPEo 429 Too Many Requests:  {"jsonrpc":"2.0","error":{"code": 429, "message":"Too many requests for a specific RPC call, contact your app developer or support@rpcpool.com."}, "id": "bcc6d90e-6d7a-4268-a77d-b5847afaf455" } 
 Error: 429 Too Many Requests:  {"jsonrpc":"2.0","error":{"code": 429, "message":"Too many requests for a specific RPC call, contact your app developer or support@rpcpool.com."}, "id": "bcc6d90e-6d7a-4268-a77d-b5847afaf455" } 

    at ClientBrowser.callServer (/home/runner/work/solana-deactivate-delinquent/solana-deactivate-delinquent/node_modules/.pnpm/@solana+web3.js@1.87.6/node_modules/@solana/web3.js/lib/index.cjs.js:6474:18)
    at process.processTicksAndRejections (node:internal/process/task_queues:95:5)
Server responded with 429 Too Many Requests.  Retrying after 500ms delay...
Server responded with 429 Too Many Requests.  Retrying after 1000ms delay...
Server responded with 429 Too Many Requests.  Retrying after 2000ms delay...
Server responded with 429 Too Many Requests.  Retrying after 4000ms delay...
2024-06-08T03:55:45.123Z FIND Error processing validator 5wNCWJxnXxAxY7ugo3JmvxUK13zuuM9iW9ZxqYZDjciy 429 Too Many Requests:  {"jsonrpc":"2.0","error":{"code": 429, "message":"Too many requests for a specific RPC call, contact your app developer or support@rpcpool.com."}, "id": "32e70b46-d003-456a-a299-35c8b9328840" } 
 Error: 429 Too Many Requests:  {"jsonrpc":"2.0","error":{"code": 429, "message":"Too many requests for a specific RPC call, contact your app developer or support@rpcpool.com."}, "id": "32e70b46-d003-456a-a299-35c8b9328840" } 

    at ClientBrowser.callServer (/home/runner/work/solana-deactivate-delinquent/solana-deactivate-delinquent/node_modules/.pnpm/@solana+web3.js@1.87.6/node_modules/@solana/web3.js/lib/index.cjs.js:6474:18)
    at process.processTicksAndRejections (node:internal/process/task_queues:95:5)
Server responded with 429 Too Many Requests.  Retrying after 500ms delay...
Server responded with 429 Too Many Requests.  Retrying after 1000ms delay...
Server responded with 429 Too Many Requests.  Retrying after 2000ms delay...
Server responded with 429 Too Many Requests.  Retrying after 4000ms delay...
2024-06-08T03:55:53.681Z FIND Error processing validator 5FYwswmNFCTHUb3v71CXwfgN4PDJFmQwMnLENVFszYhZ 429 Too Many Requests:  {"jsonrpc":"2.0","error":{"code": 429, "message":"Too many requests for a specific RPC call, contact your app developer or support@rpcpool.com."}, "id": "9dd68f59-5cba-4639-92af-54b1332e6d25" } 
 Error: 429 Too Many Requests:  {"jsonrpc":"2.0","error":{"code": 429, "message":"Too many requests for a specific RPC call, contact your app developer or support@rpcpool.com."}, "id": "9dd68f59-5cba-4639-92af-54b1332e6d25" } 

    at ClientBrowser.callServer (/home/runner/work/solana-deactivate-delinquent/solana-deactivate-delinquent/node_modules/.pnpm/@solana+web3.js@1.87.6/node_modules/@solana/web3.js/lib/index.cjs.js:6474:18)
    at process.processTicksAndRejections (node:internal/process/task_queues:95:5)
Server responded with 429 Too Many Requests.  Retrying after 500ms delay...
Server responded with 429 Too Many Requests.  Retrying after 1000ms delay...
Server responded with 429 Too Many Requests.  Retrying after 2000ms delay...
Server responded with 429 Too Many Requests.  Retrying after 4000ms delay...
2024-06-08T03:56:02.245Z FIND Error processing validator GRmgXGYfKd1oPzMnzNTYG3GwvyCZKi79LyyF3ANVre3g 429 Too Many Requests:  {"jsonrpc":"2.0","error":{"code": 429, "message":"Too many requests for a specific RPC call, contact your app developer or support@rpcpool.com."}, "id": "d4cde189-7d14-4848-93a7-519d9de3e814" } 
 Error: 429 Too Many Requests:  {"jsonrpc":"2.0","error":{"code": 429, "message":"Too many requests for a specific RPC call, contact your app developer or support@rpcpool.com."}, "id": "d4cde189-7d14-4848-93a7-519d9de3e814" } 

    at ClientBrowser.callServer (/home/runner/work/solana-deactivate-delinquent/solana-deactivate-delinquent/node_modules/.pnpm/@solana+web3.js@1.87.6/node_modules/@solana/web3.js/lib/index.cjs.js:6474:18)
    at process.processTicksAndRejections (node:internal/process/task_queues:95:5)
Server responded with 429 Too Many Requests.  Retrying after 500ms delay...
Server responded with 429 Too Many Requests.  Retrying after 1000ms delay...
Server responded with 429 Too Many Requests.  Retrying after 2000ms delay...
Server responded with 429 Too Many Requests.  Retrying after 4000ms delay...
2024-06-08T03:56:10.835Z FIND Error processing validator GqvPcJeVFuPit75RaFF2FuDo6jWS2E49DtJSyanzwcEs 429 Too Many Requests:  {"jsonrpc":"2.0","error":{"code": 429, "message":"Too many requests for a specific RPC call, contact your app developer or support@rpcpool.com."}, "id": "d501099c-bc76-4ba6-82de-77e005404b10" } 
 Error: 429 Too Many Requests:  {"jsonrpc":"2.0","error":{"code": 429, "message":"Too many requests for a specific RPC call, contact your app developer or support@rpcpool.com."}, "id": "d501099c-bc76-4ba6-82de-77e005404b10" } 

    at ClientBrowser.callServer (/home/runner/work/solana-deactivate-delinquent/solana-deactivate-delinquent/node_modules/.pnpm/@solana+web3.js@1.87.6/node_modules/@solana/web3.js/lib/index.cjs.js:6474:18)
    at process.processTicksAndRejections (node:internal/process/task_queues:95:5)
Server responded with 429 Too Many Requests.  Retrying after 500ms delay...
Server responded with 429 Too Many Requests.  Retrying after 1000ms delay...
Server responded with 429 Too Many Requests.  Retrying after 2000ms delay...
2024-06-08T03:56:17.723Z STAKES Found:  14  accounts for delinquent validator 8LMZATqjhFL2cTEQFeJbAzxtmQqB1zBbrMwJYtSB3wy5
2024-06-08T03:56:17.723Z STAKES Stake account 5zwKqW9ND34sEVxMHWFQ7bkTZfT7gV5tD5Pjia5FYWbq is activated:  109.979482824
2024-06-08T03:56:17.723Z STAKES Stake account 2Db1Dbpz8xyHtiyZpjZLKUvUpyYLWtFZxktrTLQZfsjb is activated:  19.703773035
2024-06-08T03:56:17.723Z STAKES Stake account Hu5EuoYxM4DegSzNSRdjGiPD9Uny7xeRRuszwkfqsFV7 is activated:  0.00328288
2024-06-08T03:56:17.723Z STAKES Stake account Bsoe8vYX5yLQFvrjNA6uCRbSQ5wxJZeiyX5xfREXRh66 is activated:  74.350142146
2024-06-08T03:56:17.723Z STAKES Stake account 6A4qcHbRRCP96FL3wRog7zh6Z2RrDKnBX8tJu1SGKcnY is activated:  2.223270615
2024-06-08T03:56:17.723Z STAKES Stake account HGH1yfaSeL7q2XHKyogXjds9qRkoYfKPiS68bZYU5qNe is activated:  0.003294288
2024-06-08T03:56:17.723Z STAKES Stake account pH7ovU1dfxvHaQY239YGDTbZhKTv5zJZb7XfVpjxikD is activated:  0.003313354
2024-06-08T03:56:17.724Z STAKES Stake account mqKGoi1s2oMmKNAk1ZvG6bHjvSMH6zELe94QvQP4Lhx is activated:  85.429134682
2024-06-08T03:56:17.724Z STAKES Stake account 9XyRCrfxTsQkZw1nPaHig1tqxaS4SrocCvEV6fzjGGms is activated:  31.010710739
2024-06-08T03:56:17.724Z STAKES Stake account GWFBGwCr3SRnc8BCV8CPGsgjdwBgJiBGbrCTgqvU1DkB is activated:  80.914819708
2024-06-08T03:56:17.724Z STAKES Stake account Dh7cLWAhGzsT11c9SsM3oSf1exeridc66oujQeeDHY5B is activated:  0.00334645
2024-06-08T03:56:17.724Z STAKES Stake account 9TCEwE8n3HBaqnsZvdLjy87M4vSFVEgAsZ6vgQqYQjGZ is activated:  0.00334645
2024-06-08T03:56:17.724Z STAKES Stake account FeNmx8hGNTfYJKUBg6XDXENXboRehsqeMsmc4V9n9XV1 is activated:  92.063957089
2024-06-08T03:56:17.724Z STAKES Stake account 5PTrirmPg3HBoqmag3CkRpX3EFRKd9PFX8V7N64qwtKk is activated:  62.46271361
2024-06-08T03:56:17.724Z STAKES Found:  14  accounts that can be de-activated delinquent validator 8LMZATqjhFL2cTEQFeJbAzxtmQqB1zBbrMwJYtSB3wy5
2024-06-08T03:56:17.800Z DEACTIVATE Blockhash: FBfqEd5msrfHjSSGzApupydFRwAMPszVZxNHzuL1My3H
2024-06-08T03:56:17.887Z DEACTIVATE Sent tx: 2hnfEyzqWncau8euX55SQBDqTPgf2AVQKceikBYcjV1NoQmJu16Lac4Ptpebra5DReKZABXYSsPBVZzMpLUiAEAM https://explorer.solana.com/tx/2hnfEyzqWncau8euX55SQBDqTPgf2AVQKceikBYcjV1NoQmJu16Lac4Ptpebra5DReKZABXYSsPBVZzMpLUiAEAM
2024-06-08T03:56:17.991Z DEACTIVATE Waiting for confirmations...
2024-06-08T03:56:55.278Z DEACTIVATE Confirmed.
2024-06-08T03:56:55.278Z FIND Deactivated stake accounts with total balance:
2024-06-08T03:56:57.935Z STAKES Found:  13  accounts for delinquent validator HuZHiH3zaq9paSbYB1jzbnvm923Wzzk4zcS8GgFcDdqU
2024-06-08T03:56:57.936Z STAKES Stake account B6qBYbhUaZ4MsFdpsTqv6zUadcZ3vLfZPu2TKzmcTNWb is activated:  0.003343055
2024-06-08T03:56:57.936Z STAKES Stake account 88NeSdnbcQR7RVKv9VhS2aGB71uq68DY6AfnPJzgMFHm is activated:  0.003343509
2024-06-08T03:56:57.936Z STAKES Stake account DboEuTJ4XXSDFfvaYWwHFrJaynsRCnYwEseDYvN1AeBV is activated:  89.780209014
2024-06-08T03:56:57.936Z STAKES Stake account FQNM7PpkJLxZTrp6DDPPKfV2VnqYBZcdb69q2UfE3bPe is activated:  65.541215835
2024-06-08T03:56:57.936Z STAKES Stake account GKt1kbcSHbe3tnAfbw8bDNW5fYjSDV4FjMXNaGmxzhZ4 is activated:  85.695650503
2024-06-08T03:56:57.936Z STAKES Stake account EuYUJsg8RFYwvw7gkuVpH6qJe1PFEKo7w76AyYKm2HKe is activated:  20.682711107
2024-06-08T03:56:57.936Z STAKES Stake account 3Cysm2yb1fpSUa1Rkme76f6xQLT4TQLSFGoEbmWzQD3v is activated:  102.241301919
2024-06-08T03:56:57.936Z STAKES Stake account EW5Ytf7Lzy9NHrpvNxzvoijcdFzyBdGAjVE6szeDV6dp is activated:  78.10631943
2024-06-08T03:56:57.936Z STAKES Stake account AQrMxai1P76LbRZR4kYfermdvqw4N9oenfWcchp9xgnK is activated:  0.00328288
2024-06-08T03:56:57.936Z STAKES Stake account 53njSZeNFNEncFB1MceSbsUFjpRtpMAbz6HZKrzjZ8fV is activated:  75.220688244
2024-06-08T03:56:57.936Z STAKES Stake account J3kWeJLe4ZsKU8ZoYLYg9weQJjgTyuH7Nm4XMjv7gqBv is activated:  2.218818601
2024-06-08T03:56:57.936Z STAKES Stake account 7sg1mQRmc5NS6C5TJVAfEc9WdPu34D78kaGPS8FZ55S4 is activated:  0.003311283
2024-06-08T03:56:57.936Z STAKES Stake account 5o3rPdeodJM3tCZtWELWc85mLLQq7MCi79zdiuLjsLQU is activated:  32.566752358
2024-06-08T03:56:57.936Z STAKES Found:  13  accounts that can be de-activated delinquent validator HuZHiH3zaq9paSbYB1jzbnvm923Wzzk4zcS8GgFcDdqU
2024-06-08T03:56:58.013Z DEACTIVATE Blockhash: b9bcvox4N8HYtM1tn2MCbgkFXoKNLQ1wiBUjUyuMtLS
2024-06-08T03:56:58.092Z DEACTIVATE Sent tx: 2AUTjxD3vTnBZJqnNEMxqgfZYVh4LYuLCci3jsgrnPEYQnaoJFPPiBwRTjc1yxcGpigVJCFZ8kDfsecNaRYWpRoq https://explorer.solana.com/tx/2AUTjxD3vTnBZJqnNEMxqgfZYVh4LYuLCci3jsgrnPEYQnaoJFPPiBwRTjc1yxcGpigVJCFZ8kDfsecNaRYWpRoq
2024-06-08T03:56:58.193Z DEACTIVATE Waiting for confirmations...
2024-06-08T03:57:50.490Z DEACTIVATE Confirmed.
2024-06-08T03:57:50.490Z FIND Deactivated stake accounts with total balance:
2024-06-08T03:57:53.446Z STAKES Found:  14  accounts for delinquent validator FJYPVSArASsFgxk9tWCwAhQLUuEMLhaPcDoL2TXMgK49
2024-06-08T03:57:53.446Z STAKES Stake account 9uhFt7jAae76cH1AnERMszedAhoBPJeDkgFFUzLKXAHt is de-activating:  51.9570739
2024-06-08T03:57:53.446Z STAKES Stake account C8fcZoz7yhr7ZpB724ki31Ba2BxHVLiiqFwavznJ8WSN is de-activating:  0.00328288
2024-06-08T03:57:53.446Z STAKES Stake account F7CuweeYRChYWFWHpgKbX3qobDftJSpgFWiKrXN3q8jM is de-activating:  105.592499952
2024-06-08T03:57:53.446Z STAKES Stake account EPExKjm4Dw1Yfn6oHTuteabmQzDETqvxHgunEPpeMi8H is de-activating:  0.003291206
2024-06-08T03:57:53.447Z STAKES Stake account GgFeARj4HbKiH96G1X8T3uJsRDFkwLMZ2nwa6Sj9hfEh is de-activating:  17.312963844
2024-06-08T03:57:53.447Z STAKES Stake account 8RkUwDqEEb8KW14NdbK1sMqp8hZcXtCXkY3wdwvXuEaX is de-activating:  0.003310053
2024-06-08T03:57:53.447Z STAKES Stake account FCszKwdzyHjbfwg1zgZPgiJuhen3Dyb7SL2hfjkba2F9 is de-activating:  26.028068253
2024-06-08T03:57:53.447Z STAKES Stake account 4EnkExLCT4HHDiZorb9Pp5hKYgrNFZoLrSCwgupH2XLK is de-activating:  0.003339422
2024-06-08T03:57:53.447Z STAKES Stake account X8Nbm3UunQcmPSB1B4jX5EMVAPwvb7FQwRnY7qxBQYD is de-activating:  60.644593106
2024-06-08T03:57:53.447Z STAKES Stake account GGydr6bAkHcfndRtrnaH3UWNUU8mQ6xa4hy69ShjQLfc is de-activating:  69.857951901
2024-06-08T03:57:53.447Z STAKES Stake account 3JmumUhXT7zqkfAsk1HsusLuxELcvj1WitQVx2wNFXQW is de-activating:  2.215998463
2024-06-08T03:57:53.447Z STAKES Stake account 5xTbJuNkcaMWhKH6XpL5C1dMLpFhvANWSPCxW6gPukyE is de-activating:  126.194756497
2024-06-08T03:57:53.447Z STAKES Stake account 3U4niFoR66FJ3zriqz8EX4bDcAsJw8wFXu1E8TfUtkuC is de-activating:  56.338067579
2024-06-08T03:57:53.447Z STAKES Stake account 3FMB6NDA5YzxLNSa99Rp938cmvViNiRhuEdyrLn7UCFM is de-activating:  0.003339866
2024-06-08T03:57:53.447Z STAKES Found:  0  accounts that can be de-activated delinquent validator FJYPVSArASsFgxk9tWCwAhQLUuEMLhaPcDoL2TXMgK49
2024-06-08T03:57:53.447Z FIND No deactivations possible for this validator
2024-06-08T03:57:55.913Z STAKES Found:  14  accounts for delinquent validator F2wLWDvK3FsvHNXQka6zqQMz3rg5ByuhrcnrMd9URhgk
2024-06-08T03:57:55.913Z STAKES Stake account Bpos5gGxSuvSz2RhhFUpyShVf5C36Kgex7gvTmhr2rDN is de-activating:  2.222380323
2024-06-08T03:57:55.914Z STAKES Stake account Ktxxm2rFoeyFHtSBhutBWhNKtEUEn1ioV4WHj1mc1iT is de-activating:  0.003312935
2024-06-08T03:57:55.914Z STAKES Stake account F2BSAL7zmFwaX7FRw6pVPaJRWAZaUmcQgiyZTDymr4Dh is de-activating:  70.145185625
2024-06-08T03:57:55.914Z STAKES Stake account 2jiATeDZMFWvX3HyRdavYdJJWFBX5LVKy6WjYWTRK7dq is de-activating:  67.520439245
2024-06-08T03:57:55.914Z STAKES Stake account 8LkSEhRdendb7Kg2kHhN8F5jTc9a7kDqE9988jVDudTm is de-activating:  0.003360691
2024-06-08T03:57:55.914Z STAKES Stake account 6EQzxkzocByaThiYXANhHmJgyJ9RuKhFsoSTNufXmyDd is de-activating:  0.003354433
2024-06-08T03:57:55.914Z STAKES Stake account G944Ny3kj7PX6rAzRrrwweYy6QxUTNzFcniA2j7xjvw9 is de-activating:  0.00328288
2024-06-08T03:57:55.914Z STAKES Stake account AgjBVzECAVftPLASc234Up8jXvj62Lf6969QRuJpeJp5 is de-activating:  26.351377423
2024-06-08T03:57:55.914Z STAKES Stake account FF8DTk5YCTdcWhhaiuGBkjZi5HzZY8MK4XHBdLkUNWZU is de-activating:  0.003293874
2024-06-08T03:57:55.914Z STAKES Stake account 5P8Z6sYsuGKWGFjLddjSDaVyQd8dwtMPv2uNzwqdL6Ma is de-activating:  60.426636636
2024-06-08T03:57:55.914Z STAKES Stake account HgrJ5Mx6dqDfdtochK9RRc4hSeCQNg7DS8sH43LfhezU is de-activating:  78.669531261
2024-06-08T03:57:55.914Z STAKES Stake account 6VBsSNA8BWpBLQq3KnnnaYG5jnxQWr49B9TpAYn4cQaQ is de-activating:  51.709671913
2024-06-08T03:57:55.914Z STAKES Stake account FP2nnZUGZ86BeCcA56ZBQ5kj5CkTWaqjFLCX8y4hsVSp is de-activating:  57.742060682
2024-06-08T03:57:55.914Z STAKES Stake account 7V8cn6wS674FtH5QVz9Hq5YbgpkfdCrYiRNmTa8y4G6T is de-activating:  16.398043279
2024-06-08T03:57:55.914Z STAKES Found:  0  accounts that can be de-activated delinquent validator F2wLWDvK3FsvHNXQka6zqQMz3rg5ByuhrcnrMd9URhgk
2024-06-08T03:57:55.914Z FIND No deactivations possible for this validator
Server responded with 429 Too Many Requests.  Retrying after 500ms delay...
Server responded with 429 Too Many Requests.  Retrying after 1000ms delay...
Server responded with 429 Too Many Requests.  Retrying after 2000ms delay...
Server responded with 429 Too Many Requests.  Retrying after 4000ms delay...
2024-06-08T03:58:04.303Z FIND Error processing validator 3aD7hctmQCXTKgemJoGSkftySV7zjGkmbYUdXD8qBHgS 429 Too Many Requests:  {"jsonrpc":"2.0","error":{"code": 429, "message":"Too many requests for a specific RPC call, contact your app developer or support@rpcpool.com."}, "id": "5fcdc26e-eec9-4807-9476-a36c8a5a3970" } 
 Error: 429 Too Many Requests:  {"jsonrpc":"2.0","error":{"code": 429, "message":"Too many requests for a specific RPC call, contact your app developer or support@rpcpool.com."}, "id": "5fcdc26e-eec9-4807-9476-a36c8a5a3970" } 

    at ClientBrowser.callServer (/home/runner/work/solana-deactivate-delinquent/solana-deactivate-delinquent/node_modules/.pnpm/@solana+web3.js@1.87.6/node_modules/@solana/web3.js/lib/index.cjs.js:6474:18)
    at process.processTicksAndRejections (node:internal/process/task_queues:95:5)
Server responded with 429 Too Many Requests.  Retrying after 500ms delay...
Server responded with 429 Too Many Requests.  Retrying after 1000ms delay...
Server responded with 429 Too Many Requests.  Retrying after 2000ms delay...
Server responded with 429 Too Many Requests.  Retrying after 4000ms delay...
2024-06-08T03:58:12.906Z FIND Error processing validator J43U4RpHE4DX4XK1s9mvGYuYSL1ELPgK9eFPWdpA3j9y 429 Too Many Requests:  {"jsonrpc":"2.0","error":{"code": 429, "message":"Too many requests for a specific RPC call, contact your app developer or support@rpcpool.com."}, "id": "2c0b0261-68b6-4869-bb28-09b649f18e2a" } 
 Error: 429 Too Many Requests:  {"jsonrpc":"2.0","error":{"code": 429, "message":"Too many requests for a specific RPC call, contact your app developer or support@rpcpool.com."}, "id": "2c0b0261-68b6-4869-bb28-09b649f18e2a" } 

    at ClientBrowser.callServer (/home/runner/work/solana-deactivate-delinquent/solana-deactivate-delinquent/node_modules/.pnpm/@solana+web3.js@1.87.6/node_modules/@solana/web3.js/lib/index.cjs.js:6474:18)
    at process.processTicksAndRejections (node:internal/process/task_queues:95:5)
Server responded with 429 Too Many Requests.  Retrying after 500ms delay...
Server responded with 429 Too Many Requests.  Retrying after 1000ms delay...
Server responded with 429 Too Many Requests.  Retrying after 2000ms delay...
Server responded with 429 Too Many Requests.  Retrying after 4000ms delay...
2024-06-08T03:58:21.506Z FIND Error processing validator XW5163eazG97Y2zndg2ZsaU2uBU2jgshdMDVvvZPp7J 429 Too Many Requests:  {"jsonrpc":"2.0","error":{"code": 429, "message":"Too many requests for a specific RPC call, contact your app developer or support@rpcpool.com."}, "id": "4938fe7d-6934-47c7-a524-879b4dce0b42" } 
 Error: 429 Too Many Requests:  {"jsonrpc":"2.0","error":{"code": 429, "message":"Too many requests for a specific RPC call, contact your app developer or support@rpcpool.com."}, "id": "4938fe7d-6934-47c7-a524-879b4dce0b42" } 

    at ClientBrowser.callServer (/home/runner/work/solana-deactivate-delinquent/solana-deactivate-delinquent/node_modules/.pnpm/@solana+web3.js@1.87.6/node_modules/@solana/web3.js/lib/index.cjs.js:6474:18)
    at process.processTicksAndRejections (node:internal/process/task_queues:95:5)
Server responded with 429 Too Many Requests.  Retrying after 500ms delay...
Server responded with 429 Too Many Requests.  Retrying after 1000ms delay...
Server responded with 429 Too Many Requests.  Retrying after 2000ms delay...
Server responded with 429 Too Many Requests.  Retrying after 4000ms delay...
2024-06-08T03:58:30.025Z FIND Error processing validator FyjD5idTCfy2nMnApAh1cqcsjrhHzDELVH4QMcMeYTXf 429 Too Many Requests:  {"jsonrpc":"2.0","error":{"code": 429, "message":"Too many requests for a specific RPC call, contact your app developer or support@rpcpool.com."}, "id": "4cd293ea-5521-4af1-afbe-0dd58ddd4eb0" } 
 Error: 429 Too Many Requests:  {"jsonrpc":"2.0","error":{"code": 429, "message":"Too many requests for a specific RPC call, contact your app developer or support@rpcpool.com."}, "id": "4cd293ea-5521-4af1-afbe-0dd58ddd4eb0" } 

    at ClientBrowser.callServer (/home/runner/work/solana-deactivate-delinquent/solana-deactivate-delinquent/node_modules/.pnpm/@solana+web3.js@1.87.6/node_modules/@solana/web3.js/lib/index.cjs.js:6474:18)
    at process.processTicksAndRejections (node:internal/process/task_queues:95:5)
Server responded with 429 Too Many Requests.  Retrying after 500ms delay...
Server responded with 429 Too Many Requests.  Retrying after 1000ms delay...
Server responded with 429 Too Many Requests.  Retrying after 2000ms delay...
Server responded with 429 Too Many Requests.  Retrying after 4000ms delay...
2024-06-08T03:58:38.578Z FIND Error processing validator 7uyNfJC7FrJXNRnhZKdVk8gctpnsmk2an6ocwVFXtdLz 429 Too Many Requests:  {"jsonrpc":"2.0","error":{"code": 429, "message":"Too many requests for a specific RPC call, contact your app developer or support@rpcpool.com."}, "id": "c124fc98-be24-4480-917b-02e15a42abf5" } 
 Error: 429 Too Many Requests:  {"jsonrpc":"2.0","error":{"code": 429, "message":"Too many requests for a specific RPC call, contact your app developer or support@rpcpool.com."}, "id": "c124fc98-be24-4480-917b-02e15a42abf5" } 

    at ClientBrowser.callServer (/home/runner/work/solana-deactivate-delinquent/solana-deactivate-delinquent/node_modules/.pnpm/@solana+web3.js@1.87.6/node_modules/@solana/web3.js/lib/index.cjs.js:6474:18)
    at process.processTicksAndRejections (node:internal/process/task_queues:95:5)
Server responded with 429 Too Many Requests.  Retrying after 500ms delay...
Server responded with 429 Too Many Requests.  Retrying after 1000ms delay...
Server responded with 429 Too Many Requests.  Retrying after 2000ms delay...
Server responded with 429 Too Many Requests.  Retrying after 4000ms delay...
2024-06-08T03:58:47.132Z FIND Error processing validator Dro3NGNTkYR2QJK9A5ySfHgd4cUm6p1pnJqcERpWZCDz 429 Too Many Requests:  {"jsonrpc":"2.0","error":{"code": 429, "message":"Too many requests for a specific RPC call, contact your app developer or support@rpcpool.com."}, "id": "e6efa09c-6e2e-4379-8c80-8e16e0ff3867" } 
 Error: 429 Too Many Requests:  {"jsonrpc":"2.0","error":{"code": 429, "message":"Too many requests for a specific RPC call, contact your app developer or support@rpcpool.com."}, "id": "e6efa09c-6e2e-4379-8c80-8e16e0ff3867" } 

    at ClientBrowser.callServer (/home/runner/work/solana-deactivate-delinquent/solana-deactivate-delinquent/node_modules/.pnpm/@solana+web3.js@1.87.6/node_modules/@solana/web3.js/lib/index.cjs.js:6474:18)
    at process.processTicksAndRejections (node:internal/process/task_queues:95:5)
Server responded with 429 Too Many Requests.  Retrying after 500ms delay...
Server responded with 429 Too Many Requests.  Retrying after 1000ms delay...
Server responded with 429 Too Many Requests.  Retrying after 2000ms delay...
Server responded with 429 Too Many Requests.  Retrying after 4000ms delay...
2024-06-08T03:58:55.715Z FIND Error processing validator CjDsntDs5hXT14mrnEugMXJJ13PXxyZTLiSD3qNivX3t 429 Too Many Requests:  {"jsonrpc":"2.0","error":{"code": 429, "message":"Too many requests for a specific RPC call, contact your app developer or support@rpcpool.com."}, "id": "ac74c435-8717-4790-8783-6d22a60e2e54" } 
 Error: 429 Too Many Requests:  {"jsonrpc":"2.0","error":{"code": 429, "message":"Too many requests for a specific RPC call, contact your app developer or support@rpcpool.com."}, "id": "ac74c435-8717-4790-8783-6d22a60e2e54" } 

    at ClientBrowser.callServer (/home/runner/work/solana-deactivate-delinquent/solana-deactivate-delinquent/node_modules/.pnpm/@solana+web3.js@1.87.6/node_modules/@solana/web3.js/lib/index.cjs.js:6474:18)
    at process.processTicksAndRejections (node:internal/process/task_queues:95:5)
Server responded with 429 Too Many Requests.  Retrying after 500ms delay...
Server responded with 429 Too Many Requests.  Retrying after 1000ms delay...
Server responded with 429 Too Many Requests.  Retrying after 2000ms delay...
Server responded with 429 Too Many Requests.  Retrying after 4000ms delay...
2024-06-08T03:59:04.306Z FIND Error processing validator EREdwtKaz2Myg5E1v5akDLdAoV19qNqxrNXy95FGBzPP 429 Too Many Requests:  {"jsonrpc":"2.0","error":{"code": 429, "message":"Too many requests for a specific RPC call, contact your app developer or support@rpcpool.com."}, "id": "a98c0cb6-b953-406b-be07-a6a2a4276714" } 
 Error: 429 Too Many Requests:  {"jsonrpc":"2.0","error":{"code": 429, "message":"Too many requests for a specific RPC call, contact your app developer or support@rpcpool.com."}, "id": "a98c0cb6-b953-406b-be07-a6a2a4276714" } 

    at ClientBrowser.callServer (/home/runner/work/solana-deactivate-delinquent/solana-deactivate-delinquent/node_modules/.pnpm/@solana+web3.js@1.87.6/node_modules/@solana/web3.js/lib/index.cjs.js:6474:18)
    at process.processTicksAndRejections (node:internal/process/task_queues:95:5)
Server responded with 429 Too Many Requests.  Retrying after 500ms delay...
Server responded with 429 Too Many Requests.  Retrying after 1000ms delay...
Server responded with 429 Too Many Requests.  Retrying after 2000ms delay...
Server responded with 429 Too Many Requests.  Retrying after 4000ms delay...
2024-06-08T03:59:12.869Z FIND Error processing validator Fy9rMyH93jtX21AAvKdVXqDWEGovaX16oLm1MLfbLbY4 429 Too Many Requests:  {"jsonrpc":"2.0","error":{"code": 429, "message":"Too many requests for a specific RPC call, contact your app developer or support@rpcpool.com."}, "id": "18a85afe-e2d5-4c8d-bc9b-113563332c38" } 
 Error: 429 Too Many Requests:  {"jsonrpc":"2.0","error":{"code": 429, "message":"Too many requests for a specific RPC call, contact your app developer or support@rpcpool.com."}, "id": "18a85afe-e2d5-4c8d-bc9b-113563332c38" } 

    at ClientBrowser.callServer (/home/runner/work/solana-deactivate-delinquent/solana-deactivate-delinquent/node_modules/.pnpm/@solana+web3.js@1.87.6/node_modules/@solana/web3.js/lib/index.cjs.js:6474:18)
    at process.processTicksAndRejections (node:internal/process/task_queues:95:5)
Server responded with 429 Too Many Requests.  Retrying after 500ms delay...
Server responded with 429 Too Many Requests.  Retrying after 1000ms delay...
Server responded with 429 Too Many Requests.  Retrying after 2000ms delay...
Server responded with 429 Too Many Requests.  Retrying after 4000ms delay...
2024-06-08T03:59:21.430Z FIND Error processing validator 9bpq8VAugtLeeQx2KF5x2RfK93jj4zSfZ4bPVhyHUJxe 429 Too Many Requests:  {"jsonrpc":"2.0","error":{"code": 429, "message":"Too many requests for a specific RPC call, contact your app developer or support@rpcpool.com."}, "id": "04507e61-2a85-4ee6-a04e-22cf6e06e0d9" } 
 Error: 429 Too Many Requests:  {"jsonrpc":"2.0","error":{"code": 429, "message":"Too many requests for a specific RPC call, contact your app developer or support@rpcpool.com."}, "id": "04507e61-2a85-4ee6-a04e-22cf6e06e0d9" } 

    at ClientBrowser.callServer (/home/runner/work/solana-deactivate-delinquent/solana-deactivate-delinquent/node_modules/.pnpm/@solana+web3.js@1.87.6/node_modules/@solana/web3.js/lib/index.cjs.js:6474:18)
    at process.processTicksAndRejections (node:internal/process/task_queues:95:5)
Server responded with 429 Too Many Requests.  Retrying after 500ms delay...
Server responded with 429 Too Many Requests.  Retrying after 1000ms delay...
Server responded with 429 Too Many Requests.  Retrying after 2000ms delay...
2024-06-08T03:59:28.339Z STAKES Found:  9  accounts for delinquent validator 2Jc8YA9pjTBbhcjsk1hMrLzHN5buCiV9e1XXYNT5Ltju
2024-06-08T03:59:28.340Z STAKES Stake account Cf3t44h6PZpLmU3DFFaL3jH36wdwsJxLVq4S9zjHJge3 is de-activating:  0.00328288
2024-06-08T03:59:28.340Z STAKES Stake account 3YmNbLpPvW9JSX6Nwg8zXYLuH7QGT1LUMkFXdWD3rLrK is de-activating:  10.056274639
2024-06-08T03:59:28.340Z STAKES Stake account 4fwLVkigxTKDqDrT4zHmttue7rCodGadTamYyXKm3Sea is de-activating:  0.003365177
2024-06-08T03:59:28.340Z STAKES Stake account 4vjtVrgAKEHRP77RhsBEh5WzCJFTbUGEheEujQJ9SjGJ is de-activating:  1.074244722
2024-06-08T03:59:28.340Z STAKES Stake account 7AY3oZEVKwNs5xX6pv8ivoWSarRcuYYFNe7K1BSFnEAh is de-activating:  2.231907275
2024-06-08T03:59:28.340Z STAKES Stake account BzR2NDuQK9eWF7ds4M22Q28NPC1pvWBU6X8LB1qHitAX is de-activating:  0.003358965
2024-06-08T03:59:28.340Z STAKES Stake account 8CNhibnk4xWyvFWUKaJcvb9RZHuGshPY7nRu76kkdSnk is de-activating:  0.003317351
2024-06-08T03:59:28.340Z STAKES Stake account FHBaihXBX1CxKjcCajTX5Neo8wzkKesT6EGqEnVwetX9 is de-activated:  120631.850010057
2024-06-08T03:59:28.340Z STAKES Stake account 8NMtGdnW5vNwA2uMr1uNDorUGuAkgEbwxgfPKt6pDWJi is de-activated:  0.005039166
2024-06-08T03:59:28.340Z STAKES Found:  0  accounts that can be de-activated delinquent validator 2Jc8YA9pjTBbhcjsk1hMrLzHN5buCiV9e1XXYNT5Ltju
2024-06-08T03:59:28.340Z FIND No deactivations possible for this validator
2024-06-08T03:59:30.945Z STAKES Found:  11  accounts for delinquent validator HMV1PycioGQknESRL2aULnis6JoAL8hRbb5aPExAEqSx
2024-06-08T03:59:30.945Z STAKES Stake account 2M2iCzYbsKKaS8eXVKvEy5M8rDgMQLzPkoGisAK73oDr is activated:  0.402240372
2024-06-08T03:59:30.945Z STAKES Stake account 7ueM4A8YWRve4sNruBPeahvPE4RBWopxYEs1z1Z5hpFS is activated:  0.00328288
2024-06-08T03:59:30.945Z STAKES Stake account ECX2c2jBLYGLYDQAZmTyo2KE24rSPWFwvJTdULv3FNJE is activated:  0.003292773
2024-06-08T03:59:30.945Z STAKES Stake account 4PMXtUDRTyzctnLxUJP7MwAc68jg8wLtVb62AquUJgbT is activated:  0.20208293
2024-06-08T03:59:30.945Z STAKES Stake account 3WpM6Ve1ioVfXT9wcCrRLS28shKKEDtBD1cv3yVCDpxt is activated:  0.030050548
2024-06-08T03:59:30.946Z STAKES Stake account 4t98sAsqTToegkAEvZqxJBL9eXJnrg7AUyurC3nFFK4D is activated:  0.133083292
2024-06-08T03:59:30.946Z STAKES Stake account 5Nx7jgUwxmZmyUWnqRFj6hQ8FkV6QHRWhgyUyQiZvxVL is activated:  0.102898578
2024-06-08T03:59:30.946Z STAKES Stake account Hsz6aYjHe3Fm4EPpMzkFKmWfCZ4ggUY2BSrz4nUehjPY is activated:  0.052473528
2024-06-08T03:59:30.946Z STAKES Stake account 45W9jQcqWFZ3MSeE8GZW5K3hDYJ53n1kgeQWAJ5Sa1nh is activated:  0.203585103
2024-06-08T03:59:30.946Z STAKES Stake account EmKVhCTQjC3TYKr4Y1i1bcpWRJXTcipMBB3piGiRX3YA is activated:  11.426696274
2024-06-08T03:59:30.946Z STAKES Stake account DVBCMhsAcVf2ZAepHE4Rhm7byt8FN445ghuPxYjTbnvZ is de-activated:  0.150184753
2024-06-08T03:59:30.946Z STAKES Found:  10  accounts that can be de-activated delinquent validator HMV1PycioGQknESRL2aULnis6JoAL8hRbb5aPExAEqSx
2024-06-08T03:59:31.012Z DEACTIVATE Blockhash: EszazcisQgjz8JHFoaGVrfoSvbJn6ZbKRyREAZgm8i1w
2024-06-08T03:59:31.081Z DEACTIVATE Sent tx: 4bHG1D9i8K2k1fjNbfLVWm29mA3zYQqCHqH19uSq7TBNvd1fBkmWZu5eUFyJf6s2yZpRqHTK3RAEG9eMvtydGd5y https://explorer.solana.com/tx/4bHG1D9i8K2k1fjNbfLVWm29mA3zYQqCHqH19uSq7TBNvd1fBkmWZu5eUFyJf6s2yZpRqHTK3RAEG9eMvtydGd5y
2024-06-08T03:59:31.182Z DEACTIVATE Waiting for confirmations...
2024-06-08T04:00:24.008Z DEACTIVATE Confirmed.
2024-06-08T04:00:24.008Z FIND Deactivated stake accounts with total balance:
2024-06-08T04:00:26.589Z STAKES Found:  6  accounts for delinquent validator 9x5j56aq51cAv6qoymAc7at7z3wc9KEYaHKPgoWDK2kk
2024-06-08T04:00:26.589Z STAKES Stake account 7zd9y1dWLZRBLs3idhvcJ4MecWyuJAjmitr9YDVRFRDJ is de-activating:  2.222281813
2024-06-08T04:00:26.589Z STAKES Stake account 25xBeM34RH6riXmLszMYLkC41Ve6yMH3ubMx3Se4khz3 is de-activating:  0.003293863
2024-06-08T04:00:26.589Z STAKES Stake account GSqQHP9293ECo5h36JZ8NBKPYLjC71jBPzjWPXigssfg is de-activating:  0.003360643
2024-06-08T04:00:26.590Z STAKES Stake account 8aiFKNgQK2NDtJPT9rQLWrJ4L7Aw82eDQE9jWxASiKE8 is de-activating:  0.003312918
2024-06-08T04:00:26.590Z STAKES Stake account HyydqBfgoqvWahG14oJpjUwzugH4yynVcxCoc7v62F45 is de-activating:  0.003354398
2024-06-08T04:00:26.590Z STAKES Stake account ao1NBDMUXVkPnJyT18xdhzj2U4ht77kSMkinkgCR9yL is de-activating:  0.00328288
2024-06-08T04:00:26.590Z STAKES Found:  0  accounts that can be de-activated delinquent validator 9x5j56aq51cAv6qoymAc7at7z3wc9KEYaHKPgoWDK2kk
2024-06-08T04:00:26.590Z FIND No deactivations possible for this validator
2024-06-08T04:00:29.403Z STAKES Found:  5  accounts for delinquent validator A2XnPCfYMt8inTUX3DhbVZ6ZW7pmXquLKJ1knGupjaKS
2024-06-08T04:00:29.403Z STAKES Stake account FyeHARfTN32f2LWtcqSPshq5szgf2vEZY1UgbaYQR4gz is de-activating:  0.003359728
2024-06-08T04:00:29.404Z STAKES Stake account C9GjWmYnRSM1JwJbGabhoNsHg3EnL3Ck5a6ERea7N1D5 is de-activating:  0.00328288
2024-06-08T04:00:29.404Z STAKES Stake account 7754nuS5PxgWidKEsCfUngmAfk8AQ7mEjwF6XXJN2dz9 is de-activating:  0.003353942
2024-06-08T04:00:29.404Z STAKES Stake account CW9raEyQF4whcQMBoJZPTpc1nc9BG6bga39yfYTtTt89 is de-activating:  2.223458725
2024-06-08T04:00:29.404Z STAKES Stake account JAZspgzPXii8cpkHtyPNxfvNeuCo17ao73KtMQipUvkk is de-activating:  0.003312567
2024-06-08T04:00:29.404Z STAKES Found:  0  accounts that can be de-activated delinquent validator A2XnPCfYMt8inTUX3DhbVZ6ZW7pmXquLKJ1knGupjaKS
2024-06-08T04:00:29.404Z FIND No deactivations possible for this validator
Server responded with 429 Too Many Requests.  Retrying after 500ms delay...
Server responded with 429 Too Many Requests.  Retrying after 1000ms delay...
Server responded with 429 Too Many Requests.  Retrying after 2000ms delay...
Server responded with 429 Too Many Requests.  Retrying after 4000ms delay...
2024-06-08T04:00:37.904Z FIND Error processing validator AydeaGSrcjqdwSQmck7fhNe543Eai1v22cA8sKQwvDLf 429 Too Many Requests:  {"jsonrpc":"2.0","error":{"code": 429, "message":"Too many requests for a specific RPC call, contact your app developer or support@rpcpool.com."}, "id": "84435c52-6f20-4030-818a-c890e61cbdf1" } 
 Error: 429 Too Many Requests:  {"jsonrpc":"2.0","error":{"code": 429, "message":"Too many requests for a specific RPC call, contact your app developer or support@rpcpool.com."}, "id": "84435c52-6f20-4030-818a-c890e61cbdf1" } 

    at ClientBrowser.callServer (/home/runner/work/solana-deactivate-delinquent/solana-deactivate-delinquent/node_modules/.pnpm/@solana+web3.js@1.87.6/node_modules/@solana/web3.js/lib/index.cjs.js:6474:18)
    at process.processTicksAndRejections (node:internal/process/task_queues:95:5)
Server responded with 429 Too Many Requests.  Retrying after 500ms delay...
Server responded with 429 Too Many Requests.  Retrying after 1000ms delay...
Server responded with 429 Too Many Requests.  Retrying after 2000ms delay...
Server responded with 429 Too Many Requests.  Retrying after 4000ms delay...
2024-06-08T04:00:46.552Z FIND Error processing validator GmUsURgUQh5cqZXFubyK53U6SYYs3wF6Fc2zEjPQcuHP 429 Too Many Requests:  {"jsonrpc":"2.0","error":{"code": 429, "message":"Too many requests for a specific RPC call, contact your app developer or support@rpcpool.com."}, "id": "48aa141d-21cb-4be2-ac50-3d4e42653f39" } 
 Error: 429 Too Many Requests:  {"jsonrpc":"2.0","error":{"code": 429, "message":"Too many requests for a specific RPC call, contact your app developer or support@rpcpool.com."}, "id": "48aa141d-21cb-4be2-ac50-3d4e42653f39" } 

    at ClientBrowser.callServer (/home/runner/work/solana-deactivate-delinquent/solana-deactivate-delinquent/node_modules/.pnpm/@solana+web3.js@1.87.6/node_modules/@solana/web3.js/lib/index.cjs.js:6474:18)
    at process.processTicksAndRejections (node:internal/process/task_queues:95:5)
Server responded with 429 Too Many Requests.  Retrying after 500ms delay...
Server responded with 429 Too Many Requests.  Retrying after 1000ms delay...
Server responded with 429 Too Many Requests.  Retrying after 2000ms delay...
Server responded with 429 Too Many Requests.  Retrying after 4000ms delay...
2024-06-08T04:00:55.182Z FIND Error processing validator 6DotPcVwdR4AtPA5nN9UcbLQ3WHtghvn5SCQXYkSV9kt 429 Too Many Requests:  {"jsonrpc":"2.0","error":{"code": 429, "message":"Too many requests for a specific RPC call, contact your app developer or support@rpcpool.com."}, "id": "2bad426a-555b-46e0-881b-2425df89ff09" } 
 Error: 429 Too Many Requests:  {"jsonrpc":"2.0","error":{"code": 429, "message":"Too many requests for a specific RPC call, contact your app developer or support@rpcpool.com."}, "id": "2bad426a-555b-46e0-881b-2425df89ff09" } 

    at ClientBrowser.callServer (/home/runner/work/solana-deactivate-delinquent/solana-deactivate-delinquent/node_modules/.pnpm/@solana+web3.js@1.87.6/node_modules/@solana/web3.js/lib/index.cjs.js:6474:18)
    at process.processTicksAndRejections (node:internal/process/task_queues:95:5)
Server responded with 429 Too Many Requests.  Retrying after 500ms delay...
Server responded with 429 Too Many Requests.  Retrying after 1000ms delay...
Server responded with 429 Too Many Requests.  Retrying after 2000ms delay...
Server responded with 429 Too Many Requests.  Retrying after 4000ms delay...
2024-06-08T04:01:03.786Z FIND Error processing validator 63a15aZm4rphdQJcZfL8oSMPwLDmvUW2dFw3WqZpjxEt 429 Too Many Requests:  {"jsonrpc":"2.0","error":{"code": 429, "message":"Too many requests for a specific RPC call, contact your app developer or support@rpcpool.com."}, "id": "be06086b-4f11-4a2e-bc0d-ead27b759c91" } 
 Error: 429 Too Many Requests:  {"jsonrpc":"2.0","error":{"code": 429, "message":"Too many requests for a specific RPC call, contact your app developer or support@rpcpool.com."}, "id": "be06086b-4f11-4a2e-bc0d-ead27b759c91" } 

    at ClientBrowser.callServer (/home/runner/work/solana-deactivate-delinquent/solana-deactivate-delinquent/node_modules/.pnpm/@solana+web3.js@1.87.6/node_modules/@solana/web3.js/lib/index.cjs.js:6474:18)
    at process.processTicksAndRejections (node:internal/process/task_queues:95:5)
Server responded with 429 Too Many Requests.  Retrying after 500ms delay...
Server responded with 429 Too Many Requests.  Retrying after 1000ms delay...
Server responded with 429 Too Many Requests.  Retrying after 2000ms delay...
Server responded with 429 Too Many Requests.  Retrying after 4000ms delay...
2024-06-08T04:01:12.348Z FIND Error processing validator G15KujziTiDdrVKVbA9sCjbNHkNuHMSAZ9xdp9eVT2Mr 429 Too Many Requests:  {"jsonrpc":"2.0","error":{"code": 429, "message":"Too many requests for a specific RPC call, contact your app developer or support@rpcpool.com."}, "id": "c32b0cff-3b61-4f6b-9fab-16ed695a4a3c" } 
 Error: 429 Too Many Requests:  {"jsonrpc":"2.0","error":{"code": 429, "message":"Too many requests for a specific RPC call, contact your app developer or support@rpcpool.com."}, "id": "c32b0cff-3b61-4f6b-9fab-16ed695a4a3c" } 

    at ClientBrowser.callServer (/home/runner/work/solana-deactivate-delinquent/solana-deactivate-delinquent/node_modules/.pnpm/@solana+web3.js@1.87.6/node_modules/@solana/web3.js/lib/index.cjs.js:6474:18)
    at process.processTicksAndRejections (node:internal/process/task_queues:95:5)
Server responded with 429 Too Many Requests.  Retrying after 500ms delay...
Server responded with 429 Too Many Requests.  Retrying after 1000ms delay...
Server responded with 429 Too Many Requests.  Retrying after 2000ms delay...
Server responded with 429 Too Many Requests.  Retrying after 4000ms delay...
2024-06-08T04:01:20.970Z FIND Error processing validator GmNaz71ak98CZ73AnM3K288etTGs8uwfa9i5V22dDkf2 429 Too Many Requests:  {"jsonrpc":"2.0","error":{"code": 429, "message":"Too many requests for a specific RPC call, contact your app developer or support@rpcpool.com."}, "id": "5add44d1-778b-44b3-bc12-66ee38bc55fb" } 
 Error: 429 Too Many Requests:  {"jsonrpc":"2.0","error":{"code": 429, "message":"Too many requests for a specific RPC call, contact your app developer or support@rpcpool.com."}, "id": "5add44d1-778b-44b3-bc12-66ee38bc55fb" } 

    at ClientBrowser.callServer (/home/runner/work/solana-deactivate-delinquent/solana-deactivate-delinquent/node_modules/.pnpm/@solana+web3.js@1.87.6/node_modules/@solana/web3.js/lib/index.cjs.js:6474:18)
    at process.processTicksAndRejections (node:internal/process/task_queues:95:5)
Server responded with 429 Too Many Requests.  Retrying after 500ms delay...
Server responded with 429 Too Many Requests.  Retrying after 1000ms delay...
Server responded with 429 Too Many Requests.  Retrying after 2000ms delay...
Server responded with 429 Too Many Requests.  Retrying after 4000ms delay...
2024-06-08T04:01:32.532Z STAKES Found:  2  accounts for delinquent validator BH2dSRYpUpw9nvHsGRe5gSMBLsNt56H2HNaJkeadatXo
2024-06-08T04:01:32.532Z STAKES Stake account 2jU8f8hS991EroehML9YTsiLWTfm5m2ZL4H1XBBCjuqF is de-activating:  0.00328288
2024-06-08T04:01:32.533Z STAKES Stake account 1quEMetxgyY8qWzJQMhMLFKjHo7Y6evUid8zSWmoGsb is de-activating:  0.1
2024-06-08T04:01:32.533Z STAKES Found:  0  accounts that can be de-activated delinquent validator BH2dSRYpUpw9nvHsGRe5gSMBLsNt56H2HNaJkeadatXo
2024-06-08T04:01:32.533Z FIND No deactivations possible for this validator
2024-06-08T04:01:36.080Z STAKES Found:  3  accounts for delinquent validator 5FhWoWMaHyP5xnhJYzPo3ZuUcviYsa6PUSagmQa3uRPr
2024-06-08T04:01:36.080Z STAKES Stake account 3WTz27WeVgqW9FeBweHmhpnHusMNQweGRU2XFXw7FnjJ is de-activating:  0.00328288
2024-06-08T04:01:36.081Z STAKES Stake account 34q4c73LM6yUUMuA2tY8Xk5mwhCsvRnyQHUWS9AcT7HH is de-activated:  1.05
2024-06-08T04:01:36.081Z STAKES Stake account Cu9TkH9SyrfboJEVUgZ55AdLiZv2Rmmaef4gXfhLPc3u is de-activating:  0.00328288
2024-06-08T04:01:36.081Z STAKES Found:  0  accounts that can be de-activated delinquent validator 5FhWoWMaHyP5xnhJYzPo3ZuUcviYsa6PUSagmQa3uRPr
2024-06-08T04:01:36.081Z FIND No deactivations possible for this validator
2024-06-08T04:01:36.081Z FIND Total de-activated: 1122.781221886
