2024-07-22T21:54:55.192Z FIND Found epoch range to explore:  642 646
2024-07-22T21:54:55.195Z FIND Found delinquent validators [
  '6SQJfKXxqacQpYmCNtqvabV6kfHrPGqXm9q2iH7zsied',
  'EkPjdWCtnzinzkNpV1pCjaw4py5tDj8ihATUG3tkLWNN',
  'B9NiU9ZL3Jo2WkZA1X35sSpeyZXxLJpBi7B5Sah7zUQJ',
  'AmYELpZ5CGKXqQcU2GRr9RdTkTR6NWRvCkN4eoLzo3QH',
  'DbvxuUhsh81y3f1NrqHEHbWA6xJfVbfY3eNTa1rFoWzQ',
  'DDBCYLw8kkN8ZLHsBeT42YvEz5F6eq57zqaLCyLzFQnG',
  'CvPw48RtMCsd5gUEZkuUVWXmYFGey3nXJLaJ7XUuZd3n',
  'BACKboNezqTz4fKH3x26e6xVXL4r9ApVoBL5x9qfj1oS',
  'DP3iT6AXJxWsn5pR1ik13vchaTeeyr3fqXFTeysxrXtv',
  '7xBA8hfi9n7CNVXdKjzao98mvJeYVm2VZmEB4jXvtbuD',
  '98Hrui1FDBJc175RTsRAbbEtZJahWqF5z3BcHnA3SSPe'
]
2024-07-22T21:54:55.196Z FIND Found reference validator CvSb7wdQAFpHuSpTYTJnX5SYH4hCfQ9VuGnqrKaKwycB
2024-07-22T21:54:58.026Z STAKES Found:  63  accounts for delinquent validator 6SQJfKXxqacQpYmCNtqvabV6kfHrPGqXm9q2iH7zsied
2024-07-22T21:54:58.026Z STAKES Stake account 8E3z5wQtjN4b6RZdLK6rGpSB8hzA4F72PAkRYGaSgG6w is activated:  1.018913888
2024-07-22T21:54:58.027Z STAKES Stake account 7emA32HqK8NCbet9XXUTyPKgZN5SbWUU6vGJzqKhakFq is activated:  1.019736351
2024-07-22T21:54:58.027Z STAKES Stake account HyT3CbomsdUSTF1vaD9GjeXQjANfhfweNc7q2cGfvQw9 is activated:  1.417796787
2024-07-22T21:54:58.027Z STAKES Stake account AY6CnZnjqujUsDVdAgid8ji3AbP8RGfx1prgGX4rBXL3 is activated:  3.218574779
2024-07-22T21:54:58.027Z STAKES Stake account G8PWuQtuYU4Bv2uK9oUBEN2vhdPZ7Jyd5ymEvXpxAXXF is activated:  1.289317375
2024-07-22T21:54:58.027Z STAKES Stake account 5VX3vWtzhwMxzJ4ufr2UqWuUXv7bwjfPCq2Hjvu82qVd is de-activating:  0.01228288
2024-07-22T21:54:58.027Z STAKES Stake account 9SSDKAgP17wfhJNZer2GaFweXDjifGYpWsMkNESDcs9y is activated:  1.272794609
2024-07-22T21:54:58.028Z STAKES Stake account 49r6i4jBASxSoNTwxFcVZRK291PpxNQh9s7u4EkDQkFQ is activated:  2.553232138
2024-07-22T21:54:58.028Z STAKES Stake account ELVGZwTbZwdhM1gwtnZCmLzdLGkLfJRFcEdV2SqR9pEQ is activated:  2.911781104
2024-07-22T21:54:58.028Z STAKES Stake account 2e4f785HpvCYvw85uyxbbiAsUR2DdnnMXJ9QdkbvSC7q is activated:  1.018488506
2024-07-22T21:54:58.028Z STAKES Stake account 3hjMsnCHP9Sivi4z4mLb6qp71bf6kJdupb9smpo39gCL is de-activating:  6.741305681
2024-07-22T21:54:58.028Z STAKES Stake account 7UUVAfojx55un9cH82VTaffYygCRRHWWfB9gEcS77ic2 is activated:  1.562703137
2024-07-22T21:54:58.029Z STAKES Stake account FzyQ5RcgJu6vuo7X86REajzdLgedPvSFhqsLfZkzVkzr is de-activating:  14.984920198
2024-07-22T21:54:58.029Z STAKES Stake account HTeMU35DsX3NvW2Cx8TXm7S3SQKvFfCF4t6DGct25jf6 is activated:  0.003283667
2024-07-22T21:54:58.029Z STAKES Stake account 7oGHPFEH8FvMo3mUwgHa8rL2JdH13mxqe8pXUaPtoVV1 is activated:  36.228552907
2024-07-22T21:54:58.029Z STAKES Stake account EtyyeRuXrXXByiWyX9MEBnrCFBdzoW64tAgntcxLCQJU is activated:  1.874569158
2024-07-22T21:54:58.029Z STAKES Stake account 8u3EyE3KpqDw6iwkRxPgt7hRArSqBV45ujBy7UfPVJ13 is activated:  1.272794609
2024-07-22T21:54:58.030Z STAKES Stake account Ffci1dnEApNZFN6DVynunfzKBSuVy9KahAd3CJU17Yqq is activated:  64.412922274
2024-07-22T21:54:58.030Z STAKES Stake account 3upC68xNKz1NsNfzMJCSRJis7566e4hoTqizeCcYHbTD is activated:  1.018488506
2024-07-22T21:54:58.030Z STAKES Stake account 8ZfE9zJ9xyH3Zd4DjQbzrLqnzAirfKMS4MqW6Hqdc3c4 is de-activating:  120.812535008
2024-07-22T21:54:58.030Z STAKES Stake account DLATNJthkFTLxuW5xp658s6hd8R3pqBTAyBgmr8e3XBn is de-activating:  5.087616382
2024-07-22T21:54:58.030Z STAKES Stake account CrHr4C16LgHENPT3gSHbfW5x6yKj57ByFRhs2z23nWR2 is de-activated:  2.866707261
2024-07-22T21:54:58.030Z STAKES Stake account 2JZWX2yw3EwsAWzrPNN7PZ5S4AfWu9YFhKuRYxmg2epv is activated:  1.272794609
2024-07-22T21:54:58.030Z STAKES Stake account 7o6SYa5P9jAWzgaJ3mdtxh7pR4uVa78Nndmes3Mtfd3K is activated:  1.481092896
2024-07-22T21:54:58.031Z STAKES Stake account 3gnYXMDas2ryEj4evqbaH9xcZP1LWcxnpV1tRN5zFJMS is de-activating:  91.691960973
2024-07-22T21:54:58.031Z STAKES Stake account DU7cycpNYBRfVKytRDdqtawCoPmEHuqbNnQpusTVXfp1 is de-activating:  3.714974957
2024-07-22T21:54:58.031Z STAKES Stake account evzmyihYTQdNggAbrBMiPrF8aNCiE97kst2Erwhwuku is de-activating:  5.494683627
2024-07-22T21:54:58.031Z STAKES Stake account GNoaenJHfVsvshyHmjkyaZKSJZVtSP78V3Nqn3D2vdGk is de-activated:  2.159428151
2024-07-22T21:54:58.031Z STAKES Stake account 81P7Ecj9DxyPTWkfhNQqTwa54EC2miXqTnUuHuZvGke5 is de-activating:  0.003319386
2024-07-22T21:54:58.031Z STAKES Stake account DUAGWg5JZXSDiBk9geExJRxuMNxufMcw2VDwVSgyuXrr is activated:  1.892494106
2024-07-22T21:54:58.031Z STAKES Stake account BJ7gZfxcsZJZw4c2PywsM2USTK7opYmm3sN18Xd2346p is de-activating:  1.093041023
2024-07-22T21:54:58.031Z STAKES Stake account C4UZuABdWjdutHCdJByYXQXuWHVTGCft9sWz6hxVbZbN is activated:  1.018488506
2024-07-22T21:54:58.032Z STAKES Stake account 4jPHuBj53t7zVP36EMjN3JocFTdEfRQkFAu86ohWX9wV is activated:  9.011498425
2024-07-22T21:54:58.032Z STAKES Stake account gpszj1EukQWzVFKpht8HX2oHidrJUjLW79SDDwJxwGd is activated:  2018.241206134
2024-07-22T21:54:58.032Z STAKES Stake account AXiKgqwoyQxWpkbXgvjhe8Lgnmiww1b8LuLeb4QWr1sF is activated:  1.958659288
2024-07-22T21:54:58.032Z STAKES Stake account 7VbfyTWEdBF29NZiSZyMSaStfyWFsYacgjz13uNYnurU is de-activating:  1.971951735
2024-07-22T21:54:58.032Z STAKES Stake account 71ohL8AnNE7X7wjGdDTGWkzuL2XZKLSw2wRLq1djjg5s is activated:  1.294237692
2024-07-22T21:54:58.032Z STAKES Stake account 7WpjencYLHpBak5cQ7U6TLUSSj4MTuoSTG5t2gXoLH56 is activated:  1.070604714
2024-07-22T21:54:58.032Z STAKES Stake account Cdg7N58boofCf7ee355bH9kFXLdCNjbo3PtvaCrAZapE is activated:  1.272794609
2024-07-22T21:54:58.032Z STAKES Stake account FmB4Yz6mtPSw1WM9CjrJxwGprkoF7TewC63PvftcSyNk is activated:  1.606444812
2024-07-22T21:54:58.033Z STAKES Stake account EWM3398q8gNTdXMtt4n9jZrgWQd1isrA1pkQudq9caav is activated:  1.018488506
2024-07-22T21:54:58.033Z STAKES Stake account 3yA2MjHLf2TK1mEn1c1FgKFHzJNB2rG35rv6Tes4UELS is de-activating:  1.018488506
2024-07-22T21:54:58.033Z STAKES Stake account 7o2MrRWKLr2jB11eQwD4Pk4DitaLyphmUeaoqj3KgjR7 is de-activating:  1.018488506
2024-07-22T21:54:58.033Z STAKES Stake account CbQ6WPRatXEkEX9i26bhXsNQcZjcjRiMrjqFjqBMWH77 is activated:  1.112462925
2024-07-22T21:54:58.033Z STAKES Stake account 9HDoiubyJ7GgggXE4iS7rP2LiaUs9L1ojMCwiSehaJhk is activated:  2.357232463
2024-07-22T21:54:58.033Z STAKES Stake account 5Jt9BztnbhscP6jbkt9atZEyWBMxGPrcUp3SwEVt1ero is activated:  2.278770731
2024-07-22T21:54:58.033Z STAKES Stake account HgEiuBKVH2XEPrZqfFoUXHsGcnW7Lu8sNqm6fmyTq7AT is de-activating:  1.252369194
2024-07-22T21:54:58.033Z STAKES Stake account GszxWtYtna8UCWiPyBFMq1k8arA5XqRP7TjWFWawt6Fv is de-activating:  0.003289396
2024-07-22T21:54:58.034Z STAKES Stake account 7fXxjey1hqxsHnAnJHB9ubLPrT52T3NYKeEYkPPkzQfq is de-activating:  5.640200175
2024-07-22T21:54:58.034Z STAKES Stake account J5j1h72zJUUZP78bcF3P4nQs5fjfszE6GtyLo5gHdrSj is activated:  3.752338684
2024-07-22T21:54:58.034Z STAKES Stake account GQmAjtafEcEwtS7YRhViJp6H5o2myMoQzq2MqAd4HMvs is de-activating:  1.919207916
2024-07-22T21:54:58.034Z STAKES Stake account BmSoR9NqD4c6AdHpSuTcdyts6HGoeiAHoKwisMQzXPpW is de-activating:  1.272794609
2024-07-22T21:54:58.034Z STAKES Stake account 6kF53KKgVXqrrpVgDve8Kw8voA9YLrr94XQZdXvpAGuk is activated:  6.228973313
2024-07-22T21:54:58.034Z STAKES Stake account 3iUtBPMKR7LRnhaCWs8jZo2ZMDUecytsv37x4ziGmbFP is activated:  6.250605528
2024-07-22T21:54:58.034Z STAKES Stake account CEWa25Hrbw8F4T1ztpjCDKRnBCWZbMUKHT7cRKjeEgrC is activated:  0.003338112
2024-07-22T21:54:58.035Z STAKES Stake account 38sc6kUVHqoHcaaArrn3YtCe58giHFcyGAZ2ZwRtKVSc is activated:  12.99787652
2024-07-22T21:54:58.035Z STAKES Stake account 56dsAhLgngUowhDPe6JYXqCqALQcHqs9YLjsoeFwbHLg is de-activating:  1.018488506
2024-07-22T21:54:58.035Z STAKES Stake account EPwhhsJoem9TPvhSZ9GwNuphL7ogtBKpNnbkD4kfgD7C is de-activating:  0.00328288
2024-07-22T21:54:58.035Z STAKES Stake account 8yD9fm3tV29RcbnMT6WfYj4iEANhaxUnvDzUuNsoouDm is de-activating:  1.019105905
2024-07-22T21:54:58.035Z STAKES Stake account HeYp5wCRisA6NrwHVVyriZSwRSifUQ3qMAUjb6zrsRhP is activated:  1.272794609
2024-07-22T21:54:58.035Z STAKES Stake account HavFPBGc2uAsRJYtTqNi7Usw5SJPRwmbc9USunsDxa5F is activated:  9.611925707
2024-07-22T21:54:58.035Z STAKES Stake account ASHZS5W5J27AuHuRaBdPpdyxWag7epb9krMndFCxcpdL is de-activating:  1.470735873
2024-07-22T21:54:58.035Z STAKES Stake account HEAX67CAExHaj2KJt4cyqgfcd33ZD54fQGnsQW6QditS is de-activating:  1.018488506
2024-07-22T21:54:58.035Z STAKES Found:  38  accounts that can be de-activated delinquent validator 6SQJfKXxqacQpYmCNtqvabV6kfHrPGqXm9q2iH7zsied
2024-07-22T21:54:58.124Z DEACTIVATE Blockhash: 3PNVN2C9MwB3rBTYzLjjJhh2x2hoFdDbiKCqe7hoSYrE
2024-07-22T21:54:58.238Z DEACTIVATE Sent tx: 65secSv7xrauH7nLY8VrXEkVdgBseW1UUpSkmxmok73u287iBucnzAcGCmvexZMqhiasZ8tohsPYfacNj8asgfr2 https://explorer.solana.com/tx/65secSv7xrauH7nLY8VrXEkVdgBseW1UUpSkmxmok73u287iBucnzAcGCmvexZMqhiasZ8tohsPYfacNj8asgfr2
Server responded with 429 Too Many Requests.  Retrying after 500ms delay...
Server responded with 429 Too Many Requests.  Retrying after 1000ms delay...
Server responded with 429 Too Many Requests.  Retrying after 2000ms delay...
Server responded with 429 Too Many Requests.  Retrying after 4000ms delay...
2024-07-22T21:55:06.795Z FIND Error processing validator 6SQJfKXxqacQpYmCNtqvabV6kfHrPGqXm9q2iH7zsied 429 Too Many Requests:  {"jsonrpc":"2.0","error":{"code": 429, "message":"Too many requests for a specific RPC call, contact your app developer or support@rpcpool.com."}, "id": "0ad379eb-b172-4131-bc5c-bccd5df33ee4" } 
 Error: 429 Too Many Requests:  {"jsonrpc":"2.0","error":{"code": 429, "message":"Too many requests for a specific RPC call, contact your app developer or support@rpcpool.com."}, "id": "0ad379eb-b172-4131-bc5c-bccd5df33ee4" } 

    at ClientBrowser.callServer (/home/runner/work/solana-deactivate-delinquent/solana-deactivate-delinquent/node_modules/.pnpm/@solana+web3.js@1.87.6/node_modules/@solana/web3.js/lib/index.cjs.js:6474:18)
    at process.processTicksAndRejections (node:internal/process/task_queues:95:5)
2024-07-22T21:55:09.490Z STAKES Found:  9  accounts for delinquent validator EkPjdWCtnzinzkNpV1pCjaw4py5tDj8ihATUG3tkLWNN
2024-07-22T21:55:09.490Z STAKES Stake account 7eKpzUGdMVjwWunmQ7jm1inphPwJKFocRwwtYSAeT4RV is activated:  0.003337677
2024-07-22T21:55:09.490Z STAKES Stake account Ef25KtuxLQNqvo41M1Mtt5BsDPF7p15MbqYbGEBcpJBo is activated:  2.278490796
2024-07-22T21:55:09.490Z STAKES Stake account HY9JGY5Vcfgfojnbs5xzB67ovg7nq35fip5hkvfS62Uo is activated:  0.003385396
2024-07-22T21:55:09.490Z STAKES Stake account GpELmwrFUeEwvmtUPwg9i5P5QJxFhUDuA9Y8HsvFooQV is activated:  0.003379913
2024-07-22T21:55:09.490Z STAKES Stake account 2BnL4LCSZV9aXCQg2dQ99V2c9c5nc7QstyagHEdeePTQ is activated:  0.003319485
2024-07-22T21:55:09.490Z STAKES Stake account CrJFnxtZUVyAQ3RuWMuUzxggjgErJMNr5EjcHgD9qiYF is activated:  0.003289604
2024-07-22T21:55:09.490Z STAKES Stake account CPsgKBtuAHTd7anix1APPmsffir9hmNQ3s8QzUFztuJs is activated:  119.370455882
2024-07-22T21:55:09.490Z STAKES Stake account 2EGPmecFgKjJniDSQGHv83EUfAU9nFRuG6aCootEXthG is activated:  5.088602535
2024-07-22T21:55:09.490Z STAKES Stake account GfEPp8BuwiN8wXMiZLFgbjjZDektgXdsEMtSMXcdmzpN is de-activated:  2485
2024-07-22T21:55:09.491Z STAKES Found:  8  accounts that can be de-activated delinquent validator EkPjdWCtnzinzkNpV1pCjaw4py5tDj8ihATUG3tkLWNN
2024-07-22T21:55:09.731Z DEACTIVATE Blockhash: HmHeNMoGduoKLbKuASgtZsv4isEzqYkQZfpQ5wnzExE6
Server responded with 429 Too Many Requests.  Retrying after 500ms delay...
Server responded with 429 Too Many Requests.  Retrying after 1000ms delay...
Server responded with 429 Too Many Requests.  Retrying after 2000ms delay...
Server responded with 429 Too Many Requests.  Retrying after 4000ms delay...
2024-07-22T21:55:18.347Z FIND Error processing validator EkPjdWCtnzinzkNpV1pCjaw4py5tDj8ihATUG3tkLWNN 429 Too Many Requests:  {"jsonrpc":"2.0","error":{"code": 429, "message":"Too many requests for a specific RPC call, contact your app developer or support@rpcpool.com."}, "id": "99a1f675-099f-43b8-8b01-16c6136e4c98" } 
 Error: 429 Too Many Requests:  {"jsonrpc":"2.0","error":{"code": 429, "message":"Too many requests for a specific RPC call, contact your app developer or support@rpcpool.com."}, "id": "99a1f675-099f-43b8-8b01-16c6136e4c98" } 

    at ClientBrowser.callServer (/home/runner/work/solana-deactivate-delinquent/solana-deactivate-delinquent/node_modules/.pnpm/@solana+web3.js@1.87.6/node_modules/@solana/web3.js/lib/index.cjs.js:6474:18)
    at process.processTicksAndRejections (node:internal/process/task_queues:95:5)
2024-07-22T21:55:20.801Z STAKES Found:  17  accounts for delinquent validator B9NiU9ZL3Jo2WkZA1X35sSpeyZXxLJpBi7B5Sah7zUQJ
2024-07-22T21:55:20.801Z STAKES Stake account 5ZYFRJam8dUkxs1oefxQXEJmKQrM9GNWqPxEB4P9qeHB is de-activating:  0.00328288
2024-07-22T21:55:20.801Z STAKES Stake account EJ2aBZpGFAmNaP6N5jLD815Y2fspnkEPVj9qda3cgb7j is de-activating:  5.057700991
2024-07-22T21:55:20.801Z STAKES Stake account FT6m2JFaazH1FUiTXPN27YrSpSrxtYFJAZKfmScit2FU is de-activated:  0.002282881
2024-07-22T21:55:20.801Z STAKES Stake account EGkeubrDcUHq949nJU6jnHpSw4VFTEdSoxHR2hWT5XhX is de-activating:  0.003320598
2024-07-22T21:55:20.801Z STAKES Stake account x46rAjmwo71tdAFaqUfArurWZtXyucwVfmzxBbFQSVH is de-activating:  0.003339898
2024-07-22T21:55:20.801Z STAKES Stake account F155i2LKywa2efztBMC98YpESWFxeb56d41yh5dusSiQ is de-activating:  1.019256395
2024-07-22T21:55:20.801Z STAKES Stake account GgSQWzYy87jyJ5NKH1AsPRpHqi44Pm9o57z4hF1PqXqj is de-activating:  2.28431054
2024-07-22T21:55:20.801Z STAKES Stake account 8BxxaWL8DMF4KYR6MNJc9Vw7yFAT32kU1RjKy7roifzr is de-activated:  0.511896113
2024-07-22T21:55:20.802Z STAKES Stake account 7soiJoTE6aUnFqitRrQQ9xcrvM91e6rpTudXV8HP85uH is de-activating:  2.074602076
2024-07-22T21:55:20.802Z STAKES Stake account Bcr66EwMeEMzRpnCKKM2UEUXgGppGEqJBGTRCuAk42gX is de-activating:  1.019256395
2024-07-22T21:55:20.802Z STAKES Stake account GVkxHvKQdj86QuEnVGK7gTrdBoQx9QsuptpAEgSx6RMe is de-activating:  0.224597763
2024-07-22T21:55:20.802Z STAKES Stake account 7wC7fbC8ZUKdjAjBx7NZYBmLcx1tToi21ZekathGS4En is de-activated:  0.002282881
2024-07-22T21:55:20.802Z STAKES Stake account 9pYecLcEoF8yWsMKQvze7ERMRvnkWTqtEz8SLXqhP1pY is de-activating:  1.257649869
2024-07-22T21:55:20.802Z STAKES Stake account FjXSH1tqp6ThEqJa3vZyLYors5r18y9CMdQGfbXd4jLM is de-activating:  0.003287528
2024-07-22T21:55:20.802Z STAKES Stake account FjqPpniBPABSZBdb7LVjY2oYrWGJ4sRA7hVkUj3e3un2 is de-activating:  0.003320162
2024-07-22T21:55:20.802Z STAKES Stake account bndiuz1oFRd1G6CYL9njjDz62wu28xMfWMDe7La7nGQ is de-activated:  10.103793561
2024-07-22T21:55:20.802Z STAKES Stake account 2b5MRVdjFmz3syNpbvAueYxh3xWNLE9Zr7L1JedDTLeb is de-activating:  0.003290209
2024-07-22T21:55:20.802Z STAKES Found:  0  accounts that can be de-activated delinquent validator B9NiU9ZL3Jo2WkZA1X35sSpeyZXxLJpBi7B5Sah7zUQJ
2024-07-22T21:55:20.802Z FIND No deactivations possible for this validator
2024-07-22T21:55:23.528Z STAKES Found:  6  accounts for delinquent validator AmYELpZ5CGKXqQcU2GRr9RdTkTR6NWRvCkN4eoLzo3QH
2024-07-22T21:55:23.528Z STAKES Stake account GXa18MFgb29qcJGDNsfWNjPUcMBXD5r1Nrro9jpkKUDC is de-activating:  0.003289514
2024-07-22T21:55:23.528Z STAKES Stake account HogUy4KrE9ntAAqH2xBk9MFssCUZPzUmcCknsV4eHqks is de-activating:  0.003295518
2024-07-22T21:55:23.528Z STAKES Stake account 9bc9ViSWYGcfihSxRgRANJ2PM3cafKvQ3jHQZFw31qTU is de-activated:  1.014527233
2024-07-22T21:55:23.528Z STAKES Stake account 8BQDyJHNwQZpW27kRdTvHUUTGywoMWcaWeuBdHMMk6qX is de-activating:  0.003295518
2024-07-22T21:55:23.528Z STAKES Stake account 3Q5U9M4vJ2mjEwfmQwUfjBHJDt1kbc2XxTqwAwhFetH4 is de-activated:  201.350581648
2024-07-22T21:55:23.528Z STAKES Stake account Gke6UmiGcqcGKD2J26aiSGrrBoYEkyQiwsZdcaN5GMW7 is de-activated:  10.131046886
2024-07-22T21:55:23.528Z STAKES Found:  0  accounts that can be de-activated delinquent validator AmYELpZ5CGKXqQcU2GRr9RdTkTR6NWRvCkN4eoLzo3QH
2024-07-22T21:55:23.528Z FIND No deactivations possible for this validator
Server responded with 429 Too Many Requests.  Retrying after 500ms delay...
Server responded with 429 Too Many Requests.  Retrying after 1000ms delay...
2024-07-22T21:55:28.129Z STAKES Found:  18  accounts for delinquent validator DbvxuUhsh81y3f1NrqHEHbWA6xJfVbfY3eNTa1rFoWzQ
2024-07-22T21:55:28.129Z STAKES Stake account 3ugFnrmEkoZBwm3BdCnE7fzc1pBs6REk2YZ1xarAsAsb is de-activated:  71.390020583
2024-07-22T21:55:28.129Z STAKES Stake account 3MDhNipz3Xi7Sk9ExwtZDYgAfDc39CjDpBhbPUcFVT9K is de-activated:  69.779600407
2024-07-22T21:55:28.129Z STAKES Stake account CBknEedqaa3rLCbDpCKXR6FyKN57yXf7Rcb8e1ctALfF is de-activated:  84.523368766
2024-07-22T21:55:28.129Z STAKES Stake account AbZaAoWubFR69jRp5cq4o2ZzNhP39WdswdDaFqKnSfob is de-activated:  79.454123954
2024-07-22T21:55:28.129Z STAKES Stake account 4uX1rMsaJGwNVpYfguUbaXbuFR4j5JKgshFiR9Wp1isu is de-activated:  97.786650205
2024-07-22T21:55:28.129Z STAKES Stake account 5meBhUnagqFzzAtrsJnJrHDRUundFyDeD2o1yNH63f96 is de-activated:  81.789101465
2024-07-22T21:55:28.129Z STAKES Stake account 9hC9sP9X5ZBvTNBfQD1izdjNfAWrhcK1K9AnvCawDKtV is de-activated:  22.498934088
2024-07-22T21:55:28.130Z STAKES Stake account 8gkQTHHGK6kxWmXta9ip4eWWrZ9JzcdNYKT8uD7ZmNyp is de-activated:  58.37607695
2024-07-22T21:55:28.130Z STAKES Stake account DcjZSrAUocUUXJ94nSfLfV4B17fJ4ddU4okztHp8KjHD is de-activated:  2485
2024-07-22T21:55:28.130Z STAKES Stake account H9HyPX8UWjxN89vqvQXV5bSeds13KKUQuHTBsxha7j41 is de-activated:  2.24721908
2024-07-22T21:55:28.130Z STAKES Stake account BrBTTobscDS42fQaZUvNMmoAdu1yVhzw2S4XSEveiiCd is activated:  0.00328288
2024-07-22T21:55:28.130Z STAKES Stake account 921w7n5rnLWWRxXxZyri3Wcwn2wgMHZNP5UxSB42bBoQ is de-activated:  0.002383406
2024-07-22T21:55:28.130Z STAKES Stake account FyaV86j6QNdtzv8c9YxEL1mDaVtNAd3BEc2XzN4QqQsJ is de-activated:  81.789101465
2024-07-22T21:55:28.130Z STAKES Stake account EK8hYjntoEEcfjsTa2m5ESqi4cSLoGCuFvmorXasCbNq is de-activated:  0.003323596
2024-07-22T21:55:28.130Z STAKES Stake account 53cjDtexuiWrk7V7i6QttcmAqzA2eaqMEqsgwgf8qZCf is de-activated:  66.790679971
2024-07-22T21:55:28.130Z STAKES Stake account GzhBckq2VThdkQWGK5Zzs1WwQaYX3JD57iEUpfNns9ay is de-activated:  22.463322721
2024-07-22T21:55:28.130Z STAKES Stake account 37e9CCg1KNTkTKH5B1bKyz5wUu4HaL7W3wpk16JYpem4 is de-activated:  35.451266259
2024-07-22T21:55:28.130Z STAKES Stake account 2iqMoGZXW1ovSBQSKAZXQS3MpPK5P5dWtgqkFd9553ea is de-activated:  0.003304377
2024-07-22T21:55:28.130Z STAKES Found:  1  accounts that can be de-activated delinquent validator DbvxuUhsh81y3f1NrqHEHbWA6xJfVbfY3eNTa1rFoWzQ
2024-07-22T21:55:28.212Z DEACTIVATE Blockhash: 3B1DzLwJLvd4EkFSy81FLLr5W4oL8orXe5zPoBUSejrA
2024-07-22T21:55:28.303Z DEACTIVATE Sent tx: BYzcsjxj4582fSAmGGrgo4FL9E9cZUBMigbQuMWUd4gxzPrf6UYGuN6dQpLaCJEV4THY5Pd9uvXbQ1QpCEATq6Z https://explorer.solana.com/tx/BYzcsjxj4582fSAmGGrgo4FL9E9cZUBMigbQuMWUd4gxzPrf6UYGuN6dQpLaCJEV4THY5Pd9uvXbQ1QpCEATq6Z
2024-07-22T21:55:28.405Z DEACTIVATE Waiting for confirmations...
2024-07-22T21:55:45.654Z DEACTIVATE Confirmed.
2024-07-22T21:55:45.654Z FIND Deactivated stake accounts with total balance:
2024-07-22T21:55:48.105Z STAKES Found:  4  accounts for delinquent validator DDBCYLw8kkN8ZLHsBeT42YvEz5F6eq57zqaLCyLzFQnG
2024-07-22T21:55:48.105Z STAKES Stake account DQ6mSoTt3CrzKJh8L4XjwkDY5GXo8mwbwPYWSopDAnv is de-activated:  0.00328288
2024-07-22T21:55:48.105Z STAKES Stake account Eo5Tk56xRaphuN6JofoDejni6AidZNXSUEWmhPnzznA7 is de-activated:  0.002581592
2024-07-22T21:55:48.105Z STAKES Stake account 9zEJxiPXeWfYgdJ47gPUmU3CCVTwXe8eVRAfF2kxBhii is de-activating:  0.00328288
2024-07-22T21:55:48.105Z STAKES Stake account DY16myzSUAZvxoMwGpJZQQ2KKoz4CK8xLpQLMs9QDQCW is de-activated:  60.681484149
2024-07-22T21:55:48.105Z STAKES Found:  0  accounts that can be de-activated delinquent validator DDBCYLw8kkN8ZLHsBeT42YvEz5F6eq57zqaLCyLzFQnG
2024-07-22T21:55:48.105Z FIND No deactivations possible for this validator
2024-07-22T21:55:50.738Z STAKES Found:  11  accounts for delinquent validator CvPw48RtMCsd5gUEZkuUVWXmYFGey3nXJLaJ7XUuZd3n
2024-07-22T21:55:50.738Z STAKES Stake account HDRiowTkRFLqvQxNB5J7ArnfFTUT4Ts8w1bVRGshn8UW is de-activated:  0.030122826
2024-07-22T21:55:50.738Z STAKES Stake account 8MTRbCtjMpf9a9NXgjKVLnKbCieiYbuc5Bwj8tvvjBEt is de-activated:  5.077599591
2024-07-22T21:55:50.738Z STAKES Stake account D3AAPGydJeC7bjANGa8RMKpypxNX1FGpwLf5aNtj9WSr is de-activated:  0.010514991
2024-07-22T21:55:50.738Z STAKES Stake account 5QPLSuhnKZ8VWUEPYpnQ5NwMpdN1DivNsU19DozQjGsg is de-activated:  0.0100374
2024-07-22T21:55:50.739Z STAKES Stake account BT7ycWf2fcejdsiy8R1QTSGJs1zKsRhtNettBG5zVknf is de-activated:  0.200958531
2024-07-22T21:55:50.739Z STAKES Stake account Ak3UE2hqesQX23Rgwp3dy4hDGJzo5r32M8Qqg3GSakuB is de-activated:  0.026144705
2024-07-22T21:55:50.739Z STAKES Stake account 78tq2aogdEhtqDaCm34taH2hexCPVT2PpTMJ3p7ku2kn is de-activated:  0.324345365
2024-07-22T21:55:50.739Z STAKES Stake account Fe9Q5Tg6hNJnvN6rnigZ5pRYN2iJJDNhtGvvbZGWpVsN is de-activated:  2.505164049
2024-07-22T21:55:50.739Z STAKES Stake account 95cQpck3QAtWP4tFLwbx4LuiosCHK67AmnMSmTBarsFn is de-activated:  0.012033336
2024-07-22T21:55:50.739Z STAKES Stake account 9FUL88NgEiRgpDL3vBhU6umNqgBBRXgSfw2ZEpzaxt4x is de-activating:  0.00328288
2024-07-22T21:55:50.739Z STAKES Stake account FYkNfwyuWFraqeKUW3xaH9JDG4ARCru5v3nrFPxiYsDW is de-activated:  1.271469351
2024-07-22T21:55:50.739Z STAKES Found:  0  accounts that can be de-activated delinquent validator CvPw48RtMCsd5gUEZkuUVWXmYFGey3nXJLaJ7XUuZd3n
2024-07-22T21:55:50.739Z FIND No deactivations possible for this validator
Server responded with 429 Too Many Requests.  Retrying after 500ms delay...
Server responded with 429 Too Many Requests.  Retrying after 1000ms delay...
Server responded with 429 Too Many Requests.  Retrying after 2000ms delay...
Server responded with 429 Too Many Requests.  Retrying after 4000ms delay...
2024-07-22T21:55:59.309Z FIND Error processing validator BACKboNezqTz4fKH3x26e6xVXL4r9ApVoBL5x9qfj1oS 429 Too Many Requests:  {"jsonrpc":"2.0","error":{"code": 429, "message":"Too many requests for a specific RPC call, contact your app developer or support@rpcpool.com."}, "id": "da2cc303-46a6-4c50-8b7a-d8fd46ff5ae4" } 
 Error: 429 Too Many Requests:  {"jsonrpc":"2.0","error":{"code": 429, "message":"Too many requests for a specific RPC call, contact your app developer or support@rpcpool.com."}, "id": "da2cc303-46a6-4c50-8b7a-d8fd46ff5ae4" } 

    at ClientBrowser.callServer (/home/runner/work/solana-deactivate-delinquent/solana-deactivate-delinquent/node_modules/.pnpm/@solana+web3.js@1.87.6/node_modules/@solana/web3.js/lib/index.cjs.js:6474:18)
    at process.processTicksAndRejections (node:internal/process/task_queues:95:5)
Server responded with 429 Too Many Requests.  Retrying after 500ms delay...
Server responded with 429 Too Many Requests.  Retrying after 1000ms delay...
Server responded with 429 Too Many Requests.  Retrying after 2000ms delay...
Server responded with 429 Too Many Requests.  Retrying after 4000ms delay...
2024-07-22T21:56:07.975Z FIND Error processing validator DP3iT6AXJxWsn5pR1ik13vchaTeeyr3fqXFTeysxrXtv 429 Too Many Requests:  {"jsonrpc":"2.0","error":{"code": 429, "message":"Too many requests for a specific RPC call, contact your app developer or support@rpcpool.com."}, "id": "e0c526f3-83c3-4646-b771-ed34372da1f1" } 
 Error: 429 Too Many Requests:  {"jsonrpc":"2.0","error":{"code": 429, "message":"Too many requests for a specific RPC call, contact your app developer or support@rpcpool.com."}, "id": "e0c526f3-83c3-4646-b771-ed34372da1f1" } 

    at ClientBrowser.callServer (/home/runner/work/solana-deactivate-delinquent/solana-deactivate-delinquent/node_modules/.pnpm/@solana+web3.js@1.87.6/node_modules/@solana/web3.js/lib/index.cjs.js:6474:18)
    at process.processTicksAndRejections (node:internal/process/task_queues:95:5)
Server responded with 429 Too Many Requests.  Retrying after 500ms delay...
Server responded with 429 Too Many Requests.  Retrying after 1000ms delay...
Server responded with 429 Too Many Requests.  Retrying after 2000ms delay...
Server responded with 429 Too Many Requests.  Retrying after 4000ms delay...
2024-07-22T21:56:16.794Z FIND Error processing validator 7xBA8hfi9n7CNVXdKjzao98mvJeYVm2VZmEB4jXvtbuD 429 Too Many Requests:  {"jsonrpc":"2.0","error":{"code": 429, "message":"Too many requests for a specific RPC call, contact your app developer or support@rpcpool.com."}, "id": "7e0620c7-b36d-493c-9b37-42a6e2aad683" } 
 Error: 429 Too Many Requests:  {"jsonrpc":"2.0","error":{"code": 429, "message":"Too many requests for a specific RPC call, contact your app developer or support@rpcpool.com."}, "id": "7e0620c7-b36d-493c-9b37-42a6e2aad683" } 

    at ClientBrowser.callServer (/home/runner/work/solana-deactivate-delinquent/solana-deactivate-delinquent/node_modules/.pnpm/@solana+web3.js@1.87.6/node_modules/@solana/web3.js/lib/index.cjs.js:6474:18)
    at process.processTicksAndRejections (node:internal/process/task_queues:95:5)
Server responded with 429 Too Many Requests.  Retrying after 500ms delay...
Server responded with 429 Too Many Requests.  Retrying after 1000ms delay...
Server responded with 429 Too Many Requests.  Retrying after 2000ms delay...
Server responded with 429 Too Many Requests.  Retrying after 4000ms delay...
2024-07-22T21:56:25.652Z FIND Error processing validator 98Hrui1FDBJc175RTsRAbbEtZJahWqF5z3BcHnA3SSPe 429 Too Many Requests:  {"jsonrpc":"2.0","error":{"code": 429, "message":"Too many requests for a specific RPC call, contact your app developer or support@rpcpool.com."}, "id": "b702fc31-7ab8-45d8-9669-82a4789bd1ac" } 
 Error: 429 Too Many Requests:  {"jsonrpc":"2.0","error":{"code": 429, "message":"Too many requests for a specific RPC call, contact your app developer or support@rpcpool.com."}, "id": "b702fc31-7ab8-45d8-9669-82a4789bd1ac" } 

    at ClientBrowser.callServer (/home/runner/work/solana-deactivate-delinquent/solana-deactivate-delinquent/node_modules/.pnpm/@solana+web3.js@1.87.6/node_modules/@solana/web3.js/lib/index.cjs.js:6474:18)
    at process.processTicksAndRejections (node:internal/process/task_queues:95:5)
2024-07-22T21:56:25.652Z FIND Total de-activated: 0.00328288
