2024-06-01T01:50:51.779Z FIND Found epoch range to explore:  619 623
2024-06-01T01:50:51.783Z FIND Found delinquent validators [
  'F1FkySZudpAUwfzcgrGVJTrQKFGg2bxBMJooNhRX1RBB',
  '9EQSJutW6TpD6eZehAnDMaoT6GeFHTzfWibkGwV5x1Mx',
  'G9Bo258C5jjmMHv77SY6SxEfjuxQfE2eS3wdw6vWu7zc',
  '3CU8fbSAvMkvHW4YPADYYeq2MupaYa7GVaZDQ4JhUY7M',
  'AgXvq3pi94BxsTPEQFjb8jjv5f75KPFkfJsLJCcAvVf5',
  '78mx8fyMvqMD8AHyknq8Hmtf1akX3peZAyxo6gu3sNDQ',
  'J9Lr9MURTC2o8KtrqT5nhRyaB3auW1Psr5f37CvGz8b1',
  'EKazaau82JT2KkJQ3m6L4MRt4EKjP5EoZRu18QgofTVs',
  '6KxQFRReTRH6gFJUs2CkSa57fobfAbQtigp1NfGXt3Qs'
]
2024-06-01T01:50:51.784Z FIND Found reference validator 6D2jqw9hyVCpppZexquxa74Fn33rJzzBx38T58VucHx9
2024-06-01T01:50:54.175Z STAKES Found:  109  accounts for delinquent validator F1FkySZudpAUwfzcgrGVJTrQKFGg2bxBMJooNhRX1RBB
2024-06-01T01:50:54.176Z STAKES Stake account HUBxbV6hAg8ScyVwqxZTRtjWytJTX1TNXWjv2zKeo17Q is activated:  0.22435221
2024-06-01T01:50:54.176Z STAKES Stake account 6SVqzKRWPGL32QbbZuN2utR8hXrLzS3YFMJfhXZdf5Bw is activated:  31.639244209
2024-06-01T01:50:54.176Z STAKES Stake account CgnXhEHL9D1ynnKNaEcY9JSE9srhpAAwrbyBL9FxnJSE is activated:  1.037457983
2024-06-01T01:50:54.176Z STAKES Stake account HWtHNFU2EvQvLY3zvJxD626UTeAHB8KHst7mL8kmhAUT is activated:  0.097662119
2024-06-01T01:50:54.176Z STAKES Stake account BzjdMoMuXbAPVJRRtuebUoYsPKJ1iG9sgTTaMDaQiFph is de-activated:  0.002382881
2024-06-01T01:50:54.176Z STAKES Stake account 5m87fPA6yiKrko81z83Ue3LBSLL1szuDJFFsNwaRviEW is activated:  2.379288364
2024-06-01T01:50:54.177Z STAKES Stake account 73xNwiq7NmNQALEtBmB77TJ3G8f3VjejuVaAfcNJM9yj is activated:  15.071095614
2024-06-01T01:50:54.177Z STAKES Stake account mryR8WWpyX1uBpSzLu91cUDQEkVLptfhmCoHLM17rWQ is de-activated:  0.463562707
2024-06-01T01:50:54.177Z STAKES Stake account BCLRNsjxEj4eDzih4Bm9QBxbZKycKAuvPLx39vbz5Vhm is activated:  1.32020182
2024-06-01T01:50:54.178Z STAKES Stake account 8VwVP9JujNcdvV4bRF291kb1Bb5n7w2RRpsHtcEUyVfE is activated:  207.05164411
2024-06-01T01:50:54.178Z STAKES Stake account 6cFiksR4UQJZzC6V6cc6Cnn5idECKFVbRMLb4PRqQARs is activated:  13.544148863
2024-06-01T01:50:54.178Z STAKES Stake account Tux2Ng8t49SoZTGkngBZXryPvVUYuwEW2zP7gF2RB7Q is activated:  2.076290165
2024-06-01T01:50:54.178Z STAKES Stake account EeyzXFDHYggRPqSgSw1RUAQsMEor3SGJpfr75f1pWWjC is activated:  4.115097005
2024-06-01T01:50:54.178Z STAKES Stake account Ht1z9f4hG9ViVKmA87Kud3QQH3qho9QEMG4UQJiL52Zo is activated:  694.804181997
2024-06-01T01:50:54.178Z STAKES Stake account 8zv5WaibbQoHTTpf46TGtDEYi4BhumRV7nHputqjXg9F is activated:  7.838819766
2024-06-01T01:50:54.178Z STAKES Stake account 8rjDW5MF3qWRJdSyinGwMc2K8Aj5XL7niar8swVSHYxV is activated:  6.483704125
2024-06-01T01:50:54.178Z STAKES Stake account 7CBaQ1N9Wv9YunWQYaiB52rWXLTaqr3HKWqdm5ZRybHk is de-activated:  6.052742858
2024-06-01T01:50:54.179Z STAKES Stake account CxPR3L13rwwAzB2J1tXYKT81bCNjdaUe6z6hFvQzjwDz is activated:  5.318470534
2024-06-01T01:50:54.179Z STAKES Stake account 9fMDamaP1SgqAm9QyTjU12Kq7N28CgFvWTz7dnpG1ZWF is activated:  0.06709855
2024-06-01T01:50:54.179Z STAKES Stake account HiKJ8BDNo4kVkLum43teqAn4iWG2Qk7Ps4ZW29V2mA12 is activated:  18.135224595
2024-06-01T01:50:54.179Z STAKES Stake account ChCBtYAMGA2bu8WHkBKvY3Z3KFbYGuY7FiinCx7Xp3Vv is activated:  52.063020101
2024-06-01T01:50:54.179Z STAKES Stake account CrA5zufUnDzet8DX2cLwfMU9EP5r797xtJpgrdYCkeq3 is activated:  300.718248437
2024-06-01T01:50:54.179Z STAKES Stake account 2LaxuFFYRbbKj7wvCnnv8ME57goA8vFTVv46AdNSRTW7 is activated:  0.059611238
2024-06-01T01:50:54.179Z STAKES Stake account DWeZ3Ykwj5eDxhT7qUPVG1R5Bz6cn5T3p3SVE5aQy3DX is activated:  5.201476784
2024-06-01T01:50:54.179Z STAKES Stake account CCh7p3YYJTELYWgZniwUvCXkx9CJm66pygcpuvtHMucp is activated:  41.343396166
2024-06-01T01:50:54.179Z STAKES Stake account AkwW4djStBpi7AtxYC8vDehezGJzrBxdWj2zYPhyaQMz is activated:  65.619658098
2024-06-01T01:50:54.179Z STAKES Stake account 7SQoiDLCE8RztRPQKzj7RXXkDFWQHP8fQzHT7kEhadvk is activated:  1.046155565
2024-06-01T01:50:54.179Z STAKES Stake account CsdpSRbGAQ7YkbGfABxAhFE6EZzL2tC1PemGLxxY372e is activated:  2.127340723
2024-06-01T01:50:54.179Z STAKES Stake account 4e8XENTE8XxrXMJU1c9YWGZpWsLAqisheEzvJirqGt4x is activated:  5.613087544
2024-06-01T01:50:54.180Z STAKES Stake account 3FQRtBbhGtyoCx6qSsAde6YjLZfquVE1jdWfyADTbMNC is activated:  49.733902279
2024-06-01T01:50:54.180Z STAKES Stake account 43votvtKhy6nXgB2jMeujxBkSC28LMZPLsSg71psotL1 is activated:  856.537082315
2024-06-01T01:50:54.180Z STAKES Stake account EXh13n19fkeuyv5HQu8FJ7HkCTnFUTY7r1cB4pEtcEuC is activated:  1.037072095
2024-06-01T01:50:54.180Z STAKES Stake account Fwja8mdugW6E5hSt1UuDhjg3GYYCmqiLThhbKJdYPEtN is activated:  13.46049125
2024-06-01T01:50:54.180Z STAKES Stake account Auraty2VmxydtFuwyssVbWgecXBs4Sr1wdyDXLqQNysU is activated:  0.012643252
2024-06-01T01:50:54.180Z STAKES Stake account FqiJEGp8XPZxLh6AJEPweihwYcY9Qa1uAEoqt6CChYaq is activated:  0.003330969
2024-06-01T01:50:54.180Z STAKES Stake account 3nCJ5SDnjkSW9B1oikBoZAEktJ3CvXMnvikr8b8yPYcR is activated:  4.896835153
2024-06-01T01:50:54.180Z STAKES Stake account Bapf2SqwfNbqxKW2qQr6ymHAaP14ztMqAdqgNtsnNGXD is de-activated:  4.207677785
2024-06-01T01:50:54.180Z STAKES Stake account EZMXGpwUVeuYdAw7dMSTZrS19SvjFaiYJVoi6NJgo7yV is activated:  0.004326079
2024-06-01T01:50:54.180Z STAKES Stake account x5DjHfxJCLySJ4tuaHijESzxzWYXXNBdmAHQ5iHBRex is activated:  18.959326901
2024-06-01T01:50:54.180Z STAKES Stake account B3SQY68ipxxFyLSqsUqJpTi34rcA4h2GVjdwyC7MmoLU is activated:  13.009639195
2024-06-01T01:50:54.180Z STAKES Stake account 3DtWBGzBFx7dqmR3SbDdhbdkYm36drjJCVYS35r6n2mD is activated:  8.092136207
2024-06-01T01:50:54.180Z STAKES Stake account 2C42SZdrVfqyRipTZBbLcBzLWxQAoREyYUhcnSFQ5wW4 is activated:  102.707195524
2024-06-01T01:50:54.180Z STAKES Stake account 7d2VMLPGksFXC9bp3gGzoQ17rMrm2hu1CFSeJRYc8kMT is activated:  55.870618416
2024-06-01T01:50:54.180Z STAKES Stake account Cwk4oTHthaoxbUZeLoQxGcC9pz6zGBhP7iMivdJPEGX7 is activated:  10.379890055
2024-06-01T01:50:54.180Z STAKES Stake account 4zM2Lue3dnKDsrPyf1KY96gSt24n261u3Jmwu2jmQSXH is activated:  3.194762365
2024-06-01T01:50:54.181Z STAKES Stake account F81b5iKZ1QWNYx7376Tz2t1Kw8JyZyFDVnuoPVbtEPPX is activated:  12.485873204
2024-06-01T01:50:54.181Z STAKES Stake account GigqzmRFFSKVbCH9RFpZhJ3SBCtZ6iyEmC58byQMpgBR is activated:  56.828657959
2024-06-01T01:50:54.181Z STAKES Stake account 4Wf5FJ3H6KpEAhunY5SDcrj7ukk2gBXU3NFL1p7sXEqx is activated:  11.558948713
2024-06-01T01:50:54.181Z STAKES Stake account CrUYmVcMUEra344e4QjDfiyiW1hbim3tLjcvxnF4nuQq is activated:  2.075537583
2024-06-01T01:50:54.181Z STAKES Stake account AxqrSovztq1Wy3GuNxvx9KgYjnzVXoH4Hu1TY3BfEsFP is activated:  1.045693043
2024-06-01T01:50:54.181Z STAKES Stake account 5WV4EZMEAqhYzqHyL9J4xiDLWivAKHYwrv9xREH2nNWk is activated:  21.496173848
2024-06-01T01:50:54.181Z STAKES Stake account FyVKY2frSCZNKYWNbhLWNtUovcnbnDG9FcPdwbVr7BEy is activated:  51.452194471
2024-06-01T01:50:54.181Z STAKES Stake account 6Rc2KP7EsJt7E4Dd21eFydwvS2p2Pj93zsfpCnR5jWot is activated:  2.726381506
2024-06-01T01:50:54.181Z STAKES Stake account DjNmZoLnAzP65hiYuECzQdrRVwtghdEBY1wGPsLck2iF is activated:  0.559247051
2024-06-01T01:50:54.181Z STAKES Stake account C9zYn7wAL6sNn4p4319eYSiQZboQMGJvDeHFvyW1dYex is activated:  120.472203023
2024-06-01T01:50:54.181Z STAKES Stake account 22XLa7mWoZWg3Kox9pun8d7qUAd4HutyTiM6HVv9DTHv is activated:  18.805456944
2024-06-01T01:50:54.181Z STAKES Stake account E5xuTrH4C1UZRptHnZDuAVDCgLi3FVqk5x8PszarEzj8 is de-activated:  0.002282881
2024-06-01T01:50:54.182Z STAKES Stake account uAjz7dNEGgP2cER6ey9shfS5VwWrbqrPnFm7omPsRqe is activated:  5.223258394
2024-06-01T01:50:54.182Z STAKES Stake account 97u9XrFboDZsPVqcprdSP7K53e62KiMFTvvWYsBkwQGP is de-activated:  2055.92542479
2024-06-01T01:50:54.182Z STAKES Stake account FyMQm6pNZ4gL3eBqupFednLab7sqes5G5Pxi39429Agu is activated:  4.097219953
2024-06-01T01:50:54.182Z STAKES Stake account BrDL4Ybp81Rv9umyj99YvAq5CLysEEDDuYL9174LUwah is activated:  1.097430366
2024-06-01T01:50:54.182Z STAKES Stake account 139L4y6yo3sp5fxfq4oygLi3gPcQDGjPKJRJvrzQXpf7 is activated:  3.64703422
2024-06-01T01:50:54.182Z STAKES Stake account GtssXyvG8nFz2s7tzhqETrbSCq2wnEtazTfr35Bo3aXy is activated:  0.002282881
2024-06-01T01:50:54.183Z STAKES Stake account ATCiasg84PRqFj8N5DrFqg1BzaRpgxwPn5PjFF5LnyX3 is activated:  5.272477013
2024-06-01T01:50:54.183Z STAKES Stake account 5Cadr6dufFYckfsxJU3U45y1ngjXfvq8uieGgBmpyvQ6 is activated:  26.19352438
2024-06-01T01:50:54.183Z STAKES Stake account 8E1HoFtk56Ld7MXNQLFFnZV4GvYBXuYspRbCsMvUbTqt is activated:  3.608805224
2024-06-01T01:50:54.183Z STAKES Stake account 9KmorS9ezp8Crwv9oMPUPC6R3RPUjAueDUA2MV7iYAdB is activated:  2.270201485
2024-06-01T01:50:54.183Z STAKES Stake account GDAnsRsT8z72NHD9XSf2jmrw7A8da6G4y7DBmPWDX2ny is de-activated:  7.773586422
2024-06-01T01:50:54.183Z STAKES Stake account YFEa1cdpHbzHwgSiLsTa5XDDDVEjCRVRPFZhNr7daUi is activated:  2.362051455
2024-06-01T01:50:54.183Z STAKES Stake account ASwL7eDcKcbnwAoyVP6Pf1WKWLCHgZXJ1mTfGCabDQgH is activated:  23.517430894
2024-06-01T01:50:54.183Z STAKES Stake account EDGFD2sUyVSkJd68sijWzz6ft9tYdnSuueSLgiu2yiXg is activated:  107.022838688
2024-06-01T01:50:54.183Z STAKES Stake account 62Hz9G7jBzv87M3QR6aKnTJ1RRfAhBxA6YisnzuJkjNr is activated:  32.4066536
2024-06-01T01:50:54.183Z STAKES Stake account Bu2KisZkSZtkWwbZMxbwpgKBF4F25JvseGr6FSNm7zaq is activated:  1.676837312
2024-06-01T01:50:54.183Z STAKES Stake account J1neCFrxc3QSbZw3PtyVdptL727BjSooVX9XRkVC9sBh is activated:  0.469958926
2024-06-01T01:50:54.183Z STAKES Stake account GewZSErbBTEpaFNRRmerF8DTVVXcpFSR6knidPWaavFi is activated:  5.620779972
2024-06-01T01:50:54.183Z STAKES Stake account FaL1yfiovZWuUoBXLD4QkzoNWYKiJA8XXfp21vKk9tuW is activated:  57.495468531
2024-06-01T01:50:54.183Z STAKES Stake account G4PLTFRoKd1WRdGG2JKh7WhhRbWDHQ1x1MCfDtZKnf5s is activated:  206.587574783
2024-06-01T01:50:54.183Z STAKES Stake account 61fLNWz5FMu3K7dxt1pcLEEujALyNMrJALUBvfjhwSLm is activated:  0.003349305
2024-06-01T01:50:54.183Z STAKES Stake account 3M7oiAbFFH4RGPBW98HT8zrHpy9USHjKFZLii9PgCrjT is activated:  51.741748873
2024-06-01T01:50:54.183Z STAKES Stake account HuV7FMfNzaiKeHZ4P5m6iX6ksR7kHu6fsyuTED8WKSUL is activated:  10.276708758
2024-06-01T01:50:54.183Z STAKES Stake account r2yZRrmSHLV96X6yg9ZW8841DGs45dg7FsfdAhzcpQj is activated:  29.943959138
2024-06-01T01:50:54.183Z STAKES Stake account 7LqbyM3cjy1RCgHW9Xw6xYuE1scd7dQLcJhngYLUNowS is activated:  2.62587614
2024-06-01T01:50:54.183Z STAKES Stake account 2bcpsRemqZFRd5sUK2tSu6ZwpvB7W1e5acVqzLE5sJA4 is activated:  3.087520045
2024-06-01T01:50:54.183Z STAKES Stake account H4S6sEY9V5j3W3jrpJaMNW9dY5F5vZBKKgWJFGQgZG57 is activated:  2.070155035
2024-06-01T01:50:54.184Z STAKES Stake account 6zBCE9jCXHgbHXqAorCTbYZtZ4ehymRs2kN7NA7JzwVj is activated:  10.384444536
2024-06-01T01:50:54.184Z STAKES Stake account CptcUaJ3txtKzQ3P1XwAHZtnzxnUXd66CyENXWabMFeC is activated:  0.223101254
2024-06-01T01:50:54.184Z STAKES Stake account Gojv5UdKH3qWgzRv4bw1GnzzFHtvANCubRMpvhzTT36w is activated:  0.577900874
2024-06-01T01:50:54.184Z STAKES Stake account Erp2pL6tSWSMjTkamuANmPz2QGrZ7rJTHbyZzQdnA6fD is activated:  0.003410529
2024-06-01T01:50:54.184Z STAKES Stake account 2bH2BpwM6WupCaGfiWWAEgqHtyaL49WKjDgyknb4R1xC is activated:  11.560068801
2024-06-01T01:50:54.184Z STAKES Stake account GkNoJHVxouvTNWGLq9cgxdEN2RqnsMTrK5QywqbZMyKA is activated:  52.017242974
2024-06-01T01:50:54.184Z STAKES Stake account G8rDy8WYeGX8oktFDsmuUs9vCe9h9LZAkFcD6b2aKrju is activated:  8.328115746
2024-06-01T01:50:54.184Z STAKES Stake account ChVGXzKMYBz9TJ5argAEso8q5Fpqj3mzcYbyJADUvup is activated:  5.768768834
2024-06-01T01:50:54.184Z STAKES Stake account 6UhhPmvitzaEJEs3MobC5svyQnDuP9CbsrEtDsHH3wux is activated:  12.694857513
2024-06-01T01:50:54.184Z STAKES Stake account GGBqqMUYt783MS9pgawmcq5hoXZfd7mgm16pFYYjoDKu is activated:  4.603839548
2024-06-01T01:50:54.184Z STAKES Stake account 5K33JsWLGKse5bkopJ4eVMpvKbuGnS1fzYxHjhcnVhv4 is activated:  0.00329505
2024-06-01T01:50:54.184Z STAKES Stake account Bvk22E4aYTz4Dm2JS7B6eRJvPh7EBany8WpDyRVVXbfy is activated:  36.328191652
2024-06-01T01:50:54.184Z STAKES Stake account 6pd3oidw7nuUDbeaFGL7RDRQ2MdJ1BMaVJ2UA7ZvWFDp is activated:  35.236714987
2024-06-01T01:50:54.184Z STAKES Stake account GLM4DVrCgiPrvp3P7mrK96fG5Ebt73JC5QNJkEJsvj5M is activated:  3.742685227
2024-06-01T01:50:54.184Z STAKES Stake account 8SegdCgvTKUSkupzkXp6zDAPSn4Jp7xGDVaxSVFNW3q3 is activated:  1041.684290612
2024-06-01T01:50:54.184Z STAKES Stake account 36kUapnoFM2rc4pWqY6bBQr4U6auZMtJaQnwSTmyGp9E is activated:  0.00328288
2024-06-01T01:50:54.184Z STAKES Stake account BuMgvS631UnrBq49BJ8g1PxigqJWkk9vH2D5r22siPoj is activated:  10.366190324
2024-06-01T01:50:54.184Z STAKES Stake account GTbExRfMX19C2BNJexu87c4tdZK4BYCd4kDMCku5JLvB is activated:  46.038857374
2024-06-01T01:50:54.184Z STAKES Stake account 2egATu3AwxChGizKT6crjuvYwnGneJsAiU7EeQXuWieJ is activated:  15.965569007
2024-06-01T01:50:54.184Z STAKES Stake account CAqZJdpQEKbriX7CdWsThkhQYW4Fper3B1LHwxfFsAZy is activated:  12.006104675
2024-06-01T01:50:54.184Z STAKES Stake account F4HNjPWsVNoBtnaR4S82XHKQx6pnqAAoD3n3V8fDQPdv is activated:  10.35907048
2024-06-01T01:50:54.184Z STAKES Stake account D7XsSMExp4M74LgxoszKmFgtKmmXX3KTVopkMAbdEKiX is activated:  103.802051909
2024-06-01T01:50:54.185Z STAKES Stake account 8jAFgzZj9omn1wEQahKto3gyDUphYGD3Q4Cju8uJWdLg is activated:  0.232734743
2024-06-01T01:50:54.185Z STAKES Stake account FfHQWb8Rz1uRFNn1V7DEktpGdRTbCXVCQv7jdGkWaWXd is activated:  0.002282881
2024-06-01T01:50:54.185Z STAKES Stake account 4MkzMSevRqC6HttqRNoeEVoEwmb5RppHuCFBthD1KRzz is activated:  213.509295028
2024-06-01T01:50:54.185Z STAKES Found:  102  accounts that can be de-activated delinquent validator F1FkySZudpAUwfzcgrGVJTrQKFGg2bxBMJooNhRX1RBB
2024-06-01T01:50:54.215Z DEACTIVATE Blockhash: 8zrtniTawUsPrs7whk29CbyKevSJ61tFE4xj9vFSDFD4
2024-06-01T01:50:54.260Z DEACTIVATE Sent tx: 3To6aHp3fawzkRtgRLUgY6Ga8KEpZJW1QvMmrCQD5ej62Fawb4xwKbTDXCQB8Q5fDsfk2F8VNuV8XoMfp2MDSADh https://explorer.solana.com/tx/3To6aHp3fawzkRtgRLUgY6Ga8KEpZJW1QvMmrCQD5ej62Fawb4xwKbTDXCQB8Q5fDsfk2F8VNuV8XoMfp2MDSADh
2024-06-01T01:50:54.398Z DEACTIVATE Sent tx: 4YA9uG2wmXvqzbRvyQ8wnBMDgnL5DMwQZXZnxxeF26o6wiCScp9tUgW9Autg3FbcN8Sks7TMvr9wGfvsy5ch22iK https://explorer.solana.com/tx/4YA9uG2wmXvqzbRvyQ8wnBMDgnL5DMwQZXZnxxeF26o6wiCScp9tUgW9Autg3FbcN8Sks7TMvr9wGfvsy5ch22iK
2024-06-01T01:50:54.539Z DEACTIVATE Sent tx: 234su3yeJ55Z3Q641utGXuev7q85cory8SZUavhAuYmERPLXgPrZRiCnL36ZUqUDVaP36rT8fEV1TvMfe8iyrgef https://explorer.solana.com/tx/234su3yeJ55Z3Q641utGXuev7q85cory8SZUavhAuYmERPLXgPrZRiCnL36ZUqUDVaP36rT8fEV1TvMfe8iyrgef
2024-06-01T01:50:54.674Z DEACTIVATE Sent tx: 3ru9gL1kXyV31HQSrjsaKwfvvsekFjaFUyKMysPhqLR4ZbaeW6CySdCKyUzR8WbKkqCNRSquKorcF1aNAWcYY4UT https://explorer.solana.com/tx/3ru9gL1kXyV31HQSrjsaKwfvvsekFjaFUyKMysPhqLR4ZbaeW6CySdCKyUzR8WbKkqCNRSquKorcF1aNAWcYY4UT
2024-06-01T01:50:54.806Z DEACTIVATE Sent tx: 33jG26bVYiSH4RKbRfRAeNjD4g9M1y4zBsxEsUdNKox3KmuEbGwuscEJ6Fj2PktE58hTpBY3KREnDXJBRBVuhU8h https://explorer.solana.com/tx/33jG26bVYiSH4RKbRfRAeNjD4g9M1y4zBsxEsUdNKox3KmuEbGwuscEJ6Fj2PktE58hTpBY3KREnDXJBRBVuhU8h
2024-06-01T01:50:54.907Z DEACTIVATE Waiting for confirmations...
2024-06-01T01:51:26.794Z DEACTIVATE Confirmed.
2024-06-01T01:51:26.794Z FIND Deactivated stake accounts with total balance:
2024-06-01T01:51:29.433Z STAKES Found:  17  accounts for delinquent validator 9EQSJutW6TpD6eZehAnDMaoT6GeFHTzfWibkGwV5x1Mx
2024-06-01T01:51:29.433Z STAKES Stake account EFzHM5mD8pdR5E4qimg2bmLQQ32Jw7xJySMzAeNWGhns is activated:  133.517057844
2024-06-01T01:51:29.433Z STAKES Stake account 8Z1puPvdWxiJsjkAYBUGgmbGXiTwc8zgzeeJC8gA6gCq is de-activated:  156.032414885
2024-06-01T01:51:29.434Z STAKES Stake account 3KYUTf5rkgHrPKgWVAhXFKVW7dgzBjWbzbiAgxf1Gwg5 is activated:  118.535099428
2024-06-01T01:51:29.434Z STAKES Stake account 8ePb8rkvNBmUKn7ctHhmZbU5ruYaGjaPLcsiqDVG6Xi8 is de-activated:  234.607879664
2024-06-01T01:51:29.434Z STAKES Stake account DwKr2zhitkhjdMXGWv4ABvhNmvd3K855yEBuKAmSKYPm is activated:  129.515765391
2024-06-01T01:51:29.434Z STAKES Stake account BdmECj2ipK6Lkbo1VPZpcRF5RKwGuUyJ5FUjrxxCmhyz is activated:  2.24486786
2024-06-01T01:51:29.434Z STAKES Stake account 6SxYPQAZ4iHVWnM1pM3gxkxn3W6jxzGCaMBELs8KVJ3v is activated:  0.00332332
2024-06-01T01:51:29.434Z STAKES Stake account 8KhYcWU9Ukpeyd5dd6qwtQNtdZiqg7uc6PfafYVth1VC is activated:  160.237942111
2024-06-01T01:51:29.434Z STAKES Stake account 75DnaaDxGAuwo6gkDprC2w8gsqM1nER6YuU1rGFQ5mxp is de-activated:  146.449606046
2024-06-01T01:51:29.434Z STAKES Stake account Dp4ny4f62TT1jumYtmaovkscGRDKtZSgQ64RT3jZpq2m is activated:  123.839238262
2024-06-01T01:51:29.434Z STAKES Stake account pukC6Bqx6hBuKqTri9w6WFicKuTsecvzv7NYBtvqYDk is de-activated:  139.44140617
2024-06-01T01:51:29.434Z STAKES Stake account C6s4yy5zdJhdkb1b9ScY9o4Wsnv2jU6F9ARqkNHbf4zW is de-activated:  109.913488996
2024-06-01T01:51:29.434Z STAKES Stake account BxKUU7tdkikBjbvBrYJVemPeocJDfqyePuTxzryHrdQS is activated:  0.003371565
2024-06-01T01:51:29.434Z STAKES Stake account AhUsrGiZb9LaYGiwh8sUejntKPrVoq8opwvKPG56btHX is activated:  105.26141528
2024-06-01T01:51:29.434Z STAKES Stake account 5TL6pfN5fckjQqkgb6Fk7Aamocib9jqd4aEWWyViPhTh is activated:  143.271123052
2024-06-01T01:51:29.434Z STAKES Stake account FdmvgfhhC1fAZRuzFHxyW1J9qEVxcrCQGvygrSvKrnDq is activated:  0.003365258
2024-06-01T01:51:29.434Z STAKES Stake account 2jZEbPNejrJkaeD5BDxb6YWHSGNXPwNiwfeNZEBaBGvu is de-activated:  124.814357914
2024-06-01T01:51:29.434Z STAKES Found:  11  accounts that can be de-activated delinquent validator 9EQSJutW6TpD6eZehAnDMaoT6GeFHTzfWibkGwV5x1Mx
2024-06-01T01:51:29.464Z DEACTIVATE Blockhash: 297AD6WCV9c3aGn1qYivNjXfcm3Gn1De6z52vgrRWrfr
2024-06-01T01:51:29.499Z DEACTIVATE Sent tx: qihiDLotixs7iX4YiyUnZuaNLnFZCsgEUqWFmHshGfkkEBPcN4BHv8H8X6LmitBuqSgZSFaNnXJWxWrMK26rcv3 https://explorer.solana.com/tx/qihiDLotixs7iX4YiyUnZuaNLnFZCsgEUqWFmHshGfkkEBPcN4BHv8H8X6LmitBuqSgZSFaNnXJWxWrMK26rcv3
2024-06-01T01:51:29.601Z DEACTIVATE Waiting for confirmations...
2024-06-01T01:51:53.605Z DEACTIVATE Confirmed.
2024-06-01T01:51:53.605Z FIND Deactivated stake accounts with total balance:
2024-06-01T01:51:55.753Z STAKES Found:  13  accounts for delinquent validator G9Bo258C5jjmMHv77SY6SxEfjuxQfE2eS3wdw6vWu7zc
2024-06-01T01:51:55.753Z STAKES Stake account 7fSSPcRtbKyLYm7YnRUbMPut75eJqeHjfC2ST2aHXtm1 is activated:  103.690220975
2024-06-01T01:51:55.753Z STAKES Stake account 5TtJV5TThU6aqiSGyz5aYdx1kZU3Rt5irGfLBcVJ5j7X is activated:  33.446130442
2024-06-01T01:51:55.753Z STAKES Stake account 8vFFZXGiJzVxv1jRVpRK5Y55ysmibzXPDUrAzWsRyMtt is activated:  21.315882919
2024-06-01T01:51:55.753Z STAKES Stake account Enn3FNsyrAKhw8mXpgBqBTTDjYUmVdSqgosmGcVq3mZJ is activated:  79.181152793
2024-06-01T01:51:55.753Z STAKES Stake account 2ubdpSy2D2MTuzZxfkV9Ns8f3fXA4TsbweiQX3zaZtoh is activated:  2.249138371
2024-06-01T01:51:55.753Z STAKES Stake account 5UPHTDhQW75SarowtG9dPqhaFdNkHRzmX1Fw4VtJAA2x is activated:  0.00335571
2024-06-01T01:51:55.753Z STAKES Stake account 7tpu9i74m3fjt8gK3kQkzo3YFKwB9xFntg31FGWGxzG6 is activated:  0.003325407
2024-06-01T01:51:55.753Z STAKES Stake account 44aEzpJPQTVEgLr5fsNiWSmuSRjYGEyh7PNeFTcun14i is activated:  76.254573916
2024-06-01T01:51:55.753Z STAKES Stake account CFmZJm9ufXcRn8AhMxa7T1r57zzJkD6LKCj2jqbqCwMG is activated:  0.003306133
2024-06-01T01:51:55.753Z STAKES Stake account 7vzy1rAfx1PEg2RYzS54avzbwg6hexm9AQY2L1JuqvQb is activated:  91.088122404
2024-06-01T01:51:55.753Z STAKES Stake account CfweH94DC2KQP19AQNjYq63NxGfmx9xU1w7vxMCEssSH is activated:  66.521455612
2024-06-01T01:51:55.753Z STAKES Stake account 5mouxmd1Tq3UrsACAwzR83hHnqcCJgVo7A2ZYA5yKP99 is activated:  0.003355262
2024-06-01T01:51:55.753Z STAKES Stake account De3FoKtwR5NNiq2geoh6cetRzSXidgd27B5TfN5RxS2u is activated:  93.215363577
2024-06-01T01:51:55.753Z STAKES Found:  13  accounts that can be de-activated delinquent validator G9Bo258C5jjmMHv77SY6SxEfjuxQfE2eS3wdw6vWu7zc
2024-06-01T01:51:55.783Z DEACTIVATE Blockhash: 8zBy8AT5K4mKU5QpkQyMgjbB2hAw6F9HqXVXgqZT8wrN
2024-06-01T01:51:55.816Z DEACTIVATE Sent tx: 2pVKNnZwPHXqGa7LqnLKAmckbLwZ1NZEe71zBWCgqn2uDxv3LpoTRJYSHemp7fdMTqh6XRmiVWgGAsmWBr5R41hz https://explorer.solana.com/tx/2pVKNnZwPHXqGa7LqnLKAmckbLwZ1NZEe71zBWCgqn2uDxv3LpoTRJYSHemp7fdMTqh6XRmiVWgGAsmWBr5R41hz
2024-06-01T01:51:55.917Z DEACTIVATE Waiting for confirmations...
2024-06-01T01:52:16.447Z DEACTIVATE Confirmed.
2024-06-01T01:52:16.447Z FIND Deactivated stake accounts with total balance:
2024-06-01T01:52:18.736Z STAKES Found:  8  accounts for delinquent validator 3CU8fbSAvMkvHW4YPADYYeq2MupaYa7GVaZDQ4JhUY7M
2024-06-01T01:52:18.736Z STAKES Stake account Bb4PsMQjnkscBcg9Cqr52Ef7GvDKc7drcCdHeZmCFbpF is activated:  0.003341046
2024-06-01T01:52:18.736Z STAKES Stake account BXhSf2dM6Xx3Q7p65XP9EGRK7rDSUJxdDmXc9oBpPda4 is activated:  0.003295033
2024-06-01T01:52:18.736Z STAKES Stake account F3ivLLvqWqCcia6GvAKCuAnQqcQYTtK6JhNqhhmXdhA4 is activated:  2.224917998
2024-06-01T01:52:18.736Z STAKES Stake account 5SspEx8JowE8johggYTk21mXze4Hjw9YmrqewRFyS8vp is activated:  34.974864179
2024-06-01T01:52:18.736Z STAKES Stake account 5ZaHMtUFk6K1d7wqcwBrvQLhfNvmJEgpZZMHu2XJDwJx is activated:  0.003314111
2024-06-01T01:52:18.736Z STAKES Stake account GqjeqppqJ2rhbd6Xp59jMgiEtYLHcMDAWhyH7S2o8zBt is activated:  0.003340151
2024-06-01T01:52:18.737Z STAKES Stake account 6sE7MTCsVCopGM4po6gwGirFaXSErCeiSAx2FJXS1Usb is activated:  22.244643671
2024-06-01T01:52:18.737Z STAKES Stake account Ex5jSF3gpPWToLmvcfZT8zFecmCBJYM2V62AyLKJkExZ is activated:  106.108023653
2024-06-01T01:52:18.737Z STAKES Found:  8  accounts that can be de-activated delinquent validator 3CU8fbSAvMkvHW4YPADYYeq2MupaYa7GVaZDQ4JhUY7M
2024-06-01T01:52:18.767Z DEACTIVATE Blockhash: Gmxyz64JdNhrB1mrbfHYdZyMGjv5sAmjUC7xDJRehm4w
2024-06-01T01:52:18.800Z DEACTIVATE Sent tx: DSCqiPatr85bfYFhFPr5zceraJ4Vy1ECHnu1KvgGTf7tUR4mafWgo1dk8nSM42N5R3dWYVtk3uP7eg5NDdcscPT https://explorer.solana.com/tx/DSCqiPatr85bfYFhFPr5zceraJ4Vy1ECHnu1KvgGTf7tUR4mafWgo1dk8nSM42N5R3dWYVtk3uP7eg5NDdcscPT
2024-06-01T01:52:18.901Z DEACTIVATE Waiting for confirmations...
2024-06-01T01:52:59.041Z DEACTIVATE Confirmed.
2024-06-01T01:52:59.042Z FIND Deactivated stake accounts with total balance:
2024-06-01T01:53:02.379Z STAKES Found:  7  accounts for delinquent validator AgXvq3pi94BxsTPEQFjb8jjv5f75KPFkfJsLJCcAvVf5
2024-06-01T01:53:02.379Z STAKES Stake account 6aaJg6puhhjEPhxTczjtBguMVyszotGWevCXPgrgzMjD is activated:  2.218762836
2024-06-01T01:53:02.379Z STAKES Stake account ATVTXtx3K6eVpeKYJ4H7C4k4JtZBsiyCZ5wwsKk3HY2k is activated:  0.00328288
2024-06-01T01:53:02.379Z STAKES Stake account 5QGCCPuyXo8cyiQpYAUYgF1vu5NvXnvJqkNJ9ufX3HQr is activated:  1.117664596
2024-06-01T01:53:02.380Z STAKES Stake account 14FVjD5m93xvn2UnCjre4Q8wvCGygVimkZVv7wC4NQB8 is activated:  0.003309352
2024-06-01T01:53:02.380Z STAKES Stake account Gt7oZgEERrManrEaKZNaEZjbAoro2kBL1Xr1XmocV3Se is activated:  0.003350592
2024-06-01T01:53:02.380Z STAKES Stake account 4prgh5o9tGd1jRRiJ4w6mqeyWwzpJFverk4YPrVGvZo4 is de-activated:  56000
2024-06-01T01:53:02.380Z STAKES Stake account G2marm172cgKsieCocZveWGtBpFqXmSGqjDNeg1D3yCS is activated:  0.003290555
2024-06-01T01:53:02.380Z STAKES Found:  6  accounts that can be de-activated delinquent validator AgXvq3pi94BxsTPEQFjb8jjv5f75KPFkfJsLJCcAvVf5
2024-06-01T01:53:02.409Z DEACTIVATE Blockhash: 9RVNQfPvgf86yoZxwr1kg7cupQwneJjdkjUsGMbxNbtk
2024-06-01T01:53:02.440Z DEACTIVATE Sent tx: 38WgoqLKWAGP9ad4KVsjPSgMhr3bdKHyrxLSn5jYWu9yXGyC2GZu1QNeyYHQTxWPsHyFaEHJWR15RkaZLHZSmwC5 https://explorer.solana.com/tx/38WgoqLKWAGP9ad4KVsjPSgMhr3bdKHyrxLSn5jYWu9yXGyC2GZu1QNeyYHQTxWPsHyFaEHJWR15RkaZLHZSmwC5
2024-06-01T01:53:02.542Z DEACTIVATE Waiting for confirmations...
2024-06-01T01:53:25.311Z DEACTIVATE Confirmed.
2024-06-01T01:53:25.311Z FIND Deactivated stake accounts with total balance:
2024-06-01T01:53:27.808Z STAKES Found:  4  accounts for delinquent validator 78mx8fyMvqMD8AHyknq8Hmtf1akX3peZAyxo6gu3sNDQ
2024-06-01T01:53:27.808Z STAKES Stake account FK7cBPBatL6H5A7JE3NrBjbNxGgVuiYxXhf37PNNwpZC is activated:  0.003356587
2024-06-01T01:53:27.808Z STAKES Stake account 33iBDBn6fuZAQc1MoqM9eTbEKJNdvxy3jUJ2cUvSQjej is activated:  0.0033504
2024-06-01T01:53:27.808Z STAKES Stake account JCU8QfgZgqMBVsndTBRFrSTWRrvLH3M1dFqbAmiEAVV7 is activated:  2.214518988
2024-06-01T01:53:27.808Z STAKES Stake account 3QC9M13EDbfrF4W4xp1448wRsehqRz9pztqBat2tA2CY is activated:  0.003309143
2024-06-01T01:53:27.808Z STAKES Found:  4  accounts that can be de-activated delinquent validator 78mx8fyMvqMD8AHyknq8Hmtf1akX3peZAyxo6gu3sNDQ
2024-06-01T01:53:27.837Z DEACTIVATE Blockhash: 2peWXiWfJCXWovXv5fUuMmv9UMzNGap15F5aaxXgAfZu
2024-06-01T01:53:27.868Z DEACTIVATE Sent tx: 62BBoBYshXMs9TX8Z42tLtRY65LT3rAPRCCmSutCpD8cheHR6icVYK3uRPqzXiGZwS9K2JwpXtr528DFp8Butp43 https://explorer.solana.com/tx/62BBoBYshXMs9TX8Z42tLtRY65LT3rAPRCCmSutCpD8cheHR6icVYK3uRPqzXiGZwS9K2JwpXtr528DFp8Butp43
2024-06-01T01:53:27.970Z DEACTIVATE Waiting for confirmations...
2024-06-01T01:54:01.881Z DEACTIVATE Confirmed.
2024-06-01T01:54:01.881Z FIND Deactivated stake accounts with total balance:
2024-06-01T01:54:06.672Z STAKES Found:  2  accounts for delinquent validator J9Lr9MURTC2o8KtrqT5nhRyaB3auW1Psr5f37CvGz8b1
2024-06-01T01:54:06.672Z STAKES Stake account 9vK7oJ4UoFntFoAEwKfDChFL87SQQwP15mPCu99gu3MK is activated:  1.1
2024-06-01T01:54:06.672Z STAKES Stake account pPXc29gzi44t47NPbjiJ3Bi5jGsR9vm4BW2PGLmvP9o is de-activated:  0.00328288
2024-06-01T01:54:06.672Z STAKES Found:  1  accounts that can be de-activated delinquent validator J9Lr9MURTC2o8KtrqT5nhRyaB3auW1Psr5f37CvGz8b1
2024-06-01T01:54:06.701Z DEACTIVATE Blockhash: LtAYkWt4w7vo77PLRroF5yvfzR8gQVYrxmUkCWYbQYq
2024-06-01T01:54:06.752Z DEACTIVATE Sent tx: 5oXwQ64t36HTEJ6X3g1VLoHMBzTC4AjkvFoUohKiPhG36MmBUWUy2c3TiugWaqVRuWMD1vpPvCJgQnj6b8vAGLop https://explorer.solana.com/tx/5oXwQ64t36HTEJ6X3g1VLoHMBzTC4AjkvFoUohKiPhG36MmBUWUy2c3TiugWaqVRuWMD1vpPvCJgQnj6b8vAGLop
2024-06-01T01:54:06.853Z DEACTIVATE Waiting for confirmations...
2024-06-01T01:54:29.632Z DEACTIVATE Confirmed.
2024-06-01T01:54:29.632Z FIND Deactivated stake accounts with total balance:
2024-06-01T01:54:33.452Z STAKES Found:  4  accounts for delinquent validator EKazaau82JT2KkJQ3m6L4MRt4EKjP5EoZRu18QgofTVs
2024-06-01T01:54:33.453Z STAKES Stake account 9aGYvYpeCWD3zdWwyNCSpFTgPSr5JaMmNUgTgvy2Q4Lx is activated:  0.003335873
2024-06-01T01:54:33.453Z STAKES Stake account FH7UjZu9pUQMnJfBwxBRCEUNMATETw5HNMA7bjKGm7fj is activated:  0.003327408
2024-06-01T01:54:33.453Z STAKES Stake account Ggkj9bHPJkptvp9PD7L8Kb8oUX1kzAwzYk3MEEgxBqyD is activated:  0.003308492
2024-06-01T01:54:33.453Z STAKES Stake account 4KBoiDJzkda3C1cMBrnGQjtmJYrEnkNMwEMVmLtW6UNf is activated:  0.003336743
2024-06-01T01:54:33.453Z STAKES Found:  4  accounts that can be de-activated delinquent validator EKazaau82JT2KkJQ3m6L4MRt4EKjP5EoZRu18QgofTVs
2024-06-01T01:54:33.481Z DEACTIVATE Blockhash: Gp3PYxZk9NLExrqTTuxe9wpRpL3D3GxgbF4MmRaxHrR6
2024-06-01T01:54:33.512Z DEACTIVATE Sent tx: 5jnkUHzByveHdUPE1H5uZYnA9XnuewexQSKmyovQ5YYDJ94PzgbYcqCP36z2HCVF4892RyrsVcH8UZHcGVyewR2m https://explorer.solana.com/tx/5jnkUHzByveHdUPE1H5uZYnA9XnuewexQSKmyovQ5YYDJ94PzgbYcqCP36z2HCVF4892RyrsVcH8UZHcGVyewR2m
2024-06-01T01:54:33.614Z DEACTIVATE Waiting for confirmations...
2024-06-01T01:54:53.009Z DEACTIVATE Confirmed.
2024-06-01T01:54:53.010Z FIND Deactivated stake accounts with total balance:
2024-06-01T01:54:55.482Z STAKES Found:  3  accounts for delinquent validator 6KxQFRReTRH6gFJUs2CkSa57fobfAbQtigp1NfGXt3Qs
2024-06-01T01:54:55.482Z STAKES Stake account 5XxWjk1fLuyov9tDAKmtGRw2vYkiiGacsvG2gR4yBQyg is activated:  0.003283216
2024-06-01T01:54:55.482Z STAKES Stake account FPniB5xgLXqTYepRZJeeMDbWyJMMHFXJksJF3WgF1CqN is activated:  0.00328288
2024-06-01T01:54:55.482Z STAKES Stake account EkUwjxLmQcjNTWKCseb82ZfspZrLHAYrHNxsNLZC9htj is activated:  0.00328288
2024-06-01T01:54:55.482Z STAKES Found:  3  accounts that can be de-activated delinquent validator 6KxQFRReTRH6gFJUs2CkSa57fobfAbQtigp1NfGXt3Qs
2024-06-01T01:54:55.511Z DEACTIVATE Blockhash: GPc6PmCsEp3VZsQk7o7kTxskfUZBGXUp75gV84md6DuP
2024-06-01T01:54:55.541Z DEACTIVATE Sent tx: 5YBLfApXEYuwV9f6cAjsWsNZzWqBSe5pr82WMwtGWxfankjBQ9EWy1Fej4J4rYKUFUv2SLBdZYSM96jjFAohhZHk https://explorer.solana.com/tx/5YBLfApXEYuwV9f6cAjsWsNZzWqBSe5pr82WMwtGWxfankjBQ9EWy1Fej4J4rYKUFUv2SLBdZYSM96jjFAohhZHk
2024-06-01T01:54:55.643Z DEACTIVATE Waiting for confirmations...
2024-06-01T01:55:21.982Z DEACTIVATE Confirmed.
2024-06-01T01:55:21.982Z FIND Deactivated stake accounts with total balance:
2024-06-01T01:55:21.982Z FIND Total de-activated: 6801.836155049
