2024-01-08T18:55:24.280Z FIND Found epoch range to explore:  553 557
2024-01-08T18:55:24.283Z FIND Found delinquent validators [
  '5enTTfG63W4JUzCpwioeLte7827NrYXUgGr6z7Rm7xf5',
  'SUN1nYpPJVjd3gKnDACdaUVL53LJaXR9u8e9i1jkZ3a'
]
2024-01-08T18:55:24.285Z FIND Found reference validator 6D2jqw9hyVCpppZexquxa74Fn33rJzzBx38T58VucHx9
2024-01-08T18:55:25.854Z STAKES Found:  71  accounts for delinquent validator 5enTTfG63W4JUzCpwioeLte7827NrYXUgGr6z7Rm7xf5
2024-01-08T18:55:25.854Z STAKES Stake account 6BZ39rcC3c12J8fpnQ2fLh6m5qCQZUidkmkyGZgXSqR1 is activated:  1.040782546
2024-01-08T18:55:25.854Z STAKES Stake account J5HMQpGwLp6PuPo5xas8FuBiiB7BWSFwuJeHvK9KVfP4 is de-activated:  1.043409254
2024-01-08T18:55:25.855Z STAKES Stake account 54pqVz8sSDf5VdSsWZ6kqupDhxhYV18xL3svjvHuxzSL is de-activated:  0.056512069
2024-01-08T18:55:25.855Z STAKES Stake account 4iGEzWerWT1yapr5xao8vg4cNTg94e856R73rnpE6BpQ is de-activated:  1.040430461
2024-01-08T18:55:25.855Z STAKES Stake account 9bEYfyZPp25QdST4vDmbgHXikKLeeG7DM7v9dDFLCDia is activated:  344.998854444
2024-01-08T18:55:25.855Z STAKES Stake account 5FK4QdxrAFFWLFzb5tD5s8EVhKU4NwHGXNv5outAXfMz is de-activated:  0.806622021
2024-01-08T18:55:25.856Z STAKES Stake account 6aqYhD72mrCSr8fTH7t1eq1NDj76H3EFtn5FHFFMoJgW is de-activated:  1.951702663
2024-01-08T18:55:25.856Z STAKES Stake account 2Ld1x9QaDTxPjZPfvksXv1R3yxQmq2QiTA6qyYA3kRBy is activated:  105.153066564
2024-01-08T18:55:25.856Z STAKES Stake account 8WyFdxXQzttRVc9fCokfZijJ4RheVCANoGxV4KpVYRBz is activated:  0.00329435
2024-01-08T18:55:25.856Z STAKES Stake account BS7Sin4ehXkMJbjWodxFdtT24Sw3dXhSdEFbvw3rJKN9 is activated:  324.174394507
2024-01-08T18:55:25.857Z STAKES Stake account CwvGtXdGXvS4prKLdLm2zTSZ8iRmAZbQbKF1AM56EqrK is de-activated:  0.002282881
2024-01-08T18:55:25.857Z STAKES Stake account GHcaZLFrdgAhHoBoLhb4fVSW76Rwbnpt6ASK4az8Bhue is activated:  325.02962905
2024-01-08T18:55:25.857Z STAKES Stake account 23tas6iZUUEd5dvStQNiMCca4iSTVa9sgBVgx9c8VNri is activated:  1.699083673
2024-01-08T18:55:25.857Z STAKES Stake account FsC6tQxf9Z1F3Hgt44MtjiyeUEkXpWdAbzMrWRHSbcM2 is activated:  342.047543564
2024-01-08T18:55:25.857Z STAKES Stake account 2Zf2AFAiLHN1zVPKdwi7eZ7ZHFdttYxWzXcQgVdW2KaZ is activated:  326.194146056
2024-01-08T18:55:25.857Z STAKES Stake account ACmNAp7UbkyZfgTWx2SH74Kk6Dvcd1zD61Frdaj6VMLS is activated:  1.281149091
2024-01-08T18:55:25.858Z STAKES Stake account 4KDQQe6e6woRJcEHB1JGDM2KHvEib7j8ofJohA1bDfrt is activated:  1.038176211
2024-01-08T18:55:25.858Z STAKES Stake account 8hnukXWnouy6RJQQBRo4gwhefqJKiaF9PFLxEjXboTDX is activated:  1.038176211
2024-01-08T18:55:25.858Z STAKES Stake account By5WM4JEHgnxAuUTVxQ2GZsMZbBBJ6AEwmVu6bfrPATK is activated:  347.926058646
2024-01-08T18:55:25.858Z STAKES Stake account 51dQE5SsZy13jShkuRAz5p6cHeH7nXrNA4weNyXmH7Sd is activated:  1.756843419
2024-01-08T18:55:25.858Z STAKES Stake account 9EzmcYE2YntXRQK3KYsHnap9ArGS7USyhLeDp2B8q5EP is activated:  323.52016496
2024-01-08T18:55:25.858Z STAKES Stake account FCWC3rVf3Ya6rYZoTWqvfBhabhRgniGAdQ1ZPmbDWDZo is activated:  2.181973802
2024-01-08T18:55:25.859Z STAKES Stake account 42X2kWYAYb5CFuYi5asPa5Hk52DJbSejPSALAZSXuVmM is activated:  345.010528301
2024-01-08T18:55:25.859Z STAKES Stake account Fq49S6HPhr1QsDkutPSA8JBNRfSrxKuTbuwAqPQCgxLA is activated:  323.799774754
2024-01-08T18:55:25.859Z STAKES Stake account AzCfZXVHvzg5i7ZZWpUcC2Y69k63HgRztUQTYZsiDDY5 is activated:  1.167613686
2024-01-08T18:55:25.859Z STAKES Stake account 49YK22a6W8XozcRGNyjkLEfzeLjPFKrookZW6oeydEUS is activated:  346.95309046
2024-01-08T18:55:25.859Z STAKES Stake account 5ktKBUpf9XY8EBsn7XmLiYJ3Za4r61YwVQgdwifvUxU7 is activated:  1.040430461
2024-01-08T18:55:25.859Z STAKES Stake account 9kt3RmwVLwPddG2LWcCnYJtMUnMRuPq6XR12KZqP1H4Z is activated:  0.003066498
2024-01-08T18:55:25.859Z STAKES Stake account 3chQXYbp4L9DVakKgB8RMzcdmVVkWedwKP6QGX5tVcPv is activated:  342.355835369
2024-01-08T18:55:25.860Z STAKES Stake account GKhgSRtP166ouak7F1AYqJeLcNLv5uZmDwEMkhdM7yHC is activated:  1.037742475
2024-01-08T18:55:25.860Z STAKES Stake account 4jJxCjnbhdgsAAm75BN3coq6aDd9Ph3Frko6VZS2bTZX is activated:  1.039923438
2024-01-08T18:55:25.860Z STAKES Stake account AQEDKiY4JkwXnWSTrmwPFJ4CTbYr31tQ58opMiKZPBMY is de-activated:  323.96145438
2024-01-08T18:55:25.860Z STAKES Stake account HVRtExirtLuigKQZwmgw58vszJKeq5hzD4eRTvfDqcTB is activated:  1.037661141
2024-01-08T18:55:25.860Z STAKES Stake account 6oAwSbuYZrfNguPttGjsDczjQbPg1UAs8zzKhZjqFzET is activated:  7.364240878
2024-01-08T18:55:25.860Z STAKES Stake account 4JvBpBaRpfXiDx9fHeeQkghsYfc5F44xsgbe5n6Pkyuk is activated:  317.598132705
2024-01-08T18:55:25.860Z STAKES Stake account HDk2Gx6ChQWNsmqaKwDtSUL8tud3LKQsEwU8dRV7dbAz is activated:  1.040009755
2024-01-08T18:55:25.861Z STAKES Stake account 6V4scWn5Smzgcv75XGHn86tWdp2BNom71qGDvoCXpnfH is activated:  0.003338636
2024-01-08T18:55:25.861Z STAKES Stake account 2RdhYxXZBjTqXQkErqbTAx7LdTDS3rEYe1L7LWvSS3xu is activated:  105.153066564
2024-01-08T18:55:25.861Z STAKES Stake account 6bHmhkHxxvYBnoToLsx1hgeDo47GEKZvxQsceyJF7i8w is activated:  1.038611144
2024-01-08T18:55:25.861Z STAKES Stake account 7zxt357UcAUT2kkxmEZnSoM8Xw4gtvUM6Xm2KD8gMv8F is activated:  116.3580501
2024-01-08T18:55:25.861Z STAKES Stake account Fx8vZJxEJYRqEDsMRcviRgHb67UNtvJ65sFEQ1Vd1S9N is activated:  1.038093898
2024-01-08T18:55:25.861Z STAKES Stake account 2AVMU9TwtdW51dCa7H668U5PCA1grvtMbgvtRaFdMa4w is activated:  324.226011735
2024-01-08T18:55:25.862Z STAKES Stake account AiF42JTso1LYX1HcVTGGVLAkk56avDCDX2xgTu39G7NH is activated:  1.75304193
2024-01-08T18:55:25.862Z STAKES Stake account 6HcicNGPNw2puHuQPgGGSKbLr47q3Zh2uNvS8UTh9wqi is activated:  105.153066564
2024-01-08T18:55:25.862Z STAKES Stake account EU7FDuGYP6qKwQwQySJD6dkbtAr2EbXokwYzhfo2TG5R is activated:  1.761209527
2024-01-08T18:55:25.862Z STAKES Stake account FtQpmX8whQFG9B6x98YMgDy3br1oLdjSVYSSTC476heN is activated:  344.737686122
2024-01-08T18:55:25.862Z STAKES Stake account AZXv8dRgHcj7pLQc9MawceMRRB74yyYxU4nN8t5iH5Sz is activated:  1.038527825
2024-01-08T18:55:25.862Z STAKES Stake account 62QUR8Mxfn5of9BLhTMoTqhhEHECzKS28HEwFhuVqXTJ is activated:  317.89365974
2024-01-08T18:55:25.862Z STAKES Stake account 9xr3S3r18zcv3DEDZQnHswU4XrmwD3xG98i2Q1oczap9 is activated:  1.037742475
2024-01-08T18:55:25.862Z STAKES Stake account H6ByjskP2yYiSvyE5Xm5SiSqf58GQE6YMVm21EYQ1ogx is activated:  347.301838042
2024-01-08T18:55:25.863Z STAKES Stake account D6tm58oqeMz1VSLNFXNnpyJi8S2A9JHJEp24sDpBo3Dm is activated:  1594.30213852
2024-01-08T18:55:25.863Z STAKES Stake account 9P6Md79CR48TdLmK3mQxzoLrKuH9zHCXUuFYJiQRFNtm is activated:  1.04122
2024-01-08T18:55:25.863Z STAKES Stake account GJEbvCsJM6TvnDrdt98jN7vrRbpReZ3NxP2GV15T6hcD is activated:  1.040430461
2024-01-08T18:55:25.863Z STAKES Stake account 3jBBx8AecqDUTWNe6p5GHM1FPmsde5BPBAYrN7Y9VWz5 is activated:  1.04122
2024-01-08T18:55:25.863Z STAKES Stake account V6H8fTapoVzo2ugK6dxBqks8aErqL3hgMpHrrmj54vR is activated:  1.040009755
2024-01-08T18:55:25.863Z STAKES Stake account J9PuZhfkwzaMEfwgd7ZFeg3nX1HwKKNKMJoiCfNYSCYq is activated:  347.28894609
2024-01-08T18:55:25.863Z STAKES Stake account 6CHHDKTSkvP5KP8huax8BUie3zriSrDUKdgfbWth1ofZ is activated:  1.040009755
2024-01-08T18:55:25.864Z STAKES Stake account 3n7bHpo6NHTj97cYc1A8NeuqUrEJ4PUFfXm4GYw8wvDs is activated:  1.039923438
2024-01-08T18:55:25.864Z STAKES Stake account CAk7cASTemf9sAeEHC52Xyufsj3Bqw4ZsxqvaskR5HXZ is activated:  1.038176211
2024-01-08T18:55:25.864Z STAKES Stake account DQwLwnpciUFu3WiYeTFuUMaHbBk1wH2BC6uvXQfwUX4f is de-activated:  0.002282881
2024-01-08T18:55:25.864Z STAKES Stake account 3uGSA5YvS6XckMUmhQSncbw49hJj6icc8caw6N1juusR is de-activated:  1.040870842
2024-01-08T18:55:25.864Z STAKES Stake account K2Q5sGQ5RkRCHmKpguGG46izcPR4QtVVHMU13ckfVr6 is activated:  0.003286757
2024-01-08T18:55:25.864Z STAKES Stake account CvEvh25ZNMnXum8hPqBeExDNPa3dTfoUmgDodRGAU6PF is activated:  1.040430461
2024-01-08T18:55:25.864Z STAKES Stake account 4sPNcpzQCBhPFUmoUbnFGNpA8EfXwsBpWMcDcCBLT13d is de-activated:  345.905308135
2024-01-08T18:55:25.865Z STAKES Stake account 79upnXgHxoVjejXeH1Z7r4o2kT1RiczLLvoud3Vni6pC is activated:  105.153066564
2024-01-08T18:55:25.865Z STAKES Stake account 9iJawsy398zyuMFm5StyteiYkcGak3Z33HAqkvNC6FAm is activated:  1.037742475
2024-01-08T18:55:25.865Z STAKES Stake account BE1QQWPB58Fg1m83bFomPamJwoVYDf33ZRPnPatbZ1Az is activated:  1.04122
2024-01-08T18:55:25.865Z STAKES Stake account GDuE8M4t2CBnGWTinYQqiGR7uAL69sjmMfLCZtHJX1g3 is activated:  1.037579822
2024-01-08T18:55:25.865Z STAKES Stake account 7BVrDxdiJPt1LZiHFHPUyq1Hp2YjgYCKd334JmAYHEaZ is activated:  341.991730924
2024-01-08T18:55:25.866Z STAKES Stake account 7uPfaFf56AfnzqZgY8pwzVvH4692gDsKwfyTsAhzCEVV is activated:  7.370063636
2024-01-08T18:55:25.866Z STAKES Stake account HUjLKjVJi1jB8MFaajjpWKrgZJKsLuPEjSo1MM81DPNZ is activated:  288.189130804
2024-01-08T18:55:25.866Z STAKES Found:  61  accounts that can be de-activated delinquent validator 5enTTfG63W4JUzCpwioeLte7827NrYXUgGr6z7Rm7xf5
2024-01-08T18:55:25.883Z DEACTIVATE Blockhash: H5QDbCQNPYHkFiXNTPL9bRW9EujtB6sweHEhTHYyPeCr
2024-01-08T18:55:25.916Z DEACTIVATE Sent tx: fkjkPdKUqt2HqCg2DPmJKAqxtRWxUZLTAnJfFtpakc7BxczgeSpzE95m7D9eAfv6bTxXHjkkEL4mp6wknJHjEYx https://explorer.solana.com/tx/fkjkPdKUqt2HqCg2DPmJKAqxtRWxUZLTAnJfFtpakc7BxczgeSpzE95m7D9eAfv6bTxXHjkkEL4mp6wknJHjEYx
2024-01-08T18:55:26.050Z DEACTIVATE Sent tx: ZqMXikZgLgpm3D4KhC5Y7GTF2iUjH23L3bDvRoNNzAArKAvFerGZTr7ZSM3N9UmJsucXzg8B5hEv6gbgQsSdzL9 https://explorer.solana.com/tx/ZqMXikZgLgpm3D4KhC5Y7GTF2iUjH23L3bDvRoNNzAArKAvFerGZTr7ZSM3N9UmJsucXzg8B5hEv6gbgQsSdzL9
2024-01-08T18:55:26.169Z DEACTIVATE Sent tx: 5FZPnQfNamFeWLGghTzBcUJRyqhEpSMLcvUP8o6kAnqBL1Eo331qVrbL4DoZhThtMKXvASGvuYTiPDTVanTh2gkc https://explorer.solana.com/tx/5FZPnQfNamFeWLGghTzBcUJRyqhEpSMLcvUP8o6kAnqBL1Eo331qVrbL4DoZhThtMKXvASGvuYTiPDTVanTh2gkc
2024-01-08T18:55:26.269Z DEACTIVATE Waiting for confirmations...
2024-01-08T18:55:50.784Z DEACTIVATE Confirmed.
2024-01-08T18:55:50.784Z FIND Deactivated stake accounts with total balance:
2024-01-08T18:55:52.352Z STAKES Found:  6  accounts for delinquent validator SUN1nYpPJVjd3gKnDACdaUVL53LJaXR9u8e9i1jkZ3a
2024-01-08T18:55:52.353Z STAKES Stake account 7NemMmaZFmTexQfVkcK5GxuU6T11icHgKWy8sY9E3DDP is activated:  1.500025245
2024-01-08T18:55:52.353Z STAKES Stake account VtyjiwLoHaHw1m6MAfMoLU6yk9nqEpx2EQ586Uby8gJ is activated:  10.456675178
2024-01-08T18:55:52.353Z STAKES Stake account 7ccw6KHHWYv9AHuLwcppDPXCFXDbzfF5mFRJsdpJ81m1 is activated:  108.779599578
2024-01-08T18:55:52.353Z STAKES Stake account 4QqGAPvmZd5wi1wbvgUJaxFyp3EH7Gbr4WeLLxV4diH2 is activated:  10.517839484
2024-01-08T18:55:52.353Z STAKES Stake account 6T8L5euQK8VBmBLHqTt9wCrLWzZr7Swf26vGfTjZRjZ7 is activated:  10.580778001
2024-01-08T18:55:52.353Z STAKES Stake account 5pASwpD7uiAVjd9iZkUrUuXukyumbDdSYfdtgqiEGaJ9 is activated:  10.075721621
2024-01-08T18:55:52.353Z STAKES Found:  6  accounts that can be de-activated delinquent validator SUN1nYpPJVjd3gKnDACdaUVL53LJaXR9u8e9i1jkZ3a
2024-01-08T18:55:52.369Z DEACTIVATE Blockhash: 7VN8HSat7eYNhXCgm9wpZ6dna7Qv9S6n6Kjfj9BJzSkE
2024-01-08T18:55:52.389Z DEACTIVATE Sent tx: 4yFQBJCG2NDE8jkcdQargjXcc5bJh9BuSFDWTeRPUu5sink2b62vuFyZ44D96iHd2t5956dTPkMTkAwt2vVuceXC https://explorer.solana.com/tx/4yFQBJCG2NDE8jkcdQargjXcc5bJh9BuSFDWTeRPUu5sink2b62vuFyZ44D96iHd2t5956dTPkMTkAwt2vVuceXC
2024-01-08T18:55:52.491Z DEACTIVATE Waiting for confirmations...
2024-01-08T18:56:13.672Z DEACTIVATE Confirmed.
2024-01-08T18:56:13.672Z FIND Deactivated stake accounts with total balance:
2024-01-08T18:56:13.672Z FIND Total de-activated: 8654.672296097
