2024-04-09T15:55:06.130Z FIND Found epoch range to explore:  596 600
2024-04-09T15:55:06.133Z FIND Found delinquent validators [
  'EUBYXHFH7pFZXMqAsitEY7ZrHC1Tvgd6sssTNXsTfxCJ',
  '42j1gSrsiCZDMAQQ6XvvPQPpejy4Vdsmw2xar5crSyia',
  'HcfwgT5Y5PNwrt2zPL3Y31x4AKHnTrDNubCdSyaPuWTS',
  'igR6ooMShjBRq49y1AjcjyVgNgBCVXzfXqhn6qXgtja'
]
2024-04-09T15:55:06.134Z FIND Found reference validator 6D2jqw9hyVCpppZexquxa74Fn33rJzzBx38T58VucHx9
2024-04-09T15:55:08.742Z STAKES Found:  5  accounts for delinquent validator EUBYXHFH7pFZXMqAsitEY7ZrHC1Tvgd6sssTNXsTfxCJ
2024-04-09T15:55:08.743Z STAKES Stake account 4DHNVQUpqcnpB339xAstpyWDZZNXSuPA33LvaUkVKuFT is de-activated:  2
2024-04-09T15:55:08.743Z STAKES Stake account 68kQVEWTadWeKH4CbDDfnW9GVH834LNZAuUEmvFwsg3Q is activated:  8
2024-04-09T15:55:08.743Z STAKES Stake account Efjwsi2z3JB6JEDnkwyPHCfXtX5tpbwNirSUAgX9L9CD is de-activated:  5
2024-04-09T15:55:08.743Z STAKES Stake account EZx8y7VjZ86xKaTEGYnsHyyLXZYTnXd6SHNpYeBmDU8V is de-activated:  2.425181637
2024-04-09T15:55:08.743Z STAKES Stake account F4J9MYBC4hGREawPkPWmNBm9NS1uRyFnubetumbghRbC is de-activated:  0.1
2024-04-09T15:55:08.743Z STAKES Found:  1  accounts that can be de-activated delinquent validator EUBYXHFH7pFZXMqAsitEY7ZrHC1Tvgd6sssTNXsTfxCJ
2024-04-09T15:55:08.773Z DEACTIVATE Blockhash: 6KRD4ptkidvWLSgq3ibdG1MLRSq8uU4mcroQmEmNz3qH
2024-04-09T15:55:08.810Z DEACTIVATE Sent tx: 4K8kSqRYj5uHGsF2r6BsxmEvD3vaTyRYAbr1Uc6PrThjNRgwgMPAVok7Gxyb5TQfH97rpMgpdd4hFV65WMQskJZ https://explorer.solana.com/tx/4K8kSqRYj5uHGsF2r6BsxmEvD3vaTyRYAbr1Uc6PrThjNRgwgMPAVok7Gxyb5TQfH97rpMgpdd4hFV65WMQskJZ
2024-04-09T15:55:08.915Z DEACTIVATE Waiting for confirmations...
2024-04-09T15:56:03.000Z DEACTIVATE Confirmed.
2024-04-09T15:56:03.001Z FIND Deactivated stake accounts with total balance:
2024-04-09T15:56:06.462Z STAKES Found:  11  accounts for delinquent validator 42j1gSrsiCZDMAQQ6XvvPQPpejy4Vdsmw2xar5crSyia
2024-04-09T15:56:06.462Z STAKES Stake account EpoS6qmrTULxSN2SF6TJq3rnzY8Xrkh1iB3Y1cWQxTjS is de-activating:  1.003227104
2024-04-09T15:56:06.462Z STAKES Stake account 7jSdx8gHQuyj3i7uin6rxUACsCyHnppqmBKvz71FiqrX is de-activating:  0.003002011
2024-04-09T15:56:06.462Z STAKES Stake account HwKZW5X9cQBb4q7ty8Vjzj6y9BWJTU6NA7wJFTGJYdAB is de-activating:  0.200556536
2024-04-09T15:56:06.462Z STAKES Stake account BdTPP1grqEiJRUK1ugKX2CgVLi6ttqUwWbVu4rDygLNb is de-activating:  0.058651056
2024-04-09T15:56:06.462Z STAKES Stake account 9ELFzHKqPXiJxcYaDyqsiyod2N8N7Yy6L5ej8B1Vo1gU is de-activating:  0.003285267
2024-04-09T15:56:06.462Z STAKES Stake account EVRM1afquE7UY288v1drW29ou7YfsWy9SYPZkwziW6Nv is de-activated:  0.3
2024-04-09T15:56:06.463Z STAKES Stake account 64A8LAbtTvUshbMYff3N616kxPJP1XLHQ1qWfKJBULzT is de-activating:  0.401119506
2024-04-09T15:56:06.463Z STAKES Stake account C5hqLLSzyNa3HfnFbt22SNFHhNjqnJypj9AH87xBqHj5 is de-activating:  0.500980313
2024-04-09T15:56:06.463Z STAKES Stake account 8y7c7j9gvQxf3RZMNV8CQUApnUoHvKnqjKdFAU5JT3JX is de-activating:  0.003285267
2024-04-09T15:56:06.463Z STAKES Stake account 5Dz4whV42zeSpXUHnwA5xBdSsycUrK6jGySKf9RRPiRx is de-activated:  0.007632119
2024-04-09T15:56:06.463Z STAKES Stake account GS4mEb9HE2LHx7VjxQmNqSqjxdCHjeD7vxWL6sZC9xKA is de-activating:  0.070075023
2024-04-09T15:56:06.463Z STAKES Found:  0  accounts that can be de-activated delinquent validator 42j1gSrsiCZDMAQQ6XvvPQPpejy4Vdsmw2xar5crSyia
2024-04-09T15:56:06.463Z FIND No deactivations possible for this validator
2024-04-09T15:56:08.857Z STAKES Found:  2  accounts for delinquent validator HcfwgT5Y5PNwrt2zPL3Y31x4AKHnTrDNubCdSyaPuWTS
2024-04-09T15:56:08.857Z STAKES Stake account 6WXiUctaBfrMpNaWtqxqFdGvyFMFJesyqCsdbZ7e6jEW is de-activating:  0.00328288
2024-04-09T15:56:08.857Z STAKES Stake account 7jT6RxSpmRTcyKb5dH7Cv4aNdEt73eCMNKRq5UBkhTGA is de-activating:  2
2024-04-09T15:56:08.857Z STAKES Found:  0  accounts that can be de-activated delinquent validator HcfwgT5Y5PNwrt2zPL3Y31x4AKHnTrDNubCdSyaPuWTS
2024-04-09T15:56:08.857Z FIND No deactivations possible for this validator
Server responded with 429 Too Many Requests.  Retrying after 500ms delay...
Server responded with 429 Too Many Requests.  Retrying after 1000ms delay...
Server responded with 429 Too Many Requests.  Retrying after 2000ms delay...
Server responded with 429 Too Many Requests.  Retrying after 4000ms delay...
2024-04-09T15:56:16.711Z FIND Error processing validator igR6ooMShjBRq49y1AjcjyVgNgBCVXzfXqhn6qXgtja 429 Too Many Requests:  {"jsonrpc":"2.0","error":{"code": 429, "message":"Too many requests for a specific RPC call, contact your app developer or support@rpcpool.com."}, "id": "451fb7d4-a1c9-4040-b381-fe110ada5bd5" } 
 Error: 429 Too Many Requests:  {"jsonrpc":"2.0","error":{"code": 429, "message":"Too many requests for a specific RPC call, contact your app developer or support@rpcpool.com."}, "id": "451fb7d4-a1c9-4040-b381-fe110ada5bd5" } 

    at ClientBrowser.callServer (/home/runner/work/solana-deactivate-delinquent/solana-deactivate-delinquent/node_modules/.pnpm/@solana+web3.js@1.87.6/node_modules/@solana/web3.js/lib/index.cjs.js:6474:18)
    at process.processTicksAndRejections (node:internal/process/task_queues:95:5)
2024-04-09T15:56:16.712Z FIND Total de-activated: 8
