2024-08-13T16:55:22.378Z FIND Found epoch range to explore:  651 655
2024-08-13T16:55:22.381Z FIND Found delinquent validators [
  'GWd1U1nJep3PQABHJubt95ChLumup1FimvU6Eebi93Tc',
  'BZpEFk6ANWzLgGn1Pc3xRdquMKW5GKmLpstx3xoPPBm7'
]
2024-08-13T16:55:22.383Z FIND Found reference validator he1iusunGwqrNtafDtLdhsUQDFvo13z9sUa36PauBtk
2024-08-13T16:55:25.761Z STAKES Found:  4  accounts for delinquent validator GWd1U1nJep3PQABHJubt95ChLumup1FimvU6Eebi93Tc
2024-08-13T16:55:25.761Z STAKES Stake account 9mVMdxQBDAPq2DZ4VAjLLXSpgnvTvs97hTYTUwzFBF6u is de-activating:  0.003291646
2024-08-13T16:55:25.762Z STAKES Stake account EjoZzSUwKQq45x86wfLyB6YntqerFyzhFmPNu6MT4izR is de-activating:  0.003291202
2024-08-13T16:55:25.762Z STAKES Stake account 377GjUUGcGfDBUk4vhnHfnD3Xrya3a6xcs7vLSAZqJNZ is de-activating:  0.003287704
2024-08-13T16:55:25.762Z STAKES Stake account 4u3FKweLAjtMiM7Zr2pp5dF25EaQyFc9RsdyHv47afx2 is de-activated:  101.886467876
2024-08-13T16:55:25.762Z STAKES Found:  0  accounts that can be de-activated delinquent validator GWd1U1nJep3PQABHJubt95ChLumup1FimvU6Eebi93Tc
2024-08-13T16:55:25.762Z FIND No deactivations possible for this validator
2024-08-13T16:55:29.216Z STAKES Found:  262  accounts for delinquent validator BZpEFk6ANWzLgGn1Pc3xRdquMKW5GKmLpstx3xoPPBm7
2024-08-13T16:55:29.216Z STAKES Stake account FSyHYAwNjm7RtGUXEYqW5pSfkP5VF8F7SqDMVzDTfQe3 is de-activated:  31.421613239
2024-08-13T16:55:29.216Z STAKES Stake account ZKgh9iwmGtWusLUcR2ZiocPhzi4xGrgrHkgU92uoM6V is activated:  0.002382919
2024-08-13T16:55:29.217Z STAKES Stake account AvyFRCNyeBKSPeqfj88QJkqXMkQMczvGoU3BuAjWW5zc is de-activated:  0.448633422
2024-08-13T16:55:29.217Z STAKES Stake account GVXuiuSXnREww1FoT9YjqZotz278iL9PdEAb4Jq8DvoK is de-activated:  0.02873153
2024-08-13T16:55:29.217Z STAKES Stake account 5sfxCBHuuqyJt9pn1cjJvzVtny6tF1yVBKqC5bC5gnLz is de-activated:  0.011107346
2024-08-13T16:55:29.217Z STAKES Stake account CrtVjEWaXFdUSpARoqLBJhFCKqWMdAbdWHtiCLKa7H7V is de-activated:  0.00278288
2024-08-13T16:55:29.217Z STAKES Stake account FXmkTtFiB6grXoRAPyQfHFtraEdZc29VhRDVZZEq7R8u is de-activated:  0.002283384
2024-08-13T16:55:29.217Z STAKES Stake account JE8hQ5mrF3sYfEG47jbn1Vbe7iDd5zLoALzad8oA3qzq is de-activated:  40.517410043
2024-08-13T16:55:29.218Z STAKES Stake account BeoNZuST6BFyLMDkCnekWAuGuPdxtWHTRo8ZpXrkBNCa is de-activated:  23.249514687
2024-08-13T16:55:29.218Z STAKES Stake account 3mQQQogTFD6EQToYAYLkzwuNoNxkMnCfCNz6qQgkPnzz is de-activated:  0.011047417
2024-08-13T16:55:29.218Z STAKES Stake account Fw321yZapihf6ZD1fM23dcL4yBmU4DZeuFMcxNF3DCFE is de-activated:  0.012012523
2024-08-13T16:55:29.218Z STAKES Stake account AHxfXKvsA4Jibjq8iP2FyD2agnSPFjMDHkmtnqABEe2U is de-activated:  3.859030524
2024-08-13T16:55:29.218Z STAKES Stake account 2uMwoey6Yik17PccqCH8fzuukxjgpWrpbcfSLh7QpMRF is de-activated:  0.002283327
2024-08-13T16:55:29.218Z STAKES Stake account 4u3LDcLm1LYtde6YCZJzefJWcsCapooj8rBpyJnXZNdw is de-activated:  0.003008274
2024-08-13T16:55:29.218Z STAKES Stake account 7NTfutgiy592xASjifXJMLDfYqY2BvVHQUqMz3dJ3n8H is de-activated:  0.002302281
2024-08-13T16:55:29.219Z STAKES Stake account 5SFSmYc82vKX5mK8KybWM2DWdNaRhiQZzimye1UhhxBF is de-activated:  0.002302236
2024-08-13T16:55:29.219Z STAKES Stake account 2iP4vcsdPtrDNJGLyz4FeQvcmyD4Y9NWd96jkMVzLpBL is de-activated:  0.002283374
2024-08-13T16:55:29.219Z STAKES Stake account DygWCXGFoUnwtVo92wjJp1u2SdeZ3BXsYgrsQvTkJy3o is de-activated:  0.002302236
2024-08-13T16:55:29.219Z STAKES Stake account 3AMs1aanQApm5cH6utfBNA5tTMZLJRwx6vWmviNMLhPN is de-activated:  0.00278288
2024-08-13T16:55:29.219Z STAKES Stake account DkTXnwzuNM9Dogj8Zis2WxoZHbTAod5VmvKu1YitB5kn is de-activated:  0.002302281
2024-08-13T16:55:29.219Z STAKES Stake account 7U8CavpfxkpYs4xjMwAxaAfsuayxmStxsEUwPoFu6ocy is de-activated:  0.00228334
2024-08-13T16:55:29.219Z STAKES Stake account 2zvPDYNbLax7Ls6JWc42Y9h3P2X9hNZQqtPQUK79Aocx is de-activated:  0.564345289
2024-08-13T16:55:29.219Z STAKES Stake account 4qzszakkbJPrjBPCYJmYUJ2QEoQSKpy3raEC6Kkf87id is de-activated:  0.164557714
2024-08-13T16:55:29.220Z STAKES Stake account 96mE13TuGiZMsqug9d6VM4kVdEFCwu4tfdyDe4HKxrdS is de-activated:  1.554391346
2024-08-13T16:55:29.220Z STAKES Stake account 8WcGrvRwMUhuQUJaPpVr9w6rnoXiFG7TAtGHsF2A4eVo is de-activated:  0.02064368
2024-08-13T16:55:29.220Z STAKES Stake account FiqZy79rsnnFJcgNFiRkv2YnhuF1VDjD1xc2w9txKxSM is de-activated:  0.002302255
2024-08-13T16:55:29.220Z STAKES Stake account 3iMbuNhrgPesQsFgyc8HKwriBfesgHHkNE2fHd7t3XQm is de-activated:  0.002283379
2024-08-13T16:55:29.220Z STAKES Stake account 6hJqDazxG6shAM11CnDJfFWKUZHDPcZf9Gmg4CJxJG2v is de-activated:  0.002283879
2024-08-13T16:55:29.220Z STAKES Stake account 7zKPyGeV7Xi7pxUiUMyNGeTgH3WPPE5eqCLE3pAVaqZM is de-activated:  0.154470808
2024-08-13T16:55:29.220Z STAKES Stake account GZMA46r19Mis8HxNkSZS4mmveY4oRGNkicVQqZEANBJm is de-activated:  12.825808997
2024-08-13T16:55:29.221Z STAKES Stake account Bfr1FZ26qy4wz8Lgw2m3RsPMkgCJWCBWY82Y6ir6UoJ7 is de-activated:  5.446083421
2024-08-13T16:55:29.221Z STAKES Stake account 4YKCQCFpuhFc31jmY4yW9nvDuMzG1ku8d5GdNdWwSDHu is de-activated:  1.090279339
2024-08-13T16:55:29.221Z STAKES Stake account 7MNHBbkKfMvC1AGFU6gfP2ksuBebo1z1QyB2wHnxGRbm is de-activated:  0.003287494
2024-08-13T16:55:29.221Z STAKES Stake account Bu2R3KcCbr8J6jUCnffazy1tFyDZrcQMQEvqrrXYjYeA is de-activated:  0.286673887
2024-08-13T16:55:29.221Z STAKES Stake account FnZtwkN2PDEPPodDBgJ8443mVAF48iXn8XUdrkLUeuki is de-activated:  0.033915581
2024-08-13T16:55:29.221Z STAKES Stake account BLYrtkNwzEdCar41XH41P4xD2BFa4sFkTGbUYjwWvQj1 is de-activated:  0.002302255
2024-08-13T16:55:29.221Z STAKES Stake account BrL1S9qdSkBFfEP7oDFWka3WKCLf5f9czvQu6pYJUxe1 is de-activated:  0.003101025
2024-08-13T16:55:29.221Z STAKES Stake account 5RTMXCmkhKYUGjYbYPkFBQhe14p3bWz4G8RuN4tuK75x is de-activated:  0.002282881
2024-08-13T16:55:29.221Z STAKES Stake account 9DybpCY8PFgUAGq84cSTkNzAAwu7xqQ7YdbGzbbYGrEa is de-activated:  0.002302247
2024-08-13T16:55:29.222Z STAKES Stake account FE69Yza5Uz4bEjMWNFugEoEQRb6LwWMsUTwzNoi78e29 is de-activated:  0.002283375
2024-08-13T16:55:29.222Z STAKES Stake account FXqUqBZ9jYARysdoMva4cN5qxbmvc7aevPFDaBStdzvK is de-activated:  0.002282881
2024-08-13T16:55:29.222Z STAKES Stake account 4umk7GaTorffCUbRsLpD6xmNAPPxV6NZFHEiMTxSoNj9 is de-activated:  38.07133624
2024-08-13T16:55:29.222Z STAKES Stake account 3c4pyE7dkVvHw2AUrDhvePs4Q1MY25Mi4MQxuGt8rKmx is de-activated:  1.13168029
2024-08-13T16:55:29.222Z STAKES Stake account HHpoGxpJScotzbMwQPG71TDtYnVzgShKPhaMQT8yXBuU is de-activated:  1.122002664
2024-08-13T16:55:29.222Z STAKES Stake account 9AznmY6pMeEmCkrb5XRNzYGyKaq6gVWoHdTxgTaZKbHT is de-activated:  0.003101025
2024-08-13T16:55:29.222Z STAKES Stake account CVYmPnvmg7ho1EZj58f1YcEufeCjecBpCih4s2qXPb2F is de-activated:  1.069569872
2024-08-13T16:55:29.222Z STAKES Stake account EbfWeeSxmZbUidkK52tC9Em1gcmU1NqXtfyUCnWPjht4 is de-activated:  0.00230229
2024-08-13T16:55:29.223Z STAKES Stake account DrpcktdvyfMvjJTa7LxynE1wTpovJbMehMXZN8AtwB9R is de-activated:  0.003101025
2024-08-13T16:55:29.223Z STAKES Stake account 3SUNTrTAac5WL1uU6DAgBDYnHEh3BY6oRqbd1LmvmyT8 is de-activated:  0.00278288
2024-08-13T16:55:29.223Z STAKES Stake account 6xNY6nRtbFprt4pp6uqG7Nr21sYmivPQXzkQeZiKJPxb is de-activated:  0.179003745
2024-08-13T16:55:29.223Z STAKES Stake account 7Pv5sfZGNXmskPqY5LMud3fnwxzQG5xMyWRz78juCibc is de-activated:  5.638077657
2024-08-13T16:55:29.223Z STAKES Stake account 6yTmjgNhxnWnTLTajphLQju4wuLrkhEoxJrct4iqXo3J is de-activated:  0.002302247
2024-08-13T16:55:29.223Z STAKES Stake account 4CfkxqSXTZ7fUnGxubHkdKbpXKExKS3b3qkrV3nWrosc is de-activated:  0.002283354
2024-08-13T16:55:29.223Z STAKES Stake account GMFpNEZDy3F1wzspNjyicVJLJm9XBezHperXTem5wBJp is de-activated:  0.011098599
2024-08-13T16:55:29.223Z STAKES Stake account DnFJ5ArtVbfvuR3LPFitNnPnQubPPWS221giDdm6hKgu is de-activated:  0.002302255
2024-08-13T16:55:29.224Z STAKES Stake account AmvC6LVEGvKkWWSh6pxippVUsrpadVPH5N1KQsYeUw4p is de-activated:  0.007682189
2024-08-13T16:55:29.224Z STAKES Stake account 5KGdkKYrRa8FdXtKZHXBJYY2oRGsM3FTNhyfK2VBF1XF is de-activated:  0.002302255
2024-08-13T16:55:29.224Z STAKES Stake account DoCt3GcXTsHVszecJKEYnFanDdLTCrKim1PgTxdi8Baw is de-activated:  6.374579559
2024-08-13T16:55:29.224Z STAKES Stake account 9e59HdJ5V9gcBvHP7B2UptzBQ1twBA2mjQHG4mXznhSr is de-activated:  0.002302247
2024-08-13T16:55:29.224Z STAKES Stake account 61SNRgKZBMJUEdXoLq8BZXfDontkbzGUuAKNwqaH3kuQ is de-activated:  3.996823354
2024-08-13T16:55:29.224Z STAKES Stake account 2vkTgvuYNDMx5KKVUv1iRuvJkG44CAMsEq6PhTse2S7u is de-activated:  0.972280338
2024-08-13T16:55:29.224Z STAKES Stake account Hgp5NE3sw6uWeJ1JyfB9A4hEpvEYQftYeMsDWK4qynwG is de-activated:  0.011318235
2024-08-13T16:55:29.225Z STAKES Stake account 7pRbkPdiPg5T94poSYco2RbCSLntPcZjCMHqEDa1bqhW is de-activated:  0.002302236
2024-08-13T16:55:29.225Z STAKES Stake account 9BqRX5CWFa8drg3eXjnTZ3zVD2ktQj9w5C7pHSB6QLhb is de-activated:  1.139840126
2024-08-13T16:55:29.225Z STAKES Stake account CLdKDFog6Mredyz9XUWRRdpBSNeupNVMPz613PeX1Xy7 is de-activated:  0.00278288
2024-08-13T16:55:29.225Z STAKES Stake account 5zpdihjMe4DKG3bwX8SRLG4j8Tg7dHugd7sPh7kouPgi is de-activated:  0.561264704
2024-08-13T16:55:29.225Z STAKES Stake account JBbCVCNMsVfGDkDpbCM3grNE1WfcbQsgHB1Yernh8xAU is de-activated:  0.003102229
2024-08-13T16:55:29.225Z STAKES Stake account CwcuVwugWs4SCSAREDexW8vzbkgmRMZPTbCnTp19wPrs is de-activated:  0.282090401
2024-08-13T16:55:29.225Z STAKES Stake account 95u16jqwTJtYtcDJ8j6U4uS6zUWYmc5V1SUZAiWRzwDw is de-activated:  0.002283381
2024-08-13T16:55:29.225Z STAKES Stake account BbTyYNsgfFcfFJ7xm9vXr3kMRpvSzVYXG4WRgr29sGg4 is de-activated:  106.541419903
2024-08-13T16:55:29.225Z STAKES Stake account 8zAyz7udiZgkAQg9vWLmnkt1KMkNo2YJZcNg61aWgoi3 is de-activated:  0.002283359
2024-08-13T16:55:29.226Z STAKES Stake account 9PxQonYEKeHBz3HAH8933qhgwVeW4qfJpEpMtrsUEfAb is de-activated:  0.003101025
2024-08-13T16:55:29.226Z STAKES Stake account CtELhQDDnHdGjrGpyiTGodg1W7PuqJDMTrDDHxxJHxHL is de-activated:  0.010993264
2024-08-13T16:55:29.226Z STAKES Stake account 32x9uQxESaAyr4n5VQcBAMd1AviMxV3Rne6BMxnFGgmZ is de-activated:  0.002302255
2024-08-13T16:55:29.226Z STAKES Stake account CuZmRATFYxmcbrK1FpMH5bcaY5BcDQe5h7fn7bt9rb3V is de-activated:  0.002284206
2024-08-13T16:55:29.226Z STAKES Stake account 2CoRim6twstUZNJHXwkYdXsrjagskqVEP4F2vK7khM7s is de-activated:  0.002283387
2024-08-13T16:55:29.226Z STAKES Stake account GP3dic2TBnKLcyDkEGNwQvN7F8qeNzsaungFJnGRoA3p is de-activated:  0.00310345
2024-08-13T16:55:29.226Z STAKES Stake account qcbi2vnjEhyKSBho24LosuVS8MLfL7iDV6q9LNVCKoQ is de-activated:  0.002282881
2024-08-13T16:55:29.226Z STAKES Stake account AHxVRu99C9MksFiaYSjLdfePSQiyhsQ2Ae2wTWAK6vPt is de-activated:  0.00328288
2024-08-13T16:55:29.226Z STAKES Stake account 4AnbSTdJCjKZW517qyD5J5FpkoV7x6WNq9FYXZ8yGBi7 is de-activated:  0.002282881
2024-08-13T16:55:29.226Z STAKES Stake account Ea4i9iJz77H8Soa7FSF5vsDi1yqvCCTga4EdJxEP5V7v is de-activated:  0.002283354
2024-08-13T16:55:29.226Z STAKES Stake account 6MRm53vbyMLYLqCaWqA3quMQU4CWRRpYEXfsBWiSFNyx is de-activated:  0.002302236
2024-08-13T16:55:29.226Z STAKES Stake account E1pQs5tuPSqQnBWvXb8uGNGcC7KWFSBMPuJZ17LobuSH is de-activated:  0.00278288
2024-08-13T16:55:29.226Z STAKES Stake account 5TGvbozbnQyeJDSCjjH2Y1hPZYMA9Px4Byz9mB4NdZVH is de-activated:  0.002302255
2024-08-13T16:55:29.226Z STAKES Stake account 6xbmjPHaBufmkDNu6qjZue9DuEVuNJzdyFCmVoLvuM3V is de-activated:  0.002283339
2024-08-13T16:55:29.226Z STAKES Stake account BKD9TdZqvrkJ6Pj2fsVaMHZuFGtHBT3KfE9UMcZjJjL4 is de-activated:  83.281922974
2024-08-13T16:55:29.226Z STAKES Stake account 9ALg5YBSdtgNpeSmYU89tRDeLXVaSzFqNeJf2pEaXBRE is de-activated:  0.002283325
2024-08-13T16:55:29.226Z STAKES Stake account H42h4RXzA81UySyYHqwvw7UWVfLX2uKBtuyEF4PeobBF is de-activated:  0.010997419
2024-08-13T16:55:29.226Z STAKES Stake account Ej33RPCTDTGZsDrF7g62WFsQK96VYJKyJ6WXAD4pWnKp is de-activated:  0.002292647
2024-08-13T16:55:29.226Z STAKES Stake account 7FHy5m6vysoMQr3zoa79ykpKg3nfHNRPvnrAN6wCMw5T is de-activated:  0.002302281
2024-08-13T16:55:29.226Z STAKES Stake account HGZtjiY2Mo2y42fTQ8SpuDjW2omnWDgFYC9PTmXqfzu1 is de-activated:  9.108000927
2024-08-13T16:55:29.226Z STAKES Stake account FLPLViwM6nxofpMdXaf8CjgSPQG4Qd9Pw36LnmWhDc4B is de-activated:  0.002283389
2024-08-13T16:55:29.226Z STAKES Stake account 3z9k5mTaajX5XXWjpiG9xYnmKAtJ1hiDP77X7dgqihLo is de-activated:  0.012241013
2024-08-13T16:55:29.226Z STAKES Stake account EYiJEPNBDxJ1Gbi1Ndd4oy4nEH5CzTyqMGnyKGfNGyiS is de-activated:  8.271046636
2024-08-13T16:55:29.226Z STAKES Stake account 8WYtCaJZecME4ZkghT7Y3a7nqadjumqkK7Y2FJ7gDfzg is de-activated:  0.561393167
2024-08-13T16:55:29.226Z STAKES Stake account DDZ89XTL8VNZZ1mkJTnNCa2DxDvfZrdvj5W8XWsaKtXx is de-activated:  0.011094301
2024-08-13T16:55:29.227Z STAKES Stake account 2WL6RcUABpQwNJHEcjnCENbNLCVp9s5B5p9DHf4fTkyS is de-activated:  0.003102633
2024-08-13T16:55:29.227Z STAKES Stake account Hx3ux3RcNh2bcQBgZMmYyGZqdKTjtGbBNDvLrewrFieB is de-activated:  1.521240133
2024-08-13T16:55:29.227Z STAKES Stake account EK1PTuMQXT9sNq6z4keNLS5ra3HwdPsn5SWJvF3kvVT9 is de-activated:  0.003100633
2024-08-13T16:55:29.227Z STAKES Stake account 8arm9AyNaCq5CNtkBQjmtdGxh3npxom991Pzcneyr9Ys is de-activated:  0.003404906
2024-08-13T16:55:29.227Z STAKES Stake account 2vUTK9GvK8dEmAbyNiemFHm44fWHzejKAd2bd2k5TLqK is de-activated:  2.259341834
2024-08-13T16:55:29.227Z STAKES Stake account Hi5rSBT4fWtBKB82yURDYrJAGizPLFSGh4Lx6rpiM6Kt is de-activated:  2.686899881
2024-08-13T16:55:29.227Z STAKES Stake account 8WRN5TfwybX1bKELi7pi6YjffHHG9VccVA9qRN5qKGNf is de-activated:  3.405358574
2024-08-13T16:55:29.227Z STAKES Stake account F1s4TF55DAhT6dq7WU3EhgTFkckiqkBC2VjQJFj3Fcu1 is de-activated:  0.011116242
2024-08-13T16:55:29.227Z STAKES Stake account 9tdhc4Sv3eUc5M7wGPRYGt98f8Htaj4eYeHrCkJjqp3m is de-activated:  0.215347937
2024-08-13T16:55:29.227Z STAKES Stake account 96Wk6AUfygZnhPr39eRqKnPbAXAodwpD9uYtEhgT3kSE is de-activated:  0.002282881
2024-08-13T16:55:29.227Z STAKES Stake account FSGH2ehPcr8Sfk7WnBiSKpe8CyLC3o3BoAvwUgX1cHo2 is de-activated:  23.545373398
2024-08-13T16:55:29.227Z STAKES Stake account GDqDUxnePRJGohqmCbCyN82VNTfU6kTTodUnhyyZZX2F is de-activated:  4.789994712
2024-08-13T16:55:29.227Z STAKES Stake account Bu5wiB8GHi5MdZKvwMtovA18wRdVcaT9ziGxb1L3EVM5 is de-activated:  0.011107346
2024-08-13T16:55:29.227Z STAKES Stake account Dr2yJxKqwsqrhhoSpxY2BRyDemEZbt6VqYBB5FK8bY4Q is de-activated:  0.002282881
2024-08-13T16:55:29.227Z STAKES Stake account J4sczK2GDeGrP1Av5UaUVrtDqwT6WySB7Yi7aewv7VTw is de-activated:  0.003101025
2024-08-13T16:55:29.227Z STAKES Stake account 4FnAEUWP9YzStRKVQEq5tfLQzNw7yoT8Ny2U4d5p5zcH is de-activated:  0.002283843
2024-08-13T16:55:29.227Z STAKES Stake account 5N5pEA8CBrP8Yv7B1QsByNg9pQc9LLACDzphGaZrkwgx is de-activated:  0.002282881
2024-08-13T16:55:29.227Z STAKES Stake account DqRkenDgFVPJMahyiiLdMBPWFEfsYsPYdeWEQUsjvLEK is de-activated:  0.002283382
2024-08-13T16:55:29.227Z STAKES Stake account 2F7yjxMe5TgPHwSEeQZDvY6aL29phHT9bhYo31ZfCzBC is de-activated:  0.003100633
2024-08-13T16:55:29.227Z STAKES Stake account B87cmJzQuyvZSH6muyySioAMb8RGRLS3Y5btkejr4R7p is de-activated:  0.00710986
2024-08-13T16:55:29.227Z STAKES Stake account A5wL98yBsgiD4xtg4bWd7o2U2MiT2UzTCkvz2wamJayh is de-activated:  0.003101025
2024-08-13T16:55:29.227Z STAKES Stake account AxZmnHQFoeywfnwvvrZMhH2ZE3BsLvkCybAFdCVKwPX6 is de-activated:  0.03399388
2024-08-13T16:55:29.227Z STAKES Stake account HH25nyQ5fJUWhNiWKJaqKHrAijkrdbSfpyTeejqNNh2b is de-activated:  0.002282966
2024-08-13T16:55:29.227Z STAKES Stake account HzirmuYeH5yhP1KHYhnpYr9Lk9ixgiPMGwHTyo2Ywr4T is de-activated:  0.00228332
2024-08-13T16:55:29.227Z STAKES Stake account 4NeYaDDBYf3DZSshCYDA56vnGzQVDaC9VUuxxSQ1ynTN is de-activated:  67.756587558
2024-08-13T16:55:29.228Z STAKES Stake account EdArKLbm53Xy18v9DyMDBcPdWpkuuZ56ND4emu1nUYS3 is de-activated:  5.761781461
2024-08-13T16:55:29.228Z STAKES Stake account AQzDvht8eTyGALh8nuczGJNYiFoocjRZgs8w6caxqmPi is de-activated:  0.002283381
2024-08-13T16:55:29.228Z STAKES Stake account 3TvgRWUxCCFauv5nMFENU1ov32PDHgWFnYiYKFPWfobt is de-activated:  0.00230229
2024-08-13T16:55:29.228Z STAKES Stake account 6DbE2pHVxqA4zmNuWk7xb94aXDZwb6ztrq6aDGk5JyTD is de-activated:  0.00310345
2024-08-13T16:55:29.228Z STAKES Stake account 9exZUPcJ8hs5tjT5sz2XGLhrjrqwPPEey9HiRDQUgWG6 is de-activated:  0.002302281
2024-08-13T16:55:29.228Z STAKES Stake account B4v5xEPeNPWiQj4zcxmM6HfEGmSrdK4tVS25VMhXVkhV is de-activated:  0.00310345
2024-08-13T16:55:29.228Z STAKES Stake account DNDJpgWrbsEFvykCLUAJ4d8iueQR3wneNHR9w5qqCMYj is de-activated:  0.003101025
2024-08-13T16:55:29.228Z STAKES Stake account FhyYFgeZohfqpup8HVDDEXG99DRMruf2aMiBGQ2YQNgt is de-activated:  0.002283
2024-08-13T16:55:29.228Z STAKES Stake account 6SpQ3qjKqTozgvoCrmVkmCLJs7rGCnCivxeSogGTANjk is de-activated:  0.010029737
2024-08-13T16:55:29.228Z STAKES Stake account 2DMfZbMNGKDzb1uU7TnH2UDeTwQTYnUbrKUfMNjibvVQ is de-activated:  0.632641814
2024-08-13T16:55:29.228Z STAKES Stake account F6SKFP3kMqw839S4mAe1LQCF6puFEeC4e6bEPBnPKqRM is de-activated:  0.11402529
2024-08-13T16:55:29.228Z STAKES Stake account DBvw6AP7ZUHTGkhdi4eGjZRLmnLeuckBiVBU75yMpSqr is de-activated:  88.99023859
2024-08-13T16:55:29.228Z STAKES Stake account GDz9nQEQsdxPYcv6d8TZCB4hACvCSu4Sa7vpGeQTNBs7 is de-activated:  0.00228339
2024-08-13T16:55:29.228Z STAKES Stake account F9K4AJ3DSjfoAmFQNxjyH3c4LjgqEFKTbMi66sMG6Ljx is de-activated:  4.745603117
2024-08-13T16:55:29.228Z STAKES Stake account Epy1Nqxe7vWYwy6TGqwqkuT7zsz1FqUBmFbuJg5Ave2d is de-activated:  0.002302236
2024-08-13T16:55:29.228Z STAKES Stake account 5ZApfxv1xEmyayxtuBDSKFRNWs75tYcGv17JPCWnjusN is de-activated:  0.002283798
2024-08-13T16:55:29.228Z STAKES Stake account HJt1FmX23Zq6zjo4EXoD3ykPADv3WbLShZfUnZzUAxyH is de-activated:  0.002283907
2024-08-13T16:55:29.228Z STAKES Stake account 79gk8Dftx3xVmQTiu1XFTnTTmhYsf6Xgd4smC6u28FUo is de-activated:  0.003101822
2024-08-13T16:55:29.228Z STAKES Stake account 8Wd3KEzkSRqV8Q487dG3FVTEKCBRjJQA1kYcyseLF3KL is de-activated:  0.00278288
2024-08-13T16:55:29.228Z STAKES Stake account 7DLZfeHyX59BaTpgToKxZSNobqrikpj5Lj3xzqLXpkPT is de-activated:  0.002302236
2024-08-13T16:55:29.228Z STAKES Stake account 4QgDQdcbVNw8VHpEPQK8ufttVNyNAyPPTyQND7WwVfZy is de-activated:  0.002302236
2024-08-13T16:55:29.228Z STAKES Stake account CC4m8VcMnscmRXaH4jNB6Bpqup7KdGCH3zjYuMJNmjkf is de-activated:  0.002284526
2024-08-13T16:55:29.228Z STAKES Stake account 8pSEoBYq8DE1b24dSG3pvpJYus1zWPtBuHcnWADjHixG is de-activated:  0.003100633
2024-08-13T16:55:29.228Z STAKES Stake account GqdHfVT4keZuic63QARVEUnjgHCrHCnTGDQgaZfdPuzo is de-activated:  0.002283859
2024-08-13T16:55:29.229Z STAKES Stake account 7FoYWfTFPNn6CZikivYCWfNJXUsoaySNV5cfFkR446Rn is de-activated:  0.002290922
2024-08-13T16:55:29.229Z STAKES Stake account 8KgNPnseokS2z7ct5qBHoFRy4R5BTTNp8KTTG85zqgX8 is de-activated:  0.002283337
2024-08-13T16:55:29.229Z STAKES Stake account BDfhBAWwaBBE7ZWGfjkQDR7ybENCNvAAFLwJT9WQiLt is de-activated:  0.011107346
2024-08-13T16:55:29.229Z STAKES Stake account 3ZRyjRmNbcV2fDxkx9LEFtQsHEUJNwUMhLpPfkmFdGfh is de-activated:  0.002283384
2024-08-13T16:55:29.229Z STAKES Stake account UBVspS5hbATvNfottyXzrW4yh5LA9DmfEgTvaPfx2Bh is de-activated:  0.002284192
2024-08-13T16:55:29.229Z STAKES Stake account F9T4oVeC3xvTfx8vMmZdsBePAyXBNbYpxBS3wqSwPEE is de-activated:  0.056080892
2024-08-13T16:55:29.229Z STAKES Stake account 36JyUuU3bDD4tFzD9Hg7hrP8cB4bhtCb9nK8NiiKResG is de-activated:  0.002283326
2024-08-13T16:55:29.229Z STAKES Stake account CNo9w7WYgKEMbPyMByH6gxsfgDCDQXvmedafvbqch2xv is de-activated:  0.03399388
2024-08-13T16:55:29.229Z STAKES Stake account FM4hqTZgQJKRSnY3htssU7RegitsuHvHZxsSGGiVtHRJ is de-activated:  0.044190078
2024-08-13T16:55:29.229Z STAKES Stake account H8RwTnTkDqxuRUpA6QZnkJXBHPQ722V8Taamrw2d6egM is de-activated:  0.002283354
2024-08-13T16:55:29.229Z STAKES Stake account HEaZVvQJMpNoHPU6AddKywaDRArHCjeLJoA4WZjeTWdM is de-activated:  0.034009953
2024-08-13T16:55:29.229Z STAKES Stake account 6eWqcAJdoEypFivHXvyLjovQu4TA9fT3z2qqPkeF9JEG is de-activated:  0.002283375
2024-08-13T16:55:29.229Z STAKES Stake account 6i2z29q8bx9QbVSyEz1PBhyE5617xa6c6hDEhwToeDi2 is de-activated:  0.002302255
2024-08-13T16:55:29.229Z STAKES Stake account 62CXHrqkq3xQd1KrMuA4zGNAmKDTuAPS47LQhS1U1EM7 is de-activated:  11.319517052
2024-08-13T16:55:29.229Z STAKES Stake account 3ZWqGyUsSSEo1TGUsmoAMWMgjYL2GyTA7AADS1dHz3ST is de-activated:  0.002283391
2024-08-13T16:55:29.229Z STAKES Stake account 6QRp3Cp4883hGSMdB5uS4pn4DBF54kcwbY27GrzYvqyS is de-activated:  0.002302236
2024-08-13T16:55:29.229Z STAKES Stake account Co7KAWQuXkupJMQUHnQSpqRZ7gU4Bkqn2HeYYmcjkmY is de-activated:  0.002283357
2024-08-13T16:55:29.229Z STAKES Stake account C3SA1EajCj7Gzo5eD1r3jV5pC9XSmtmpJyhCyU7b1tG1 is de-activated:  0.002314672
2024-08-13T16:55:29.229Z STAKES Stake account BuBQj5Z8x7jvJGNL1korQQzCEW5yVWYwKf8G9FDzaFVV is de-activated:  3.059080418
2024-08-13T16:55:29.229Z STAKES Stake account 4sojiwBouA4RVNXt8NTBDgovX1ruc6FnbxTzfVKgfbLV is de-activated:  0.011098599
2024-08-13T16:55:29.229Z STAKES Stake account AKd7wGqriv4s2SpPWhvZ8w2WMHr9yJvhDSPLXfTsnaz8 is de-activated:  0.00230229
2024-08-13T16:55:29.229Z STAKES Stake account AyoPNBZqnm4tnzsAAMC1LgoZZgpufkkxdqDirqm7cG7e is de-activated:  0.002283361
2024-08-13T16:55:29.229Z STAKES Stake account 2NHw4ynpMdJyeU7RgznKgqTRRd8Nc584VQ1RV6bF8EkR is de-activated:  0.002283356
2024-08-13T16:55:29.229Z STAKES Stake account DkJbSSVspAiFSp5NqocAvUDVAccP7Kmt6djDHwjXK1f6 is de-activated:  0.011107346
2024-08-13T16:55:29.229Z STAKES Stake account DjssvCAU68JHRXzqg1hQZ1ktnZzKFKP4CWpQroqnRqwM is de-activated:  0.00278288
2024-08-13T16:55:29.229Z STAKES Stake account cTsXZaTHEv9yWXKK2W5195yxjdunhdTG1zAdythHsgE is de-activated:  0.002283298
2024-08-13T16:55:29.230Z STAKES Stake account 5wrNVKxF3pen9yv8V18pCHYb2DxmSzeMq1mwPreLuMHh is de-activated:  21.308588872
2024-08-13T16:55:29.230Z STAKES Stake account 6BT2hiFE7Bm1cniZxDehmj4MYCnGVdCPw5d3rSZ8moZJ is de-activated:  0.112000929
2024-08-13T16:55:29.230Z STAKES Stake account D8rwdPMZd5Ja3oKZuAP8UGEUeZPgPVR3xW1xnKBvZPyd is de-activated:  2.120283659
2024-08-13T16:55:29.230Z STAKES Stake account AjWVTUCfbWumjSSCYptUUM53Bd53KPHiHPbN8r4EKYbx is de-activated:  0.11402529
2024-08-13T16:55:29.230Z STAKES Stake account CsYJ4ZzMxyJW6hhfSENHyoEVkutSzJYX4YKSgSBzFTmK is de-activated:  0.002302255
2024-08-13T16:55:29.230Z STAKES Stake account 44xEtFjX7r1C3o6NZbS6Wn87L5xgbcrGVbgUmvzrXHtv is de-activated:  0.00228332
2024-08-13T16:55:29.230Z STAKES Stake account 3u48yE6S2fMUU3zLL31FykK13xGpAk2PqMPohvNKMViP is de-activated:  0.002302255
2024-08-13T16:55:29.230Z STAKES Stake account 9Y3nqopdSSqYdV3SB7SgD5muyjMh25jH5oU8Ug6dkCzo is de-activated:  0.00310345
2024-08-13T16:55:29.230Z STAKES Stake account HPWiAntYUzDA3PNr6YB5RQcVZQNJXfMg7xyWY6mGCg9p is de-activated:  2.269052414
2024-08-13T16:55:29.230Z STAKES Stake account JwQ4GdkGXSigD2XoFnxAiboKiHLL8eBevphmgVTsJCu is de-activated:  0.002282881
2024-08-13T16:55:29.230Z STAKES Stake account 8HjJ2ToKDkS22NVRNj4Gch4oanNayqUyEg8fkSsYrP8C is de-activated:  0.002302255
2024-08-13T16:55:29.230Z STAKES Stake account 8zjBh8vAhu3x8gVsP9hyXCAmUi66DyxPBML7A2VxxYDH is de-activated:  0.013394414
2024-08-13T16:55:29.230Z STAKES Stake account 8TrVPrFxT6KmYLf75Gsb4RF7n96PNN18Zj8XcikS7kS8 is de-activated:  0.173579545
2024-08-13T16:55:29.230Z STAKES Stake account 4q8HwviyqGqBcT75w6iM4enGy7FCEQQhQfx41voJiDPy is de-activated:  0.002283329
2024-08-13T16:55:29.230Z STAKES Stake account 9b7DL6NFqS4ttvb18x4Yon7D4xqDh6F3rZZy8vChqEaa is de-activated:  0.002282881
2024-08-13T16:55:29.230Z STAKES Stake account Fo8DFvUTucqhLZURYgiYJqa72vj93suhD5QayZzUVYeD is de-activated:  0.002283319
2024-08-13T16:55:29.230Z STAKES Stake account BPW5wdN2ofxRBNEJH4AduBRoHRhKkBjF9tbvQjUsXfhL is de-activated:  34.204491393
2024-08-13T16:55:29.230Z STAKES Stake account H9afGF6GiU6LJdj7URdUWZ5vC16ndAc2MBA3A8EMj8kc is de-activated:  0.002302247
2024-08-13T16:55:29.230Z STAKES Stake account CPBB5UStqzdiCRZsdk2aUGcphGkhBiW2fqokExCgFwJb is de-activated:  0.002283
2024-08-13T16:55:29.230Z STAKES Stake account 8XvbiAaXxh8KGaAPC1c6oZcSdU7ejRiPcKfzXeSDAUUp is de-activated:  0.002283326
2024-08-13T16:55:29.230Z STAKES Stake account Fdq9BeyRRccUfsCG7UQBKig1Vkubn6YwcdxSZKEoGaMj is de-activated:  13.56402738
2024-08-13T16:55:29.230Z STAKES Stake account 34szCLkvhpQ34GaiKPbdiXpEMZF1KViAa1xcqv2kgUuw is de-activated:  0.002284436
2024-08-13T16:55:29.230Z STAKES Stake account 5BoLqGqvojXs5RmJw3KRDKQufGtWrndvWBt2yGcwgaCe is de-activated:  11.516258735
2024-08-13T16:55:29.230Z STAKES Stake account Cujzb6pyiQq4QmshwvkDj7reNZxy7jcr77ZaZpBcPnMQ is de-activated:  0.002283358
2024-08-13T16:55:29.230Z STAKES Stake account AuapXbhwJdD4Z5YS56nVLZsQUPd3nVfcdB5r6aicDD1N is de-activated:  0.00278288
2024-08-13T16:55:29.230Z STAKES Stake account AznFznvtPKPskKqXFZXgkftiZ9kwNMvM5rEWTDJJ7j3v is de-activated:  0.013383415
2024-08-13T16:55:29.231Z STAKES Stake account 53trUX64eSeaMDiC7bbVL2JVDn41MBwpGXfXB2corp8g is de-activated:  0.002283384
2024-08-13T16:55:29.231Z STAKES Stake account Q5uBRFLUAqyw59HFgPoXXvdFeYFwiJTBP1HvTjUQBXY is de-activated:  0.012250897
2024-08-13T16:55:29.231Z STAKES Stake account 35pNMWEBf8bh5WgJV2pjtqLKTE6PdFqhdrzRgoAhJSPe is de-activated:  0.002285417
2024-08-13T16:55:29.231Z STAKES Stake account AysihmQKGACtiMJxgMSxPwrktp3g5zzvJYn5cXGDWSVW is de-activated:  0.002282881
2024-08-13T16:55:29.231Z STAKES Stake account 8BnRDQdHC8Szydsud4udKBrtudXFBATLPDac6VveL6rf is de-activated:  0.002283386
2024-08-13T16:55:29.231Z STAKES Stake account FrfMVCzxUhAuPwPr2927FJfT19M74fk2iYWm7BpQvFdS is de-activated:  0.002283385
2024-08-13T16:55:29.231Z STAKES Stake account GDK3VYEpexXYcvcnR2nTPDFjocKhbRVfbmysTGABuwuR is de-activated:  1.134913541
2024-08-13T16:55:29.231Z STAKES Stake account AYjDQErP8FKeUNVkVqLjH1TGAtgU8oPfrTGW2gLNAS7h is de-activated:  0.00278288
2024-08-13T16:55:29.231Z STAKES Stake account C6UugqaPENqgUpxthzuUhzjrKQgihwMknSNLSQTR7FA1 is de-activated:  0.002302236
2024-08-13T16:55:29.231Z STAKES Stake account DP4mEit8fhd8ZiU4TcMPuXK6o4umaxG8fzdYEGoxrkqw is de-activated:  0.056794514
2024-08-13T16:55:29.231Z STAKES Stake account DVDAP4v8PabDWE5MYNyUEoNtHBgENvugsF5BW8D4cSJa is de-activated:  0.002302255
2024-08-13T16:55:29.231Z STAKES Stake account 9HGyFphsVAGKfY9KXN6YGKg7mzih25fo5HVuWLN9fFP8 is de-activated:  0.846643192
2024-08-13T16:55:29.231Z STAKES Stake account BTcUtrnJ4E45Drni85RKNAdggbuMivgMojdL1hzoVb2n is de-activated:  0.002302247
2024-08-13T16:55:29.231Z STAKES Stake account CgcdifcfXjP8t5cszZbEtv1znuurFrW72BmRy6fnEAgQ is de-activated:  0.002302236
2024-08-13T16:55:29.231Z STAKES Stake account 3jDV4wTAV33hMDSNpe1mZaGDd4BgWh1QLePk7RtRDzeh is de-activated:  0.003100633
2024-08-13T16:55:29.231Z STAKES Stake account DALpruN8W7C4duRH46JwVVre7CQdAPsBXawegikYmPs3 is de-activated:  0.561925778
2024-08-13T16:55:29.231Z STAKES Stake account 3E1LeLkVxh2Nm5p7pKBtgLYrEUe2pu5XFcU9FHc5YHx6 is de-activated:  0.002283375
2024-08-13T16:55:29.231Z STAKES Stake account A7maxbm1Eiqkmv5JzYJzvBKWv8iFSkgUtA7id7Jtid96 is de-activated:  0.00278288
2024-08-13T16:55:29.231Z STAKES Stake account CChcF2vv2qJs6LL56tHvPeKguLpHS2GiM4maHE6ShxjJ is de-activated:  0.002302255
2024-08-13T16:55:29.231Z STAKES Stake account DtNPyeWKahT54e65N2FwAk6vF4qkQdKXe4LYGAFxnP3E is de-activated:  0.002302255
2024-08-13T16:55:29.231Z STAKES Stake account B5VVFTCsHEqWRCBaTFeqEgvLHB5BWw85fLKPq7kXeWXi is de-activated:  0.002302255
2024-08-13T16:55:29.231Z STAKES Stake account A2HRwMiremxPnqjd2h8K798tKdGmZuummsxpudeGyehb is de-activated:  0.002282881
2024-08-13T16:55:29.231Z STAKES Stake account G4xVsd58heq2HjzLUycCivok2yLn38iBt2z9VJMLYi1R is de-activated:  0.002283351
2024-08-13T16:55:29.231Z STAKES Stake account 4TJ9itMUSdnRiyY4H2StxozBTFbkmd5cGVNz6gAD1XuH is de-activated:  0.002302236
2024-08-13T16:55:29.231Z STAKES Stake account 2GuUJ1GNd9DhoZHP4ZiCbwswbbi3iPvRS96VuYB3CgxD is de-activated:  0.002283856
2024-08-13T16:55:29.232Z STAKES Stake account 43TW8d7BJsXSWC7ioRd2rsCkckQpnT5cppDadKtMXCdX is de-activated:  0.002283846
2024-08-13T16:55:29.232Z STAKES Stake account 2VQ83gqWxJnNvS8k6gnYbCwyjp3UxzBJqwFBF93qzY97 is de-activated:  0.002283391
2024-08-13T16:55:29.232Z STAKES Stake account 2icKB5z78TCTmgXdxgocr8MZaBq25yihmmqjaVBX1RsV is de-activated:  0.002302281
2024-08-13T16:55:29.232Z STAKES Stake account FvksBmDK4Jr1BVX9LZDiVXxJQCXvRq2EmR6o16U9mUJn is de-activated:  4.863649606
2024-08-13T16:55:29.232Z STAKES Stake account FtdkpAA1gN2ARpzVAJtM3GTCyaagH6F163oueWKoAbpL is de-activated:  0.113695783
2024-08-13T16:55:29.232Z STAKES Stake account 5Laxc6n842y5iTYjbHtZbGGfNWQN6yiJP9gVSptVHu32 is de-activated:  0.003100234
2024-08-13T16:55:29.232Z STAKES Stake account E464xCFQE6HL4SoPvxJNx27Lqk9FjnJZsJ2tYna8HwAr is de-activated:  0.002302236
2024-08-13T16:55:29.232Z STAKES Stake account 5ikv65HuFzgrXhXcRCB2urTgP52peSuam3DCsV6zp37L is de-activated:  0.002302247
2024-08-13T16:55:29.232Z STAKES Stake account BNDnfdS2cVYHdxQEMdy5vABcRG48wBdWQ6vBxN4Gkro2 is de-activated:  0.002283323
2024-08-13T16:55:29.232Z STAKES Stake account 9c4iawKXVDeKrTkGp7xgVamXnjoAep4MBtbAP2RvRvGU is de-activated:  0.066861814
2024-08-13T16:55:29.232Z STAKES Stake account HLzHEjksmt2JnHkAr1cAuo6gZUoYib4ays1DW7iSMxQ3 is de-activated:  0.201045785
2024-08-13T16:55:29.232Z STAKES Stake account BjbEhQRGWtQYMPu25E3RY25VXmbkweoQpHXz45ug1hii is de-activated:  0.112105486
2024-08-13T16:55:29.232Z STAKES Stake account HxeeeFx17dB25kPemPjWCkH1dvGQbPNQx3SiwWBTHzHq is de-activated:  0.002302255
2024-08-13T16:55:29.232Z STAKES Stake account 57zkiksPa1cFGHwodc8DowvTpCtDZFVMVjwAUNTQH7ZR is de-activated:  56.760816779
2024-08-13T16:55:29.232Z STAKES Stake account GUpURPYNJxhoGwGXd3Dit63wjuWmZsqw4MqYwczzFrXN is de-activated:  1.130607225
2024-08-13T16:55:29.232Z STAKES Stake account A5gS2SGCxCRyXMfdMQ6Z4y56pvVtS1qWoLpQEwvegHTq is de-activated:  7.162070958
2024-08-13T16:55:29.232Z STAKES Stake account 69pY1NYUxTHSgkB9RS1RAiSkphisUdB6qAZwc9sgTHXT is de-activated:  0.00278288
2024-08-13T16:55:29.232Z STAKES Stake account C2Kr2S81ZS8CEF1RXz5qWenVPtwJA4rGhQ19ms8EGnd2 is de-activated:  0.00278288
2024-08-13T16:55:29.232Z STAKES Stake account AxJBozLK3doqgiEfcvkiUXyygDjuHZ6mta35uMHvw2Ur is de-activated:  0.03399388
2024-08-13T16:55:29.232Z STAKES Stake account EFucKk9axdFna36h1tGMgKoijKFyrKGvxWf4P2GqaYkk is de-activated:  0.002283333
2024-08-13T16:55:29.233Z STAKES Stake account 14Kx7j1Lmj5qdjrLEevABT25UrnW2CWfa1UajY5wrXvw is de-activated:  0.002302281
2024-08-13T16:55:29.233Z STAKES Stake account 3JzrAEA1dCFQBaMGcpmoCs8zmJS5KhnCym6uSWLUqF2Q is de-activated:  2.520390712
2024-08-13T16:55:29.233Z STAKES Stake account 6fQ2P73FBDgjuLgTGJa4dzMyxtSZJa3R6KVGQd842Gjk is de-activated:  0.002302247
2024-08-13T16:55:29.233Z STAKES Stake account ED4AnNYVmxYUfZGXfe9Sutj8x1v7KZciKKYuUm9muvwM is de-activated:  0.002283328
2024-08-13T16:55:29.233Z STAKES Stake account BdDFKC5bZGav47wfNXfp7FS1zceFbEPksp4719GqYmjc is de-activated:  0.002284246
2024-08-13T16:55:29.233Z STAKES Stake account DCLUXWwyfAFAK6Kxtt9zvebFTsXcar2BAod3AmjLbG3g is de-activated:  0.003101025
2024-08-13T16:55:29.233Z STAKES Stake account H8C2Qnx8yu1aPpGDWdEfKCRzYMJUqdCmToNyWjoVZZ18 is de-activated:  0.007053385
2024-08-13T16:55:29.233Z STAKES Stake account Av39xuHx5QJVRywj8LSbDgBvEZvJPcAxjdgNGk7pEe1t is de-activated:  0.002283365
2024-08-13T16:55:29.234Z STAKES Stake account 5bjQ2mF36wJhduf2g1XcMaCkm7aHSacX1193tJ2EvNYG is de-activated:  0.056767889
2024-08-13T16:55:29.234Z STAKES Stake account 28zvoLSNKkmxw93JQw9MiwC2DdZy8zxEC7uLaewjxDCA is de-activated:  0.003100633
2024-08-13T16:55:29.234Z STAKES Stake account 3ghazvYYS2pdSyhaM38aX6cezHKzyGgog6L5wYDXYN5d is de-activated:  0.00310345
2024-08-13T16:55:29.234Z STAKES Stake account AdrTBehxbeftMvzVosvFJgq3yunw1vTiw4tBAycrUCMR is de-activated:  0.003103038
2024-08-13T16:55:29.234Z STAKES Stake account 6zEUHVai5iwwNyWyqeFq3wtJD738fE7ncfwFs5Ax21aq is de-activated:  0.00228288
2024-08-13T16:55:29.234Z STAKES Stake account 9SUhuEjmfiJKrB3Zq6n7pFpUszBSp2kELy5Ld2fVpU3H is de-activated:  0.480417479
2024-08-13T16:55:29.234Z STAKES Stake account EoYFJqsJ7LQ8BDMURs78JPieGrWDZDfG8SVwDkoBkXNf is de-activated:  2.178310989
2024-08-13T16:55:29.235Z STAKES Stake account CLsJAneU6AWNmSubqnDN2tqPQodpV4VDZRyKmHTGC2Dp is de-activated:  1.809151027
2024-08-13T16:55:29.235Z STAKES Stake account 4xyW8vmzeyHLRGcdrerPVfhVvo3wQxjv51DgW2Rvw22f is de-activated:  8.580078442
2024-08-13T16:55:29.235Z STAKES Stake account BXHTuVdkz7emsPdd21XTroAmyBTp4pAg3qbswKSpqgkc is de-activated:  0.125460612
2024-08-13T16:55:29.235Z STAKES Stake account FVwNQkdRXgawn9BjXj4Z1MCY8y3GBVxEVtKR3QNLQYQM is de-activated:  0.00310345
2024-08-13T16:55:29.235Z STAKES Stake account uWJnCMvbYs2He7AXxJi5Qd2SSPy73R3y1ZLXMRUjmKK is de-activated:  0.113969682
2024-08-13T16:55:29.235Z STAKES Found:  1  accounts that can be de-activated delinquent validator BZpEFk6ANWzLgGn1Pc3xRdquMKW5GKmLpstx3xoPPBm7
2024-08-13T16:55:29.319Z DEACTIVATE Blockhash: Bx55chrLP3MHcew5nAzU1QoYY3Tis2y6kwEawwp1HdLR
2024-08-13T16:55:29.411Z DEACTIVATE Sent tx: FjjER94d1wmG6H9cW2EmZrNFZVfn45BG2rAnohaoYvmpyei94LfB7AULKuJaXRsuZkzNYfu6mZRv4gfUNi2SmGW https://explorer.solana.com/tx/FjjER94d1wmG6H9cW2EmZrNFZVfn45BG2rAnohaoYvmpyei94LfB7AULKuJaXRsuZkzNYfu6mZRv4gfUNi2SmGW
2024-08-13T16:55:29.515Z DEACTIVATE Waiting for confirmations...
2024-08-13T16:55:46.656Z DEACTIVATE Confirmed.
2024-08-13T16:55:46.656Z FIND Deactivated stake accounts with total balance:
2024-08-13T16:55:46.656Z FIND Total de-activated: 0.002382919
