2024-09-26T09:55:19.553Z FIND Found epoch range to explore:  672 676
2024-09-26T09:55:19.557Z FIND Found delinquent validators [
  'AXA7ztxJGz77RHmocYQ6MEbPYHbpc3TmhtQqZGrdzqo1',
  '7Tky1T9JDevVnNi9oF7tbq6T9KjRVdsMyrHusMKWbY4n',
  'DDyikTKaM6RW8PZes38aULUeZkWCtecPZt2pmGCby5Q4',
  '8M7fvH3pXSrDK8xaNXLN6kNxaAL3J4niRqPvzQru7X4w',
  'GcZakcYcZjCn9fyGzdZts416jV8BhqDMxZXTz4pEtqpu',
  'GeAakdM3EaC9myuy9Lmtv6DGxHiXGekx7CxNr8jdeuNx',
  'GuThGBuwCxeoCeRb1yp3idtd7BkGFtTUCaqGkapbiSFu',
  'Gtjo1BPYNZjUJzrNLHE6KzY47XNErdXk5A7RH82s881j',
  'F3KghztFNNgL2zL1VPBq5ndQJYMwXhpDX9eRCrNmDjFn',
  'GrWXv9BJnvauGu9cy3ZLvBuF5CBLyDdoaPRS7sQ2kHP2',
  'EfuNZaDkNTvrLSDss9qb8foTrbtHisWdzxBRn9zLfB9z',
  '68Py729tjYf1mjPJg9fuCm3HdCejEAnYRShpWxtKgN5F',
  'EJ7vE3BA1SChJs5s3h598p1KUSLwkCGrszgZsArBgT1C',
  'DD4k6dMPn6VSy5BpGQSb4ansEDyGbXbzxx1g71PHLzEF',
  '5omuaCZDAyg9nutmRozSKXAq8QtccevGqyPjTYGKYCif',
  'TH5NmhGi7RPZebUgarGCZZk7h7ZyV9otr1u6GrtLXsM',
  'E7hyRaTAmb4e6muUXGd3ypB3ZHcGut3Ngpxm1ManLQmn',
  '9Py4dL4KEa61g526bbZgHrQziEvPNg1S3ii2dsSynowh',
  'HsApTqQZvo2YKUTAezN4yeygu61A85TSyJoU69yegs51',
  '8qq9tw5QpoWnAh9hK5Uzkt4YC2Hygpeyd5iQZTocSBYD',
  'Uqt9NeBe9LsYThG9S64pG2s3nsJ8nCLvnWtJNC6rKKA',
  'FbRosCwR5zW7RLMd2DzQ9Pwfvp2cAaSYSa9LioXeDXy1',
  '5wrt7qmJ8zesntEhdYqZWGJnCD31gnWi7jGmF4PGwsAN',
  '2w1R9brqaUBu7jAboxGPKui9wMwNTcWcTMW9YrHu6obv',
  '685qv16TfRSkwkjM5or3JTEZaPstH3mNW36gFZA3FKc9',
  'FS33hJY77m4BWfjJ4s2xK5Bq9kLPpNRAbeD3J6hXLd4V',
  '3iWcP272GyeGSZBns6echFedaPoDgyprrY3URhRfWYdt',
  '5Hkc3nutFnd36LJJ3uKm6VWgrbPc1gKSaT8JpiowLJmH',
  '2WdrMdtKKSf5Yd4AjHNorNZ832KWiyYFSN94dsaj2ZJn',
  '2rBL875drcTQ9oSUNjqyLj4A7pLvUwtYdPL5cnLjFNUW',
  'BuKQr8TwrEyz9urVgGGWv9LRYU6gAvrddLJsttUAJqiP',
  '8nBL11XWJMEcDTq6ELVZ1qWa1DWNG7j54FgvviyRWE1D',
  '6qh4syVPTGdZVrHAXsc2MtAxNEiHHHQqxMqZEgRfHxZ3',
  '6iofqZZRkZvKuqtQ5XmDrPkbEV8cu3AbtPLC589ZKfrX',
  'CtwauaA2VtDFqjrPuXXpmUxtFTdi59Ld7WowBkPDXzk9',
  'CMsRrdUPjdXFLHLMxsxxVmh4W528jcnWQqXcHPW3x43j',
  '3PUJztwgkqpk1Dx6FAXjUsn1MmAyRaL35fZFQpi8N2WS',
  '8GdySX8FWuefbSZSB6VYfT23H5JCdv7ySA8wWA3F8F4s',
  '85RFFFZiCbfDnBdoSaNvh2LF67sWKd8uRNzXmGFFvaXM',
  'DfD8xygCpHotDRGa6mmetuNwJYE9BwREJzJam3LepHiU',
  '9SNtHX34DoHZsY16AY4ZufxFHygjkeR55KmDGrSH4arQ',
  'EfLXVu1GRNrwmEQenkmBrKQJoeeqzk5PLuVoKzUiMooq',
  '5GNZN7FQoCQPsB3shkiQbwshSFZpe96PAcD5cQuboZZ7',
  'DrPsz6W3SyvNUJhznmNT2X8grPYDEqdEvuBCfxGv33xL',
  'BjYWWh1yyvAZQFhYhYBnhoiyUwSSGbNVEHHz1V95jAhm',
  '2Ramrp1CQSLC1QRmEqNA4nJ11ocyirNFjuxXoM7QjidV',
  'H9LewK8VxCnfLG7rQqwogWqFqa9h5qqvizRCQiu7Y5rY',
  'GtuK529GrWRdktAnGSNLsBau7reojdYyP1WBm35SAXgC',
  'GcQseyAzbyA1KRSKGxQgpUmyDBvdNFc7y6JQEuafjFTs',
  'J5xdcPTXrGHguwCvrLzAy7wVtALo8dcH9UER7X6W7mv',
  'GqVzdBZ95yrinDkY2ougx7HR5JHVh5CiUXY9hksFu9ia',
  '4HudwuUL6z9SbMvoFXXqy2J1kzbJW6Sve1kRXoKHECsu',
  '7rRvt7YBMyoKqxKibbpLJEBnA1iWwD9QXAhD8CqqC8fd',
  'HYRZ46cBaD5t6MzHZW6RUSJEWhNsedTFRivP7WSfCjpk',
  'GoMxSsZtYpG6ySeABvJ9mYoa9PqNxeBcry19ArbJusQd',
  '7Sd1cSdTVgZbr9ybERxdeQVmwNddVo88zC99md6ft5tN',
  '9Tbfc8EqMjnwwekX4eSjxTYyD8jaXPeujCvQLaDVD4bo',
  '9X8qdtYB1CfZ6L5JFcwZoyz6HusUpGC47BSdDcwYcaCs',
  'EiBkEFDFcV6Hm5rawweVxFg5urbPpqV7JFPWB3XZXwA5',
  'FPqjaCnSWVrwhbg7JZ8ABF8dGAXgVU5q7vgqSu5DjpNE',
  '8i1Rj9q8TGd12pTnraShWuJPAcSVfcYvFtPzfc2WUiNh',
  'diTNtixiNhRoTRSKTB7FPCBRCxChxs76WEuejB4hyfX',
  '8VdqPXjRWywAwnhPxuoYV6Jrw15HJP3sEAp1M3GnuDuF',
  '3jujgVKtL9vaDVkvUpmTMfdccTPbzsw1UeJh4p8A8AeA',
  'BbSV8Xdt6oEJ9CM2ecutRAMRjmApszkJhn97XC9U9fnK',
  'GwT7sTF3bCQrn4oyeV5bAgCZjC5Kz624JqCUdhj7nk1W',
  '3LD4qkmgthaVwjS9RdFpDptm8RAi1qzAA959X8whKXBj',
  'SPZQ7mAJZQDHd7zyVNjDWHG6Hg9jkNCnQ2g1Rvfdmwt',
  'Gx61qmf2xjPFpwPn9GPLNMPAxr4gZ6mup2YDzE3MwSec',
  'isUomyVHsuAaMHngJ1z9Ho19Cd49cfWQeruGuwzk2SJ',
  '9PqDDUdnp8yQxmNBLZUkiviEFTqdkVHFtuxYecGPFrgJ',
  '4CMy7v8JK83oZCgxWAjYC37TV3VwcJPRPtoLKW2b4tHq',
  'FXRpG4jSNtmKita6NmYLbhWZNXoZGKhz7VACRa93ysQ8',
  'GCB87BWgT4eUyYxUjwfL8EM8DptrZ2YfDjLukiDpYamb',
  '9cqgReCAzkszADM9qvLixANPTotFRrjB1z9GJQZm5Weu',
  '713hC8PyHeYkHYobyN9D985QeFMoxYbYGLPtUqYevGws',
  '7N4Sz9tHuLjivyk465aUfs4w5gV82ErCKjgnRPTbXa6s',
  'FwQrixNSWGmpp744EbKdFckjcKwvMWizYwsoZo8e6qWW',
  'Dxsyvpi7dsNMUgxSBzCmfSP7BpnEXs1u7fLXfDBH4eQD',
  'FscAQgVoGXLr4J119B7tRTstvRjz2s9oTzXSdDU5Qddj'
]
2024-09-26T09:55:19.558Z FIND Found reference validator he1iusunGwqrNtafDtLdhsUQDFvo13z9sUa36PauBtk
2024-09-26T09:55:19.697Z STAKES Found:  50  accounts for delinquent validator AXA7ztxJGz77RHmocYQ6MEbPYHbpc3TmhtQqZGrdzqo1
2024-09-26T09:55:19.697Z STAKES Stake account 3Xzuma93js61tCy1dcpqmqsnsb7GgzShfrWffBzYCZEK is de-activated:  0.005281348
2024-09-26T09:55:19.698Z STAKES Stake account 8R5pqeH4nEjJdPEYWZLGYtzuPtoAe24ackghbmkFDPPc is de-activated:  0.010750264
2024-09-26T09:55:19.698Z STAKES Stake account 9Ez6CfPcx4wZ3jPeD2R1A887itRSpBodpJvLAX6JpKcE is de-activated:  52.394564054
2024-09-26T09:55:19.698Z STAKES Stake account AJEJNny1sZKPxs9ZYzAmzNbtUU3MyvTpXM59tDG64oo1 is de-activated:  0.619115809
2024-09-26T09:55:19.698Z STAKES Stake account DkSuwy58Ncm7TY6xVTuh53uFgVxFDHMN6xtTrh8u3gB8 is de-activated:  0.002282881
2024-09-26T09:55:19.698Z STAKES Stake account FRVZxQ3NNGcxXH2fniGAJ2ZQrGEJwT17TATPh99DnZiR is de-activated:  0.006886136
2024-09-26T09:55:19.699Z STAKES Stake account B9HpQQKHt4npcFzNzPKX53QoMR9iMb4WUE6eecgsF8aU is de-activated:  0.024079435
2024-09-26T09:55:19.699Z STAKES Stake account 4ZedxyVUKEEfpfHG9aMUxKb98u4neHxiRHkxg3jHCVJB is de-activating:  0.011517191
2024-09-26T09:55:19.699Z STAKES Stake account 6Suyd6k4rTcVhrGBJJYU2EdSdyNFgnaLuTqox3RhtdRe is de-activating:  0.48604267
2024-09-26T09:55:19.700Z STAKES Stake account 68Uh9wVRAy3TyLLdrCkcNhAPQMAfrwe76x1LM8QhrNmg is de-activating:  2.524284409
2024-09-26T09:55:19.700Z STAKES Stake account 7C7jGGg1n9baddEGPtmQNbMr1A5URHJYpp8bsQeZN19x is de-activating:  49.794282041
2024-09-26T09:55:19.700Z STAKES Stake account HVYu7VepApKvm8M1N5dAgaKKyNjYKCSYZX52EqkJyXEh is de-activating:  1.058395202
2024-09-26T09:55:19.700Z STAKES Stake account B9XXR9H2pGCruGWyRJ2szi1i3G4uaS2kh7vP4paMHWSJ is de-activating:  0.00437446
2024-09-26T09:55:19.700Z STAKES Stake account 4WTF8fUWZVghBjMgroyUoi3FwKZMVzamzK5ZvhaygLKP is de-activating:  210.736796122
2024-09-26T09:55:19.700Z STAKES Stake account FTVNbptSiyvFNfU3nKefK6Fyw7SdqRzeWxhBsD8t2hZ4 is de-activating:  42.910302889
2024-09-26T09:55:19.701Z STAKES Stake account A2hWL8XAaajbCJWoVRRb4RCoA3MKHEVfoNzEgQyWHsT1 is de-activating:  1.039180751
2024-09-26T09:55:19.701Z STAKES Stake account BKwPNstGSFAQs7SwEoE6Zd6k1ihKhEoZse27qRLbmNUn is de-activating:  20.068419401
2024-09-26T09:55:19.701Z STAKES Stake account 6FH9bhczUG71gJztvRptxmq5CQZLW8PRopBVQJaWogqy is de-activating:  18.270643711
2024-09-26T09:55:19.701Z STAKES Stake account H629vDLCha3bTbQEJgX6AyA6GgXUb7trtRyhPVDkPyJg is de-activating:  1.062679889
2024-09-26T09:55:19.701Z STAKES Stake account GyTekvgjJX1sgyvhFrX2qeEfEGeHoVDLNKrx42azyE7e is de-activating:  0.053539754
2024-09-26T09:55:19.701Z STAKES Stake account J4iFuQf2SvzA8cUTiaJshr5CV41KvRAdyPiGcHxjg1en is de-activating:  11.936569874
2024-09-26T09:55:19.702Z STAKES Stake account 51hsKMXkHAKpPVQkrB8D3U7MLrJnAQcvPGqoJtqamq5b is de-activating:  21.143620269
2024-09-26T09:55:19.702Z STAKES Stake account BTUSruvMru7XHdNBGXQeVqcG45gStocbqYAQBpjepM3K is de-activating:  0.013947112
2024-09-26T09:55:19.702Z STAKES Stake account 9ygf3ZdhX2cWj6VGXr7D3KqCsTi5iECzt8X52TANhwCf is de-activating:  0.007321285
2024-09-26T09:55:19.702Z STAKES Stake account 3gXWS5jA6a29tdQMLHJqMB4xFi8Pv6N2kFZn2QgssSv4 is de-activating:  0.003283279
2024-09-26T09:55:19.702Z STAKES Stake account H61tF3aiFNDb4mZ8nh46kQJwDoCgwWCqwMktzKvTBPnp is de-activating:  47.567879017
2024-09-26T09:55:19.702Z STAKES Stake account Gp7e8S2FZunMa69zwGu7A9zCJk5o4hizM4669Lno117f is de-activating:  10.601650874
2024-09-26T09:55:19.702Z STAKES Stake account HxKNaAANizf3no5wckDiLigBYTxQ2S8SeNozjiob5v35 is de-activating:  0.31727138
2024-09-26T09:55:19.703Z STAKES Stake account DecKH4dxjLTJY2jFAPTiyTDmeW8AXaxQW3uEZz9Rx8d4 is de-activating:  1.060259136
2024-09-26T09:55:19.703Z STAKES Stake account AqzCjMgPQdMCcNMtNjfLrm6LMjrKrhufg1Yw462V3p5d is de-activating:  0.022951513
2024-09-26T09:55:19.703Z STAKES Stake account 7pXoZ6SriKwgGorCfGozdj9yjQ8pEEtj21aNn61DACxp is de-activating:  52.853213397
2024-09-26T09:55:19.703Z STAKES Stake account 82nVtZuH9QjRqtyCianGqr8aXubVNeyHCz2Yz9PhSjvN is de-activating:  2.649705056
2024-09-26T09:55:19.703Z STAKES Stake account 8Jvjg2RBxWZxAeEetBv7szo67PAP3HJ4M6YSosdSWVd5 is de-activating:  2.316337083
2024-09-26T09:55:19.703Z STAKES Stake account Ff4hu56rD2dkavGe3BgAv4E9N8se6p6iyJqRdt5zEt6Y is de-activating:  2.111136569
2024-09-26T09:55:19.703Z STAKES Stake account 9Z4dCgQa3NBuTtv91KVws15irinNRN9JwNkmF1ExXmSp is de-activating:  14.23410671
2024-09-26T09:55:19.704Z STAKES Stake account EEBnS7Eku1c76zci93SDQPxiqBPTyaVXZHCkfLfmm44b is de-activating:  3.187677519
2024-09-26T09:55:19.704Z STAKES Stake account FNf2FsCPdSBHcEKJKkDhFmDPQDwftKGZ4R9f5y1qraGi is de-activating:  74.949734089
2024-09-26T09:55:19.704Z STAKES Stake account 8bCAGQzXRqcr7qxD3MP4bcd3c38VpgyHKa1HRfP54TqL is de-activating:  211.415658004
2024-09-26T09:55:19.704Z STAKES Stake account 57QmHLYu6umq4hpD1pmzjRcs7gcqftV8m3rttXVueuL3 is de-activating:  1.504343747
2024-09-26T09:55:19.704Z STAKES Stake account Cx4UZfxynM1maBUBuJFeTnH6RnPVmGfvMJekhbG2cnuV is de-activating:  0.003355572
2024-09-26T09:55:19.704Z STAKES Stake account TMTBNdZMZpJsj2uuabk3MdBhBrcyzz43GH5q9hegWTw is de-activating:  0.002693583
2024-09-26T09:55:19.704Z STAKES Stake account YcosCGcFsSuf38LPLM41agtDmsf5FKDMPA35sUUZzED is de-activating:  106.089987875
2024-09-26T09:55:19.704Z STAKES Stake account bxBfsYP96ZaKNHyY1L8N1KirNWixsnsTHJcSdUktiHL is de-activating:  22.200687142
2024-09-26T09:55:19.705Z STAKES Stake account grzW5PMmXocVyKTnzVXzZqpp7GPghbohp2wAgs6oKo5 is de-activating:  11.7912941
2024-09-26T09:55:19.705Z STAKES Stake account 21tasTZWFe3jEtM5tVt382JUZTaa32yimhPBVPTwiif3 is de-activating:  0.007311568
2024-09-26T09:55:19.705Z STAKES Stake account ACvHp2wvzRamJkcGqyZrgNaU2ShkcrmqxrAjjzJPBmuJ is de-activating:  0.00328288
2024-09-26T09:55:19.705Z STAKES Stake account 2UyUTr1UGarmFuwcgysRDVyWvnS2QJ4fjPV3hrytPyPY is de-activating:  42.265056555
2024-09-26T09:55:19.705Z STAKES Stake account 2crf2G6b9Bw6JdogLV2HX6sydSc45m5JHphFBAdKkjee is de-activating:  1.557233425
2024-09-26T09:55:19.705Z STAKES Stake account 3BkqMtojxL6WHkLapsAfGHxYNi11kedgfkpQ2aGr1nnE is de-activating:  0.022501348
2024-09-26T09:55:19.705Z STAKES Stake account 3GiriQxvEwCHmJQm3HXB73vPezRE4uBj2QyNT638C3QL is de-activating:  0.007366828
2024-09-26T09:55:19.705Z STAKES Found:  0  accounts that can be de-activated delinquent validator AXA7ztxJGz77RHmocYQ6MEbPYHbpc3TmhtQqZGrdzqo1
2024-09-26T09:55:19.705Z FIND No deactivations possible for this validator
2024-09-26T09:55:19.767Z STAKES Found:  8  accounts for delinquent validator 7Tky1T9JDevVnNi9oF7tbq6T9KjRVdsMyrHusMKWbY4n
2024-09-26T09:55:19.767Z STAKES Stake account DLtQJzzAw1E4oSbLFY9XV418Vudc44B7MqTquTN4zNp7 is de-activated:  1.508496203
2024-09-26T09:55:19.767Z STAKES Stake account Cd2xvCAQFKDNFAmdpKjRE4GCEdajwNwJ5eFs76LQT3Ad is de-activating:  5.032787953
2024-09-26T09:55:19.767Z STAKES Stake account 5K145yFrJSkVfBAVZ77APuoP2Kj5uvoJ2a8Hkuy3aVUh is de-activating:  0.003283745
2024-09-26T09:55:19.768Z STAKES Stake account CEjLLe5hvMVNf74hN3RxyBfhtSdiA5kVf6zbD69JgdpS is de-activating:  2.517535411
2024-09-26T09:55:19.768Z STAKES Stake account 6oykKtrHSPi43w17izKRRofiQ2PrQQuiQuiPbZnCxA3m is de-activating:  15.007107751
2024-09-26T09:55:19.768Z STAKES Stake account EWoSDiWcnaF9a47WtiDwjLPsK8LaGSwQ6nrLjYPfp2CJ is de-activating:  0.00328288
2024-09-26T09:55:19.768Z STAKES Stake account 2ithY2URchpUVWGEqRx9BJjui3Tqu6EtQKyvma1xzygB is de-activating:  6.000150055
2024-09-26T09:55:19.768Z STAKES Stake account 2vjU3Ge49AUNsoiwvR65RnD6aFwN158ieDbuNsibVZci is de-activating:  15.000375223
2024-09-26T09:55:19.768Z STAKES Found:  0  accounts that can be de-activated delinquent validator 7Tky1T9JDevVnNi9oF7tbq6T9KjRVdsMyrHusMKWbY4n
2024-09-26T09:55:19.768Z FIND No deactivations possible for this validator
Server responded with 429 Too Many Requests.  Retrying after 500ms delay...
Server responded with 429 Too Many Requests.  Retrying after 1000ms delay...
Server responded with 429 Too Many Requests.  Retrying after 2000ms delay...
Server responded with 429 Too Many Requests.  Retrying after 4000ms delay...
2024-09-26T09:55:27.580Z FIND Error processing validator DDyikTKaM6RW8PZes38aULUeZkWCtecPZt2pmGCby5Q4 429 Too Many Requests:  {"jsonrpc":"2.0","error":{"code": 429, "message":"Too many requests for a specific RPC call"}, "id": "7192ce71-6ac0-493c-9250-23150bd75830" } 
 Error: 429 Too Many Requests:  {"jsonrpc":"2.0","error":{"code": 429, "message":"Too many requests for a specific RPC call"}, "id": "7192ce71-6ac0-493c-9250-23150bd75830" } 

    at ClientBrowser.callServer (/home/runner/work/solana-deactivate-delinquent/solana-deactivate-delinquent/node_modules/.pnpm/@solana+web3.js@1.87.6/node_modules/@solana/web3.js/lib/index.cjs.js:6474:18)
    at process.processTicksAndRejections (node:internal/process/task_queues:95:5)
Server responded with 429 Too Many Requests.  Retrying after 500ms delay...
Server responded with 429 Too Many Requests.  Retrying after 1000ms delay...
Server responded with 429 Too Many Requests.  Retrying after 2000ms delay...
Server responded with 429 Too Many Requests.  Retrying after 4000ms delay...
2024-09-26T09:55:35.358Z FIND Error processing validator 8M7fvH3pXSrDK8xaNXLN6kNxaAL3J4niRqPvzQru7X4w 429 Too Many Requests:  {"jsonrpc":"2.0","error":{"code": 429, "message":"Too many requests for a specific RPC call"}, "id": "6af778dc-7fd3-4c54-910c-4c0335679433" } 
 Error: 429 Too Many Requests:  {"jsonrpc":"2.0","error":{"code": 429, "message":"Too many requests for a specific RPC call"}, "id": "6af778dc-7fd3-4c54-910c-4c0335679433" } 

    at ClientBrowser.callServer (/home/runner/work/solana-deactivate-delinquent/solana-deactivate-delinquent/node_modules/.pnpm/@solana+web3.js@1.87.6/node_modules/@solana/web3.js/lib/index.cjs.js:6474:18)
    at process.processTicksAndRejections (node:internal/process/task_queues:95:5)
Server responded with 429 Too Many Requests.  Retrying after 500ms delay...
Server responded with 429 Too Many Requests.  Retrying after 1000ms delay...
Server responded with 429 Too Many Requests.  Retrying after 2000ms delay...
Server responded with 429 Too Many Requests.  Retrying after 4000ms delay...
2024-09-26T09:55:43.230Z FIND Error processing validator GcZakcYcZjCn9fyGzdZts416jV8BhqDMxZXTz4pEtqpu 429 Too Many Requests:  {"jsonrpc":"2.0","error":{"code": 429, "message":"Too many requests for a specific RPC call"}, "id": "75cc3a75-58f1-468a-bb7e-9d63cd3bf2e4" } 
 Error: 429 Too Many Requests:  {"jsonrpc":"2.0","error":{"code": 429, "message":"Too many requests for a specific RPC call"}, "id": "75cc3a75-58f1-468a-bb7e-9d63cd3bf2e4" } 

    at ClientBrowser.callServer (/home/runner/work/solana-deactivate-delinquent/solana-deactivate-delinquent/node_modules/.pnpm/@solana+web3.js@1.87.6/node_modules/@solana/web3.js/lib/index.cjs.js:6474:18)
    at process.processTicksAndRejections (node:internal/process/task_queues:95:5)
Server responded with 429 Too Many Requests.  Retrying after 500ms delay...
Server responded with 429 Too Many Requests.  Retrying after 1000ms delay...
Server responded with 429 Too Many Requests.  Retrying after 2000ms delay...
Server responded with 429 Too Many Requests.  Retrying after 4000ms delay...
2024-09-26T09:55:51.106Z STAKES Found:  1  accounts for delinquent validator GeAakdM3EaC9myuy9Lmtv6DGxHiXGekx7CxNr8jdeuNx
2024-09-26T09:55:51.106Z STAKES Stake account 5kTyQ1ZLx8EhZ2uAJVBx893qrj2svP6DNN8bgHHVS7gN is de-activating:  0.002282881
2024-09-26T09:55:51.106Z STAKES Found:  0  accounts that can be de-activated delinquent validator GeAakdM3EaC9myuy9Lmtv6DGxHiXGekx7CxNr8jdeuNx
2024-09-26T09:55:51.106Z FIND No deactivations possible for this validator
2024-09-26T09:55:51.130Z STAKES Found:  1  accounts for delinquent validator GuThGBuwCxeoCeRb1yp3idtd7BkGFtTUCaqGkapbiSFu
2024-09-26T09:55:51.130Z STAKES Stake account BjNoE47PjE93wYndj99Fx3tecaX9KF4NytDkSvrbxeQZ is de-activating:  0.002282881
2024-09-26T09:55:51.130Z STAKES Found:  0  accounts that can be de-activated delinquent validator GuThGBuwCxeoCeRb1yp3idtd7BkGFtTUCaqGkapbiSFu
2024-09-26T09:55:51.130Z FIND No deactivations possible for this validator
Server responded with 429 Too Many Requests.  Retrying after 500ms delay...
Server responded with 429 Too Many Requests.  Retrying after 1000ms delay...
Server responded with 429 Too Many Requests.  Retrying after 2000ms delay...
Server responded with 429 Too Many Requests.  Retrying after 4000ms delay...
2024-09-26T09:55:59.018Z FIND Error processing validator Gtjo1BPYNZjUJzrNLHE6KzY47XNErdXk5A7RH82s881j 429 Too Many Requests:  {"jsonrpc":"2.0","error":{"code": 429, "message":"Too many requests for a specific RPC call"}, "id": "11370afa-61f9-49de-bbda-01508d3ee848" } 
 Error: 429 Too Many Requests:  {"jsonrpc":"2.0","error":{"code": 429, "message":"Too many requests for a specific RPC call"}, "id": "11370afa-61f9-49de-bbda-01508d3ee848" } 

    at ClientBrowser.callServer (/home/runner/work/solana-deactivate-delinquent/solana-deactivate-delinquent/node_modules/.pnpm/@solana+web3.js@1.87.6/node_modules/@solana/web3.js/lib/index.cjs.js:6474:18)
    at process.processTicksAndRejections (node:internal/process/task_queues:95:5)
Server responded with 429 Too Many Requests.  Retrying after 500ms delay...
Server responded with 429 Too Many Requests.  Retrying after 1000ms delay...
Server responded with 429 Too Many Requests.  Retrying after 2000ms delay...
Server responded with 429 Too Many Requests.  Retrying after 4000ms delay...
2024-09-26T09:56:06.671Z FIND Error processing validator F3KghztFNNgL2zL1VPBq5ndQJYMwXhpDX9eRCrNmDjFn 429 Too Many Requests:  {"jsonrpc":"2.0","error":{"code": 429, "message":"Too many requests for a specific RPC call"}, "id": "8785c58d-5fbe-4908-9415-91fe97284c5a" } 
 Error: 429 Too Many Requests:  {"jsonrpc":"2.0","error":{"code": 429, "message":"Too many requests for a specific RPC call"}, "id": "8785c58d-5fbe-4908-9415-91fe97284c5a" } 

    at ClientBrowser.callServer (/home/runner/work/solana-deactivate-delinquent/solana-deactivate-delinquent/node_modules/.pnpm/@solana+web3.js@1.87.6/node_modules/@solana/web3.js/lib/index.cjs.js:6474:18)
    at process.processTicksAndRejections (node:internal/process/task_queues:95:5)
Server responded with 429 Too Many Requests.  Retrying after 500ms delay...
Server responded with 429 Too Many Requests.  Retrying after 1000ms delay...
Server responded with 429 Too Many Requests.  Retrying after 2000ms delay...
Server responded with 429 Too Many Requests.  Retrying after 4000ms delay...
2024-09-26T09:56:14.517Z FIND Error processing validator GrWXv9BJnvauGu9cy3ZLvBuF5CBLyDdoaPRS7sQ2kHP2 429 Too Many Requests:  {"jsonrpc":"2.0","error":{"code": 429, "message":"Too many requests for a specific RPC call"}, "id": "8fe54fe1-6325-4c10-b873-9b9e72293546" } 
 Error: 429 Too Many Requests:  {"jsonrpc":"2.0","error":{"code": 429, "message":"Too many requests for a specific RPC call"}, "id": "8fe54fe1-6325-4c10-b873-9b9e72293546" } 

    at ClientBrowser.callServer (/home/runner/work/solana-deactivate-delinquent/solana-deactivate-delinquent/node_modules/.pnpm/@solana+web3.js@1.87.6/node_modules/@solana/web3.js/lib/index.cjs.js:6474:18)
    at process.processTicksAndRejections (node:internal/process/task_queues:95:5)
Server responded with 429 Too Many Requests.  Retrying after 500ms delay...
Server responded with 429 Too Many Requests.  Retrying after 1000ms delay...
Server responded with 429 Too Many Requests.  Retrying after 2000ms delay...
Server responded with 429 Too Many Requests.  Retrying after 4000ms delay...
2024-09-26T09:56:22.318Z FIND Error processing validator EfuNZaDkNTvrLSDss9qb8foTrbtHisWdzxBRn9zLfB9z 429 Too Many Requests:  {"jsonrpc":"2.0","error":{"code": 429, "message":"Too many requests for a specific RPC call"}, "id": "318e76c6-00ae-418a-beb3-e895388075f3" } 
 Error: 429 Too Many Requests:  {"jsonrpc":"2.0","error":{"code": 429, "message":"Too many requests for a specific RPC call"}, "id": "318e76c6-00ae-418a-beb3-e895388075f3" } 

    at ClientBrowser.callServer (/home/runner/work/solana-deactivate-delinquent/solana-deactivate-delinquent/node_modules/.pnpm/@solana+web3.js@1.87.6/node_modules/@solana/web3.js/lib/index.cjs.js:6474:18)
    at process.processTicksAndRejections (node:internal/process/task_queues:95:5)
Server responded with 429 Too Many Requests.  Retrying after 500ms delay...
Server responded with 429 Too Many Requests.  Retrying after 1000ms delay...
Server responded with 429 Too Many Requests.  Retrying after 2000ms delay...
Server responded with 429 Too Many Requests.  Retrying after 4000ms delay...
2024-09-26T09:56:30.030Z FIND Error processing validator 68Py729tjYf1mjPJg9fuCm3HdCejEAnYRShpWxtKgN5F 429 Too Many Requests:  {"jsonrpc":"2.0","error":{"code": 429, "message":"Too many requests for a specific RPC call"}, "id": "a0f50892-8ced-433d-9bbc-5244bdb4cb04" } 
 Error: 429 Too Many Requests:  {"jsonrpc":"2.0","error":{"code": 429, "message":"Too many requests for a specific RPC call"}, "id": "a0f50892-8ced-433d-9bbc-5244bdb4cb04" } 

    at ClientBrowser.callServer (/home/runner/work/solana-deactivate-delinquent/solana-deactivate-delinquent/node_modules/.pnpm/@solana+web3.js@1.87.6/node_modules/@solana/web3.js/lib/index.cjs.js:6474:18)
    at process.processTicksAndRejections (node:internal/process/task_queues:95:5)
Server responded with 429 Too Many Requests.  Retrying after 500ms delay...
Server responded with 429 Too Many Requests.  Retrying after 1000ms delay...
Server responded with 429 Too Many Requests.  Retrying after 2000ms delay...
Server responded with 429 Too Many Requests.  Retrying after 4000ms delay...
2024-09-26T09:56:37.679Z FIND Error processing validator EJ7vE3BA1SChJs5s3h598p1KUSLwkCGrszgZsArBgT1C 429 Too Many Requests:  {"jsonrpc":"2.0","error":{"code": 429, "message":"Too many requests for a specific RPC call"}, "id": "b6264319-9a6b-4e95-b740-958d5e3788a0" } 
 Error: 429 Too Many Requests:  {"jsonrpc":"2.0","error":{"code": 429, "message":"Too many requests for a specific RPC call"}, "id": "b6264319-9a6b-4e95-b740-958d5e3788a0" } 

    at ClientBrowser.callServer (/home/runner/work/solana-deactivate-delinquent/solana-deactivate-delinquent/node_modules/.pnpm/@solana+web3.js@1.87.6/node_modules/@solana/web3.js/lib/index.cjs.js:6474:18)
    at process.processTicksAndRejections (node:internal/process/task_queues:95:5)
Server responded with 429 Too Many Requests.  Retrying after 500ms delay...
Server responded with 429 Too Many Requests.  Retrying after 1000ms delay...
Server responded with 429 Too Many Requests.  Retrying after 2000ms delay...
Server responded with 429 Too Many Requests.  Retrying after 4000ms delay...
2024-09-26T09:56:45.348Z FIND Error processing validator DD4k6dMPn6VSy5BpGQSb4ansEDyGbXbzxx1g71PHLzEF 429 Too Many Requests:  {"jsonrpc":"2.0","error":{"code": 429, "message":"Too many requests for a specific RPC call"}, "id": "c3d3c8f3-8a19-46c1-a294-ccd04d865fc0" } 
 Error: 429 Too Many Requests:  {"jsonrpc":"2.0","error":{"code": 429, "message":"Too many requests for a specific RPC call"}, "id": "c3d3c8f3-8a19-46c1-a294-ccd04d865fc0" } 

    at ClientBrowser.callServer (/home/runner/work/solana-deactivate-delinquent/solana-deactivate-delinquent/node_modules/.pnpm/@solana+web3.js@1.87.6/node_modules/@solana/web3.js/lib/index.cjs.js:6474:18)
    at process.processTicksAndRejections (node:internal/process/task_queues:95:5)
Server responded with 429 Too Many Requests.  Retrying after 500ms delay...
Server responded with 429 Too Many Requests.  Retrying after 1000ms delay...
Server responded with 429 Too Many Requests.  Retrying after 2000ms delay...
Server responded with 429 Too Many Requests.  Retrying after 4000ms delay...
2024-09-26T09:56:53.031Z FIND Error processing validator 5omuaCZDAyg9nutmRozSKXAq8QtccevGqyPjTYGKYCif 429 Too Many Requests:  {"jsonrpc":"2.0","error":{"code": 429, "message":"Too many requests for a specific RPC call"}, "id": "8066045c-7417-4888-8bdb-f0e482c05afe" } 
 Error: 429 Too Many Requests:  {"jsonrpc":"2.0","error":{"code": 429, "message":"Too many requests for a specific RPC call"}, "id": "8066045c-7417-4888-8bdb-f0e482c05afe" } 

    at ClientBrowser.callServer (/home/runner/work/solana-deactivate-delinquent/solana-deactivate-delinquent/node_modules/.pnpm/@solana+web3.js@1.87.6/node_modules/@solana/web3.js/lib/index.cjs.js:6474:18)
    at process.processTicksAndRejections (node:internal/process/task_queues:95:5)
Server responded with 429 Too Many Requests.  Retrying after 500ms delay...
Server responded with 429 Too Many Requests.  Retrying after 1000ms delay...
Server responded with 429 Too Many Requests.  Retrying after 2000ms delay...
Server responded with 429 Too Many Requests.  Retrying after 4000ms delay...
2024-09-26T09:57:00.736Z FIND Error processing validator TH5NmhGi7RPZebUgarGCZZk7h7ZyV9otr1u6GrtLXsM 429 Too Many Requests:  {"jsonrpc":"2.0","error":{"code": 429, "message":"Too many requests for a specific RPC call"}, "id": "d7e7c15f-660c-4d1e-8897-c79ebf178ece" } 
 Error: 429 Too Many Requests:  {"jsonrpc":"2.0","error":{"code": 429, "message":"Too many requests for a specific RPC call"}, "id": "d7e7c15f-660c-4d1e-8897-c79ebf178ece" } 

    at ClientBrowser.callServer (/home/runner/work/solana-deactivate-delinquent/solana-deactivate-delinquent/node_modules/.pnpm/@solana+web3.js@1.87.6/node_modules/@solana/web3.js/lib/index.cjs.js:6474:18)
    at process.processTicksAndRejections (node:internal/process/task_queues:95:5)
Server responded with 429 Too Many Requests.  Retrying after 500ms delay...
Server responded with 429 Too Many Requests.  Retrying after 1000ms delay...
Server responded with 429 Too Many Requests.  Retrying after 2000ms delay...
Server responded with 429 Too Many Requests.  Retrying after 4000ms delay...
2024-09-26T09:57:08.397Z FIND Error processing validator E7hyRaTAmb4e6muUXGd3ypB3ZHcGut3Ngpxm1ManLQmn 429 Too Many Requests:  {"jsonrpc":"2.0","error":{"code": 429, "message":"Too many requests for a specific RPC call"}, "id": "95d6023f-3649-4b5e-8613-91ca7b7c7189" } 
 Error: 429 Too Many Requests:  {"jsonrpc":"2.0","error":{"code": 429, "message":"Too many requests for a specific RPC call"}, "id": "95d6023f-3649-4b5e-8613-91ca7b7c7189" } 

    at ClientBrowser.callServer (/home/runner/work/solana-deactivate-delinquent/solana-deactivate-delinquent/node_modules/.pnpm/@solana+web3.js@1.87.6/node_modules/@solana/web3.js/lib/index.cjs.js:6474:18)
    at process.processTicksAndRejections (node:internal/process/task_queues:95:5)
Server responded with 429 Too Many Requests.  Retrying after 500ms delay...
Server responded with 429 Too Many Requests.  Retrying after 1000ms delay...
Server responded with 429 Too Many Requests.  Retrying after 2000ms delay...
Server responded with 429 Too Many Requests.  Retrying after 4000ms delay...
2024-09-26T09:57:16.083Z FIND Error processing validator 9Py4dL4KEa61g526bbZgHrQziEvPNg1S3ii2dsSynowh 429 Too Many Requests:  {"jsonrpc":"2.0","error":{"code": 429, "message":"Too many requests for a specific RPC call"}, "id": "761f1e73-8bb0-486c-9127-30256b859b2d" } 
 Error: 429 Too Many Requests:  {"jsonrpc":"2.0","error":{"code": 429, "message":"Too many requests for a specific RPC call"}, "id": "761f1e73-8bb0-486c-9127-30256b859b2d" } 

    at ClientBrowser.callServer (/home/runner/work/solana-deactivate-delinquent/solana-deactivate-delinquent/node_modules/.pnpm/@solana+web3.js@1.87.6/node_modules/@solana/web3.js/lib/index.cjs.js:6474:18)
    at process.processTicksAndRejections (node:internal/process/task_queues:95:5)
Server responded with 429 Too Many Requests.  Retrying after 500ms delay...
Server responded with 429 Too Many Requests.  Retrying after 1000ms delay...
Server responded with 429 Too Many Requests.  Retrying after 2000ms delay...
Server responded with 429 Too Many Requests.  Retrying after 4000ms delay...
2024-09-26T09:57:23.739Z STAKES Found:  1  accounts for delinquent validator HsApTqQZvo2YKUTAezN4yeygu61A85TSyJoU69yegs51
2024-09-26T09:57:23.739Z STAKES Stake account 7UtKb8XiJ64cAtPS2gNAPJEbHZixnebrvkU4gTnu5fDe is activated:  0.002282881
2024-09-26T09:57:23.739Z STAKES Found:  1  accounts that can be de-activated delinquent validator HsApTqQZvo2YKUTAezN4yeygu61A85TSyJoU69yegs51
2024-09-26T09:57:23.779Z DEACTIVATE Blockhash: GtLUmw6bQA8QdH2vWuu35A4vpBgwq7JUuufZb1wS2ejm
2024-09-26T09:57:23.798Z DEACTIVATE Sent tx: YVeu6PJogY6yBY3yKJzPYoNPQjTc1CS4kVXgWuxJQrkjz64ZE5BLxnv5KphF7S8FLtmFAi9c5KHkQbXQrkdjAs1 https://explorer.solana.com/tx/YVeu6PJogY6yBY3yKJzPYoNPQjTc1CS4kVXgWuxJQrkjz64ZE5BLxnv5KphF7S8FLtmFAi9c5KHkQbXQrkdjAs1
2024-09-26T09:57:23.902Z DEACTIVATE Waiting for confirmations...
2024-09-26T09:57:43.317Z DEACTIVATE Confirmed.
2024-09-26T09:57:43.317Z FIND Deactivated stake accounts with total balance:
2024-09-26T09:57:43.341Z STAKES Found:  1  accounts for delinquent validator 8qq9tw5QpoWnAh9hK5Uzkt4YC2Hygpeyd5iQZTocSBYD
2024-09-26T09:57:43.341Z STAKES Stake account CprhassuCigom1hgrSi6ioMpvamShWgUaK5vTpKtLHH3 is de-activating:  0.002282881
2024-09-26T09:57:43.341Z STAKES Found:  0  accounts that can be de-activated delinquent validator 8qq9tw5QpoWnAh9hK5Uzkt4YC2Hygpeyd5iQZTocSBYD
2024-09-26T09:57:43.341Z FIND No deactivations possible for this validator
2024-09-26T09:57:43.378Z STAKES Found:  1  accounts for delinquent validator Uqt9NeBe9LsYThG9S64pG2s3nsJ8nCLvnWtJNC6rKKA
2024-09-26T09:57:43.378Z STAKES Stake account 7TmYPad5P8iaMq2WhKZ8vbtrPcf6XNVPde9auBpdH5fy is de-activating:  0.002282881
2024-09-26T09:57:43.378Z STAKES Found:  0  accounts that can be de-activated delinquent validator Uqt9NeBe9LsYThG9S64pG2s3nsJ8nCLvnWtJNC6rKKA
2024-09-26T09:57:43.378Z FIND No deactivations possible for this validator
Server responded with 429 Too Many Requests.  Retrying after 500ms delay...
Server responded with 429 Too Many Requests.  Retrying after 1000ms delay...
Server responded with 429 Too Many Requests.  Retrying after 2000ms delay...
Server responded with 429 Too Many Requests.  Retrying after 4000ms delay...
2024-09-26T09:57:51.081Z FIND Error processing validator FbRosCwR5zW7RLMd2DzQ9Pwfvp2cAaSYSa9LioXeDXy1 429 Too Many Requests:  {"jsonrpc":"2.0","error":{"code": 429, "message":"Too many requests for a specific RPC call"}, "id": "d437167f-a8a5-41b1-8cdd-569186b8b0b0" } 
 Error: 429 Too Many Requests:  {"jsonrpc":"2.0","error":{"code": 429, "message":"Too many requests for a specific RPC call"}, "id": "d437167f-a8a5-41b1-8cdd-569186b8b0b0" } 

    at ClientBrowser.callServer (/home/runner/work/solana-deactivate-delinquent/solana-deactivate-delinquent/node_modules/.pnpm/@solana+web3.js@1.87.6/node_modules/@solana/web3.js/lib/index.cjs.js:6474:18)
    at process.processTicksAndRejections (node:internal/process/task_queues:95:5)
Server responded with 429 Too Many Requests.  Retrying after 500ms delay...
Server responded with 429 Too Many Requests.  Retrying after 1000ms delay...
Server responded with 429 Too Many Requests.  Retrying after 2000ms delay...
2024-09-26T09:57:54.708Z STAKES Found:  1  accounts for delinquent validator 5wrt7qmJ8zesntEhdYqZWGJnCD31gnWi7jGmF4PGwsAN
2024-09-26T09:57:54.708Z STAKES Stake account 3JUhrXSPCrrWf3ZDkvdTgZpzdd7tDXkpUE3ivrQwHCSh is de-activating:  0.002282881
2024-09-26T09:57:54.708Z STAKES Found:  0  accounts that can be de-activated delinquent validator 5wrt7qmJ8zesntEhdYqZWGJnCD31gnWi7jGmF4PGwsAN
2024-09-26T09:57:54.708Z FIND No deactivations possible for this validator
2024-09-26T09:57:54.747Z STAKES Found:  1  accounts for delinquent validator 2w1R9brqaUBu7jAboxGPKui9wMwNTcWcTMW9YrHu6obv
2024-09-26T09:57:54.747Z STAKES Stake account Bai56rFwtP6j59jNfTsoX6ZrNCQ4b9HU8x8QneSVgnCi is de-activating:  0.002282881
2024-09-26T09:57:54.747Z STAKES Found:  0  accounts that can be de-activated delinquent validator 2w1R9brqaUBu7jAboxGPKui9wMwNTcWcTMW9YrHu6obv
2024-09-26T09:57:54.747Z FIND No deactivations possible for this validator
Server responded with 429 Too Many Requests.  Retrying after 500ms delay...
Server responded with 429 Too Many Requests.  Retrying after 1000ms delay...
Server responded with 429 Too Many Requests.  Retrying after 2000ms delay...
Server responded with 429 Too Many Requests.  Retrying after 4000ms delay...
2024-09-26T09:58:02.377Z FIND Error processing validator 685qv16TfRSkwkjM5or3JTEZaPstH3mNW36gFZA3FKc9 429 Too Many Requests:  {"jsonrpc":"2.0","error":{"code": 429, "message":"Too many requests for a specific RPC call"}, "id": "689a72a2-6c5d-42b2-a149-d9f405c50216" } 
 Error: 429 Too Many Requests:  {"jsonrpc":"2.0","error":{"code": 429, "message":"Too many requests for a specific RPC call"}, "id": "689a72a2-6c5d-42b2-a149-d9f405c50216" } 

    at ClientBrowser.callServer (/home/runner/work/solana-deactivate-delinquent/solana-deactivate-delinquent/node_modules/.pnpm/@solana+web3.js@1.87.6/node_modules/@solana/web3.js/lib/index.cjs.js:6474:18)
    at process.processTicksAndRejections (node:internal/process/task_queues:95:5)
Server responded with 429 Too Many Requests.  Retrying after 500ms delay...
Server responded with 429 Too Many Requests.  Retrying after 1000ms delay...
Server responded with 429 Too Many Requests.  Retrying after 2000ms delay...
Server responded with 429 Too Many Requests.  Retrying after 4000ms delay...
2024-09-26T09:58:10.067Z FIND Error processing validator FS33hJY77m4BWfjJ4s2xK5Bq9kLPpNRAbeD3J6hXLd4V 429 Too Many Requests:  {"jsonrpc":"2.0","error":{"code": 429, "message":"Too many requests for a specific RPC call"}, "id": "60c80e14-f05f-45e6-82a3-7e4777fab567" } 
 Error: 429 Too Many Requests:  {"jsonrpc":"2.0","error":{"code": 429, "message":"Too many requests for a specific RPC call"}, "id": "60c80e14-f05f-45e6-82a3-7e4777fab567" } 

    at ClientBrowser.callServer (/home/runner/work/solana-deactivate-delinquent/solana-deactivate-delinquent/node_modules/.pnpm/@solana+web3.js@1.87.6/node_modules/@solana/web3.js/lib/index.cjs.js:6474:18)
    at process.processTicksAndRejections (node:internal/process/task_queues:95:5)
Server responded with 429 Too Many Requests.  Retrying after 500ms delay...
Server responded with 429 Too Many Requests.  Retrying after 1000ms delay...
Server responded with 429 Too Many Requests.  Retrying after 2000ms delay...
Server responded with 429 Too Many Requests.  Retrying after 4000ms delay...
2024-09-26T09:58:17.735Z FIND Error processing validator 3iWcP272GyeGSZBns6echFedaPoDgyprrY3URhRfWYdt 429 Too Many Requests:  {"jsonrpc":"2.0","error":{"code": 429, "message":"Too many requests for a specific RPC call"}, "id": "9ff4262a-6b04-44b2-a8e4-c7f7f3871e98" } 
 Error: 429 Too Many Requests:  {"jsonrpc":"2.0","error":{"code": 429, "message":"Too many requests for a specific RPC call"}, "id": "9ff4262a-6b04-44b2-a8e4-c7f7f3871e98" } 

    at ClientBrowser.callServer (/home/runner/work/solana-deactivate-delinquent/solana-deactivate-delinquent/node_modules/.pnpm/@solana+web3.js@1.87.6/node_modules/@solana/web3.js/lib/index.cjs.js:6474:18)
    at process.processTicksAndRejections (node:internal/process/task_queues:95:5)
Server responded with 429 Too Many Requests.  Retrying after 500ms delay...
Server responded with 429 Too Many Requests.  Retrying after 1000ms delay...
Server responded with 429 Too Many Requests.  Retrying after 2000ms delay...
Server responded with 429 Too Many Requests.  Retrying after 4000ms delay...
2024-09-26T09:58:25.392Z FIND Error processing validator 5Hkc3nutFnd36LJJ3uKm6VWgrbPc1gKSaT8JpiowLJmH 429 Too Many Requests:  {"jsonrpc":"2.0","error":{"code": 429, "message":"Too many requests for a specific RPC call"}, "id": "fe3d4a72-7343-4b06-989b-babdd434ad11" } 
 Error: 429 Too Many Requests:  {"jsonrpc":"2.0","error":{"code": 429, "message":"Too many requests for a specific RPC call"}, "id": "fe3d4a72-7343-4b06-989b-babdd434ad11" } 

    at ClientBrowser.callServer (/home/runner/work/solana-deactivate-delinquent/solana-deactivate-delinquent/node_modules/.pnpm/@solana+web3.js@1.87.6/node_modules/@solana/web3.js/lib/index.cjs.js:6474:18)
    at process.processTicksAndRejections (node:internal/process/task_queues:95:5)
Server responded with 429 Too Many Requests.  Retrying after 500ms delay...
Server responded with 429 Too Many Requests.  Retrying after 1000ms delay...
Server responded with 429 Too Many Requests.  Retrying after 2000ms delay...
Server responded with 429 Too Many Requests.  Retrying after 4000ms delay...
2024-09-26T09:58:33.097Z FIND Error processing validator 2WdrMdtKKSf5Yd4AjHNorNZ832KWiyYFSN94dsaj2ZJn 429 Too Many Requests:  {"jsonrpc":"2.0","error":{"code": 429, "message":"Too many requests for a specific RPC call"}, "id": "ad302b47-cf0b-42d6-8143-9ff1d388b400" } 
 Error: 429 Too Many Requests:  {"jsonrpc":"2.0","error":{"code": 429, "message":"Too many requests for a specific RPC call"}, "id": "ad302b47-cf0b-42d6-8143-9ff1d388b400" } 

    at ClientBrowser.callServer (/home/runner/work/solana-deactivate-delinquent/solana-deactivate-delinquent/node_modules/.pnpm/@solana+web3.js@1.87.6/node_modules/@solana/web3.js/lib/index.cjs.js:6474:18)
    at process.processTicksAndRejections (node:internal/process/task_queues:95:5)
Server responded with 429 Too Many Requests.  Retrying after 500ms delay...
Server responded with 429 Too Many Requests.  Retrying after 1000ms delay...
Server responded with 429 Too Many Requests.  Retrying after 2000ms delay...
Server responded with 429 Too Many Requests.  Retrying after 4000ms delay...
2024-09-26T09:58:40.751Z FIND Error processing validator 2rBL875drcTQ9oSUNjqyLj4A7pLvUwtYdPL5cnLjFNUW 429 Too Many Requests:  {"jsonrpc":"2.0","error":{"code": 429, "message":"Too many requests for a specific RPC call"}, "id": "54e9d1c3-b073-48d8-baef-6351ff57eac1" } 
 Error: 429 Too Many Requests:  {"jsonrpc":"2.0","error":{"code": 429, "message":"Too many requests for a specific RPC call"}, "id": "54e9d1c3-b073-48d8-baef-6351ff57eac1" } 

    at ClientBrowser.callServer (/home/runner/work/solana-deactivate-delinquent/solana-deactivate-delinquent/node_modules/.pnpm/@solana+web3.js@1.87.6/node_modules/@solana/web3.js/lib/index.cjs.js:6474:18)
    at process.processTicksAndRejections (node:internal/process/task_queues:95:5)
Server responded with 429 Too Many Requests.  Retrying after 500ms delay...
Server responded with 429 Too Many Requests.  Retrying after 1000ms delay...
Server responded with 429 Too Many Requests.  Retrying after 2000ms delay...
Server responded with 429 Too Many Requests.  Retrying after 4000ms delay...
2024-09-26T09:58:48.396Z FIND Error processing validator BuKQr8TwrEyz9urVgGGWv9LRYU6gAvrddLJsttUAJqiP 429 Too Many Requests:  {"jsonrpc":"2.0","error":{"code": 429, "message":"Too many requests for a specific RPC call"}, "id": "004917ad-9360-4693-823c-3f883d3e781d" } 
 Error: 429 Too Many Requests:  {"jsonrpc":"2.0","error":{"code": 429, "message":"Too many requests for a specific RPC call"}, "id": "004917ad-9360-4693-823c-3f883d3e781d" } 

    at ClientBrowser.callServer (/home/runner/work/solana-deactivate-delinquent/solana-deactivate-delinquent/node_modules/.pnpm/@solana+web3.js@1.87.6/node_modules/@solana/web3.js/lib/index.cjs.js:6474:18)
    at process.processTicksAndRejections (node:internal/process/task_queues:95:5)
Server responded with 429 Too Many Requests.  Retrying after 500ms delay...
Server responded with 429 Too Many Requests.  Retrying after 1000ms delay...
Server responded with 429 Too Many Requests.  Retrying after 2000ms delay...
Server responded with 429 Too Many Requests.  Retrying after 4000ms delay...
2024-09-26T09:58:56.101Z FIND Error processing validator 8nBL11XWJMEcDTq6ELVZ1qWa1DWNG7j54FgvviyRWE1D 429 Too Many Requests:  {"jsonrpc":"2.0","error":{"code": 429, "message":"Too many requests for a specific RPC call"}, "id": "36a75d44-4579-484d-8a5a-3f85bef643ec" } 
 Error: 429 Too Many Requests:  {"jsonrpc":"2.0","error":{"code": 429, "message":"Too many requests for a specific RPC call"}, "id": "36a75d44-4579-484d-8a5a-3f85bef643ec" } 

    at ClientBrowser.callServer (/home/runner/work/solana-deactivate-delinquent/solana-deactivate-delinquent/node_modules/.pnpm/@solana+web3.js@1.87.6/node_modules/@solana/web3.js/lib/index.cjs.js:6474:18)
    at process.processTicksAndRejections (node:internal/process/task_queues:95:5)
Server responded with 429 Too Many Requests.  Retrying after 500ms delay...
Server responded with 429 Too Many Requests.  Retrying after 1000ms delay...
Server responded with 429 Too Many Requests.  Retrying after 2000ms delay...
Server responded with 429 Too Many Requests.  Retrying after 4000ms delay...
2024-09-26T09:59:03.747Z FIND Error processing validator 6qh4syVPTGdZVrHAXsc2MtAxNEiHHHQqxMqZEgRfHxZ3 429 Too Many Requests:  {"jsonrpc":"2.0","error":{"code": 429, "message":"Too many requests for a specific RPC call"}, "id": "a1a0bbf9-643b-47b6-9e9f-814e7cfb196d" } 
 Error: 429 Too Many Requests:  {"jsonrpc":"2.0","error":{"code": 429, "message":"Too many requests for a specific RPC call"}, "id": "a1a0bbf9-643b-47b6-9e9f-814e7cfb196d" } 

    at ClientBrowser.callServer (/home/runner/work/solana-deactivate-delinquent/solana-deactivate-delinquent/node_modules/.pnpm/@solana+web3.js@1.87.6/node_modules/@solana/web3.js/lib/index.cjs.js:6474:18)
    at process.processTicksAndRejections (node:internal/process/task_queues:95:5)
Server responded with 429 Too Many Requests.  Retrying after 500ms delay...
Server responded with 429 Too Many Requests.  Retrying after 1000ms delay...
Server responded with 429 Too Many Requests.  Retrying after 2000ms delay...
Server responded with 429 Too Many Requests.  Retrying after 4000ms delay...
2024-09-26T09:59:11.454Z FIND Error processing validator 6iofqZZRkZvKuqtQ5XmDrPkbEV8cu3AbtPLC589ZKfrX 429 Too Many Requests:  {"jsonrpc":"2.0","error":{"code": 429, "message":"Too many requests for a specific RPC call"}, "id": "471fcce8-2796-42d1-9673-a9b72a4394b0" } 
 Error: 429 Too Many Requests:  {"jsonrpc":"2.0","error":{"code": 429, "message":"Too many requests for a specific RPC call"}, "id": "471fcce8-2796-42d1-9673-a9b72a4394b0" } 

    at ClientBrowser.callServer (/home/runner/work/solana-deactivate-delinquent/solana-deactivate-delinquent/node_modules/.pnpm/@solana+web3.js@1.87.6/node_modules/@solana/web3.js/lib/index.cjs.js:6474:18)
    at process.processTicksAndRejections (node:internal/process/task_queues:95:5)
Server responded with 429 Too Many Requests.  Retrying after 500ms delay...
Server responded with 429 Too Many Requests.  Retrying after 1000ms delay...
Server responded with 429 Too Many Requests.  Retrying after 2000ms delay...
Server responded with 429 Too Many Requests.  Retrying after 4000ms delay...
2024-09-26T09:59:19.102Z FIND Error processing validator CtwauaA2VtDFqjrPuXXpmUxtFTdi59Ld7WowBkPDXzk9 429 Too Many Requests:  {"jsonrpc":"2.0","error":{"code": 429, "message":"Too many requests for a specific RPC call"}, "id": "e379aec6-34da-45f2-a644-875ff1cd8476" } 
 Error: 429 Too Many Requests:  {"jsonrpc":"2.0","error":{"code": 429, "message":"Too many requests for a specific RPC call"}, "id": "e379aec6-34da-45f2-a644-875ff1cd8476" } 

    at ClientBrowser.callServer (/home/runner/work/solana-deactivate-delinquent/solana-deactivate-delinquent/node_modules/.pnpm/@solana+web3.js@1.87.6/node_modules/@solana/web3.js/lib/index.cjs.js:6474:18)
    at process.processTicksAndRejections (node:internal/process/task_queues:95:5)
Server responded with 429 Too Many Requests.  Retrying after 500ms delay...
Server responded with 429 Too Many Requests.  Retrying after 1000ms delay...
Server responded with 429 Too Many Requests.  Retrying after 2000ms delay...
Server responded with 429 Too Many Requests.  Retrying after 4000ms delay...
2024-09-26T09:59:26.773Z FIND Error processing validator CMsRrdUPjdXFLHLMxsxxVmh4W528jcnWQqXcHPW3x43j 429 Too Many Requests:  {"jsonrpc":"2.0","error":{"code": 429, "message":"Too many requests for a specific RPC call"}, "id": "9e06f6e8-fd93-4128-bad6-88f609ad52fe" } 
 Error: 429 Too Many Requests:  {"jsonrpc":"2.0","error":{"code": 429, "message":"Too many requests for a specific RPC call"}, "id": "9e06f6e8-fd93-4128-bad6-88f609ad52fe" } 

    at ClientBrowser.callServer (/home/runner/work/solana-deactivate-delinquent/solana-deactivate-delinquent/node_modules/.pnpm/@solana+web3.js@1.87.6/node_modules/@solana/web3.js/lib/index.cjs.js:6474:18)
    at process.processTicksAndRejections (node:internal/process/task_queues:95:5)
Server responded with 429 Too Many Requests.  Retrying after 500ms delay...
Server responded with 429 Too Many Requests.  Retrying after 1000ms delay...
Server responded with 429 Too Many Requests.  Retrying after 2000ms delay...
Server responded with 429 Too Many Requests.  Retrying after 4000ms delay...
2024-09-26T09:59:34.417Z FIND Error processing validator 3PUJztwgkqpk1Dx6FAXjUsn1MmAyRaL35fZFQpi8N2WS 429 Too Many Requests:  {"jsonrpc":"2.0","error":{"code": 429, "message":"Too many requests for a specific RPC call"}, "id": "ef0be089-fac7-4a28-a64d-4da3ab3e69a1" } 
 Error: 429 Too Many Requests:  {"jsonrpc":"2.0","error":{"code": 429, "message":"Too many requests for a specific RPC call"}, "id": "ef0be089-fac7-4a28-a64d-4da3ab3e69a1" } 

    at ClientBrowser.callServer (/home/runner/work/solana-deactivate-delinquent/solana-deactivate-delinquent/node_modules/.pnpm/@solana+web3.js@1.87.6/node_modules/@solana/web3.js/lib/index.cjs.js:6474:18)
    at process.processTicksAndRejections (node:internal/process/task_queues:95:5)
Server responded with 429 Too Many Requests.  Retrying after 500ms delay...
Server responded with 429 Too Many Requests.  Retrying after 1000ms delay...
Server responded with 429 Too Many Requests.  Retrying after 2000ms delay...
Server responded with 429 Too Many Requests.  Retrying after 4000ms delay...
2024-09-26T09:59:42.077Z FIND Error processing validator 8GdySX8FWuefbSZSB6VYfT23H5JCdv7ySA8wWA3F8F4s 429 Too Many Requests:  {"jsonrpc":"2.0","error":{"code": 429, "message":"Too many requests for a specific RPC call"}, "id": "a6054cd0-f148-4d74-90f1-0d405e887e69" } 
 Error: 429 Too Many Requests:  {"jsonrpc":"2.0","error":{"code": 429, "message":"Too many requests for a specific RPC call"}, "id": "a6054cd0-f148-4d74-90f1-0d405e887e69" } 

    at ClientBrowser.callServer (/home/runner/work/solana-deactivate-delinquent/solana-deactivate-delinquent/node_modules/.pnpm/@solana+web3.js@1.87.6/node_modules/@solana/web3.js/lib/index.cjs.js:6474:18)
    at process.processTicksAndRejections (node:internal/process/task_queues:95:5)
Server responded with 429 Too Many Requests.  Retrying after 500ms delay...
Server responded with 429 Too Many Requests.  Retrying after 1000ms delay...
Server responded with 429 Too Many Requests.  Retrying after 2000ms delay...
Server responded with 429 Too Many Requests.  Retrying after 4000ms delay...
2024-09-26T09:59:49.754Z FIND Error processing validator 85RFFFZiCbfDnBdoSaNvh2LF67sWKd8uRNzXmGFFvaXM 429 Too Many Requests:  {"jsonrpc":"2.0","error":{"code": 429, "message":"Too many requests for a specific RPC call"}, "id": "d423cc3c-b539-4cbd-8495-2ec5514e4d9e" } 
 Error: 429 Too Many Requests:  {"jsonrpc":"2.0","error":{"code": 429, "message":"Too many requests for a specific RPC call"}, "id": "d423cc3c-b539-4cbd-8495-2ec5514e4d9e" } 

    at ClientBrowser.callServer (/home/runner/work/solana-deactivate-delinquent/solana-deactivate-delinquent/node_modules/.pnpm/@solana+web3.js@1.87.6/node_modules/@solana/web3.js/lib/index.cjs.js:6474:18)
    at process.processTicksAndRejections (node:internal/process/task_queues:95:5)
Server responded with 429 Too Many Requests.  Retrying after 500ms delay...
Server responded with 429 Too Many Requests.  Retrying after 1000ms delay...
Server responded with 429 Too Many Requests.  Retrying after 2000ms delay...
Server responded with 429 Too Many Requests.  Retrying after 4000ms delay...
2024-09-26T09:59:57.479Z FIND Error processing validator DfD8xygCpHotDRGa6mmetuNwJYE9BwREJzJam3LepHiU 429 Too Many Requests:  {"jsonrpc":"2.0","error":{"code": 429, "message":"Too many requests for a specific RPC call"}, "id": "0524d4ac-6af2-4956-899c-affd9e8d64bc" } 
 Error: 429 Too Many Requests:  {"jsonrpc":"2.0","error":{"code": 429, "message":"Too many requests for a specific RPC call"}, "id": "0524d4ac-6af2-4956-899c-affd9e8d64bc" } 

    at ClientBrowser.callServer (/home/runner/work/solana-deactivate-delinquent/solana-deactivate-delinquent/node_modules/.pnpm/@solana+web3.js@1.87.6/node_modules/@solana/web3.js/lib/index.cjs.js:6474:18)
    at process.processTicksAndRejections (node:internal/process/task_queues:95:5)
Server responded with 429 Too Many Requests.  Retrying after 500ms delay...
Server responded with 429 Too Many Requests.  Retrying after 1000ms delay...
Server responded with 429 Too Many Requests.  Retrying after 2000ms delay...
Server responded with 429 Too Many Requests.  Retrying after 4000ms delay...
2024-09-26T10:00:05.158Z FIND Error processing validator 9SNtHX34DoHZsY16AY4ZufxFHygjkeR55KmDGrSH4arQ 429 Too Many Requests:  {"jsonrpc":"2.0","error":{"code": 429, "message":"Too many requests for a specific RPC call"}, "id": "c87453f0-ab7d-485f-a5b0-e7ac32d45987" } 
 Error: 429 Too Many Requests:  {"jsonrpc":"2.0","error":{"code": 429, "message":"Too many requests for a specific RPC call"}, "id": "c87453f0-ab7d-485f-a5b0-e7ac32d45987" } 

    at ClientBrowser.callServer (/home/runner/work/solana-deactivate-delinquent/solana-deactivate-delinquent/node_modules/.pnpm/@solana+web3.js@1.87.6/node_modules/@solana/web3.js/lib/index.cjs.js:6474:18)
    at process.processTicksAndRejections (node:internal/process/task_queues:95:5)
Server responded with 429 Too Many Requests.  Retrying after 500ms delay...
Server responded with 429 Too Many Requests.  Retrying after 1000ms delay...
Server responded with 429 Too Many Requests.  Retrying after 2000ms delay...
Server responded with 429 Too Many Requests.  Retrying after 4000ms delay...
2024-09-26T10:00:12.837Z FIND Error processing validator EfLXVu1GRNrwmEQenkmBrKQJoeeqzk5PLuVoKzUiMooq 429 Too Many Requests:  {"jsonrpc":"2.0","error":{"code": 429, "message":"Too many requests for a specific RPC call"}, "id": "516fe262-c061-4ac3-a0f1-4e4da005b108" } 
 Error: 429 Too Many Requests:  {"jsonrpc":"2.0","error":{"code": 429, "message":"Too many requests for a specific RPC call"}, "id": "516fe262-c061-4ac3-a0f1-4e4da005b108" } 

    at ClientBrowser.callServer (/home/runner/work/solana-deactivate-delinquent/solana-deactivate-delinquent/node_modules/.pnpm/@solana+web3.js@1.87.6/node_modules/@solana/web3.js/lib/index.cjs.js:6474:18)
    at process.processTicksAndRejections (node:internal/process/task_queues:95:5)
Server responded with 429 Too Many Requests.  Retrying after 500ms delay...
Server responded with 429 Too Many Requests.  Retrying after 1000ms delay...
Server responded with 429 Too Many Requests.  Retrying after 2000ms delay...
Server responded with 429 Too Many Requests.  Retrying after 4000ms delay...
2024-09-26T10:00:20.533Z FIND Error processing validator 5GNZN7FQoCQPsB3shkiQbwshSFZpe96PAcD5cQuboZZ7 429 Too Many Requests:  {"jsonrpc":"2.0","error":{"code": 429, "message":"Too many requests for a specific RPC call"}, "id": "4e320eb4-5278-4e6d-8dc9-c629d99623bf" } 
 Error: 429 Too Many Requests:  {"jsonrpc":"2.0","error":{"code": 429, "message":"Too many requests for a specific RPC call"}, "id": "4e320eb4-5278-4e6d-8dc9-c629d99623bf" } 

    at ClientBrowser.callServer (/home/runner/work/solana-deactivate-delinquent/solana-deactivate-delinquent/node_modules/.pnpm/@solana+web3.js@1.87.6/node_modules/@solana/web3.js/lib/index.cjs.js:6474:18)
    at process.processTicksAndRejections (node:internal/process/task_queues:95:5)
Server responded with 429 Too Many Requests.  Retrying after 500ms delay...
Server responded with 429 Too Many Requests.  Retrying after 1000ms delay...
Server responded with 429 Too Many Requests.  Retrying after 2000ms delay...
Server responded with 429 Too Many Requests.  Retrying after 4000ms delay...
2024-09-26T10:00:28.194Z STAKES Found:  1  accounts for delinquent validator DrPsz6W3SyvNUJhznmNT2X8grPYDEqdEvuBCfxGv33xL
2024-09-26T10:00:28.194Z STAKES Stake account EqLK3ujpBYMCnp2zne4PhioV3KqHguXURWVNeL8maic1 is de-activating:  0.002282881
2024-09-26T10:00:28.194Z STAKES Found:  0  accounts that can be de-activated delinquent validator DrPsz6W3SyvNUJhznmNT2X8grPYDEqdEvuBCfxGv33xL
2024-09-26T10:00:28.194Z FIND No deactivations possible for this validator
2024-09-26T10:00:28.233Z STAKES Found:  1  accounts for delinquent validator BjYWWh1yyvAZQFhYhYBnhoiyUwSSGbNVEHHz1V95jAhm
2024-09-26T10:00:28.233Z STAKES Stake account 39aEzjrYkc3oSJ5BJytfe1MTbmfE7WZxuMPyV6k5GVM6 is de-activating:  0.002282881
2024-09-26T10:00:28.233Z STAKES Found:  0  accounts that can be de-activated delinquent validator BjYWWh1yyvAZQFhYhYBnhoiyUwSSGbNVEHHz1V95jAhm
2024-09-26T10:00:28.233Z FIND No deactivations possible for this validator
Server responded with 429 Too Many Requests.  Retrying after 500ms delay...
Server responded with 429 Too Many Requests.  Retrying after 1000ms delay...
Server responded with 429 Too Many Requests.  Retrying after 2000ms delay...
Server responded with 429 Too Many Requests.  Retrying after 4000ms delay...
2024-09-26T10:00:35.885Z FIND Error processing validator 2Ramrp1CQSLC1QRmEqNA4nJ11ocyirNFjuxXoM7QjidV 429 Too Many Requests:  {"jsonrpc":"2.0","error":{"code": 429, "message":"Too many requests for a specific RPC call"}, "id": "51c0ec44-be83-4fd3-a681-94fef1030b72" } 
 Error: 429 Too Many Requests:  {"jsonrpc":"2.0","error":{"code": 429, "message":"Too many requests for a specific RPC call"}, "id": "51c0ec44-be83-4fd3-a681-94fef1030b72" } 

    at ClientBrowser.callServer (/home/runner/work/solana-deactivate-delinquent/solana-deactivate-delinquent/node_modules/.pnpm/@solana+web3.js@1.87.6/node_modules/@solana/web3.js/lib/index.cjs.js:6474:18)
    at process.processTicksAndRejections (node:internal/process/task_queues:95:5)
Server responded with 429 Too Many Requests.  Retrying after 500ms delay...
Server responded with 429 Too Many Requests.  Retrying after 1000ms delay...
Server responded with 429 Too Many Requests.  Retrying after 2000ms delay...
Server responded with 429 Too Many Requests.  Retrying after 4000ms delay...
2024-09-26T10:00:43.598Z FIND Error processing validator H9LewK8VxCnfLG7rQqwogWqFqa9h5qqvizRCQiu7Y5rY 429 Too Many Requests:  {"jsonrpc":"2.0","error":{"code": 429, "message":"Too many requests for a specific RPC call"}, "id": "4dee314b-95af-460a-b228-e267559f5080" } 
 Error: 429 Too Many Requests:  {"jsonrpc":"2.0","error":{"code": 429, "message":"Too many requests for a specific RPC call"}, "id": "4dee314b-95af-460a-b228-e267559f5080" } 

    at ClientBrowser.callServer (/home/runner/work/solana-deactivate-delinquent/solana-deactivate-delinquent/node_modules/.pnpm/@solana+web3.js@1.87.6/node_modules/@solana/web3.js/lib/index.cjs.js:6474:18)
    at process.processTicksAndRejections (node:internal/process/task_queues:95:5)
Server responded with 429 Too Many Requests.  Retrying after 500ms delay...
Server responded with 429 Too Many Requests.  Retrying after 1000ms delay...
Server responded with 429 Too Many Requests.  Retrying after 2000ms delay...
Server responded with 429 Too Many Requests.  Retrying after 4000ms delay...
2024-09-26T10:00:51.255Z FIND Error processing validator GtuK529GrWRdktAnGSNLsBau7reojdYyP1WBm35SAXgC 429 Too Many Requests:  {"jsonrpc":"2.0","error":{"code": 429, "message":"Too many requests for a specific RPC call"}, "id": "b254b7e2-48e3-4fec-aaab-0f9ef5e63260" } 
 Error: 429 Too Many Requests:  {"jsonrpc":"2.0","error":{"code": 429, "message":"Too many requests for a specific RPC call"}, "id": "b254b7e2-48e3-4fec-aaab-0f9ef5e63260" } 

    at ClientBrowser.callServer (/home/runner/work/solana-deactivate-delinquent/solana-deactivate-delinquent/node_modules/.pnpm/@solana+web3.js@1.87.6/node_modules/@solana/web3.js/lib/index.cjs.js:6474:18)
    at process.processTicksAndRejections (node:internal/process/task_queues:95:5)
Server responded with 429 Too Many Requests.  Retrying after 500ms delay...
Server responded with 429 Too Many Requests.  Retrying after 1000ms delay...
Server responded with 429 Too Many Requests.  Retrying after 2000ms delay...
Server responded with 429 Too Many Requests.  Retrying after 4000ms delay...
2024-09-26T10:00:58.979Z STAKES Found:  1  accounts for delinquent validator GcQseyAzbyA1KRSKGxQgpUmyDBvdNFc7y6JQEuafjFTs
2024-09-26T10:00:58.979Z STAKES Stake account 5qp9T5uuacAqt3iV9ZfmgKkzW75bLSzXTL45MUZwbzhL is de-activating:  0.002282881
2024-09-26T10:00:58.979Z STAKES Found:  0  accounts that can be de-activated delinquent validator GcQseyAzbyA1KRSKGxQgpUmyDBvdNFc7y6JQEuafjFTs
2024-09-26T10:00:58.979Z FIND No deactivations possible for this validator
2024-09-26T10:00:59.044Z STAKES Found:  1  accounts for delinquent validator J5xdcPTXrGHguwCvrLzAy7wVtALo8dcH9UER7X6W7mv
2024-09-26T10:00:59.044Z STAKES Stake account Ho9ofWz3b48rFZufL65YHajQR4bwnPX8AmBpaXJiCZGD is de-activating:  0.002282881
2024-09-26T10:00:59.044Z STAKES Found:  0  accounts that can be de-activated delinquent validator J5xdcPTXrGHguwCvrLzAy7wVtALo8dcH9UER7X6W7mv
2024-09-26T10:00:59.044Z FIND No deactivations possible for this validator
Server responded with 429 Too Many Requests.  Retrying after 500ms delay...
Server responded with 429 Too Many Requests.  Retrying after 1000ms delay...
Server responded with 429 Too Many Requests.  Retrying after 2000ms delay...
Server responded with 429 Too Many Requests.  Retrying after 4000ms delay...
2024-09-26T10:01:06.746Z FIND Error processing validator GqVzdBZ95yrinDkY2ougx7HR5JHVh5CiUXY9hksFu9ia 429 Too Many Requests:  {"jsonrpc":"2.0","error":{"code": 429, "message":"Too many requests for a specific RPC call"}, "id": "9ffe9741-d2da-435b-9638-31db343b7a22" } 
 Error: 429 Too Many Requests:  {"jsonrpc":"2.0","error":{"code": 429, "message":"Too many requests for a specific RPC call"}, "id": "9ffe9741-d2da-435b-9638-31db343b7a22" } 

    at ClientBrowser.callServer (/home/runner/work/solana-deactivate-delinquent/solana-deactivate-delinquent/node_modules/.pnpm/@solana+web3.js@1.87.6/node_modules/@solana/web3.js/lib/index.cjs.js:6474:18)
    at process.processTicksAndRejections (node:internal/process/task_queues:95:5)
Server responded with 429 Too Many Requests.  Retrying after 500ms delay...
Server responded with 429 Too Many Requests.  Retrying after 1000ms delay...
Server responded with 429 Too Many Requests.  Retrying after 2000ms delay...
Server responded with 429 Too Many Requests.  Retrying after 4000ms delay...
2024-09-26T10:01:14.473Z FIND Error processing validator 4HudwuUL6z9SbMvoFXXqy2J1kzbJW6Sve1kRXoKHECsu 429 Too Many Requests:  {"jsonrpc":"2.0","error":{"code": 429, "message":"Too many requests for a specific RPC call"}, "id": "a158973d-5173-4f4f-a1bd-cf83f795a204" } 
 Error: 429 Too Many Requests:  {"jsonrpc":"2.0","error":{"code": 429, "message":"Too many requests for a specific RPC call"}, "id": "a158973d-5173-4f4f-a1bd-cf83f795a204" } 

    at ClientBrowser.callServer (/home/runner/work/solana-deactivate-delinquent/solana-deactivate-delinquent/node_modules/.pnpm/@solana+web3.js@1.87.6/node_modules/@solana/web3.js/lib/index.cjs.js:6474:18)
    at process.processTicksAndRejections (node:internal/process/task_queues:95:5)
Server responded with 429 Too Many Requests.  Retrying after 500ms delay...
Server responded with 429 Too Many Requests.  Retrying after 1000ms delay...
Server responded with 429 Too Many Requests.  Retrying after 2000ms delay...
Server responded with 429 Too Many Requests.  Retrying after 4000ms delay...
2024-09-26T10:01:22.209Z FIND Error processing validator 7rRvt7YBMyoKqxKibbpLJEBnA1iWwD9QXAhD8CqqC8fd 429 Too Many Requests:  {"jsonrpc":"2.0","error":{"code": 429, "message":"Too many requests for a specific RPC call"}, "id": "8988a804-222a-48d1-b8b9-9740bf159ae7" } 
 Error: 429 Too Many Requests:  {"jsonrpc":"2.0","error":{"code": 429, "message":"Too many requests for a specific RPC call"}, "id": "8988a804-222a-48d1-b8b9-9740bf159ae7" } 

    at ClientBrowser.callServer (/home/runner/work/solana-deactivate-delinquent/solana-deactivate-delinquent/node_modules/.pnpm/@solana+web3.js@1.87.6/node_modules/@solana/web3.js/lib/index.cjs.js:6474:18)
    at process.processTicksAndRejections (node:internal/process/task_queues:95:5)
Server responded with 429 Too Many Requests.  Retrying after 500ms delay...
Server responded with 429 Too Many Requests.  Retrying after 1000ms delay...
Server responded with 429 Too Many Requests.  Retrying after 2000ms delay...
Server responded with 429 Too Many Requests.  Retrying after 4000ms delay...
2024-09-26T10:01:29.982Z STAKES Found:  1  accounts for delinquent validator HYRZ46cBaD5t6MzHZW6RUSJEWhNsedTFRivP7WSfCjpk
2024-09-26T10:01:29.982Z STAKES Stake account 5vwRk6HrrB4wra3abXTMi76Qk7XXarYe3vGVftrxSeDT is de-activating:  0.002282881
2024-09-26T10:01:29.982Z STAKES Found:  0  accounts that can be de-activated delinquent validator HYRZ46cBaD5t6MzHZW6RUSJEWhNsedTFRivP7WSfCjpk
2024-09-26T10:01:29.982Z FIND No deactivations possible for this validator
2024-09-26T10:01:30.022Z STAKES Found:  1  accounts for delinquent validator GoMxSsZtYpG6ySeABvJ9mYoa9PqNxeBcry19ArbJusQd
2024-09-26T10:01:30.022Z STAKES Stake account 51kfBSiQz7M6nrfxuwMDyM8FmERN37RPQioX5iM6y9nS is de-activating:  0.002282881
2024-09-26T10:01:30.022Z STAKES Found:  0  accounts that can be de-activated delinquent validator GoMxSsZtYpG6ySeABvJ9mYoa9PqNxeBcry19ArbJusQd
2024-09-26T10:01:30.022Z FIND No deactivations possible for this validator
Server responded with 429 Too Many Requests.  Retrying after 500ms delay...
Server responded with 429 Too Many Requests.  Retrying after 1000ms delay...
Server responded with 429 Too Many Requests.  Retrying after 2000ms delay...
Server responded with 429 Too Many Requests.  Retrying after 4000ms delay...
2024-09-26T10:01:37.647Z FIND Error processing validator 7Sd1cSdTVgZbr9ybERxdeQVmwNddVo88zC99md6ft5tN 429 Too Many Requests:  {"jsonrpc":"2.0","error":{"code": 429, "message":"Too many requests for a specific RPC call"}, "id": "d11fccba-d612-46a8-8513-41372b47faf8" } 
 Error: 429 Too Many Requests:  {"jsonrpc":"2.0","error":{"code": 429, "message":"Too many requests for a specific RPC call"}, "id": "d11fccba-d612-46a8-8513-41372b47faf8" } 

    at ClientBrowser.callServer (/home/runner/work/solana-deactivate-delinquent/solana-deactivate-delinquent/node_modules/.pnpm/@solana+web3.js@1.87.6/node_modules/@solana/web3.js/lib/index.cjs.js:6474:18)
    at process.processTicksAndRejections (node:internal/process/task_queues:95:5)
Server responded with 429 Too Many Requests.  Retrying after 500ms delay...
Server responded with 429 Too Many Requests.  Retrying after 1000ms delay...
Server responded with 429 Too Many Requests.  Retrying after 2000ms delay...
Server responded with 429 Too Many Requests.  Retrying after 4000ms delay...
2024-09-26T10:01:45.318Z FIND Error processing validator 9Tbfc8EqMjnwwekX4eSjxTYyD8jaXPeujCvQLaDVD4bo 429 Too Many Requests:  {"jsonrpc":"2.0","error":{"code": 429, "message":"Too many requests for a specific RPC call"}, "id": "be6ea0de-4d4b-4de1-b0d0-6c6be4387e00" } 
 Error: 429 Too Many Requests:  {"jsonrpc":"2.0","error":{"code": 429, "message":"Too many requests for a specific RPC call"}, "id": "be6ea0de-4d4b-4de1-b0d0-6c6be4387e00" } 

    at ClientBrowser.callServer (/home/runner/work/solana-deactivate-delinquent/solana-deactivate-delinquent/node_modules/.pnpm/@solana+web3.js@1.87.6/node_modules/@solana/web3.js/lib/index.cjs.js:6474:18)
    at process.processTicksAndRejections (node:internal/process/task_queues:95:5)
Server responded with 429 Too Many Requests.  Retrying after 500ms delay...
Server responded with 429 Too Many Requests.  Retrying after 1000ms delay...
Server responded with 429 Too Many Requests.  Retrying after 2000ms delay...
Server responded with 429 Too Many Requests.  Retrying after 4000ms delay...
2024-09-26T10:01:52.968Z FIND Error processing validator 9X8qdtYB1CfZ6L5JFcwZoyz6HusUpGC47BSdDcwYcaCs 429 Too Many Requests:  {"jsonrpc":"2.0","error":{"code": 429, "message":"Too many requests for a specific RPC call"}, "id": "7bd39f37-c52a-4e40-a92b-328f8c8bba0c" } 
 Error: 429 Too Many Requests:  {"jsonrpc":"2.0","error":{"code": 429, "message":"Too many requests for a specific RPC call"}, "id": "7bd39f37-c52a-4e40-a92b-328f8c8bba0c" } 

    at ClientBrowser.callServer (/home/runner/work/solana-deactivate-delinquent/solana-deactivate-delinquent/node_modules/.pnpm/@solana+web3.js@1.87.6/node_modules/@solana/web3.js/lib/index.cjs.js:6474:18)
    at process.processTicksAndRejections (node:internal/process/task_queues:95:5)
Server responded with 429 Too Many Requests.  Retrying after 500ms delay...
Server responded with 429 Too Many Requests.  Retrying after 1000ms delay...
Server responded with 429 Too Many Requests.  Retrying after 2000ms delay...
Server responded with 429 Too Many Requests.  Retrying after 4000ms delay...
2024-09-26T10:02:00.711Z STAKES Found:  1  accounts for delinquent validator EiBkEFDFcV6Hm5rawweVxFg5urbPpqV7JFPWB3XZXwA5
2024-09-26T10:02:00.711Z STAKES Stake account Gc78LFRt8kn8D3GWHjbJvAd2huNBzubB16u6bhkLeYu9 is de-activating:  0.002282881
2024-09-26T10:02:00.711Z STAKES Found:  0  accounts that can be de-activated delinquent validator EiBkEFDFcV6Hm5rawweVxFg5urbPpqV7JFPWB3XZXwA5
2024-09-26T10:02:00.711Z FIND No deactivations possible for this validator
2024-09-26T10:02:00.747Z STAKES Found:  1  accounts for delinquent validator FPqjaCnSWVrwhbg7JZ8ABF8dGAXgVU5q7vgqSu5DjpNE
2024-09-26T10:02:00.747Z STAKES Stake account A8PHwMt5GXJJhVgtXD5cWM5ns6e8GSd4faUna7J8J9HN is de-activating:  0.002282881
2024-09-26T10:02:00.747Z STAKES Found:  0  accounts that can be de-activated delinquent validator FPqjaCnSWVrwhbg7JZ8ABF8dGAXgVU5q7vgqSu5DjpNE
2024-09-26T10:02:00.747Z FIND No deactivations possible for this validator
Server responded with 429 Too Many Requests.  Retrying after 500ms delay...
Server responded with 429 Too Many Requests.  Retrying after 1000ms delay...
Server responded with 429 Too Many Requests.  Retrying after 2000ms delay...
Server responded with 429 Too Many Requests.  Retrying after 4000ms delay...
2024-09-26T10:02:08.472Z FIND Error processing validator 8i1Rj9q8TGd12pTnraShWuJPAcSVfcYvFtPzfc2WUiNh 429 Too Many Requests:  {"jsonrpc":"2.0","error":{"code": 429, "message":"Too many requests for a specific RPC call"}, "id": "1f95725e-8517-4d80-91ec-238be376e28c" } 
 Error: 429 Too Many Requests:  {"jsonrpc":"2.0","error":{"code": 429, "message":"Too many requests for a specific RPC call"}, "id": "1f95725e-8517-4d80-91ec-238be376e28c" } 

    at ClientBrowser.callServer (/home/runner/work/solana-deactivate-delinquent/solana-deactivate-delinquent/node_modules/.pnpm/@solana+web3.js@1.87.6/node_modules/@solana/web3.js/lib/index.cjs.js:6474:18)
    at process.processTicksAndRejections (node:internal/process/task_queues:95:5)
Server responded with 429 Too Many Requests.  Retrying after 500ms delay...
Server responded with 429 Too Many Requests.  Retrying after 1000ms delay...
Server responded with 429 Too Many Requests.  Retrying after 2000ms delay...
Server responded with 429 Too Many Requests.  Retrying after 4000ms delay...
2024-09-26T10:02:16.175Z FIND Error processing validator diTNtixiNhRoTRSKTB7FPCBRCxChxs76WEuejB4hyfX 429 Too Many Requests:  {"jsonrpc":"2.0","error":{"code": 429, "message":"Too many requests for a specific RPC call"}, "id": "bef3b065-c3c7-41ab-90a5-8453df97e1c8" } 
 Error: 429 Too Many Requests:  {"jsonrpc":"2.0","error":{"code": 429, "message":"Too many requests for a specific RPC call"}, "id": "bef3b065-c3c7-41ab-90a5-8453df97e1c8" } 

    at ClientBrowser.callServer (/home/runner/work/solana-deactivate-delinquent/solana-deactivate-delinquent/node_modules/.pnpm/@solana+web3.js@1.87.6/node_modules/@solana/web3.js/lib/index.cjs.js:6474:18)
    at process.processTicksAndRejections (node:internal/process/task_queues:95:5)
Server responded with 429 Too Many Requests.  Retrying after 500ms delay...
Server responded with 429 Too Many Requests.  Retrying after 1000ms delay...
Server responded with 429 Too Many Requests.  Retrying after 2000ms delay...
Server responded with 429 Too Many Requests.  Retrying after 4000ms delay...
2024-09-26T10:02:23.828Z FIND Error processing validator 8VdqPXjRWywAwnhPxuoYV6Jrw15HJP3sEAp1M3GnuDuF 429 Too Many Requests:  {"jsonrpc":"2.0","error":{"code": 429, "message":"Too many requests for a specific RPC call"}, "id": "78119809-f7e8-40dc-a3bd-00fd418c6721" } 
 Error: 429 Too Many Requests:  {"jsonrpc":"2.0","error":{"code": 429, "message":"Too many requests for a specific RPC call"}, "id": "78119809-f7e8-40dc-a3bd-00fd418c6721" } 

    at ClientBrowser.callServer (/home/runner/work/solana-deactivate-delinquent/solana-deactivate-delinquent/node_modules/.pnpm/@solana+web3.js@1.87.6/node_modules/@solana/web3.js/lib/index.cjs.js:6474:18)
    at process.processTicksAndRejections (node:internal/process/task_queues:95:5)
Server responded with 429 Too Many Requests.  Retrying after 500ms delay...
Server responded with 429 Too Many Requests.  Retrying after 1000ms delay...
Server responded with 429 Too Many Requests.  Retrying after 2000ms delay...
Server responded with 429 Too Many Requests.  Retrying after 4000ms delay...
2024-09-26T10:02:31.488Z FIND Error processing validator 3jujgVKtL9vaDVkvUpmTMfdccTPbzsw1UeJh4p8A8AeA 429 Too Many Requests:  {"jsonrpc":"2.0","error":{"code": 429, "message":"Too many requests for a specific RPC call"}, "id": "137a2cb7-a45f-42d2-b753-5ec58df1f5c3" } 
 Error: 429 Too Many Requests:  {"jsonrpc":"2.0","error":{"code": 429, "message":"Too many requests for a specific RPC call"}, "id": "137a2cb7-a45f-42d2-b753-5ec58df1f5c3" } 

    at ClientBrowser.callServer (/home/runner/work/solana-deactivate-delinquent/solana-deactivate-delinquent/node_modules/.pnpm/@solana+web3.js@1.87.6/node_modules/@solana/web3.js/lib/index.cjs.js:6474:18)
    at process.processTicksAndRejections (node:internal/process/task_queues:95:5)
Server responded with 429 Too Many Requests.  Retrying after 500ms delay...
Server responded with 429 Too Many Requests.  Retrying after 1000ms delay...
Server responded with 429 Too Many Requests.  Retrying after 2000ms delay...
Server responded with 429 Too Many Requests.  Retrying after 4000ms delay...
2024-09-26T10:02:39.190Z FIND Error processing validator BbSV8Xdt6oEJ9CM2ecutRAMRjmApszkJhn97XC9U9fnK 429 Too Many Requests:  {"jsonrpc":"2.0","error":{"code": 429, "message":"Too many requests for a specific RPC call"}, "id": "7a4789e5-12d5-42a0-8489-082ee31752f0" } 
 Error: 429 Too Many Requests:  {"jsonrpc":"2.0","error":{"code": 429, "message":"Too many requests for a specific RPC call"}, "id": "7a4789e5-12d5-42a0-8489-082ee31752f0" } 

    at ClientBrowser.callServer (/home/runner/work/solana-deactivate-delinquent/solana-deactivate-delinquent/node_modules/.pnpm/@solana+web3.js@1.87.6/node_modules/@solana/web3.js/lib/index.cjs.js:6474:18)
    at process.processTicksAndRejections (node:internal/process/task_queues:95:5)
Server responded with 429 Too Many Requests.  Retrying after 500ms delay...
Server responded with 429 Too Many Requests.  Retrying after 1000ms delay...
Server responded with 429 Too Many Requests.  Retrying after 2000ms delay...
Server responded with 429 Too Many Requests.  Retrying after 4000ms delay...
2024-09-26T10:02:46.850Z FIND Error processing validator GwT7sTF3bCQrn4oyeV5bAgCZjC5Kz624JqCUdhj7nk1W 429 Too Many Requests:  {"jsonrpc":"2.0","error":{"code": 429, "message":"Too many requests for a specific RPC call"}, "id": "90323ee7-ce5a-48b8-bc49-68d00bcafff3" } 
 Error: 429 Too Many Requests:  {"jsonrpc":"2.0","error":{"code": 429, "message":"Too many requests for a specific RPC call"}, "id": "90323ee7-ce5a-48b8-bc49-68d00bcafff3" } 

    at ClientBrowser.callServer (/home/runner/work/solana-deactivate-delinquent/solana-deactivate-delinquent/node_modules/.pnpm/@solana+web3.js@1.87.6/node_modules/@solana/web3.js/lib/index.cjs.js:6474:18)
    at process.processTicksAndRejections (node:internal/process/task_queues:95:5)
Server responded with 429 Too Many Requests.  Retrying after 500ms delay...
Server responded with 429 Too Many Requests.  Retrying after 1000ms delay...
Server responded with 429 Too Many Requests.  Retrying after 2000ms delay...
Server responded with 429 Too Many Requests.  Retrying after 4000ms delay...
2024-09-26T10:02:54.541Z FIND Error processing validator 3LD4qkmgthaVwjS9RdFpDptm8RAi1qzAA959X8whKXBj 429 Too Many Requests:  {"jsonrpc":"2.0","error":{"code": 429, "message":"Too many requests for a specific RPC call"}, "id": "9c919201-fa9b-4e6a-8a20-9d944eedc25a" } 
 Error: 429 Too Many Requests:  {"jsonrpc":"2.0","error":{"code": 429, "message":"Too many requests for a specific RPC call"}, "id": "9c919201-fa9b-4e6a-8a20-9d944eedc25a" } 

    at ClientBrowser.callServer (/home/runner/work/solana-deactivate-delinquent/solana-deactivate-delinquent/node_modules/.pnpm/@solana+web3.js@1.87.6/node_modules/@solana/web3.js/lib/index.cjs.js:6474:18)
    at process.processTicksAndRejections (node:internal/process/task_queues:95:5)
Server responded with 429 Too Many Requests.  Retrying after 500ms delay...
Server responded with 429 Too Many Requests.  Retrying after 1000ms delay...
Server responded with 429 Too Many Requests.  Retrying after 2000ms delay...
Server responded with 429 Too Many Requests.  Retrying after 4000ms delay...
2024-09-26T10:03:02.284Z STAKES Found:  1  accounts for delinquent validator SPZQ7mAJZQDHd7zyVNjDWHG6Hg9jkNCnQ2g1Rvfdmwt
2024-09-26T10:03:02.284Z STAKES Stake account 4EdeH4ZXuaPGx4TS6Yxc6iD63tF7zjnhYqneppZ6vVGa is de-activating:  0.002282881
2024-09-26T10:03:02.284Z STAKES Found:  0  accounts that can be de-activated delinquent validator SPZQ7mAJZQDHd7zyVNjDWHG6Hg9jkNCnQ2g1Rvfdmwt
2024-09-26T10:03:02.284Z FIND No deactivations possible for this validator
2024-09-26T10:03:02.329Z STAKES Found:  1  accounts for delinquent validator Gx61qmf2xjPFpwPn9GPLNMPAxr4gZ6mup2YDzE3MwSec
2024-09-26T10:03:02.329Z STAKES Stake account AGHCGsoCtcA2FBuiJquYEKYwvvyKcwjnqbhsZbDbjAEy is de-activating:  0.002282881
2024-09-26T10:03:02.329Z STAKES Found:  0  accounts that can be de-activated delinquent validator Gx61qmf2xjPFpwPn9GPLNMPAxr4gZ6mup2YDzE3MwSec
2024-09-26T10:03:02.329Z FIND No deactivations possible for this validator
Server responded with 429 Too Many Requests.  Retrying after 500ms delay...
Server responded with 429 Too Many Requests.  Retrying after 1000ms delay...
Server responded with 429 Too Many Requests.  Retrying after 2000ms delay...
Server responded with 429 Too Many Requests.  Retrying after 4000ms delay...
2024-09-26T10:03:09.975Z FIND Error processing validator isUomyVHsuAaMHngJ1z9Ho19Cd49cfWQeruGuwzk2SJ 429 Too Many Requests:  {"jsonrpc":"2.0","error":{"code": 429, "message":"Too many requests for a specific RPC call"}, "id": "10a026c7-11b5-4e5a-87e2-739ff36875cb" } 
 Error: 429 Too Many Requests:  {"jsonrpc":"2.0","error":{"code": 429, "message":"Too many requests for a specific RPC call"}, "id": "10a026c7-11b5-4e5a-87e2-739ff36875cb" } 

    at ClientBrowser.callServer (/home/runner/work/solana-deactivate-delinquent/solana-deactivate-delinquent/node_modules/.pnpm/@solana+web3.js@1.87.6/node_modules/@solana/web3.js/lib/index.cjs.js:6474:18)
    at process.processTicksAndRejections (node:internal/process/task_queues:95:5)
Server responded with 429 Too Many Requests.  Retrying after 500ms delay...
Server responded with 429 Too Many Requests.  Retrying after 1000ms delay...
Server responded with 429 Too Many Requests.  Retrying after 2000ms delay...
Server responded with 429 Too Many Requests.  Retrying after 4000ms delay...
2024-09-26T10:03:17.642Z FIND Error processing validator 9PqDDUdnp8yQxmNBLZUkiviEFTqdkVHFtuxYecGPFrgJ 429 Too Many Requests:  {"jsonrpc":"2.0","error":{"code": 429, "message":"Too many requests for a specific RPC call"}, "id": "cd8cdec9-11c2-400b-b5b2-087227b6051b" } 
 Error: 429 Too Many Requests:  {"jsonrpc":"2.0","error":{"code": 429, "message":"Too many requests for a specific RPC call"}, "id": "cd8cdec9-11c2-400b-b5b2-087227b6051b" } 

    at ClientBrowser.callServer (/home/runner/work/solana-deactivate-delinquent/solana-deactivate-delinquent/node_modules/.pnpm/@solana+web3.js@1.87.6/node_modules/@solana/web3.js/lib/index.cjs.js:6474:18)
    at process.processTicksAndRejections (node:internal/process/task_queues:95:5)
Server responded with 429 Too Many Requests.  Retrying after 500ms delay...
Server responded with 429 Too Many Requests.  Retrying after 1000ms delay...
Server responded with 429 Too Many Requests.  Retrying after 2000ms delay...
Server responded with 429 Too Many Requests.  Retrying after 4000ms delay...
2024-09-26T10:03:25.329Z FIND Error processing validator 4CMy7v8JK83oZCgxWAjYC37TV3VwcJPRPtoLKW2b4tHq 429 Too Many Requests:  {"jsonrpc":"2.0","error":{"code": 429, "message":"Too many requests for a specific RPC call"}, "id": "d20587ba-f1de-41aa-97e3-11fbf3d9fde9" } 
 Error: 429 Too Many Requests:  {"jsonrpc":"2.0","error":{"code": 429, "message":"Too many requests for a specific RPC call"}, "id": "d20587ba-f1de-41aa-97e3-11fbf3d9fde9" } 

    at ClientBrowser.callServer (/home/runner/work/solana-deactivate-delinquent/solana-deactivate-delinquent/node_modules/.pnpm/@solana+web3.js@1.87.6/node_modules/@solana/web3.js/lib/index.cjs.js:6474:18)
    at process.processTicksAndRejections (node:internal/process/task_queues:95:5)
Server responded with 429 Too Many Requests.  Retrying after 500ms delay...
Server responded with 429 Too Many Requests.  Retrying after 1000ms delay...
Server responded with 429 Too Many Requests.  Retrying after 2000ms delay...
Server responded with 429 Too Many Requests.  Retrying after 4000ms delay...
2024-09-26T10:03:33.008Z STAKES Found:  1  accounts for delinquent validator FXRpG4jSNtmKita6NmYLbhWZNXoZGKhz7VACRa93ysQ8
2024-09-26T10:03:33.008Z STAKES Stake account G9BbTgJWHCgH48ZJ2SEGYGBnPwiLMDx6rCTHTMo7ina1 is de-activating:  0.002282881
2024-09-26T10:03:33.008Z STAKES Found:  0  accounts that can be de-activated delinquent validator FXRpG4jSNtmKita6NmYLbhWZNXoZGKhz7VACRa93ysQ8
2024-09-26T10:03:33.008Z FIND No deactivations possible for this validator
2024-09-26T10:03:33.033Z STAKES Found:  1  accounts for delinquent validator GCB87BWgT4eUyYxUjwfL8EM8DptrZ2YfDjLukiDpYamb
2024-09-26T10:03:33.033Z STAKES Stake account 2X1GVcaNJfENfFddQ9j2CmcgmsSBunc83icFz2Z7ngXH is de-activating:  0.002282881
2024-09-26T10:03:33.033Z STAKES Found:  0  accounts that can be de-activated delinquent validator GCB87BWgT4eUyYxUjwfL8EM8DptrZ2YfDjLukiDpYamb
2024-09-26T10:03:33.033Z FIND No deactivations possible for this validator
Server responded with 429 Too Many Requests.  Retrying after 500ms delay...
Server responded with 429 Too Many Requests.  Retrying after 1000ms delay...
Server responded with 429 Too Many Requests.  Retrying after 2000ms delay...
Server responded with 429 Too Many Requests.  Retrying after 4000ms delay...
2024-09-26T10:03:40.669Z FIND Error processing validator 9cqgReCAzkszADM9qvLixANPTotFRrjB1z9GJQZm5Weu 429 Too Many Requests:  {"jsonrpc":"2.0","error":{"code": 429, "message":"Too many requests for a specific RPC call"}, "id": "42b21fc5-660e-4776-b9b2-45594b07b344" } 
 Error: 429 Too Many Requests:  {"jsonrpc":"2.0","error":{"code": 429, "message":"Too many requests for a specific RPC call"}, "id": "42b21fc5-660e-4776-b9b2-45594b07b344" } 

    at ClientBrowser.callServer (/home/runner/work/solana-deactivate-delinquent/solana-deactivate-delinquent/node_modules/.pnpm/@solana+web3.js@1.87.6/node_modules/@solana/web3.js/lib/index.cjs.js:6474:18)
    at process.processTicksAndRejections (node:internal/process/task_queues:95:5)
Server responded with 429 Too Many Requests.  Retrying after 500ms delay...
Server responded with 429 Too Many Requests.  Retrying after 1000ms delay...
Server responded with 429 Too Many Requests.  Retrying after 2000ms delay...
Server responded with 429 Too Many Requests.  Retrying after 4000ms delay...
2024-09-26T10:03:48.368Z FIND Error processing validator 713hC8PyHeYkHYobyN9D985QeFMoxYbYGLPtUqYevGws 429 Too Many Requests:  {"jsonrpc":"2.0","error":{"code": 429, "message":"Too many requests for a specific RPC call"}, "id": "f4402a53-0236-4ecc-9c29-cfb2335f7ee0" } 
 Error: 429 Too Many Requests:  {"jsonrpc":"2.0","error":{"code": 429, "message":"Too many requests for a specific RPC call"}, "id": "f4402a53-0236-4ecc-9c29-cfb2335f7ee0" } 

    at ClientBrowser.callServer (/home/runner/work/solana-deactivate-delinquent/solana-deactivate-delinquent/node_modules/.pnpm/@solana+web3.js@1.87.6/node_modules/@solana/web3.js/lib/index.cjs.js:6474:18)
    at process.processTicksAndRejections (node:internal/process/task_queues:95:5)
Server responded with 429 Too Many Requests.  Retrying after 500ms delay...
Server responded with 429 Too Many Requests.  Retrying after 1000ms delay...
Server responded with 429 Too Many Requests.  Retrying after 2000ms delay...
Server responded with 429 Too Many Requests.  Retrying after 4000ms delay...
2024-09-26T10:03:56.034Z FIND Error processing validator 7N4Sz9tHuLjivyk465aUfs4w5gV82ErCKjgnRPTbXa6s 429 Too Many Requests:  {"jsonrpc":"2.0","error":{"code": 429, "message":"Too many requests for a specific RPC call"}, "id": "dd25246c-e98d-489e-ad44-78572eb7f08e" } 
 Error: 429 Too Many Requests:  {"jsonrpc":"2.0","error":{"code": 429, "message":"Too many requests for a specific RPC call"}, "id": "dd25246c-e98d-489e-ad44-78572eb7f08e" } 

    at ClientBrowser.callServer (/home/runner/work/solana-deactivate-delinquent/solana-deactivate-delinquent/node_modules/.pnpm/@solana+web3.js@1.87.6/node_modules/@solana/web3.js/lib/index.cjs.js:6474:18)
    at process.processTicksAndRejections (node:internal/process/task_queues:95:5)
Server responded with 429 Too Many Requests.  Retrying after 500ms delay...
Server responded with 429 Too Many Requests.  Retrying after 1000ms delay...
Server responded with 429 Too Many Requests.  Retrying after 2000ms delay...
Server responded with 429 Too Many Requests.  Retrying after 4000ms delay...
2024-09-26T10:04:03.736Z STAKES Found:  1  accounts for delinquent validator FwQrixNSWGmpp744EbKdFckjcKwvMWizYwsoZo8e6qWW
2024-09-26T10:04:03.736Z STAKES Stake account Hksw32t3DAS4JAcJBz7jM8Db8qkMkRdBZyXKRtkSXjyC is de-activating:  0.002282881
2024-09-26T10:04:03.736Z STAKES Found:  0  accounts that can be de-activated delinquent validator FwQrixNSWGmpp744EbKdFckjcKwvMWizYwsoZo8e6qWW
2024-09-26T10:04:03.736Z FIND No deactivations possible for this validator
2024-09-26T10:04:03.764Z STAKES Found:  1  accounts for delinquent validator Dxsyvpi7dsNMUgxSBzCmfSP7BpnEXs1u7fLXfDBH4eQD
2024-09-26T10:04:03.764Z STAKES Stake account 5BkXenQ3Kk15JqXhu2QqTk8D6gsjJLG5dgSyK2rtqiwm is de-activating:  0.002282881
2024-09-26T10:04:03.764Z STAKES Found:  0  accounts that can be de-activated delinquent validator Dxsyvpi7dsNMUgxSBzCmfSP7BpnEXs1u7fLXfDBH4eQD
2024-09-26T10:04:03.764Z FIND No deactivations possible for this validator
Server responded with 429 Too Many Requests.  Retrying after 500ms delay...
Server responded with 429 Too Many Requests.  Retrying after 1000ms delay...
Server responded with 429 Too Many Requests.  Retrying after 2000ms delay...
Server responded with 429 Too Many Requests.  Retrying after 4000ms delay...
2024-09-26T10:04:11.399Z FIND Error processing validator FscAQgVoGXLr4J119B7tRTstvRjz2s9oTzXSdDU5Qddj 429 Too Many Requests:  {"jsonrpc":"2.0","error":{"code": 429, "message":"Too many requests for a specific RPC call"}, "id": "a7079024-49b5-4aa3-a193-17c605e921e4" } 
 Error: 429 Too Many Requests:  {"jsonrpc":"2.0","error":{"code": 429, "message":"Too many requests for a specific RPC call"}, "id": "a7079024-49b5-4aa3-a193-17c605e921e4" } 

    at ClientBrowser.callServer (/home/runner/work/solana-deactivate-delinquent/solana-deactivate-delinquent/node_modules/.pnpm/@solana+web3.js@1.87.6/node_modules/@solana/web3.js/lib/index.cjs.js:6474:18)
    at process.processTicksAndRejections (node:internal/process/task_queues:95:5)
2024-09-26T10:04:11.399Z FIND Total de-activated: 0.002282881
