2024-05-27T16:55:25.189Z FIND Found epoch range to explore:  617 621
2024-05-27T16:55:25.193Z FIND Found delinquent validators [
  'U4dEPAUipZwAQWAuetxrEvDQfnvu5XuzZYWWx7XVy9V',
  '2PC2DCk8C7n4jhXA427a1qL9CFRu7PtrzKHixU6LXocN',
  'HcHHb1ZfmCxpyJmXWcvsGqPjYGCyUTfXs7nMKYesVicm',
  'CbmFtfoXWuhSxo9GDJHBBrkszbPawKeQmaW9JQr8cgyf',
  'HqCtds7FsNYLPnp1sRXdPt92rUbW3MDxUsDaTcNqLjKS'
]
2024-05-27T16:55:25.194Z FIND Found reference validator 6D2jqw9hyVCpppZexquxa74Fn33rJzzBx38T58VucHx9
2024-05-27T16:55:28.162Z STAKES Found:  30  accounts for delinquent validator U4dEPAUipZwAQWAuetxrEvDQfnvu5XuzZYWWx7XVy9V
2024-05-27T16:55:28.162Z STAKES Stake account 4Fkkb5RbX7voGtpLpykptRf4osgqnqUriVW6Ex9E5EdH is de-activated:  378.343943739
2024-05-27T16:55:28.162Z STAKES Stake account H75RiyyUG7G45wzUZER8vSUegGwgY2w5F2W55PpcrdXG is activated:  124.190591472
2024-05-27T16:55:28.163Z STAKES Stake account 4oShkEFrvrAowSUNzEscgGkdTPq9NjX14K8LNrsQVZTw is de-activated:  146.705058458
2024-05-27T16:55:28.163Z STAKES Stake account 2hEiwCfnFG5pY6mwWPPC1WcxzUvnYTu9BE3Nw7FoFFKs is activated:  362.110007113
2024-05-27T16:55:28.163Z STAKES Stake account DUGngZ9LBLEEDsHuCh6zxnndYCLqw8mFbBCbEc1oTkJg is de-activated:  45.634993749
2024-05-27T16:55:28.163Z STAKES Stake account BZVwDxAdkuV9ghoYLGdWNzRbNFAQok9DzpjCVRKxLySg is de-activated:  110.091476421
2024-05-27T16:55:28.163Z STAKES Stake account 8g6uPCj1Xc6rBQMWbPgKhLa2vzsXgkFCZze6oHYhV37i is activated:  160.692566613
2024-05-27T16:55:28.163Z STAKES Stake account BniuxxHnuwV11tGTmck4T2Qb1uCWEe9kM4G45yGPo7Zi is activated:  105.560059039
2024-05-27T16:55:28.164Z STAKES Stake account BLKsTcqUCUqJudypohfm6D81Er9cNmz33ZogYDBtz6Rf is activated:  375.171866714
2024-05-27T16:55:28.164Z STAKES Stake account ELy3zWoxugQRUuVxetKivNC6v6fQnjWWUVwReGDXLHDe is activated:  33.15452894
2024-05-27T16:55:28.164Z STAKES Stake account EDAioW6V1asLiMMxpEGAsXwvuD1DZR5sCZvPpkSdGCyc is de-activated:  374.813001337
2024-05-27T16:55:28.164Z STAKES Stake account 9hSDJjrrLBD1PcFqL3zqGzgZzAVjqe6VjfQzXeQ7Ms5G is activated:  354.952755145
2024-05-27T16:55:28.164Z STAKES Stake account Gc4KwNfzZDrPVJDTZRw9YdtU3BCBbU7XpxmHTeBuu5fR is de-activated:  124.978581071
2024-05-27T16:55:28.165Z STAKES Stake account F1owYeubyiTgiW1uVvhSfJ9eE827V1eJHbxHpCahpY5a is activated:  51.883007497
2024-05-27T16:55:28.165Z STAKES Stake account E2BjjsTAMhcZWkDqCWrBJo9a6k3Cz3J8XnLGtj6TdJFJ is activated:  143.677608875
2024-05-27T16:55:28.165Z STAKES Stake account 2LKgneCWEPnhfPgMRUUGcrbabi37j8P8bEhyrwwCYyP9 is de-activated:  9.049328208
2024-05-27T16:55:28.165Z STAKES Stake account E92ybW7qDbqvoZsLg6EmjrgudzwymgbTsWBvAsdEki1U is activated:  0.003327261
2024-05-27T16:55:28.165Z STAKES Stake account TVy3Bs3CTZohdb9PwR32LwoWqqdyjTbxZrL6ubjcw2J is de-activated:  366.751523674
2024-05-27T16:55:28.165Z STAKES Stake account BQrjonYsQhDpMYJWone7a7Zx9pqBdMz4H7TZEXTMKAt8 is activated:  2.25340581
2024-05-27T16:55:28.165Z STAKES Stake account GQhyFRnJVrgnuZZvpPrFwdDirCrHCoJjzWZFfEtVtk7W is activated:  0.003369376
2024-05-27T16:55:28.166Z STAKES Stake account 2ymSnzxavLDweUekg7WVSvC1z4Eg1kwgFyDt7wTKnkjC is activated:  9.008029461
2024-05-27T16:55:28.166Z STAKES Stake account B9Y6Tb4H6SSMpC2bYu2ZHV849bW2bz6AXjdaC4NXTibm is activated:  118.87140361
2024-05-27T16:55:28.166Z STAKES Stake account 5vGiPTtNxUast3EWRM6eURL3b59dqRcFgdrWZVG8S9kT is de-activated:  234.809748479
2024-05-27T16:55:28.166Z STAKES Stake account 8nh1B5xgSUdCtjuvsMjruy5Cb7LqfwseSkrkTf1CyJxb is activated:  353.73115798
2024-05-27T16:55:28.166Z STAKES Stake account GXxXS2qbsegk3bh3vx9tCHSUc3SxxFgZYrCY22bdGzAU is activated:  374.352292677
2024-05-27T16:55:28.166Z STAKES Stake account 3Gc8mLD2zfGhoJDsvqJLQTMwhAmwVcztvfCtCsJfKfWw is activated:  133.895869204
2024-05-27T16:55:28.166Z STAKES Stake account 5NPUsfjeiRush1DcFNzS8UQehP23Z9y7ydKkyyEK9tVK is activated:  0.003375708
2024-05-27T16:55:28.167Z STAKES Stake account 5rVWPyx1rcDVc19ZaPXqMeWtWa7f2PMt8sAXJvaSPh8Q is de-activated:  139.624875055
2024-05-27T16:55:28.167Z STAKES Stake account DMB1wovgaK9BR4BvKLVtRErXMZVu6ZKduXrmGqagRBwr is activated:  129.953874059
2024-05-27T16:55:28.167Z STAKES Stake account BcMWdaGxFAmg27Lgj1cZcJ7KiHDPDE5T8BV43cpakNEm is activated:  354.730772875
2024-05-27T16:55:28.167Z STAKES Found:  20  accounts that can be de-activated delinquent validator U4dEPAUipZwAQWAuetxrEvDQfnvu5XuzZYWWx7XVy9V
2024-05-27T16:55:28.199Z DEACTIVATE Blockhash: 96nTEkQymi5PjpbTnVqPt7jXnT3ctvjxUBYyGstXpU5F
2024-05-27T16:55:28.242Z DEACTIVATE Sent tx: 2EHeLUDoUNvm5FGoyaV1tGbeozspj763Ldw5EFdCnZztsQk1DqjJL5vN8nKo6e6J1VV91CJay3yigyxLoua34eGq https://explorer.solana.com/tx/2EHeLUDoUNvm5FGoyaV1tGbeozspj763Ldw5EFdCnZztsQk1DqjJL5vN8nKo6e6J1VV91CJay3yigyxLoua34eGq
2024-05-27T16:55:28.347Z DEACTIVATE Waiting for confirmations...
2024-05-27T16:56:25.153Z DEACTIVATE Confirmed.
2024-05-27T16:56:25.153Z FIND Deactivated stake accounts with total balance:
2024-05-27T16:56:27.558Z STAKES Found:  43  accounts for delinquent validator 2PC2DCk8C7n4jhXA427a1qL9CFRu7PtrzKHixU6LXocN
2024-05-27T16:56:27.558Z STAKES Stake account BfzSFcxEuhqbJL5gnF8eJX8wEx5QoC7wiE1GehsAU5eJ is activated:  129.972756459
2024-05-27T16:56:27.559Z STAKES Stake account 9TapNPBGr5YRwtxL1a1kce6uCx6TnqLF8LMm5g5jU9Ky is de-activated:  0.00228288
2024-05-27T16:56:27.559Z STAKES Stake account HvfSNT3cUx9MuLRXn8BK7q1YLnhU4BXkZr5Hfy9EF6Gg is de-activated:  374.708684504
2024-05-27T16:56:27.559Z STAKES Stake account 7nvQdArkCQkHsYV7SsH9ZRZY74uh78CFj2Moj7pt44iK is de-activated:  146.667492026
2024-05-27T16:56:27.559Z STAKES Stake account 3UsQxikWUFDL2uu8iNn8CpdsF5LZFK2WCMR1k6DuRt8C is de-activated:  0.00278288
2024-05-27T16:56:27.559Z STAKES Stake account 74FVWttXmxsqz7mTQQzqyyEAVYJsLWToHZnuFf5Ubepi is activated:  0.003066658
2024-05-27T16:56:27.559Z STAKES Stake account 6tVJiG7goVKWM9UP9MxT38j73wsRx4ncR7nmBE4XDUYV is activated:  143.654702537
2024-05-27T16:56:27.559Z STAKES Stake account HmfkgDYMpBSyziPnuzASDBMn44eDxsBW183HBqdkVqxZ is activated:  0.003374918
2024-05-27T16:56:27.559Z STAKES Stake account 5z5gxFjBq84hSHRTKZ6LpT7Fs5BLLGjTPGdxeCLKxySo is activated:  160.666947551
2024-05-27T16:56:27.559Z STAKES Stake account BxLyJ5snee1oTPqaALgMm1rHSFaRQmuCfGsZ4rAQfZgT is de-activated:  139.587943302
2024-05-27T16:56:27.559Z STAKES Stake account BStTax2fLwopdCvRQbPvVzaw3cbXZUR714mkNRM4sht4 is activated:  1.127621748
2024-05-27T16:56:27.559Z STAKES Stake account BUfQsbTk3RfiT8sQbCscecqynTY7PD4AyTnAnpXnWfVB is de-activated:  327.489741325
2024-05-27T16:56:27.559Z STAKES Stake account 3UNdZW1aiQ4h6GwU8ni9Um4hW4Vs8A5yzpTXUYvZjYJn is activated:  52.428654779
2024-05-27T16:56:27.559Z STAKES Stake account FwnpPaoz5i1tyGXUA3p1L1UB6LZVFKche73kPADeKFQa is de-activated:  0.002282881
2024-05-27T16:56:27.559Z STAKES Stake account 7egjTXseTnMG3n4m3KwcWJv7db1KWTytrwzvGn9KNP28 is de-activated:  356.29981241
2024-05-27T16:56:27.559Z STAKES Stake account 3StKA6wHhMBDfR3cv6ngNNcGNrScaRKXH5hz8yJbcB1g is de-activated:  362.763470083
2024-05-27T16:56:27.560Z STAKES Stake account 13qNkJ8M6f1DHic5EoLRzi1EjzCmtgNm9JXgRFLNAxZd is activated:  5.458531737
2024-05-27T16:56:27.560Z STAKES Stake account 7rp3H438mZ7dkExpBxpUzgRMHnj8tksTC9YBm5xNhNGd is activated:  365.057158859
2024-05-27T16:56:27.560Z STAKES Stake account 4Eoz756mboAJTXrBk9Y58vfCyscogQyDDX6PZmgtb9bk is de-activated:  0.002282881
2024-05-27T16:56:27.560Z STAKES Stake account AHuouJ1SWBVKz5Lg3cTFPC7J47a8E4JdUrcjfF8A3i2h is activated:  105.543229835
2024-05-27T16:56:27.561Z STAKES Stake account 2J2Eyst7B1YNfghfG9LYGvUup5UyvHotg32QRceAwZmK is de-activated:  335.540321416
2024-05-27T16:56:27.561Z STAKES Stake account AArJXF9bVfcnduE75XtvTidZfSzo5cA8uf8XMXYhptPb is de-activated:  119.905976528
2024-05-27T16:56:27.561Z STAKES Stake account 89U2kZFhHFMdgHfKsxR9yKYgXZkbcZUKcesJMAXVXyUk is activated:  0.002282881
2024-05-27T16:56:27.561Z STAKES Stake account CY9jbjTFh4xmyDvrJ9mfhXGSUHWcWnyQjWLf9eP9Z8GR is activated:  1.084293297
2024-05-27T16:56:27.561Z STAKES Stake account FiTmZbSnQTkHjLKzrvh8HV45B9BF2h3ATqfqZxiPuLBm is activated:  361.877016439
2024-05-27T16:56:27.561Z STAKES Stake account HQ1nPSBetr4VumEYitCKrD28Z9qCeC7hxUKi6qYJjY33 is activated:  0.003318768
2024-05-27T16:56:27.562Z STAKES Stake account Ej9BXLDvxoAkKho6sxyfdt1q4Bw6vHXbbr9uZGFdUnh5 is de-activated:  652.519256621
2024-05-27T16:56:27.562Z STAKES Stake account 3dRs4pDRgSbTqdwParvdXYgixeDrg6kE3rPEiK6T5pFw is activated:  118.852452152
2024-05-27T16:56:27.562Z STAKES Stake account G4bJRtQtwjD1KWdrBGq4ruhwZn8b9BUyDVkcxT2CLqnq is activated:  3.865316144
2024-05-27T16:56:27.562Z STAKES Stake account LdWgyTCZW1Kyt3G7RMHtbZnuos5weTjim14Rxfiw6FJ is activated:  0.003326987
2024-05-27T16:56:27.562Z STAKES Stake account B7RoYTf538SEi5p5JodUREA3phQUwq2PwmfTkaiupCqb is de-activated:  4243.259914947
2024-05-27T16:56:27.562Z STAKES Stake account DVZb7iZ6K5poxMypprSLGPaerxPQkEJQPddYCcXAoMaW is activated:  354.63202443
2024-05-27T16:56:27.562Z STAKES Stake account 4V7MrPZRp5SnCiftQC3qxAgjosRGwDncV27Gd1Yji2kf is activated:  0.010469143
2024-05-27T16:56:27.563Z STAKES Stake account 2WebrHMw2R65ypmauu7JUQHJpG72spab1GW6zXYJwPDp is activated:  133.874522378
2024-05-27T16:56:27.563Z STAKES Stake account DaA3h55c6Dm4unCFEoxk5NkNmiPq1QQexKZX3jv5mn1i is de-activated:  0.002282881
2024-05-27T16:56:27.563Z STAKES Stake account 6kRVnyNyfD7GyfZqFJ8hShqWzs8dnmqbNnKx6h5xaNLZ is activated:  375.06745018
2024-05-27T16:56:27.563Z STAKES Stake account YnWsShXR9LxZpZWqTW6ze36iD2gaCPbHGCufGisWvbB is de-activated:  124.945523441
2024-05-27T16:56:27.563Z STAKES Stake account 7sRiypUfpbV3KR2quavNvupiXgkT3tT1WHH1U4ESNW7m is de-activated:  9.028542987
2024-05-27T16:56:27.563Z STAKES Stake account GptdQGKxMuTw8tgaEpj7RryNB9kGDGMHzwAAgjj7Gjri is de-activated:  234.750270165
2024-05-27T16:56:27.563Z STAKES Stake account 9ak4qfLhp19Q4uJVmtJAdUHaibLV9Y2ZgoFzeA97a4gR is de-activated:  375.05277045
2024-05-27T16:56:27.564Z STAKES Stake account FLGfdazor9HqTyGo737zBgzuVEhGbgqms1WouPh4td71 is activated:  353.256907635
2024-05-27T16:56:27.564Z STAKES Stake account HChLW9fM5iWYSj7G5vKPGUJtXpDTMW4P7teZeVhCh76E is activated:  124.170791976
2024-05-27T16:56:27.564Z STAKES Stake account D1CR5G23C54gS2w5bmpRXJYJmSijcAEXCKyYjH8JP72H is activated:  3.960894767
2024-05-27T16:56:27.564Z STAKES Found:  24  accounts that can be de-activated delinquent validator 2PC2DCk8C7n4jhXA427a1qL9CFRu7PtrzKHixU6LXocN
2024-05-27T16:56:27.597Z DEACTIVATE Blockhash: 5f1o8nThkjLNNzSbRAMYx2641LnZEXP3HmQCugM9FTn4
2024-05-27T16:56:27.643Z DEACTIVATE Sent tx: j7nnbUE4Ro5x5Udrg15E5xwaa1M2ZYqrbDSk2gNoQp2ZZuaS1jp4fGhERcVUv4mdA4SESrTt8BP2YZdoH3rx6GE https://explorer.solana.com/tx/j7nnbUE4Ro5x5Udrg15E5xwaa1M2ZYqrbDSk2gNoQp2ZZuaS1jp4fGhERcVUv4mdA4SESrTt8BP2YZdoH3rx6GE
2024-05-27T16:56:27.778Z DEACTIVATE Sent tx: 2XBaoNNz1ETxrGKiiEURwpKHUAMVikFGRhk88TzHULTSUSRhmkVS9rEBTSSSefmUebwSzndSoDiEVRs4yvBK8fNz https://explorer.solana.com/tx/2XBaoNNz1ETxrGKiiEURwpKHUAMVikFGRhk88TzHULTSUSRhmkVS9rEBTSSSefmUebwSzndSoDiEVRs4yvBK8fNz
2024-05-27T16:56:27.879Z DEACTIVATE Waiting for confirmations...
2024-05-27T16:56:57.826Z DEACTIVATE Confirmed.
2024-05-27T16:56:57.826Z FIND Deactivated stake accounts with total balance:
2024-05-27T16:57:00.129Z STAKES Found:  26  accounts for delinquent validator HcHHb1ZfmCxpyJmXWcvsGqPjYGCyUTfXs7nMKYesVicm
2024-05-27T16:57:00.129Z STAKES Stake account AbvVNwNsqz5sUCzPeS7AJ9ZiUpFWGqrpN6AT4hoosEAQ is de-activated:  10.69031889
2024-05-27T16:57:00.129Z STAKES Stake account 4gZwE2bDKFKM5rpE3JBJZxXRVGBCeUC7WN2rQ8pRuwxo is activated:  124.350804016
2024-05-27T16:57:00.129Z STAKES Stake account DecjPuiZUFn51d6WxkFrUwJKF5ErYBB2UcTvTrqUGUK5 is activated:  52.577376214
2024-05-27T16:57:00.129Z STAKES Stake account 4nXYmxStB2zqTMriYkUKv3xhmjQUJG1BfQdmQsMQNYzB is de-activated:  146.655304851
2024-05-27T16:57:00.129Z STAKES Stake account A2iPiExNT6K5DFKSanSjL7p3bcmnZrzjf35YWJesGNE is activated:  355.238182686
2024-05-27T16:57:00.130Z STAKES Stake account AgGUE4qpFj15qPn8pe5wygjnHiUEamRVCx7Xv5m4MNwi is activated:  160.89986952
2024-05-27T16:57:00.130Z STAKES Stake account 8VPSrMwvYfcv9jgEU7MYibt6i6kUV559NgpQpATbM8pY is de-activated:  234.832470058
2024-05-27T16:57:00.130Z STAKES Stake account 41Ls5eQXUsm9SC5pYqnWpXkjL7xgv3vtZPHYSF9nqqEP is de-activated:  356.431458721
2024-05-27T16:57:00.130Z STAKES Stake account CizUvBVhoXjKKfnzYpLQxvS2fs9U1zAajH1CPCSAe4De is activated:  129.965649483
2024-05-27T16:57:00.130Z STAKES Stake account 36BAbc5ZaAYgSn9V7gJUpuQ7xVKPHPXRovhZrzvwbZWS is activated:  375.205763853
2024-05-27T16:57:00.130Z STAKES Stake account ADkws4zU4gcd75wnm61cvogvZvNe4HwEJhCtmRSQpNm1 is activated:  10.690537746
2024-05-27T16:57:00.130Z STAKES Stake account 96JnwUgYwe2ZTZ7jdSY5gSfz7633wPdXZPEK2xRcLCg7 is activated:  119.024753981
2024-05-27T16:57:00.130Z STAKES Stake account AGBRe5YcvPXPvW2DjKRJjsDfBRgJYXyJNjBQ3c8JbvwG is activated:  10.190157908
2024-05-27T16:57:00.130Z STAKES Stake account 8u2SBKdpvGh8VS4yuAANuddxLDNBVuN4RVEhjMkcsAJS is activated:  10.323605402
2024-05-27T16:57:00.130Z STAKES Stake account EPPQxUoCBk8ZZa1CgTQc4njYtrrr3vTACfJzeMATcBeY is de-activated:  124.989625574
2024-05-27T16:57:00.130Z STAKES Stake account 7R7J2fNa3P6EVStAHZth55US9fyfcuXvNxZ3CMkiwbou is activated:  0.003369479
2024-05-27T16:57:00.130Z STAKES Stake account 49PfBf1BLs3cknGsVcEiEh2yVEinjythgaPnK4ttShAV is activated:  134.068602306
2024-05-27T16:57:00.130Z STAKES Stake account 3pBWeZJBUGKWABM7ACht81w2Wwk3SsP9pYJe4hDjZDFC is activated:  10.323605402
2024-05-27T16:57:00.130Z STAKES Stake account 9FkiZKHKpDyKqiCwLjcmthWXJYfLMbYpHSA6nXnqiVE8 is activated:  143.862961184
2024-05-27T16:57:00.130Z STAKES Stake account 5oDgCgCmfyJF2A2TwFcZkEPaXWCFduHvnMikcNTeHqbn is activated:  353.546981806
2024-05-27T16:57:00.130Z STAKES Stake account DdRLjwTHdWe4CEBBCtMs2pSeymSCetKttkGeWuuVNqqG is de-activated:  10.69031889
2024-05-27T16:57:00.131Z STAKES Stake account AymCfF3Gcm7jrPPzYArJzEwyncxTgRoDzvuxv3KESbUa is activated:  105.696236748
2024-05-27T16:57:00.131Z STAKES Stake account 8uV9NGr4X5DFK1LXJ6fLD9bdZSDs9f7AELLwZyasrxWi is de-activated:  110.013152261
2024-05-27T16:57:00.131Z STAKES Stake account D1qQpUqjT3QvBfWcyebkeG1G74aoS8MBSmG28jErV3k8 is de-activated:  139.637213878
2024-05-27T16:57:00.131Z STAKES Stake account 45PiDAJaC4LFf2gmMz4ASwJ4jZDwyZB31bHGi7TfBW1L is activated:  0.003327371
2024-05-27T16:57:00.131Z STAKES Stake account EpbPRaRHuxzcbdejJ9btnfWtoEUrwfobNDKq9nsMcFju is activated:  0.003375814
2024-05-27T16:57:00.131Z STAKES Found:  18  accounts that can be de-activated delinquent validator HcHHb1ZfmCxpyJmXWcvsGqPjYGCyUTfXs7nMKYesVicm
2024-05-27T16:57:00.162Z DEACTIVATE Blockhash: 5CVsVTfhrNQWHje2yyH8DcSE9FkjSdcHjoAVTJYx2MBt
2024-05-27T16:57:00.198Z DEACTIVATE Sent tx: 3JNNAeJFR9faikB7U5v1nXfQsVGasjmm1P1bLZNHjBaANofWya6rucmevUtWKfTQNqbmkspW4vzZpZMwMgaS8NvF https://explorer.solana.com/tx/3JNNAeJFR9faikB7U5v1nXfQsVGasjmm1P1bLZNHjBaANofWya6rucmevUtWKfTQNqbmkspW4vzZpZMwMgaS8NvF
2024-05-27T16:57:00.299Z DEACTIVATE Waiting for confirmations...
2024-05-27T16:57:15.723Z DEACTIVATE Confirmed.
2024-05-27T16:57:15.723Z FIND Deactivated stake accounts with total balance:
2024-05-27T16:57:18.076Z STAKES Found:  25  accounts for delinquent validator CbmFtfoXWuhSxo9GDJHBBrkszbPawKeQmaW9JQr8cgyf
2024-05-27T16:57:18.076Z STAKES Stake account 56DM8NfexZAdD6q9NxQAwm7GHcoD36BeF8FJzGLJ5HDn is de-activated:  10.688075625
2024-05-27T16:57:18.076Z STAKES Stake account ECerwoFNm5K2aPg9w8932SxkHJVtYdSXkCRcVpwz59TL is activated:  153.860118095
2024-05-27T16:57:18.076Z STAKES Stake account ERZra3wkKf6EgJSNFzn9er3fUAi4x1LVUY5DGVDxuqyi is de-activated:  109.959257332
2024-05-27T16:57:18.076Z STAKES Stake account AvmQrD21hNL9Nf7FRFkA9jEnRUDbhU6PJH6TCZ6Ng1Zn is de-activated:  119.646022297
2024-05-27T16:57:18.076Z STAKES Stake account CGxtvEinPsM8rbf4esAojym1bnEJYkyWBZAfTiBeKoC8 is activated:  10.688300751
2024-05-27T16:57:18.076Z STAKES Stake account EQrqPxkZoPd95wtjYpAxPGm34A1N3HgkHnKUZJRNR67 is de-activated:  362.41190866
2024-05-27T16:57:18.076Z STAKES Stake account 29Jv2kbCPsqLW39rdj3qamx7fTTtUmamQX6MCTkHDoB8 is activated:  374.307677418
2024-05-27T16:57:18.076Z STAKES Stake account B9V2UVTY4XjLmGwmAA5iHcLpRk4orbEs4jpqRrZT2BFg is activated:  128.202709083
2024-05-27T16:57:18.076Z STAKES Stake account 5Tru19jMSkHdAaF7UV2gVsW2MJXH1eiaSck8zrfxZ5R7 is activated:  10.311131871
2024-05-27T16:57:18.077Z STAKES Stake account B9CmPHSJeDGnVHm9s4ExQiySVWNANTHQf6fVqnXKXvRq is activated:  118.910061017
2024-05-27T16:57:18.077Z STAKES Stake account FC5RFzG5QS1f9c2tNzRR7a2TLW8D5UNUtgL2AcxgrmAv is de-activated:  133.661181454
2024-05-27T16:57:18.077Z STAKES Stake account 2LrJb7VFH3q6J2X735BWyy6NLBCUucY6jNxUbeWgCWBE is de-activated:  362.820972861
2024-05-27T16:57:18.077Z STAKES Stake account HHjh5dbkANjfDM6PeFnEZ2j4Yi5qi5KXQcG5JjNSALXd is activated:  96.020316029
2024-05-27T16:57:18.077Z STAKES Stake account 4cffetW5GQnoYB31ySwUTeVYSEvKi83TNeJCsQA4fupd is de-activated:  378.206827419
2024-05-27T16:57:18.077Z STAKES Stake account 7DCozkNWLVLUBSUzskeRbu83NADWw1wwBzbWgvcCvQWc is activated:  0.0033755
2024-05-27T16:57:18.077Z STAKES Stake account 4vPmddeugqDgQbKEvFiJwsucXkAtwFceSqQTV6eywhy2 is de-activated:  10.688075625
2024-05-27T16:57:18.077Z STAKES Stake account EAkHmjWLNMY4jK4mUAFYq5EFosnRtxCLXoF5sZWb8jmU is activated:  101.06831766
2024-05-27T16:57:18.077Z STAKES Stake account 8ADePUjPPwpaxu3CFyeru9U1Wp4aYZxeZWkjhka9iLLQ is de-activated:  130.430283574
2024-05-27T16:57:18.077Z STAKES Stake account EyLDSfyWCzN7p7aXnjs9wujcyQtm2VkGr1S2TTu9Gs2b is de-activated:  7.371266716
2024-05-27T16:57:18.077Z STAKES Stake account 3duCer7zQH1hmz7mzkV8sDonP5hAZRGmqoM6oUvVBajg is activated:  0.00336919
2024-05-27T16:57:18.077Z STAKES Stake account 9tE5bfuTQvjDu6ZeYL4HKTXG654basWoxYKSqMKfLq6G is activated:  137.56856837
2024-05-27T16:57:18.077Z STAKES Stake account 3veNR8kJ3iZDotWjMmngDyoGNAQDC2m2rDBGLC4DuAcK is activated:  354.910448839
2024-05-27T16:57:18.077Z STAKES Stake account 4iDrZD4rp8SnEZ4bjPefFdupKtXqHhn1Ds19MPEE3NHA is activated:  10.311131871
2024-05-27T16:57:18.077Z STAKES Stake account 7HWFwjcaQTPor28ysUeFQ2R8UNuHXfBYcYVYCc555oJw is activated:  124.403571081
2024-05-27T16:57:18.077Z STAKES Stake account 4ktY6igNiuzCaBShP5RLovyvvSKMVzwyR52Xwmn1iMjP is activated:  0.003327176
2024-05-27T16:57:18.077Z STAKES Found:  15  accounts that can be de-activated delinquent validator CbmFtfoXWuhSxo9GDJHBBrkszbPawKeQmaW9JQr8cgyf
2024-05-27T16:57:18.108Z DEACTIVATE Blockhash: 5wA2zXdnmWoyA2G1etZNcYxASNuJQQaRW9CkRVVN8WZk
2024-05-27T16:57:18.144Z DEACTIVATE Sent tx: 2ahnPteGVqZcoqnWnCDF5E89erSoJKsjXecEFuGD3jjHAt1yoqDex5N2po7Wy9iuUmwmayDzhdCumMNsrxrz9xaX https://explorer.solana.com/tx/2ahnPteGVqZcoqnWnCDF5E89erSoJKsjXecEFuGD3jjHAt1yoqDex5N2po7Wy9iuUmwmayDzhdCumMNsrxrz9xaX
2024-05-27T16:57:18.245Z DEACTIVATE Waiting for confirmations...
2024-05-27T16:57:59.514Z DEACTIVATE Confirmed.
2024-05-27T16:57:59.514Z FIND Deactivated stake accounts with total balance:
2024-05-27T16:58:02.560Z STAKES Found:  1  accounts for delinquent validator HqCtds7FsNYLPnp1sRXdPt92rUbW3MDxUsDaTcNqLjKS
2024-05-27T16:58:02.560Z STAKES Stake account DYTuP3u2xN1XZS2m4CC4tQdcGRcDeBh2XMyugjSuCk6q is activated:  1.1
2024-05-27T16:58:02.560Z STAKES Found:  1  accounts that can be de-activated delinquent validator HqCtds7FsNYLPnp1sRXdPt92rUbW3MDxUsDaTcNqLjKS
2024-05-27T16:58:02.591Z DEACTIVATE Blockhash: BUNK2LzqRa6M4xLJpUAtP621r4hf1rxbLhs82bi3Khfi
2024-05-27T16:58:02.623Z DEACTIVATE Sent tx: 56PPn2JnURdKqCSWDFihy9LuiBdNPTDpzoJUPqQaejgsTXdfdx4BoHc6rCCQUsMV2QxHP8sFZvqQWGPCM7phhTHW https://explorer.solana.com/tx/56PPn2JnURdKqCSWDFihy9LuiBdNPTDpzoJUPqQaejgsTXdfdx4BoHc6rCCQUsMV2QxHP8sFZvqQWGPCM7phhTHW
2024-05-27T16:58:02.724Z DEACTIVATE Waiting for confirmations...
2024-05-27T16:58:43.263Z DEACTIVATE Confirmed.
2024-05-27T16:58:43.263Z FIND Deactivated stake accounts with total balance:
2024-05-27T16:58:43.263Z FIND Total de-activated: 9700.424566557
