2024-01-01T21:54:53.029Z FIND Found epoch range to explore:  550 554
2024-01-01T21:54:53.032Z FIND Found delinquent validators [
  'H6ykDU5UATTVGycognJQ7FBK5TXWSgoY5gTTGQK6UyjX',
  '7FdodtUZwVpgP4BgkoxcdQQF2bf6qPfGbFBCn2hMvJ5V',
  '8jcD4kdVWqMWCftK6GYEhEwDvYyT38JMxUpNAnucfaoX',
  'GAPRtKSbLzFsefuPWYeZ1RtHzSwngik8TX633UVn7BUR'
]
2024-01-01T21:54:53.033Z FIND Found reference validator 6D2jqw9hyVCpppZexquxa74Fn33rJzzBx38T58VucHx9
2024-01-01T21:54:54.557Z STAKES Found:  46  accounts for delinquent validator H6ykDU5UATTVGycognJQ7FBK5TXWSgoY5gTTGQK6UyjX
2024-01-01T21:54:54.558Z STAKES Stake account xTGDGH4o2TF2di3nqukzUn66W5HyumYnC25BgZ3GEen is activate:  1.041350068
2024-01-01T21:54:54.558Z STAKES Stake account EkozuAqeriXzYR59contvjJHk2RcFqBAEyNztQ2cbEU5 is activate:  324.813821767
2024-01-01T21:54:54.558Z STAKES Stake account EC3TrJmtYuhp9VoLDqwsQpccnfiyU4cJ5X7hVMdfsVWn is activate:  325.537899681
2024-01-01T21:54:54.558Z STAKES Stake account 2wBjTneVKLVgyoBybcsgzH8Hyn7S549SsVyibCRvvBH5 is activate:  350.826509673
2024-01-01T21:54:54.558Z STAKES Stake account 5nZUtEsspfiXgXmt4Yyq9FFbqPm5muspypCwRVcLgKSN is activate:  351.499241319
2024-01-01T21:54:54.559Z STAKES Stake account 4MfjGocQDfuvLrvDwqReYXC4hpFKK88sQstwt49kJ8Fk is activate:  325.25685292
2024-01-01T21:54:54.559Z STAKES Stake account 5HP1Kptm8Tn2EX386Cc2YiBX45fz3FfipiqWyAsKNUmQ is activate:  1.041350068
2024-01-01T21:54:54.559Z STAKES Stake account VLbUHBHSoxXJxoiQo1aAqTuWBa6grcgRu33XxP5Pjfo is activate:  1.040036549
2024-01-01T21:54:54.559Z STAKES Stake account Gh1CkbRgtuAYKpSYNtVtLSkbAx1T5AnWdsU9V7q5kr2u is activate:  1.040910444
2024-01-01T21:54:54.560Z STAKES Stake account 4eEPA4g9F5sUy1MvAwGtBcBqVDDmpqaWRFi7UG5ToPe7 is activate:  343.407842452
2024-01-01T21:54:54.560Z STAKES Stake account E8dWxihS3xPYMBXFkpZDV255PeJryRoqjBRZ7273NiFu is de-activated:  7.175257327
2024-01-01T21:54:54.560Z STAKES Stake account BDEH1Rurjj8QjBxFYpYwiEcTu1LAFau6zkofszKVTafv is activate:  1.040471818
2024-01-01T21:54:54.560Z STAKES Stake account 64ug9v4NcVdkSiivuwjnaaQXF6k6Qct2DS6KGt6twa2p is activate:  324.980444157
2024-01-01T21:54:54.560Z STAKES Stake account 267uEm3qsNCXhtuy9F42VXA6Lkm9wS7B2UCBS1AYBK5D is activate:  1.040036549
2024-01-01T21:54:54.560Z STAKES Stake account AGYPGm4Ft49EFVnNDYd4PEV7YXohpEHyp48Ap9WbiTVh is activate:  1.039157824
2024-01-01T21:54:54.560Z STAKES Stake account AugeDy7soki8yauz3it1WgBDTAqH4Mmo6qhSA59iZ6rb is activate:  335.995009734
2024-01-01T21:54:54.561Z STAKES Stake account 4Yf9VHV7fe2hJrJvAz43AKSUkkZEMVCjdrdS4a9TVht3 is activate:  326.329298838
2024-01-01T21:54:54.561Z STAKES Stake account 5bHQ5Sb78r7kcReoyzeEZHt4WEm8bg6uaVQZ2PmCrTRx is activate:  0.00332142
2024-01-01T21:54:54.561Z STAKES Stake account EgxzAY2cbXWUcgSMXjHjusYmwn6QzzHbiGLY3gYnS26u is activate:  352.360117767
2024-01-01T21:54:54.561Z STAKES Stake account B23emPJq4UukhXgr2hgMNn6sEhvbbe3c3M9dd195PP4b is activate:  1.038306327
2024-01-01T21:54:54.561Z STAKES Stake account 7DVRRpE5zPLyToEScWKfwV4zMHv8r4e3pgxTVJiUmmE1 is activate:  1.040471818
2024-01-01T21:54:54.561Z STAKES Stake account HKKCjnXNcEnyWVJnbq5SfMJPFBEP1Lv2NfdXN1N3U5r9 is activate:  326.147270622
2024-01-01T21:54:54.561Z STAKES Stake account 2NcqZzRiWKMz6bVWSy9aPQrm4659F6v2Zqeiq6ho7N9y is activate:  1.040036549
2024-01-01T21:54:54.562Z STAKES Stake account 7hYTq3wRMv68auTNbCmKYSFLA3HtsfqroHnaieQfHDFQ is activate:  119.602692555
2024-01-01T21:54:54.562Z STAKES Stake account JChg5qxaYRbBUpAL9ZAYLGzYuViM65Gth88pgSyPJJEi is activate:  343.717435631
2024-01-01T21:54:54.562Z STAKES Stake account BuB7cwLd2EbRLjW4CDVYmjzxj9JTWqEnYaGgfndX61Yw is activate:  326.449719237
2024-01-01T21:54:54.562Z STAKES Stake account 5wLEcs97aBPBxcPVHhbdWCB259poDkCY1iNG3eJvibof is activate:  1.040471818
2024-01-01T21:54:54.562Z STAKES Stake account EeV2xbLwdQPSCrM3FfqaGDzAa5aPHamMatDHkRi9NhcZ is activate:  1.039599781
2024-01-01T21:54:54.562Z STAKES Stake account 3HYQXse3W2JNDc9oKSkKfFeusH4VZAhz78ypB4LQDjPG is activate:  1.039599781
2024-01-01T21:54:54.562Z STAKES Stake account J2EcVj2RES48ggwTxSzudaJwQnypCh467jeeFVMw8kFh is activate:  1.040910444
2024-01-01T21:54:54.562Z STAKES Stake account Hi6HVQebRtCtj3iXGWmAAFFd73dE85ZuLRdzLxGbcvEE is activate:  1.039157824
2024-01-01T21:54:54.562Z STAKES Stake account 6XBYRF9KVPsTzemDiB5RhRbHYivz6DrFZLEgZy5Z5zDi is activate:  0.00329785
2024-01-01T21:54:54.563Z STAKES Stake account ET8vcqra9CJmxB6nfynjvjDDucCkxM3KKTDtqpiRwRfc is activate:  1.039157824
2024-01-01T21:54:54.563Z STAKES Stake account DoZ8xhEXLgM6FnSSt8hPZzfvhPAv7A9Tpm2o4UAU9Q1B is activate:  1.040471818
2024-01-01T21:54:54.563Z STAKES Stake account 26F1JJ398kxvj6CbNZniWb6RCunb4AwVr3JoXR7vYUYg is activate:  1.041350068
2024-01-01T21:54:54.563Z STAKES Stake account 5b4PY16CRUCZUNHFcpn5UHybyNWBHZR45pf3Kn4kEXtQ is activate:  1.039599781
2024-01-01T21:54:54.563Z STAKES Stake account E3rFWheRGtnqzmHm3s9Rzu2D7ngRgUoKeUQW6xofhDW3 is activate:  325.522468152
2024-01-01T21:54:54.563Z STAKES Stake account pgqda8uHPEnntErMb3GuCZ2KkPPXE2aSiNgkH23iWt3 is activate:  1.040036549
2024-01-01T21:54:54.563Z STAKES Stake account 9Ck8zYwYiCP2aCYhFKxRWnDjYdDmGVk3dxgp2VTHzJHb is activate:  325.356418357
2024-01-01T21:54:54.563Z STAKES Stake account DNDgn4wZX2C8hgc3HGhnfprGU1j76Lzp2thD3dpw2SF1 is activate:  1.040910444
2024-01-01T21:54:54.563Z STAKES Stake account CHuPjqqg2sUXGqQDDVrzN8BitXVvzWar4i9WwjiGXK2u is activate:  1.039599781
2024-01-01T21:54:54.564Z STAKES Stake account HE9PiCBHcgL18MitD7LghzLzDVjc2iWRpu31Rr6uGm5b is activate:  1.040910444
2024-01-01T21:54:54.564Z STAKES Stake account T8BJwmP368MYog9yQSo8fpZmnsprvKsoKPrFXMVzKpt is activate:  351.962848534
2024-01-01T21:54:54.564Z STAKES Stake account BJBMUN37erf22NA1eV8AspMMZwZHaGUXqu6hHgQC89ma is activate:  1.040910444
2024-01-01T21:54:54.564Z STAKES Stake account GJxNvV9KdfbkV4Qw1SGDgjvtHw3MZXEWBVATzprjauMd is activate:  0.003321856
2024-01-01T21:54:54.564Z STAKES Stake account EUxrTzpSnYh6FNN4LwHBEZVDcEU9ysxovZruLTGHdwhc is activate:  1.038306327
2024-01-01T21:54:54.564Z STAKES Found:  45  accounts that can be de-activated delinquent validator H6ykDU5UATTVGycognJQ7FBK5TXWSgoY5gTTGQK6UyjX
2024-01-01T21:54:54.582Z DEACTIVATE Blockhash: 5aHA3ScUUKzmZFsnU9uCbkTHpgUHULzohz5HfYUCqvp
2024-01-01T21:54:54.614Z DEACTIVATE Sent tx: 2xT5tBH1cH6cywGe9PzDjTCCverRWQE2TzoWN6jDdWc34SrHCfhnVbG8V6VR4yxWWonLx6PygdsBHcisTwDeLuBn https://explorer.solana.com/tx/2xT5tBH1cH6cywGe9PzDjTCCverRWQE2TzoWN6jDdWc34SrHCfhnVbG8V6VR4yxWWonLx6PygdsBHcisTwDeLuBn
2024-01-01T21:54:54.741Z DEACTIVATE Sent tx: 2En2vUG9WPx7UAAwEXcRud8MXtksDpwuqv8kq6453xtDisWBwxn96AbQ8bTWUYNULGcw1Mq4pwC8vD5u5xyGjEc1 https://explorer.solana.com/tx/2En2vUG9WPx7UAAwEXcRud8MXtksDpwuqv8kq6453xtDisWBwxn96AbQ8bTWUYNULGcw1Mq4pwC8vD5u5xyGjEc1
2024-01-01T21:54:54.842Z DEACTIVATE Waiting for confirmations...
2024-01-01T21:55:14.798Z DEACTIVATE Confirmed.
2024-01-01T21:55:14.798Z FIND Deactivated stake accounts with total balance:
2024-01-01T21:55:16.242Z STAKES Found:  4  accounts for delinquent validator 7FdodtUZwVpgP4BgkoxcdQQF2bf6qPfGbFBCn2hMvJ5V
2024-01-01T21:55:16.242Z STAKES Stake account AgcYwEY9hrD9FjEAjBuLTKB5M79ffpbDcEP7wCxSTqkX is activate:  101.007970903
2024-01-01T21:55:16.242Z STAKES Stake account Ge4Cf11xc7RVxZP6vNGHZpLfMSBJBXmPqEKM3uyZ8ET8 is activate:  1.002356341
2024-01-01T21:55:16.242Z STAKES Stake account FzJFU379Gjjao4vqqRPGYVU5mqtNkL4Y3tHTpJLFFPca is activate:  0.003282952
2024-01-01T21:55:16.242Z STAKES Stake account D2euS8oJZ4bkGyK1oyTUavWVwgkWTdTz9Qm2yJ5vzTcG is activate:  0.003282941
2024-01-01T21:55:16.242Z STAKES Found:  4  accounts that can be de-activated delinquent validator 7FdodtUZwVpgP4BgkoxcdQQF2bf6qPfGbFBCn2hMvJ5V
2024-01-01T21:55:16.259Z DEACTIVATE Blockhash: J2i64jtm4MVnCU2WeJg3wGCRwYwq4DqSrsaEH7evfmCP
2024-01-01T21:55:16.279Z DEACTIVATE Sent tx: 23qaowZWDQptcKbxZs1HkaYVQkH4XQsx9Z9SziRuvxmwMzbwWrykMnNQ1h5WEDnQCNYTFuFc38rMy5NFpUiLhqTE https://explorer.solana.com/tx/23qaowZWDQptcKbxZs1HkaYVQkH4XQsx9Z9SziRuvxmwMzbwWrykMnNQ1h5WEDnQCNYTFuFc38rMy5NFpUiLhqTE
2024-01-01T21:55:16.380Z DEACTIVATE Waiting for confirmations...
2024-01-01T21:55:36.072Z DEACTIVATE Confirmed.
2024-01-01T21:55:36.072Z FIND Deactivated stake accounts with total balance:
2024-01-01T21:55:37.650Z STAKES Found:  1  accounts for delinquent validator 8jcD4kdVWqMWCftK6GYEhEwDvYyT38JMxUpNAnucfaoX
2024-01-01T21:55:37.650Z STAKES Stake account EMczoZNCvnndowAYLdwsFzjVVq87JqAmB3JpRGMGFDc6 is activate:  0.003285257
2024-01-01T21:55:37.650Z STAKES Found:  1  accounts that can be de-activated delinquent validator 8jcD4kdVWqMWCftK6GYEhEwDvYyT38JMxUpNAnucfaoX
2024-01-01T21:55:37.666Z DEACTIVATE Blockhash: DM4Xt1mpskFgXWA7atwqEVwodr728dCoVZHbHBdeeRw8
2024-01-01T21:55:37.684Z DEACTIVATE Sent tx: 7go6S7bPf38t36DbhUxzJYqPLDscFXCSLzUrabiKwmydev7WqNCMJnKN9ixVVksYKQH4MeKj9xVbn6ddRLfpdBU https://explorer.solana.com/tx/7go6S7bPf38t36DbhUxzJYqPLDscFXCSLzUrabiKwmydev7WqNCMJnKN9ixVVksYKQH4MeKj9xVbn6ddRLfpdBU
2024-01-01T21:55:37.785Z DEACTIVATE Waiting for confirmations...
2024-01-01T21:55:58.928Z DEACTIVATE Confirmed.
2024-01-01T21:55:58.928Z FIND Deactivated stake accounts with total balance:
2024-01-01T21:56:00.371Z STAKES Found:  1  accounts for delinquent validator GAPRtKSbLzFsefuPWYeZ1RtHzSwngik8TX633UVn7BUR
2024-01-01T21:56:00.371Z STAKES Stake account CWoCh2QaPUewqjeWW8aLat8a9iaUcHLpBAQVw9YSpB1f is activate:  0.00328288
2024-01-01T21:56:00.371Z STAKES Found:  1  accounts that can be de-activated delinquent validator GAPRtKSbLzFsefuPWYeZ1RtHzSwngik8TX633UVn7BUR
2024-01-01T21:56:00.386Z DEACTIVATE Blockhash: 9MvYaXf47s717fXc8XDCPCqL8SVKxaVCjdwz57ZRDzos
2024-01-01T21:56:00.405Z DEACTIVATE Sent tx: 53vKQ4zhwANnfnqFpAu3GX2femhayWyjELpo5Pf5Y1ViyFiWduGfb4dRMvrAmKSdHQLvx7ygic6sgs29xhYrp3sj https://explorer.solana.com/tx/53vKQ4zhwANnfnqFpAu3GX2femhayWyjELpo5Pf5Y1ViyFiWduGfb4dRMvrAmKSdHQLvx7ygic6sgs29xhYrp3sj
2024-01-01T21:56:00.506Z DEACTIVATE Waiting for confirmations...
2024-01-01T21:56:20.691Z DEACTIVATE Confirmed.
2024-01-01T21:56:20.691Z FIND Deactivated stake accounts with total balance:
2024-01-01T21:56:20.692Z FIND Total de-activated: 5607.802414938
