2024-09-26T13:55:07.965Z FIND Found epoch range to explore:  672 676
2024-09-26T13:55:07.969Z FIND Found delinquent validators [
  'AXA7ztxJGz77RHmocYQ6MEbPYHbpc3TmhtQqZGrdzqo1',
  '7Tky1T9JDevVnNi9oF7tbq6T9KjRVdsMyrHusMKWbY4n',
  'DDyikTKaM6RW8PZes38aULUeZkWCtecPZt2pmGCby5Q4',
  '8M7fvH3pXSrDK8xaNXLN6kNxaAL3J4niRqPvzQru7X4w',
  '6iofqZZRkZvKuqtQ5XmDrPkbEV8cu3AbtPLC589ZKfrX',
  'FbRosCwR5zW7RLMd2DzQ9Pwfvp2cAaSYSa9LioXeDXy1',
  '9X8qdtYB1CfZ6L5JFcwZoyz6HusUpGC47BSdDcwYcaCs',
  '2WdrMdtKKSf5Yd4AjHNorNZ832KWiyYFSN94dsaj2ZJn',
  'F3KghztFNNgL2zL1VPBq5ndQJYMwXhpDX9eRCrNmDjFn',
  '8nBL11XWJMEcDTq6ELVZ1qWa1DWNG7j54FgvviyRWE1D',
  '3PUJztwgkqpk1Dx6FAXjUsn1MmAyRaL35fZFQpi8N2WS',
  '2rBL875drcTQ9oSUNjqyLj4A7pLvUwtYdPL5cnLjFNUW',
  'J5xdcPTXrGHguwCvrLzAy7wVtALo8dcH9UER7X6W7mv',
  '7rRvt7YBMyoKqxKibbpLJEBnA1iWwD9QXAhD8CqqC8fd',
  'Dxsyvpi7dsNMUgxSBzCmfSP7BpnEXs1u7fLXfDBH4eQD',
  'GeAakdM3EaC9myuy9Lmtv6DGxHiXGekx7CxNr8jdeuNx',
  '9SNtHX34DoHZsY16AY4ZufxFHygjkeR55KmDGrSH4arQ',
  '9PqDDUdnp8yQxmNBLZUkiviEFTqdkVHFtuxYecGPFrgJ',
  'Uqt9NeBe9LsYThG9S64pG2s3nsJ8nCLvnWtJNC6rKKA',
  '3jujgVKtL9vaDVkvUpmTMfdccTPbzsw1UeJh4p8A8AeA',
  '6qh4syVPTGdZVrHAXsc2MtAxNEiHHHQqxMqZEgRfHxZ3',
  'diTNtixiNhRoTRSKTB7FPCBRCxChxs76WEuejB4hyfX',
  'GrWXv9BJnvauGu9cy3ZLvBuF5CBLyDdoaPRS7sQ2kHP2',
  '713hC8PyHeYkHYobyN9D985QeFMoxYbYGLPtUqYevGws',
  '9Py4dL4KEa61g526bbZgHrQziEvPNg1S3ii2dsSynowh',
  'E7hyRaTAmb4e6muUXGd3ypB3ZHcGut3Ngpxm1ManLQmn',
  '7N4Sz9tHuLjivyk465aUfs4w5gV82ErCKjgnRPTbXa6s',
  'FS33hJY77m4BWfjJ4s2xK5Bq9kLPpNRAbeD3J6hXLd4V',
  'EJ7vE3BA1SChJs5s3h598p1KUSLwkCGrszgZsArBgT1C',
  '3iWcP272GyeGSZBns6echFedaPoDgyprrY3URhRfWYdt',
  'Gx61qmf2xjPFpwPn9GPLNMPAxr4gZ6mup2YDzE3MwSec',
  '9Tbfc8EqMjnwwekX4eSjxTYyD8jaXPeujCvQLaDVD4bo',
  'GqVzdBZ95yrinDkY2ougx7HR5JHVh5CiUXY9hksFu9ia',
  '685qv16TfRSkwkjM5or3JTEZaPstH3mNW36gFZA3FKc9',
  'TH5NmhGi7RPZebUgarGCZZk7h7ZyV9otr1u6GrtLXsM',
  'CtwauaA2VtDFqjrPuXXpmUxtFTdi59Ld7WowBkPDXzk9',
  'DrPsz6W3SyvNUJhznmNT2X8grPYDEqdEvuBCfxGv33xL',
  'H9LewK8VxCnfLG7rQqwogWqFqa9h5qqvizRCQiu7Y5rY',
  'GuThGBuwCxeoCeRb1yp3idtd7BkGFtTUCaqGkapbiSFu',
  'BjYWWh1yyvAZQFhYhYBnhoiyUwSSGbNVEHHz1V95jAhm',
  '8qq9tw5QpoWnAh9hK5Uzkt4YC2Hygpeyd5iQZTocSBYD',
  '2w1R9brqaUBu7jAboxGPKui9wMwNTcWcTMW9YrHu6obv',
  '5wrt7qmJ8zesntEhdYqZWGJnCD31gnWi7jGmF4PGwsAN',
  '3LD4qkmgthaVwjS9RdFpDptm8RAi1qzAA959X8whKXBj',
  'HsApTqQZvo2YKUTAezN4yeygu61A85TSyJoU69yegs51',
  '4CMy7v8JK83oZCgxWAjYC37TV3VwcJPRPtoLKW2b4tHq',
  'DD4k6dMPn6VSy5BpGQSb4ansEDyGbXbzxx1g71PHLzEF',
  'Gtjo1BPYNZjUJzrNLHE6KzY47XNErdXk5A7RH82s881j',
  'EiBkEFDFcV6Hm5rawweVxFg5urbPpqV7JFPWB3XZXwA5',
  'GCB87BWgT4eUyYxUjwfL8EM8DptrZ2YfDjLukiDpYamb',
  'DfD8xygCpHotDRGa6mmetuNwJYE9BwREJzJam3LepHiU',
  'BbSV8Xdt6oEJ9CM2ecutRAMRjmApszkJhn97XC9U9fnK',
  'isUomyVHsuAaMHngJ1z9Ho19Cd49cfWQeruGuwzk2SJ',
  'GcQseyAzbyA1KRSKGxQgpUmyDBvdNFc7y6JQEuafjFTs',
  'GcZakcYcZjCn9fyGzdZts416jV8BhqDMxZXTz4pEtqpu',
  '5GNZN7FQoCQPsB3shkiQbwshSFZpe96PAcD5cQuboZZ7',
  '85RFFFZiCbfDnBdoSaNvh2LF67sWKd8uRNzXmGFFvaXM',
  'HYRZ46cBaD5t6MzHZW6RUSJEWhNsedTFRivP7WSfCjpk',
  '8VdqPXjRWywAwnhPxuoYV6Jrw15HJP3sEAp1M3GnuDuF',
  '2Ramrp1CQSLC1QRmEqNA4nJ11ocyirNFjuxXoM7QjidV',
  'FPqjaCnSWVrwhbg7JZ8ABF8dGAXgVU5q7vgqSu5DjpNE',
  'GoMxSsZtYpG6ySeABvJ9mYoa9PqNxeBcry19ArbJusQd',
  '5omuaCZDAyg9nutmRozSKXAq8QtccevGqyPjTYGKYCif',
  '9cqgReCAzkszADM9qvLixANPTotFRrjB1z9GJQZm5Weu',
  'GwT7sTF3bCQrn4oyeV5bAgCZjC5Kz624JqCUdhj7nk1W',
  '5Hkc3nutFnd36LJJ3uKm6VWgrbPc1gKSaT8JpiowLJmH',
  'EfLXVu1GRNrwmEQenkmBrKQJoeeqzk5PLuVoKzUiMooq',
  '8i1Rj9q8TGd12pTnraShWuJPAcSVfcYvFtPzfc2WUiNh',
  '7Sd1cSdTVgZbr9ybERxdeQVmwNddVo88zC99md6ft5tN',
  'BuKQr8TwrEyz9urVgGGWv9LRYU6gAvrddLJsttUAJqiP',
  'FscAQgVoGXLr4J119B7tRTstvRjz2s9oTzXSdDU5Qddj',
  'FwQrixNSWGmpp744EbKdFckjcKwvMWizYwsoZo8e6qWW',
  'EfuNZaDkNTvrLSDss9qb8foTrbtHisWdzxBRn9zLfB9z',
  'FXRpG4jSNtmKita6NmYLbhWZNXoZGKhz7VACRa93ysQ8',
  '8GdySX8FWuefbSZSB6VYfT23H5JCdv7ySA8wWA3F8F4s',
  'CMsRrdUPjdXFLHLMxsxxVmh4W528jcnWQqXcHPW3x43j',
  'GtuK529GrWRdktAnGSNLsBau7reojdYyP1WBm35SAXgC',
  '4HudwuUL6z9SbMvoFXXqy2J1kzbJW6Sve1kRXoKHECsu',
  'SPZQ7mAJZQDHd7zyVNjDWHG6Hg9jkNCnQ2g1Rvfdmwt',
  '68Py729tjYf1mjPJg9fuCm3HdCejEAnYRShpWxtKgN5F'
]
2024-09-26T13:55:07.971Z FIND Found reference validator he1iusunGwqrNtafDtLdhsUQDFvo13z9sUa36PauBtk
2024-09-26T13:55:08.461Z STAKES Found:  50  accounts for delinquent validator AXA7ztxJGz77RHmocYQ6MEbPYHbpc3TmhtQqZGrdzqo1
2024-09-26T13:55:08.462Z STAKES Stake account 8R5pqeH4nEjJdPEYWZLGYtzuPtoAe24ackghbmkFDPPc is de-activated:  0.010750264
2024-09-26T13:55:08.462Z STAKES Stake account 9Ez6CfPcx4wZ3jPeD2R1A887itRSpBodpJvLAX6JpKcE is de-activated:  52.394564054
2024-09-26T13:55:08.462Z STAKES Stake account AJEJNny1sZKPxs9ZYzAmzNbtUU3MyvTpXM59tDG64oo1 is de-activated:  0.619115809
2024-09-26T13:55:08.462Z STAKES Stake account DkSuwy58Ncm7TY6xVTuh53uFgVxFDHMN6xtTrh8u3gB8 is de-activated:  0.002282881
2024-09-26T13:55:08.463Z STAKES Stake account FRVZxQ3NNGcxXH2fniGAJ2ZQrGEJwT17TATPh99DnZiR is de-activated:  0.006886136
2024-09-26T13:55:08.463Z STAKES Stake account B9HpQQKHt4npcFzNzPKX53QoMR9iMb4WUE6eecgsF8aU is de-activated:  0.024079435
2024-09-26T13:55:08.463Z STAKES Stake account 6Suyd6k4rTcVhrGBJJYU2EdSdyNFgnaLuTqox3RhtdRe is de-activating:  0.48604267
2024-09-26T13:55:08.463Z STAKES Stake account 68Uh9wVRAy3TyLLdrCkcNhAPQMAfrwe76x1LM8QhrNmg is de-activating:  2.524284409
2024-09-26T13:55:08.464Z STAKES Stake account 7C7jGGg1n9baddEGPtmQNbMr1A5URHJYpp8bsQeZN19x is de-activating:  49.794282041
2024-09-26T13:55:08.464Z STAKES Stake account HVYu7VepApKvm8M1N5dAgaKKyNjYKCSYZX52EqkJyXEh is de-activating:  1.058395202
2024-09-26T13:55:08.464Z STAKES Stake account B9XXR9H2pGCruGWyRJ2szi1i3G4uaS2kh7vP4paMHWSJ is de-activating:  0.00437446
2024-09-26T13:55:08.464Z STAKES Stake account FTVNbptSiyvFNfU3nKefK6Fyw7SdqRzeWxhBsD8t2hZ4 is de-activating:  42.910302889
2024-09-26T13:55:08.464Z STAKES Stake account A2hWL8XAaajbCJWoVRRb4RCoA3MKHEVfoNzEgQyWHsT1 is de-activating:  1.039180751
2024-09-26T13:55:08.465Z STAKES Stake account BKwPNstGSFAQs7SwEoE6Zd6k1ihKhEoZse27qRLbmNUn is de-activating:  20.068419401
2024-09-26T13:55:08.465Z STAKES Stake account 6FH9bhczUG71gJztvRptxmq5CQZLW8PRopBVQJaWogqy is de-activating:  18.270643711
2024-09-26T13:55:08.465Z STAKES Stake account H629vDLCha3bTbQEJgX6AyA6GgXUb7trtRyhPVDkPyJg is de-activating:  1.062679889
2024-09-26T13:55:08.465Z STAKES Stake account GyTekvgjJX1sgyvhFrX2qeEfEGeHoVDLNKrx42azyE7e is de-activating:  0.053539754
2024-09-26T13:55:08.465Z STAKES Stake account J4iFuQf2SvzA8cUTiaJshr5CV41KvRAdyPiGcHxjg1en is de-activating:  11.936569874
2024-09-26T13:55:08.465Z STAKES Stake account 51hsKMXkHAKpPVQkrB8D3U7MLrJnAQcvPGqoJtqamq5b is de-activating:  21.143620269
2024-09-26T13:55:08.465Z STAKES Stake account BTUSruvMru7XHdNBGXQeVqcG45gStocbqYAQBpjepM3K is de-activating:  0.013947112
2024-09-26T13:55:08.466Z STAKES Stake account 9ygf3ZdhX2cWj6VGXr7D3KqCsTi5iECzt8X52TANhwCf is de-activating:  0.007321285
2024-09-26T13:55:08.466Z STAKES Stake account H61tF3aiFNDb4mZ8nh46kQJwDoCgwWCqwMktzKvTBPnp is de-activating:  47.567879017
2024-09-26T13:55:08.466Z STAKES Stake account Gp7e8S2FZunMa69zwGu7A9zCJk5o4hizM4669Lno117f is de-activating:  10.601650874
2024-09-26T13:55:08.466Z STAKES Stake account HxKNaAANizf3no5wckDiLigBYTxQ2S8SeNozjiob5v35 is de-activating:  0.31727138
2024-09-26T13:55:08.466Z STAKES Stake account DecKH4dxjLTJY2jFAPTiyTDmeW8AXaxQW3uEZz9Rx8d4 is de-activating:  1.060259136
2024-09-26T13:55:08.466Z STAKES Stake account AqzCjMgPQdMCcNMtNjfLrm6LMjrKrhufg1Yw462V3p5d is de-activating:  0.022951513
2024-09-26T13:55:08.466Z STAKES Stake account 7pXoZ6SriKwgGorCfGozdj9yjQ8pEEtj21aNn61DACxp is de-activating:  52.853213397
2024-09-26T13:55:08.467Z STAKES Stake account 82nVtZuH9QjRqtyCianGqr8aXubVNeyHCz2Yz9PhSjvN is de-activating:  2.649705056
2024-09-26T13:55:08.467Z STAKES Stake account 8Jvjg2RBxWZxAeEetBv7szo67PAP3HJ4M6YSosdSWVd5 is de-activating:  2.316337083
2024-09-26T13:55:08.467Z STAKES Stake account Ff4hu56rD2dkavGe3BgAv4E9N8se6p6iyJqRdt5zEt6Y is de-activating:  2.111136569
2024-09-26T13:55:08.467Z STAKES Stake account 9Z4dCgQa3NBuTtv91KVws15irinNRN9JwNkmF1ExXmSp is de-activating:  14.23410671
2024-09-26T13:55:08.467Z STAKES Stake account EEBnS7Eku1c76zci93SDQPxiqBPTyaVXZHCkfLfmm44b is de-activating:  3.187677519
2024-09-26T13:55:08.467Z STAKES Stake account FNf2FsCPdSBHcEKJKkDhFmDPQDwftKGZ4R9f5y1qraGi is de-activating:  74.949734089
2024-09-26T13:55:08.467Z STAKES Stake account 8bCAGQzXRqcr7qxD3MP4bcd3c38VpgyHKa1HRfP54TqL is de-activating:  211.415658004
2024-09-26T13:55:08.468Z STAKES Stake account 57QmHLYu6umq4hpD1pmzjRcs7gcqftV8m3rttXVueuL3 is de-activating:  1.504343747
2024-09-26T13:55:08.468Z STAKES Stake account Cx4UZfxynM1maBUBuJFeTnH6RnPVmGfvMJekhbG2cnuV is de-activating:  0.003355572
2024-09-26T13:55:08.468Z STAKES Stake account TMTBNdZMZpJsj2uuabk3MdBhBrcyzz43GH5q9hegWTw is de-activating:  0.002693583
2024-09-26T13:55:08.468Z STAKES Stake account YcosCGcFsSuf38LPLM41agtDmsf5FKDMPA35sUUZzED is de-activating:  106.089987875
2024-09-26T13:55:08.468Z STAKES Stake account bxBfsYP96ZaKNHyY1L8N1KirNWixsnsTHJcSdUktiHL is de-activating:  22.200687142
2024-09-26T13:55:08.468Z STAKES Stake account grzW5PMmXocVyKTnzVXzZqpp7GPghbohp2wAgs6oKo5 is de-activating:  11.7912941
2024-09-26T13:55:08.468Z STAKES Stake account 21tasTZWFe3jEtM5tVt382JUZTaa32yimhPBVPTwiif3 is de-activating:  0.007311568
2024-09-26T13:55:08.469Z STAKES Stake account ACvHp2wvzRamJkcGqyZrgNaU2ShkcrmqxrAjjzJPBmuJ is de-activating:  0.00328288
2024-09-26T13:55:08.469Z STAKES Stake account 2UyUTr1UGarmFuwcgysRDVyWvnS2QJ4fjPV3hrytPyPY is de-activating:  42.265056555
2024-09-26T13:55:08.469Z STAKES Stake account 2crf2G6b9Bw6JdogLV2HX6sydSc45m5JHphFBAdKkjee is de-activating:  1.557233425
2024-09-26T13:55:08.469Z STAKES Stake account 3BkqMtojxL6WHkLapsAfGHxYNi11kedgfkpQ2aGr1nnE is de-activating:  0.022501348
2024-09-26T13:55:08.469Z STAKES Stake account 3GiriQxvEwCHmJQm3HXB73vPezRE4uBj2QyNT638C3QL is de-activating:  0.007366828
2024-09-26T13:55:08.469Z STAKES Stake account 3Xzuma93js61tCy1dcpqmqsnsb7GgzShfrWffBzYCZEK is de-activated:  0.005281348
2024-09-26T13:55:08.469Z STAKES Stake account 3gXWS5jA6a29tdQMLHJqMB4xFi8Pv6N2kFZn2QgssSv4 is de-activating:  0.003283279
2024-09-26T13:55:08.469Z STAKES Stake account 4WTF8fUWZVghBjMgroyUoi3FwKZMVzamzK5ZvhaygLKP is de-activating:  210.736796122
2024-09-26T13:55:08.469Z STAKES Stake account 4ZedxyVUKEEfpfHG9aMUxKb98u4neHxiRHkxg3jHCVJB is de-activating:  0.011517191
2024-09-26T13:55:08.470Z STAKES Found:  0  accounts that can be de-activated delinquent validator AXA7ztxJGz77RHmocYQ6MEbPYHbpc3TmhtQqZGrdzqo1
2024-09-26T13:55:08.470Z FIND No deactivations possible for this validator
2024-09-26T13:55:08.750Z STAKES Found:  8  accounts for delinquent validator 7Tky1T9JDevVnNi9oF7tbq6T9KjRVdsMyrHusMKWbY4n
2024-09-26T13:55:08.750Z STAKES Stake account DLtQJzzAw1E4oSbLFY9XV418Vudc44B7MqTquTN4zNp7 is de-activated:  1.508496203
2024-09-26T13:55:08.750Z STAKES Stake account Cd2xvCAQFKDNFAmdpKjRE4GCEdajwNwJ5eFs76LQT3Ad is de-activating:  5.032787953
2024-09-26T13:55:08.750Z STAKES Stake account 5K145yFrJSkVfBAVZ77APuoP2Kj5uvoJ2a8Hkuy3aVUh is de-activating:  0.003283745
2024-09-26T13:55:08.750Z STAKES Stake account CEjLLe5hvMVNf74hN3RxyBfhtSdiA5kVf6zbD69JgdpS is de-activating:  2.517535411
2024-09-26T13:55:08.750Z STAKES Stake account 6oykKtrHSPi43w17izKRRofiQ2PrQQuiQuiPbZnCxA3m is de-activating:  15.007107751
2024-09-26T13:55:08.750Z STAKES Stake account EWoSDiWcnaF9a47WtiDwjLPsK8LaGSwQ6nrLjYPfp2CJ is de-activating:  0.00328288
2024-09-26T13:55:08.750Z STAKES Stake account 2ithY2URchpUVWGEqRx9BJjui3Tqu6EtQKyvma1xzygB is de-activating:  6.000150055
2024-09-26T13:55:08.750Z STAKES Stake account 2vjU3Ge49AUNsoiwvR65RnD6aFwN158ieDbuNsibVZci is de-activating:  15.000375223
2024-09-26T13:55:08.750Z STAKES Found:  0  accounts that can be de-activated delinquent validator 7Tky1T9JDevVnNi9oF7tbq6T9KjRVdsMyrHusMKWbY4n
2024-09-26T13:55:08.750Z FIND No deactivations possible for this validator
Server responded with 429 Too Many Requests.  Retrying after 500ms delay...
Server responded with 429 Too Many Requests.  Retrying after 1000ms delay...
Server responded with 429 Too Many Requests.  Retrying after 2000ms delay...
Server responded with 429 Too Many Requests.  Retrying after 4000ms delay...
2024-09-26T13:55:17.399Z FIND Error processing validator DDyikTKaM6RW8PZes38aULUeZkWCtecPZt2pmGCby5Q4 429 Too Many Requests:  {"jsonrpc":"2.0","error":{"code": 429, "message":"Too many requests for a specific RPC call"}, "id": "5ed245d7-7165-4460-ab9c-24292857a470" } 
 Error: 429 Too Many Requests:  {"jsonrpc":"2.0","error":{"code": 429, "message":"Too many requests for a specific RPC call"}, "id": "5ed245d7-7165-4460-ab9c-24292857a470" } 

    at ClientBrowser.callServer (/home/runner/work/solana-deactivate-delinquent/solana-deactivate-delinquent/node_modules/.pnpm/@solana+web3.js@1.87.6/node_modules/@solana/web3.js/lib/index.cjs.js:6474:18)
    at process.processTicksAndRejections (node:internal/process/task_queues:95:5)
Server responded with 429 Too Many Requests.  Retrying after 500ms delay...
Server responded with 429 Too Many Requests.  Retrying after 1000ms delay...
Server responded with 429 Too Many Requests.  Retrying after 2000ms delay...
Server responded with 429 Too Many Requests.  Retrying after 4000ms delay...
2024-09-26T13:55:26.246Z FIND Error processing validator 8M7fvH3pXSrDK8xaNXLN6kNxaAL3J4niRqPvzQru7X4w 429 Too Many Requests:  {"jsonrpc":"2.0","error":{"code": 429, "message":"Too many requests for a specific RPC call"}, "id": "2a44d789-1232-4542-a212-9dd5fb66cc4c" } 
 Error: 429 Too Many Requests:  {"jsonrpc":"2.0","error":{"code": 429, "message":"Too many requests for a specific RPC call"}, "id": "2a44d789-1232-4542-a212-9dd5fb66cc4c" } 

    at ClientBrowser.callServer (/home/runner/work/solana-deactivate-delinquent/solana-deactivate-delinquent/node_modules/.pnpm/@solana+web3.js@1.87.6/node_modules/@solana/web3.js/lib/index.cjs.js:6474:18)
    at process.processTicksAndRejections (node:internal/process/task_queues:95:5)
Server responded with 429 Too Many Requests.  Retrying after 500ms delay...
Server responded with 429 Too Many Requests.  Retrying after 1000ms delay...
Server responded with 429 Too Many Requests.  Retrying after 2000ms delay...
Server responded with 429 Too Many Requests.  Retrying after 4000ms delay...
2024-09-26T13:55:34.917Z FIND Error processing validator 6iofqZZRkZvKuqtQ5XmDrPkbEV8cu3AbtPLC589ZKfrX 429 Too Many Requests:  {"jsonrpc":"2.0","error":{"code": 429, "message":"Too many requests for a specific RPC call"}, "id": "aa9dbd0d-c72f-43d4-a2d5-881509b4c19b" } 
 Error: 429 Too Many Requests:  {"jsonrpc":"2.0","error":{"code": 429, "message":"Too many requests for a specific RPC call"}, "id": "aa9dbd0d-c72f-43d4-a2d5-881509b4c19b" } 

    at ClientBrowser.callServer (/home/runner/work/solana-deactivate-delinquent/solana-deactivate-delinquent/node_modules/.pnpm/@solana+web3.js@1.87.6/node_modules/@solana/web3.js/lib/index.cjs.js:6474:18)
    at process.processTicksAndRejections (node:internal/process/task_queues:95:5)
Server responded with 429 Too Many Requests.  Retrying after 500ms delay...
Server responded with 429 Too Many Requests.  Retrying after 1000ms delay...
Server responded with 429 Too Many Requests.  Retrying after 2000ms delay...
2024-09-26T13:55:39.345Z STAKES Found:  1  accounts for delinquent validator FbRosCwR5zW7RLMd2DzQ9Pwfvp2cAaSYSa9LioXeDXy1
2024-09-26T13:55:39.346Z STAKES Stake account 9HqDWQcAMZrGY8pqXkbUPuTLAr3ZKWVLBb8EsvMFj139 is de-activating:  0.002282881
2024-09-26T13:55:39.346Z STAKES Found:  0  accounts that can be de-activated delinquent validator FbRosCwR5zW7RLMd2DzQ9Pwfvp2cAaSYSa9LioXeDXy1
2024-09-26T13:55:39.346Z FIND No deactivations possible for this validator
2024-09-26T13:55:39.595Z STAKES Found:  1  accounts for delinquent validator 9X8qdtYB1CfZ6L5JFcwZoyz6HusUpGC47BSdDcwYcaCs
2024-09-26T13:55:39.595Z STAKES Stake account 6xRJFWWiH7ZDamH15LCxzHUj6Q5QyBi8g8ouKQDj4EH6 is de-activating:  0.002282881
2024-09-26T13:55:39.595Z STAKES Found:  0  accounts that can be de-activated delinquent validator 9X8qdtYB1CfZ6L5JFcwZoyz6HusUpGC47BSdDcwYcaCs
2024-09-26T13:55:39.595Z FIND No deactivations possible for this validator
Server responded with 429 Too Many Requests.  Retrying after 500ms delay...
Server responded with 429 Too Many Requests.  Retrying after 1000ms delay...
Server responded with 429 Too Many Requests.  Retrying after 2000ms delay...
Server responded with 429 Too Many Requests.  Retrying after 4000ms delay...
2024-09-26T13:55:48.107Z FIND Error processing validator 2WdrMdtKKSf5Yd4AjHNorNZ832KWiyYFSN94dsaj2ZJn 429 Too Many Requests:  {"jsonrpc":"2.0","error":{"code": 429, "message":"Too many requests for a specific RPC call"}, "id": "6b82c646-7d61-4427-a26f-740d8e6d4735" } 
 Error: 429 Too Many Requests:  {"jsonrpc":"2.0","error":{"code": 429, "message":"Too many requests for a specific RPC call"}, "id": "6b82c646-7d61-4427-a26f-740d8e6d4735" } 

    at ClientBrowser.callServer (/home/runner/work/solana-deactivate-delinquent/solana-deactivate-delinquent/node_modules/.pnpm/@solana+web3.js@1.87.6/node_modules/@solana/web3.js/lib/index.cjs.js:6474:18)
    at process.processTicksAndRejections (node:internal/process/task_queues:95:5)
Server responded with 429 Too Many Requests.  Retrying after 500ms delay...
Server responded with 429 Too Many Requests.  Retrying after 1000ms delay...
Server responded with 429 Too Many Requests.  Retrying after 2000ms delay...
Server responded with 429 Too Many Requests.  Retrying after 4000ms delay...
2024-09-26T13:55:56.776Z FIND Error processing validator F3KghztFNNgL2zL1VPBq5ndQJYMwXhpDX9eRCrNmDjFn 429 Too Many Requests:  {"jsonrpc":"2.0","error":{"code": 429, "message":"Too many requests for a specific RPC call"}, "id": "238105c6-32c1-440c-ad55-fc2c713fcfee" } 
 Error: 429 Too Many Requests:  {"jsonrpc":"2.0","error":{"code": 429, "message":"Too many requests for a specific RPC call"}, "id": "238105c6-32c1-440c-ad55-fc2c713fcfee" } 

    at ClientBrowser.callServer (/home/runner/work/solana-deactivate-delinquent/solana-deactivate-delinquent/node_modules/.pnpm/@solana+web3.js@1.87.6/node_modules/@solana/web3.js/lib/index.cjs.js:6474:18)
    at process.processTicksAndRejections (node:internal/process/task_queues:95:5)
Server responded with 429 Too Many Requests.  Retrying after 500ms delay...
Server responded with 429 Too Many Requests.  Retrying after 1000ms delay...
Server responded with 429 Too Many Requests.  Retrying after 2000ms delay...
Server responded with 429 Too Many Requests.  Retrying after 4000ms delay...
2024-09-26T13:56:05.444Z FIND Error processing validator 8nBL11XWJMEcDTq6ELVZ1qWa1DWNG7j54FgvviyRWE1D 429 Too Many Requests:  {"jsonrpc":"2.0","error":{"code": 429, "message":"Too many requests for a specific RPC call"}, "id": "3ebaf123-147c-4dab-a86a-6eb29df218a1" } 
 Error: 429 Too Many Requests:  {"jsonrpc":"2.0","error":{"code": 429, "message":"Too many requests for a specific RPC call"}, "id": "3ebaf123-147c-4dab-a86a-6eb29df218a1" } 

    at ClientBrowser.callServer (/home/runner/work/solana-deactivate-delinquent/solana-deactivate-delinquent/node_modules/.pnpm/@solana+web3.js@1.87.6/node_modules/@solana/web3.js/lib/index.cjs.js:6474:18)
    at process.processTicksAndRejections (node:internal/process/task_queues:95:5)
Server responded with 429 Too Many Requests.  Retrying after 500ms delay...
Server responded with 429 Too Many Requests.  Retrying after 1000ms delay...
Server responded with 429 Too Many Requests.  Retrying after 2000ms delay...
2024-09-26T13:56:09.887Z STAKES Found:  1  accounts for delinquent validator 3PUJztwgkqpk1Dx6FAXjUsn1MmAyRaL35fZFQpi8N2WS
2024-09-26T13:56:09.887Z STAKES Stake account 6kANGRBJbKE48xFYCm8zSLNDaCkFBAy7TvUG6PzfsfeX is de-activating:  0.002282881
2024-09-26T13:56:09.887Z STAKES Found:  0  accounts that can be de-activated delinquent validator 3PUJztwgkqpk1Dx6FAXjUsn1MmAyRaL35fZFQpi8N2WS
2024-09-26T13:56:09.887Z FIND No deactivations possible for this validator
2024-09-26T13:56:10.121Z STAKES Found:  1  accounts for delinquent validator 2rBL875drcTQ9oSUNjqyLj4A7pLvUwtYdPL5cnLjFNUW
2024-09-26T13:56:10.121Z STAKES Stake account DiuTJJuE3ZG23WtFof7TEWn8Z3rc2SoL9WM8TsCZcTXM is de-activating:  0.002282881
2024-09-26T13:56:10.121Z STAKES Found:  0  accounts that can be de-activated delinquent validator 2rBL875drcTQ9oSUNjqyLj4A7pLvUwtYdPL5cnLjFNUW
2024-09-26T13:56:10.121Z FIND No deactivations possible for this validator
Server responded with 429 Too Many Requests.  Retrying after 500ms delay...
Server responded with 429 Too Many Requests.  Retrying after 1000ms delay...
Server responded with 429 Too Many Requests.  Retrying after 2000ms delay...
Server responded with 429 Too Many Requests.  Retrying after 4000ms delay...
2024-09-26T13:56:18.652Z FIND Error processing validator J5xdcPTXrGHguwCvrLzAy7wVtALo8dcH9UER7X6W7mv 429 Too Many Requests:  {"jsonrpc":"2.0","error":{"code": 429, "message":"Too many requests for a specific RPC call"}, "id": "1a0c98b0-782e-4e78-b135-163b07de3b2c" } 
 Error: 429 Too Many Requests:  {"jsonrpc":"2.0","error":{"code": 429, "message":"Too many requests for a specific RPC call"}, "id": "1a0c98b0-782e-4e78-b135-163b07de3b2c" } 

    at ClientBrowser.callServer (/home/runner/work/solana-deactivate-delinquent/solana-deactivate-delinquent/node_modules/.pnpm/@solana+web3.js@1.87.6/node_modules/@solana/web3.js/lib/index.cjs.js:6474:18)
    at process.processTicksAndRejections (node:internal/process/task_queues:95:5)
Server responded with 429 Too Many Requests.  Retrying after 500ms delay...
Server responded with 429 Too Many Requests.  Retrying after 1000ms delay...
Server responded with 429 Too Many Requests.  Retrying after 2000ms delay...
Server responded with 429 Too Many Requests.  Retrying after 4000ms delay...
2024-09-26T13:56:27.335Z FIND Error processing validator 7rRvt7YBMyoKqxKibbpLJEBnA1iWwD9QXAhD8CqqC8fd 429 Too Many Requests:  {"jsonrpc":"2.0","error":{"code": 429, "message":"Too many requests for a specific RPC call"}, "id": "d49c9bdb-70a1-4efb-ad72-e726e20c30e7" } 
 Error: 429 Too Many Requests:  {"jsonrpc":"2.0","error":{"code": 429, "message":"Too many requests for a specific RPC call"}, "id": "d49c9bdb-70a1-4efb-ad72-e726e20c30e7" } 

    at ClientBrowser.callServer (/home/runner/work/solana-deactivate-delinquent/solana-deactivate-delinquent/node_modules/.pnpm/@solana+web3.js@1.87.6/node_modules/@solana/web3.js/lib/index.cjs.js:6474:18)
    at process.processTicksAndRejections (node:internal/process/task_queues:95:5)
Server responded with 429 Too Many Requests.  Retrying after 500ms delay...
Server responded with 429 Too Many Requests.  Retrying after 1000ms delay...
Server responded with 429 Too Many Requests.  Retrying after 2000ms delay...
Server responded with 429 Too Many Requests.  Retrying after 4000ms delay...
2024-09-26T13:56:36.006Z FIND Error processing validator Dxsyvpi7dsNMUgxSBzCmfSP7BpnEXs1u7fLXfDBH4eQD 429 Too Many Requests:  {"jsonrpc":"2.0","error":{"code": 429, "message":"Too many requests for a specific RPC call"}, "id": "02b485a8-e22c-45d2-8721-1ef45673b134" } 
 Error: 429 Too Many Requests:  {"jsonrpc":"2.0","error":{"code": 429, "message":"Too many requests for a specific RPC call"}, "id": "02b485a8-e22c-45d2-8721-1ef45673b134" } 

    at ClientBrowser.callServer (/home/runner/work/solana-deactivate-delinquent/solana-deactivate-delinquent/node_modules/.pnpm/@solana+web3.js@1.87.6/node_modules/@solana/web3.js/lib/index.cjs.js:6474:18)
    at process.processTicksAndRejections (node:internal/process/task_queues:95:5)
Server responded with 429 Too Many Requests.  Retrying after 500ms delay...
Server responded with 429 Too Many Requests.  Retrying after 1000ms delay...
Server responded with 429 Too Many Requests.  Retrying after 2000ms delay...
Server responded with 429 Too Many Requests.  Retrying after 4000ms delay...
2024-09-26T13:56:44.669Z FIND Error processing validator GeAakdM3EaC9myuy9Lmtv6DGxHiXGekx7CxNr8jdeuNx 429 Too Many Requests:  {"jsonrpc":"2.0","error":{"code": 429, "message":"Too many requests for a specific RPC call"}, "id": "d4627d76-4ee9-41db-8170-8f8b3b2774eb" } 
 Error: 429 Too Many Requests:  {"jsonrpc":"2.0","error":{"code": 429, "message":"Too many requests for a specific RPC call"}, "id": "d4627d76-4ee9-41db-8170-8f8b3b2774eb" } 

    at ClientBrowser.callServer (/home/runner/work/solana-deactivate-delinquent/solana-deactivate-delinquent/node_modules/.pnpm/@solana+web3.js@1.87.6/node_modules/@solana/web3.js/lib/index.cjs.js:6474:18)
    at process.processTicksAndRejections (node:internal/process/task_queues:95:5)
Server responded with 429 Too Many Requests.  Retrying after 500ms delay...
Server responded with 429 Too Many Requests.  Retrying after 1000ms delay...
Server responded with 429 Too Many Requests.  Retrying after 2000ms delay...
Server responded with 429 Too Many Requests.  Retrying after 4000ms delay...
2024-09-26T13:56:53.374Z FIND Error processing validator 9SNtHX34DoHZsY16AY4ZufxFHygjkeR55KmDGrSH4arQ 429 Too Many Requests:  {"jsonrpc":"2.0","error":{"code": 429, "message":"Too many requests for a specific RPC call"}, "id": "7e74a393-448e-42bb-8e3a-12d7feb13d3d" } 
 Error: 429 Too Many Requests:  {"jsonrpc":"2.0","error":{"code": 429, "message":"Too many requests for a specific RPC call"}, "id": "7e74a393-448e-42bb-8e3a-12d7feb13d3d" } 

    at ClientBrowser.callServer (/home/runner/work/solana-deactivate-delinquent/solana-deactivate-delinquent/node_modules/.pnpm/@solana+web3.js@1.87.6/node_modules/@solana/web3.js/lib/index.cjs.js:6474:18)
    at process.processTicksAndRejections (node:internal/process/task_queues:95:5)
Server responded with 429 Too Many Requests.  Retrying after 500ms delay...
Server responded with 429 Too Many Requests.  Retrying after 1000ms delay...
Server responded with 429 Too Many Requests.  Retrying after 2000ms delay...
Server responded with 429 Too Many Requests.  Retrying after 4000ms delay...
2024-09-26T13:57:02.020Z FIND Error processing validator 9PqDDUdnp8yQxmNBLZUkiviEFTqdkVHFtuxYecGPFrgJ 429 Too Many Requests:  {"jsonrpc":"2.0","error":{"code": 429, "message":"Too many requests for a specific RPC call"}, "id": "556b6181-3fae-4b9f-93d6-a9c6beffb478" } 
 Error: 429 Too Many Requests:  {"jsonrpc":"2.0","error":{"code": 429, "message":"Too many requests for a specific RPC call"}, "id": "556b6181-3fae-4b9f-93d6-a9c6beffb478" } 

    at ClientBrowser.callServer (/home/runner/work/solana-deactivate-delinquent/solana-deactivate-delinquent/node_modules/.pnpm/@solana+web3.js@1.87.6/node_modules/@solana/web3.js/lib/index.cjs.js:6474:18)
    at process.processTicksAndRejections (node:internal/process/task_queues:95:5)
Server responded with 429 Too Many Requests.  Retrying after 500ms delay...
Server responded with 429 Too Many Requests.  Retrying after 1000ms delay...
Server responded with 429 Too Many Requests.  Retrying after 2000ms delay...
Server responded with 429 Too Many Requests.  Retrying after 4000ms delay...
2024-09-26T13:57:10.658Z FIND Error processing validator Uqt9NeBe9LsYThG9S64pG2s3nsJ8nCLvnWtJNC6rKKA 429 Too Many Requests:  {"jsonrpc":"2.0","error":{"code": 429, "message":"Too many requests for a specific RPC call"}, "id": "7625ac4b-3487-4498-bd89-f534641689fd" } 
 Error: 429 Too Many Requests:  {"jsonrpc":"2.0","error":{"code": 429, "message":"Too many requests for a specific RPC call"}, "id": "7625ac4b-3487-4498-bd89-f534641689fd" } 

    at ClientBrowser.callServer (/home/runner/work/solana-deactivate-delinquent/solana-deactivate-delinquent/node_modules/.pnpm/@solana+web3.js@1.87.6/node_modules/@solana/web3.js/lib/index.cjs.js:6474:18)
    at process.processTicksAndRejections (node:internal/process/task_queues:95:5)
Server responded with 429 Too Many Requests.  Retrying after 500ms delay...
Server responded with 429 Too Many Requests.  Retrying after 1000ms delay...
Server responded with 429 Too Many Requests.  Retrying after 2000ms delay...
2024-09-26T13:57:15.069Z STAKES Found:  1  accounts for delinquent validator 3jujgVKtL9vaDVkvUpmTMfdccTPbzsw1UeJh4p8A8AeA
2024-09-26T13:57:15.070Z STAKES Stake account 21dF4d3YPQsYE55ZtBEjQVnRuxg5g7Qd3qLgHZZst2nk is de-activating:  0.002282881
2024-09-26T13:57:15.070Z STAKES Found:  0  accounts that can be de-activated delinquent validator 3jujgVKtL9vaDVkvUpmTMfdccTPbzsw1UeJh4p8A8AeA
2024-09-26T13:57:15.070Z FIND No deactivations possible for this validator
2024-09-26T13:57:15.306Z STAKES Found:  1  accounts for delinquent validator 6qh4syVPTGdZVrHAXsc2MtAxNEiHHHQqxMqZEgRfHxZ3
2024-09-26T13:57:15.306Z STAKES Stake account JAcBiPpnnpCzaFZHSbh5dKhW2wKD65HnpLRs3HEMz7zm is activated:  0.002282881
2024-09-26T13:57:15.306Z STAKES Found:  1  accounts that can be de-activated delinquent validator 6qh4syVPTGdZVrHAXsc2MtAxNEiHHHQqxMqZEgRfHxZ3
2024-09-26T13:57:15.382Z DEACTIVATE Blockhash: 83KEnHxTWiLag7oA1FLduFV65KP1cNSBXqg8NMaMmfaA
2024-09-26T13:57:15.465Z DEACTIVATE Sent tx: 3FuR5rSejCRjgU1zavWbQpezzdZU56n7dK8b86PHorbmGqtBzcBZmaK1CWA4M8or4aRjWz8yxYxS2PkzJf9nMaVU https://explorer.solana.com/tx/3FuR5rSejCRjgU1zavWbQpezzdZU56n7dK8b86PHorbmGqtBzcBZmaK1CWA4M8or4aRjWz8yxYxS2PkzJf9nMaVU
2024-09-26T13:57:15.570Z DEACTIVATE Waiting for confirmations...
2024-09-26T13:57:38.262Z DEACTIVATE Confirmed.
2024-09-26T13:57:38.262Z FIND Deactivated stake accounts with total balance:
2024-09-26T13:57:38.481Z STAKES Found:  1  accounts for delinquent validator diTNtixiNhRoTRSKTB7FPCBRCxChxs76WEuejB4hyfX
2024-09-26T13:57:38.481Z STAKES Stake account 74Q5Rfd2tq2KDpV2XenbF77WQ6BuyQFVnWbPXMAoRGWk is de-activating:  0.002282881
2024-09-26T13:57:38.481Z STAKES Found:  0  accounts that can be de-activated delinquent validator diTNtixiNhRoTRSKTB7FPCBRCxChxs76WEuejB4hyfX
2024-09-26T13:57:38.481Z FIND No deactivations possible for this validator
2024-09-26T13:57:38.719Z STAKES Found:  1  accounts for delinquent validator GrWXv9BJnvauGu9cy3ZLvBuF5CBLyDdoaPRS7sQ2kHP2
2024-09-26T13:57:38.719Z STAKES Stake account ofBFEaomXRjGDKdsGAdMzgdarM5ErHfTcH4sWsHDPZU is de-activating:  0.002282881
2024-09-26T13:57:38.719Z STAKES Found:  0  accounts that can be de-activated delinquent validator GrWXv9BJnvauGu9cy3ZLvBuF5CBLyDdoaPRS7sQ2kHP2
2024-09-26T13:57:38.719Z FIND No deactivations possible for this validator
Server responded with 429 Too Many Requests.  Retrying after 500ms delay...
Server responded with 429 Too Many Requests.  Retrying after 1000ms delay...
Server responded with 429 Too Many Requests.  Retrying after 2000ms delay...
Server responded with 429 Too Many Requests.  Retrying after 4000ms delay...
2024-09-26T13:57:47.219Z STAKES Found:  1  accounts for delinquent validator 713hC8PyHeYkHYobyN9D985QeFMoxYbYGLPtUqYevGws
2024-09-26T13:57:47.219Z STAKES Stake account 36Tt3ZySmwNpryA1CmiS8CXdo5CRbCA8nuKKAw4vsF7T is de-activating:  0.002282881
2024-09-26T13:57:47.219Z STAKES Found:  0  accounts that can be de-activated delinquent validator 713hC8PyHeYkHYobyN9D985QeFMoxYbYGLPtUqYevGws
2024-09-26T13:57:47.219Z FIND No deactivations possible for this validator
2024-09-26T13:57:47.464Z STAKES Found:  1  accounts for delinquent validator 9Py4dL4KEa61g526bbZgHrQziEvPNg1S3ii2dsSynowh
2024-09-26T13:57:47.464Z STAKES Stake account 762cae5RcBNtrsYoQyXMZ77xLMecX6kxrtXjG197diRQ is de-activating:  0.002282881
2024-09-26T13:57:47.464Z STAKES Found:  0  accounts that can be de-activated delinquent validator 9Py4dL4KEa61g526bbZgHrQziEvPNg1S3ii2dsSynowh
2024-09-26T13:57:47.464Z FIND No deactivations possible for this validator
Server responded with 429 Too Many Requests.  Retrying after 500ms delay...
Server responded with 429 Too Many Requests.  Retrying after 1000ms delay...
Server responded with 429 Too Many Requests.  Retrying after 2000ms delay...
Server responded with 429 Too Many Requests.  Retrying after 4000ms delay...
2024-09-26T13:57:55.954Z FIND Error processing validator E7hyRaTAmb4e6muUXGd3ypB3ZHcGut3Ngpxm1ManLQmn 429 Too Many Requests:  {"jsonrpc":"2.0","error":{"code": 429, "message":"Too many requests for a specific RPC call"}, "id": "a78e4be6-e416-4734-94c8-bc6faf194438" } 
 Error: 429 Too Many Requests:  {"jsonrpc":"2.0","error":{"code": 429, "message":"Too many requests for a specific RPC call"}, "id": "a78e4be6-e416-4734-94c8-bc6faf194438" } 

    at ClientBrowser.callServer (/home/runner/work/solana-deactivate-delinquent/solana-deactivate-delinquent/node_modules/.pnpm/@solana+web3.js@1.87.6/node_modules/@solana/web3.js/lib/index.cjs.js:6474:18)
    at process.processTicksAndRejections (node:internal/process/task_queues:95:5)
Server responded with 429 Too Many Requests.  Retrying after 500ms delay...
Server responded with 429 Too Many Requests.  Retrying after 1000ms delay...
Server responded with 429 Too Many Requests.  Retrying after 2000ms delay...
Server responded with 429 Too Many Requests.  Retrying after 4000ms delay...
2024-09-26T13:58:04.624Z FIND Error processing validator 7N4Sz9tHuLjivyk465aUfs4w5gV82ErCKjgnRPTbXa6s 429 Too Many Requests:  {"jsonrpc":"2.0","error":{"code": 429, "message":"Too many requests for a specific RPC call"}, "id": "98299647-6787-4e17-9b49-32dc4e5474d7" } 
 Error: 429 Too Many Requests:  {"jsonrpc":"2.0","error":{"code": 429, "message":"Too many requests for a specific RPC call"}, "id": "98299647-6787-4e17-9b49-32dc4e5474d7" } 

    at ClientBrowser.callServer (/home/runner/work/solana-deactivate-delinquent/solana-deactivate-delinquent/node_modules/.pnpm/@solana+web3.js@1.87.6/node_modules/@solana/web3.js/lib/index.cjs.js:6474:18)
    at process.processTicksAndRejections (node:internal/process/task_queues:95:5)
Server responded with 429 Too Many Requests.  Retrying after 500ms delay...
Server responded with 429 Too Many Requests.  Retrying after 1000ms delay...
Server responded with 429 Too Many Requests.  Retrying after 2000ms delay...
Server responded with 429 Too Many Requests.  Retrying after 4000ms delay...
2024-09-26T13:58:13.284Z FIND Error processing validator FS33hJY77m4BWfjJ4s2xK5Bq9kLPpNRAbeD3J6hXLd4V 429 Too Many Requests:  {"jsonrpc":"2.0","error":{"code": 429, "message":"Too many requests for a specific RPC call"}, "id": "0a7548aa-0229-4c6f-a445-c6712736e230" } 
 Error: 429 Too Many Requests:  {"jsonrpc":"2.0","error":{"code": 429, "message":"Too many requests for a specific RPC call"}, "id": "0a7548aa-0229-4c6f-a445-c6712736e230" } 

    at ClientBrowser.callServer (/home/runner/work/solana-deactivate-delinquent/solana-deactivate-delinquent/node_modules/.pnpm/@solana+web3.js@1.87.6/node_modules/@solana/web3.js/lib/index.cjs.js:6474:18)
    at process.processTicksAndRejections (node:internal/process/task_queues:95:5)
Server responded with 429 Too Many Requests.  Retrying after 500ms delay...
Server responded with 429 Too Many Requests.  Retrying after 1000ms delay...
Server responded with 429 Too Many Requests.  Retrying after 2000ms delay...
Server responded with 429 Too Many Requests.  Retrying after 4000ms delay...
2024-09-26T13:58:21.940Z FIND Error processing validator EJ7vE3BA1SChJs5s3h598p1KUSLwkCGrszgZsArBgT1C 429 Too Many Requests:  {"jsonrpc":"2.0","error":{"code": 429, "message":"Too many requests for a specific RPC call"}, "id": "5bb38d94-f713-4ad2-bad8-ac2fa06ccd10" } 
 Error: 429 Too Many Requests:  {"jsonrpc":"2.0","error":{"code": 429, "message":"Too many requests for a specific RPC call"}, "id": "5bb38d94-f713-4ad2-bad8-ac2fa06ccd10" } 

    at ClientBrowser.callServer (/home/runner/work/solana-deactivate-delinquent/solana-deactivate-delinquent/node_modules/.pnpm/@solana+web3.js@1.87.6/node_modules/@solana/web3.js/lib/index.cjs.js:6474:18)
    at process.processTicksAndRejections (node:internal/process/task_queues:95:5)
Server responded with 429 Too Many Requests.  Retrying after 500ms delay...
Server responded with 429 Too Many Requests.  Retrying after 1000ms delay...
Server responded with 429 Too Many Requests.  Retrying after 2000ms delay...
Server responded with 429 Too Many Requests.  Retrying after 4000ms delay...
2024-09-26T13:58:30.601Z FIND Error processing validator 3iWcP272GyeGSZBns6echFedaPoDgyprrY3URhRfWYdt 429 Too Many Requests:  {"jsonrpc":"2.0","error":{"code": 429, "message":"Too many requests for a specific RPC call"}, "id": "c0f81503-6f20-4157-a359-ab0886831221" } 
 Error: 429 Too Many Requests:  {"jsonrpc":"2.0","error":{"code": 429, "message":"Too many requests for a specific RPC call"}, "id": "c0f81503-6f20-4157-a359-ab0886831221" } 

    at ClientBrowser.callServer (/home/runner/work/solana-deactivate-delinquent/solana-deactivate-delinquent/node_modules/.pnpm/@solana+web3.js@1.87.6/node_modules/@solana/web3.js/lib/index.cjs.js:6474:18)
    at process.processTicksAndRejections (node:internal/process/task_queues:95:5)
Server responded with 429 Too Many Requests.  Retrying after 500ms delay...
Server responded with 429 Too Many Requests.  Retrying after 1000ms delay...
Server responded with 429 Too Many Requests.  Retrying after 2000ms delay...
Server responded with 429 Too Many Requests.  Retrying after 4000ms delay...
2024-09-26T13:58:39.295Z FIND Error processing validator Gx61qmf2xjPFpwPn9GPLNMPAxr4gZ6mup2YDzE3MwSec 429 Too Many Requests:  {"jsonrpc":"2.0","error":{"code": 429, "message":"Too many requests for a specific RPC call"}, "id": "d4103cd2-0342-4b68-98fc-38dcf65d5c94" } 
 Error: 429 Too Many Requests:  {"jsonrpc":"2.0","error":{"code": 429, "message":"Too many requests for a specific RPC call"}, "id": "d4103cd2-0342-4b68-98fc-38dcf65d5c94" } 

    at ClientBrowser.callServer (/home/runner/work/solana-deactivate-delinquent/solana-deactivate-delinquent/node_modules/.pnpm/@solana+web3.js@1.87.6/node_modules/@solana/web3.js/lib/index.cjs.js:6474:18)
    at process.processTicksAndRejections (node:internal/process/task_queues:95:5)
Server responded with 429 Too Many Requests.  Retrying after 500ms delay...
Server responded with 429 Too Many Requests.  Retrying after 1000ms delay...
Server responded with 429 Too Many Requests.  Retrying after 2000ms delay...
Server responded with 429 Too Many Requests.  Retrying after 4000ms delay...
2024-09-26T13:58:47.974Z STAKES Found:  1  accounts for delinquent validator 9Tbfc8EqMjnwwekX4eSjxTYyD8jaXPeujCvQLaDVD4bo
2024-09-26T13:58:47.974Z STAKES Stake account BC5EqHyvir3QzURM93FuGRBHvc6sUw5gemN6uDcakbps is de-activating:  0.002282881
2024-09-26T13:58:47.974Z STAKES Found:  0  accounts that can be de-activated delinquent validator 9Tbfc8EqMjnwwekX4eSjxTYyD8jaXPeujCvQLaDVD4bo
2024-09-26T13:58:47.974Z FIND No deactivations possible for this validator
2024-09-26T13:58:48.214Z STAKES Found:  1  accounts for delinquent validator GqVzdBZ95yrinDkY2ougx7HR5JHVh5CiUXY9hksFu9ia
2024-09-26T13:58:48.214Z STAKES Stake account CVsMNDS5LvB8b3rwNBxGGvc3GqSYkVu2u1gPxkdzfPtV is de-activating:  0.002282881
2024-09-26T13:58:48.214Z STAKES Found:  0  accounts that can be de-activated delinquent validator GqVzdBZ95yrinDkY2ougx7HR5JHVh5CiUXY9hksFu9ia
2024-09-26T13:58:48.214Z FIND No deactivations possible for this validator
Server responded with 429 Too Many Requests.  Retrying after 500ms delay...
Server responded with 429 Too Many Requests.  Retrying after 1000ms delay...
Server responded with 429 Too Many Requests.  Retrying after 2000ms delay...
Server responded with 429 Too Many Requests.  Retrying after 4000ms delay...
2024-09-26T13:58:56.707Z FIND Error processing validator 685qv16TfRSkwkjM5or3JTEZaPstH3mNW36gFZA3FKc9 429 Too Many Requests:  {"jsonrpc":"2.0","error":{"code": 429, "message":"Too many requests for a specific RPC call"}, "id": "3a20d9de-ae2c-47d0-ae58-59ddf55086f7" } 
 Error: 429 Too Many Requests:  {"jsonrpc":"2.0","error":{"code": 429, "message":"Too many requests for a specific RPC call"}, "id": "3a20d9de-ae2c-47d0-ae58-59ddf55086f7" } 

    at ClientBrowser.callServer (/home/runner/work/solana-deactivate-delinquent/solana-deactivate-delinquent/node_modules/.pnpm/@solana+web3.js@1.87.6/node_modules/@solana/web3.js/lib/index.cjs.js:6474:18)
    at process.processTicksAndRejections (node:internal/process/task_queues:95:5)
Server responded with 429 Too Many Requests.  Retrying after 500ms delay...
Server responded with 429 Too Many Requests.  Retrying after 1000ms delay...
Server responded with 429 Too Many Requests.  Retrying after 2000ms delay...
Server responded with 429 Too Many Requests.  Retrying after 4000ms delay...
2024-09-26T13:59:05.400Z FIND Error processing validator TH5NmhGi7RPZebUgarGCZZk7h7ZyV9otr1u6GrtLXsM 429 Too Many Requests:  {"jsonrpc":"2.0","error":{"code": 429, "message":"Too many requests for a specific RPC call"}, "id": "5d7105ce-8ff7-49fb-96f4-364658b1ad20" } 
 Error: 429 Too Many Requests:  {"jsonrpc":"2.0","error":{"code": 429, "message":"Too many requests for a specific RPC call"}, "id": "5d7105ce-8ff7-49fb-96f4-364658b1ad20" } 

    at ClientBrowser.callServer (/home/runner/work/solana-deactivate-delinquent/solana-deactivate-delinquent/node_modules/.pnpm/@solana+web3.js@1.87.6/node_modules/@solana/web3.js/lib/index.cjs.js:6474:18)
    at process.processTicksAndRejections (node:internal/process/task_queues:95:5)
Server responded with 429 Too Many Requests.  Retrying after 500ms delay...
Server responded with 429 Too Many Requests.  Retrying after 1000ms delay...
Server responded with 429 Too Many Requests.  Retrying after 2000ms delay...
Server responded with 429 Too Many Requests.  Retrying after 4000ms delay...
2024-09-26T13:59:14.063Z FIND Error processing validator CtwauaA2VtDFqjrPuXXpmUxtFTdi59Ld7WowBkPDXzk9 429 Too Many Requests:  {"jsonrpc":"2.0","error":{"code": 429, "message":"Too many requests for a specific RPC call"}, "id": "3c1f2355-5dce-4f65-b85c-c7639b4a12d0" } 
 Error: 429 Too Many Requests:  {"jsonrpc":"2.0","error":{"code": 429, "message":"Too many requests for a specific RPC call"}, "id": "3c1f2355-5dce-4f65-b85c-c7639b4a12d0" } 

    at ClientBrowser.callServer (/home/runner/work/solana-deactivate-delinquent/solana-deactivate-delinquent/node_modules/.pnpm/@solana+web3.js@1.87.6/node_modules/@solana/web3.js/lib/index.cjs.js:6474:18)
    at process.processTicksAndRejections (node:internal/process/task_queues:95:5)
Server responded with 429 Too Many Requests.  Retrying after 500ms delay...
Server responded with 429 Too Many Requests.  Retrying after 1000ms delay...
Server responded with 429 Too Many Requests.  Retrying after 2000ms delay...
2024-09-26T13:59:18.518Z STAKES Found:  1  accounts for delinquent validator DrPsz6W3SyvNUJhznmNT2X8grPYDEqdEvuBCfxGv33xL
2024-09-26T13:59:18.519Z STAKES Stake account EqLK3ujpBYMCnp2zne4PhioV3KqHguXURWVNeL8maic1 is de-activating:  0.002282881
2024-09-26T13:59:18.519Z STAKES Found:  0  accounts that can be de-activated delinquent validator DrPsz6W3SyvNUJhznmNT2X8grPYDEqdEvuBCfxGv33xL
2024-09-26T13:59:18.519Z FIND No deactivations possible for this validator
2024-09-26T13:59:18.766Z STAKES Found:  1  accounts for delinquent validator H9LewK8VxCnfLG7rQqwogWqFqa9h5qqvizRCQiu7Y5rY
2024-09-26T13:59:18.766Z STAKES Stake account 9CX5CdAMhu1H38s3zmZxNSLRTDWxZhfJQo4khHd1Z4MY is de-activating:  0.002282881
2024-09-26T13:59:18.766Z STAKES Found:  0  accounts that can be de-activated delinquent validator H9LewK8VxCnfLG7rQqwogWqFqa9h5qqvizRCQiu7Y5rY
2024-09-26T13:59:18.766Z FIND No deactivations possible for this validator
Server responded with 429 Too Many Requests.  Retrying after 500ms delay...
Server responded with 429 Too Many Requests.  Retrying after 1000ms delay...
Server responded with 429 Too Many Requests.  Retrying after 2000ms delay...
Server responded with 429 Too Many Requests.  Retrying after 4000ms delay...
2024-09-26T13:59:27.246Z FIND Error processing validator GuThGBuwCxeoCeRb1yp3idtd7BkGFtTUCaqGkapbiSFu 429 Too Many Requests:  {"jsonrpc":"2.0","error":{"code": 429, "message":"Too many requests for a specific RPC call"}, "id": "2ab362b2-4332-43ed-b351-fbadc200d988" } 
 Error: 429 Too Many Requests:  {"jsonrpc":"2.0","error":{"code": 429, "message":"Too many requests for a specific RPC call"}, "id": "2ab362b2-4332-43ed-b351-fbadc200d988" } 

    at ClientBrowser.callServer (/home/runner/work/solana-deactivate-delinquent/solana-deactivate-delinquent/node_modules/.pnpm/@solana+web3.js@1.87.6/node_modules/@solana/web3.js/lib/index.cjs.js:6474:18)
    at process.processTicksAndRejections (node:internal/process/task_queues:95:5)
Server responded with 429 Too Many Requests.  Retrying after 500ms delay...
Server responded with 429 Too Many Requests.  Retrying after 1000ms delay...
Server responded with 429 Too Many Requests.  Retrying after 2000ms delay...
Server responded with 429 Too Many Requests.  Retrying after 4000ms delay...
2024-09-26T13:59:35.913Z FIND Error processing validator BjYWWh1yyvAZQFhYhYBnhoiyUwSSGbNVEHHz1V95jAhm 429 Too Many Requests:  {"jsonrpc":"2.0","error":{"code": 429, "message":"Too many requests for a specific RPC call"}, "id": "e6dec4ea-8e4c-4124-a241-281c0fbaf4cc" } 
 Error: 429 Too Many Requests:  {"jsonrpc":"2.0","error":{"code": 429, "message":"Too many requests for a specific RPC call"}, "id": "e6dec4ea-8e4c-4124-a241-281c0fbaf4cc" } 

    at ClientBrowser.callServer (/home/runner/work/solana-deactivate-delinquent/solana-deactivate-delinquent/node_modules/.pnpm/@solana+web3.js@1.87.6/node_modules/@solana/web3.js/lib/index.cjs.js:6474:18)
    at process.processTicksAndRejections (node:internal/process/task_queues:95:5)
Server responded with 429 Too Many Requests.  Retrying after 500ms delay...
Server responded with 429 Too Many Requests.  Retrying after 1000ms delay...
Server responded with 429 Too Many Requests.  Retrying after 2000ms delay...
Server responded with 429 Too Many Requests.  Retrying after 4000ms delay...
2024-09-26T13:59:44.584Z FIND Error processing validator 8qq9tw5QpoWnAh9hK5Uzkt4YC2Hygpeyd5iQZTocSBYD 429 Too Many Requests:  {"jsonrpc":"2.0","error":{"code": 429, "message":"Too many requests for a specific RPC call"}, "id": "ddee45ea-e6bb-4e62-85d2-c9751c4f410d" } 
 Error: 429 Too Many Requests:  {"jsonrpc":"2.0","error":{"code": 429, "message":"Too many requests for a specific RPC call"}, "id": "ddee45ea-e6bb-4e62-85d2-c9751c4f410d" } 

    at ClientBrowser.callServer (/home/runner/work/solana-deactivate-delinquent/solana-deactivate-delinquent/node_modules/.pnpm/@solana+web3.js@1.87.6/node_modules/@solana/web3.js/lib/index.cjs.js:6474:18)
    at process.processTicksAndRejections (node:internal/process/task_queues:95:5)
Server responded with 429 Too Many Requests.  Retrying after 500ms delay...
Server responded with 429 Too Many Requests.  Retrying after 1000ms delay...
Server responded with 429 Too Many Requests.  Retrying after 2000ms delay...
Server responded with 429 Too Many Requests.  Retrying after 4000ms delay...
2024-09-26T13:59:53.254Z FIND Error processing validator 2w1R9brqaUBu7jAboxGPKui9wMwNTcWcTMW9YrHu6obv 429 Too Many Requests:  {"jsonrpc":"2.0","error":{"code": 429, "message":"Too many requests for a specific RPC call"}, "id": "e24eade1-e556-4404-a80e-8c61d66ee6c8" } 
 Error: 429 Too Many Requests:  {"jsonrpc":"2.0","error":{"code": 429, "message":"Too many requests for a specific RPC call"}, "id": "e24eade1-e556-4404-a80e-8c61d66ee6c8" } 

    at ClientBrowser.callServer (/home/runner/work/solana-deactivate-delinquent/solana-deactivate-delinquent/node_modules/.pnpm/@solana+web3.js@1.87.6/node_modules/@solana/web3.js/lib/index.cjs.js:6474:18)
    at process.processTicksAndRejections (node:internal/process/task_queues:95:5)
Server responded with 429 Too Many Requests.  Retrying after 500ms delay...
Server responded with 429 Too Many Requests.  Retrying after 1000ms delay...
Server responded with 429 Too Many Requests.  Retrying after 2000ms delay...
Server responded with 429 Too Many Requests.  Retrying after 4000ms delay...
2024-09-26T14:00:01.948Z FIND Error processing validator 5wrt7qmJ8zesntEhdYqZWGJnCD31gnWi7jGmF4PGwsAN 429 Too Many Requests:  {"jsonrpc":"2.0","error":{"code": 429, "message":"Too many requests for a specific RPC call"}, "id": "7a7d47cb-cce3-4b34-81f8-901780ccbe26" } 
 Error: 429 Too Many Requests:  {"jsonrpc":"2.0","error":{"code": 429, "message":"Too many requests for a specific RPC call"}, "id": "7a7d47cb-cce3-4b34-81f8-901780ccbe26" } 

    at ClientBrowser.callServer (/home/runner/work/solana-deactivate-delinquent/solana-deactivate-delinquent/node_modules/.pnpm/@solana+web3.js@1.87.6/node_modules/@solana/web3.js/lib/index.cjs.js:6474:18)
    at process.processTicksAndRejections (node:internal/process/task_queues:95:5)
Server responded with 429 Too Many Requests.  Retrying after 500ms delay...
Server responded with 429 Too Many Requests.  Retrying after 1000ms delay...
Server responded with 429 Too Many Requests.  Retrying after 2000ms delay...
Server responded with 429 Too Many Requests.  Retrying after 4000ms delay...
2024-09-26T14:00:10.569Z FIND Error processing validator 3LD4qkmgthaVwjS9RdFpDptm8RAi1qzAA959X8whKXBj 429 Too Many Requests:  {"jsonrpc":"2.0","error":{"code": 429, "message":"Too many requests for a specific RPC call"}, "id": "a4acdf21-e47e-46eb-bd00-130f02fae314" } 
 Error: 429 Too Many Requests:  {"jsonrpc":"2.0","error":{"code": 429, "message":"Too many requests for a specific RPC call"}, "id": "a4acdf21-e47e-46eb-bd00-130f02fae314" } 

    at ClientBrowser.callServer (/home/runner/work/solana-deactivate-delinquent/solana-deactivate-delinquent/node_modules/.pnpm/@solana+web3.js@1.87.6/node_modules/@solana/web3.js/lib/index.cjs.js:6474:18)
    at process.processTicksAndRejections (node:internal/process/task_queues:95:5)
Server responded with 429 Too Many Requests.  Retrying after 500ms delay...
Server responded with 429 Too Many Requests.  Retrying after 1000ms delay...
Server responded with 429 Too Many Requests.  Retrying after 2000ms delay...
Server responded with 429 Too Many Requests.  Retrying after 4000ms delay...
2024-09-26T14:00:19.227Z STAKES Found:  1  accounts for delinquent validator HsApTqQZvo2YKUTAezN4yeygu61A85TSyJoU69yegs51
2024-09-26T14:00:19.227Z STAKES Stake account 7UtKb8XiJ64cAtPS2gNAPJEbHZixnebrvkU4gTnu5fDe is de-activating:  0.002282881
2024-09-26T14:00:19.227Z STAKES Found:  0  accounts that can be de-activated delinquent validator HsApTqQZvo2YKUTAezN4yeygu61A85TSyJoU69yegs51
2024-09-26T14:00:19.227Z FIND No deactivations possible for this validator
2024-09-26T14:00:19.459Z STAKES Found:  1  accounts for delinquent validator 4CMy7v8JK83oZCgxWAjYC37TV3VwcJPRPtoLKW2b4tHq
2024-09-26T14:00:19.459Z STAKES Stake account DuDSHDV5AKeNmrsjoL6WqirHpUcirozPiWR3nXsH5anx is de-activating:  0.002282881
2024-09-26T14:00:19.459Z STAKES Found:  0  accounts that can be de-activated delinquent validator 4CMy7v8JK83oZCgxWAjYC37TV3VwcJPRPtoLKW2b4tHq
2024-09-26T14:00:19.459Z FIND No deactivations possible for this validator
Server responded with 429 Too Many Requests.  Retrying after 500ms delay...
Server responded with 429 Too Many Requests.  Retrying after 1000ms delay...
Server responded with 429 Too Many Requests.  Retrying after 2000ms delay...
Server responded with 429 Too Many Requests.  Retrying after 4000ms delay...
2024-09-26T14:00:27.945Z FIND Error processing validator DD4k6dMPn6VSy5BpGQSb4ansEDyGbXbzxx1g71PHLzEF 429 Too Many Requests:  {"jsonrpc":"2.0","error":{"code": 429, "message":"Too many requests for a specific RPC call"}, "id": "fa795ad2-f2e0-4158-84de-14cd2b82c50f" } 
 Error: 429 Too Many Requests:  {"jsonrpc":"2.0","error":{"code": 429, "message":"Too many requests for a specific RPC call"}, "id": "fa795ad2-f2e0-4158-84de-14cd2b82c50f" } 

    at ClientBrowser.callServer (/home/runner/work/solana-deactivate-delinquent/solana-deactivate-delinquent/node_modules/.pnpm/@solana+web3.js@1.87.6/node_modules/@solana/web3.js/lib/index.cjs.js:6474:18)
    at process.processTicksAndRejections (node:internal/process/task_queues:95:5)
Server responded with 429 Too Many Requests.  Retrying after 500ms delay...
Server responded with 429 Too Many Requests.  Retrying after 1000ms delay...
Server responded with 429 Too Many Requests.  Retrying after 2000ms delay...
Server responded with 429 Too Many Requests.  Retrying after 4000ms delay...
2024-09-26T14:00:36.593Z FIND Error processing validator Gtjo1BPYNZjUJzrNLHE6KzY47XNErdXk5A7RH82s881j 429 Too Many Requests:  {"jsonrpc":"2.0","error":{"code": 429, "message":"Too many requests for a specific RPC call"}, "id": "02280f6d-2c42-46da-81f8-803cb555977f" } 
 Error: 429 Too Many Requests:  {"jsonrpc":"2.0","error":{"code": 429, "message":"Too many requests for a specific RPC call"}, "id": "02280f6d-2c42-46da-81f8-803cb555977f" } 

    at ClientBrowser.callServer (/home/runner/work/solana-deactivate-delinquent/solana-deactivate-delinquent/node_modules/.pnpm/@solana+web3.js@1.87.6/node_modules/@solana/web3.js/lib/index.cjs.js:6474:18)
    at process.processTicksAndRejections (node:internal/process/task_queues:95:5)
Server responded with 429 Too Many Requests.  Retrying after 500ms delay...
Server responded with 429 Too Many Requests.  Retrying after 1000ms delay...
Server responded with 429 Too Many Requests.  Retrying after 2000ms delay...
Server responded with 429 Too Many Requests.  Retrying after 4000ms delay...
2024-09-26T14:00:45.288Z FIND Error processing validator EiBkEFDFcV6Hm5rawweVxFg5urbPpqV7JFPWB3XZXwA5 429 Too Many Requests:  {"jsonrpc":"2.0","error":{"code": 429, "message":"Too many requests for a specific RPC call"}, "id": "84e70949-d82d-47fd-b926-3421b7d5fbee" } 
 Error: 429 Too Many Requests:  {"jsonrpc":"2.0","error":{"code": 429, "message":"Too many requests for a specific RPC call"}, "id": "84e70949-d82d-47fd-b926-3421b7d5fbee" } 

    at ClientBrowser.callServer (/home/runner/work/solana-deactivate-delinquent/solana-deactivate-delinquent/node_modules/.pnpm/@solana+web3.js@1.87.6/node_modules/@solana/web3.js/lib/index.cjs.js:6474:18)
    at process.processTicksAndRejections (node:internal/process/task_queues:95:5)
Server responded with 429 Too Many Requests.  Retrying after 500ms delay...
Server responded with 429 Too Many Requests.  Retrying after 1000ms delay...
Server responded with 429 Too Many Requests.  Retrying after 2000ms delay...
Server responded with 429 Too Many Requests.  Retrying after 4000ms delay...
2024-09-26T14:00:53.967Z FIND Error processing validator GCB87BWgT4eUyYxUjwfL8EM8DptrZ2YfDjLukiDpYamb 429 Too Many Requests:  {"jsonrpc":"2.0","error":{"code": 429, "message":"Too many requests for a specific RPC call"}, "id": "a2765eaf-07e4-4d5d-8d86-cb9a463fcc5c" } 
 Error: 429 Too Many Requests:  {"jsonrpc":"2.0","error":{"code": 429, "message":"Too many requests for a specific RPC call"}, "id": "a2765eaf-07e4-4d5d-8d86-cb9a463fcc5c" } 

    at ClientBrowser.callServer (/home/runner/work/solana-deactivate-delinquent/solana-deactivate-delinquent/node_modules/.pnpm/@solana+web3.js@1.87.6/node_modules/@solana/web3.js/lib/index.cjs.js:6474:18)
    at process.processTicksAndRejections (node:internal/process/task_queues:95:5)
Server responded with 429 Too Many Requests.  Retrying after 500ms delay...
Server responded with 429 Too Many Requests.  Retrying after 1000ms delay...
Server responded with 429 Too Many Requests.  Retrying after 2000ms delay...
Server responded with 429 Too Many Requests.  Retrying after 4000ms delay...
2024-09-26T14:01:02.659Z FIND Error processing validator DfD8xygCpHotDRGa6mmetuNwJYE9BwREJzJam3LepHiU 429 Too Many Requests:  {"jsonrpc":"2.0","error":{"code": 429, "message":"Too many requests for a specific RPC call"}, "id": "e605b5b6-e47a-4a32-b101-418ebff64da5" } 
 Error: 429 Too Many Requests:  {"jsonrpc":"2.0","error":{"code": 429, "message":"Too many requests for a specific RPC call"}, "id": "e605b5b6-e47a-4a32-b101-418ebff64da5" } 

    at ClientBrowser.callServer (/home/runner/work/solana-deactivate-delinquent/solana-deactivate-delinquent/node_modules/.pnpm/@solana+web3.js@1.87.6/node_modules/@solana/web3.js/lib/index.cjs.js:6474:18)
    at process.processTicksAndRejections (node:internal/process/task_queues:95:5)
Server responded with 429 Too Many Requests.  Retrying after 500ms delay...
Server responded with 429 Too Many Requests.  Retrying after 1000ms delay...
Server responded with 429 Too Many Requests.  Retrying after 2000ms delay...
Server responded with 429 Too Many Requests.  Retrying after 4000ms delay...
2024-09-26T14:01:11.316Z FIND Error processing validator BbSV8Xdt6oEJ9CM2ecutRAMRjmApszkJhn97XC9U9fnK 429 Too Many Requests:  {"jsonrpc":"2.0","error":{"code": 429, "message":"Too many requests for a specific RPC call"}, "id": "2ec71d5c-69fe-4e96-8423-d3a3f3ebf7db" } 
 Error: 429 Too Many Requests:  {"jsonrpc":"2.0","error":{"code": 429, "message":"Too many requests for a specific RPC call"}, "id": "2ec71d5c-69fe-4e96-8423-d3a3f3ebf7db" } 

    at ClientBrowser.callServer (/home/runner/work/solana-deactivate-delinquent/solana-deactivate-delinquent/node_modules/.pnpm/@solana+web3.js@1.87.6/node_modules/@solana/web3.js/lib/index.cjs.js:6474:18)
    at process.processTicksAndRejections (node:internal/process/task_queues:95:5)
Server responded with 429 Too Many Requests.  Retrying after 500ms delay...
Server responded with 429 Too Many Requests.  Retrying after 1000ms delay...
Server responded with 429 Too Many Requests.  Retrying after 2000ms delay...
Server responded with 429 Too Many Requests.  Retrying after 4000ms delay...
2024-09-26T14:01:19.971Z STAKES Found:  1  accounts for delinquent validator isUomyVHsuAaMHngJ1z9Ho19Cd49cfWQeruGuwzk2SJ
2024-09-26T14:01:19.971Z STAKES Stake account GXcry7VDMbHxBovsB4bnzGcLkexCNR3qrCNBWQCmZAT9 is de-activating:  0.002282881
2024-09-26T14:01:19.971Z STAKES Found:  0  accounts that can be de-activated delinquent validator isUomyVHsuAaMHngJ1z9Ho19Cd49cfWQeruGuwzk2SJ
2024-09-26T14:01:19.971Z FIND No deactivations possible for this validator
2024-09-26T14:01:20.200Z STAKES Found:  1  accounts for delinquent validator GcQseyAzbyA1KRSKGxQgpUmyDBvdNFc7y6JQEuafjFTs
2024-09-26T14:01:20.201Z STAKES Stake account 5qp9T5uuacAqt3iV9ZfmgKkzW75bLSzXTL45MUZwbzhL is de-activating:  0.002282881
2024-09-26T14:01:20.201Z STAKES Found:  0  accounts that can be de-activated delinquent validator GcQseyAzbyA1KRSKGxQgpUmyDBvdNFc7y6JQEuafjFTs
2024-09-26T14:01:20.201Z FIND No deactivations possible for this validator
Server responded with 429 Too Many Requests.  Retrying after 500ms delay...
Server responded with 429 Too Many Requests.  Retrying after 1000ms delay...
Server responded with 429 Too Many Requests.  Retrying after 2000ms delay...
Server responded with 429 Too Many Requests.  Retrying after 4000ms delay...
2024-09-26T14:01:28.724Z FIND Error processing validator GcZakcYcZjCn9fyGzdZts416jV8BhqDMxZXTz4pEtqpu 429 Too Many Requests:  {"jsonrpc":"2.0","error":{"code": 429, "message":"Too many requests for a specific RPC call"}, "id": "c28b881a-84c8-4609-ba16-ad860005ae7b" } 
 Error: 429 Too Many Requests:  {"jsonrpc":"2.0","error":{"code": 429, "message":"Too many requests for a specific RPC call"}, "id": "c28b881a-84c8-4609-ba16-ad860005ae7b" } 

    at ClientBrowser.callServer (/home/runner/work/solana-deactivate-delinquent/solana-deactivate-delinquent/node_modules/.pnpm/@solana+web3.js@1.87.6/node_modules/@solana/web3.js/lib/index.cjs.js:6474:18)
    at process.processTicksAndRejections (node:internal/process/task_queues:95:5)
Server responded with 429 Too Many Requests.  Retrying after 500ms delay...
Server responded with 429 Too Many Requests.  Retrying after 1000ms delay...
Server responded with 429 Too Many Requests.  Retrying after 2000ms delay...
Server responded with 429 Too Many Requests.  Retrying after 4000ms delay...
2024-09-26T14:01:37.380Z FIND Error processing validator 5GNZN7FQoCQPsB3shkiQbwshSFZpe96PAcD5cQuboZZ7 429 Too Many Requests:  {"jsonrpc":"2.0","error":{"code": 429, "message":"Too many requests for a specific RPC call"}, "id": "12eb06e8-ca4b-4b3d-ba49-039856d8f4f6" } 
 Error: 429 Too Many Requests:  {"jsonrpc":"2.0","error":{"code": 429, "message":"Too many requests for a specific RPC call"}, "id": "12eb06e8-ca4b-4b3d-ba49-039856d8f4f6" } 

    at ClientBrowser.callServer (/home/runner/work/solana-deactivate-delinquent/solana-deactivate-delinquent/node_modules/.pnpm/@solana+web3.js@1.87.6/node_modules/@solana/web3.js/lib/index.cjs.js:6474:18)
    at process.processTicksAndRejections (node:internal/process/task_queues:95:5)
Server responded with 429 Too Many Requests.  Retrying after 500ms delay...
Server responded with 429 Too Many Requests.  Retrying after 1000ms delay...
Server responded with 429 Too Many Requests.  Retrying after 2000ms delay...
Server responded with 429 Too Many Requests.  Retrying after 4000ms delay...
2024-09-26T14:01:46.063Z FIND Error processing validator 85RFFFZiCbfDnBdoSaNvh2LF67sWKd8uRNzXmGFFvaXM 429 Too Many Requests:  {"jsonrpc":"2.0","error":{"code": 429, "message":"Too many requests for a specific RPC call"}, "id": "1448165f-8f51-4756-aaa9-bf2e053b29af" } 
 Error: 429 Too Many Requests:  {"jsonrpc":"2.0","error":{"code": 429, "message":"Too many requests for a specific RPC call"}, "id": "1448165f-8f51-4756-aaa9-bf2e053b29af" } 

    at ClientBrowser.callServer (/home/runner/work/solana-deactivate-delinquent/solana-deactivate-delinquent/node_modules/.pnpm/@solana+web3.js@1.87.6/node_modules/@solana/web3.js/lib/index.cjs.js:6474:18)
    at process.processTicksAndRejections (node:internal/process/task_queues:95:5)
Server responded with 429 Too Many Requests.  Retrying after 500ms delay...
Server responded with 429 Too Many Requests.  Retrying after 1000ms delay...
Server responded with 429 Too Many Requests.  Retrying after 2000ms delay...
Server responded with 429 Too Many Requests.  Retrying after 4000ms delay...
2024-09-26T14:01:54.724Z FIND Error processing validator HYRZ46cBaD5t6MzHZW6RUSJEWhNsedTFRivP7WSfCjpk 429 Too Many Requests:  {"jsonrpc":"2.0","error":{"code": 429, "message":"Too many requests for a specific RPC call"}, "id": "702e9df2-9145-4385-9024-3f9e73f35d8a" } 
 Error: 429 Too Many Requests:  {"jsonrpc":"2.0","error":{"code": 429, "message":"Too many requests for a specific RPC call"}, "id": "702e9df2-9145-4385-9024-3f9e73f35d8a" } 

    at ClientBrowser.callServer (/home/runner/work/solana-deactivate-delinquent/solana-deactivate-delinquent/node_modules/.pnpm/@solana+web3.js@1.87.6/node_modules/@solana/web3.js/lib/index.cjs.js:6474:18)
    at process.processTicksAndRejections (node:internal/process/task_queues:95:5)
Server responded with 429 Too Many Requests.  Retrying after 500ms delay...
Server responded with 429 Too Many Requests.  Retrying after 1000ms delay...
Server responded with 429 Too Many Requests.  Retrying after 2000ms delay...
Server responded with 429 Too Many Requests.  Retrying after 4000ms delay...
2024-09-26T14:02:03.422Z FIND Error processing validator 8VdqPXjRWywAwnhPxuoYV6Jrw15HJP3sEAp1M3GnuDuF 429 Too Many Requests:  {"jsonrpc":"2.0","error":{"code": 429, "message":"Too many requests for a specific RPC call"}, "id": "2241f2c0-bc4c-4919-b244-367f2c4bf571" } 
 Error: 429 Too Many Requests:  {"jsonrpc":"2.0","error":{"code": 429, "message":"Too many requests for a specific RPC call"}, "id": "2241f2c0-bc4c-4919-b244-367f2c4bf571" } 

    at ClientBrowser.callServer (/home/runner/work/solana-deactivate-delinquent/solana-deactivate-delinquent/node_modules/.pnpm/@solana+web3.js@1.87.6/node_modules/@solana/web3.js/lib/index.cjs.js:6474:18)
    at process.processTicksAndRejections (node:internal/process/task_queues:95:5)
Server responded with 429 Too Many Requests.  Retrying after 500ms delay...
Server responded with 429 Too Many Requests.  Retrying after 1000ms delay...
Server responded with 429 Too Many Requests.  Retrying after 2000ms delay...
Server responded with 429 Too Many Requests.  Retrying after 4000ms delay...
2024-09-26T14:02:12.102Z FIND Error processing validator 2Ramrp1CQSLC1QRmEqNA4nJ11ocyirNFjuxXoM7QjidV 429 Too Many Requests:  {"jsonrpc":"2.0","error":{"code": 429, "message":"Too many requests for a specific RPC call"}, "id": "9369fda2-ed1b-47a7-9e1c-3caf6b61a895" } 
 Error: 429 Too Many Requests:  {"jsonrpc":"2.0","error":{"code": 429, "message":"Too many requests for a specific RPC call"}, "id": "9369fda2-ed1b-47a7-9e1c-3caf6b61a895" } 

    at ClientBrowser.callServer (/home/runner/work/solana-deactivate-delinquent/solana-deactivate-delinquent/node_modules/.pnpm/@solana+web3.js@1.87.6/node_modules/@solana/web3.js/lib/index.cjs.js:6474:18)
    at process.processTicksAndRejections (node:internal/process/task_queues:95:5)
Server responded with 429 Too Many Requests.  Retrying after 500ms delay...
Server responded with 429 Too Many Requests.  Retrying after 1000ms delay...
Server responded with 429 Too Many Requests.  Retrying after 2000ms delay...
Server responded with 429 Too Many Requests.  Retrying after 4000ms delay...
2024-09-26T14:02:20.773Z FIND Error processing validator FPqjaCnSWVrwhbg7JZ8ABF8dGAXgVU5q7vgqSu5DjpNE 429 Too Many Requests:  {"jsonrpc":"2.0","error":{"code": 429, "message":"Too many requests for a specific RPC call"}, "id": "f3b97869-577f-4259-86c1-a53ffc2694a4" } 
 Error: 429 Too Many Requests:  {"jsonrpc":"2.0","error":{"code": 429, "message":"Too many requests for a specific RPC call"}, "id": "f3b97869-577f-4259-86c1-a53ffc2694a4" } 

    at ClientBrowser.callServer (/home/runner/work/solana-deactivate-delinquent/solana-deactivate-delinquent/node_modules/.pnpm/@solana+web3.js@1.87.6/node_modules/@solana/web3.js/lib/index.cjs.js:6474:18)
    at process.processTicksAndRejections (node:internal/process/task_queues:95:5)
Server responded with 429 Too Many Requests.  Retrying after 500ms delay...
Server responded with 429 Too Many Requests.  Retrying after 1000ms delay...
Server responded with 429 Too Many Requests.  Retrying after 2000ms delay...
Server responded with 429 Too Many Requests.  Retrying after 4000ms delay...
2024-09-26T14:02:29.439Z FIND Error processing validator GoMxSsZtYpG6ySeABvJ9mYoa9PqNxeBcry19ArbJusQd 429 Too Many Requests:  {"jsonrpc":"2.0","error":{"code": 429, "message":"Too many requests for a specific RPC call"}, "id": "6a4ff69c-6fa1-41ff-89c1-e72ee956c651" } 
 Error: 429 Too Many Requests:  {"jsonrpc":"2.0","error":{"code": 429, "message":"Too many requests for a specific RPC call"}, "id": "6a4ff69c-6fa1-41ff-89c1-e72ee956c651" } 

    at ClientBrowser.callServer (/home/runner/work/solana-deactivate-delinquent/solana-deactivate-delinquent/node_modules/.pnpm/@solana+web3.js@1.87.6/node_modules/@solana/web3.js/lib/index.cjs.js:6474:18)
    at process.processTicksAndRejections (node:internal/process/task_queues:95:5)
Server responded with 429 Too Many Requests.  Retrying after 500ms delay...
Server responded with 429 Too Many Requests.  Retrying after 1000ms delay...
Server responded with 429 Too Many Requests.  Retrying after 2000ms delay...
Server responded with 429 Too Many Requests.  Retrying after 4000ms delay...
2024-09-26T14:02:38.080Z FIND Error processing validator 5omuaCZDAyg9nutmRozSKXAq8QtccevGqyPjTYGKYCif 429 Too Many Requests:  {"jsonrpc":"2.0","error":{"code": 429, "message":"Too many requests for a specific RPC call"}, "id": "c8df2a8b-09c0-47a3-9901-7611953c24fd" } 
 Error: 429 Too Many Requests:  {"jsonrpc":"2.0","error":{"code": 429, "message":"Too many requests for a specific RPC call"}, "id": "c8df2a8b-09c0-47a3-9901-7611953c24fd" } 

    at ClientBrowser.callServer (/home/runner/work/solana-deactivate-delinquent/solana-deactivate-delinquent/node_modules/.pnpm/@solana+web3.js@1.87.6/node_modules/@solana/web3.js/lib/index.cjs.js:6474:18)
    at process.processTicksAndRejections (node:internal/process/task_queues:95:5)
Server responded with 429 Too Many Requests.  Retrying after 500ms delay...
Server responded with 429 Too Many Requests.  Retrying after 1000ms delay...
Server responded with 429 Too Many Requests.  Retrying after 2000ms delay...
Server responded with 429 Too Many Requests.  Retrying after 4000ms delay...
2024-09-26T14:02:46.750Z FIND Error processing validator 9cqgReCAzkszADM9qvLixANPTotFRrjB1z9GJQZm5Weu 429 Too Many Requests:  {"jsonrpc":"2.0","error":{"code": 429, "message":"Too many requests for a specific RPC call"}, "id": "760cf14f-edda-4f9c-936e-de31dc26b619" } 
 Error: 429 Too Many Requests:  {"jsonrpc":"2.0","error":{"code": 429, "message":"Too many requests for a specific RPC call"}, "id": "760cf14f-edda-4f9c-936e-de31dc26b619" } 

    at ClientBrowser.callServer (/home/runner/work/solana-deactivate-delinquent/solana-deactivate-delinquent/node_modules/.pnpm/@solana+web3.js@1.87.6/node_modules/@solana/web3.js/lib/index.cjs.js:6474:18)
    at process.processTicksAndRejections (node:internal/process/task_queues:95:5)
Server responded with 429 Too Many Requests.  Retrying after 500ms delay...
Server responded with 429 Too Many Requests.  Retrying after 1000ms delay...
Server responded with 429 Too Many Requests.  Retrying after 2000ms delay...
Server responded with 429 Too Many Requests.  Retrying after 4000ms delay...
2024-09-26T14:02:55.410Z FIND Error processing validator GwT7sTF3bCQrn4oyeV5bAgCZjC5Kz624JqCUdhj7nk1W 429 Too Many Requests:  {"jsonrpc":"2.0","error":{"code": 429, "message":"Too many requests for a specific RPC call"}, "id": "90060307-efae-4829-b86f-f7c3a1e0d2c5" } 
 Error: 429 Too Many Requests:  {"jsonrpc":"2.0","error":{"code": 429, "message":"Too many requests for a specific RPC call"}, "id": "90060307-efae-4829-b86f-f7c3a1e0d2c5" } 

    at ClientBrowser.callServer (/home/runner/work/solana-deactivate-delinquent/solana-deactivate-delinquent/node_modules/.pnpm/@solana+web3.js@1.87.6/node_modules/@solana/web3.js/lib/index.cjs.js:6474:18)
    at process.processTicksAndRejections (node:internal/process/task_queues:95:5)
Server responded with 429 Too Many Requests.  Retrying after 500ms delay...
Server responded with 429 Too Many Requests.  Retrying after 1000ms delay...
Server responded with 429 Too Many Requests.  Retrying after 2000ms delay...
Server responded with 429 Too Many Requests.  Retrying after 4000ms delay...
2024-09-26T14:03:04.036Z FIND Error processing validator 5Hkc3nutFnd36LJJ3uKm6VWgrbPc1gKSaT8JpiowLJmH 429 Too Many Requests:  {"jsonrpc":"2.0","error":{"code": 429, "message":"Too many requests for a specific RPC call"}, "id": "9f0e66a3-e8f3-4799-a8af-027da35f9459" } 
 Error: 429 Too Many Requests:  {"jsonrpc":"2.0","error":{"code": 429, "message":"Too many requests for a specific RPC call"}, "id": "9f0e66a3-e8f3-4799-a8af-027da35f9459" } 

    at ClientBrowser.callServer (/home/runner/work/solana-deactivate-delinquent/solana-deactivate-delinquent/node_modules/.pnpm/@solana+web3.js@1.87.6/node_modules/@solana/web3.js/lib/index.cjs.js:6474:18)
    at process.processTicksAndRejections (node:internal/process/task_queues:95:5)
Server responded with 429 Too Many Requests.  Retrying after 500ms delay...
Server responded with 429 Too Many Requests.  Retrying after 1000ms delay...
Server responded with 429 Too Many Requests.  Retrying after 2000ms delay...
Server responded with 429 Too Many Requests.  Retrying after 4000ms delay...
2024-09-26T14:03:12.651Z FIND Error processing validator EfLXVu1GRNrwmEQenkmBrKQJoeeqzk5PLuVoKzUiMooq 429 Too Many Requests:  {"jsonrpc":"2.0","error":{"code": 429, "message":"Too many requests for a specific RPC call"}, "id": "f5f92b16-6390-4458-904c-31bbd77c5970" } 
 Error: 429 Too Many Requests:  {"jsonrpc":"2.0","error":{"code": 429, "message":"Too many requests for a specific RPC call"}, "id": "f5f92b16-6390-4458-904c-31bbd77c5970" } 

    at ClientBrowser.callServer (/home/runner/work/solana-deactivate-delinquent/solana-deactivate-delinquent/node_modules/.pnpm/@solana+web3.js@1.87.6/node_modules/@solana/web3.js/lib/index.cjs.js:6474:18)
    at process.processTicksAndRejections (node:internal/process/task_queues:95:5)
Server responded with 429 Too Many Requests.  Retrying after 500ms delay...
Server responded with 429 Too Many Requests.  Retrying after 1000ms delay...
Server responded with 429 Too Many Requests.  Retrying after 2000ms delay...
Server responded with 429 Too Many Requests.  Retrying after 4000ms delay...
2024-09-26T14:03:21.312Z STAKES Found:  1  accounts for delinquent validator 8i1Rj9q8TGd12pTnraShWuJPAcSVfcYvFtPzfc2WUiNh
2024-09-26T14:03:21.312Z STAKES Stake account 6rjaXdNPRjYnPf1CzNbub4HUy2c7eNPf3itnAj32dBAi is de-activating:  0.002282881
2024-09-26T14:03:21.312Z STAKES Found:  0  accounts that can be de-activated delinquent validator 8i1Rj9q8TGd12pTnraShWuJPAcSVfcYvFtPzfc2WUiNh
2024-09-26T14:03:21.312Z FIND No deactivations possible for this validator
2024-09-26T14:03:21.541Z STAKES Found:  1  accounts for delinquent validator 7Sd1cSdTVgZbr9ybERxdeQVmwNddVo88zC99md6ft5tN
2024-09-26T14:03:21.541Z STAKES Stake account DBk5h3mNiCAszoBhj1NFiSGG8DXLFKT4V87PdyghZZN8 is de-activating:  0.002282881
2024-09-26T14:03:21.541Z STAKES Found:  0  accounts that can be de-activated delinquent validator 7Sd1cSdTVgZbr9ybERxdeQVmwNddVo88zC99md6ft5tN
2024-09-26T14:03:21.541Z FIND No deactivations possible for this validator
Server responded with 429 Too Many Requests.  Retrying after 500ms delay...
Server responded with 429 Too Many Requests.  Retrying after 1000ms delay...
Server responded with 429 Too Many Requests.  Retrying after 2000ms delay...
Server responded with 429 Too Many Requests.  Retrying after 4000ms delay...
2024-09-26T14:03:30.079Z FIND Error processing validator BuKQr8TwrEyz9urVgGGWv9LRYU6gAvrddLJsttUAJqiP 429 Too Many Requests:  {"jsonrpc":"2.0","error":{"code": 429, "message":"Too many requests for a specific RPC call"}, "id": "763a693f-f104-4bc5-9711-bd5579200c70" } 
 Error: 429 Too Many Requests:  {"jsonrpc":"2.0","error":{"code": 429, "message":"Too many requests for a specific RPC call"}, "id": "763a693f-f104-4bc5-9711-bd5579200c70" } 

    at ClientBrowser.callServer (/home/runner/work/solana-deactivate-delinquent/solana-deactivate-delinquent/node_modules/.pnpm/@solana+web3.js@1.87.6/node_modules/@solana/web3.js/lib/index.cjs.js:6474:18)
    at process.processTicksAndRejections (node:internal/process/task_queues:95:5)
Server responded with 429 Too Many Requests.  Retrying after 500ms delay...
Server responded with 429 Too Many Requests.  Retrying after 1000ms delay...
Server responded with 429 Too Many Requests.  Retrying after 2000ms delay...
Server responded with 429 Too Many Requests.  Retrying after 4000ms delay...
2024-09-26T14:03:38.744Z FIND Error processing validator FscAQgVoGXLr4J119B7tRTstvRjz2s9oTzXSdDU5Qddj 429 Too Many Requests:  {"jsonrpc":"2.0","error":{"code": 429, "message":"Too many requests for a specific RPC call"}, "id": "c407f07b-5555-47eb-bf73-937332a72093" } 
 Error: 429 Too Many Requests:  {"jsonrpc":"2.0","error":{"code": 429, "message":"Too many requests for a specific RPC call"}, "id": "c407f07b-5555-47eb-bf73-937332a72093" } 

    at ClientBrowser.callServer (/home/runner/work/solana-deactivate-delinquent/solana-deactivate-delinquent/node_modules/.pnpm/@solana+web3.js@1.87.6/node_modules/@solana/web3.js/lib/index.cjs.js:6474:18)
    at process.processTicksAndRejections (node:internal/process/task_queues:95:5)
Server responded with 429 Too Many Requests.  Retrying after 500ms delay...
Server responded with 429 Too Many Requests.  Retrying after 1000ms delay...
Server responded with 429 Too Many Requests.  Retrying after 2000ms delay...
Server responded with 429 Too Many Requests.  Retrying after 4000ms delay...
2024-09-26T14:03:47.404Z FIND Error processing validator FwQrixNSWGmpp744EbKdFckjcKwvMWizYwsoZo8e6qWW 429 Too Many Requests:  {"jsonrpc":"2.0","error":{"code": 429, "message":"Too many requests for a specific RPC call"}, "id": "6c511f70-c754-4388-84e4-ea41b59584f8" } 
 Error: 429 Too Many Requests:  {"jsonrpc":"2.0","error":{"code": 429, "message":"Too many requests for a specific RPC call"}, "id": "6c511f70-c754-4388-84e4-ea41b59584f8" } 

    at ClientBrowser.callServer (/home/runner/work/solana-deactivate-delinquent/solana-deactivate-delinquent/node_modules/.pnpm/@solana+web3.js@1.87.6/node_modules/@solana/web3.js/lib/index.cjs.js:6474:18)
    at process.processTicksAndRejections (node:internal/process/task_queues:95:5)
Server responded with 429 Too Many Requests.  Retrying after 500ms delay...
Server responded with 429 Too Many Requests.  Retrying after 1000ms delay...
Server responded with 429 Too Many Requests.  Retrying after 2000ms delay...
Server responded with 429 Too Many Requests.  Retrying after 4000ms delay...
2024-09-26T14:03:56.093Z FIND Error processing validator EfuNZaDkNTvrLSDss9qb8foTrbtHisWdzxBRn9zLfB9z 429 Too Many Requests:  {"jsonrpc":"2.0","error":{"code": 429, "message":"Too many requests for a specific RPC call"}, "id": "788de477-4d18-42cc-8782-e7596c4d8103" } 
 Error: 429 Too Many Requests:  {"jsonrpc":"2.0","error":{"code": 429, "message":"Too many requests for a specific RPC call"}, "id": "788de477-4d18-42cc-8782-e7596c4d8103" } 

    at ClientBrowser.callServer (/home/runner/work/solana-deactivate-delinquent/solana-deactivate-delinquent/node_modules/.pnpm/@solana+web3.js@1.87.6/node_modules/@solana/web3.js/lib/index.cjs.js:6474:18)
    at process.processTicksAndRejections (node:internal/process/task_queues:95:5)
Server responded with 429 Too Many Requests.  Retrying after 500ms delay...
Server responded with 429 Too Many Requests.  Retrying after 1000ms delay...
Server responded with 429 Too Many Requests.  Retrying after 2000ms delay...
Server responded with 429 Too Many Requests.  Retrying after 4000ms delay...
2024-09-26T14:04:04.756Z FIND Error processing validator FXRpG4jSNtmKita6NmYLbhWZNXoZGKhz7VACRa93ysQ8 429 Too Many Requests:  {"jsonrpc":"2.0","error":{"code": 429, "message":"Too many requests for a specific RPC call"}, "id": "e2d1d274-f691-425d-9f86-19c28904c19a" } 
 Error: 429 Too Many Requests:  {"jsonrpc":"2.0","error":{"code": 429, "message":"Too many requests for a specific RPC call"}, "id": "e2d1d274-f691-425d-9f86-19c28904c19a" } 

    at ClientBrowser.callServer (/home/runner/work/solana-deactivate-delinquent/solana-deactivate-delinquent/node_modules/.pnpm/@solana+web3.js@1.87.6/node_modules/@solana/web3.js/lib/index.cjs.js:6474:18)
    at process.processTicksAndRejections (node:internal/process/task_queues:95:5)
Server responded with 429 Too Many Requests.  Retrying after 500ms delay...
Server responded with 429 Too Many Requests.  Retrying after 1000ms delay...
Server responded with 429 Too Many Requests.  Retrying after 2000ms delay...
Server responded with 429 Too Many Requests.  Retrying after 4000ms delay...
2024-09-26T14:04:13.449Z FIND Error processing validator 8GdySX8FWuefbSZSB6VYfT23H5JCdv7ySA8wWA3F8F4s 429 Too Many Requests:  {"jsonrpc":"2.0","error":{"code": 429, "message":"Too many requests for a specific RPC call"}, "id": "10772688-4954-4d62-91ec-a4acdfe24bf8" } 
 Error: 429 Too Many Requests:  {"jsonrpc":"2.0","error":{"code": 429, "message":"Too many requests for a specific RPC call"}, "id": "10772688-4954-4d62-91ec-a4acdfe24bf8" } 

    at ClientBrowser.callServer (/home/runner/work/solana-deactivate-delinquent/solana-deactivate-delinquent/node_modules/.pnpm/@solana+web3.js@1.87.6/node_modules/@solana/web3.js/lib/index.cjs.js:6474:18)
    at process.processTicksAndRejections (node:internal/process/task_queues:95:5)
Server responded with 429 Too Many Requests.  Retrying after 500ms delay...
Server responded with 429 Too Many Requests.  Retrying after 1000ms delay...
Server responded with 429 Too Many Requests.  Retrying after 2000ms delay...
Server responded with 429 Too Many Requests.  Retrying after 4000ms delay...
2024-09-26T14:04:22.127Z FIND Error processing validator CMsRrdUPjdXFLHLMxsxxVmh4W528jcnWQqXcHPW3x43j 429 Too Many Requests:  {"jsonrpc":"2.0","error":{"code": 429, "message":"Too many requests for a specific RPC call"}, "id": "a63eac2f-7648-4c3f-96d8-0587fc0beceb" } 
 Error: 429 Too Many Requests:  {"jsonrpc":"2.0","error":{"code": 429, "message":"Too many requests for a specific RPC call"}, "id": "a63eac2f-7648-4c3f-96d8-0587fc0beceb" } 

    at ClientBrowser.callServer (/home/runner/work/solana-deactivate-delinquent/solana-deactivate-delinquent/node_modules/.pnpm/@solana+web3.js@1.87.6/node_modules/@solana/web3.js/lib/index.cjs.js:6474:18)
    at process.processTicksAndRejections (node:internal/process/task_queues:95:5)
Server responded with 429 Too Many Requests.  Retrying after 500ms delay...
Server responded with 429 Too Many Requests.  Retrying after 1000ms delay...
Server responded with 429 Too Many Requests.  Retrying after 2000ms delay...
Server responded with 429 Too Many Requests.  Retrying after 4000ms delay...
2024-09-26T14:04:30.780Z FIND Error processing validator GtuK529GrWRdktAnGSNLsBau7reojdYyP1WBm35SAXgC 429 Too Many Requests:  {"jsonrpc":"2.0","error":{"code": 429, "message":"Too many requests for a specific RPC call"}, "id": "61b8f9d5-3ef8-4e63-ab76-7dd08a35fe4a" } 
 Error: 429 Too Many Requests:  {"jsonrpc":"2.0","error":{"code": 429, "message":"Too many requests for a specific RPC call"}, "id": "61b8f9d5-3ef8-4e63-ab76-7dd08a35fe4a" } 

    at ClientBrowser.callServer (/home/runner/work/solana-deactivate-delinquent/solana-deactivate-delinquent/node_modules/.pnpm/@solana+web3.js@1.87.6/node_modules/@solana/web3.js/lib/index.cjs.js:6474:18)
    at process.processTicksAndRejections (node:internal/process/task_queues:95:5)
Server responded with 429 Too Many Requests.  Retrying after 500ms delay...
Server responded with 429 Too Many Requests.  Retrying after 1000ms delay...
Server responded with 429 Too Many Requests.  Retrying after 2000ms delay...
Server responded with 429 Too Many Requests.  Retrying after 4000ms delay...
2024-09-26T14:04:39.495Z FIND Error processing validator 4HudwuUL6z9SbMvoFXXqy2J1kzbJW6Sve1kRXoKHECsu 429 Too Many Requests:  {"jsonrpc":"2.0","error":{"code": 429, "message":"Too many requests for a specific RPC call"}, "id": "1c44999f-6209-4e5d-924f-eaeb1c7278b4" } 
 Error: 429 Too Many Requests:  {"jsonrpc":"2.0","error":{"code": 429, "message":"Too many requests for a specific RPC call"}, "id": "1c44999f-6209-4e5d-924f-eaeb1c7278b4" } 

    at ClientBrowser.callServer (/home/runner/work/solana-deactivate-delinquent/solana-deactivate-delinquent/node_modules/.pnpm/@solana+web3.js@1.87.6/node_modules/@solana/web3.js/lib/index.cjs.js:6474:18)
    at process.processTicksAndRejections (node:internal/process/task_queues:95:5)
Server responded with 429 Too Many Requests.  Retrying after 500ms delay...
Server responded with 429 Too Many Requests.  Retrying after 1000ms delay...
Server responded with 429 Too Many Requests.  Retrying after 2000ms delay...
Server responded with 429 Too Many Requests.  Retrying after 4000ms delay...
2024-09-26T14:04:48.175Z FIND Error processing validator SPZQ7mAJZQDHd7zyVNjDWHG6Hg9jkNCnQ2g1Rvfdmwt 429 Too Many Requests:  {"jsonrpc":"2.0","error":{"code": 429, "message":"Too many requests for a specific RPC call"}, "id": "0682874c-b82b-47f6-abde-18cbe70871bf" } 
 Error: 429 Too Many Requests:  {"jsonrpc":"2.0","error":{"code": 429, "message":"Too many requests for a specific RPC call"}, "id": "0682874c-b82b-47f6-abde-18cbe70871bf" } 

    at ClientBrowser.callServer (/home/runner/work/solana-deactivate-delinquent/solana-deactivate-delinquent/node_modules/.pnpm/@solana+web3.js@1.87.6/node_modules/@solana/web3.js/lib/index.cjs.js:6474:18)
    at process.processTicksAndRejections (node:internal/process/task_queues:95:5)
Server responded with 429 Too Many Requests.  Retrying after 500ms delay...
Server responded with 429 Too Many Requests.  Retrying after 1000ms delay...
Server responded with 429 Too Many Requests.  Retrying after 2000ms delay...
2024-09-26T14:04:52.601Z STAKES Found:  1  accounts for delinquent validator 68Py729tjYf1mjPJg9fuCm3HdCejEAnYRShpWxtKgN5F
2024-09-26T14:04:52.601Z STAKES Stake account BdupZFcUhZg1fa2Q1NZYqXXAFX2fCEATvjfRKtDMeFjU is de-activating:  0.002282881
2024-09-26T14:04:52.601Z STAKES Found:  0  accounts that can be de-activated delinquent validator 68Py729tjYf1mjPJg9fuCm3HdCejEAnYRShpWxtKgN5F
2024-09-26T14:04:52.601Z FIND No deactivations possible for this validator
2024-09-26T14:04:52.601Z FIND Total de-activated: 0.002282881
