2025-04-27T03:57:08.280Z FIND Found epoch range to explore:  774 778
2025-04-27T03:57:08.282Z FIND Found delinquent validators [
  'CrLn7zEBytbmRBUGhkDyyUbGCa6H7bMCnw94Dip8QbcJ',
  'CnB88pH35AjH2XUsiK5X257sVLkGUf11UDioXgJXoLuL',
  '9yn8kRqgtYsAV5Pg2YTmu3PCmnm4yXFE3cRGZ2G6WFho',
  'HqeoSipJHfpzPwnr4UE7wuiWRcBC9QHEqjjLZjHoi4fU',
  '742Li328fz2ztbrchLG5bSht6Rp43yZZEDEbyD7U3zWW',
  'BChmozpXUepF9LqcyFr1BqDiRZnfsRa9rogUhk5MLRcJ',
  '8xHv2sNPA5EtsRWJQypTS34ribSqD8ffsc771i9yoRcE',
  'E9w6i6M7mSJkm1BRozSZpSpRb5sE3NEkrHA9R2zZjuwa',
  'PRqb4oSHEAjtEays2mgaWp75CTobPceobCcyd7bP1YM',
  'BTeEyner9LLywxWXaPeAzz62Bxmk4eG8mXMun3uYLYKi',
  'D8J7EZD22HAQhRQVXHfjMSU8BDPhWfokxCyPUXjpwxD',
  '81mfVVk2r1qLBQXQJqsESTSwnmgKFZjYDdvYUpgSCyYi',
  '9fLwGW9hoXjfeKUpjNGTA2M3BxNivH9ds3ejNSQoDUM8',
  'HSvtHN8qJgkmCxy8UmYN8jZQRzWAtQESmear1EAKaroH',
  'J3hhsGS7xfcYoogsAQpGBJAdAyv8Sm5peWVaN6P9v1DE',
  'EBmz677zQ13MRwkKQi2fdb51ViRNwyuPtZbZhmzeEH2m',
  '568E22Vp87VCVWfCECSeMwJD4y5Yah45fyTJPHtsvA4o',
  '8mG8MXRitQoct8UqfejfNw6ApRkYbvc9YiQY8YDsW9Fi',
  '83ejsRbzFDXoYFjCMuJ7Q7SWUvYgMrrQfsjbR3WA9tpa',
  '7zRyjgPbeh9HFhpyrYCG6CyLz9gssxgoJamj7CSG1cZe',
  '4bor1arUqveTpx64Q18XUwsLZtsEi8tFp5HZ5e4AMykx',
  '13juuPtYfhDWfnYffQAcYhvTCrqgqrrQugaLnNrcPMyQ',
  'LocksHyMXUeTmF2hrvr7ewQBLFgUzGA3CzXBs7DDaNj',
  'J2wfGqcB4xeJgDdjSYuRoksGNquh4yhZfsXc3CBr7iJV',
  '7CW3zdKsfzCVDZBXsKcimqkGS7nuHEsz4KB1oysfec2K'
]
2025-04-27T03:57:08.284Z FIND Found reference validator he1iusunGwqrNtafDtLdhsUQDFvo13z9sUa36PauBtk
2025-04-27T03:57:11.144Z STAKES Found:  53  accounts for delinquent validator CrLn7zEBytbmRBUGhkDyyUbGCa6H7bMCnw94Dip8QbcJ
2025-04-27T03:57:11.145Z STAKES Stake account ACsLQxuDXTy5pqw95LFyd6qW8sxE4EL1r7sQoAoSyiiQ is de-activating:  0.003346003
2025-04-27T03:57:11.145Z STAKES Stake account DAbDBQ1cT6EWS8U1r5wtt1DCnWofUh2UnMcecNyLQTss is de-activating:  63.203298104
2025-04-27T03:57:11.145Z STAKES Stake account HJTiL6CqtgyhGfDp1ebNu7owqEvvFWTHpYwrArs8fYVD is de-activating:  0.003347067
2025-04-27T03:57:11.145Z STAKES Stake account DPznEqY9yKqsjB7PGKVSRuhciQYwKXS2KLPHYbydcrW1 is de-activating:  106.054080681
2025-04-27T03:57:11.145Z STAKES Stake account DVvWsyyEbmAkQJeqkqsBGsjJbBQDChSVY5GU11WRJBMB is de-activating:  0.003347067
2025-04-27T03:57:11.146Z STAKES Stake account 8rfER4XQfa6pbojedFExqPAruPaXY9xxyEnGqoYTme5P is de-activating:  0.003389637
2025-04-27T03:57:11.146Z STAKES Stake account 5YCYz9Wq293PHANQ8STGTTAQUpTncU92CP2YsU1ra7gE is de-activating:  54.999025077
2025-04-27T03:57:11.146Z STAKES Stake account 7xn4Tc4KExfq6d4UjCEE8SwDygSTuqgazmMchDDkHJU9 is de-activating:  2.436639418
2025-04-27T03:57:11.146Z STAKES Stake account 2nA6XCDiXV8tavchrFx91M1xz2pBZjFANkTdRdxfz9vd is de-activating:  0.003400003
2025-04-27T03:57:11.146Z STAKES Stake account 2h6dpDzFc8p38gBT2aruRkcNDCHGJ6eRfjRpnUxvMmfu is de-activating:  2.629930801
2025-04-27T03:57:11.147Z STAKES Stake account CBkNWmuHg8TSe9QpFUf2wBLCgPPZAyfj7iZa8hiPyjxW is de-activating:  0.003347067
2025-04-27T03:57:11.147Z STAKES Stake account G8cfpn8WtiMxjXJnZutbCNno38dL7PMNRy5R5gdokUgU is de-activating:  0.003346995
2025-04-27T03:57:11.147Z STAKES Stake account 57ELrobEcAjphqUx2tmKKkbtytfJ82dCgoTSxeiAVG4b is de-activating:  0.003346003
2025-04-27T03:57:11.147Z STAKES Stake account 5ZHQFKP9QUnq8kYB1xPA1fKaV4ZeTrzyGdPMhjoAwibS is de-activating:  11.076078797
2025-04-27T03:57:11.147Z STAKES Stake account APtdvuZ1fNig3HhbKauR8EHjBhsJWhbqK9p79que3xmM is de-activating:  38.403439999
2025-04-27T03:57:11.147Z STAKES Stake account 5xnoCJUtYPeyeqZitXkMmrcCarMqHgZfoP5C16bs5gZ8 is de-activating:  0.003347067
2025-04-27T03:57:11.147Z STAKES Stake account 4BFi9ju7RsCgCRUEj2y3h5Vn43sbvVstb1F9NmCC6Liz is de-activating:  77.283120569
2025-04-27T03:57:11.147Z STAKES Stake account 8YMmbvFtPCHa1UzC7SFHj8rPgLzEcB6pYND3A4UZfJPC is de-activating:  53.807329246
2025-04-27T03:57:11.148Z STAKES Stake account 6ZxgvYVuE2cv9kihVi9jHJsc7RRe4XV6LH6i3KMR46ZF is de-activating:  0.003346003
2025-04-27T03:57:11.148Z STAKES Stake account B7q483exW4qRaCNTP843jX92r2SDe5z7YWz8RAT2Hebn is de-activating:  0.844901775
2025-04-27T03:57:11.148Z STAKES Stake account 5v1oJDYwQ53eBGGaRTirh9x1uyxAF9BHiyFggz3Rhio6 is de-activating:  0.003294488
2025-04-27T03:57:11.148Z STAKES Stake account DmzjwkcfJfZbdbV4dSBssRRdtCrVFiEwayQVZaBGDKdb is de-activating:  108.755728698
2025-04-27T03:57:11.148Z STAKES Stake account 9ogJ5j3R2MdjvhJPKPMYnec2naUza7eK4sHvo9HG8y7S is de-activating:  1.066145901
2025-04-27T03:57:11.148Z STAKES Stake account CsmGPP5fddf9dRzzU6HX51uxMZkn9ehiwCNqDZ4YFWNT is de-activating:  0.003347067
2025-04-27T03:57:11.148Z STAKES Stake account Fhq4JUQLhxqiC5Lfsk9aCv6NEYXVqNqC1KnyjY8k7jiJ is de-activating:  0.004056307
2025-04-27T03:57:11.149Z STAKES Stake account 8rzRsApvmDLmYqr8weFm8cXrMGAsKUzFqHhdc4wyVs8 is de-activating:  10.246897875
2025-04-27T03:57:11.149Z STAKES Stake account 7bp9xCAz9zDZcA89vhCCnhQtV3PBC28NVPvjZ4EoJrC8 is de-activating:  0.003346995
2025-04-27T03:57:11.149Z STAKES Stake account 95q5qXeM1VKzeWKHe5FFwdiY4om1p8FS3drrHwjDnksF is de-activating:  0.008089116
2025-04-27T03:57:11.149Z STAKES Stake account 8iweZHGsn7j4yYCWidMo2ZYNKASEhxvxXER2HKiM2f1H is de-activating:  16.116647843
2025-04-27T03:57:11.149Z STAKES Stake account 6srJHHkKRXvRtwttYLCo16HsxXhk75apw1CeTCqLwb9s is de-activating:  0.003291975
2025-04-27T03:57:11.149Z STAKES Stake account FFGQX2Et4wbfT5FAHguvDQAs4tT4gAkgLSDnQArhuhGi is de-activating:  0.003346003
2025-04-27T03:57:11.149Z STAKES Stake account 45LP6sfavdLEAtndXzuYVYjwxB5FX2yMbsjSamcFsCw9 is de-activating:  0.003346995
2025-04-27T03:57:11.149Z STAKES Stake account 6QshzLhSzaCJG2Jf2GovAjtRcMoZuYtdzxomsoqhp9Rv is de-activating:  0.003347067
2025-04-27T03:57:11.150Z STAKES Stake account GZNtLkcLiwZivfusMginfryTok76x5sgMdt2xLCog3d1 is de-activating:  0.003346003
2025-04-27T03:57:11.150Z STAKES Stake account Fb2s8rF6mW4bcdBNPhyDFzcwexpwmWyPSLFc4CnRBPZC is de-activating:  0.003347067
2025-04-27T03:57:11.150Z STAKES Stake account EP8RyDs9iwfda6UKq65mabNxicbMfPqaUefafUhLJs5Y is de-activating:  2.624347057
2025-04-27T03:57:11.150Z STAKES Stake account 4pswkJ66MaAgVjVBd2VA6g7LYEguPQPbVkfirYzyRpZ9 is de-activating:  0.003347067
2025-04-27T03:57:11.150Z STAKES Stake account Eq8Q6DDMZbzKt6xV5TRBNvz9VBAR1oovguiqsEUgqMU8 is de-activating:  0.003346003
2025-04-27T03:57:11.150Z STAKES Stake account FGdBQn4fAzrrDDkc3oky5LxZWEBFGUVocapFtGkhzmWW is de-activated:  1.06933967
2025-04-27T03:57:11.150Z STAKES Stake account 2aX7UxmgUyJrB8BVm2S7ZVrVbXFxMhnzHrXvFHBsEAL9 is de-activating:  0.003347067
2025-04-27T03:57:11.150Z STAKES Stake account CXrS57HRBq56JdzUArnvpMgH2Fh1QxueLkg5jTNDakCN is de-activating:  5.775319217
2025-04-27T03:57:11.150Z STAKES Stake account 8hfYhQorSRTNPJWALz4ibn38CJ3Hbf6EVwXxa14JAVKK is de-activating:  0.003347067
2025-04-27T03:57:11.151Z STAKES Stake account 93draTrFCQLw8jUDfEuyATk4KArbEtg8wsm8phgnw5AZ is de-activating:  0.003347067
2025-04-27T03:57:11.151Z STAKES Stake account 46fienab49zfucGDFk39SgCJeajgXs1CxEaabAcGArvN is de-activating:  0.003362264
2025-04-27T03:57:11.151Z STAKES Stake account HRVGbvFNYUX49S5zxCLtySN7GCwNDtN7g9ho9z6FgfA8 is de-activating:  0.003346003
2025-04-27T03:57:11.151Z STAKES Stake account 8bUDKNNm5qwzPpFGEM8sQYv9tX1wcaxLC1GvLFSnTsoR is de-activating:  5.194946016
2025-04-27T03:57:11.151Z STAKES Stake account 688fJFHjXhhEB9jzPN6QRc5T1y7uSsijTMuagtP8RePc is de-activating:  106.88261961
2025-04-27T03:57:11.151Z STAKES Stake account 4U2bytYaKqisHLEQaHU5k4mhE4pwo4V8fAbisyAfHHaz is de-activating:  92.575573803
2025-04-27T03:57:11.151Z STAKES Stake account AaDmEfPjLEQWQ29ZQi2Z35EZgM4XnQLzGUcNy3bZQU5G is de-activating:  49.418366088
2025-04-27T03:57:11.151Z STAKES Stake account 62caL5yT4MMgxSoGor3WZaYseQtuqJC4WsxLBYXLNch2 is de-activating:  59.265391755
2025-04-27T03:57:11.151Z STAKES Stake account C5YRxB4ji9WdvfN4spGZuAiacj1Pw5sr5EoqmiHMSPa4 is de-activating:  5.634676023
2025-04-27T03:57:11.152Z STAKES Stake account HqTKrVup7MBwJSV2hSHKxi4T2Jth5vQfzqVLnSLJ7mLP is de-activating:  0.003282886
2025-04-27T03:57:11.152Z STAKES Stake account 4AmTqUDWRoU5HWTkfxDBaewKJo9CCJL3ff5nWj48Cbkd is de-activating:  0.003346003
2025-04-27T03:57:11.152Z STAKES Found:  0  accounts that can be de-activated delinquent validator CrLn7zEBytbmRBUGhkDyyUbGCa6H7bMCnw94Dip8QbcJ
2025-04-27T03:57:11.152Z FIND No deactivations possible for this validator
2025-04-27T03:57:13.322Z STAKES Found:  10  accounts for delinquent validator CnB88pH35AjH2XUsiK5X257sVLkGUf11UDioXgJXoLuL
2025-04-27T03:57:13.322Z STAKES Stake account Bqioz6QkpjGfgwa3hBpNaeTMuqGjuLafYdGSq4dVVRg7 is de-activated:  0.063116343
2025-04-27T03:57:13.322Z STAKES Stake account fAbc5Lhc8HQAXMMEWorSQjWychztAe2WkJEGBfXUxgq is de-activated:  950.432705451
2025-04-27T03:57:13.322Z STAKES Stake account H11EJN5LNvNhAachTeq3JvdUcKLsbU6y5T1qnQG8ADaN is de-activating:  0.003354628
2025-04-27T03:57:13.322Z STAKES Stake account 8it3DkqzRumhoJviD998b6aibzfT9tUmFde3YmPQgqVL is de-activating:  0.003329238
2025-04-27T03:57:13.322Z STAKES Stake account EokH42Swowy4233XiL9iv1LfSqKGgQN1qgnT7bLo6ioG is de-activating:  2.629556768
2025-04-27T03:57:13.322Z STAKES Stake account DUgVguy7ELTXVqwXPRfMdUt3dqLnKj6dTvNgPWPyav7e is de-activated:  0.01115858
2025-04-27T03:57:13.322Z STAKES Stake account DFcrMoMtUfBpfEbYB5qC3xzBa6kvwbeRwfeCWij357r6 is de-activating:  0.003294627
2025-04-27T03:57:13.322Z STAKES Stake account ang4jNo2CTLQfnn8L7i61wa6FNFoK1jcfCMyASK6VXY is de-activated:  0.38872675
2025-04-27T03:57:13.323Z STAKES Stake account 6ETfW5W26z2NtomSTGAU2QY8VB25TNWhQykwunCW9DKb is de-activated:  0.05
2025-04-27T03:57:13.323Z STAKES Stake account Axr5igcN3ycrAmERCcpbwrGe7GVPvD4UZGHAKsQMx5DW is de-activating:  1.088088978
2025-04-27T03:57:13.323Z STAKES Found:  0  accounts that can be de-activated delinquent validator CnB88pH35AjH2XUsiK5X257sVLkGUf11UDioXgJXoLuL
2025-04-27T03:57:13.323Z FIND No deactivations possible for this validator
Server responded with 429 Too Many Requests.  Retrying after 500ms delay...
Server responded with 429 Too Many Requests.  Retrying after 1000ms delay...
Server responded with 429 Too Many Requests.  Retrying after 2000ms delay...
Server responded with 429 Too Many Requests.  Retrying after 4000ms delay...
2025-04-27T03:57:21.063Z FIND Error processing validator 9yn8kRqgtYsAV5Pg2YTmu3PCmnm4yXFE3cRGZ2G6WFho 429 Too Many Requests:  {"jsonrpc":"2.0","error":{"code": 429, "message":"Too many requests for a specific RPC call"}, "id": "9b993b86-76d5-422e-a337-309043a0a003" } 
 Error: 429 Too Many Requests:  {"jsonrpc":"2.0","error":{"code": 429, "message":"Too many requests for a specific RPC call"}, "id": "9b993b86-76d5-422e-a337-309043a0a003" } 

    at ClientBrowser.callServer (/home/runner/work/solana-deactivate-delinquent/solana-deactivate-delinquent/node_modules/.pnpm/@solana+web3.js@1.87.6/node_modules/@solana/web3.js/lib/index.cjs.js:6474:18)
    at process.processTicksAndRejections (node:internal/process/task_queues:95:5)
Server responded with 429 Too Many Requests.  Retrying after 500ms delay...
Server responded with 429 Too Many Requests.  Retrying after 1000ms delay...
Server responded with 429 Too Many Requests.  Retrying after 2000ms delay...
Server responded with 429 Too Many Requests.  Retrying after 4000ms delay...
2025-04-27T03:57:28.868Z FIND Error processing validator HqeoSipJHfpzPwnr4UE7wuiWRcBC9QHEqjjLZjHoi4fU 429 Too Many Requests:  {"jsonrpc":"2.0","error":{"code": 429, "message":"Too many requests for a specific RPC call"}, "id": "ab66c755-d5de-4053-9644-8a843169133a" } 
 Error: 429 Too Many Requests:  {"jsonrpc":"2.0","error":{"code": 429, "message":"Too many requests for a specific RPC call"}, "id": "ab66c755-d5de-4053-9644-8a843169133a" } 

    at ClientBrowser.callServer (/home/runner/work/solana-deactivate-delinquent/solana-deactivate-delinquent/node_modules/.pnpm/@solana+web3.js@1.87.6/node_modules/@solana/web3.js/lib/index.cjs.js:6474:18)
    at process.processTicksAndRejections (node:internal/process/task_queues:95:5)
Server responded with 429 Too Many Requests.  Retrying after 500ms delay...
Server responded with 429 Too Many Requests.  Retrying after 1000ms delay...
Server responded with 429 Too Many Requests.  Retrying after 2000ms delay...
Server responded with 429 Too Many Requests.  Retrying after 4000ms delay...
2025-04-27T03:57:36.614Z FIND Error processing validator 742Li328fz2ztbrchLG5bSht6Rp43yZZEDEbyD7U3zWW 429 Too Many Requests:  {"jsonrpc":"2.0","error":{"code": 429, "message":"Too many requests for a specific RPC call"}, "id": "3169792b-daaf-44c2-8055-a74a20fbf864" } 
 Error: 429 Too Many Requests:  {"jsonrpc":"2.0","error":{"code": 429, "message":"Too many requests for a specific RPC call"}, "id": "3169792b-daaf-44c2-8055-a74a20fbf864" } 

    at ClientBrowser.callServer (/home/runner/work/solana-deactivate-delinquent/solana-deactivate-delinquent/node_modules/.pnpm/@solana+web3.js@1.87.6/node_modules/@solana/web3.js/lib/index.cjs.js:6474:18)
    at process.processTicksAndRejections (node:internal/process/task_queues:95:5)
Server responded with 429 Too Many Requests.  Retrying after 500ms delay...
Server responded with 429 Too Many Requests.  Retrying after 1000ms delay...
2025-04-27T03:57:40.895Z STAKES Found:  1  accounts for delinquent validator BChmozpXUepF9LqcyFr1BqDiRZnfsRa9rogUhk5MLRcJ
2025-04-27T03:57:40.895Z STAKES Stake account 2TGTBaS9SfAwDc2feXQRfDSu2V5X42disJY7Qn4ebPaB is de-activating:  1.003
2025-04-27T03:57:40.895Z STAKES Found:  0  accounts that can be de-activated delinquent validator BChmozpXUepF9LqcyFr1BqDiRZnfsRa9rogUhk5MLRcJ
2025-04-27T03:57:40.895Z FIND No deactivations possible for this validator
2025-04-27T03:57:43.264Z STAKES Found:  1  accounts for delinquent validator 8xHv2sNPA5EtsRWJQypTS34ribSqD8ffsc771i9yoRcE
2025-04-27T03:57:43.264Z STAKES Stake account 2CcLxNgenCPQ6HaXtXSEnKpVZHibKhF5SHAQvoCaxW5s is de-activating:  1.003
2025-04-27T03:57:43.264Z STAKES Found:  0  accounts that can be de-activated delinquent validator 8xHv2sNPA5EtsRWJQypTS34ribSqD8ffsc771i9yoRcE
2025-04-27T03:57:43.264Z FIND No deactivations possible for this validator
Server responded with 429 Too Many Requests.  Retrying after 500ms delay...
Server responded with 429 Too Many Requests.  Retrying after 1000ms delay...
Server responded with 429 Too Many Requests.  Retrying after 2000ms delay...
Server responded with 429 Too Many Requests.  Retrying after 4000ms delay...
2025-04-27T03:57:50.897Z FIND Error processing validator E9w6i6M7mSJkm1BRozSZpSpRb5sE3NEkrHA9R2zZjuwa 429 Too Many Requests:  {"jsonrpc":"2.0","error":{"code": 429, "message":"Too many requests for a specific RPC call"}, "id": "2913065a-54b3-4151-838f-1c533a4a461a" } 
 Error: 429 Too Many Requests:  {"jsonrpc":"2.0","error":{"code": 429, "message":"Too many requests for a specific RPC call"}, "id": "2913065a-54b3-4151-838f-1c533a4a461a" } 

    at ClientBrowser.callServer (/home/runner/work/solana-deactivate-delinquent/solana-deactivate-delinquent/node_modules/.pnpm/@solana+web3.js@1.87.6/node_modules/@solana/web3.js/lib/index.cjs.js:6474:18)
    at process.processTicksAndRejections (node:internal/process/task_queues:95:5)
Server responded with 429 Too Many Requests.  Retrying after 500ms delay...
Server responded with 429 Too Many Requests.  Retrying after 1000ms delay...
Server responded with 429 Too Many Requests.  Retrying after 2000ms delay...
Server responded with 429 Too Many Requests.  Retrying after 4000ms delay...
2025-04-27T03:57:58.525Z FIND Error processing validator PRqb4oSHEAjtEays2mgaWp75CTobPceobCcyd7bP1YM 429 Too Many Requests:  {"jsonrpc":"2.0","error":{"code": 429, "message":"Too many requests for a specific RPC call"}, "id": "161028f4-165a-404d-b18f-b3aca582c34a" } 
 Error: 429 Too Many Requests:  {"jsonrpc":"2.0","error":{"code": 429, "message":"Too many requests for a specific RPC call"}, "id": "161028f4-165a-404d-b18f-b3aca582c34a" } 

    at ClientBrowser.callServer (/home/runner/work/solana-deactivate-delinquent/solana-deactivate-delinquent/node_modules/.pnpm/@solana+web3.js@1.87.6/node_modules/@solana/web3.js/lib/index.cjs.js:6474:18)
    at process.processTicksAndRejections (node:internal/process/task_queues:95:5)
Server responded with 429 Too Many Requests.  Retrying after 500ms delay...
Server responded with 429 Too Many Requests.  Retrying after 1000ms delay...
Server responded with 429 Too Many Requests.  Retrying after 2000ms delay...
Server responded with 429 Too Many Requests.  Retrying after 4000ms delay...
2025-04-27T03:58:06.176Z FIND Error processing validator BTeEyner9LLywxWXaPeAzz62Bxmk4eG8mXMun3uYLYKi 429 Too Many Requests:  {"jsonrpc":"2.0","error":{"code": 429, "message":"Too many requests for a specific RPC call"}, "id": "b9c87b6a-b610-495b-991f-5e444093e0e8" } 
 Error: 429 Too Many Requests:  {"jsonrpc":"2.0","error":{"code": 429, "message":"Too many requests for a specific RPC call"}, "id": "b9c87b6a-b610-495b-991f-5e444093e0e8" } 

    at ClientBrowser.callServer (/home/runner/work/solana-deactivate-delinquent/solana-deactivate-delinquent/node_modules/.pnpm/@solana+web3.js@1.87.6/node_modules/@solana/web3.js/lib/index.cjs.js:6474:18)
    at process.processTicksAndRejections (node:internal/process/task_queues:95:5)
Server responded with 429 Too Many Requests.  Retrying after 500ms delay...
Server responded with 429 Too Many Requests.  Retrying after 1000ms delay...
Server responded with 429 Too Many Requests.  Retrying after 2000ms delay...
2025-04-27T03:58:12.418Z STAKES Found:  1  accounts for delinquent validator D8J7EZD22HAQhRQVXHfjMSU8BDPhWfokxCyPUXjpwxD
2025-04-27T03:58:12.418Z STAKES Stake account CekZpRbvfhXCAy4ZmgaVYjZ21WjT1tfQxcTK9vWsLmjb is activated:  1.003
2025-04-27T03:58:12.418Z STAKES Found:  1  accounts that can be de-activated delinquent validator D8J7EZD22HAQhRQVXHfjMSU8BDPhWfokxCyPUXjpwxD
2025-04-27T03:58:12.439Z DEACTIVATE Blockhash: E4w7UULiVFbGtGcjuzjrW5UjvKizW4381Q1ydpV2ocdD
2025-04-27T03:58:12.462Z DEACTIVATE Sent tx: 5ruEeApJLgWafWJxucZixY91xtbPu97oPyqC2XWXAmqNuxDqp7fAYTrw92nxYScpiDh6QmLmSH2re8GVvbJdxomY https://explorer.solana.com/tx/5ruEeApJLgWafWJxucZixY91xtbPu97oPyqC2XWXAmqNuxDqp7fAYTrw92nxYScpiDh6QmLmSH2re8GVvbJdxomY
2025-04-27T03:58:12.566Z DEACTIVATE Waiting for confirmations...
2025-04-27T03:58:25.210Z DEACTIVATE Confirmed.
2025-04-27T03:58:25.210Z FIND Deactivated stake accounts with total balance:
2025-04-27T03:58:27.643Z STAKES Found:  1  accounts for delinquent validator 81mfVVk2r1qLBQXQJqsESTSwnmgKFZjYDdvYUpgSCyYi
2025-04-27T03:58:27.643Z STAKES Stake account FNn9RGg7XtjhtTkJH22XmE2ijwBHruVhaMXphF3ECCBX is de-activating:  1.003
2025-04-27T03:58:27.644Z STAKES Found:  0  accounts that can be de-activated delinquent validator 81mfVVk2r1qLBQXQJqsESTSwnmgKFZjYDdvYUpgSCyYi
2025-04-27T03:58:27.644Z FIND No deactivations possible for this validator
2025-04-27T03:58:29.741Z STAKES Found:  1  accounts for delinquent validator 9fLwGW9hoXjfeKUpjNGTA2M3BxNivH9ds3ejNSQoDUM8
2025-04-27T03:58:29.741Z STAKES Stake account 8DCAPtFGe2aC84qa71q1oi1Q6dqJQzCVTqmb45AYLJuk is de-activating:  1.003
2025-04-27T03:58:29.741Z STAKES Found:  0  accounts that can be de-activated delinquent validator 9fLwGW9hoXjfeKUpjNGTA2M3BxNivH9ds3ejNSQoDUM8
2025-04-27T03:58:29.741Z FIND No deactivations possible for this validator
Server responded with 429 Too Many Requests.  Retrying after 500ms delay...
Server responded with 429 Too Many Requests.  Retrying after 1000ms delay...
Server responded with 429 Too Many Requests.  Retrying after 2000ms delay...
Server responded with 429 Too Many Requests.  Retrying after 4000ms delay...
2025-04-27T03:58:37.432Z FIND Error processing validator HSvtHN8qJgkmCxy8UmYN8jZQRzWAtQESmear1EAKaroH 429 Too Many Requests:  {"jsonrpc":"2.0","error":{"code": 429, "message":"Too many requests for a specific RPC call"}, "id": "724c429c-43d0-45d5-ac22-5f71aee85cec" } 
 Error: 429 Too Many Requests:  {"jsonrpc":"2.0","error":{"code": 429, "message":"Too many requests for a specific RPC call"}, "id": "724c429c-43d0-45d5-ac22-5f71aee85cec" } 

    at ClientBrowser.callServer (/home/runner/work/solana-deactivate-delinquent/solana-deactivate-delinquent/node_modules/.pnpm/@solana+web3.js@1.87.6/node_modules/@solana/web3.js/lib/index.cjs.js:6474:18)
    at process.processTicksAndRejections (node:internal/process/task_queues:95:5)
Server responded with 429 Too Many Requests.  Retrying after 500ms delay...
Server responded with 429 Too Many Requests.  Retrying after 1000ms delay...
Server responded with 429 Too Many Requests.  Retrying after 2000ms delay...
Server responded with 429 Too Many Requests.  Retrying after 4000ms delay...
2025-04-27T03:58:45.055Z FIND Error processing validator J3hhsGS7xfcYoogsAQpGBJAdAyv8Sm5peWVaN6P9v1DE 429 Too Many Requests:  {"jsonrpc":"2.0","error":{"code": 429, "message":"Too many requests for a specific RPC call"}, "id": "b0c54d2e-85ce-4115-86c8-0c70891ba806" } 
 Error: 429 Too Many Requests:  {"jsonrpc":"2.0","error":{"code": 429, "message":"Too many requests for a specific RPC call"}, "id": "b0c54d2e-85ce-4115-86c8-0c70891ba806" } 

    at ClientBrowser.callServer (/home/runner/work/solana-deactivate-delinquent/solana-deactivate-delinquent/node_modules/.pnpm/@solana+web3.js@1.87.6/node_modules/@solana/web3.js/lib/index.cjs.js:6474:18)
    at process.processTicksAndRejections (node:internal/process/task_queues:95:5)
Server responded with 429 Too Many Requests.  Retrying after 500ms delay...
Server responded with 429 Too Many Requests.  Retrying after 1000ms delay...
Server responded with 429 Too Many Requests.  Retrying after 2000ms delay...
Server responded with 429 Too Many Requests.  Retrying after 4000ms delay...
2025-04-27T03:58:52.687Z FIND Error processing validator EBmz677zQ13MRwkKQi2fdb51ViRNwyuPtZbZhmzeEH2m 429 Too Many Requests:  {"jsonrpc":"2.0","error":{"code": 429, "message":"Too many requests for a specific RPC call"}, "id": "8f61c1ec-3928-4240-bdd3-d4e6f414cbc9" } 
 Error: 429 Too Many Requests:  {"jsonrpc":"2.0","error":{"code": 429, "message":"Too many requests for a specific RPC call"}, "id": "8f61c1ec-3928-4240-bdd3-d4e6f414cbc9" } 

    at ClientBrowser.callServer (/home/runner/work/solana-deactivate-delinquent/solana-deactivate-delinquent/node_modules/.pnpm/@solana+web3.js@1.87.6/node_modules/@solana/web3.js/lib/index.cjs.js:6474:18)
    at process.processTicksAndRejections (node:internal/process/task_queues:95:5)
Server responded with 429 Too Many Requests.  Retrying after 500ms delay...
Server responded with 429 Too Many Requests.  Retrying after 1000ms delay...
Server responded with 429 Too Many Requests.  Retrying after 2000ms delay...
Server responded with 429 Too Many Requests.  Retrying after 4000ms delay...
2025-04-27T03:59:00.297Z FIND Error processing validator 568E22Vp87VCVWfCECSeMwJD4y5Yah45fyTJPHtsvA4o 429 Too Many Requests:  {"jsonrpc":"2.0","error":{"code": 429, "message":"Too many requests for a specific RPC call"}, "id": "1dbaaad9-aeed-4b0d-84cc-3c8854ce9025" } 
 Error: 429 Too Many Requests:  {"jsonrpc":"2.0","error":{"code": 429, "message":"Too many requests for a specific RPC call"}, "id": "1dbaaad9-aeed-4b0d-84cc-3c8854ce9025" } 

    at ClientBrowser.callServer (/home/runner/work/solana-deactivate-delinquent/solana-deactivate-delinquent/node_modules/.pnpm/@solana+web3.js@1.87.6/node_modules/@solana/web3.js/lib/index.cjs.js:6474:18)
    at process.processTicksAndRejections (node:internal/process/task_queues:95:5)
Server responded with 429 Too Many Requests.  Retrying after 500ms delay...
Server responded with 429 Too Many Requests.  Retrying after 1000ms delay...
Server responded with 429 Too Many Requests.  Retrying after 2000ms delay...
Server responded with 429 Too Many Requests.  Retrying after 4000ms delay...
2025-04-27T03:59:08.017Z FIND Error processing validator 8mG8MXRitQoct8UqfejfNw6ApRkYbvc9YiQY8YDsW9Fi 429 Too Many Requests:  {"jsonrpc":"2.0","error":{"code": 429, "message":"Too many requests for a specific RPC call"}, "id": "2ce88e88-d112-46cc-981a-af75aecff115" } 
 Error: 429 Too Many Requests:  {"jsonrpc":"2.0","error":{"code": 429, "message":"Too many requests for a specific RPC call"}, "id": "2ce88e88-d112-46cc-981a-af75aecff115" } 

    at ClientBrowser.callServer (/home/runner/work/solana-deactivate-delinquent/solana-deactivate-delinquent/node_modules/.pnpm/@solana+web3.js@1.87.6/node_modules/@solana/web3.js/lib/index.cjs.js:6474:18)
    at process.processTicksAndRejections (node:internal/process/task_queues:95:5)
Server responded with 429 Too Many Requests.  Retrying after 500ms delay...
Server responded with 429 Too Many Requests.  Retrying after 1000ms delay...
Server responded with 429 Too Many Requests.  Retrying after 2000ms delay...
2025-04-27T03:59:13.944Z STAKES Found:  1  accounts for delinquent validator 83ejsRbzFDXoYFjCMuJ7Q7SWUvYgMrrQfsjbR3WA9tpa
2025-04-27T03:59:13.944Z STAKES Stake account D175LrY5KsaZuVR9pqoWqaJmRk5dPReEaEUzCgP5hEb7 is activated:  1.003
2025-04-27T03:59:13.944Z STAKES Found:  1  accounts that can be de-activated delinquent validator 83ejsRbzFDXoYFjCMuJ7Q7SWUvYgMrrQfsjbR3WA9tpa
2025-04-27T03:59:13.964Z DEACTIVATE Blockhash: GU47hR7M5CkTntEbgWEBRzdVU8qBfwYvHM8YaWhMyExY
2025-04-27T03:59:13.987Z DEACTIVATE Sent tx: 5BbR7BZrR1qD8ZMAxFQQpNsytPzBAhkyu4yoLHLoXEQNVGFFYMzkqtkf4txnyrrqveyqJ25KUdt3ie24TmysUqNt https://explorer.solana.com/tx/5BbR7BZrR1qD8ZMAxFQQpNsytPzBAhkyu4yoLHLoXEQNVGFFYMzkqtkf4txnyrrqveyqJ25KUdt3ie24TmysUqNt
2025-04-27T03:59:14.087Z DEACTIVATE Waiting for confirmations...
2025-04-27T04:00:13.991Z FIND Error processing validator 83ejsRbzFDXoYFjCMuJ7Q7SWUvYgMrrQfsjbR3WA9tpa Transaction was not confirmed in 60.00 seconds. It is unknown if it succeeded or failed. Check signature 5BbR7BZrR1qD8ZMAxFQQpNsytPzBAhkyu4yoLHLoXEQNVGFFYMzkqtkf4txnyrrqveyqJ25KUdt3ie24TmysUqNt using the Solana Explorer or CLI tools. TransactionExpiredTimeoutError: Transaction was not confirmed in 60.00 seconds. It is unknown if it succeeded or failed. Check signature 5BbR7BZrR1qD8ZMAxFQQpNsytPzBAhkyu4yoLHLoXEQNVGFFYMzkqtkf4txnyrrqveyqJ25KUdt3ie24TmysUqNt using the Solana Explorer or CLI tools.
    at Connection.confirmTransactionUsingLegacyTimeoutStrategy (/home/runner/work/solana-deactivate-delinquent/solana-deactivate-delinquent/node_modules/.pnpm/@solana+web3.js@1.87.6/node_modules/@solana/web3.js/lib/index.cjs.js:8263:15)
    at async Connection.confirmTransaction (/home/runner/work/solana-deactivate-delinquent/solana-deactivate-delinquent/node_modules/.pnpm/@solana+web3.js@1.87.6/node_modules/@solana/web3.js/lib/index.cjs.js:7916:14)
    at async Promise.all (index 0)
    at async deactivateDelinquentAccounts (/home/runner/work/solana-deactivate-delinquent/solana-deactivate-delinquent/index.js:161:5)
    at async unstakeDelinquents (/home/runner/work/solana-deactivate-delinquent/solana-deactivate-delinquent/index.js:190:21) {
  signature: '5BbR7BZrR1qD8ZMAxFQQpNsytPzBAhkyu4yoLHLoXEQNVGFFYMzkqtkf4txnyrrqveyqJ25KUdt3ie24TmysUqNt'
}
2025-04-27T04:00:16.044Z STAKES Found:  1  accounts for delinquent validator 7zRyjgPbeh9HFhpyrYCG6CyLz9gssxgoJamj7CSG1cZe
2025-04-27T04:00:16.044Z STAKES Stake account 5DqYemHZwegWXSBZxs7kUu1oUxzKUYa64DcEA6QdSZpv is de-activating:  1.003
2025-04-27T04:00:16.044Z STAKES Found:  0  accounts that can be de-activated delinquent validator 7zRyjgPbeh9HFhpyrYCG6CyLz9gssxgoJamj7CSG1cZe
2025-04-27T04:00:16.044Z FIND No deactivations possible for this validator
2025-04-27T04:00:18.328Z STAKES Found:  1  accounts for delinquent validator 4bor1arUqveTpx64Q18XUwsLZtsEi8tFp5HZ5e4AMykx
2025-04-27T04:00:18.328Z STAKES Stake account FYEVkpNJFapXaRxK6yNzMD1UCaTxUhR37aWqimoSPodc is de-activating:  1.003
2025-04-27T04:00:18.328Z STAKES Found:  0  accounts that can be de-activated delinquent validator 4bor1arUqveTpx64Q18XUwsLZtsEi8tFp5HZ5e4AMykx
2025-04-27T04:00:18.328Z FIND No deactivations possible for this validator
Server responded with 429 Too Many Requests.  Retrying after 500ms delay...
Server responded with 429 Too Many Requests.  Retrying after 1000ms delay...
Server responded with 429 Too Many Requests.  Retrying after 2000ms delay...
Server responded with 429 Too Many Requests.  Retrying after 4000ms delay...
2025-04-27T04:00:25.924Z FIND Error processing validator 13juuPtYfhDWfnYffQAcYhvTCrqgqrrQugaLnNrcPMyQ 429 Too Many Requests:  {"jsonrpc":"2.0","error":{"code": 429, "message":"Too many requests for a specific RPC call"}, "id": "79a1e403-6418-4d8f-a950-67912558b984" } 
 Error: 429 Too Many Requests:  {"jsonrpc":"2.0","error":{"code": 429, "message":"Too many requests for a specific RPC call"}, "id": "79a1e403-6418-4d8f-a950-67912558b984" } 

    at ClientBrowser.callServer (/home/runner/work/solana-deactivate-delinquent/solana-deactivate-delinquent/node_modules/.pnpm/@solana+web3.js@1.87.6/node_modules/@solana/web3.js/lib/index.cjs.js:6474:18)
    at process.processTicksAndRejections (node:internal/process/task_queues:95:5)
Server responded with 429 Too Many Requests.  Retrying after 500ms delay...
Server responded with 429 Too Many Requests.  Retrying after 1000ms delay...
Server responded with 429 Too Many Requests.  Retrying after 2000ms delay...
Server responded with 429 Too Many Requests.  Retrying after 4000ms delay...
2025-04-27T04:00:33.572Z FIND Error processing validator LocksHyMXUeTmF2hrvr7ewQBLFgUzGA3CzXBs7DDaNj 429 Too Many Requests:  {"jsonrpc":"2.0","error":{"code": 429, "message":"Too many requests for a specific RPC call"}, "id": "63776364-cf9e-45b2-bed7-997e85592959" } 
 Error: 429 Too Many Requests:  {"jsonrpc":"2.0","error":{"code": 429, "message":"Too many requests for a specific RPC call"}, "id": "63776364-cf9e-45b2-bed7-997e85592959" } 

    at ClientBrowser.callServer (/home/runner/work/solana-deactivate-delinquent/solana-deactivate-delinquent/node_modules/.pnpm/@solana+web3.js@1.87.6/node_modules/@solana/web3.js/lib/index.cjs.js:6474:18)
    at process.processTicksAndRejections (node:internal/process/task_queues:95:5)
Server responded with 429 Too Many Requests.  Retrying after 500ms delay...
Server responded with 429 Too Many Requests.  Retrying after 1000ms delay...
Server responded with 429 Too Many Requests.  Retrying after 2000ms delay...
Server responded with 429 Too Many Requests.  Retrying after 4000ms delay...
2025-04-27T04:00:41.191Z FIND Error processing validator J2wfGqcB4xeJgDdjSYuRoksGNquh4yhZfsXc3CBr7iJV 429 Too Many Requests:  {"jsonrpc":"2.0","error":{"code": 429, "message":"Too many requests for a specific RPC call"}, "id": "98534176-5003-444a-ba24-d265073b5fac" } 
 Error: 429 Too Many Requests:  {"jsonrpc":"2.0","error":{"code": 429, "message":"Too many requests for a specific RPC call"}, "id": "98534176-5003-444a-ba24-d265073b5fac" } 

    at ClientBrowser.callServer (/home/runner/work/solana-deactivate-delinquent/solana-deactivate-delinquent/node_modules/.pnpm/@solana+web3.js@1.87.6/node_modules/@solana/web3.js/lib/index.cjs.js:6474:18)
    at process.processTicksAndRejections (node:internal/process/task_queues:95:5)
Server responded with 429 Too Many Requests.  Retrying after 500ms delay...
Server responded with 429 Too Many Requests.  Retrying after 1000ms delay...
Server responded with 429 Too Many Requests.  Retrying after 2000ms delay...
2025-04-27T04:00:46.891Z STAKES Found:  4  accounts for delinquent validator 7CW3zdKsfzCVDZBXsKcimqkGS7nuHEsz4KB1oysfec2K
2025-04-27T04:00:46.892Z STAKES Stake account 2i6ioZq315awh79xMxGHP2aZrvZZuwU9an8TABJKJXM2 is de-activating:  0.003354826
2025-04-27T04:00:46.892Z STAKES Stake account C4GaH12RQwpi8yhpWMiednBGDSrC8xZTgUhkmaWV5fbS is de-activating:  0.003355741
2025-04-27T04:00:46.892Z STAKES Stake account H2YqsQ21CiP7WXG2obuYnwCfcu13oLH2qzzzybAJxqcQ is de-activating:  0.0032935
2025-04-27T04:00:46.892Z STAKES Stake account 6bC8QoSTBcM6eq88zcG3i1QG5FzEb1xLdpAiP92F3v3r is de-activating:  0.003340182
2025-04-27T04:00:46.892Z STAKES Found:  0  accounts that can be de-activated delinquent validator 7CW3zdKsfzCVDZBXsKcimqkGS7nuHEsz4KB1oysfec2K
2025-04-27T04:00:46.892Z FIND No deactivations possible for this validator
2025-04-27T04:00:46.892Z FIND Total de-activated: 1.003
