2025-04-05T11:54:56.096Z FIND Found epoch range to explore:  763 767
2025-04-05T11:54:56.098Z FIND Found delinquent validators [
  'Hgv6JZhwTDyNywaANyzQqfX9ScMSdFzqKtGubFbf77AJ',
  '4GWXbzZFntDor4S25siX1tSWFv7Q6hHsHcKGzHQJK7QB',
  'Bzn4NxNmh6vTrZyMRoL2qjZFNYbckRwNyHQwxzoJoggX',
  'C2HZnYeF5BBbtAA96iZYcFPv3vqRUur7ZXXYAAZ1GMfw',
  '7fARjzLYPH77jVBPyUfptJGbi4aXfN4FAfs8W89BWZDC',
  '3w5guZWHiP1A1gSnhksgtTXejAYUnTQqWvXWd9BfSdUL',
  'FqhGYvSrTwEnJv4VHJZx1oEtd5fewYcdi2CPsbKnSYhy',
  '3aHzcWLrkY2QrcDSR3bMbFWURRJWFojxh3o8wbEghXZ9',
  'CsnnNsr7aZrRdGCTYv7Mpvgx7TJe1GJxVfS4pmpEKdAf',
  '83ejsRbzFDXoYFjCMuJ7Q7SWUvYgMrrQfsjbR3WA9tpa',
  '8xHv2sNPA5EtsRWJQypTS34ribSqD8ffsc771i9yoRcE',
  '742Li328fz2ztbrchLG5bSht6Rp43yZZEDEbyD7U3zWW',
  'HSvtHN8qJgkmCxy8UmYN8jZQRzWAtQESmear1EAKaroH',
  'BChmozpXUepF9LqcyFr1BqDiRZnfsRa9rogUhk5MLRcJ',
  'D8J7EZD22HAQhRQVXHfjMSU8BDPhWfokxCyPUXjpwxD',
  'PRqb4oSHEAjtEays2mgaWp75CTobPceobCcyd7bP1YM',
  '4bor1arUqveTpx64Q18XUwsLZtsEi8tFp5HZ5e4AMykx',
  'EBmz677zQ13MRwkKQi2fdb51ViRNwyuPtZbZhmzeEH2m',
  '8mG8MXRitQoct8UqfejfNw6ApRkYbvc9YiQY8YDsW9Fi',
  '9fLwGW9hoXjfeKUpjNGTA2M3BxNivH9ds3ejNSQoDUM8',
  'HqeoSipJHfpzPwnr4UE7wuiWRcBC9QHEqjjLZjHoi4fU',
  'E9w6i6M7mSJkm1BRozSZpSpRb5sE3NEkrHA9R2zZjuwa',
  '568E22Vp87VCVWfCECSeMwJD4y5Yah45fyTJPHtsvA4o',
  '81mfVVk2r1qLBQXQJqsESTSwnmgKFZjYDdvYUpgSCyYi',
  'J3hhsGS7xfcYoogsAQpGBJAdAyv8Sm5peWVaN6P9v1DE',
  'BTeEyner9LLywxWXaPeAzz62Bxmk4eG8mXMun3uYLYKi',
  '7zRyjgPbeh9HFhpyrYCG6CyLz9gssxgoJamj7CSG1cZe',
  'GAoCBDE9ABRYmhWUREDp4po4L8JgCPeQsPS77p1mx3WR',
  '52J4Nhv5u3bKiKBw5nvAJjUigoWHfP7PBQCfC4craVEY',
  'EuUxT2aEqiAVkCjdfjehTYzPA9vGSrS4AEcroUf3Cxq6'
]
2025-04-05T11:54:56.100Z FIND Found reference validator he1iusunGwqrNtafDtLdhsUQDFvo13z9sUa36PauBtk
2025-04-05T11:54:58.958Z STAKES Found:  3  accounts for delinquent validator Hgv6JZhwTDyNywaANyzQqfX9ScMSdFzqKtGubFbf77AJ
2025-04-05T11:54:58.958Z STAKES Stake account A9o9zmWXfbEaquMbNMai6Meh7xLGAat51hPymMfLppnj is de-activating:  10000.00228288
2025-04-05T11:54:58.958Z STAKES Stake account 6hWavxW2sXa4dAe2bYCbERLKPZ7JPKpqpNX9mqNNY983 is de-activating:  0.00328288
2025-04-05T11:54:58.958Z STAKES Stake account 7DrBLuxuQKsT622EAf6h6HM45ULJ8QEc1jiDydT3rEoQ is de-activating:  2
2025-04-05T11:54:58.958Z STAKES Found:  0  accounts that can be de-activated delinquent validator Hgv6JZhwTDyNywaANyzQqfX9ScMSdFzqKtGubFbf77AJ
2025-04-05T11:54:58.958Z FIND No deactivations possible for this validator
2025-04-05T11:55:02.702Z STAKES Found:  4  accounts for delinquent validator 4GWXbzZFntDor4S25siX1tSWFv7Q6hHsHcKGzHQJK7QB
2025-04-05T11:55:02.702Z STAKES Stake account zu4X949dzNxTNLkxtkibieuTJ5t3hcLx7M9rMksxQvV is de-activated:  0.00328288
2025-04-05T11:55:02.702Z STAKES Stake account FoaCqgaWwEPBjPRDgKknmEN5ypqmjqhusqyPaG2Hw7Bp is de-activated:  0.01
2025-04-05T11:55:02.702Z STAKES Stake account DGJdk7BALxtYxJAXNPx9qrHR7gaUxK6X2ziKQJT7RkgG is de-activating:  4960
2025-04-05T11:55:02.703Z STAKES Stake account 3skcTxLxUrd6LpAq3bhNBEFLaeCHEXGBQJWVBqPksfiR is de-activated:  0.00328288
2025-04-05T11:55:02.703Z STAKES Found:  0  accounts that can be de-activated delinquent validator 4GWXbzZFntDor4S25siX1tSWFv7Q6hHsHcKGzHQJK7QB
2025-04-05T11:55:02.703Z FIND No deactivations possible for this validator
Server responded with 429 Too Many Requests.  Retrying after 500ms delay...
Server responded with 429 Too Many Requests.  Retrying after 1000ms delay...
Server responded with 429 Too Many Requests.  Retrying after 2000ms delay...
Server responded with 429 Too Many Requests.  Retrying after 4000ms delay...
2025-04-05T11:55:10.457Z FIND Error processing validator Bzn4NxNmh6vTrZyMRoL2qjZFNYbckRwNyHQwxzoJoggX 429 Too Many Requests:  {"jsonrpc":"2.0","error":{"code": 429, "message":"Too many requests for a specific RPC call"}, "id": "f4c85755-d3b6-432e-ada0-87c200baf1cc" } 
 Error: 429 Too Many Requests:  {"jsonrpc":"2.0","error":{"code": 429, "message":"Too many requests for a specific RPC call"}, "id": "f4c85755-d3b6-432e-ada0-87c200baf1cc" } 

    at ClientBrowser.callServer (/home/runner/work/solana-deactivate-delinquent/solana-deactivate-delinquent/node_modules/.pnpm/@solana+web3.js@1.87.6/node_modules/@solana/web3.js/lib/index.cjs.js:6474:18)
    at process.processTicksAndRejections (node:internal/process/task_queues:95:5)
Server responded with 429 Too Many Requests.  Retrying after 500ms delay...
Server responded with 429 Too Many Requests.  Retrying after 1000ms delay...
Server responded with 429 Too Many Requests.  Retrying after 2000ms delay...
Server responded with 429 Too Many Requests.  Retrying after 4000ms delay...
2025-04-05T11:55:18.319Z FIND Error processing validator C2HZnYeF5BBbtAA96iZYcFPv3vqRUur7ZXXYAAZ1GMfw 429 Too Many Requests:  {"jsonrpc":"2.0","error":{"code": 429, "message":"Too many requests for a specific RPC call"}, "id": "39318e63-380a-4bef-a37f-1d2aae6f018e" } 
 Error: 429 Too Many Requests:  {"jsonrpc":"2.0","error":{"code": 429, "message":"Too many requests for a specific RPC call"}, "id": "39318e63-380a-4bef-a37f-1d2aae6f018e" } 

    at ClientBrowser.callServer (/home/runner/work/solana-deactivate-delinquent/solana-deactivate-delinquent/node_modules/.pnpm/@solana+web3.js@1.87.6/node_modules/@solana/web3.js/lib/index.cjs.js:6474:18)
    at process.processTicksAndRejections (node:internal/process/task_queues:95:5)
Server responded with 429 Too Many Requests.  Retrying after 500ms delay...
Server responded with 429 Too Many Requests.  Retrying after 1000ms delay...
Server responded with 429 Too Many Requests.  Retrying after 2000ms delay...
Server responded with 429 Too Many Requests.  Retrying after 4000ms delay...
2025-04-05T11:55:25.987Z FIND Error processing validator 7fARjzLYPH77jVBPyUfptJGbi4aXfN4FAfs8W89BWZDC 429 Too Many Requests:  {"jsonrpc":"2.0","error":{"code": 429, "message":"Too many requests for a specific RPC call"}, "id": "6887c8e3-58a0-4627-8eab-59f0e121f0ee" } 
 Error: 429 Too Many Requests:  {"jsonrpc":"2.0","error":{"code": 429, "message":"Too many requests for a specific RPC call"}, "id": "6887c8e3-58a0-4627-8eab-59f0e121f0ee" } 

    at ClientBrowser.callServer (/home/runner/work/solana-deactivate-delinquent/solana-deactivate-delinquent/node_modules/.pnpm/@solana+web3.js@1.87.6/node_modules/@solana/web3.js/lib/index.cjs.js:6474:18)
    at process.processTicksAndRejections (node:internal/process/task_queues:95:5)
Server responded with 429 Too Many Requests.  Retrying after 500ms delay...
2025-04-05T11:55:29.348Z STAKES Found:  7  accounts for delinquent validator 3w5guZWHiP1A1gSnhksgtTXejAYUnTQqWvXWd9BfSdUL
2025-04-05T11:55:29.349Z STAKES Stake account 7jZRjvSqSG8xGEZ3Lk8D2vaJ1qdAR4wM31u65nAZ9wg2 is de-activating:  0.003407479
2025-04-05T11:55:29.349Z STAKES Stake account 75wXRfC5hNH1AsYdJfKWicwRJMv2oL5jWMVaNuMhCyn1 is de-activating:  0.00343152
2025-04-05T11:55:29.349Z STAKES Stake account GCjKCPwEKWsw8se6pJ4tHsydtzNoN5kLMLnxcTusdiJg is de-activating:  0.003289342
2025-04-05T11:55:29.349Z STAKES Stake account HtmRUwAq8bUYRSmkiTWnsmd5iCTkaKirrtTPrb71cd89 is de-activating:  2.472181766
2025-04-05T11:55:29.349Z STAKES Stake account AM7zLdRto13hC3UAWmppW7Hc8Xk8oDkSBQQvyGrpPL8i is de-activating:  0.003336232
2025-04-05T11:55:29.349Z STAKES Stake account FPAkSFGmuMPiJwjcBmDUizYPWqapzCYSwNFRxDxvMDkh is de-activating:  0.003438166
2025-04-05T11:55:29.349Z STAKES Stake account FvgaiZ9XwXoKM8bUAFbRJoqJ6awkLafPJDoAPU2bG2zm is de-activating:  0.003387065
2025-04-05T11:55:29.349Z STAKES Found:  0  accounts that can be de-activated delinquent validator 3w5guZWHiP1A1gSnhksgtTXejAYUnTQqWvXWd9BfSdUL
2025-04-05T11:55:29.349Z FIND No deactivations possible for this validator
2025-04-05T11:55:32.283Z STAKES Found:  8  accounts for delinquent validator FqhGYvSrTwEnJv4VHJZx1oEtd5fewYcdi2CPsbKnSYhy
2025-04-05T11:55:32.283Z STAKES Stake account 4PtcjahozQdGDDAYEb2BnYNdkf4eje3ZJKGkKJD7rxqp is de-activating:  0.003330292
2025-04-05T11:55:32.283Z STAKES Stake account FDenz3tHDzdL3Czg7gFGMgqSge5RMnsVSbrki5PAp2rF is de-activating:  0.003425843
2025-04-05T11:55:32.284Z STAKES Stake account V4mcFMi4uXKc5rauZXMk5MMvtQ7HaBmwWSpa3VxMny6 is de-activating:  0.003386571
2025-04-05T11:55:32.284Z STAKES Stake account 7Wnacdv9TFvubuif3rkrzYG6JULtTdBVUCSCRBPoAzah is de-activating:  0.003288924
2025-04-05T11:55:32.284Z STAKES Stake account 36znKrjXZ9SvAG2uERbEjJcBJhsWjSS9C5GHQjbV1gnS is de-activating:  0.003437369
2025-04-05T11:55:32.284Z STAKES Stake account B4Mpw1tsdpt2yWw1aNjJtGEmBMQhjEnBzWYdNru15Nf5 is de-activating:  2.512353579
2025-04-05T11:55:32.284Z STAKES Stake account GCaEf4tmFbzpxQZdMCA6vjaxUS44v2TqQSKN8oDe53BH is de-activating:  0.002399766
2025-04-05T11:55:32.284Z STAKES Stake account BkEhNyimXjScPnZa3yhLB1Qma36oBZ9DQrBQasNkJzH5 is de-activating:  0.003335858
2025-04-05T11:55:32.284Z STAKES Found:  0  accounts that can be de-activated delinquent validator FqhGYvSrTwEnJv4VHJZx1oEtd5fewYcdi2CPsbKnSYhy
2025-04-05T11:55:32.284Z FIND No deactivations possible for this validator
Server responded with 429 Too Many Requests.  Retrying after 500ms delay...
Server responded with 429 Too Many Requests.  Retrying after 1000ms delay...
Server responded with 429 Too Many Requests.  Retrying after 2000ms delay...
Server responded with 429 Too Many Requests.  Retrying after 4000ms delay...
2025-04-05T11:55:40.021Z FIND Error processing validator 3aHzcWLrkY2QrcDSR3bMbFWURRJWFojxh3o8wbEghXZ9 429 Too Many Requests:  {"jsonrpc":"2.0","error":{"code": 429, "message":"Too many requests for a specific RPC call"}, "id": "dd45d0ea-6d88-4896-9d4e-f4e7e356710b" } 
 Error: 429 Too Many Requests:  {"jsonrpc":"2.0","error":{"code": 429, "message":"Too many requests for a specific RPC call"}, "id": "dd45d0ea-6d88-4896-9d4e-f4e7e356710b" } 

    at ClientBrowser.callServer (/home/runner/work/solana-deactivate-delinquent/solana-deactivate-delinquent/node_modules/.pnpm/@solana+web3.js@1.87.6/node_modules/@solana/web3.js/lib/index.cjs.js:6474:18)
    at process.processTicksAndRejections (node:internal/process/task_queues:95:5)
Server responded with 429 Too Many Requests.  Retrying after 500ms delay...
Server responded with 429 Too Many Requests.  Retrying after 1000ms delay...
Server responded with 429 Too Many Requests.  Retrying after 2000ms delay...
Server responded with 429 Too Many Requests.  Retrying after 4000ms delay...
2025-04-05T11:55:47.760Z FIND Error processing validator CsnnNsr7aZrRdGCTYv7Mpvgx7TJe1GJxVfS4pmpEKdAf 429 Too Many Requests:  {"jsonrpc":"2.0","error":{"code": 429, "message":"Too many requests for a specific RPC call"}, "id": "4fa569c4-3f76-4e7f-a42a-52e0ca66c305" } 
 Error: 429 Too Many Requests:  {"jsonrpc":"2.0","error":{"code": 429, "message":"Too many requests for a specific RPC call"}, "id": "4fa569c4-3f76-4e7f-a42a-52e0ca66c305" } 

    at ClientBrowser.callServer (/home/runner/work/solana-deactivate-delinquent/solana-deactivate-delinquent/node_modules/.pnpm/@solana+web3.js@1.87.6/node_modules/@solana/web3.js/lib/index.cjs.js:6474:18)
    at process.processTicksAndRejections (node:internal/process/task_queues:95:5)
Server responded with 429 Too Many Requests.  Retrying after 500ms delay...
Server responded with 429 Too Many Requests.  Retrying after 1000ms delay...
Server responded with 429 Too Many Requests.  Retrying after 2000ms delay...
Server responded with 429 Too Many Requests.  Retrying after 4000ms delay...
2025-04-05T11:55:55.508Z FIND Error processing validator 83ejsRbzFDXoYFjCMuJ7Q7SWUvYgMrrQfsjbR3WA9tpa 429 Too Many Requests:  {"jsonrpc":"2.0","error":{"code": 429, "message":"Too many requests for a specific RPC call"}, "id": "92149d8a-38a1-4e5c-bc15-093f57183af6" } 
 Error: 429 Too Many Requests:  {"jsonrpc":"2.0","error":{"code": 429, "message":"Too many requests for a specific RPC call"}, "id": "92149d8a-38a1-4e5c-bc15-093f57183af6" } 

    at ClientBrowser.callServer (/home/runner/work/solana-deactivate-delinquent/solana-deactivate-delinquent/node_modules/.pnpm/@solana+web3.js@1.87.6/node_modules/@solana/web3.js/lib/index.cjs.js:6474:18)
    at process.processTicksAndRejections (node:internal/process/task_queues:95:5)
Server responded with 429 Too Many Requests.  Retrying after 500ms delay...
Server responded with 429 Too Many Requests.  Retrying after 1000ms delay...
2025-04-05T11:56:00.052Z STAKES Found:  1  accounts for delinquent validator 8xHv2sNPA5EtsRWJQypTS34ribSqD8ffsc771i9yoRcE
2025-04-05T11:56:00.052Z STAKES Stake account 2CcLxNgenCPQ6HaXtXSEnKpVZHibKhF5SHAQvoCaxW5s is de-activating:  1.003
2025-04-05T11:56:00.052Z STAKES Found:  0  accounts that can be de-activated delinquent validator 8xHv2sNPA5EtsRWJQypTS34ribSqD8ffsc771i9yoRcE
2025-04-05T11:56:00.052Z FIND No deactivations possible for this validator
2025-04-05T11:56:03.678Z STAKES Found:  1  accounts for delinquent validator 742Li328fz2ztbrchLG5bSht6Rp43yZZEDEbyD7U3zWW
2025-04-05T11:56:03.678Z STAKES Stake account 4riwsKiFEmpMaUWzh4irqeUJs3k6oqH5d8t6eCxBfNm5 is de-activating:  1.003
2025-04-05T11:56:03.679Z STAKES Found:  0  accounts that can be de-activated delinquent validator 742Li328fz2ztbrchLG5bSht6Rp43yZZEDEbyD7U3zWW
2025-04-05T11:56:03.679Z FIND No deactivations possible for this validator
Server responded with 429 Too Many Requests.  Retrying after 500ms delay...
Server responded with 429 Too Many Requests.  Retrying after 1000ms delay...
Server responded with 429 Too Many Requests.  Retrying after 2000ms delay...
Server responded with 429 Too Many Requests.  Retrying after 4000ms delay...
2025-04-05T11:56:11.442Z FIND Error processing validator HSvtHN8qJgkmCxy8UmYN8jZQRzWAtQESmear1EAKaroH 429 Too Many Requests:  {"jsonrpc":"2.0","error":{"code": 429, "message":"Too many requests for a specific RPC call"}, "id": "ef0bc5d6-2a5d-4c32-9919-a9c9b9ba86a0" } 
 Error: 429 Too Many Requests:  {"jsonrpc":"2.0","error":{"code": 429, "message":"Too many requests for a specific RPC call"}, "id": "ef0bc5d6-2a5d-4c32-9919-a9c9b9ba86a0" } 

    at ClientBrowser.callServer (/home/runner/work/solana-deactivate-delinquent/solana-deactivate-delinquent/node_modules/.pnpm/@solana+web3.js@1.87.6/node_modules/@solana/web3.js/lib/index.cjs.js:6474:18)
    at process.processTicksAndRejections (node:internal/process/task_queues:95:5)
Server responded with 429 Too Many Requests.  Retrying after 500ms delay...
Server responded with 429 Too Many Requests.  Retrying after 1000ms delay...
Server responded with 429 Too Many Requests.  Retrying after 2000ms delay...
Server responded with 429 Too Many Requests.  Retrying after 4000ms delay...
2025-04-05T11:56:19.070Z FIND Error processing validator BChmozpXUepF9LqcyFr1BqDiRZnfsRa9rogUhk5MLRcJ 429 Too Many Requests:  {"jsonrpc":"2.0","error":{"code": 429, "message":"Too many requests for a specific RPC call"}, "id": "d0ac5bff-2907-4c84-85bd-519c7f847de6" } 
 Error: 429 Too Many Requests:  {"jsonrpc":"2.0","error":{"code": 429, "message":"Too many requests for a specific RPC call"}, "id": "d0ac5bff-2907-4c84-85bd-519c7f847de6" } 

    at ClientBrowser.callServer (/home/runner/work/solana-deactivate-delinquent/solana-deactivate-delinquent/node_modules/.pnpm/@solana+web3.js@1.87.6/node_modules/@solana/web3.js/lib/index.cjs.js:6474:18)
    at process.processTicksAndRejections (node:internal/process/task_queues:95:5)
Server responded with 429 Too Many Requests.  Retrying after 500ms delay...
Server responded with 429 Too Many Requests.  Retrying after 1000ms delay...
Server responded with 429 Too Many Requests.  Retrying after 2000ms delay...
Server responded with 429 Too Many Requests.  Retrying after 4000ms delay...
2025-04-05T11:56:26.864Z FIND Error processing validator D8J7EZD22HAQhRQVXHfjMSU8BDPhWfokxCyPUXjpwxD 429 Too Many Requests:  {"jsonrpc":"2.0","error":{"code": 429, "message":"Too many requests for a specific RPC call"}, "id": "6f8cc6fd-80ae-456a-a90e-f71b1f4aa71d" } 
 Error: 429 Too Many Requests:  {"jsonrpc":"2.0","error":{"code": 429, "message":"Too many requests for a specific RPC call"}, "id": "6f8cc6fd-80ae-456a-a90e-f71b1f4aa71d" } 

    at ClientBrowser.callServer (/home/runner/work/solana-deactivate-delinquent/solana-deactivate-delinquent/node_modules/.pnpm/@solana+web3.js@1.87.6/node_modules/@solana/web3.js/lib/index.cjs.js:6474:18)
    at process.processTicksAndRejections (node:internal/process/task_queues:95:5)
Server responded with 429 Too Many Requests.  Retrying after 500ms delay...
2025-04-05T11:56:30.007Z STAKES Found:  1  accounts for delinquent validator PRqb4oSHEAjtEays2mgaWp75CTobPceobCcyd7bP1YM
2025-04-05T11:56:30.007Z STAKES Stake account BEKbkffxcPS2MxLR9jCLd2qNgn6LDxmeUxVknDZ92Zmd is de-activating:  1.003
2025-04-05T11:56:30.007Z STAKES Found:  0  accounts that can be de-activated delinquent validator PRqb4oSHEAjtEays2mgaWp75CTobPceobCcyd7bP1YM
2025-04-05T11:56:30.007Z FIND No deactivations possible for this validator
2025-04-05T11:56:33.510Z STAKES Found:  1  accounts for delinquent validator 4bor1arUqveTpx64Q18XUwsLZtsEi8tFp5HZ5e4AMykx
2025-04-05T11:56:33.510Z STAKES Stake account FYEVkpNJFapXaRxK6yNzMD1UCaTxUhR37aWqimoSPodc is activated:  1.003
2025-04-05T11:56:33.510Z STAKES Found:  1  accounts that can be de-activated delinquent validator 4bor1arUqveTpx64Q18XUwsLZtsEi8tFp5HZ5e4AMykx
2025-04-05T11:56:33.532Z DEACTIVATE Blockhash: GarJgmqX5JwzLEdM6e7jthfHr3tvn4G3wzSvxkmoydEu
2025-04-05T11:56:33.549Z DEACTIVATE Sent tx: 67pCYyyFHbx8QPKAuazwP45ZkkJyNE98sJJKxiVBKAMEEPKBk1Nb1ocYTh8GWDNiPWgtmUpYW6qFpE35BAmZb4CB https://explorer.solana.com/tx/67pCYyyFHbx8QPKAuazwP45ZkkJyNE98sJJKxiVBKAMEEPKBk1Nb1ocYTh8GWDNiPWgtmUpYW6qFpE35BAmZb4CB
2025-04-05T11:56:33.653Z DEACTIVATE Waiting for confirmations...
2025-04-05T11:56:48.939Z DEACTIVATE Confirmed.
2025-04-05T11:56:48.939Z FIND Deactivated stake accounts with total balance:
2025-04-05T11:56:51.917Z STAKES Found:  1  accounts for delinquent validator EBmz677zQ13MRwkKQi2fdb51ViRNwyuPtZbZhmzeEH2m
2025-04-05T11:56:51.917Z STAKES Stake account CGsY6VTj4JfK7bV73gzdr8h86fAfqkEyVBFN5b4zmdS is de-activating:  1.003
2025-04-05T11:56:51.917Z STAKES Found:  0  accounts that can be de-activated delinquent validator EBmz677zQ13MRwkKQi2fdb51ViRNwyuPtZbZhmzeEH2m
2025-04-05T11:56:51.917Z FIND No deactivations possible for this validator
2025-04-05T11:56:55.051Z STAKES Found:  1  accounts for delinquent validator 8mG8MXRitQoct8UqfejfNw6ApRkYbvc9YiQY8YDsW9Fi
2025-04-05T11:56:55.051Z STAKES Stake account 9TWzC2whYUzrjZVhYDf2VNHn38NLAaF2w9yh69dKvxDE is de-activating:  1.003
2025-04-05T11:56:55.051Z STAKES Found:  0  accounts that can be de-activated delinquent validator 8mG8MXRitQoct8UqfejfNw6ApRkYbvc9YiQY8YDsW9Fi
2025-04-05T11:56:55.051Z FIND No deactivations possible for this validator
Server responded with 429 Too Many Requests.  Retrying after 500ms delay...
Server responded with 429 Too Many Requests.  Retrying after 1000ms delay...
Server responded with 429 Too Many Requests.  Retrying after 2000ms delay...
Server responded with 429 Too Many Requests.  Retrying after 4000ms delay...
2025-04-05T11:57:02.758Z FIND Error processing validator 9fLwGW9hoXjfeKUpjNGTA2M3BxNivH9ds3ejNSQoDUM8 429 Too Many Requests:  {"jsonrpc":"2.0","error":{"code": 429, "message":"Too many requests for a specific RPC call"}, "id": "99632cd0-7839-4e49-ac91-86cc2cce620a" } 
 Error: 429 Too Many Requests:  {"jsonrpc":"2.0","error":{"code": 429, "message":"Too many requests for a specific RPC call"}, "id": "99632cd0-7839-4e49-ac91-86cc2cce620a" } 

    at ClientBrowser.callServer (/home/runner/work/solana-deactivate-delinquent/solana-deactivate-delinquent/node_modules/.pnpm/@solana+web3.js@1.87.6/node_modules/@solana/web3.js/lib/index.cjs.js:6474:18)
    at process.processTicksAndRejections (node:internal/process/task_queues:95:5)
Server responded with 429 Too Many Requests.  Retrying after 500ms delay...
Server responded with 429 Too Many Requests.  Retrying after 1000ms delay...
Server responded with 429 Too Many Requests.  Retrying after 2000ms delay...
Server responded with 429 Too Many Requests.  Retrying after 4000ms delay...
2025-04-05T11:57:10.369Z FIND Error processing validator HqeoSipJHfpzPwnr4UE7wuiWRcBC9QHEqjjLZjHoi4fU 429 Too Many Requests:  {"jsonrpc":"2.0","error":{"code": 429, "message":"Too many requests for a specific RPC call"}, "id": "9505331a-9e16-4fcc-8050-3d648385b43e" } 
 Error: 429 Too Many Requests:  {"jsonrpc":"2.0","error":{"code": 429, "message":"Too many requests for a specific RPC call"}, "id": "9505331a-9e16-4fcc-8050-3d648385b43e" } 

    at ClientBrowser.callServer (/home/runner/work/solana-deactivate-delinquent/solana-deactivate-delinquent/node_modules/.pnpm/@solana+web3.js@1.87.6/node_modules/@solana/web3.js/lib/index.cjs.js:6474:18)
    at process.processTicksAndRejections (node:internal/process/task_queues:95:5)
Server responded with 429 Too Many Requests.  Retrying after 500ms delay...
Server responded with 429 Too Many Requests.  Retrying after 1000ms delay...
Server responded with 429 Too Many Requests.  Retrying after 2000ms delay...
Server responded with 429 Too Many Requests.  Retrying after 4000ms delay...
2025-04-05T11:57:17.982Z FIND Error processing validator E9w6i6M7mSJkm1BRozSZpSpRb5sE3NEkrHA9R2zZjuwa 429 Too Many Requests:  {"jsonrpc":"2.0","error":{"code": 429, "message":"Too many requests for a specific RPC call"}, "id": "6473e996-6d81-4ccb-a4a3-9bfe446cf515" } 
 Error: 429 Too Many Requests:  {"jsonrpc":"2.0","error":{"code": 429, "message":"Too many requests for a specific RPC call"}, "id": "6473e996-6d81-4ccb-a4a3-9bfe446cf515" } 

    at ClientBrowser.callServer (/home/runner/work/solana-deactivate-delinquent/solana-deactivate-delinquent/node_modules/.pnpm/@solana+web3.js@1.87.6/node_modules/@solana/web3.js/lib/index.cjs.js:6474:18)
    at process.processTicksAndRejections (node:internal/process/task_queues:95:5)
Server responded with 429 Too Many Requests.  Retrying after 500ms delay...
Server responded with 429 Too Many Requests.  Retrying after 1000ms delay...
Server responded with 429 Too Many Requests.  Retrying after 2000ms delay...
Server responded with 429 Too Many Requests.  Retrying after 4000ms delay...
2025-04-05T11:57:25.599Z FIND Error processing validator 568E22Vp87VCVWfCECSeMwJD4y5Yah45fyTJPHtsvA4o 429 Too Many Requests:  {"jsonrpc":"2.0","error":{"code": 429, "message":"Too many requests for a specific RPC call"}, "id": "17088746-fead-401d-a9c7-c6f87a0c2335" } 
 Error: 429 Too Many Requests:  {"jsonrpc":"2.0","error":{"code": 429, "message":"Too many requests for a specific RPC call"}, "id": "17088746-fead-401d-a9c7-c6f87a0c2335" } 

    at ClientBrowser.callServer (/home/runner/work/solana-deactivate-delinquent/solana-deactivate-delinquent/node_modules/.pnpm/@solana+web3.js@1.87.6/node_modules/@solana/web3.js/lib/index.cjs.js:6474:18)
    at process.processTicksAndRejections (node:internal/process/task_queues:95:5)
Server responded with 429 Too Many Requests.  Retrying after 500ms delay...
Server responded with 429 Too Many Requests.  Retrying after 1000ms delay...
Server responded with 429 Too Many Requests.  Retrying after 2000ms delay...
Server responded with 429 Too Many Requests.  Retrying after 4000ms delay...
2025-04-05T11:57:33.218Z FIND Error processing validator 81mfVVk2r1qLBQXQJqsESTSwnmgKFZjYDdvYUpgSCyYi 429 Too Many Requests:  {"jsonrpc":"2.0","error":{"code": 429, "message":"Too many requests for a specific RPC call"}, "id": "2b484b20-2c29-4424-8dca-a1de249310d2" } 
 Error: 429 Too Many Requests:  {"jsonrpc":"2.0","error":{"code": 429, "message":"Too many requests for a specific RPC call"}, "id": "2b484b20-2c29-4424-8dca-a1de249310d2" } 

    at ClientBrowser.callServer (/home/runner/work/solana-deactivate-delinquent/solana-deactivate-delinquent/node_modules/.pnpm/@solana+web3.js@1.87.6/node_modules/@solana/web3.js/lib/index.cjs.js:6474:18)
    at process.processTicksAndRejections (node:internal/process/task_queues:95:5)
Server responded with 429 Too Many Requests.  Retrying after 500ms delay...
Server responded with 429 Too Many Requests.  Retrying after 1000ms delay...
Server responded with 429 Too Many Requests.  Retrying after 2000ms delay...
Server responded with 429 Too Many Requests.  Retrying after 4000ms delay...
2025-04-05T11:57:40.831Z FIND Error processing validator J3hhsGS7xfcYoogsAQpGBJAdAyv8Sm5peWVaN6P9v1DE 429 Too Many Requests:  {"jsonrpc":"2.0","error":{"code": 429, "message":"Too many requests for a specific RPC call"}, "id": "e7a200a8-6d4b-4ce3-a83d-ad46896214d9" } 
 Error: 429 Too Many Requests:  {"jsonrpc":"2.0","error":{"code": 429, "message":"Too many requests for a specific RPC call"}, "id": "e7a200a8-6d4b-4ce3-a83d-ad46896214d9" } 

    at ClientBrowser.callServer (/home/runner/work/solana-deactivate-delinquent/solana-deactivate-delinquent/node_modules/.pnpm/@solana+web3.js@1.87.6/node_modules/@solana/web3.js/lib/index.cjs.js:6474:18)
    at process.processTicksAndRejections (node:internal/process/task_queues:95:5)
Server responded with 429 Too Many Requests.  Retrying after 500ms delay...
Server responded with 429 Too Many Requests.  Retrying after 1000ms delay...
Server responded with 429 Too Many Requests.  Retrying after 2000ms delay...
Server responded with 429 Too Many Requests.  Retrying after 4000ms delay...
2025-04-05T11:57:48.443Z FIND Error processing validator BTeEyner9LLywxWXaPeAzz62Bxmk4eG8mXMun3uYLYKi 429 Too Many Requests:  {"jsonrpc":"2.0","error":{"code": 429, "message":"Too many requests for a specific RPC call"}, "id": "4673c245-ce3d-4c48-9091-6e08dbe82c86" } 
 Error: 429 Too Many Requests:  {"jsonrpc":"2.0","error":{"code": 429, "message":"Too many requests for a specific RPC call"}, "id": "4673c245-ce3d-4c48-9091-6e08dbe82c86" } 

    at ClientBrowser.callServer (/home/runner/work/solana-deactivate-delinquent/solana-deactivate-delinquent/node_modules/.pnpm/@solana+web3.js@1.87.6/node_modules/@solana/web3.js/lib/index.cjs.js:6474:18)
    at process.processTicksAndRejections (node:internal/process/task_queues:95:5)
Server responded with 429 Too Many Requests.  Retrying after 500ms delay...
Server responded with 429 Too Many Requests.  Retrying after 1000ms delay...
Server responded with 429 Too Many Requests.  Retrying after 2000ms delay...
Server responded with 429 Too Many Requests.  Retrying after 4000ms delay...
2025-04-05T11:57:56.057Z FIND Error processing validator 7zRyjgPbeh9HFhpyrYCG6CyLz9gssxgoJamj7CSG1cZe 429 Too Many Requests:  {"jsonrpc":"2.0","error":{"code": 429, "message":"Too many requests for a specific RPC call"}, "id": "81f3c767-ca23-49d7-b23b-96a25e655b2e" } 
 Error: 429 Too Many Requests:  {"jsonrpc":"2.0","error":{"code": 429, "message":"Too many requests for a specific RPC call"}, "id": "81f3c767-ca23-49d7-b23b-96a25e655b2e" } 

    at ClientBrowser.callServer (/home/runner/work/solana-deactivate-delinquent/solana-deactivate-delinquent/node_modules/.pnpm/@solana+web3.js@1.87.6/node_modules/@solana/web3.js/lib/index.cjs.js:6474:18)
    at process.processTicksAndRejections (node:internal/process/task_queues:95:5)
Server responded with 429 Too Many Requests.  Retrying after 500ms delay...
Server responded with 429 Too Many Requests.  Retrying after 1000ms delay...
Server responded with 429 Too Many Requests.  Retrying after 2000ms delay...
2025-04-05T11:58:03.303Z STAKES Found:  1  accounts for delinquent validator GAoCBDE9ABRYmhWUREDp4po4L8JgCPeQsPS77p1mx3WR
2025-04-05T11:58:03.303Z STAKES Stake account HrLGTmqMMBuhkSFk6hLZiRRhjsW2wNonZJhMDR7ipLKA is de-activating:  1.000000005
2025-04-05T11:58:03.303Z STAKES Found:  0  accounts that can be de-activated delinquent validator GAoCBDE9ABRYmhWUREDp4po4L8JgCPeQsPS77p1mx3WR
2025-04-05T11:58:03.304Z FIND No deactivations possible for this validator
2025-04-05T11:58:09.070Z STAKES Found:  5  accounts for delinquent validator 52J4Nhv5u3bKiKBw5nvAJjUigoWHfP7PBQCfC4craVEY
2025-04-05T11:58:09.070Z STAKES Stake account Hr8DervSX6ttAF6crSbmC7RGLb7EM8CJTruN3jq6rpXo is de-activating:  0.00328288
2025-04-05T11:58:09.070Z STAKES Stake account CzikfRMksRkpS6G4GwzUtS2BUj5hrR1mDujBQXq4FYYB is de-activating:  0.839321882
2025-04-05T11:58:09.070Z STAKES Stake account GBiM2iovranncyJgNZAp9JvCZi8XB99cgoRXbXjeH382 is de-activating:  0.003356849
2025-04-05T11:58:09.070Z STAKES Stake account HwhziiZPKtN6G8phN2z8MpdL5Gf7BXkfrnrsMx2ZN7df is de-activating:  0.003329494
2025-04-05T11:58:09.070Z STAKES Stake account 4Bo25GfJtM9jnzkbbN8fq8apTWGPwWG8MfwtErLjLrzj is de-activating:  0.003356849
2025-04-05T11:58:09.070Z STAKES Found:  0  accounts that can be de-activated delinquent validator 52J4Nhv5u3bKiKBw5nvAJjUigoWHfP7PBQCfC4craVEY
2025-04-05T11:58:09.070Z FIND No deactivations possible for this validator
Server responded with 429 Too Many Requests.  Retrying after 500ms delay...
Server responded with 429 Too Many Requests.  Retrying after 1000ms delay...
Server responded with 429 Too Many Requests.  Retrying after 2000ms delay...
Server responded with 429 Too Many Requests.  Retrying after 4000ms delay...
2025-04-05T11:58:16.680Z FIND Error processing validator EuUxT2aEqiAVkCjdfjehTYzPA9vGSrS4AEcroUf3Cxq6 429 Too Many Requests:  {"jsonrpc":"2.0","error":{"code": 429, "message":"Too many requests for a specific RPC call"}, "id": "d2c13a7e-58b9-41c7-bb73-c0832576244b" } 
 Error: 429 Too Many Requests:  {"jsonrpc":"2.0","error":{"code": 429, "message":"Too many requests for a specific RPC call"}, "id": "d2c13a7e-58b9-41c7-bb73-c0832576244b" } 

    at ClientBrowser.callServer (/home/runner/work/solana-deactivate-delinquent/solana-deactivate-delinquent/node_modules/.pnpm/@solana+web3.js@1.87.6/node_modules/@solana/web3.js/lib/index.cjs.js:6474:18)
    at process.processTicksAndRejections (node:internal/process/task_queues:95:5)
2025-04-05T11:58:16.680Z FIND Total de-activated: 1.003
