2025-11-11T04:54:59.027Z FIND Found epoch range to explore:  874 878
2025-11-11T04:54:59.028Z FIND Found delinquent validators [
  'GCUWGuMnmtMv3BFMx8EmeWxst18sihXxyU3skeNGTj8A',
  '7spi8Z1CpG1AezUpjHQ5rGKxw2dBoeTfBmQxqT1YkS9y',
  '25rtQR4h9BQKMcU6a1DxpZjB27dwcRUAdVb9binerD9E',
  'G3zgPda4Pr8hspBGYbVQmvQBqpep4zU9ngf9qbP71XMn',
  '5cXLZKeTuRm95ng96K2qCdxB2kSU1ajW291HmEkNpXkM',
  '4u1Wi5yANaD9ABmi8xpdUYGLQSFxghX1D6LfgzdzrhdG',
  'tssGAMwuwFBfJbPeyXTzMvGekdWcVi72Nqg1qzaabEM',
  '3JFt7NBHuz7bR1wbWVKgGLkZx9QPwnkuW2sx2nREgbbr',
  '5ML8GpaqaZ3bv4nCKLRY8gb2WNMJkXinHwDwMWeNWjkk',
  '8CKQeLWLkFXD9kg2U4y238i4eQrAxsoVtNA1dAtysbfJ',
  '8b3JPQtHbw8MBJQNwUDVXC6xfaL26UNx6WA3GShGy5Vw',
  'AdxFbsvPe5JcF77gcUHjPdtzyweqoxn8BNLzh74Cra5j',
  'GMCVHZip6b12GY8rEJQB6PvEUfUiNae4j4Vyo5Ck9fTL',
  'CbLH696Fct3cQXRdiLMPqYU4uZiLZBDVs7kEYYvtUtXw',
  'BHuk6wv9pskvSuMxzAFksmFNxEWZDHDsYWSwvTKcCnhx',
  'BNMpeggKMXACBVr26ebGyMy3RvuQBMDo62co1RpLKwuG',
  'movwsCDJfXrt5mPfVdTC9u8pETrTysEdFxicvbZUxTz'
]
2025-11-11T04:54:59.030Z FIND Found reference validator he1iusunGwqrNtafDtLdhsUQDFvo13z9sUa36PauBtk
2025-11-11T04:54:59.269Z STAKES Found:  42  accounts for delinquent validator GCUWGuMnmtMv3BFMx8EmeWxst18sihXxyU3skeNGTj8A
2025-11-11T04:54:59.269Z STAKES Stake account 46N2itYbtmNRF261ZN8hvHVhaqSw9vBEiWUbUgz1TikZ is de-activated:  1.008392463
2025-11-11T04:54:59.270Z STAKES Stake account CWhgdXHgoeAJYdSBVJEWu1vmLBJ7Qo2zpCp8KBGfVstr is de-activated:  0.00228288
2025-11-11T04:54:59.270Z STAKES Stake account CU12gyGcro7a6cqePJuCJyrYDnMfiwfm54BYhLLmJPNi is de-activated:  0.00228288
2025-11-11T04:54:59.270Z STAKES Stake account 4uPum3cxDwxWwj4CNjF9mXKmpp4dxr31q6kKL5ZuRTVi is de-activated:  0.00228288
2025-11-11T04:54:59.270Z STAKES Stake account 72e7b2cqykoELSrS3GT3DJ27RPuVcmSmm4U8K6vdMzuq is de-activated:  0.00228288
2025-11-11T04:54:59.270Z STAKES Stake account NvELMVYv8PS9MGm6QmWJfo95mFGDcUJs2Yt61voCjLw is activated:  42.50470822
2025-11-11T04:54:59.271Z STAKES Stake account 4YPqXG3nnjpjL923LvhJ6sfCkLSELNyFfpKh3bz2CXJk is activated:  0.208251537
2025-11-11T04:54:59.271Z STAKES Stake account 2sNbeXUuwCV3Re2tZaUftk8jetM1EpnDfA7in9cEZHsi is activated:  0.003388344
2025-11-11T04:54:59.271Z STAKES Stake account ARPgHFVfHWmz3hx2K9Dk1CGQDFAWneq4nMtf6i3jnvv5 is activated:  3332.190945151
2025-11-11T04:54:59.271Z STAKES Stake account BiHDUHw3T69TzETAV8kBGHZvBCy3LP1DQfR9qbpa9TFQ is activated:  12.094211273
2025-11-11T04:54:59.271Z STAKES Stake account ApDEkZfFocFC3AuhGRmzw16twr1q439aFAVDidDi5xKf is activated:  0.484022319
2025-11-11T04:54:59.272Z STAKES Stake account CzzDsVQsLVJRCEEcZoJdts5kptWjgyffEDVs7G3LMJZH is activated:  0.006436183
2025-11-11T04:54:59.272Z STAKES Stake account GJPT4cWc3LPXgUxmUVbLh9qyrwE1T2J9TeUyQWAXR3p7 is activated:  19.206087024
2025-11-11T04:54:59.272Z STAKES Stake account GKeyaAkJAZNHu5HBvmKwoWFzWbeoMzdGBfohW7G9GF5m is activated:  2.725966735
2025-11-11T04:54:59.272Z STAKES Stake account AUQ1E3dM7gSGC5bWaPnRbMEL6deDnL5x7L8Nnp6S1uh9 is activated:  2.535431483
2025-11-11T04:54:59.272Z STAKES Stake account 8vGYKLHRxePB5FABW94LtqnxHqerR7e6LsM1jnHZ3sq is activated:  3.19182785
2025-11-11T04:54:59.273Z STAKES Stake account D6BubrGkKjx9BWwqS9wP1LE5ZfVVAK35LGxG4pMkHxBt is activated:  0.003334053
2025-11-11T04:54:59.273Z STAKES Stake account 3X8Tg7pe621ZoQZ3pZhev8JEx6wJ5eBHAbTGJxS7eUZy is activated:  504.619582045
2025-11-11T04:54:59.273Z STAKES Stake account 6sdQWUTbxSJQ5WLYCB6SZdNJWMN3geB2u98aJT14gmuS is activated:  1186.095078176
2025-11-11T04:54:59.273Z STAKES Stake account mCtj9wtty6oKZDgnX7HFZF56K7ui4sCrgVfAt1HMSTx is activated:  2.070494105
2025-11-11T04:54:59.273Z STAKES Stake account BhKW5eMvyvNzRHTArKkQu7F92XHHKdoeb44Qu67uFLyF is activated:  800.126499293
2025-11-11T04:54:59.273Z STAKES Stake account BjhjmLV8KnH1NdTagnV1EuHRJhTsLSkUPUGijCLQsEER is activated:  77.942161524
2025-11-11T04:54:59.273Z STAKES Stake account AdjciBPBeXPbomjxZyAvkfhYt8DFHKf4HneNGbvo3Xue is activated:  0.149318848
2025-11-11T04:54:59.274Z STAKES Stake account Ej2qVK6wf1ifZAJ6QXcb5Ry772N15PBymGfqCaqZUt98 is activated:  10.190418738
2025-11-11T04:54:59.274Z STAKES Stake account J7sxcT8RYp6TfZ5o7iaSa3F2GEJPJFEemBVEdt35MCH4 is activated:  42.626286877
2025-11-11T04:54:59.274Z STAKES Stake account H2hhfBo6NVqzgE6RNvJhzcqbSmxioK5MqTM2jZqtEmGx is activated:  0.003436196
2025-11-11T04:54:59.274Z STAKES Stake account F2cpmfpqyyALHi6BtQyL3j5e75wheWNRngfSKa2qwGnP is activated:  5.259642974
2025-11-11T04:54:59.274Z STAKES Stake account 6ermtHdiAdjB5fN16WbX4zY6Z6DeCMTNAJW6Exvrnt9C is activated:  0.787550436
2025-11-11T04:54:59.274Z STAKES Stake account FC56YBMvRrNDiDa6AvMmtYdpLaD6KmxFM6zxgq7Y8fhh is activated:  4.29178845
2025-11-11T04:54:59.274Z STAKES Stake account 6wSg2irfvJFhkMrDFC2cZky4WTCY9BQTXjd6f72vwkXB is activated:  1.054681024
2025-11-11T04:54:59.275Z STAKES Stake account BnrAPBEywjuo5C5dX5qe1UvkJKG5qNbY9CaXXDLnon8i is activated:  0.563378978
2025-11-11T04:54:59.275Z STAKES Stake account 8mJ4dU1fou8Ry4rdRaxNSZC18Aaqh8CPAXakY5jexpxx is activated:  0.106211257
2025-11-11T04:54:59.275Z STAKES Stake account AKF9ZGDNdf7VNzqp9H3pRFF1tiq6GvokEEGspZG9XBre is activated:  213.328035487
2025-11-11T04:54:59.275Z STAKES Stake account 6KXgY4pbNHzMRv1AFBmMwmTQbBHefJeGB3qEVbPKwVdg is activated:  210.722656901
2025-11-11T04:54:59.275Z STAKES Stake account 5xm2tiZeiHwX2i74Cf7eMAiekZkffkL5iVxGhKqUX4Gb is activated:  210.4610686
2025-11-11T04:54:59.275Z STAKES Stake account 2Zeehs5G79rEzj9o9wUiafBxDUt5jRPKX4UrBzHzDSiJ is activated:  8.050000001
2025-11-11T04:54:59.276Z STAKES Stake account D4BRTu4AoUhBCH7d1nFGS7H3Gy8KYAhxsrAbVRcjaKHV is activated:  0.011189412
2025-11-11T04:54:59.276Z STAKES Stake account A5vGoQY6ZrsXcSfSPhp9ioHLQsFU98grYVG4kaAKehR7 is de-activated:  166.857392016
2025-11-11T04:54:59.276Z STAKES Stake account BQ1c96fwcmsbpxdkQ19DhUzajRgvEqacGsqGUViwkfAi is activated:  0.003333058
2025-11-11T04:54:59.276Z STAKES Stake account DGzEjzMrdv6HgUXETAtFDoXm1jj2atJsgiiC922wYTxE is de-activating:  0.003302402
2025-11-11T04:54:59.276Z STAKES Stake account HeD3r59Y1x4FsXMyv5uPEpxn3qBr9T5CsaoGcqoL6dmU is activated:  0.003471501
2025-11-11T04:54:59.276Z STAKES Stake account 6f7zRtHCLQ7cBT8nHmE8as7codHeiwXBGuptPQaU7Kcb is activated:  0.003440702
2025-11-11T04:54:59.276Z STAKES Found:  35  accounts that can be de-activated delinquent validator GCUWGuMnmtMv3BFMx8EmeWxst18sihXxyU3skeNGTj8A
2025-11-11T04:54:59.296Z DEACTIVATE Blockhash: Fms8gz3NH2kKXgDV5spqdGXnW3Ssm31TnUPAxfkWoTN1
2025-11-11T04:54:59.341Z DEACTIVATE Sent tx: 2WFmSjpWQU7RivGizVNz2r4nDHSnqHD8QbWwbF3LYmekvvXoS4Mj4ks5j5aCUqhLJ5c7uEWgSpmouQxbAjAnqPqe https://explorer.solana.com/tx/2WFmSjpWQU7RivGizVNz2r4nDHSnqHD8QbWwbF3LYmekvvXoS4Mj4ks5j5aCUqhLJ5c7uEWgSpmouQxbAjAnqPqe
2025-11-11T04:54:59.470Z DEACTIVATE Sent tx: 3iZbS1KBtAR9MGND3mpyQmbTmJuptNcbMD545ndqBZY2oEZsq5sZ1BN42UBk7dDXsumHBTLPyxTAA8kXZf5X8X97 https://explorer.solana.com/tx/3iZbS1KBtAR9MGND3mpyQmbTmJuptNcbMD545ndqBZY2oEZsq5sZ1BN42UBk7dDXsumHBTLPyxTAA8kXZf5X8X97
2025-11-11T04:54:59.571Z DEACTIVATE Waiting for confirmations...
2025-11-11T04:55:13.239Z DEACTIVATE Confirmed.
2025-11-11T04:55:13.239Z FIND Deactivated stake accounts with total balance:
2025-11-11T04:55:13.359Z STAKES Found:  34  accounts for delinquent validator 7spi8Z1CpG1AezUpjHQ5rGKxw2dBoeTfBmQxqT1YkS9y
2025-11-11T04:55:13.359Z STAKES Stake account GKcdzwNFypJN3jFPUTcst8TAFB4Q4Vq6y5NShHLCPryc is de-activated:  0.102299164
2025-11-11T04:55:13.359Z STAKES Stake account GZeqJZgzCZwtbKQtktarEN4BJpUH7KzvbJDUyojWH5Aq is activated:  20.968303698
2025-11-11T04:55:13.359Z STAKES Stake account AeZW5GDzDZ5bjmYtPKn9aRPmoeLBhuxBHinKU4BNnfRE is activated:  3.218513948
2025-11-11T04:55:13.359Z STAKES Stake account G98S8sd6hjDZijWca3yhD3aSDdaLt62x6CjnsYikVTfr is activated:  0.003334154
2025-11-11T04:55:13.359Z STAKES Stake account 7cKLatmYJ2pQHiy1fcWEasADKot6Gy42FMsA3FrWAFej is activated:  66.73856594
2025-11-11T04:55:13.359Z STAKES Stake account Bq9KuaHjuksurKR27BLMtbAoFXEWqRnN2n7mqHw34zUi is activated:  1.078669094
2025-11-11T04:55:13.359Z STAKES Stake account D5b2beqf4TESs9G6UV9oV7vRHhXihGZsKbR4uxEhxXa4 is activated:  0.117064716
2025-11-11T04:55:13.359Z STAKES Stake account HbLH96wsTSMjqp4jGbb8rHXS39dmJ4Y6pbUTA4CzWF1M is activated:  0.200274298
2025-11-11T04:55:13.359Z STAKES Stake account J8jrTETmBpvHKzBPWzSEYfNpxPRD8oELyzhXjMQfwQXH is activated:  0.003435172
2025-11-11T04:55:13.359Z STAKES Stake account 9hDx8kD8YcCyqatwZ1TbJe44bY1LgEKmSFW1AuVxz5uy is activated:  249.139160353
2025-11-11T04:55:13.359Z STAKES Stake account GJqwyhCrFCKKaPAT7bXnZ58o914JdPi2LbYMomTZJNGY is activated:  12.515598139
2025-11-11T04:55:13.359Z STAKES Stake account D7aaVjEgzspfdgdwaYPrCnRKA2NC1kXHyxa3uTn3esi4 is activated:  14.033292566
2025-11-11T04:55:13.359Z STAKES Stake account CeyfRcrDNFSsm1UmvVdFPdVjGmewKMZ2S11kxWVYrZDy is activated:  264.157313214
2025-11-11T04:55:13.359Z STAKES Stake account 85ygjvJF8Vd7T2wYHUsCPdNziPK8rAsATiJYkQKqg3RW is activated:  113.253890946
2025-11-11T04:55:13.360Z STAKES Stake account FoczWuGdnpSFs9qcjFK1TiFTFJiBzZPqir6GMPYFjq5D is activated:  79.469965236
2025-11-11T04:55:13.360Z STAKES Stake account 7psqEiqHRBqXFSvj1CFjEnMrBBGYhLXiSRDtepuX2yPx is activated:  4.292501557
2025-11-11T04:55:13.360Z STAKES Stake account 36HFC2BVDXUriESWokAzGDTYjtM5FLXpjjA3NinccFFw is activated:  0.006437135
2025-11-11T04:55:13.360Z STAKES Stake account DLZ8p4nHM3q3BXphCiEiSUMbVfEVDFvsLUNpAdVFotUE is activated:  2.679908756
2025-11-11T04:55:13.360Z STAKES Stake account 3xVHeSNZvMfEcj6tQSNgDqDG6DiCxjspCxBNSY3QWmEA is activated:  1.754841517
2025-11-11T04:55:13.360Z STAKES Stake account 8AoPKSMTkyu4F9rJRtwv89qwrXToaSfpRCa9vPNRzuTd is de-activated:  0.002371327
2025-11-11T04:55:13.360Z STAKES Stake account BshGA4WkvgdHtiN9bgbcLprkVSvAEr6bnq92aNue1yh3 is activated:  2.533098062
2025-11-11T04:55:13.360Z STAKES Stake account FWWRcrgCgT4ENSFQw4tzK9grgQgmm1RvJAMZu5aMJ4e is activated:  4.785912298
2025-11-11T04:55:13.360Z STAKES Stake account 6NNiLbwoB4x16byZvf6c4MUMM1fszUQvkvU81dtQLqNA is activated:  0.00338859
2025-11-11T04:55:13.360Z STAKES Stake account 351EQTJpeBvRYjedsg9SiHdcRwfQs7kWbSRvUSF4dQaa is activated:  3.404615869
2025-11-11T04:55:13.360Z STAKES Stake account FLBqnAnVpGForyynVahsA3ZNny1b2H9TvT1urmw71czs is activated:  59.395848995
2025-11-11T04:55:13.360Z STAKES Stake account FK7dKNjtE6rUDzhN34u5DXQUyRWGYp77KAmKLQZHsRjm is activated:  10.5304736
2025-11-11T04:55:13.360Z STAKES Stake account FiXpLJ8j7q7pkjU9FALPNdiq1VQfXCjpiJg4dCSBhYAQ is activated:  0.010766195
2025-11-11T04:55:13.360Z STAKES Stake account FauqsWPJb1KhSn3vH2cPxgEzjbh2scNWBp3nfYvUXWf6 is de-activated:  57.404200064
2025-11-11T04:55:13.360Z STAKES Stake account 7VG2dA2b2Zbyh4jByFgGtBTzGwgxkws64vywCnTWwhTc is de-activated:  3.188942448
2025-11-11T04:55:13.360Z STAKES Stake account CZF1PEPJsy5ptnDK2jDeZ3MG1L73zqSDXHAhbgoypEBe is de-activated:  3.188942447
2025-11-11T04:55:13.360Z STAKES Stake account 7kf6xu2RkSaRW1ynXQcRZC9v13tH63XyCiZSUZBxAKPZ is de-activating:  0.003287956
2025-11-11T04:55:13.360Z STAKES Stake account EBp5X6XD5z9jQ3eC1HrJ5z4VfWzMTnFeR8hP6fJqCvdF is activated:  0.003333022
2025-11-11T04:55:13.360Z STAKES Stake account CywQHn3TnMfdLaWbwKBrSzLNZ6AzkAWpgiwnZtaZTttR is activated:  0.003283155
2025-11-11T04:55:13.360Z STAKES Stake account 63DLSGjAPny8evzXXk1Xxz44knMCYenCFfZZcSLQPwt is activated:  0.003440573
2025-11-11T04:55:13.360Z STAKES Found:  28  accounts that can be de-activated delinquent validator 7spi8Z1CpG1AezUpjHQ5rGKxw2dBoeTfBmQxqT1YkS9y
2025-11-11T04:55:13.387Z DEACTIVATE Blockhash: 7m2mruWTxEDzSVbbybhgjyhvt3Y7To9tRd9zNurCKqhM
2025-11-11T04:55:13.420Z DEACTIVATE Sent tx: 3iTrKAQ1FcjYv5dtfAxCpgFrVbTBNfFiUfuZ91QbsFgFHi73Y9hnpA46jzycBxmL3CJVwxo6aXdaUaYjs6VA3fJv https://explorer.solana.com/tx/3iTrKAQ1FcjYv5dtfAxCpgFrVbTBNfFiUfuZ91QbsFgFHi73Y9hnpA46jzycBxmL3CJVwxo6aXdaUaYjs6VA3fJv
2025-11-11T04:55:13.543Z DEACTIVATE Sent tx: 3xJk9JBFT62mPhN5dA2JdQChjfvSECY7jSNX6JZWkDMpZXiTVWmSTBGGKMdX3DfQ44fRCNxrmMJw2yJCpfzMRhk7 https://explorer.solana.com/tx/3xJk9JBFT62mPhN5dA2JdQChjfvSECY7jSNX6JZWkDMpZXiTVWmSTBGGKMdX3DfQ44fRCNxrmMJw2yJCpfzMRhk7
2025-11-11T04:55:13.644Z DEACTIVATE Waiting for confirmations...
2025-11-11T04:55:28.246Z DEACTIVATE Confirmed.
2025-11-11T04:55:28.246Z FIND Deactivated stake accounts with total balance:
2025-11-11T04:55:28.351Z STAKES Found:  30  accounts for delinquent validator 25rtQR4h9BQKMcU6a1DxpZjB27dwcRUAdVb9binerD9E
2025-11-11T04:55:28.351Z STAKES Stake account 4bCrHkaewNrvUjNqtkK5YzFtYwrkMkvg5ejxjH7BBDj4 is activated:  0.002282881
2025-11-11T04:55:28.351Z STAKES Stake account 58vwHa2FA5q1trsZEecN8rp2EZDw37un7mH4MMozikQE is de-activated:  0.72409009
2025-11-11T04:55:28.351Z STAKES Stake account HAKKHZCy6ej35xCQPJStK8p3kaTuHfVkyxMu95p1NpyE is activated:  1.115613731
2025-11-11T04:55:28.351Z STAKES Stake account E7gXhi6uedWCeivapDYDJRwUxUNp8bh6qH3eAngsVRRs is activated:  59.43659222
2025-11-11T04:55:28.351Z STAKES Stake account 5F6qHMLDnoHkvRm1ZXhSm7aGqKWsBQPhKoYKZcpqru2s is activated:  0.297522631
2025-11-11T04:55:28.351Z STAKES Stake account GH8wjXgCtDday4cAZXSoUe7RPMPoy31s9XgSdzc59chG is activated:  0.003334938
2025-11-11T04:55:28.351Z STAKES Stake account 6q3tX2revwqUgUp4gtFoPumdVuhfAZAxeQDjwavGsDor is activated:  0.003435931
2025-11-11T04:55:28.352Z STAKES Stake account 8VC9P4BuV7cz55rWeoVKe3at1B6qtX5Hcf6BWMTg2ThY is activated:  1.06807048
2025-11-11T04:55:28.352Z STAKES Stake account 3fY1gaCdTuZ6DkZb4ZyZnJoqjQ5vaRozxuAUyF2pnLqB is activated:  11.459555265
2025-11-11T04:55:28.352Z STAKES Stake account Er1kW31T9ppnQg7gwoadS7ehrjkH8efeqsLPsxY9ePF7 is activated:  9.14404428
2025-11-11T04:55:28.352Z STAKES Stake account HEfoG5FcEJ5Egbv8hYTsJZvucD9GFFHijxzfcbsXwEF9 is activated:  28.979486771
2025-11-11T04:55:28.352Z STAKES Stake account DuFYvAvuL3zQc7wvgeBMF7G1FciDiRuQNhqHxvcWT496 is activated:  0.013748986
2025-11-11T04:55:28.352Z STAKES Stake account B78ov6wEi8ak6SrbMbH9hMouzxVXmGb525MTKusfyXAt is activated:  0.065231101
2025-11-11T04:55:28.352Z STAKES Stake account 5ABfDZrBEmXAY8EQvxiVrsjYJgg4QN46mmsEoQZVSM3Y is activated:  0.003428692
2025-11-11T04:55:28.352Z STAKES Stake account 9iU8GbjC38mBZ2KUN17KrNa61LmvZtZGLqTj1czmpBVr is activated:  429.585586394
2025-11-11T04:55:28.352Z STAKES Stake account 5qoK8NZQafn7VZJ1W5y7J3C2J3nWu6krLm8SPQUCQ8eV is de-activated:  0.002378991
2025-11-11T04:55:28.352Z STAKES Stake account 4YYD5WnZqBWrXcztmC3MF743qVQs3xhh5Ff9FNUNNA8z is activated:  1.248973619
2025-11-11T04:55:28.352Z STAKES Stake account 7Rfeo8GLteRxDWKhS6xSK4NzZNfVFEDGyTi4iNsJgYFq is activated:  10.770026572
2025-11-11T04:55:28.352Z STAKES Stake account 7eTrPdaA1NxH1k5xKqQJz3sfBDgQWJtqqVQsiu6EAFY3 is activated:  2.534616098
2025-11-11T04:55:28.352Z STAKES Stake account 3bHPfbsHGYLb1QSqP1V6SZXTPaWQUthSvP8Bi7C66hrP is activated:  5.716849904
2025-11-11T04:55:28.352Z STAKES Stake account 8L1gHJYFUrYxx8MsX5nit8aFMdzQAkeFbmC3Dun9dTrs is activated:  8.149499295
2025-11-11T04:55:28.352Z STAKES Stake account CgKSuL3Ef9EqjT44RDAYHyrACX8DpiSL3AZqWHWfckan is activated:  0.003389282
2025-11-11T04:55:28.352Z STAKES Stake account HbzgJMnKxwvJLircpr7uPfYvivLCuuGdGheYKCr1FpZK is activated:  5.287326145
2025-11-11T04:55:28.352Z STAKES Stake account DKzwpzLMoLD9NUjqbi24KFeuDemdGFcBYzbuxVmKgEW9 is activated:  0.320000003
2025-11-11T04:55:28.352Z STAKES Stake account BmniZtEqk8x6dELUhNAC5gTmpKU5rchVFFtrZ7XUnXJ5 is de-activated:  21.439552684
2025-11-11T04:55:28.352Z STAKES Stake account 6SRWbK3ywiBDsHfHdQLwp3ZCr8gBFXb5Y1zdeQmdVijR is activated:  0.010838935
2025-11-11T04:55:28.352Z STAKES Stake account AEEQVhBcJTqAuarPUaUNyV95tRpam3KRePDy1qJnBdk7 is de-activating:  0.00328797
2025-11-11T04:55:28.352Z STAKES Stake account C8BP5CxkzRMtK8VHxRvFSiiRkThRC4QZG4ycqdmgAKGq is activated:  0.003333035
2025-11-11T04:55:28.352Z STAKES Stake account 3F8M2pz6SwgUMCHg7anrC5qoaWveai847AEH3XZRxLxU is activated:  0.003469413
2025-11-11T04:55:28.352Z STAKES Stake account 4EL6wFLcLxs7q6XFLJYinttWty8mtR2bcLTnapfpxkoJ is activated:  0.003440343
2025-11-11T04:55:28.352Z STAKES Found:  26  accounts that can be de-activated delinquent validator 25rtQR4h9BQKMcU6a1DxpZjB27dwcRUAdVb9binerD9E
2025-11-11T04:55:28.371Z DEACTIVATE Blockhash: B7zjKeatyQooatPRSHGWecMYPr9uLYUmgiFAEt3ofqkN
2025-11-11T04:55:28.397Z DEACTIVATE Sent tx: 5JL6cLc5hmWBp2QeuJX6Z2jqsJrvepdRitJcSFrrkSmQUx58EcFR2QtZzmVfn3Ag2iMsEGzekEcZDotp2DSVhfW5 https://explorer.solana.com/tx/5JL6cLc5hmWBp2QeuJX6Z2jqsJrvepdRitJcSFrrkSmQUx58EcFR2QtZzmVfn3Ag2iMsEGzekEcZDotp2DSVhfW5
2025-11-11T04:55:28.523Z DEACTIVATE Sent tx: 5hsJaMMrMK5tsECK1hURuJht6r9DFeiKhP2byhheWNkP2kdNPWcuv1koniaKYPw2iRiU72waB2GtegUPLA3yAcUF https://explorer.solana.com/tx/5hsJaMMrMK5tsECK1hURuJht6r9DFeiKhP2byhheWNkP2kdNPWcuv1koniaKYPw2iRiU72waB2GtegUPLA3yAcUF
2025-11-11T04:55:28.624Z DEACTIVATE Waiting for confirmations...
2025-11-11T04:55:41.332Z DEACTIVATE Confirmed.
2025-11-11T04:55:41.332Z FIND Deactivated stake accounts with total balance:
2025-11-11T04:55:41.534Z STAKES Found:  36  accounts for delinquent validator G3zgPda4Pr8hspBGYbVQmvQBqpep4zU9ngf9qbP71XMn
2025-11-11T04:55:41.534Z STAKES Stake account B2qdkdXyrk619jqcr6aiFvajheV3yxtc39ZCzTqFxMBs is activated:  0.002282881
2025-11-11T04:55:41.534Z STAKES Stake account HaBHAaS1vd4T8djyf3d3zZEwdRc98t9JGVDDJ4FidEVn is activated:  0.002282881
2025-11-11T04:55:41.534Z STAKES Stake account 8Me97arXhoc6gMJWsuRdB11SsFZkUqE2Mh5nDwh6tegX is de-activated:  0.258767043
2025-11-11T04:55:41.534Z STAKES Stake account 4kkSRZk8Giht58mVoYpw2LA1imoZjwFDRw6ynxuo6A8C is activated:  0.002282881
2025-11-11T04:55:41.534Z STAKES Stake account 5WhAhwhqmgJJwe6qnnodRuoq6zwhDEFmaHoiPGHXeV2G is activated:  0.002282881
2025-11-11T04:55:41.534Z STAKES Stake account ErHsKg2wKUis4TR18tEbH2dPDuYrnt7YBQATov1Ee7XP is de-activated:  0.003285347
2025-11-11T04:55:41.534Z STAKES Stake account CYK2zVPeXqt6tNQEAmXVg4nLeC1iaAKdnJnmEM1BkeXw is de-activated:  0.01228288
2025-11-11T04:55:41.534Z STAKES Stake account HnqexCb94zdN11xZAThr3J7cQ2GTLiKZpFEd9xXPH9DV is activated:  0.002406572
2025-11-11T04:55:41.534Z STAKES Stake account 3vcqpBaPCCv3RYTwunUuCawfDiQ9rLNkDhvDPq1pVwfC is activated:  0.002714343
2025-11-11T04:55:41.534Z STAKES Stake account 99kseBXJB1VUtmp3c9LYdnZ2j5FNxi2CkvsFudyW5yfJ is activated:  0.003320621
2025-11-11T04:55:41.534Z STAKES Stake account 2PizyNQiJRtx97r14Afd59LXHpYwixZYpmaFCj16u87n is activated:  0.012863553
2025-11-11T04:55:41.534Z STAKES Stake account GP83GNRVQnt1EBxSqB1uxi5m1okVowDUjbWxcJKhLXaU is activated:  21.974591377
2025-11-11T04:55:41.534Z STAKES Stake account 68Lhjt7gLCXw1VgendMTfuSMvMQ5hyYcXX26Wz3mDwbe is activated:  21.954762153
2025-11-11T04:55:41.534Z STAKES Stake account ACS9v43YisJWCVff9WBLuftXxbQ7R6nkAUavuyQtKSLP is activated:  21.964691035
2025-11-11T04:55:41.534Z STAKES Stake account FAEBtxVPXwtYPmPNSLrxxiwJ6jtdhek112UXBe74SgSd is activated:  0.418284697
2025-11-11T04:55:41.534Z STAKES Stake account 94prPELxQyJMigyabrxtw8wYYU64MjLAsn5gyia7HTcg is activated:  2.732383905
2025-11-11T04:55:41.534Z STAKES Stake account 7F1k91MQpFq57vPAU2tenvAXvVn1H7FFbRTUt5dW9npg is activated:  53.985579834
2025-11-11T04:55:41.534Z STAKES Stake account 6SH1jG41mKgLJtU7CiFdAMsLrWuSUgFwxTtKmrGVjsNq is activated:  52.951472154
2025-11-11T04:55:41.534Z STAKES Stake account 2T5LYnBfyRaZ7HZSqA5hcfoamSGtb2qyeorKYqfaNarn is activated:  0.311681108
2025-11-11T04:55:41.534Z STAKES Stake account BjFYcj1Gw2k94VuPEy8PHGHG3KQn5s3V2CqYLgLZ3sBP is activated:  0.014674097
2025-11-11T04:55:41.534Z STAKES Stake account EqupynUS3H1siGxCHuPV74EhdEsuSXvpK2wAJGXzc9YP is activated:  0.012656522
2025-11-11T04:55:41.535Z STAKES Stake account BSjAum1ErTsk6HGDoaeb8JVGCYzZxZ4ZdogVPdQP9Urw is activated:  0.014694214
2025-11-11T04:55:41.535Z STAKES Stake account 87fz63gvrT5ZoC9THpXEFpU2LBPFexY5mRA4NseXexzt is activated:  1.055466941
2025-11-11T04:55:41.535Z STAKES Stake account GF8ooa2HCDdwvH2fKQ6KDtbymzvV7biHNtWk23LHJsFm is activated:  0.007592371
2025-11-11T04:55:41.535Z STAKES Stake account G3WyJnSZPhJQ52gX5hT2V2zyjm6aD8iZrwC3aZzcwikm is activated:  5.04073544
2025-11-11T04:55:41.535Z STAKES Stake account FsygpASK21oNvvdBaQV9cvstk9ir9CDdcbU4AQTXkiD5 is activated:  0.012303648
2025-11-11T04:55:41.535Z STAKES Stake account CTavLEDNS49xYzHWMYBU7YfeFK8r27WXGvjJVzN8WKhz is activated:  0.00761855
2025-11-11T04:55:41.535Z STAKES Stake account HzPfUxM6X1irtbR2W3aqm22HfMYZQ6BbjiLvgoxcCgBo is activated:  1.240820579
2025-11-11T04:55:41.535Z STAKES Stake account 3aZk6TwoFfFK5WB6guE19cMZSym7LUEdqkJHF44jdmHf is activated:  0.012924837
2025-11-11T04:55:41.535Z STAKES Stake account 5JE33rTujX1MYnTfPXKD66dWkREJbDxJ4zMbQmX1St93 is activated:  0.080655498
2025-11-11T04:55:41.535Z STAKES Stake account 8pWVPzgqfKFQ8VVUTLvgtWYu5o5RUCWLBvM2d31KZS13 is activated:  0.006427196
2025-11-11T04:55:41.535Z STAKES Stake account F9hbFkSsQ2SZAumkUTAxsP6325dbwtEwz43B9i1Y5hLW is activated:  7.449396819
2025-11-11T04:55:41.535Z STAKES Stake account GhGpZWFfz4pVvweaASt2tk1mTKqxxr5TpbhLNuDfpwwr is activated:  165.432602805
2025-11-11T04:55:41.535Z STAKES Stake account FbQtqTqj1zwj8JphvNMSJzZecXi5FC3ReVCusPpkVZgp is de-activating:  0.003283618
2025-11-11T04:55:41.535Z STAKES Stake account EnKNmbbcbL6qqKWWiQ4KDkBwd856pmbhuqHkfpCmjKS7 is activated:  0.009789434
2025-11-11T04:55:41.535Z STAKES Stake account 6bT1LKGjwYDo7DKCbQzyYBoJVKhEKDPBJb1rQa57Fc5b is activated:  0.003329014
2025-11-11T04:55:41.535Z STAKES Found:  32  accounts that can be de-activated delinquent validator G3zgPda4Pr8hspBGYbVQmvQBqpep4zU9ngf9qbP71XMn
2025-11-11T04:55:41.558Z DEACTIVATE Blockhash: 6Ta8QLeTYMuyM7NqyjPiHAAP1bxSrjygt9gsyyVMGzb1
2025-11-11T04:55:41.583Z DEACTIVATE Sent tx: MKtwXKb1VxXFvyeTryXBY8uLsqmEZPLumieySuXCuRgMZTFATQfvhA4sTVLuDGRSBu51DpupaEzWxkYphEhqR17 https://explorer.solana.com/tx/MKtwXKb1VxXFvyeTryXBY8uLsqmEZPLumieySuXCuRgMZTFATQfvhA4sTVLuDGRSBu51DpupaEzWxkYphEhqR17
2025-11-11T04:55:41.714Z DEACTIVATE Sent tx: kGBpQD16jgfM2MF6XDih75wkQS3HRu8SYyhL8zums3UUt3osER7eBUbq9wMN49dR5iFKcR6HBGbJNsbdCagqztm https://explorer.solana.com/tx/kGBpQD16jgfM2MF6XDih75wkQS3HRu8SYyhL8zums3UUt3osER7eBUbq9wMN49dR5iFKcR6HBGbJNsbdCagqztm
2025-11-11T04:55:41.815Z DEACTIVATE Waiting for confirmations...
2025-11-11T04:55:57.964Z DEACTIVATE Confirmed.
2025-11-11T04:55:57.964Z FIND Deactivated stake accounts with total balance:
2025-11-11T04:55:58.101Z STAKES Found:  20  accounts for delinquent validator 5cXLZKeTuRm95ng96K2qCdxB2kSU1ajW291HmEkNpXkM
2025-11-11T04:55:58.101Z STAKES Stake account 2akTeBC5jxoQmgwUC6KdbxN3KBMy2skRQ7k77tyrXvFf is activated:  105.897920371
2025-11-11T04:55:58.101Z STAKES Stake account EAwYJs5oPN5haoPtmMapuiuLcpFbND6XpqNztwzMNwh7 is activated:  27.107526175
2025-11-11T04:55:58.101Z STAKES Stake account ERRGjSQPtHHKBdZERCV1VW9wGBTUcT1WVj4EmfQu1TRz is activated:  1.021422342
2025-11-11T04:55:58.101Z STAKES Stake account Ht5jYoHy32uWiYHEfEiCKmaRQ9Wk3L7ZMRD1z2B5Zfxm is activated:  1.080976676
2025-11-11T04:55:58.101Z STAKES Stake account GqTvdaEDsftVfK93SvpxymCfcH9YvN2YMdmBU5P4TcpT is activated:  0.003385277
2025-11-11T04:55:58.101Z STAKES Stake account 8Mnho4iXZakZMedJnDpo7hdFN8HgED2XYZgxhg9FwUNa is activated:  59.251580021
2025-11-11T04:55:58.101Z STAKES Stake account AaLz634HswoZuSSykuBEXZ5M9FJJEDg853zfsPq9anYk is activated:  0.642482353
2025-11-11T04:55:58.101Z STAKES Stake account D7xzdxG5u337Gz5t8m8cz2EZdsePZjw4ABwQ7KXMFQ8 is activated:  2.772957686
2025-11-11T04:55:58.101Z STAKES Stake account 6nacVWJkYKhiFEeMZufz7VBdwCpN7TCaMtctS4iXEciw is activated:  52.71935891
2025-11-11T04:55:58.101Z STAKES Stake account VC8x4XqVh1tuWqxEJW2twHGLuGst2peU46rY7H2LLW9 is activated:  0.003429449
2025-11-11T04:55:58.101Z STAKES Stake account 6VxroboxDX7jQ4ngtcvEBb2fYaUkt8Pb8sCMyk3xxPN5 is activated:  5.0263955
2025-11-11T04:55:58.101Z STAKES Stake account HNqVXRPn9fdXX4QuufzguiLx71NXP6GYXvs15f4sGYje is activated:  2.520743333
2025-11-11T04:55:58.101Z STAKES Stake account hMx2XyLwNoTHCTZbkBrkakYijhaigzSJKB9NRtLGHYm is activated:  63.000327403
2025-11-11T04:55:58.101Z STAKES Stake account 8Nnn9aJoB8tBbbbPb49DRruK1pSTkRi93BrFXnqvKcs2 is activated:  0.006427908
2025-11-11T04:55:58.101Z STAKES Stake account Gb14TRZvjXeDvyC2ELKUnwNvfA19P6Fnzmqp5CKakFDb is activated:  0.015415933
2025-11-11T04:55:58.102Z STAKES Stake account ApFpch1QVdSXFduqJugz4bQbPqY1rhBc5wtV6ZSupqfh is activated:  0.007031165
2025-11-11T04:55:58.102Z STAKES Stake account EsCtaPbB854qa7mry9GtTxEhBQAXxrRJTH1urb5iCGjX is de-activating:  0.003332452
2025-11-11T04:55:58.102Z STAKES Stake account Cbnqrm8GSpPoj9yR9QDcKFDiJ5J6UUZSCtisz4BGuLEB is activated:  0.003331204
2025-11-11T04:55:58.102Z STAKES Stake account 8SqQde1B2xNiYMMioT8EiYz2m8Gw1wtcGYLj9VPv5GpS is activated:  0.003488932
2025-11-11T04:55:58.102Z STAKES Stake account EkQWhuRcHj4Jc2DaCuZTwGgHk6PRv1M78qyiP2j4CVsy is activated:  0.003435678
2025-11-11T04:55:58.102Z STAKES Found:  19  accounts that can be de-activated delinquent validator 5cXLZKeTuRm95ng96K2qCdxB2kSU1ajW291HmEkNpXkM
2025-11-11T04:55:58.120Z DEACTIVATE Blockhash: 7KfUXuebMMGoKkoX531DfW4GuKShEoEzh77vdZ4HS3Mw
2025-11-11T04:55:58.159Z DEACTIVATE Sent tx: 337Eio78AZoLTm8wnZ4d119xwKEHZCEmxKYPBrZxgtZqTiDzkUn9VMb3w5zbafwMxke65uazKJmxXVXD3Ck6A7pn https://explorer.solana.com/tx/337Eio78AZoLTm8wnZ4d119xwKEHZCEmxKYPBrZxgtZqTiDzkUn9VMb3w5zbafwMxke65uazKJmxXVXD3Ck6A7pn
2025-11-11T04:55:58.259Z DEACTIVATE Waiting for confirmations...
2025-11-11T04:56:11.053Z DEACTIVATE Confirmed.
2025-11-11T04:56:11.053Z FIND Deactivated stake accounts with total balance:
2025-11-11T04:56:11.253Z STAKES Found:  12  accounts for delinquent validator 4u1Wi5yANaD9ABmi8xpdUYGLQSFxghX1D6LfgzdzrhdG
2025-11-11T04:56:11.253Z STAKES Stake account EoP3R86VR6vjrVNqefBjfJQB28BE7ZGaCq9HvAdSCrce is activated:  1.000000007
2025-11-11T04:56:11.253Z STAKES Stake account Gs1uxuGydSpdbvxegf1b4JCrj2z9Cf3VJrrjiMSd8eK7 is activated:  104.821865303
2025-11-11T04:56:11.254Z STAKES Stake account 6Ja69JX18BPRomPJqGZShGcrGSCauWkqaGmeeh3FEi8j is activated:  0.003382794
2025-11-11T04:56:11.254Z STAKES Stake account Bf1BFgmUj9T9Uq3mR2o9AK3o6G3349SPnqe1jhFLNkhw is activated:  0.032127015
2025-11-11T04:56:11.254Z STAKES Stake account FDkuRERQmUFmpE1sBS1E7oqPsiRm4ktUMNNCEpM3kW7n is activated:  13.683159771
2025-11-11T04:56:11.254Z STAKES Stake account 3sWa9PdBjyv3tXG4pVKBSW2ZV8uWZS5QePoYSzRmfP78 is activated:  2.586777367
2025-11-11T04:56:11.254Z STAKES Stake account GcfgWhYVP2vbenfz2HN9ojCVXhGSjUqpG9HG65DGykWV is activated:  10.000000002
2025-11-11T04:56:11.254Z STAKES Stake account AmUDnhE45Xp68h6dqFCDfXKKoRonApB8f3hs21MVe9Ke is activated:  10.000000004
2025-11-11T04:56:11.254Z STAKES Stake account FdjfAPQZuGW8of7P9b962JcbcNndDofpMWq5tsaBbPrh is activated:  0.003331297
2025-11-11T04:56:11.254Z STAKES Stake account GfuzhP5LHPr7XSrRKUsw2sbbz7RE6SzxqvWJZHXzJEQL is de-activating:  0.00328288
2025-11-11T04:56:11.254Z STAKES Stake account 4ZmBdoNoRwFwN5m7t2sSFAeQchQ6pZhmq4Xiknmo6bSU is activated:  0.003432618
2025-11-11T04:56:11.254Z STAKES Stake account HAStQDzbMekZ9sad4SpSAgysVg8nLBhh2hjuqPpGqxtF is activated:  0.003283572
2025-11-11T04:56:11.254Z STAKES Found:  11  accounts that can be de-activated delinquent validator 4u1Wi5yANaD9ABmi8xpdUYGLQSFxghX1D6LfgzdzrhdG
2025-11-11T04:56:11.271Z DEACTIVATE Blockhash: 3MpohRu2ttSR6PyAkndqWFyrocfBxsDAmnbQcrEADRzv
2025-11-11T04:56:11.293Z DEACTIVATE Sent tx: 3v2UzQiWchwjxLeFUPTZCNZ3rMBfyYvkEFspcsARfMsMxtWLnaeGnbMyHZ3Top4Bi81jWVHCGRuKvo6QBqJFWcA3 https://explorer.solana.com/tx/3v2UzQiWchwjxLeFUPTZCNZ3rMBfyYvkEFspcsARfMsMxtWLnaeGnbMyHZ3Top4Bi81jWVHCGRuKvo6QBqJFWcA3
2025-11-11T04:56:11.394Z DEACTIVATE Waiting for confirmations...
2025-11-11T04:56:24.631Z DEACTIVATE Confirmed.
2025-11-11T04:56:24.631Z FIND Deactivated stake accounts with total balance:
2025-11-11T04:56:24.772Z STAKES Found:  15  accounts for delinquent validator tssGAMwuwFBfJbPeyXTzMvGekdWcVi72Nqg1qzaabEM
2025-11-11T04:56:24.772Z STAKES Stake account HFNRENYk9DZFDRYeddg7uFNG6BDhgazVDYKCFu5Q2KQf is activated:  10.319512771
2025-11-11T04:56:24.772Z STAKES Stake account 2fur7ugjNRVNEK13KGWJKhryb1zH2mK6QoxT4Wo6tpT9 is activated:  8.770946827
2025-11-11T04:56:24.772Z STAKES Stake account H6Lg7Pek8n8v13b6LoVxPrgijVNpcrJrrBZC2rnyarkq is activated:  6.219407741
2025-11-11T04:56:24.772Z STAKES Stake account B9pZWt8fX2pMWRDqppFg9e3yfNnxEk8TXRAki5rTa116 is activated:  0.003436348
2025-11-11T04:56:24.772Z STAKES Stake account 6vcs6RGDQJrTihBuKXw1exR7z6JhFCD7gPHfkJzeLoJm is activated:  1.248107239
2025-11-11T04:56:24.772Z STAKES Stake account GJzv7bDZJW6BpcrkiezVCkkaEBt962Kx3JRH386RCoik is activated:  1.239840867
2025-11-11T04:56:24.772Z STAKES Stake account 2JWcWKhSzSdpxq9Tvtpgtgb4NYvYQLNLUb4HN5XiaWeg is activated:  0.00338389
2025-11-11T04:56:24.772Z STAKES Stake account GBbtUbRfzZDaRW32nCR4Hk6TnpPUbLdnMupcSqyPVGzj is activated:  2.535678019
2025-11-11T04:56:24.772Z STAKES Stake account Awa7SrzgkRKNgbpub4WR5k8tJibCUGih6ycob2ntFbUs is activated:  0.006433128
2025-11-11T04:56:24.772Z STAKES Stake account ChWnb3FfvAQgfbdWtz8fUSkg4PzDUCYnjc9Vn967deZn is activated:  106.213058857
2025-11-11T04:56:24.772Z STAKES Stake account 335MHRZeyn7tZ6XZmwMvNMoZJ7M7H9D4h5SyECMFnK1K is activated:  3.881413412
2025-11-11T04:56:24.772Z STAKES Stake account 8CwEfUVMbeU64z86mm6u3noByUraUkckjmyhkRAYwH7Y is de-activating:  0.00328288
2025-11-11T04:56:24.772Z STAKES Stake account AJFPDjP1jhAARgyaZvmQUpEiCi4P1p28u6A8ZWTL1R9j is activated:  0.003331299
2025-11-11T04:56:24.773Z STAKES Stake account FtmKAZ1D6RUeDFRj5vX5VyhiVJEMZbyNk81KYqgeAJ37 is activated:  0.003471137
2025-11-11T04:56:24.773Z STAKES Stake account HrVohwgvoh3A3oftcan7Ez7Ra2h3P7ndiagnZQ84odvm is activated:  0.003432752
2025-11-11T04:56:24.773Z STAKES Found:  14  accounts that can be de-activated delinquent validator tssGAMwuwFBfJbPeyXTzMvGekdWcVi72Nqg1qzaabEM
2025-11-11T04:56:24.790Z DEACTIVATE Blockhash: GNxCrc4orb431L9hCb7hYhsSscEPBhErLsV8svdqs5vX
2025-11-11T04:56:24.813Z DEACTIVATE Sent tx: 3sseAWvx5fr7bDQdbvyTooJzLp47iHSXE89uzm4qSefKb1V1agFhQGABK3kHRWxr5WyRSQ3hR14dsqU1aQJqaUKR https://explorer.solana.com/tx/3sseAWvx5fr7bDQdbvyTooJzLp47iHSXE89uzm4qSefKb1V1agFhQGABK3kHRWxr5WyRSQ3hR14dsqU1aQJqaUKR
2025-11-11T04:56:24.914Z DEACTIVATE Waiting for confirmations...
2025-11-11T04:56:38.207Z DEACTIVATE Confirmed.
2025-11-11T04:56:38.208Z FIND Deactivated stake accounts with total balance:
2025-11-11T04:56:38.346Z STAKES Found:  12  accounts for delinquent validator 3JFt7NBHuz7bR1wbWVKgGLkZx9QPwnkuW2sx2nREgbbr
2025-11-11T04:56:38.346Z STAKES Stake account G8AF5RXqxqb2XWPtFyZDp3YhcrgTvGmk5Fr2cpfAALBC is de-activated:  0.052258143
2025-11-11T04:56:38.346Z STAKES Stake account FHCKbxVtLMVXL4VD8VHVwQZJzpcUdoBZNuxVHCP6Bur9 is de-activated:  1778.759257067
2025-11-11T04:56:38.346Z STAKES Stake account EJMtyLS5Grdbo8H9YJy7L3os6tVavyvdu5n5SiuxQGBb is de-activated:  0.013801493
2025-11-11T04:56:38.346Z STAKES Stake account UTD6iffKQ2qfTWKBs4ZqFi1i5jKT8biVwZo43T6nfSo is activated:  0.006444618
2025-11-11T04:56:38.346Z STAKES Stake account 4aKAr4T4LJsR5R4JAagFQmg9i3Ep2bQopxhzJPzZWCVc is activated:  2.742778627
2025-11-11T04:56:38.346Z STAKES Stake account GiZKnipW4v1z4B2ZchtvCfkfGzzGpo7ojz6xHi9XzpF2 is activated:  0.003336039
2025-11-11T04:56:38.346Z STAKES Stake account FgBYhhfGhUhT8ty2GUTR1BF8rDG1GUrbTvp2n2MiJ9mx is activated:  62.347414873
2025-11-11T04:56:38.346Z STAKES Stake account EtLTC5iAX4g73SmPe4mwNrYnXJHrZ9aRgqN77ALJHyJj is activated:  0.008316259
2025-11-11T04:56:38.346Z STAKES Stake account 4fC2FixukUckAvUA3gdTidtZa2cTEowWvzbFTTJWh6tg is de-activating:  0.003287738
2025-11-11T04:56:38.346Z STAKES Stake account 48Ye8i9knkW65q7wTMRJGk3vq8pFsDBxPVyYZ2b7otAG is activated:  0.003332794
2025-11-11T04:56:38.346Z STAKES Stake account FYrA1SbSHjp35qMmb5W4Y4xikQmockTyhWbn5MvoAhe2 is activated:  0.003282938
2025-11-11T04:56:38.346Z STAKES Stake account 5ff5XurYQRpbYkAG2ewYnTVh3RC3DpFyf3ULY9cCubW is activated:  0.003440493
2025-11-11T04:56:38.346Z STAKES Found:  8  accounts that can be de-activated delinquent validator 3JFt7NBHuz7bR1wbWVKgGLkZx9QPwnkuW2sx2nREgbbr
2025-11-11T04:56:38.364Z DEACTIVATE Blockhash: CsCWbjSXzDw5ZtMBo7nVxrRBDopKwTp1kABzv32trVtn
2025-11-11T04:56:38.389Z DEACTIVATE Sent tx: 67i6GvodNAwcsKC19Fdxctt566rvAmbPd6aN31rUGSsxRb8TPHNK9vN5rBuyFNDVT4Xn1UfnUCT2z9TuGFBTt7V8 https://explorer.solana.com/tx/67i6GvodNAwcsKC19Fdxctt566rvAmbPd6aN31rUGSsxRb8TPHNK9vN5rBuyFNDVT4Xn1UfnUCT2z9TuGFBTt7V8
2025-11-11T04:56:38.489Z DEACTIVATE Waiting for confirmations...
2025-11-11T04:56:53.812Z DEACTIVATE Confirmed.
2025-11-11T04:56:53.813Z FIND Deactivated stake accounts with total balance:
2025-11-11T04:56:53.897Z STAKES Found:  13  accounts for delinquent validator 5ML8GpaqaZ3bv4nCKLRY8gb2WNMJkXinHwDwMWeNWjkk
2025-11-11T04:56:53.897Z STAKES Stake account CK28QegstJLavEiAN3HZ7dB5FjvJdsq5keQZCg2njkXi is activated:  0.036025001
2025-11-11T04:56:53.897Z STAKES Stake account 8DTfGkerXssk3dKx4ADG1k9aKm2AWb3szSSDnrECRfES is activated:  0.005292094
2025-11-11T04:56:53.897Z STAKES Stake account DoozuZE5UY5C2VqbS4a9gB4cLq6fWcR7tkwnrzMwKdgm is activated:  0.003382886
2025-11-11T04:56:53.897Z STAKES Stake account BLofUT98VZFUNEvqEHTTchUVcZgsDKzAAw3NpzgeU7yh is activated:  2.007195754
2025-11-11T04:56:53.897Z STAKES Stake account 3ngLWfkdynUQTQ6SR89gJf5RUSmDniosqnYjAM6DWpMj is activated:  13.000000003
2025-11-11T04:56:53.897Z STAKES Stake account inFta94EurWhc6x4a1BVsk5skfj6FFHxV41muFFrBQy is activated:  1.012968753
2025-11-11T04:56:53.897Z STAKES Stake account Dem42qv1CTBxH6wsaQCZk7pk7McbzxCGhEAQ6Nmo8eEP is activated:  0.003473433
2025-11-11T04:56:53.897Z STAKES Stake account 9BtNedEpsS213zxiNwbLccfmzhLqrtq4rQ9e165hFKd1 is activated:  2.617332878
2025-11-11T04:56:53.897Z STAKES Stake account 462ZLoEzzhmFg34ABBWxf6DuWhQdyAbBRSfWNBcy9HpD is de-activated:  106.086257588
2025-11-11T04:56:53.897Z STAKES Stake account BB78BMVxa6iZKVSdKLibC3xt8bng9aVUWk5aAG4v6ZLD is de-activating:  0.00328288
2025-11-11T04:56:53.897Z STAKES Stake account AA28NwNa1YpgNohNjC1Ezqmi6vQFRGktGfgc89tfttF9 is activated:  0.003331288
2025-11-11T04:56:53.897Z STAKES Stake account 7K9eHhuvMozyKEJAERQURGzPSzhHAdjrKpYHrbo954nx is activated:  0.003283572
2025-11-11T04:56:53.897Z STAKES Stake account F4vLn3yMT4WEGvZ6L4wvD1Wc1bxV9hoTftF69ZSGJC2x is activated:  0.003432544
2025-11-11T04:56:53.897Z STAKES Found:  11  accounts that can be de-activated delinquent validator 5ML8GpaqaZ3bv4nCKLRY8gb2WNMJkXinHwDwMWeNWjkk
2025-11-11T04:56:53.915Z DEACTIVATE Blockhash: 8YXpad5SjkWPiS7kDuG1DhQzkGDR8HzeKW1uCRzaxb3N
2025-11-11T04:56:53.937Z DEACTIVATE Sent tx: 3BJri2ynudr4VW7T5i4A9DEYLfjpmnasiRjjW4CsMXXcAhrxWXwwFadbStrE3txS138km8QJ4pHH944ZXj15tBbz https://explorer.solana.com/tx/3BJri2ynudr4VW7T5i4A9DEYLfjpmnasiRjjW4CsMXXcAhrxWXwwFadbStrE3txS138km8QJ4pHH944ZXj15tBbz
2025-11-11T04:56:54.038Z DEACTIVATE Waiting for confirmations...
2025-11-11T04:57:09.098Z DEACTIVATE Confirmed.
2025-11-11T04:57:09.098Z FIND Deactivated stake accounts with total balance:
2025-11-11T04:57:09.180Z STAKES Found:  10  accounts for delinquent validator 8CKQeLWLkFXD9kg2U4y238i4eQrAxsoVtNA1dAtysbfJ
2025-11-11T04:57:09.180Z STAKES Stake account 2Qp6LUDxEUHEEKphfJgR7mg3XNfsF2HzXZCaWmndhamD is de-activated:  0.003285454
2025-11-11T04:57:09.180Z STAKES Stake account DjeTEBKh76z6KS7V48rZ9yYLwPxwpoiFySPmvoDHHa4C is activated:  7.223036831
2025-11-11T04:57:09.180Z STAKES Stake account CZs2GiBsh1zdrwcvHL35QX8SpUKc4NspsXkzaQDu7Fv3 is activated:  5.10459545
2025-11-11T04:57:09.180Z STAKES Stake account G9M9Rnw7eCDjcKrn6RnVxQHGkdkS15dgHGCzGfKHs6tM is activated:  2.037680318
2025-11-11T04:57:09.180Z STAKES Stake account FXf5zRVTCaXKnz7LDRaCykbAwBZrv3swpqDU6wHLNdLo is activated:  0.003032137
2025-11-11T04:57:09.180Z STAKES Stake account 2FB7kp2a6rs41rsSd7dNdHiaQu61w9wkh7gesauVgWES is activated:  0.006439829
2025-11-11T04:57:09.181Z STAKES Stake account 3dYSFinZdsUaEpdJdf4idoapKshkffezi58UE6akZPMq is activated:  0.020011049
2025-11-11T04:57:09.181Z STAKES Stake account 2zfqNeB8qfQKkGx8eya8CvhPWomrUfTG3Y3p6MPHQiDM is de-activating:  0.003287738
2025-11-11T04:57:09.181Z STAKES Stake account 48ypEVdHeDWfkjuXMGhZBzefRCP483k5gvTyww8BenXQ is activated:  0.003332793
2025-11-11T04:57:09.181Z STAKES Stake account GwJQHpBjkXkqnttyYP46mwYUrJCTwbxs6FuvkQLC2NaF is activated:  0.003373287
2025-11-11T04:57:09.181Z STAKES Found:  8  accounts that can be de-activated delinquent validator 8CKQeLWLkFXD9kg2U4y238i4eQrAxsoVtNA1dAtysbfJ
2025-11-11T04:57:09.199Z DEACTIVATE Blockhash: 7TorRxhLTnnyFUhL9vZ6PBwAV9EmViTvv3LH8qP7bE8s
2025-11-11T04:57:09.259Z DEACTIVATE Sent tx: 56Bd1a74ks7ssUiMNFW4pBbHXH6Hmx5ffzDAk7xVi1fu6NWXhTPR6b1TGv1ggVbjiFavviEs12smuANRFKuMF9eK https://explorer.solana.com/tx/56Bd1a74ks7ssUiMNFW4pBbHXH6Hmx5ffzDAk7xVi1fu6NWXhTPR6b1TGv1ggVbjiFavviEs12smuANRFKuMF9eK
2025-11-11T04:57:09.359Z DEACTIVATE Waiting for confirmations...
2025-11-11T04:57:23.556Z DEACTIVATE Confirmed.
2025-11-11T04:57:23.556Z FIND Deactivated stake accounts with total balance:
2025-11-11T04:57:23.751Z STAKES Found:  10  accounts for delinquent validator 8b3JPQtHbw8MBJQNwUDVXC6xfaL26UNx6WA3GShGy5Vw
2025-11-11T04:57:23.751Z STAKES Stake account HUaBxVeQJjVAddHsY8c28m56brtF9grJ5i661SboHqz4 is activated:  0.003424889
2025-11-11T04:57:23.751Z STAKES Stake account GjN2ej6NsXMnxrnoS9we3dK69GE9X3YjPoictWYZbMoD is activated:  2.510006763
2025-11-11T04:57:23.751Z STAKES Stake account DJqmGm5hUFBAHMWZEfZ6fJt6x8px8YrzYsdYxRgrQogA is activated:  10.000000002
2025-11-11T04:57:23.751Z STAKES Stake account DshtktFYLFYTUqiM49oLCGBK5QrwK7MZd7xdJqZ2Ushe is activated:  0.003383298
2025-11-11T04:57:23.751Z STAKES Stake account 4CTU8kxFijatP3AyDFfPCiJpXBLgf6SFuHZug8PGa1FD is activated:  0.006428327
2025-11-11T04:57:23.751Z STAKES Stake account FtomWQN92YaniNi9nsEYsb5upyypaU3XtuYbqcnbAM3A is de-activated:  107.596380418
2025-11-11T04:57:23.751Z STAKES Stake account F7XDnDGJ6fsNANvNdkJibaax98bhV26zfK4QKuBhxADN is de-activating:  0.00328288
2025-11-11T04:57:23.751Z STAKES Stake account 3W7er5AeSpoUPypboY69k2JbtUqMKKc34yJwMgQzDp1W is activated:  0.003331299
2025-11-11T04:57:23.751Z STAKES Stake account HGzCYjBE56svywU8FhQqTTXJ3gns2USBgstvZKP8zLW2 is activated:  0.003283572
2025-11-11T04:57:23.751Z STAKES Stake account B6sxULsSE6NjxmDm8WHRiZJ7Y4jPQJVuBbg15MnSsZYK is activated:  0.003433628
2025-11-11T04:57:23.751Z STAKES Found:  8  accounts that can be de-activated delinquent validator 8b3JPQtHbw8MBJQNwUDVXC6xfaL26UNx6WA3GShGy5Vw
2025-11-11T04:57:23.769Z DEACTIVATE Blockhash: 6reA8ZukWoFc3DdeZZNdxCSXLqycTJftHKWtZ2kQPxk3
2025-11-11T04:57:23.789Z DEACTIVATE Sent tx: 4SJ2ePBBfMLrqWmy1q4W7XhpNNr3sxyix4SVdATqFQG5EbVMiBfjLiKxVfVcJBNzsFHCDMZZJvEA4FwbKDJVbYE9 https://explorer.solana.com/tx/4SJ2ePBBfMLrqWmy1q4W7XhpNNr3sxyix4SVdATqFQG5EbVMiBfjLiKxVfVcJBNzsFHCDMZZJvEA4FwbKDJVbYE9
2025-11-11T04:57:23.890Z DEACTIVATE Waiting for confirmations...
2025-11-11T04:57:36.479Z DEACTIVATE Confirmed.
2025-11-11T04:57:36.479Z FIND Deactivated stake accounts with total balance:
2025-11-11T04:57:36.560Z STAKES Found:  1  accounts for delinquent validator AdxFbsvPe5JcF77gcUHjPdtzyweqoxn8BNLzh74Cra5j
2025-11-11T04:57:36.560Z STAKES Stake account E1UVoJG7Ki23vjtVNQuRkZAjzSfghY3kQp26UiTyD518 is activated:  0.51
2025-11-11T04:57:36.560Z STAKES Found:  1  accounts that can be de-activated delinquent validator AdxFbsvPe5JcF77gcUHjPdtzyweqoxn8BNLzh74Cra5j
2025-11-11T04:57:36.578Z DEACTIVATE Blockhash: FuB8hYVMk4EgbgsmhWZjRyYtXKorVk9hNoHLtu1NMCTz
2025-11-11T04:57:36.597Z DEACTIVATE Sent tx: 4WBGnRDQiKTtnj8DWM46NtbSixiQNEUv4Fc18MPDuwbE2TYH9QxG23K9kjrVwcFmJtTgpRzJo8VyQiYAiEKGoutG https://explorer.solana.com/tx/4WBGnRDQiKTtnj8DWM46NtbSixiQNEUv4Fc18MPDuwbE2TYH9QxG23K9kjrVwcFmJtTgpRzJo8VyQiYAiEKGoutG
2025-11-11T04:57:36.698Z DEACTIVATE Waiting for confirmations...
2025-11-11T04:57:49.852Z DEACTIVATE Confirmed.
2025-11-11T04:57:49.852Z FIND Deactivated stake accounts with total balance:
2025-11-11T04:57:49.934Z STAKES Found:  1  accounts for delinquent validator GMCVHZip6b12GY8rEJQB6PvEUfUiNae4j4Vyo5Ck9fTL
2025-11-11T04:57:49.934Z STAKES Stake account FLjhqjgpPQNjQS3kY4g3ncfaz8DauTL23DXbr2pJz4ki is activated:  0.500000002
2025-11-11T04:57:49.934Z STAKES Found:  1  accounts that can be de-activated delinquent validator GMCVHZip6b12GY8rEJQB6PvEUfUiNae4j4Vyo5Ck9fTL
2025-11-11T04:57:49.951Z DEACTIVATE Blockhash: EYKp73LLaa3oWaRU6ZuLSbmqJshKYLj3AKU9ivnuxTcZ
2025-11-11T04:57:49.972Z DEACTIVATE Sent tx: 2fYdfZsnx5DGmChhPjHD9GsxqeKBXrT6P59sERvprLiAK12Du6mnyit2uLBBNibtdCGv8X19LfYKF8SQNjEw1gv4 https://explorer.solana.com/tx/2fYdfZsnx5DGmChhPjHD9GsxqeKBXrT6P59sERvprLiAK12Du6mnyit2uLBBNibtdCGv8X19LfYKF8SQNjEw1gv4
2025-11-11T04:57:50.073Z DEACTIVATE Waiting for confirmations...
2025-11-11T04:58:02.805Z DEACTIVATE Confirmed.
2025-11-11T04:58:02.805Z FIND Deactivated stake accounts with total balance:
2025-11-11T04:58:02.889Z STAKES Found:  4  accounts for delinquent validator CbLH696Fct3cQXRdiLMPqYU4uZiLZBDVs7kEYYvtUtXw
2025-11-11T04:58:02.889Z STAKES Stake account HS9nCsKtQzCZ675YmuAvS1nm9XZiikmvMoso2zXNgMo3 is de-activated:  4.119551502
2025-11-11T04:58:02.889Z STAKES Stake account 8BNQ86gncLr7nh7BqVS4STNANfLKk92WCbgkdUYhWEBr is activated:  0.021383741
2025-11-11T04:58:02.889Z STAKES Stake account Az3jC5NiGmvFR5DYHdEqpNf7eMg9ocywJpQMEU1EWwgz is de-activating:  0.003314602
2025-11-11T04:58:02.889Z STAKES Stake account 4jzYkEiyZi7UmVwj91GDLrKyjyo36giuYRRphqZFP5ee is activated:  0.003318559
2025-11-11T04:58:02.889Z STAKES Found:  2  accounts that can be de-activated delinquent validator CbLH696Fct3cQXRdiLMPqYU4uZiLZBDVs7kEYYvtUtXw
2025-11-11T04:58:02.907Z DEACTIVATE Blockhash: Cq1h2nNR8ZGkPZcp8w4NBM1PJun6KtgbvtvPmTQvaEjc
2025-11-11T04:58:02.928Z DEACTIVATE Sent tx: 3mNrMeXZUoQqQeYo1UiMdaCLUXJPrguuuvZwEbm1toZVqsB3QCEuybGEnwARU3CX8nudNfAs8xr1RnH1jjbMfTwp https://explorer.solana.com/tx/3mNrMeXZUoQqQeYo1UiMdaCLUXJPrguuuvZwEbm1toZVqsB3QCEuybGEnwARU3CX8nudNfAs8xr1RnH1jjbMfTwp
2025-11-11T04:58:03.029Z DEACTIVATE Waiting for confirmations...
2025-11-11T04:58:15.849Z DEACTIVATE Confirmed.
2025-11-11T04:58:15.849Z FIND Deactivated stake accounts with total balance:
2025-11-11T04:58:15.932Z STAKES Found:  5  accounts for delinquent validator BHuk6wv9pskvSuMxzAFksmFNxEWZDHDsYWSwvTKcCnhx
2025-11-11T04:58:15.933Z STAKES Stake account 5X9t3AriGaqvrVrQ1za96Yv4fikdBbKgDiMe8hZgikzY is de-activated:  1.122577835
2025-11-11T04:58:15.933Z STAKES Stake account 2CcHpiSZ7DD9Vf5gBJfFfM5PYLe9xzEbrrokWMFgMRwa is activated:  0.003315652
2025-11-11T04:58:15.933Z STAKES Stake account 338XrXac7LJQqhnwbfZ7mCJ28hvbiT8LFg76VBwwd9ta is activated:  0.017301784
2025-11-11T04:58:15.933Z STAKES Stake account BSV4FowUXcL4cWf9ZAVPzjdx78FbgMjMjjDfKwR6W8qj is de-activating:  0.003329266
2025-11-11T04:58:15.933Z STAKES Stake account 39Bmj68LbtwWdA9vm4srNWMCsv5YpM6iiYgxoL9wQ7tj is activated:  0.003331797
2025-11-11T04:58:15.933Z STAKES Found:  3  accounts that can be de-activated delinquent validator BHuk6wv9pskvSuMxzAFksmFNxEWZDHDsYWSwvTKcCnhx
2025-11-11T04:58:15.976Z DEACTIVATE Blockhash: GfoqLq1FkcNY3oNyxceXoi2cCJFvDPgesF3M3HodWsjw
2025-11-11T04:58:15.995Z DEACTIVATE Sent tx: 4RR4iPvAQHfdq8RfqhYnWkQTRuTcLLVgXEJo5yuDukFuwwooJ51ehmEGoXLNgBgRVxZ8m92tjMeLEV6Wa5U3EZJn https://explorer.solana.com/tx/4RR4iPvAQHfdq8RfqhYnWkQTRuTcLLVgXEJo5yuDukFuwwooJ51ehmEGoXLNgBgRVxZ8m92tjMeLEV6Wa5U3EZJn
2025-11-11T04:58:16.096Z DEACTIVATE Waiting for confirmations...
2025-11-11T04:58:28.941Z DEACTIVATE Confirmed.
2025-11-11T04:58:28.941Z FIND Deactivated stake accounts with total balance:
2025-11-11T04:58:29.023Z STAKES Found:  3  accounts for delinquent validator BNMpeggKMXACBVr26ebGyMy3RvuQBMDo62co1RpLKwuG
2025-11-11T04:58:29.023Z STAKES Stake account 8ck3gZdekVN9NBwkDr8VmG4YK51PaRTG4f7YePNQfxvH is activated:  0.015178625
2025-11-11T04:58:29.023Z STAKES Stake account CoT3HrpVg2CSShm1JzyQFHbhk1FgVv37FXguxCSuns9R is de-activating:  0.003323431
2025-11-11T04:58:29.023Z STAKES Stake account 7kbCN8CwkmDhMHeJonG25Ac12R9wmuR8tFWEhJ48NmKf is activated:  0.003326551
2025-11-11T04:58:29.023Z STAKES Found:  2  accounts that can be de-activated delinquent validator BNMpeggKMXACBVr26ebGyMy3RvuQBMDo62co1RpLKwuG
2025-11-11T04:58:29.041Z DEACTIVATE Blockhash: D4CTZ9cTWqWYPYcSxDQw6uci8tNidFcwJr2tP6AdMiQ7
2025-11-11T04:58:29.061Z DEACTIVATE Sent tx: 2PMrYjh3aG1jYMi1FWEeVwcq4ZCt5Hx7DZjn2t8myDTuqqvMmgzzfccpY6whZToei1iqoR4wpyUmEEjmasfBMdim https://explorer.solana.com/tx/2PMrYjh3aG1jYMi1FWEeVwcq4ZCt5Hx7DZjn2t8myDTuqqvMmgzzfccpY6whZToei1iqoR4wpyUmEEjmasfBMdim
2025-11-11T04:58:29.161Z DEACTIVATE Waiting for confirmations...
2025-11-11T04:58:43.509Z DEACTIVATE Confirmed.
2025-11-11T04:58:43.509Z FIND Deactivated stake accounts with total balance:
2025-11-11T04:58:43.590Z STAKES Found:  1  accounts for delinquent validator movwsCDJfXrt5mPfVdTC9u8pETrTysEdFxicvbZUxTz
2025-11-11T04:58:43.590Z STAKES Stake account 2a4VgGZAoHmaX5MQQxDuAnnZC8vDuEHrz4W8nHh39ssz is de-activating:  0.00328288
2025-11-11T04:58:43.590Z STAKES Found:  0  accounts that can be de-activated delinquent validator movwsCDJfXrt5mPfVdTC9u8pETrTysEdFxicvbZUxTz
2025-11-11T04:58:43.590Z FIND No deactivations possible for this validator
2025-11-11T04:58:43.590Z FIND Total de-activated: 9255.387298722
