2025-08-18T22:54:49.135Z FIND Found epoch range to explore:  831 835
2025-08-18T22:54:49.142Z FIND Found delinquent validators [
  'CqSMzh8DWZeqYVa5M1V1rHU825T19NCjYipM3pkdHncm',
  'G38Ezs9ipvhgatJWVkPhbRLY6is28ug33uctDrSq3woG'
]
2025-08-18T22:54:49.144Z FIND Found reference validator he1iusunGwqrNtafDtLdhsUQDFvo13z9sUa36PauBtk
2025-08-18T22:55:19.694Z STAKES Found:  210  accounts for delinquent validator CqSMzh8DWZeqYVa5M1V1rHU825T19NCjYipM3pkdHncm
2025-08-18T22:55:19.695Z STAKES Stake account 8SdqAZQhQZwNiC3BMnM8ptPz6bStUSWHtfx8L2AcV9h9 is de-activating:  0.037253375
2025-08-18T22:55:19.695Z STAKES Stake account 3iG7XmxcKZ8MFWruLokprWWfGuu16jb3SoLLBPygSCtK is de-activating:  0.00328288
2025-08-18T22:55:19.695Z STAKES Stake account 3VcEXpSpVbL1Xayd7FyFgZd5CxCkPMt5KENkeh7wgfE2 is de-activated:  0.115608383
2025-08-18T22:55:19.695Z STAKES Stake account 31cvhSksgV9dRC7sZCTXiZGjd5Npnipwm1ys8m8mvj8m is de-activating:  14.309363654
2025-08-18T22:55:19.695Z STAKES Stake account 2hV7hsTVgQVvkQcLkwR9NjmwzitEipu9V3aqV2RSxqKK is de-activating:  1.718224343
2025-08-18T22:55:19.696Z STAKES Stake account Cc2URv3DHWys16sJ8gPpWszHN6dn9EjfETd54nXzNcZx is de-activating:  3.553014197
2025-08-18T22:55:19.696Z STAKES Stake account Bz9ZHvnK3MdAdYrcY2c44LNGqJ7cDk6hz9jpN1jA9W9L is de-activated:  20.26144538
2025-08-18T22:55:19.696Z STAKES Stake account GUaVcVKxZMwFbpNyU7huvdaDSrWMsN4w8u1xeH4L87Bp is de-activated:  2.258176053
2025-08-18T22:55:19.696Z STAKES Stake account r1cAVD2j9d1xY4GWP5nJuGNL4qyErBPzR7ftuD1VHax is de-activating:  16.139240461
2025-08-18T22:55:19.696Z STAKES Stake account 9aaCMck8UGDdgQgGZFL6Zfy9YCt9Kp4zg6RPM9NnYteA is de-activating:  6.530713735
2025-08-18T22:55:19.697Z STAKES Stake account 6hXDL4xdStBCsdMuktUCbY1rZzp3ii56NUETQLAbDvMV is de-activating:  53.718161153
2025-08-18T22:55:19.697Z STAKES Stake account vxJ9mv7teLogLavB68QnFDadxEF54J1wgLekbgcCaP1 is de-activating:  18.344260835
2025-08-18T22:55:19.697Z STAKES Stake account 9nA2Yua7pfRsS5UMMjdt2MNuPdxt137HZSKnF5NNqzbH is de-activated:  24.451674717
2025-08-18T22:55:19.697Z STAKES Stake account CZPieZhPiiz1N2HeVXkhmNMctWwMpArY4X26SfQB6Gjr is de-activating:  3.841250703
2025-08-18T22:55:19.697Z STAKES Stake account 2SRLHkTagXiCkUiADAXg4983hStFCi4JtaDxPtafK14U is de-activating:  14.822510539
2025-08-18T22:55:19.697Z STAKES Stake account 52LunXcZxs6bpcNjZKYddkmCBLoTHcCxn2YKzsTjgBwg is de-activating:  25.547775149
2025-08-18T22:55:19.697Z STAKES Stake account 6q3xvDBwXj6t4vJFD8ziuFLsN5RsxabnAp4jUq9uYuVk is de-activating:  5.290039135
2025-08-18T22:55:19.698Z STAKES Stake account 7DTFQFR1JPEsHtzBpjKY3spqeRT2BMvJdnyAsUHAPCWM is de-activating:  16.981162489
2025-08-18T22:55:19.698Z STAKES Stake account aXKUXMR3igHtBGJsR7u2oe9d8v7nZnk8aa8EjPgBZYi is de-activating:  40.803098587
2025-08-18T22:55:19.698Z STAKES Stake account FoVuHHLRB4t1Un84vBZH1UfibCgvhBACx5PvC54uAnpP is de-activating:  21.587857342
2025-08-18T22:55:19.698Z STAKES Stake account 48wHJJKzHzrcdExYr92St7WAUEFBHTDiHKGXfgeKdxgU is de-activating:  1.1515814
2025-08-18T22:55:19.698Z STAKES Stake account FZjTqMU5d4GRSamFeiuSbQj53znvJsrPFiK1wEZsQPJd is de-activating:  222.105362775
2025-08-18T22:55:19.698Z STAKES Stake account BDDUaGr1RtZrA7wJTVYbKCGmKukFWKuoVgMvbtSaYLxD is de-activating:  102.350781901
2025-08-18T22:55:19.699Z STAKES Stake account H5MMFWEGvq27LuBskh1iL8SZQUZLT76GVNQcRYW2sENt is de-activating:  3.767615108
2025-08-18T22:55:19.699Z STAKES Stake account 3KwycnJ6WL7jbQmzoFUQMTfaLT6gMQ97W1FB8LvYZH5Z is de-activating:  40.471282944
2025-08-18T22:55:19.699Z STAKES Stake account 67UsxJmNz5q2CCZx8KqvrV5ExWvKHWp9kJYEUETTMeTM is de-activating:  2.407173161
2025-08-18T22:55:19.699Z STAKES Stake account FvB8VpDuD1QoKkTREL6zyTNoJh75wWKGvDw41S2N1SNy is de-activating:  2.162012641
2025-08-18T22:55:19.699Z STAKES Stake account HNMmmThaCpbZz1LJv5BEHtCaMRVDEqDDFxrxx4ywfcyg is de-activating:  34.254632623
2025-08-18T22:55:19.699Z STAKES Stake account gdrFgpjrFn8wN1Dz7nS7nfYDF6KBCE4SW8xQ2VQaGDH is de-activating:  15.604150467
2025-08-18T22:55:19.699Z STAKES Stake account BfpEuN2dTGLz4THvy6KJLBuyZTTmpZumh5VW1HYLaq4U is de-activating:  13.690902698
2025-08-18T22:55:19.700Z STAKES Stake account B7qqP4RpsvWWvwd9eWwyvdUKvFiPyCuabYhVyE8HbyrD is de-activating:  0.002282881
2025-08-18T22:55:19.700Z STAKES Stake account 8uEwVQDWWcDb9MLtd8HqazHdX9XAoauK3mJdMWLeZqGr is de-activating:  11.225654867
2025-08-18T22:55:19.700Z STAKES Stake account 6AnZmvA6fMiiwKGpkmqVQzTVwRuefAgsgyG9tSnZXYXC is de-activating:  34.179301385
2025-08-18T22:55:19.700Z STAKES Stake account B9VTL1SMMhQFcuUt4p6unEhhAa3tUS8mKGNcRjGnwTxJ is de-activating:  2.707231091
2025-08-18T22:55:19.700Z STAKES Stake account 44wBNaZx9xjYg5ejKCDKQofPLVjvJxGDd4tTyb1Lr7p9 is de-activating:  0.011800411
2025-08-18T22:55:19.700Z STAKES Stake account GfSJ4HQAATnzQNWMg5C3pLuZB6aFEx5tfgVntS7ASucP is de-activating:  0.003330664
2025-08-18T22:55:19.700Z STAKES Stake account 5R17wKTj8NCD5GeLDA4W9dS5NjUWnHKvcAVGXKMkk26h is de-activating:  0.014497146
2025-08-18T22:55:19.700Z STAKES Stake account 7Sbv3XwsLRHT8WapjNu2NPJaZY8W5q2YxBiWiofSL3wF is de-activated:  2.287520087
2025-08-18T22:55:19.701Z STAKES Stake account 7rPmSMQCLNyBxncHf8gtmiLuLJHZzQNgxxE27gYSLxfy is de-activated:  0.00228288
2025-08-18T22:55:19.701Z STAKES Stake account 922jjuJbSyqAD1KPSKPTeEKKLUYqhdBGA4rMTAu4TUpb is de-activating:  1.657780812
2025-08-18T22:55:19.701Z STAKES Stake account E6LEX8na25p2vVBrwjyvrfYE7rxqNoUztMHsakes1LwA is de-activated:  2.493017646
2025-08-18T22:55:19.701Z STAKES Stake account CDdszBCr6HGc7AvscRtp5194dmzyxwGTpfGWwJjGvQva is de-activating:  25.356810871
2025-08-18T22:55:19.701Z STAKES Stake account 3vxGJvTXz8HPaXKizkpnVgHgFtaN86N19NgqX9SQWdw1 is de-activating:  10.270810372
2025-08-18T22:55:19.701Z STAKES Stake account 67dG9ffVD85ahwRKCmzVB7hngDfroTHqZUhe3vdWDCz is de-activated:  1.366538383
2025-08-18T22:55:19.701Z STAKES Stake account CGWzJbGTMNRnxYzSeKVEeuXvXLW1fVane9B75MEB6Ti7 is de-activating:  6.702667448
2025-08-18T22:55:19.701Z STAKES Stake account GuUyVfTmhh4PkGZUpvr59rYeuGTzb3FkWEiWE64w277K is de-activating:  105.087693969
2025-08-18T22:55:19.702Z STAKES Stake account 9a6h7WbZBXDB9bPNSArdVUR9Tx5M5pud2qzngM5STRPp is de-activating:  0.003418165
2025-08-18T22:55:19.702Z STAKES Stake account eUxUQEs71X1jQMqCXDffDgciDzgigQ3ShYSdHu4eLxw is de-activating:  116.366475407
2025-08-18T22:55:19.702Z STAKES Stake account J1muRFW1UTEQgqt6vuQUkaphwndCYqLvsYLoqQJ3XQeK is de-activating:  10.151436273
2025-08-18T22:55:19.702Z STAKES Stake account DrQ6vonxbWYtWFVSaiLhxNTweA78EsTCvrhUJHTW74oc is de-activating:  4.178483508
2025-08-18T22:55:19.702Z STAKES Stake account 23Rv4dPFWAMJgcncLnVRNNbBhZLaNr3NhUPPFonugtmM is de-activating:  19.489035667
2025-08-18T22:55:19.702Z STAKES Stake account 3CuzNQFLrGKcpRt3KLvybq6nqWQYve8ZmYQrMnAoqMyC is de-activating:  12.074621089
2025-08-18T22:55:19.702Z STAKES Stake account 4LXJRMf3gxJs3mNcmwzgEUJRkKYQ7dKs7wK24gM6wRxn is de-activating:  0.393348438
2025-08-18T22:55:19.702Z STAKES Stake account 8ie3zcLNL3JYxePcWRN4769rhWS6rXb6hTtoZ5e964vh is de-activating:  30.012360891
2025-08-18T22:55:19.703Z STAKES Stake account 9DHN3ptcu7BBCrbMB2mdXzy7ujX9ye79KQapVd528GQi is de-activating:  50.30600288
2025-08-18T22:55:19.703Z STAKES Stake account bS68mW3XU1wpfuLC1t1RD1BnGBZLrvaEMxMU5X7fTtS is de-activating:  10.052325657
2025-08-18T22:55:19.703Z STAKES Stake account CJtKQKFNqSbEjW1LVKm2MivAKaeueRSqD9fTcFzCaTqA is de-activating:  40.038058348
2025-08-18T22:55:19.703Z STAKES Stake account 86E2b9rUPmfAVMbaHfMuomaL3NmLVPz1cRGoVAeitnRv is de-activating:  38.04622777
2025-08-18T22:55:19.703Z STAKES Stake account FzrX9reGXHfe6hKbcJzmu5ktS1X1Cpk6992UNTWwgbBc is de-activating:  0.413952343
2025-08-18T22:55:19.703Z STAKES Stake account BFeJkBpQW5vKA3zVKFWpiKfRWE9hi44XKCRnWWpcBGqW is de-activating:  23.992887007
2025-08-18T22:55:19.703Z STAKES Stake account 97FQAFZ4Qhi3VPZhSiDxfQHcDA3mNm3BXBbMwhydfTW6 is de-activating:  1.996568905
2025-08-18T22:55:19.703Z STAKES Stake account E5cFkmKRM67G99SCFwubnj2FsiWqs5759a52ReavTcSy is de-activating:  11.03489955
2025-08-18T22:55:19.704Z STAKES Stake account FL4dGc6SGxtithFsV8Ec6tetw21724md8Q3VcStzVZJD is de-activating:  0.091655597
2025-08-18T22:55:19.704Z STAKES Stake account J9i8AngRbv5jKkK6o4oc3XLJYxhXujmpFGg5e6ZpqXJy is de-activating:  1.146230705
2025-08-18T22:55:19.704Z STAKES Stake account 4sCDjWvaMwMddWB59JekMNHzYSYLP2GMbNEXVKYvbSMx is de-activating:  3.533162442
2025-08-18T22:55:19.704Z STAKES Stake account bHDVCycUrVgaMGPrPedYQJjGmg9JFTgW2bmUbn9fWeb is de-activating:  0.182541752
2025-08-18T22:55:19.704Z STAKES Stake account E6qkEhPQEpZKbSJzbkFnu6ZCr47PyHdeqkcTF7ky1Uzf is de-activating:  0.179937347
2025-08-18T22:55:19.704Z STAKES Stake account AKvkhtDBm8oXxKuNxMjDrLhLSKWrZwQ6gAagMdcT76zF is de-activating:  54.638557428
2025-08-18T22:55:19.704Z STAKES Stake account 77sw3hKpi9sKrLGpZzuiwrAkP6wC1uz4Jw4SFzrC2p4v is de-activating:  0.817752742
2025-08-18T22:55:19.704Z STAKES Stake account ErW5Lo2DVsYMeEdnFkrgNojrHS9p3GafDRDxzTcD2gye is de-activating:  33.428411804
2025-08-18T22:55:19.705Z STAKES Stake account 2y6AMPmze1XnBSCGbkBdEp7weYLUCgMoFgKJBGEcZ66t is de-activating:  10.813272427
2025-08-18T22:55:19.705Z STAKES Stake account 4MeuvpjL7kxrSBU6TZ9ctUTFH1uayFYVCeZNuaGgYZiz is de-activated:  0.002300021
2025-08-18T22:55:19.705Z STAKES Stake account 3DqrwT5EGwymy9cpRcrWenAqrszQiHM4UsUojVZE4aPr is de-activating:  14.221120609
2025-08-18T22:55:19.705Z STAKES Stake account GTUUa3JQMLBoysFWy6kDLgN6Bj8sZQXUNMzFmJGu5pTv is de-activating:  1.489411725
2025-08-18T22:55:19.705Z STAKES Stake account 7CNXcVEPfbPgv6Xdq1Vu6CV2ddF6hwbwBa1ufCaF9XhR is de-activating:  2.468805171
2025-08-18T22:55:19.705Z STAKES Stake account 6ZcTcN13H6y9kTG7DDZocK8EGn9A54tpTu2VjwZJn1fR is de-activating:  5.002109327
2025-08-18T22:55:19.705Z STAKES Stake account GbR2BtMxBTjtSwQGddyPjuUCyMByyTGBHStwJH7gKPdK is de-activating:  0.62005677
2025-08-18T22:55:19.705Z STAKES Stake account HnxX42HJUQpgzrQ1QSbGS5NQZR4w2nrvQhgEnnrTJXHX is de-activating:  114.663174869
2025-08-18T22:55:19.705Z STAKES Stake account CPMfEs4Lzan2yGTGpDRYRrfLiLhJSz74cpx6Kf6dCdZr is de-activating:  0.021459418
2025-08-18T22:55:19.706Z STAKES Stake account Dpzr4H7RkcLx4i3ag3ieHu66Ata1rX2qHuFDWKNQp31i is de-activating:  16.218767284
2025-08-18T22:55:19.706Z STAKES Stake account 3DySB7mzy9tsEbknHWmpvb9eESMYq2guCjN5CYVFaFkM is de-activating:  11.299452778
2025-08-18T22:55:19.706Z STAKES Stake account BaM1QGfmo9wdDZZwYCCpxjBBhxCTqXZETVdq4wqZenve is de-activating:  33.825375797
2025-08-18T22:55:19.706Z STAKES Stake account E3oJLJRLrJSsiJm5iEPBzNrxzmdCruPbKpaBCUWCzEWd is de-activating:  116.012309449
2025-08-18T22:55:19.706Z STAKES Stake account ByT5QkoVvsU7tmFjYNthAQ4ABwnq244Kdnu6EafG8odk is de-activated:  22.627448863
2025-08-18T22:55:19.706Z STAKES Stake account 5yMF83QhPmJvWgeyEN35yc9RocyQHfipzqXfic9AMUx4 is de-activating:  3.826837411
2025-08-18T22:55:19.706Z STAKES Stake account G2ouvXDNAtGjTwz8qqVytFzGX6MNFsecfoJ6YYnzKhxm is de-activating:  0.00331696
2025-08-18T22:55:19.706Z STAKES Stake account 7VtduE4ZubQexH86H6ohnCycsdMePNu1ZvviWcKCCDDa is de-activating:  8.51922089
2025-08-18T22:55:19.707Z STAKES Stake account 9vXGT1myGSJvVvm7bTnKo69JGvhcsoo2rvku9aj64iXP is de-activating:  2.693010074
2025-08-18T22:55:19.707Z STAKES Stake account 7XmJu2TrEAv2vrJeBLC1kFngUWR8CCAAgBvW3X5c8k5 is de-activating:  24.564050626
2025-08-18T22:55:19.707Z STAKES Stake account 3JLCLmfRmBroMNg74gx7uk3sUVkdaQ39SkG3bVKTxnEn is de-activating:  5.377262655
2025-08-18T22:55:19.707Z STAKES Stake account D7KjCKfi9tLEwQxpnp6FopUFuCSknSsXxDiagQvqSbNb is de-activating:  15.144285283
2025-08-18T22:55:19.707Z STAKES Stake account Bd6pcKvDn3b3rJxktwP6vCxuHMFrFEY3CN92sLr8JzwV is de-activating:  10.186967276
2025-08-18T22:55:19.708Z STAKES Stake account EUHqapkmsYVrKALA3cNo5qr7wz7XW1v4vniVp326N68d is de-activating:  111.331319144
2025-08-18T22:55:19.708Z STAKES Stake account FyzmNW3jvdoyUTSEpPHM47MDY29XshSNnBkqA5wmXQ62 is de-activated:  0.420292151
2025-08-18T22:55:19.708Z STAKES Stake account 4g4aXEPdo4yHdoUBcCyQtuuNVn8GBbqYKXnSVKe4d2SG is de-activating:  26.730052687
2025-08-18T22:55:19.708Z STAKES Stake account AAudFQUPda8MwqTD87U2sUSbTvtKtKCXL8EhxdkMvWsX is de-activating:  0.519267585
2025-08-18T22:55:19.708Z STAKES Stake account 53uPN3L432fxjLqX6f37tmUVWJi4BoNDcMg12XLbNpHt is de-activating:  20.438051364
2025-08-18T22:55:19.708Z STAKES Stake account MDNmahiR1dpJyxBzykQER92ppZ7VPbHh2fTFLMc1xEk is de-activating:  57.272378007
2025-08-18T22:55:19.708Z STAKES Stake account 2K2bbeymmF36gHMpvKBC1y2sj1cxMo3wuYp8FFaWre19 is de-activating:  16.591158588
2025-08-18T22:55:19.708Z STAKES Stake account WmFwBDSRD1c9jmJHjyGrq7nnXKwnQV7ghEb1C1wLMsu is de-activating:  1.295030857
2025-08-18T22:55:19.708Z STAKES Stake account 5WJ1WugzdKdmD1VMcg5GbVrAUjkUvmCnYXPDdSEM8GDN is de-activating:  2.508505395
2025-08-18T22:55:19.708Z STAKES Stake account 4QrrFxbAyzoSBc5zNs6AzrcRJJ8drDC6iJXGpwEsM8Zv is de-activating:  56.558845382
2025-08-18T22:55:19.708Z STAKES Stake account E8ERd5W5HBncjvjz4yKxVwgqR4J3XfxUB5tfqWiV2HVD is de-activating:  1.664434851
2025-08-18T22:55:19.708Z STAKES Stake account J8BVWJZXjKv23yXs5EDzVpG757Hz6vaRVtYiRFTmrvsu is de-activated:  0.014681264
2025-08-18T22:55:19.708Z STAKES Stake account FxbroScbQ1rqWbEk5vx5bYhXUnbZ2PVpaz2dZmQDQ2UA is de-activating:  3.752087731
2025-08-18T22:55:19.708Z STAKES Stake account 5MYWmuBLEMokeu3onyJXzpThMXQcPoZ5anfoVokcW8oi is de-activating:  0.128650486
2025-08-18T22:55:19.708Z STAKES Stake account 8nrkrzHhc9EyCQ6NnZiBipGcV86995sVy7qPHRfEADX7 is de-activating:  11.225654867
2025-08-18T22:55:19.708Z STAKES Stake account Efqa1B8qDt3XkiuhTua9kZ4GbfZ9EuzVcL21nXZqAcGW is de-activating:  1.110742839
2025-08-18T22:55:19.708Z STAKES Stake account 4nPoA7sEcRw4hmqbDy1umqT1FCxkkdqhmbfyeYxT3UZK is de-activating:  59.619412525
2025-08-18T22:55:19.708Z STAKES Stake account 49AU6qHV2LMPgUL54skDa8qfcHmFAZxSnktX9htUTWtJ is de-activating:  46.798176276
2025-08-18T22:55:19.708Z STAKES Stake account DsvzZcXh4BP15YR9vnqii6sKXwWGoDL2zNxWqAkVV4iy is de-activating:  8.245749781
2025-08-18T22:55:19.708Z STAKES Stake account 4KXmWCMrcr47vD2NzgDUogfdgmJSbiWWCzdEVoKawavH is de-activating:  16.040957027
2025-08-18T22:55:19.708Z STAKES Stake account C4Yth8XnoQ1EW6wwnpUuvFTvh1hkNDVHqgoEbgyJiMm5 is de-activating:  51.808169279
2025-08-18T22:55:19.708Z STAKES Stake account 7oCYztS4nQQM9RuTNQPviAGacKaGH4rMa9STULKQRWeC is de-activating:  18.880619053
2025-08-18T22:55:19.708Z STAKES Stake account JAPna1dQgpsmQPN2z3T2J2HPe45SWQDgCLyWwrupuqqm is de-activating:  0.003556102
2025-08-18T22:55:19.708Z STAKES Stake account HXerjyLZctaqA8zVAUfN3EWvo6P6GDKZL43WBmvESCDw is activated:  16.136983359
2025-08-18T22:55:19.708Z STAKES Stake account AAmmKfguWBoRHvNNm5yi3d3x8ApZAWL3JmJgWMuyzAGt is de-activated:  1.021191156
2025-08-18T22:55:19.708Z STAKES Stake account BdUve1f4V6MNL4zkSh4mGqc8i88jjB7f32wbxMokeXx2 is de-activating:  256.297735062
2025-08-18T22:55:19.709Z STAKES Stake account 89BuzpxpoLYeeoXka2TmY9AyTFDCujeXwZTU3j6Krjod is de-activating:  22.87167597
2025-08-18T22:55:19.709Z STAKES Stake account 4o8NNPF23Xm7xNc6X2pdpAu8AhHXgRz25soAwfTa2KYa is de-activating:  0.010379432
2025-08-18T22:55:19.709Z STAKES Stake account 5HFcHoKqvqMXwvTAeitJZo6RTBdqf8cMrjLjCKBi97Kn is de-activating:  5.557645598
2025-08-18T22:55:19.709Z STAKES Stake account 79D6kTjdGQKr136daDQYBG2nFYZaGkZw6Vg28gxtyTpt is de-activating:  33.795069404
2025-08-18T22:55:19.709Z STAKES Stake account EdkZgo7n9Aa9duFWoZEgpJWgHZmqycLLgg4g7RZsyvGc is de-activating:  59.78314354
2025-08-18T22:55:19.709Z STAKES Stake account 4eDxRrSL8SyBHNqA1uUkwwRnbMYzqDwQwWWizPzxZ3t7 is de-activating:  5.893163886
2025-08-18T22:55:19.709Z STAKES Stake account ABPExVhWnBRQjgmRJBQV7ZW2rz74SDAHpK4mphn3cKjk is de-activating:  50.454594157
2025-08-18T22:55:19.709Z STAKES Stake account 6s2dPHaFKpCst1Bn9sLWZWXcKNEM6bc7yMzU7SKyJtay is de-activating:  11.190391207
2025-08-18T22:55:19.709Z STAKES Stake account 5s4eD1V41E3gATaN6QGNJKd1yQveEiWyawT1CmPzdgmR is de-activating:  0.00341766
2025-08-18T22:55:19.709Z STAKES Stake account KkRousZwxdGToMHSwypF1iQCsyFtC6qSQq6TWP2C6ad is de-activating:  0.018728112
2025-08-18T22:55:19.709Z STAKES Stake account 4vRjR5BKfdQed7dLiajQsFQgriesDm2qRSgMTwYWHFBJ is de-activating:  22.969104945
2025-08-18T22:55:19.709Z STAKES Stake account 9areDt3uCQykggjSH6nDw9zwpZLr73wQ9rq9juec8Mmw is de-activating:  0.822661701
2025-08-18T22:55:19.709Z STAKES Stake account 3FKKfmmfQ4CAUQgYvSEidUJ9YD9ox8Le9nP3McwVpP8k is de-activating:  13.333309294
2025-08-18T22:55:19.709Z STAKES Stake account J14ofmmCTAMhqSLubQbqoKBeCgpf2fptN6B2sAoYaRaX is de-activated:  0.034267271
2025-08-18T22:55:19.709Z STAKES Stake account 2R7JFbjssn8UT2sNyzK3esgMzpUwFs5ynL52Jh2eoTUG is de-activating:  109.575229618
2025-08-18T22:55:19.709Z STAKES Stake account AX29GTXGoBFqvECQHV9x2jsVxB9jSMBuL5YwcwNJ2spa is de-activating:  1.086224203
2025-08-18T22:55:19.709Z STAKES Stake account 8PtspBBDmNrWKJUmiPqop7DQ1wtc6ZkQdhJWGRtnze96 is de-activating:  1.124995024
2025-08-18T22:55:19.709Z STAKES Stake account DmoKuv3U4fpqAKJ1uap9SP5TWKLjWS7sHW2iFNCua6dj is de-activating:  19.636659546
2025-08-18T22:55:19.709Z STAKES Stake account 93fYr13P6qki5VtbQ2Ao2CGTJZY1CX244sF5DhTCV5Ab is de-activating:  9.363403337
2025-08-18T22:55:19.709Z STAKES Stake account 883SumKgq6jGq3pb8CivQs4dS77G1KqeD47vAktWMhJ8 is de-activating:  0.003459327
2025-08-18T22:55:19.709Z STAKES Stake account 8UtjaxNMPRBog5fiC7qFcQP4ZY14K1JJ8HTsDimCKPvh is de-activating:  15.342544224
2025-08-18T22:55:19.709Z STAKES Stake account GNRx3eCu2FgG787FCptVFMCBXFgXQaubGB6sgX2P4iZP is de-activating:  5.655991756
2025-08-18T22:55:19.709Z STAKES Stake account 5AdazRM5EbZ97ephSfhnAEjghuAktADG8x8UD5vgLkkm is de-activating:  12.996167482
2025-08-18T22:55:19.709Z STAKES Stake account H6tVMwCwswvNnEGokeqZSxDr9iHapGFekajkD7U4BYm4 is de-activating:  1.25409099
2025-08-18T22:55:19.709Z STAKES Stake account 5L1xUgMJQUwAYbiFLj5TJZDq5pdPr35J6tmRSSYzCw4g is de-activating:  1.066194095
2025-08-18T22:55:19.710Z STAKES Stake account 9bt2beQheJkrEbnxuDJZ7Vevze1tALcPAS9MTVn1pYnW is de-activating:  83.92969415
2025-08-18T22:55:19.710Z STAKES Stake account 7G68mc3oXKJUZe4d1Brct2LfcEGt9Zj1Ym8dcqPwY9ub is de-activating:  3.379032312
2025-08-18T22:55:19.710Z STAKES Stake account fCAK7v7aN9AmQ2yQWvtEXVnoMvB1p62enXXHFi4eCgU is de-activating:  11.59349975
2025-08-18T22:55:19.710Z STAKES Stake account EAado19EVgznfiw3DmdTN7vy3cbExjuqCRLZufWGP5Fk is de-activating:  0.002282881
2025-08-18T22:55:19.710Z STAKES Stake account 7Zi8myVzyBoYCueSpEZTrfuCoGL2Es6NsFU1i5Q1jCvK is de-activating:  24.268016154
2025-08-18T22:55:19.710Z STAKES Stake account J4dwiCsEQViJZ8E4LKd86x9H83UihdoqEpninxESYw5t is de-activating:  11.225654867
2025-08-18T22:55:19.710Z STAKES Stake account HXV7GZX1TopQfqPsKxnnA9ham8cP5zgm1APMDKHvmrZQ is de-activating:  5.190854872
2025-08-18T22:55:19.710Z STAKES Stake account Gis9vV4VuDkScxngLFqxX6CbE5G2PVHc4vnPn8qNGa5u is de-activating:  0.020665708
2025-08-18T22:55:19.710Z STAKES Stake account GDAgepT3cu4sP2rajfq3iY8SiBB6gxUq5QQRuA6WM7hB is de-activating:  0.753950858
2025-08-18T22:55:19.710Z STAKES Stake account J1L8dwyFEpz4wKFpwrssPnm5k6wkuebQJu6WoemcMcSC is de-activating:  2.50575532
2025-08-18T22:55:19.710Z STAKES Stake account FR59i7vTbhDxRATJ7Qd25tRfJznMMVcyGYW1mSQkuHa1 is de-activating:  0.002282881
2025-08-18T22:55:19.710Z STAKES Stake account D1pHaDHxNYiqJ4eE9VWTnxnzNeBWkynnZ4L1JRXeTgsp is de-activating:  0.064451438
2025-08-18T22:55:19.710Z STAKES Stake account 81BemJUQGoz9KwfLT2w1KWGHgDJTjckwEz3wqq45GypF is de-activating:  412.976695569
2025-08-18T22:55:19.710Z STAKES Stake account B4GY2Mq5ocy8znCw9D7XfmbsraXF9KhV4FjjPgDQFeZh is de-activating:  156.780749672
2025-08-18T22:55:19.710Z STAKES Stake account C2RZB5R6QAxev9egSMEfq1M5hZDekKxuDm21gk2B1c7V is de-activating:  0.010105819
2025-08-18T22:55:19.710Z STAKES Stake account 2gwdPEXgPWQ2JjK7828tjzXhUi4YUyvkpuH9N5CkpNDM is de-activating:  1.783341491
2025-08-18T22:55:19.710Z STAKES Stake account 9LMTvnGjkfZTpnxd5387JBek86EG8BNSHPqxxLLHfa1F is de-activating:  21.670645341
2025-08-18T22:55:19.710Z STAKES Stake account AvwJFKgSCsLoyTVP5Rk5E2V3g6vGWMgxV47hM2VXU9V4 is de-activating:  1.130962577
2025-08-18T22:55:19.710Z STAKES Stake account G8mmmAqJ2svSTwF8vgDjBeabJen9BKBWdgsJo888RCur is de-activating:  0.003390892
2025-08-18T22:55:19.710Z STAKES Stake account Dn1w6ZHERJVwLDMJNqB9jcFYinN38UDSgqoAj8NMVzBE is de-activating:  0.006371878
2025-08-18T22:55:19.710Z STAKES Stake account BF5ftANySZEv2nusHN8nWFAbXmxPK5umFRUMKDUK1nTA is de-activating:  149.552280354
2025-08-18T22:55:19.710Z STAKES Stake account AVqXXvgh2yUp4cmsFtAVeotp8N2ALDBNh39aGgmRJ45i is de-activating:  53.767523518
2025-08-18T22:55:19.710Z STAKES Stake account APQzEvvqWsCAhukkwgPGEr7H8LLHL9aokCF4j4KeR5Yb is de-activating:  0.026026077
2025-08-18T22:55:19.710Z STAKES Stake account 6hgiWumcVU4SRhpLJgP3KvmjM3ziCo2DM8ZDoydjQLU4 is de-activating:  10.629759863
2025-08-18T22:55:19.711Z STAKES Stake account 4FaocWrC1ff7UR51ukguCwuWh3uJyRsPvH1SdaepEU6B is de-activating:  0.011091118
2025-08-18T22:55:19.711Z STAKES Stake account 7yxa4TXvwFt2bXGpzCnhBDFSYxfPbeP6MvnMNa3RoRHq is de-activated:  0.020186498
2025-08-18T22:55:19.711Z STAKES Stake account ALPBbqF7984299DWw6qzNsae82NJW5qPgJLEb4zfZTbY is de-activating:  0.015567294
2025-08-18T22:55:19.711Z STAKES Stake account 6DwZ3Z2iGjXUk4Fws3V6AedbYHvGFdZUH4ewMX8zyHcX is de-activating:  6.134490504
2025-08-18T22:55:19.711Z STAKES Stake account DCd85Vyz3o3DEkTKEaU1P5Qb7W1JxkCrcbWbJNUipCuJ is de-activating:  10.688568286
2025-08-18T22:55:19.711Z STAKES Stake account CNWnocRpbAxGQHxrEEpnaP4B37kcKHuLhBvL6tvtRU6e is de-activating:  31.731923673
2025-08-18T22:55:19.711Z STAKES Stake account 8b3Fss4ZnxMC1F3uM6LymBGRrxAT4pgD1ewgqD3vA2nF is de-activating:  24.346071617
2025-08-18T22:55:19.711Z STAKES Stake account 5GFRBFDcDdqSASviQpKBuF7djwBgNSqiBdUFxTLmMXX2 is de-activating:  87.185918283
2025-08-18T22:55:19.711Z STAKES Stake account 7XZtvupNmfdpvatPZASM34yiz42vMy1MenHypZ8mUSh3 is de-activated:  0.508018407
2025-08-18T22:55:19.711Z STAKES Stake account ApKa7obFnHxGGt3GCT2o8JUdM94QUKz29TZUgAgLNY7m is de-activating:  5.105608562
2025-08-18T22:55:19.711Z STAKES Stake account Br5488encci2GBmNYau7W9puZ346x69WoiqcXeAAhsKR is de-activating:  3.062019766
2025-08-18T22:55:19.711Z STAKES Stake account 6S7nwptXgjxeGJT5PUjhsFcgA2G43CowhuvrSuanSyet is de-activating:  8.276010808
2025-08-18T22:55:19.711Z STAKES Stake account AkagVa4aTS1PWXAUG2x5hoieU2FAhe5p3unfLhRAgnyL is de-activating:  17.287300959
2025-08-18T22:55:19.711Z STAKES Stake account ES2coeBdHDgy4oAGQckw5DRnxCT5ZfPro6NbLWVAwFt9 is de-activating:  10.990980061
2025-08-18T22:55:19.711Z STAKES Stake account HR4jaDKhRCqdFyyFtHUJdfw2ZeJncrxGF3b2zzi6d58N is de-activating:  11.051381773
2025-08-18T22:55:19.711Z STAKES Stake account SkK99nGhghbwWrpjXa7Y15KcyZQVyhazE3hKWkj4H1L is de-activating:  12.62126447
2025-08-18T22:55:19.711Z STAKES Stake account 3mz9dw7Btt6ACYeaq33mhYrrA1dsy458gTbDhCkSxRrz is de-activating:  112.405112104
2025-08-18T22:55:19.711Z STAKES Stake account 6EcpSDBz5qNxiuGvPRCbYu5MZPcg16J4p6RqQ41pXMxy is de-activated:  0.06290487
2025-08-18T22:55:19.711Z STAKES Stake account Btg68tYedhPWXFvxo483Too4U54zZYoUgfZcfyyQsLYv is de-activating:  0.998097424
2025-08-18T22:55:19.711Z STAKES Stake account 2V97QC57o5tDxnMd4idbz6K2YSZesXSJrK3cXJtPctwS is de-activated:  0.145364458
2025-08-18T22:55:19.711Z STAKES Stake account FcmYEj5J45hsEh3so9CUMqDiPfWhhAmDcWqaQyNmqJgX is de-activating:  2.277176076
2025-08-18T22:55:19.711Z STAKES Stake account 5KE3EXfgXsAVS2bpoEz1C2JsgmNp4NDHg8ugvTo1cmRd is de-activating:  4.302816714
2025-08-18T22:55:19.711Z STAKES Stake account 7dZSybFmZ6uqhK7JDet7s85YLYYkgyzwa621VEUtgR33 is de-activating:  5.05280014
2025-08-18T22:55:19.712Z STAKES Stake account 2AewAmfByhNpQNiRNSYD11BRgVv823ojhtgL8xkevATy is de-activating:  0.73083
2025-08-18T22:55:19.712Z STAKES Stake account CXc2irPUAoKJ8UirXcD4L8bMgpZtjTEt4yPwBW9kfcb8 is de-activating:  56.280047977
2025-08-18T22:55:19.712Z STAKES Stake account GFYMHLKkzYUw5EXo64fv8iUBoVB9jrKeqMj7B7Dmmqb6 is de-activating:  10.578395024
2025-08-18T22:55:19.712Z STAKES Stake account 57vXRzwocaGgT6gz6nv8JE5U1W765ekxD6nBUpCdof2N is de-activating:  7.261653513
2025-08-18T22:55:19.712Z STAKES Stake account 3vYLt3GbYWCFq6b3LJDPiC9ELKFcBwbRGE2WshMjj5T7 is de-activating:  2.076331406
2025-08-18T22:55:19.712Z STAKES Stake account 3KFwqaE9s5HYWUA9BBoHyiJbA3LpiiJjamUXFuQJyWvY is de-activating:  1.186337978
2025-08-18T22:55:19.712Z STAKES Stake account 7WCUifJ6BhFgLbS8DC7MXUHeWjeBoFe8SDrJuDoPNsAF is de-activating:  2.27496528
2025-08-18T22:55:19.712Z STAKES Stake account 5L4ZXiYZZ319vQkoLxHCNxLVUxdMSiH1LUi7KTAp6dZL is de-activating:  4.044170305
2025-08-18T22:55:19.712Z STAKES Stake account BjkoTa18nZQx2V5cqYDsPwGSFbMB35Bg9v43upiTJ3KE is de-activating:  0.13591074
2025-08-18T22:55:19.712Z STAKES Stake account 92VJGPUGKdvAWn3zSCT8Ut7wNpLHngtqfXt435hLg1tM is de-activating:  41.613811905
2025-08-18T22:55:19.712Z STAKES Stake account De3haGzWHDxyj9L8Q7rdSHXyz7vZjGXZmz4SbkJZuFKL is de-activating:  2.36851069
2025-08-18T22:55:19.712Z STAKES Stake account F6v4Y3VtU8hKsWvJjKuU4q3ikC3Fao1NB8hMwcrRFZ7p is de-activating:  1.139128193
2025-08-18T22:55:19.712Z STAKES Stake account 7vSTySZp5tCgAK8Jc6C1TbVhjKqpS2csPSC5wuHnoPf4 is de-activating:  25.379058202
2025-08-18T22:55:19.712Z STAKES Stake account 8mCHZtLrL9UgPzfaz2D7tymWR8dDojLVCwG6Uq4bRRZX is de-activating:  52.545207945
2025-08-18T22:55:19.712Z STAKES Stake account 2psWEth2QYZ6HoDtZMmsx8FDXjBDss3ztpUUiTMP7uYf is de-activating:  15.713129967
2025-08-18T22:55:19.712Z STAKES Stake account 1LsZh5Thg3vR91PpBfZjT29jQdAdYuXRNe4AM5P4xwi is de-activating:  10.62651278
2025-08-18T22:55:19.713Z STAKES Stake account CbkTfG59zhkusMXaNcuxA9X1e8qUp7FqRRoVac7T8vGu is de-activating:  0.206457347
2025-08-18T22:55:19.713Z STAKES Stake account DnvxLie6DaPdMdtDDrAabB8SPcqsBs371RuUjvFbF4nR is de-activating:  0.00342521
2025-08-18T22:55:19.713Z STAKES Stake account B9ocQjFqFbU85DDZELDYtkwjeSk7m2qyFtSMkSnyE8aP is de-activated:  0.007613602
2025-08-18T22:55:19.713Z STAKES Stake account 26VSebAvWKr84XQu81ipGxhjhBpfMoXTF9qZrp4neN9R is de-activated:  8.009819328
2025-08-18T22:55:19.713Z STAKES Found:  1  accounts that can be de-activated delinquent validator CqSMzh8DWZeqYVa5M1V1rHU825T19NCjYipM3pkdHncm
2025-08-18T22:55:19.722Z DEACTIVATE Blockhash: 3sY5uBAazsfdVVLb6VP6qWneCXRtpbc72MmoCSb1mQS2
2025-08-18T22:55:19.758Z DEACTIVATE Sent tx: 4Htkrcpm61ES6D2FbKp1Bmh64sjUpqmGvXJPrqfhRbcyVTFEyRwkDMMVGEYi8vZBwbfdbm37W9yn4bjDoQyB8xSp https://explorer.solana.com/tx/4Htkrcpm61ES6D2FbKp1Bmh64sjUpqmGvXJPrqfhRbcyVTFEyRwkDMMVGEYi8vZBwbfdbm37W9yn4bjDoQyB8xSp
2025-08-18T22:55:19.863Z DEACTIVATE Waiting for confirmations...
2025-08-18T22:55:36.723Z DEACTIVATE Confirmed.
2025-08-18T22:55:36.723Z FIND Deactivated stake accounts with total balance:
2025-08-18T22:56:10.251Z STAKES Found:  1  accounts for delinquent validator G38Ezs9ipvhgatJWVkPhbRLY6is28ug33uctDrSq3woG
2025-08-18T22:56:10.251Z STAKES Stake account DjRB7KPDPdKhjMEaAqAQ8ZSaVFB8VpQyGitRfFjFQZEs is de-activating:  0.01
2025-08-18T22:56:10.251Z STAKES Found:  0  accounts that can be de-activated delinquent validator G38Ezs9ipvhgatJWVkPhbRLY6is28ug33uctDrSq3woG
2025-08-18T22:56:10.251Z FIND No deactivations possible for this validator
2025-08-18T22:56:10.251Z FIND Total de-activated: 16.136983359
