2025-04-06T23:54:58.319Z FIND Found epoch range to explore:  763 767
2025-04-06T23:54:58.321Z FIND Found delinquent validators [
  'Hgv6JZhwTDyNywaANyzQqfX9ScMSdFzqKtGubFbf77AJ',
  '4GWXbzZFntDor4S25siX1tSWFv7Q6hHsHcKGzHQJK7QB',
  'Bzn4NxNmh6vTrZyMRoL2qjZFNYbckRwNyHQwxzoJoggX',
  'C2HZnYeF5BBbtAA96iZYcFPv3vqRUur7ZXXYAAZ1GMfw',
  '7fARjzLYPH77jVBPyUfptJGbi4aXfN4FAfs8W89BWZDC',
  '3w5guZWHiP1A1gSnhksgtTXejAYUnTQqWvXWd9BfSdUL',
  'FqhGYvSrTwEnJv4VHJZx1oEtd5fewYcdi2CPsbKnSYhy',
  '3aHzcWLrkY2QrcDSR3bMbFWURRJWFojxh3o8wbEghXZ9',
  'CsnnNsr7aZrRdGCTYv7Mpvgx7TJe1GJxVfS4pmpEKdAf',
  'HSvtHN8qJgkmCxy8UmYN8jZQRzWAtQESmear1EAKaroH',
  'PRqb4oSHEAjtEays2mgaWp75CTobPceobCcyd7bP1YM',
  'EBmz677zQ13MRwkKQi2fdb51ViRNwyuPtZbZhmzeEH2m',
  '9fLwGW9hoXjfeKUpjNGTA2M3BxNivH9ds3ejNSQoDUM8',
  'HqeoSipJHfpzPwnr4UE7wuiWRcBC9QHEqjjLZjHoi4fU',
  '83ejsRbzFDXoYFjCMuJ7Q7SWUvYgMrrQfsjbR3WA9tpa',
  '81mfVVk2r1qLBQXQJqsESTSwnmgKFZjYDdvYUpgSCyYi',
  'BChmozpXUepF9LqcyFr1BqDiRZnfsRa9rogUhk5MLRcJ',
  '4bor1arUqveTpx64Q18XUwsLZtsEi8tFp5HZ5e4AMykx',
  '8xHv2sNPA5EtsRWJQypTS34ribSqD8ffsc771i9yoRcE',
  'D8J7EZD22HAQhRQVXHfjMSU8BDPhWfokxCyPUXjpwxD',
  '7zRyjgPbeh9HFhpyrYCG6CyLz9gssxgoJamj7CSG1cZe',
  '8mG8MXRitQoct8UqfejfNw6ApRkYbvc9YiQY8YDsW9Fi',
  'J3hhsGS7xfcYoogsAQpGBJAdAyv8Sm5peWVaN6P9v1DE',
  'E9w6i6M7mSJkm1BRozSZpSpRb5sE3NEkrHA9R2zZjuwa',
  '568E22Vp87VCVWfCECSeMwJD4y5Yah45fyTJPHtsvA4o',
  'BTeEyner9LLywxWXaPeAzz62Bxmk4eG8mXMun3uYLYKi',
  '742Li328fz2ztbrchLG5bSht6Rp43yZZEDEbyD7U3zWW',
  'GAoCBDE9ABRYmhWUREDp4po4L8JgCPeQsPS77p1mx3WR',
  '52J4Nhv5u3bKiKBw5nvAJjUigoWHfP7PBQCfC4craVEY',
  'EuUxT2aEqiAVkCjdfjehTYzPA9vGSrS4AEcroUf3Cxq6'
]
2025-04-06T23:54:58.323Z FIND Found reference validator he1iusunGwqrNtafDtLdhsUQDFvo13z9sUa36PauBtk
2025-04-06T23:55:01.033Z STAKES Found:  3  accounts for delinquent validator Hgv6JZhwTDyNywaANyzQqfX9ScMSdFzqKtGubFbf77AJ
2025-04-06T23:55:01.034Z STAKES Stake account A9o9zmWXfbEaquMbNMai6Meh7xLGAat51hPymMfLppnj is de-activating:  10000.00228288
2025-04-06T23:55:01.034Z STAKES Stake account 6hWavxW2sXa4dAe2bYCbERLKPZ7JPKpqpNX9mqNNY983 is de-activating:  0.00328288
2025-04-06T23:55:01.034Z STAKES Stake account 7DrBLuxuQKsT622EAf6h6HM45ULJ8QEc1jiDydT3rEoQ is de-activating:  2
2025-04-06T23:55:01.034Z STAKES Found:  0  accounts that can be de-activated delinquent validator Hgv6JZhwTDyNywaANyzQqfX9ScMSdFzqKtGubFbf77AJ
2025-04-06T23:55:01.034Z FIND No deactivations possible for this validator
2025-04-06T23:55:04.404Z STAKES Found:  4  accounts for delinquent validator 4GWXbzZFntDor4S25siX1tSWFv7Q6hHsHcKGzHQJK7QB
2025-04-06T23:55:04.404Z STAKES Stake account FoaCqgaWwEPBjPRDgKknmEN5ypqmjqhusqyPaG2Hw7Bp is de-activated:  0.01
2025-04-06T23:55:04.404Z STAKES Stake account DGJdk7BALxtYxJAXNPx9qrHR7gaUxK6X2ziKQJT7RkgG is de-activating:  4960
2025-04-06T23:55:04.404Z STAKES Stake account 3skcTxLxUrd6LpAq3bhNBEFLaeCHEXGBQJWVBqPksfiR is de-activated:  0.00328288
2025-04-06T23:55:04.405Z STAKES Stake account zu4X949dzNxTNLkxtkibieuTJ5t3hcLx7M9rMksxQvV is de-activated:  0.00328288
2025-04-06T23:55:04.405Z STAKES Found:  0  accounts that can be de-activated delinquent validator 4GWXbzZFntDor4S25siX1tSWFv7Q6hHsHcKGzHQJK7QB
2025-04-06T23:55:04.405Z FIND No deactivations possible for this validator
Server responded with 429 Too Many Requests.  Retrying after 500ms delay...
Server responded with 429 Too Many Requests.  Retrying after 1000ms delay...
Server responded with 429 Too Many Requests.  Retrying after 2000ms delay...
Server responded with 429 Too Many Requests.  Retrying after 4000ms delay...
2025-04-06T23:55:12.241Z FIND Error processing validator Bzn4NxNmh6vTrZyMRoL2qjZFNYbckRwNyHQwxzoJoggX 429 Too Many Requests:  {"jsonrpc":"2.0","error":{"code": 429, "message":"Too many requests for a specific RPC call"}, "id": "c4c31e34-bdf0-4947-b443-7fd54a89e3c3" } 
 Error: 429 Too Many Requests:  {"jsonrpc":"2.0","error":{"code": 429, "message":"Too many requests for a specific RPC call"}, "id": "c4c31e34-bdf0-4947-b443-7fd54a89e3c3" } 

    at ClientBrowser.callServer (/home/runner/work/solana-deactivate-delinquent/solana-deactivate-delinquent/node_modules/.pnpm/@solana+web3.js@1.87.6/node_modules/@solana/web3.js/lib/index.cjs.js:6474:18)
    at process.processTicksAndRejections (node:internal/process/task_queues:95:5)
Server responded with 429 Too Many Requests.  Retrying after 500ms delay...
Server responded with 429 Too Many Requests.  Retrying after 1000ms delay...
Server responded with 429 Too Many Requests.  Retrying after 2000ms delay...
Server responded with 429 Too Many Requests.  Retrying after 4000ms delay...
2025-04-06T23:55:19.921Z FIND Error processing validator C2HZnYeF5BBbtAA96iZYcFPv3vqRUur7ZXXYAAZ1GMfw 429 Too Many Requests:  {"jsonrpc":"2.0","error":{"code": 429, "message":"Too many requests for a specific RPC call"}, "id": "37b251eb-9008-4efb-8085-83fa3c43d7dc" } 
 Error: 429 Too Many Requests:  {"jsonrpc":"2.0","error":{"code": 429, "message":"Too many requests for a specific RPC call"}, "id": "37b251eb-9008-4efb-8085-83fa3c43d7dc" } 

    at ClientBrowser.callServer (/home/runner/work/solana-deactivate-delinquent/solana-deactivate-delinquent/node_modules/.pnpm/@solana+web3.js@1.87.6/node_modules/@solana/web3.js/lib/index.cjs.js:6474:18)
    at process.processTicksAndRejections (node:internal/process/task_queues:95:5)
Server responded with 429 Too Many Requests.  Retrying after 500ms delay...
Server responded with 429 Too Many Requests.  Retrying after 1000ms delay...
Server responded with 429 Too Many Requests.  Retrying after 2000ms delay...
Server responded with 429 Too Many Requests.  Retrying after 4000ms delay...
2025-04-06T23:55:27.603Z FIND Error processing validator 7fARjzLYPH77jVBPyUfptJGbi4aXfN4FAfs8W89BWZDC 429 Too Many Requests:  {"jsonrpc":"2.0","error":{"code": 429, "message":"Too many requests for a specific RPC call"}, "id": "36e34bf9-ed90-4ad5-8a07-ac369cadb751" } 
 Error: 429 Too Many Requests:  {"jsonrpc":"2.0","error":{"code": 429, "message":"Too many requests for a specific RPC call"}, "id": "36e34bf9-ed90-4ad5-8a07-ac369cadb751" } 

    at ClientBrowser.callServer (/home/runner/work/solana-deactivate-delinquent/solana-deactivate-delinquent/node_modules/.pnpm/@solana+web3.js@1.87.6/node_modules/@solana/web3.js/lib/index.cjs.js:6474:18)
    at process.processTicksAndRejections (node:internal/process/task_queues:95:5)
Server responded with 429 Too Many Requests.  Retrying after 500ms delay...
Server responded with 429 Too Many Requests.  Retrying after 1000ms delay...
Server responded with 429 Too Many Requests.  Retrying after 2000ms delay...
Server responded with 429 Too Many Requests.  Retrying after 4000ms delay...
2025-04-06T23:55:35.348Z FIND Error processing validator 3w5guZWHiP1A1gSnhksgtTXejAYUnTQqWvXWd9BfSdUL 429 Too Many Requests:  {"jsonrpc":"2.0","error":{"code": 429, "message":"Too many requests for a specific RPC call"}, "id": "ba0c8cb2-522b-47e2-8750-2f2190a09438" } 
 Error: 429 Too Many Requests:  {"jsonrpc":"2.0","error":{"code": 429, "message":"Too many requests for a specific RPC call"}, "id": "ba0c8cb2-522b-47e2-8750-2f2190a09438" } 

    at ClientBrowser.callServer (/home/runner/work/solana-deactivate-delinquent/solana-deactivate-delinquent/node_modules/.pnpm/@solana+web3.js@1.87.6/node_modules/@solana/web3.js/lib/index.cjs.js:6474:18)
    at process.processTicksAndRejections (node:internal/process/task_queues:95:5)
Server responded with 429 Too Many Requests.  Retrying after 500ms delay...
Server responded with 429 Too Many Requests.  Retrying after 1000ms delay...
Server responded with 429 Too Many Requests.  Retrying after 2000ms delay...
Server responded with 429 Too Many Requests.  Retrying after 4000ms delay...
2025-04-06T23:55:42.988Z FIND Error processing validator FqhGYvSrTwEnJv4VHJZx1oEtd5fewYcdi2CPsbKnSYhy 429 Too Many Requests:  {"jsonrpc":"2.0","error":{"code": 429, "message":"Too many requests for a specific RPC call"}, "id": "2795cfc3-4989-45b6-84e4-900ec20b6e10" } 
 Error: 429 Too Many Requests:  {"jsonrpc":"2.0","error":{"code": 429, "message":"Too many requests for a specific RPC call"}, "id": "2795cfc3-4989-45b6-84e4-900ec20b6e10" } 

    at ClientBrowser.callServer (/home/runner/work/solana-deactivate-delinquent/solana-deactivate-delinquent/node_modules/.pnpm/@solana+web3.js@1.87.6/node_modules/@solana/web3.js/lib/index.cjs.js:6474:18)
    at process.processTicksAndRejections (node:internal/process/task_queues:95:5)
Server responded with 429 Too Many Requests.  Retrying after 500ms delay...
Server responded with 429 Too Many Requests.  Retrying after 1000ms delay...
Server responded with 429 Too Many Requests.  Retrying after 2000ms delay...
Server responded with 429 Too Many Requests.  Retrying after 4000ms delay...
2025-04-06T23:55:50.682Z FIND Error processing validator 3aHzcWLrkY2QrcDSR3bMbFWURRJWFojxh3o8wbEghXZ9 429 Too Many Requests:  {"jsonrpc":"2.0","error":{"code": 429, "message":"Too many requests for a specific RPC call"}, "id": "f8381ff8-2e2c-4fcd-a75b-7d5ab2fbb5ad" } 
 Error: 429 Too Many Requests:  {"jsonrpc":"2.0","error":{"code": 429, "message":"Too many requests for a specific RPC call"}, "id": "f8381ff8-2e2c-4fcd-a75b-7d5ab2fbb5ad" } 

    at ClientBrowser.callServer (/home/runner/work/solana-deactivate-delinquent/solana-deactivate-delinquent/node_modules/.pnpm/@solana+web3.js@1.87.6/node_modules/@solana/web3.js/lib/index.cjs.js:6474:18)
    at process.processTicksAndRejections (node:internal/process/task_queues:95:5)
Server responded with 429 Too Many Requests.  Retrying after 500ms delay...
Server responded with 429 Too Many Requests.  Retrying after 1000ms delay...
Server responded with 429 Too Many Requests.  Retrying after 2000ms delay...
Server responded with 429 Too Many Requests.  Retrying after 4000ms delay...
2025-04-06T23:55:58.326Z FIND Error processing validator CsnnNsr7aZrRdGCTYv7Mpvgx7TJe1GJxVfS4pmpEKdAf 429 Too Many Requests:  {"jsonrpc":"2.0","error":{"code": 429, "message":"Too many requests for a specific RPC call"}, "id": "30adfeca-4cad-4f13-bc04-fc1a19ebf646" } 
 Error: 429 Too Many Requests:  {"jsonrpc":"2.0","error":{"code": 429, "message":"Too many requests for a specific RPC call"}, "id": "30adfeca-4cad-4f13-bc04-fc1a19ebf646" } 

    at ClientBrowser.callServer (/home/runner/work/solana-deactivate-delinquent/solana-deactivate-delinquent/node_modules/.pnpm/@solana+web3.js@1.87.6/node_modules/@solana/web3.js/lib/index.cjs.js:6474:18)
    at process.processTicksAndRejections (node:internal/process/task_queues:95:5)
Server responded with 429 Too Many Requests.  Retrying after 500ms delay...
Server responded with 429 Too Many Requests.  Retrying after 1000ms delay...
Server responded with 429 Too Many Requests.  Retrying after 2000ms delay...
Server responded with 429 Too Many Requests.  Retrying after 4000ms delay...
2025-04-06T23:56:06.017Z FIND Error processing validator HSvtHN8qJgkmCxy8UmYN8jZQRzWAtQESmear1EAKaroH 429 Too Many Requests:  {"jsonrpc":"2.0","error":{"code": 429, "message":"Too many requests for a specific RPC call"}, "id": "4f9f9621-c6d5-4d4d-8afd-89ae7e101cf3" } 
 Error: 429 Too Many Requests:  {"jsonrpc":"2.0","error":{"code": 429, "message":"Too many requests for a specific RPC call"}, "id": "4f9f9621-c6d5-4d4d-8afd-89ae7e101cf3" } 

    at ClientBrowser.callServer (/home/runner/work/solana-deactivate-delinquent/solana-deactivate-delinquent/node_modules/.pnpm/@solana+web3.js@1.87.6/node_modules/@solana/web3.js/lib/index.cjs.js:6474:18)
    at process.processTicksAndRejections (node:internal/process/task_queues:95:5)
Server responded with 429 Too Many Requests.  Retrying after 500ms delay...
Server responded with 429 Too Many Requests.  Retrying after 1000ms delay...
Server responded with 429 Too Many Requests.  Retrying after 2000ms delay...
Server responded with 429 Too Many Requests.  Retrying after 4000ms delay...
2025-04-06T23:56:13.728Z FIND Error processing validator PRqb4oSHEAjtEays2mgaWp75CTobPceobCcyd7bP1YM 429 Too Many Requests:  {"jsonrpc":"2.0","error":{"code": 429, "message":"Too many requests for a specific RPC call"}, "id": "06bbfe3e-7bea-4147-880d-4a595b0b04e0" } 
 Error: 429 Too Many Requests:  {"jsonrpc":"2.0","error":{"code": 429, "message":"Too many requests for a specific RPC call"}, "id": "06bbfe3e-7bea-4147-880d-4a595b0b04e0" } 

    at ClientBrowser.callServer (/home/runner/work/solana-deactivate-delinquent/solana-deactivate-delinquent/node_modules/.pnpm/@solana+web3.js@1.87.6/node_modules/@solana/web3.js/lib/index.cjs.js:6474:18)
    at process.processTicksAndRejections (node:internal/process/task_queues:95:5)
Server responded with 429 Too Many Requests.  Retrying after 500ms delay...
Server responded with 429 Too Many Requests.  Retrying after 1000ms delay...
Server responded with 429 Too Many Requests.  Retrying after 2000ms delay...
Server responded with 429 Too Many Requests.  Retrying after 4000ms delay...
2025-04-06T23:56:21.341Z FIND Error processing validator EBmz677zQ13MRwkKQi2fdb51ViRNwyuPtZbZhmzeEH2m 429 Too Many Requests:  {"jsonrpc":"2.0","error":{"code": 429, "message":"Too many requests for a specific RPC call"}, "id": "ce5d2d77-2b59-46bc-9d08-fd86c73f37b2" } 
 Error: 429 Too Many Requests:  {"jsonrpc":"2.0","error":{"code": 429, "message":"Too many requests for a specific RPC call"}, "id": "ce5d2d77-2b59-46bc-9d08-fd86c73f37b2" } 

    at ClientBrowser.callServer (/home/runner/work/solana-deactivate-delinquent/solana-deactivate-delinquent/node_modules/.pnpm/@solana+web3.js@1.87.6/node_modules/@solana/web3.js/lib/index.cjs.js:6474:18)
    at process.processTicksAndRejections (node:internal/process/task_queues:95:5)
Server responded with 429 Too Many Requests.  Retrying after 500ms delay...
Server responded with 429 Too Many Requests.  Retrying after 1000ms delay...
Server responded with 429 Too Many Requests.  Retrying after 2000ms delay...
Server responded with 429 Too Many Requests.  Retrying after 4000ms delay...
2025-04-06T23:56:32.350Z STAKES Found:  1  accounts for delinquent validator 9fLwGW9hoXjfeKUpjNGTA2M3BxNivH9ds3ejNSQoDUM8
2025-04-06T23:56:32.350Z STAKES Stake account 8DCAPtFGe2aC84qa71q1oi1Q6dqJQzCVTqmb45AYLJuk is de-activating:  1.003
2025-04-06T23:56:32.350Z STAKES Found:  0  accounts that can be de-activated delinquent validator 9fLwGW9hoXjfeKUpjNGTA2M3BxNivH9ds3ejNSQoDUM8
2025-04-06T23:56:32.350Z FIND No deactivations possible for this validator
2025-04-06T23:56:35.669Z STAKES Found:  1  accounts for delinquent validator HqeoSipJHfpzPwnr4UE7wuiWRcBC9QHEqjjLZjHoi4fU
2025-04-06T23:56:35.669Z STAKES Stake account 2FxSHooxdeQTR7z8eeXJaGC3DMoBqji8tVyKxdfmsDz4 is de-activating:  1.003
2025-04-06T23:56:35.669Z STAKES Found:  0  accounts that can be de-activated delinquent validator HqeoSipJHfpzPwnr4UE7wuiWRcBC9QHEqjjLZjHoi4fU
2025-04-06T23:56:35.669Z FIND No deactivations possible for this validator
Server responded with 429 Too Many Requests.  Retrying after 500ms delay...
Server responded with 429 Too Many Requests.  Retrying after 1000ms delay...
Server responded with 429 Too Many Requests.  Retrying after 2000ms delay...
Server responded with 429 Too Many Requests.  Retrying after 4000ms delay...
2025-04-06T23:56:43.373Z FIND Error processing validator 83ejsRbzFDXoYFjCMuJ7Q7SWUvYgMrrQfsjbR3WA9tpa 429 Too Many Requests:  {"jsonrpc":"2.0","error":{"code": 429, "message":"Too many requests for a specific RPC call"}, "id": "437aedd9-abbc-46c8-8ec8-8b33ba3cc994" } 
 Error: 429 Too Many Requests:  {"jsonrpc":"2.0","error":{"code": 429, "message":"Too many requests for a specific RPC call"}, "id": "437aedd9-abbc-46c8-8ec8-8b33ba3cc994" } 

    at ClientBrowser.callServer (/home/runner/work/solana-deactivate-delinquent/solana-deactivate-delinquent/node_modules/.pnpm/@solana+web3.js@1.87.6/node_modules/@solana/web3.js/lib/index.cjs.js:6474:18)
    at process.processTicksAndRejections (node:internal/process/task_queues:95:5)
Server responded with 429 Too Many Requests.  Retrying after 500ms delay...
Server responded with 429 Too Many Requests.  Retrying after 1000ms delay...
Server responded with 429 Too Many Requests.  Retrying after 2000ms delay...
Server responded with 429 Too Many Requests.  Retrying after 4000ms delay...
2025-04-06T23:56:51.022Z FIND Error processing validator 81mfVVk2r1qLBQXQJqsESTSwnmgKFZjYDdvYUpgSCyYi 429 Too Many Requests:  {"jsonrpc":"2.0","error":{"code": 429, "message":"Too many requests for a specific RPC call"}, "id": "7660296b-1419-46f7-ad3a-ae31d54a8581" } 
 Error: 429 Too Many Requests:  {"jsonrpc":"2.0","error":{"code": 429, "message":"Too many requests for a specific RPC call"}, "id": "7660296b-1419-46f7-ad3a-ae31d54a8581" } 

    at ClientBrowser.callServer (/home/runner/work/solana-deactivate-delinquent/solana-deactivate-delinquent/node_modules/.pnpm/@solana+web3.js@1.87.6/node_modules/@solana/web3.js/lib/index.cjs.js:6474:18)
    at process.processTicksAndRejections (node:internal/process/task_queues:95:5)
Server responded with 429 Too Many Requests.  Retrying after 500ms delay...
Server responded with 429 Too Many Requests.  Retrying after 1000ms delay...
Server responded with 429 Too Many Requests.  Retrying after 2000ms delay...
Server responded with 429 Too Many Requests.  Retrying after 4000ms delay...
2025-04-06T23:56:58.646Z FIND Error processing validator BChmozpXUepF9LqcyFr1BqDiRZnfsRa9rogUhk5MLRcJ 429 Too Many Requests:  {"jsonrpc":"2.0","error":{"code": 429, "message":"Too many requests for a specific RPC call"}, "id": "ab19dcea-16fd-4c09-bc38-eb7d16583e4f" } 
 Error: 429 Too Many Requests:  {"jsonrpc":"2.0","error":{"code": 429, "message":"Too many requests for a specific RPC call"}, "id": "ab19dcea-16fd-4c09-bc38-eb7d16583e4f" } 

    at ClientBrowser.callServer (/home/runner/work/solana-deactivate-delinquent/solana-deactivate-delinquent/node_modules/.pnpm/@solana+web3.js@1.87.6/node_modules/@solana/web3.js/lib/index.cjs.js:6474:18)
    at process.processTicksAndRejections (node:internal/process/task_queues:95:5)
Server responded with 429 Too Many Requests.  Retrying after 500ms delay...
Server responded with 429 Too Many Requests.  Retrying after 1000ms delay...
Server responded with 429 Too Many Requests.  Retrying after 2000ms delay...
Server responded with 429 Too Many Requests.  Retrying after 4000ms delay...
2025-04-06T23:57:06.296Z FIND Error processing validator 4bor1arUqveTpx64Q18XUwsLZtsEi8tFp5HZ5e4AMykx 429 Too Many Requests:  {"jsonrpc":"2.0","error":{"code": 429, "message":"Too many requests for a specific RPC call"}, "id": "6e67735e-a314-4a21-b772-7b7b8d566ea5" } 
 Error: 429 Too Many Requests:  {"jsonrpc":"2.0","error":{"code": 429, "message":"Too many requests for a specific RPC call"}, "id": "6e67735e-a314-4a21-b772-7b7b8d566ea5" } 

    at ClientBrowser.callServer (/home/runner/work/solana-deactivate-delinquent/solana-deactivate-delinquent/node_modules/.pnpm/@solana+web3.js@1.87.6/node_modules/@solana/web3.js/lib/index.cjs.js:6474:18)
    at process.processTicksAndRejections (node:internal/process/task_queues:95:5)
Server responded with 429 Too Many Requests.  Retrying after 500ms delay...
Server responded with 429 Too Many Requests.  Retrying after 1000ms delay...
Server responded with 429 Too Many Requests.  Retrying after 2000ms delay...
Server responded with 429 Too Many Requests.  Retrying after 4000ms delay...
2025-04-06T23:57:13.902Z FIND Error processing validator 8xHv2sNPA5EtsRWJQypTS34ribSqD8ffsc771i9yoRcE 429 Too Many Requests:  {"jsonrpc":"2.0","error":{"code": 429, "message":"Too many requests for a specific RPC call"}, "id": "d5156a86-4656-4089-b0a2-29d8d039ac47" } 
 Error: 429 Too Many Requests:  {"jsonrpc":"2.0","error":{"code": 429, "message":"Too many requests for a specific RPC call"}, "id": "d5156a86-4656-4089-b0a2-29d8d039ac47" } 

    at ClientBrowser.callServer (/home/runner/work/solana-deactivate-delinquent/solana-deactivate-delinquent/node_modules/.pnpm/@solana+web3.js@1.87.6/node_modules/@solana/web3.js/lib/index.cjs.js:6474:18)
    at process.processTicksAndRejections (node:internal/process/task_queues:95:5)
Server responded with 429 Too Many Requests.  Retrying after 500ms delay...
Server responded with 429 Too Many Requests.  Retrying after 1000ms delay...
Server responded with 429 Too Many Requests.  Retrying after 2000ms delay...
Server responded with 429 Too Many Requests.  Retrying after 4000ms delay...
2025-04-06T23:57:21.518Z FIND Error processing validator D8J7EZD22HAQhRQVXHfjMSU8BDPhWfokxCyPUXjpwxD 429 Too Many Requests:  {"jsonrpc":"2.0","error":{"code": 429, "message":"Too many requests for a specific RPC call"}, "id": "a81d1779-cf6c-4dd5-93c9-0e607825a83d" } 
 Error: 429 Too Many Requests:  {"jsonrpc":"2.0","error":{"code": 429, "message":"Too many requests for a specific RPC call"}, "id": "a81d1779-cf6c-4dd5-93c9-0e607825a83d" } 

    at ClientBrowser.callServer (/home/runner/work/solana-deactivate-delinquent/solana-deactivate-delinquent/node_modules/.pnpm/@solana+web3.js@1.87.6/node_modules/@solana/web3.js/lib/index.cjs.js:6474:18)
    at process.processTicksAndRejections (node:internal/process/task_queues:95:5)
Server responded with 429 Too Many Requests.  Retrying after 500ms delay...
Server responded with 429 Too Many Requests.  Retrying after 1000ms delay...
Server responded with 429 Too Many Requests.  Retrying after 2000ms delay...
Server responded with 429 Too Many Requests.  Retrying after 4000ms delay...
2025-04-06T23:57:29.149Z FIND Error processing validator 7zRyjgPbeh9HFhpyrYCG6CyLz9gssxgoJamj7CSG1cZe 429 Too Many Requests:  {"jsonrpc":"2.0","error":{"code": 429, "message":"Too many requests for a specific RPC call"}, "id": "1d962f43-d7da-41ac-83fc-dd6e3d38976e" } 
 Error: 429 Too Many Requests:  {"jsonrpc":"2.0","error":{"code": 429, "message":"Too many requests for a specific RPC call"}, "id": "1d962f43-d7da-41ac-83fc-dd6e3d38976e" } 

    at ClientBrowser.callServer (/home/runner/work/solana-deactivate-delinquent/solana-deactivate-delinquent/node_modules/.pnpm/@solana+web3.js@1.87.6/node_modules/@solana/web3.js/lib/index.cjs.js:6474:18)
    at process.processTicksAndRejections (node:internal/process/task_queues:95:5)
Server responded with 429 Too Many Requests.  Retrying after 500ms delay...
Server responded with 429 Too Many Requests.  Retrying after 1000ms delay...
Server responded with 429 Too Many Requests.  Retrying after 2000ms delay...
Server responded with 429 Too Many Requests.  Retrying after 4000ms delay...
2025-04-06T23:57:36.761Z FIND Error processing validator 8mG8MXRitQoct8UqfejfNw6ApRkYbvc9YiQY8YDsW9Fi 429 Too Many Requests:  {"jsonrpc":"2.0","error":{"code": 429, "message":"Too many requests for a specific RPC call"}, "id": "812d60f1-ab70-41f9-9ee7-5bff6b18aa18" } 
 Error: 429 Too Many Requests:  {"jsonrpc":"2.0","error":{"code": 429, "message":"Too many requests for a specific RPC call"}, "id": "812d60f1-ab70-41f9-9ee7-5bff6b18aa18" } 

    at ClientBrowser.callServer (/home/runner/work/solana-deactivate-delinquent/solana-deactivate-delinquent/node_modules/.pnpm/@solana+web3.js@1.87.6/node_modules/@solana/web3.js/lib/index.cjs.js:6474:18)
    at process.processTicksAndRejections (node:internal/process/task_queues:95:5)
Server responded with 429 Too Many Requests.  Retrying after 500ms delay...
Server responded with 429 Too Many Requests.  Retrying after 1000ms delay...
Server responded with 429 Too Many Requests.  Retrying after 2000ms delay...
Server responded with 429 Too Many Requests.  Retrying after 4000ms delay...
2025-04-06T23:57:44.368Z FIND Error processing validator J3hhsGS7xfcYoogsAQpGBJAdAyv8Sm5peWVaN6P9v1DE 429 Too Many Requests:  {"jsonrpc":"2.0","error":{"code": 429, "message":"Too many requests for a specific RPC call"}, "id": "ebf49b54-e41f-4da8-98df-0fb45f047544" } 
 Error: 429 Too Many Requests:  {"jsonrpc":"2.0","error":{"code": 429, "message":"Too many requests for a specific RPC call"}, "id": "ebf49b54-e41f-4da8-98df-0fb45f047544" } 

    at ClientBrowser.callServer (/home/runner/work/solana-deactivate-delinquent/solana-deactivate-delinquent/node_modules/.pnpm/@solana+web3.js@1.87.6/node_modules/@solana/web3.js/lib/index.cjs.js:6474:18)
    at process.processTicksAndRejections (node:internal/process/task_queues:95:5)
Server responded with 429 Too Many Requests.  Retrying after 500ms delay...
Server responded with 429 Too Many Requests.  Retrying after 1000ms delay...
Server responded with 429 Too Many Requests.  Retrying after 2000ms delay...
Server responded with 429 Too Many Requests.  Retrying after 4000ms delay...
2025-04-06T23:57:51.992Z FIND Error processing validator E9w6i6M7mSJkm1BRozSZpSpRb5sE3NEkrHA9R2zZjuwa 429 Too Many Requests:  {"jsonrpc":"2.0","error":{"code": 429, "message":"Too many requests for a specific RPC call"}, "id": "0fd9350b-9577-47f1-919e-9bff3184a089" } 
 Error: 429 Too Many Requests:  {"jsonrpc":"2.0","error":{"code": 429, "message":"Too many requests for a specific RPC call"}, "id": "0fd9350b-9577-47f1-919e-9bff3184a089" } 

    at ClientBrowser.callServer (/home/runner/work/solana-deactivate-delinquent/solana-deactivate-delinquent/node_modules/.pnpm/@solana+web3.js@1.87.6/node_modules/@solana/web3.js/lib/index.cjs.js:6474:18)
    at process.processTicksAndRejections (node:internal/process/task_queues:95:5)
Server responded with 429 Too Many Requests.  Retrying after 500ms delay...
Server responded with 429 Too Many Requests.  Retrying after 1000ms delay...
Server responded with 429 Too Many Requests.  Retrying after 2000ms delay...
Server responded with 429 Too Many Requests.  Retrying after 4000ms delay...
2025-04-06T23:57:59.601Z FIND Error processing validator 568E22Vp87VCVWfCECSeMwJD4y5Yah45fyTJPHtsvA4o 429 Too Many Requests:  {"jsonrpc":"2.0","error":{"code": 429, "message":"Too many requests for a specific RPC call"}, "id": "eccd1a29-c942-4b06-b47f-05b1f3f70ef8" } 
 Error: 429 Too Many Requests:  {"jsonrpc":"2.0","error":{"code": 429, "message":"Too many requests for a specific RPC call"}, "id": "eccd1a29-c942-4b06-b47f-05b1f3f70ef8" } 

    at ClientBrowser.callServer (/home/runner/work/solana-deactivate-delinquent/solana-deactivate-delinquent/node_modules/.pnpm/@solana+web3.js@1.87.6/node_modules/@solana/web3.js/lib/index.cjs.js:6474:18)
    at process.processTicksAndRejections (node:internal/process/task_queues:95:5)
Server responded with 429 Too Many Requests.  Retrying after 500ms delay...
2025-04-06T23:58:03.446Z STAKES Found:  1  accounts for delinquent validator BTeEyner9LLywxWXaPeAzz62Bxmk4eG8mXMun3uYLYKi
2025-04-06T23:58:03.446Z STAKES Stake account E8UbZa4DvGWz7tfyTDi1spLv7G3o1F2UrQKTHpTj662t is de-activating:  1.003
2025-04-06T23:58:03.446Z STAKES Found:  0  accounts that can be de-activated delinquent validator BTeEyner9LLywxWXaPeAzz62Bxmk4eG8mXMun3uYLYKi
2025-04-06T23:58:03.446Z FIND No deactivations possible for this validator
2025-04-06T23:58:08.050Z STAKES Found:  1  accounts for delinquent validator 742Li328fz2ztbrchLG5bSht6Rp43yZZEDEbyD7U3zWW
2025-04-06T23:58:08.050Z STAKES Stake account 4riwsKiFEmpMaUWzh4irqeUJs3k6oqH5d8t6eCxBfNm5 is activated:  1.003
2025-04-06T23:58:08.050Z STAKES Found:  1  accounts that can be de-activated delinquent validator 742Li328fz2ztbrchLG5bSht6Rp43yZZEDEbyD7U3zWW
2025-04-06T23:58:08.071Z DEACTIVATE Blockhash: D7Gx1Yu3PRejFE3kmKptm7BH7PTTxb3rEBnAWs8Msaxb
2025-04-06T23:58:08.096Z DEACTIVATE Sent tx: 4qmBBqJF5uSJenY6RwXVaKb8Lzg7drEBt8MWkTQgLMw2cGCTEparUqbZmxurvj95wwKANGphSHL79seGdG4vHQFo https://explorer.solana.com/tx/4qmBBqJF5uSJenY6RwXVaKb8Lzg7drEBt8MWkTQgLMw2cGCTEparUqbZmxurvj95wwKANGphSHL79seGdG4vHQFo
2025-04-06T23:58:08.199Z DEACTIVATE Waiting for confirmations...
2025-04-06T23:58:17.380Z DEACTIVATE Confirmed.
2025-04-06T23:58:17.380Z FIND Deactivated stake accounts with total balance:
2025-04-06T23:58:20.230Z STAKES Found:  1  accounts for delinquent validator GAoCBDE9ABRYmhWUREDp4po4L8JgCPeQsPS77p1mx3WR
2025-04-06T23:58:20.230Z STAKES Stake account HrLGTmqMMBuhkSFk6hLZiRRhjsW2wNonZJhMDR7ipLKA is de-activating:  1.000000005
2025-04-06T23:58:20.230Z STAKES Found:  0  accounts that can be de-activated delinquent validator GAoCBDE9ABRYmhWUREDp4po4L8JgCPeQsPS77p1mx3WR
2025-04-06T23:58:20.230Z FIND No deactivations possible for this validator
2025-04-06T23:58:22.467Z STAKES Found:  5  accounts for delinquent validator 52J4Nhv5u3bKiKBw5nvAJjUigoWHfP7PBQCfC4craVEY
2025-04-06T23:58:22.467Z STAKES Stake account GBiM2iovranncyJgNZAp9JvCZi8XB99cgoRXbXjeH382 is de-activating:  0.003356849
2025-04-06T23:58:22.467Z STAKES Stake account Hr8DervSX6ttAF6crSbmC7RGLb7EM8CJTruN3jq6rpXo is de-activating:  0.00328288
2025-04-06T23:58:22.467Z STAKES Stake account 4Bo25GfJtM9jnzkbbN8fq8apTWGPwWG8MfwtErLjLrzj is de-activating:  0.003356849
2025-04-06T23:58:22.467Z STAKES Stake account HwhziiZPKtN6G8phN2z8MpdL5Gf7BXkfrnrsMx2ZN7df is de-activating:  0.003329494
2025-04-06T23:58:22.467Z STAKES Stake account CzikfRMksRkpS6G4GwzUtS2BUj5hrR1mDujBQXq4FYYB is de-activating:  0.839321882
2025-04-06T23:58:22.467Z STAKES Found:  0  accounts that can be de-activated delinquent validator 52J4Nhv5u3bKiKBw5nvAJjUigoWHfP7PBQCfC4craVEY
2025-04-06T23:58:22.467Z FIND No deactivations possible for this validator
2025-04-06T23:58:25.374Z STAKES Found:  5  accounts for delinquent validator EuUxT2aEqiAVkCjdfjehTYzPA9vGSrS4AEcroUf3Cxq6
2025-04-06T23:58:25.375Z STAKES Stake account 77oYkZ1Hgw1CfkYSvBiyTCwSgqdaN2TRUqPisoiJ3AnL is de-activating:  0.00334823
2025-04-06T23:58:25.375Z STAKES Stake account HSWm6vh1xUJsdAVSnxYX9JqohdzGCjk9gTd2szmnhzYw is de-activating:  0.003347797
2025-04-06T23:58:25.375Z STAKES Stake account AwSgCLEBzXGAZ1iUUum7SigrBb9U8SK9gwi3XVrvREEW is de-activating:  0.00328288
2025-04-06T23:58:25.375Z STAKES Stake account CQb9nd2AFYxgr97MhJvg5NgqkvuWLGLw41FWmMNJbzLk is de-activating:  0.741809494
2025-04-06T23:58:25.375Z STAKES Stake account qkS48Q5ymRpu7JRGgrXzyWBrF5hsVjs3tR26owsdp1o is de-activating:  0.00332925
2025-04-06T23:58:25.375Z STAKES Found:  0  accounts that can be de-activated delinquent validator EuUxT2aEqiAVkCjdfjehTYzPA9vGSrS4AEcroUf3Cxq6
2025-04-06T23:58:25.375Z FIND No deactivations possible for this validator
2025-04-06T23:58:25.375Z FIND Total de-activated: 1.003
