2025-04-27T05:54:50.759Z FIND Found epoch range to explore:  774 778
2025-04-27T05:54:50.761Z FIND Found delinquent validators [
  'CrLn7zEBytbmRBUGhkDyyUbGCa6H7bMCnw94Dip8QbcJ',
  'CnB88pH35AjH2XUsiK5X257sVLkGUf11UDioXgJXoLuL',
  '9yn8kRqgtYsAV5Pg2YTmu3PCmnm4yXFE3cRGZ2G6WFho',
  'J3hhsGS7xfcYoogsAQpGBJAdAyv8Sm5peWVaN6P9v1DE',
  'PRqb4oSHEAjtEays2mgaWp75CTobPceobCcyd7bP1YM',
  'BTeEyner9LLywxWXaPeAzz62Bxmk4eG8mXMun3uYLYKi',
  '568E22Vp87VCVWfCECSeMwJD4y5Yah45fyTJPHtsvA4o',
  '742Li328fz2ztbrchLG5bSht6Rp43yZZEDEbyD7U3zWW',
  '9fLwGW9hoXjfeKUpjNGTA2M3BxNivH9ds3ejNSQoDUM8',
  'BChmozpXUepF9LqcyFr1BqDiRZnfsRa9rogUhk5MLRcJ',
  'HSvtHN8qJgkmCxy8UmYN8jZQRzWAtQESmear1EAKaroH',
  '83ejsRbzFDXoYFjCMuJ7Q7SWUvYgMrrQfsjbR3WA9tpa',
  'EBmz677zQ13MRwkKQi2fdb51ViRNwyuPtZbZhmzeEH2m',
  '7zRyjgPbeh9HFhpyrYCG6CyLz9gssxgoJamj7CSG1cZe',
  '4bor1arUqveTpx64Q18XUwsLZtsEi8tFp5HZ5e4AMykx',
  '8xHv2sNPA5EtsRWJQypTS34ribSqD8ffsc771i9yoRcE',
  'HqeoSipJHfpzPwnr4UE7wuiWRcBC9QHEqjjLZjHoi4fU',
  '8mG8MXRitQoct8UqfejfNw6ApRkYbvc9YiQY8YDsW9Fi',
  'D8J7EZD22HAQhRQVXHfjMSU8BDPhWfokxCyPUXjpwxD',
  'E9w6i6M7mSJkm1BRozSZpSpRb5sE3NEkrHA9R2zZjuwa',
  '81mfVVk2r1qLBQXQJqsESTSwnmgKFZjYDdvYUpgSCyYi',
  '13juuPtYfhDWfnYffQAcYhvTCrqgqrrQugaLnNrcPMyQ',
  'LocksHyMXUeTmF2hrvr7ewQBLFgUzGA3CzXBs7DDaNj',
  'J2wfGqcB4xeJgDdjSYuRoksGNquh4yhZfsXc3CBr7iJV',
  '7CW3zdKsfzCVDZBXsKcimqkGS7nuHEsz4KB1oysfec2K'
]
2025-04-27T05:54:50.763Z FIND Found reference validator he1iusunGwqrNtafDtLdhsUQDFvo13z9sUa36PauBtk
2025-04-27T05:54:52.921Z STAKES Found:  53  accounts for delinquent validator CrLn7zEBytbmRBUGhkDyyUbGCa6H7bMCnw94Dip8QbcJ
2025-04-27T05:54:52.922Z STAKES Stake account G8cfpn8WtiMxjXJnZutbCNno38dL7PMNRy5R5gdokUgU is de-activating:  0.003346995
2025-04-27T05:54:52.922Z STAKES Stake account EP8RyDs9iwfda6UKq65mabNxicbMfPqaUefafUhLJs5Y is de-activating:  2.624347057
2025-04-27T05:54:52.922Z STAKES Stake account APtdvuZ1fNig3HhbKauR8EHjBhsJWhbqK9p79que3xmM is de-activating:  38.403439999
2025-04-27T05:54:52.922Z STAKES Stake account 9ogJ5j3R2MdjvhJPKPMYnec2naUza7eK4sHvo9HG8y7S is de-activating:  1.066145901
2025-04-27T05:54:52.922Z STAKES Stake account 62caL5yT4MMgxSoGor3WZaYseQtuqJC4WsxLBYXLNch2 is de-activating:  59.265391755
2025-04-27T05:54:52.923Z STAKES Stake account 6QshzLhSzaCJG2Jf2GovAjtRcMoZuYtdzxomsoqhp9Rv is de-activating:  0.003347067
2025-04-27T05:54:52.923Z STAKES Stake account FFGQX2Et4wbfT5FAHguvDQAs4tT4gAkgLSDnQArhuhGi is de-activating:  0.003346003
2025-04-27T05:54:52.923Z STAKES Stake account CXrS57HRBq56JdzUArnvpMgH2Fh1QxueLkg5jTNDakCN is de-activating:  5.775319217
2025-04-27T05:54:52.923Z STAKES Stake account CsmGPP5fddf9dRzzU6HX51uxMZkn9ehiwCNqDZ4YFWNT is de-activating:  0.003347067
2025-04-27T05:54:52.923Z STAKES Stake account 5v1oJDYwQ53eBGGaRTirh9x1uyxAF9BHiyFggz3Rhio6 is de-activating:  0.003294488
2025-04-27T05:54:52.924Z STAKES Stake account 46fienab49zfucGDFk39SgCJeajgXs1CxEaabAcGArvN is de-activating:  0.003362264
2025-04-27T05:54:52.924Z STAKES Stake account 688fJFHjXhhEB9jzPN6QRc5T1y7uSsijTMuagtP8RePc is de-activating:  106.88261961
2025-04-27T05:54:52.924Z STAKES Stake account 5YCYz9Wq293PHANQ8STGTTAQUpTncU92CP2YsU1ra7gE is de-activating:  54.999025077
2025-04-27T05:54:52.924Z STAKES Stake account GZNtLkcLiwZivfusMginfryTok76x5sgMdt2xLCog3d1 is de-activating:  0.003346003
2025-04-27T05:54:52.924Z STAKES Stake account 5xnoCJUtYPeyeqZitXkMmrcCarMqHgZfoP5C16bs5gZ8 is de-activating:  0.003347067
2025-04-27T05:54:52.924Z STAKES Stake account 8rfER4XQfa6pbojedFExqPAruPaXY9xxyEnGqoYTme5P is de-activating:  0.003389637
2025-04-27T05:54:52.924Z STAKES Stake account 4U2bytYaKqisHLEQaHU5k4mhE4pwo4V8fAbisyAfHHaz is de-activating:  92.575573803
2025-04-27T05:54:52.925Z STAKES Stake account Fb2s8rF6mW4bcdBNPhyDFzcwexpwmWyPSLFc4CnRBPZC is de-activating:  0.003347067
2025-04-27T05:54:52.925Z STAKES Stake account 8YMmbvFtPCHa1UzC7SFHj8rPgLzEcB6pYND3A4UZfJPC is de-activating:  53.807329246
2025-04-27T05:54:52.925Z STAKES Stake account 2nA6XCDiXV8tavchrFx91M1xz2pBZjFANkTdRdxfz9vd is de-activating:  0.003400003
2025-04-27T05:54:52.925Z STAKES Stake account 8rzRsApvmDLmYqr8weFm8cXrMGAsKUzFqHhdc4wyVs8 is de-activating:  10.246897875
2025-04-27T05:54:52.925Z STAKES Stake account FGdBQn4fAzrrDDkc3oky5LxZWEBFGUVocapFtGkhzmWW is de-activated:  1.06933967
2025-04-27T05:54:52.925Z STAKES Stake account 57ELrobEcAjphqUx2tmKKkbtytfJ82dCgoTSxeiAVG4b is de-activating:  0.003346003
2025-04-27T05:54:52.925Z STAKES Stake account 4AmTqUDWRoU5HWTkfxDBaewKJo9CCJL3ff5nWj48Cbkd is de-activating:  0.003346003
2025-04-27T05:54:52.925Z STAKES Stake account HJTiL6CqtgyhGfDp1ebNu7owqEvvFWTHpYwrArs8fYVD is de-activating:  0.003347067
2025-04-27T05:54:52.926Z STAKES Stake account AaDmEfPjLEQWQ29ZQi2Z35EZgM4XnQLzGUcNy3bZQU5G is de-activating:  49.418366088
2025-04-27T05:54:52.926Z STAKES Stake account DVvWsyyEbmAkQJeqkqsBGsjJbBQDChSVY5GU11WRJBMB is de-activating:  0.003347067
2025-04-27T05:54:52.926Z STAKES Stake account B7q483exW4qRaCNTP843jX92r2SDe5z7YWz8RAT2Hebn is de-activating:  0.844901775
2025-04-27T05:54:52.926Z STAKES Stake account DPznEqY9yKqsjB7PGKVSRuhciQYwKXS2KLPHYbydcrW1 is de-activating:  106.054080681
2025-04-27T05:54:52.926Z STAKES Stake account 93draTrFCQLw8jUDfEuyATk4KArbEtg8wsm8phgnw5AZ is de-activating:  0.003347067
2025-04-27T05:54:52.926Z STAKES Stake account Fhq4JUQLhxqiC5Lfsk9aCv6NEYXVqNqC1KnyjY8k7jiJ is de-activating:  0.004056307
2025-04-27T05:54:52.926Z STAKES Stake account 4BFi9ju7RsCgCRUEj2y3h5Vn43sbvVstb1F9NmCC6Liz is de-activating:  77.283120569
2025-04-27T05:54:52.927Z STAKES Stake account 4pswkJ66MaAgVjVBd2VA6g7LYEguPQPbVkfirYzyRpZ9 is de-activating:  0.003347067
2025-04-27T05:54:52.927Z STAKES Stake account 95q5qXeM1VKzeWKHe5FFwdiY4om1p8FS3drrHwjDnksF is de-activating:  0.008089116
2025-04-27T05:54:52.927Z STAKES Stake account 8iweZHGsn7j4yYCWidMo2ZYNKASEhxvxXER2HKiM2f1H is de-activating:  16.116647843
2025-04-27T05:54:52.927Z STAKES Stake account DAbDBQ1cT6EWS8U1r5wtt1DCnWofUh2UnMcecNyLQTss is de-activating:  63.203298104
2025-04-27T05:54:52.927Z STAKES Stake account 2h6dpDzFc8p38gBT2aruRkcNDCHGJ6eRfjRpnUxvMmfu is de-activating:  2.629930801
2025-04-27T05:54:52.927Z STAKES Stake account HqTKrVup7MBwJSV2hSHKxi4T2Jth5vQfzqVLnSLJ7mLP is de-activating:  0.003282886
2025-04-27T05:54:52.927Z STAKES Stake account 45LP6sfavdLEAtndXzuYVYjwxB5FX2yMbsjSamcFsCw9 is de-activating:  0.003346995
2025-04-27T05:54:52.927Z STAKES Stake account 6ZxgvYVuE2cv9kihVi9jHJsc7RRe4XV6LH6i3KMR46ZF is de-activating:  0.003346003
2025-04-27T05:54:52.927Z STAKES Stake account C5YRxB4ji9WdvfN4spGZuAiacj1Pw5sr5EoqmiHMSPa4 is de-activating:  5.634676023
2025-04-27T05:54:52.928Z STAKES Stake account ACsLQxuDXTy5pqw95LFyd6qW8sxE4EL1r7sQoAoSyiiQ is de-activating:  0.003346003
2025-04-27T05:54:52.928Z STAKES Stake account 7xn4Tc4KExfq6d4UjCEE8SwDygSTuqgazmMchDDkHJU9 is de-activating:  2.436639418
2025-04-27T05:54:52.928Z STAKES Stake account DmzjwkcfJfZbdbV4dSBssRRdtCrVFiEwayQVZaBGDKdb is de-activating:  108.755728698
2025-04-27T05:54:52.928Z STAKES Stake account Eq8Q6DDMZbzKt6xV5TRBNvz9VBAR1oovguiqsEUgqMU8 is de-activating:  0.003346003
2025-04-27T05:54:52.928Z STAKES Stake account 6srJHHkKRXvRtwttYLCo16HsxXhk75apw1CeTCqLwb9s is de-activating:  0.003291975
2025-04-27T05:54:52.928Z STAKES Stake account 2aX7UxmgUyJrB8BVm2S7ZVrVbXFxMhnzHrXvFHBsEAL9 is de-activating:  0.003347067
2025-04-27T05:54:52.928Z STAKES Stake account HRVGbvFNYUX49S5zxCLtySN7GCwNDtN7g9ho9z6FgfA8 is de-activating:  0.003346003
2025-04-27T05:54:52.928Z STAKES Stake account 7bp9xCAz9zDZcA89vhCCnhQtV3PBC28NVPvjZ4EoJrC8 is de-activating:  0.003346995
2025-04-27T05:54:52.928Z STAKES Stake account 5ZHQFKP9QUnq8kYB1xPA1fKaV4ZeTrzyGdPMhjoAwibS is de-activating:  11.076078797
2025-04-27T05:54:52.929Z STAKES Stake account CBkNWmuHg8TSe9QpFUf2wBLCgPPZAyfj7iZa8hiPyjxW is de-activating:  0.003347067
2025-04-27T05:54:52.929Z STAKES Stake account 8hfYhQorSRTNPJWALz4ibn38CJ3Hbf6EVwXxa14JAVKK is de-activating:  0.003347067
2025-04-27T05:54:52.929Z STAKES Stake account 8bUDKNNm5qwzPpFGEM8sQYv9tX1wcaxLC1GvLFSnTsoR is de-activating:  5.194946016
2025-04-27T05:54:52.929Z STAKES Found:  0  accounts that can be de-activated delinquent validator CrLn7zEBytbmRBUGhkDyyUbGCa6H7bMCnw94Dip8QbcJ
2025-04-27T05:54:52.929Z FIND No deactivations possible for this validator
2025-04-27T05:54:55.019Z STAKES Found:  10  accounts for delinquent validator CnB88pH35AjH2XUsiK5X257sVLkGUf11UDioXgJXoLuL
2025-04-27T05:54:55.020Z STAKES Stake account Bqioz6QkpjGfgwa3hBpNaeTMuqGjuLafYdGSq4dVVRg7 is de-activated:  0.063116343
2025-04-27T05:54:55.020Z STAKES Stake account fAbc5Lhc8HQAXMMEWorSQjWychztAe2WkJEGBfXUxgq is de-activated:  950.432705451
2025-04-27T05:54:55.020Z STAKES Stake account H11EJN5LNvNhAachTeq3JvdUcKLsbU6y5T1qnQG8ADaN is de-activating:  0.003354628
2025-04-27T05:54:55.020Z STAKES Stake account 8it3DkqzRumhoJviD998b6aibzfT9tUmFde3YmPQgqVL is de-activating:  0.003329238
2025-04-27T05:54:55.020Z STAKES Stake account EokH42Swowy4233XiL9iv1LfSqKGgQN1qgnT7bLo6ioG is de-activating:  2.629556768
2025-04-27T05:54:55.020Z STAKES Stake account DUgVguy7ELTXVqwXPRfMdUt3dqLnKj6dTvNgPWPyav7e is de-activated:  0.01115858
2025-04-27T05:54:55.020Z STAKES Stake account DFcrMoMtUfBpfEbYB5qC3xzBa6kvwbeRwfeCWij357r6 is de-activating:  0.003294627
2025-04-27T05:54:55.021Z STAKES Stake account ang4jNo2CTLQfnn8L7i61wa6FNFoK1jcfCMyASK6VXY is de-activated:  0.38872675
2025-04-27T05:54:55.021Z STAKES Stake account 6ETfW5W26z2NtomSTGAU2QY8VB25TNWhQykwunCW9DKb is de-activated:  0.05
2025-04-27T05:54:55.021Z STAKES Stake account Axr5igcN3ycrAmERCcpbwrGe7GVPvD4UZGHAKsQMx5DW is de-activating:  1.088088978
2025-04-27T05:54:55.021Z STAKES Found:  0  accounts that can be de-activated delinquent validator CnB88pH35AjH2XUsiK5X257sVLkGUf11UDioXgJXoLuL
2025-04-27T05:54:55.021Z FIND No deactivations possible for this validator
Server responded with 429 Too Many Requests.  Retrying after 500ms delay...
Server responded with 429 Too Many Requests.  Retrying after 1000ms delay...
Server responded with 429 Too Many Requests.  Retrying after 2000ms delay...
Server responded with 429 Too Many Requests.  Retrying after 4000ms delay...
2025-04-27T05:55:02.752Z FIND Error processing validator 9yn8kRqgtYsAV5Pg2YTmu3PCmnm4yXFE3cRGZ2G6WFho 429 Too Many Requests:  {"jsonrpc":"2.0","error":{"code": 429, "message":"Too many requests for a specific RPC call"}, "id": "69bf5cb3-69e4-47f8-9bf1-6d9af17653ee" } 
 Error: 429 Too Many Requests:  {"jsonrpc":"2.0","error":{"code": 429, "message":"Too many requests for a specific RPC call"}, "id": "69bf5cb3-69e4-47f8-9bf1-6d9af17653ee" } 

    at ClientBrowser.callServer (/home/runner/work/solana-deactivate-delinquent/solana-deactivate-delinquent/node_modules/.pnpm/@solana+web3.js@1.87.6/node_modules/@solana/web3.js/lib/index.cjs.js:6474:18)
    at process.processTicksAndRejections (node:internal/process/task_queues:95:5)
Server responded with 429 Too Many Requests.  Retrying after 500ms delay...
Server responded with 429 Too Many Requests.  Retrying after 1000ms delay...
Server responded with 429 Too Many Requests.  Retrying after 2000ms delay...
Server responded with 429 Too Many Requests.  Retrying after 4000ms delay...
2025-04-27T05:55:10.541Z FIND Error processing validator J3hhsGS7xfcYoogsAQpGBJAdAyv8Sm5peWVaN6P9v1DE 429 Too Many Requests:  {"jsonrpc":"2.0","error":{"code": 429, "message":"Too many requests for a specific RPC call"}, "id": "ad9eec95-7a55-41dd-a23b-9e18a8877a3b" } 
 Error: 429 Too Many Requests:  {"jsonrpc":"2.0","error":{"code": 429, "message":"Too many requests for a specific RPC call"}, "id": "ad9eec95-7a55-41dd-a23b-9e18a8877a3b" } 

    at ClientBrowser.callServer (/home/runner/work/solana-deactivate-delinquent/solana-deactivate-delinquent/node_modules/.pnpm/@solana+web3.js@1.87.6/node_modules/@solana/web3.js/lib/index.cjs.js:6474:18)
    at process.processTicksAndRejections (node:internal/process/task_queues:95:5)
Server responded with 429 Too Many Requests.  Retrying after 500ms delay...
Server responded with 429 Too Many Requests.  Retrying after 1000ms delay...
Server responded with 429 Too Many Requests.  Retrying after 2000ms delay...
Server responded with 429 Too Many Requests.  Retrying after 4000ms delay...
2025-04-27T05:55:18.315Z FIND Error processing validator PRqb4oSHEAjtEays2mgaWp75CTobPceobCcyd7bP1YM 429 Too Many Requests:  {"jsonrpc":"2.0","error":{"code": 429, "message":"Too many requests for a specific RPC call"}, "id": "a7c932c2-c83d-4200-be90-89446dc3ec7e" } 
 Error: 429 Too Many Requests:  {"jsonrpc":"2.0","error":{"code": 429, "message":"Too many requests for a specific RPC call"}, "id": "a7c932c2-c83d-4200-be90-89446dc3ec7e" } 

    at ClientBrowser.callServer (/home/runner/work/solana-deactivate-delinquent/solana-deactivate-delinquent/node_modules/.pnpm/@solana+web3.js@1.87.6/node_modules/@solana/web3.js/lib/index.cjs.js:6474:18)
    at process.processTicksAndRejections (node:internal/process/task_queues:95:5)
Server responded with 429 Too Many Requests.  Retrying after 500ms delay...
Server responded with 429 Too Many Requests.  Retrying after 1000ms delay...
Server responded with 429 Too Many Requests.  Retrying after 2000ms delay...
Server responded with 429 Too Many Requests.  Retrying after 4000ms delay...
2025-04-27T05:55:26.123Z FIND Error processing validator BTeEyner9LLywxWXaPeAzz62Bxmk4eG8mXMun3uYLYKi 429 Too Many Requests:  {"jsonrpc":"2.0","error":{"code": 429, "message":"Too many requests for a specific RPC call"}, "id": "1fe42c17-0eb7-471b-a656-dcd3a7acb953" } 
 Error: 429 Too Many Requests:  {"jsonrpc":"2.0","error":{"code": 429, "message":"Too many requests for a specific RPC call"}, "id": "1fe42c17-0eb7-471b-a656-dcd3a7acb953" } 

    at ClientBrowser.callServer (/home/runner/work/solana-deactivate-delinquent/solana-deactivate-delinquent/node_modules/.pnpm/@solana+web3.js@1.87.6/node_modules/@solana/web3.js/lib/index.cjs.js:6474:18)
    at process.processTicksAndRejections (node:internal/process/task_queues:95:5)
Server responded with 429 Too Many Requests.  Retrying after 500ms delay...
Server responded with 429 Too Many Requests.  Retrying after 1000ms delay...
Server responded with 429 Too Many Requests.  Retrying after 2000ms delay...
Server responded with 429 Too Many Requests.  Retrying after 4000ms delay...
2025-04-27T05:55:33.738Z FIND Error processing validator 568E22Vp87VCVWfCECSeMwJD4y5Yah45fyTJPHtsvA4o 429 Too Many Requests:  {"jsonrpc":"2.0","error":{"code": 429, "message":"Too many requests for a specific RPC call"}, "id": "ffd88d59-aa5a-4379-8b5c-e63233b32cad" } 
 Error: 429 Too Many Requests:  {"jsonrpc":"2.0","error":{"code": 429, "message":"Too many requests for a specific RPC call"}, "id": "ffd88d59-aa5a-4379-8b5c-e63233b32cad" } 

    at ClientBrowser.callServer (/home/runner/work/solana-deactivate-delinquent/solana-deactivate-delinquent/node_modules/.pnpm/@solana+web3.js@1.87.6/node_modules/@solana/web3.js/lib/index.cjs.js:6474:18)
    at process.processTicksAndRejections (node:internal/process/task_queues:95:5)
Server responded with 429 Too Many Requests.  Retrying after 500ms delay...
Server responded with 429 Too Many Requests.  Retrying after 1000ms delay...
Server responded with 429 Too Many Requests.  Retrying after 2000ms delay...
Server responded with 429 Too Many Requests.  Retrying after 4000ms delay...
2025-04-27T05:55:41.463Z FIND Error processing validator 742Li328fz2ztbrchLG5bSht6Rp43yZZEDEbyD7U3zWW 429 Too Many Requests:  {"jsonrpc":"2.0","error":{"code": 429, "message":"Too many requests for a specific RPC call"}, "id": "cde25cdd-088c-4b43-be30-eba3b16fecbf" } 
 Error: 429 Too Many Requests:  {"jsonrpc":"2.0","error":{"code": 429, "message":"Too many requests for a specific RPC call"}, "id": "cde25cdd-088c-4b43-be30-eba3b16fecbf" } 

    at ClientBrowser.callServer (/home/runner/work/solana-deactivate-delinquent/solana-deactivate-delinquent/node_modules/.pnpm/@solana+web3.js@1.87.6/node_modules/@solana/web3.js/lib/index.cjs.js:6474:18)
    at process.processTicksAndRejections (node:internal/process/task_queues:95:5)
Server responded with 429 Too Many Requests.  Retrying after 500ms delay...
Server responded with 429 Too Many Requests.  Retrying after 1000ms delay...
Server responded with 429 Too Many Requests.  Retrying after 2000ms delay...
Server responded with 429 Too Many Requests.  Retrying after 4000ms delay...
2025-04-27T05:55:49.171Z FIND Error processing validator 9fLwGW9hoXjfeKUpjNGTA2M3BxNivH9ds3ejNSQoDUM8 429 Too Many Requests:  {"jsonrpc":"2.0","error":{"code": 429, "message":"Too many requests for a specific RPC call"}, "id": "6c3a66d1-c5df-40c4-b1db-ccd326fdb60b" } 
 Error: 429 Too Many Requests:  {"jsonrpc":"2.0","error":{"code": 429, "message":"Too many requests for a specific RPC call"}, "id": "6c3a66d1-c5df-40c4-b1db-ccd326fdb60b" } 

    at ClientBrowser.callServer (/home/runner/work/solana-deactivate-delinquent/solana-deactivate-delinquent/node_modules/.pnpm/@solana+web3.js@1.87.6/node_modules/@solana/web3.js/lib/index.cjs.js:6474:18)
    at process.processTicksAndRejections (node:internal/process/task_queues:95:5)
Server responded with 429 Too Many Requests.  Retrying after 500ms delay...
Server responded with 429 Too Many Requests.  Retrying after 1000ms delay...
Server responded with 429 Too Many Requests.  Retrying after 2000ms delay...
2025-04-27T05:55:55.132Z STAKES Found:  1  accounts for delinquent validator BChmozpXUepF9LqcyFr1BqDiRZnfsRa9rogUhk5MLRcJ
2025-04-27T05:55:55.132Z STAKES Stake account 2TGTBaS9SfAwDc2feXQRfDSu2V5X42disJY7Qn4ebPaB is de-activating:  1.003
2025-04-27T05:55:55.132Z STAKES Found:  0  accounts that can be de-activated delinquent validator BChmozpXUepF9LqcyFr1BqDiRZnfsRa9rogUhk5MLRcJ
2025-04-27T05:55:55.132Z FIND No deactivations possible for this validator
2025-04-27T05:55:57.134Z STAKES Found:  1  accounts for delinquent validator HSvtHN8qJgkmCxy8UmYN8jZQRzWAtQESmear1EAKaroH
2025-04-27T05:55:57.134Z STAKES Stake account Ea64KNBeDi5fSXL7nkyEoghqFyW8tL4xnmHB1jFmQ753 is de-activating:  1.003
2025-04-27T05:55:57.134Z STAKES Found:  0  accounts that can be de-activated delinquent validator HSvtHN8qJgkmCxy8UmYN8jZQRzWAtQESmear1EAKaroH
2025-04-27T05:55:57.134Z FIND No deactivations possible for this validator
Server responded with 429 Too Many Requests.  Retrying after 500ms delay...
Server responded with 429 Too Many Requests.  Retrying after 1000ms delay...
Server responded with 429 Too Many Requests.  Retrying after 2000ms delay...
Server responded with 429 Too Many Requests.  Retrying after 4000ms delay...
2025-04-27T05:56:04.733Z FIND Error processing validator 83ejsRbzFDXoYFjCMuJ7Q7SWUvYgMrrQfsjbR3WA9tpa 429 Too Many Requests:  {"jsonrpc":"2.0","error":{"code": 429, "message":"Too many requests for a specific RPC call"}, "id": "0d3e6b33-c815-4ed8-95a6-7f8a6a999696" } 
 Error: 429 Too Many Requests:  {"jsonrpc":"2.0","error":{"code": 429, "message":"Too many requests for a specific RPC call"}, "id": "0d3e6b33-c815-4ed8-95a6-7f8a6a999696" } 

    at ClientBrowser.callServer (/home/runner/work/solana-deactivate-delinquent/solana-deactivate-delinquent/node_modules/.pnpm/@solana+web3.js@1.87.6/node_modules/@solana/web3.js/lib/index.cjs.js:6474:18)
    at process.processTicksAndRejections (node:internal/process/task_queues:95:5)
Server responded with 429 Too Many Requests.  Retrying after 500ms delay...
Server responded with 429 Too Many Requests.  Retrying after 1000ms delay...
Server responded with 429 Too Many Requests.  Retrying after 2000ms delay...
Server responded with 429 Too Many Requests.  Retrying after 4000ms delay...
2025-04-27T05:56:12.347Z FIND Error processing validator EBmz677zQ13MRwkKQi2fdb51ViRNwyuPtZbZhmzeEH2m 429 Too Many Requests:  {"jsonrpc":"2.0","error":{"code": 429, "message":"Too many requests for a specific RPC call"}, "id": "37bc3649-fe6c-4e31-b1b0-0d67e563ccb3" } 
 Error: 429 Too Many Requests:  {"jsonrpc":"2.0","error":{"code": 429, "message":"Too many requests for a specific RPC call"}, "id": "37bc3649-fe6c-4e31-b1b0-0d67e563ccb3" } 

    at ClientBrowser.callServer (/home/runner/work/solana-deactivate-delinquent/solana-deactivate-delinquent/node_modules/.pnpm/@solana+web3.js@1.87.6/node_modules/@solana/web3.js/lib/index.cjs.js:6474:18)
    at process.processTicksAndRejections (node:internal/process/task_queues:95:5)
Server responded with 429 Too Many Requests.  Retrying after 500ms delay...
Server responded with 429 Too Many Requests.  Retrying after 1000ms delay...
Server responded with 429 Too Many Requests.  Retrying after 2000ms delay...
Server responded with 429 Too Many Requests.  Retrying after 4000ms delay...
2025-04-27T05:56:20.114Z FIND Error processing validator 7zRyjgPbeh9HFhpyrYCG6CyLz9gssxgoJamj7CSG1cZe 429 Too Many Requests:  {"jsonrpc":"2.0","error":{"code": 429, "message":"Too many requests for a specific RPC call"}, "id": "6209ee18-f869-4286-a8a8-37a9bbe8ce2c" } 
 Error: 429 Too Many Requests:  {"jsonrpc":"2.0","error":{"code": 429, "message":"Too many requests for a specific RPC call"}, "id": "6209ee18-f869-4286-a8a8-37a9bbe8ce2c" } 

    at ClientBrowser.callServer (/home/runner/work/solana-deactivate-delinquent/solana-deactivate-delinquent/node_modules/.pnpm/@solana+web3.js@1.87.6/node_modules/@solana/web3.js/lib/index.cjs.js:6474:18)
    at process.processTicksAndRejections (node:internal/process/task_queues:95:5)
Server responded with 429 Too Many Requests.  Retrying after 500ms delay...
Server responded with 429 Too Many Requests.  Retrying after 1000ms delay...
Server responded with 429 Too Many Requests.  Retrying after 2000ms delay...
2025-04-27T05:56:25.681Z STAKES Found:  1  accounts for delinquent validator 4bor1arUqveTpx64Q18XUwsLZtsEi8tFp5HZ5e4AMykx
2025-04-27T05:56:25.681Z STAKES Stake account FYEVkpNJFapXaRxK6yNzMD1UCaTxUhR37aWqimoSPodc is de-activating:  1.003
2025-04-27T05:56:25.681Z STAKES Found:  0  accounts that can be de-activated delinquent validator 4bor1arUqveTpx64Q18XUwsLZtsEi8tFp5HZ5e4AMykx
2025-04-27T05:56:25.682Z FIND No deactivations possible for this validator
2025-04-27T05:56:28.009Z STAKES Found:  1  accounts for delinquent validator 8xHv2sNPA5EtsRWJQypTS34ribSqD8ffsc771i9yoRcE
2025-04-27T05:56:28.009Z STAKES Stake account 2CcLxNgenCPQ6HaXtXSEnKpVZHibKhF5SHAQvoCaxW5s is de-activating:  1.003
2025-04-27T05:56:28.009Z STAKES Found:  0  accounts that can be de-activated delinquent validator 8xHv2sNPA5EtsRWJQypTS34ribSqD8ffsc771i9yoRcE
2025-04-27T05:56:28.009Z FIND No deactivations possible for this validator
Server responded with 429 Too Many Requests.  Retrying after 500ms delay...
Server responded with 429 Too Many Requests.  Retrying after 1000ms delay...
Server responded with 429 Too Many Requests.  Retrying after 2000ms delay...
Server responded with 429 Too Many Requests.  Retrying after 4000ms delay...
2025-04-27T05:56:35.605Z FIND Error processing validator HqeoSipJHfpzPwnr4UE7wuiWRcBC9QHEqjjLZjHoi4fU 429 Too Many Requests:  {"jsonrpc":"2.0","error":{"code": 429, "message":"Too many requests for a specific RPC call"}, "id": "daeebf6b-8975-4863-a35b-9fc722e76df8" } 
 Error: 429 Too Many Requests:  {"jsonrpc":"2.0","error":{"code": 429, "message":"Too many requests for a specific RPC call"}, "id": "daeebf6b-8975-4863-a35b-9fc722e76df8" } 

    at ClientBrowser.callServer (/home/runner/work/solana-deactivate-delinquent/solana-deactivate-delinquent/node_modules/.pnpm/@solana+web3.js@1.87.6/node_modules/@solana/web3.js/lib/index.cjs.js:6474:18)
    at process.processTicksAndRejections (node:internal/process/task_queues:95:5)
Server responded with 429 Too Many Requests.  Retrying after 500ms delay...
Server responded with 429 Too Many Requests.  Retrying after 1000ms delay...
Server responded with 429 Too Many Requests.  Retrying after 2000ms delay...
Server responded with 429 Too Many Requests.  Retrying after 4000ms delay...
2025-04-27T05:56:43.234Z FIND Error processing validator 8mG8MXRitQoct8UqfejfNw6ApRkYbvc9YiQY8YDsW9Fi 429 Too Many Requests:  {"jsonrpc":"2.0","error":{"code": 429, "message":"Too many requests for a specific RPC call"}, "id": "9699de19-a052-44b7-95ed-1ca0153d1d4b" } 
 Error: 429 Too Many Requests:  {"jsonrpc":"2.0","error":{"code": 429, "message":"Too many requests for a specific RPC call"}, "id": "9699de19-a052-44b7-95ed-1ca0153d1d4b" } 

    at ClientBrowser.callServer (/home/runner/work/solana-deactivate-delinquent/solana-deactivate-delinquent/node_modules/.pnpm/@solana+web3.js@1.87.6/node_modules/@solana/web3.js/lib/index.cjs.js:6474:18)
    at process.processTicksAndRejections (node:internal/process/task_queues:95:5)
Server responded with 429 Too Many Requests.  Retrying after 500ms delay...
Server responded with 429 Too Many Requests.  Retrying after 1000ms delay...
Server responded with 429 Too Many Requests.  Retrying after 2000ms delay...
Server responded with 429 Too Many Requests.  Retrying after 4000ms delay...
2025-04-27T05:56:50.844Z FIND Error processing validator D8J7EZD22HAQhRQVXHfjMSU8BDPhWfokxCyPUXjpwxD 429 Too Many Requests:  {"jsonrpc":"2.0","error":{"code": 429, "message":"Too many requests for a specific RPC call"}, "id": "a3e42c4a-45e8-4257-ac2b-1e66a0ef4ce8" } 
 Error: 429 Too Many Requests:  {"jsonrpc":"2.0","error":{"code": 429, "message":"Too many requests for a specific RPC call"}, "id": "a3e42c4a-45e8-4257-ac2b-1e66a0ef4ce8" } 

    at ClientBrowser.callServer (/home/runner/work/solana-deactivate-delinquent/solana-deactivate-delinquent/node_modules/.pnpm/@solana+web3.js@1.87.6/node_modules/@solana/web3.js/lib/index.cjs.js:6474:18)
    at process.processTicksAndRejections (node:internal/process/task_queues:95:5)
Server responded with 429 Too Many Requests.  Retrying after 500ms delay...
Server responded with 429 Too Many Requests.  Retrying after 1000ms delay...
Server responded with 429 Too Many Requests.  Retrying after 2000ms delay...
2025-04-27T05:56:56.790Z STAKES Found:  1  accounts for delinquent validator E9w6i6M7mSJkm1BRozSZpSpRb5sE3NEkrHA9R2zZjuwa
2025-04-27T05:56:56.790Z STAKES Stake account 9cKx8aF6NoRjwPFeeXxxpKvCx7T2CsUWqQaovXuT26Ao is activated:  1.003
2025-04-27T05:56:56.790Z STAKES Found:  1  accounts that can be de-activated delinquent validator E9w6i6M7mSJkm1BRozSZpSpRb5sE3NEkrHA9R2zZjuwa
2025-04-27T05:56:56.811Z DEACTIVATE Blockhash: BaDAZk6uaPsmBd1Te8iLHBjSpZWmccHqDFKfxCyYqYGP
2025-04-27T05:56:56.841Z DEACTIVATE Sent tx: 3n5Ps5ayGQrCKEhXjzmaWES9Y5LSVhvtHPEEqE4TRQ4g1GgPrmKeWvJHhCywzPZ7dDzxQT42xap6bY3qG8pyorfw https://explorer.solana.com/tx/3n5Ps5ayGQrCKEhXjzmaWES9Y5LSVhvtHPEEqE4TRQ4g1GgPrmKeWvJHhCywzPZ7dDzxQT42xap6bY3qG8pyorfw
2025-04-27T05:56:56.946Z DEACTIVATE Waiting for confirmations...
2025-04-27T05:57:11.663Z DEACTIVATE Confirmed.
2025-04-27T05:57:11.663Z FIND Deactivated stake accounts with total balance:
2025-04-27T05:57:13.995Z STAKES Found:  1  accounts for delinquent validator 81mfVVk2r1qLBQXQJqsESTSwnmgKFZjYDdvYUpgSCyYi
2025-04-27T05:57:13.995Z STAKES Stake account FNn9RGg7XtjhtTkJH22XmE2ijwBHruVhaMXphF3ECCBX is de-activating:  1.003
2025-04-27T05:57:13.995Z STAKES Found:  0  accounts that can be de-activated delinquent validator 81mfVVk2r1qLBQXQJqsESTSwnmgKFZjYDdvYUpgSCyYi
2025-04-27T05:57:13.995Z FIND No deactivations possible for this validator
2025-04-27T05:57:16.365Z STAKES Found:  2  accounts for delinquent validator 13juuPtYfhDWfnYffQAcYhvTCrqgqrrQugaLnNrcPMyQ
2025-04-27T05:57:16.365Z STAKES Stake account 4vANyDjUqvFwkg5MNGf5WxeUrKcYpXigq374xhJNVxMG is de-activating:  0.00328288
2025-04-27T05:57:16.365Z STAKES Stake account 8PLrFbd9oMvZK43dwqWbYeTJVTdTM7YkCVgi7RoXkm1a is de-activating:  1.000009221
2025-04-27T05:57:16.365Z STAKES Found:  0  accounts that can be de-activated delinquent validator 13juuPtYfhDWfnYffQAcYhvTCrqgqrrQugaLnNrcPMyQ
2025-04-27T05:57:16.365Z FIND No deactivations possible for this validator
2025-04-27T05:57:18.957Z STAKES Found:  1  accounts for delinquent validator LocksHyMXUeTmF2hrvr7ewQBLFgUzGA3CzXBs7DDaNj
2025-04-27T05:57:18.957Z STAKES Stake account bDR8orwhwvr7DrtUZCKnAWp99fztUkEAgWXfrnWXx1z is activated:  0.100000002
2025-04-27T05:57:18.957Z STAKES Found:  1  accounts that can be de-activated delinquent validator LocksHyMXUeTmF2hrvr7ewQBLFgUzGA3CzXBs7DDaNj
2025-04-27T05:57:18.977Z DEACTIVATE Blockhash: BYdRk83qzx2DVSfoAqghUQ83NUiHyn6ra1wPyhtD9abc
2025-04-27T05:57:18.987Z FIND Error processing validator LocksHyMXUeTmF2hrvr7ewQBLFgUzGA3CzXBs7DDaNj failed to send transaction: Transaction simulation failed: Blockhash not found SendTransactionError: failed to send transaction: Transaction simulation failed: Blockhash not found
    at Connection.sendEncodedTransaction (/home/runner/work/solana-deactivate-delinquent/solana-deactivate-delinquent/node_modules/.pnpm/@solana+web3.js@1.87.6/node_modules/@solana/web3.js/lib/index.cjs.js:9560:13)
    at process.processTicksAndRejections (node:internal/process/task_queues:95:5)
    at async Connection.sendRawTransaction (/home/runner/work/solana-deactivate-delinquent/solana-deactivate-delinquent/node_modules/.pnpm/@solana+web3.js@1.87.6/node_modules/@solana/web3.js/lib/index.cjs.js:9526:20)
    at async Connection.sendTransaction (/home/runner/work/solana-deactivate-delinquent/solana-deactivate-delinquent/node_modules/.pnpm/@solana+web3.js@1.87.6/node_modules/@solana/web3.js/lib/index.cjs.js:9482:14)
    at async deactivateDelinquentAccounts (/home/runner/work/solana-deactivate-delinquent/solana-deactivate-delinquent/index.js:153:27)
    at async unstakeDelinquents (/home/runner/work/solana-deactivate-delinquent/solana-deactivate-delinquent/index.js:190:21) {
  logs: []
}
Server responded with 429 Too Many Requests.  Retrying after 500ms delay...
Server responded with 429 Too Many Requests.  Retrying after 1000ms delay...
Server responded with 429 Too Many Requests.  Retrying after 2000ms delay...
Server responded with 429 Too Many Requests.  Retrying after 4000ms delay...
2025-04-27T05:57:28.687Z STAKES Found:  1  accounts for delinquent validator J2wfGqcB4xeJgDdjSYuRoksGNquh4yhZfsXc3CBr7iJV
2025-04-27T05:57:28.687Z STAKES Stake account B6WspjwLvvo3t4TJnZUAVszgY7fAqJGiRT7K3j7Kwcw2 is activated:  0.01
2025-04-27T05:57:28.687Z STAKES Found:  1  accounts that can be de-activated delinquent validator J2wfGqcB4xeJgDdjSYuRoksGNquh4yhZfsXc3CBr7iJV
2025-04-27T05:57:28.707Z DEACTIVATE Blockhash: AGDLUoNKmhJGumLepexyQzF6ztPffKZ6HHMGnjJaSqT6
2025-04-27T05:57:28.729Z DEACTIVATE Sent tx: b16FHmbeDJCoao9Y2YczXaWuWsmCy9zohcb2AcWWNPFQ9UkD9pio6RdCjy5zH1nxjVV5hu9vqG3kiV3sfEJD59T https://explorer.solana.com/tx/b16FHmbeDJCoao9Y2YczXaWuWsmCy9zohcb2AcWWNPFQ9UkD9pio6RdCjy5zH1nxjVV5hu9vqG3kiV3sfEJD59T
2025-04-27T05:57:28.830Z DEACTIVATE Waiting for confirmations...
2025-04-27T05:57:43.820Z DEACTIVATE Confirmed.
2025-04-27T05:57:43.820Z FIND Deactivated stake accounts with total balance:
2025-04-27T05:57:46.375Z STAKES Found:  4  accounts for delinquent validator 7CW3zdKsfzCVDZBXsKcimqkGS7nuHEsz4KB1oysfec2K
2025-04-27T05:57:46.376Z STAKES Stake account 2i6ioZq315awh79xMxGHP2aZrvZZuwU9an8TABJKJXM2 is de-activating:  0.003354826
2025-04-27T05:57:46.376Z STAKES Stake account C4GaH12RQwpi8yhpWMiednBGDSrC8xZTgUhkmaWV5fbS is de-activating:  0.003355741
2025-04-27T05:57:46.376Z STAKES Stake account H2YqsQ21CiP7WXG2obuYnwCfcu13oLH2qzzzybAJxqcQ is de-activating:  0.0032935
2025-04-27T05:57:46.376Z STAKES Stake account 6bC8QoSTBcM6eq88zcG3i1QG5FzEb1xLdpAiP92F3v3r is de-activating:  0.003340182
2025-04-27T05:57:46.376Z STAKES Found:  0  accounts that can be de-activated delinquent validator 7CW3zdKsfzCVDZBXsKcimqkGS7nuHEsz4KB1oysfec2K
2025-04-27T05:57:46.376Z FIND No deactivations possible for this validator
2025-04-27T05:57:46.376Z FIND Total de-activated: 1.013
