2025-04-26T22:54:48.437Z FIND Found epoch range to explore:  774 778
2025-04-26T22:54:48.439Z FIND Found delinquent validators [
  'CrLn7zEBytbmRBUGhkDyyUbGCa6H7bMCnw94Dip8QbcJ',
  'CnB88pH35AjH2XUsiK5X257sVLkGUf11UDioXgJXoLuL',
  '9yn8kRqgtYsAV5Pg2YTmu3PCmnm4yXFE3cRGZ2G6WFho',
  '8mG8MXRitQoct8UqfejfNw6ApRkYbvc9YiQY8YDsW9Fi',
  '81mfVVk2r1qLBQXQJqsESTSwnmgKFZjYDdvYUpgSCyYi',
  'HqeoSipJHfpzPwnr4UE7wuiWRcBC9QHEqjjLZjHoi4fU',
  'HSvtHN8qJgkmCxy8UmYN8jZQRzWAtQESmear1EAKaroH',
  '4bor1arUqveTpx64Q18XUwsLZtsEi8tFp5HZ5e4AMykx',
  'E9w6i6M7mSJkm1BRozSZpSpRb5sE3NEkrHA9R2zZjuwa',
  'EBmz677zQ13MRwkKQi2fdb51ViRNwyuPtZbZhmzeEH2m',
  '83ejsRbzFDXoYFjCMuJ7Q7SWUvYgMrrQfsjbR3WA9tpa',
  'BTeEyner9LLywxWXaPeAzz62Bxmk4eG8mXMun3uYLYKi',
  '568E22Vp87VCVWfCECSeMwJD4y5Yah45fyTJPHtsvA4o',
  'PRqb4oSHEAjtEays2mgaWp75CTobPceobCcyd7bP1YM',
  'D8J7EZD22HAQhRQVXHfjMSU8BDPhWfokxCyPUXjpwxD',
  'BChmozpXUepF9LqcyFr1BqDiRZnfsRa9rogUhk5MLRcJ',
  '742Li328fz2ztbrchLG5bSht6Rp43yZZEDEbyD7U3zWW',
  'J3hhsGS7xfcYoogsAQpGBJAdAyv8Sm5peWVaN6P9v1DE',
  '7zRyjgPbeh9HFhpyrYCG6CyLz9gssxgoJamj7CSG1cZe',
  '9fLwGW9hoXjfeKUpjNGTA2M3BxNivH9ds3ejNSQoDUM8',
  '8xHv2sNPA5EtsRWJQypTS34ribSqD8ffsc771i9yoRcE',
  '13juuPtYfhDWfnYffQAcYhvTCrqgqrrQugaLnNrcPMyQ',
  'LocksHyMXUeTmF2hrvr7ewQBLFgUzGA3CzXBs7DDaNj',
  'J2wfGqcB4xeJgDdjSYuRoksGNquh4yhZfsXc3CBr7iJV',
  '7CW3zdKsfzCVDZBXsKcimqkGS7nuHEsz4KB1oysfec2K'
]
2025-04-26T22:54:48.441Z FIND Found reference validator he1iusunGwqrNtafDtLdhsUQDFvo13z9sUa36PauBtk
2025-04-26T22:54:50.753Z STAKES Found:  53  accounts for delinquent validator CrLn7zEBytbmRBUGhkDyyUbGCa6H7bMCnw94Dip8QbcJ
2025-04-26T22:54:50.754Z STAKES Stake account G8cfpn8WtiMxjXJnZutbCNno38dL7PMNRy5R5gdokUgU is de-activating:  0.003346995
2025-04-26T22:54:50.754Z STAKES Stake account EP8RyDs9iwfda6UKq65mabNxicbMfPqaUefafUhLJs5Y is de-activating:  2.624347057
2025-04-26T22:54:50.754Z STAKES Stake account APtdvuZ1fNig3HhbKauR8EHjBhsJWhbqK9p79que3xmM is de-activating:  38.403439999
2025-04-26T22:54:50.754Z STAKES Stake account 9ogJ5j3R2MdjvhJPKPMYnec2naUza7eK4sHvo9HG8y7S is de-activating:  1.066145901
2025-04-26T22:54:50.754Z STAKES Stake account 62caL5yT4MMgxSoGor3WZaYseQtuqJC4WsxLBYXLNch2 is de-activating:  59.265391755
2025-04-26T22:54:50.755Z STAKES Stake account 6QshzLhSzaCJG2Jf2GovAjtRcMoZuYtdzxomsoqhp9Rv is de-activating:  0.003347067
2025-04-26T22:54:50.755Z STAKES Stake account FFGQX2Et4wbfT5FAHguvDQAs4tT4gAkgLSDnQArhuhGi is de-activating:  0.003346003
2025-04-26T22:54:50.755Z STAKES Stake account CXrS57HRBq56JdzUArnvpMgH2Fh1QxueLkg5jTNDakCN is de-activating:  5.775319217
2025-04-26T22:54:50.755Z STAKES Stake account CsmGPP5fddf9dRzzU6HX51uxMZkn9ehiwCNqDZ4YFWNT is de-activating:  0.003347067
2025-04-26T22:54:50.755Z STAKES Stake account 5v1oJDYwQ53eBGGaRTirh9x1uyxAF9BHiyFggz3Rhio6 is de-activating:  0.003294488
2025-04-26T22:54:50.756Z STAKES Stake account 46fienab49zfucGDFk39SgCJeajgXs1CxEaabAcGArvN is de-activating:  0.003362264
2025-04-26T22:54:50.756Z STAKES Stake account 688fJFHjXhhEB9jzPN6QRc5T1y7uSsijTMuagtP8RePc is de-activating:  106.88261961
2025-04-26T22:54:50.756Z STAKES Stake account 5YCYz9Wq293PHANQ8STGTTAQUpTncU92CP2YsU1ra7gE is de-activating:  54.999025077
2025-04-26T22:54:50.756Z STAKES Stake account GZNtLkcLiwZivfusMginfryTok76x5sgMdt2xLCog3d1 is de-activating:  0.003346003
2025-04-26T22:54:50.756Z STAKES Stake account 5xnoCJUtYPeyeqZitXkMmrcCarMqHgZfoP5C16bs5gZ8 is de-activating:  0.003347067
2025-04-26T22:54:50.756Z STAKES Stake account 8rfER4XQfa6pbojedFExqPAruPaXY9xxyEnGqoYTme5P is de-activating:  0.003389637
2025-04-26T22:54:50.757Z STAKES Stake account 4U2bytYaKqisHLEQaHU5k4mhE4pwo4V8fAbisyAfHHaz is de-activating:  92.575573803
2025-04-26T22:54:50.757Z STAKES Stake account Fb2s8rF6mW4bcdBNPhyDFzcwexpwmWyPSLFc4CnRBPZC is de-activating:  0.003347067
2025-04-26T22:54:50.757Z STAKES Stake account 8YMmbvFtPCHa1UzC7SFHj8rPgLzEcB6pYND3A4UZfJPC is de-activating:  53.807329246
2025-04-26T22:54:50.757Z STAKES Stake account 2nA6XCDiXV8tavchrFx91M1xz2pBZjFANkTdRdxfz9vd is de-activating:  0.003400003
2025-04-26T22:54:50.757Z STAKES Stake account 8rzRsApvmDLmYqr8weFm8cXrMGAsKUzFqHhdc4wyVs8 is de-activating:  10.246897875
2025-04-26T22:54:50.757Z STAKES Stake account FGdBQn4fAzrrDDkc3oky5LxZWEBFGUVocapFtGkhzmWW is de-activated:  1.06933967
2025-04-26T22:54:50.757Z STAKES Stake account 57ELrobEcAjphqUx2tmKKkbtytfJ82dCgoTSxeiAVG4b is de-activating:  0.003346003
2025-04-26T22:54:50.758Z STAKES Stake account 4AmTqUDWRoU5HWTkfxDBaewKJo9CCJL3ff5nWj48Cbkd is de-activating:  0.003346003
2025-04-26T22:54:50.758Z STAKES Stake account HJTiL6CqtgyhGfDp1ebNu7owqEvvFWTHpYwrArs8fYVD is de-activating:  0.003347067
2025-04-26T22:54:50.758Z STAKES Stake account AaDmEfPjLEQWQ29ZQi2Z35EZgM4XnQLzGUcNy3bZQU5G is de-activating:  49.418366088
2025-04-26T22:54:50.758Z STAKES Stake account DVvWsyyEbmAkQJeqkqsBGsjJbBQDChSVY5GU11WRJBMB is de-activating:  0.003347067
2025-04-26T22:54:50.758Z STAKES Stake account B7q483exW4qRaCNTP843jX92r2SDe5z7YWz8RAT2Hebn is de-activating:  0.844901775
2025-04-26T22:54:50.758Z STAKES Stake account DPznEqY9yKqsjB7PGKVSRuhciQYwKXS2KLPHYbydcrW1 is de-activating:  106.054080681
2025-04-26T22:54:50.758Z STAKES Stake account 93draTrFCQLw8jUDfEuyATk4KArbEtg8wsm8phgnw5AZ is de-activating:  0.003347067
2025-04-26T22:54:50.758Z STAKES Stake account Fhq4JUQLhxqiC5Lfsk9aCv6NEYXVqNqC1KnyjY8k7jiJ is de-activating:  0.004056307
2025-04-26T22:54:50.759Z STAKES Stake account 4BFi9ju7RsCgCRUEj2y3h5Vn43sbvVstb1F9NmCC6Liz is de-activating:  77.283120569
2025-04-26T22:54:50.759Z STAKES Stake account 4pswkJ66MaAgVjVBd2VA6g7LYEguPQPbVkfirYzyRpZ9 is de-activating:  0.003347067
2025-04-26T22:54:50.759Z STAKES Stake account 95q5qXeM1VKzeWKHe5FFwdiY4om1p8FS3drrHwjDnksF is de-activating:  0.008089116
2025-04-26T22:54:50.759Z STAKES Stake account 8iweZHGsn7j4yYCWidMo2ZYNKASEhxvxXER2HKiM2f1H is de-activating:  16.116647843
2025-04-26T22:54:50.759Z STAKES Stake account DAbDBQ1cT6EWS8U1r5wtt1DCnWofUh2UnMcecNyLQTss is de-activating:  63.203298104
2025-04-26T22:54:50.759Z STAKES Stake account 2h6dpDzFc8p38gBT2aruRkcNDCHGJ6eRfjRpnUxvMmfu is de-activating:  2.629930801
2025-04-26T22:54:50.759Z STAKES Stake account HqTKrVup7MBwJSV2hSHKxi4T2Jth5vQfzqVLnSLJ7mLP is de-activating:  0.003282886
2025-04-26T22:54:50.759Z STAKES Stake account 45LP6sfavdLEAtndXzuYVYjwxB5FX2yMbsjSamcFsCw9 is de-activating:  0.003346995
2025-04-26T22:54:50.760Z STAKES Stake account 6ZxgvYVuE2cv9kihVi9jHJsc7RRe4XV6LH6i3KMR46ZF is de-activating:  0.003346003
2025-04-26T22:54:50.760Z STAKES Stake account C5YRxB4ji9WdvfN4spGZuAiacj1Pw5sr5EoqmiHMSPa4 is de-activating:  5.634676023
2025-04-26T22:54:50.760Z STAKES Stake account ACsLQxuDXTy5pqw95LFyd6qW8sxE4EL1r7sQoAoSyiiQ is de-activating:  0.003346003
2025-04-26T22:54:50.760Z STAKES Stake account 7xn4Tc4KExfq6d4UjCEE8SwDygSTuqgazmMchDDkHJU9 is de-activating:  2.436639418
2025-04-26T22:54:50.760Z STAKES Stake account DmzjwkcfJfZbdbV4dSBssRRdtCrVFiEwayQVZaBGDKdb is de-activating:  108.755728698
2025-04-26T22:54:50.760Z STAKES Stake account Eq8Q6DDMZbzKt6xV5TRBNvz9VBAR1oovguiqsEUgqMU8 is de-activating:  0.003346003
2025-04-26T22:54:50.760Z STAKES Stake account 6srJHHkKRXvRtwttYLCo16HsxXhk75apw1CeTCqLwb9s is de-activating:  0.003291975
2025-04-26T22:54:50.760Z STAKES Stake account 2aX7UxmgUyJrB8BVm2S7ZVrVbXFxMhnzHrXvFHBsEAL9 is de-activating:  0.003347067
2025-04-26T22:54:50.760Z STAKES Stake account HRVGbvFNYUX49S5zxCLtySN7GCwNDtN7g9ho9z6FgfA8 is de-activating:  0.003346003
2025-04-26T22:54:50.761Z STAKES Stake account 7bp9xCAz9zDZcA89vhCCnhQtV3PBC28NVPvjZ4EoJrC8 is de-activating:  0.003346995
2025-04-26T22:54:50.761Z STAKES Stake account 5ZHQFKP9QUnq8kYB1xPA1fKaV4ZeTrzyGdPMhjoAwibS is de-activating:  11.076078797
2025-04-26T22:54:50.761Z STAKES Stake account CBkNWmuHg8TSe9QpFUf2wBLCgPPZAyfj7iZa8hiPyjxW is de-activating:  0.003347067
2025-04-26T22:54:50.761Z STAKES Stake account 8hfYhQorSRTNPJWALz4ibn38CJ3Hbf6EVwXxa14JAVKK is de-activating:  0.003347067
2025-04-26T22:54:50.761Z STAKES Stake account 8bUDKNNm5qwzPpFGEM8sQYv9tX1wcaxLC1GvLFSnTsoR is de-activating:  5.194946016
2025-04-26T22:54:50.761Z STAKES Found:  0  accounts that can be de-activated delinquent validator CrLn7zEBytbmRBUGhkDyyUbGCa6H7bMCnw94Dip8QbcJ
2025-04-26T22:54:50.761Z FIND No deactivations possible for this validator
2025-04-26T22:54:52.778Z STAKES Found:  10  accounts for delinquent validator CnB88pH35AjH2XUsiK5X257sVLkGUf11UDioXgJXoLuL
2025-04-26T22:54:52.778Z STAKES Stake account Bqioz6QkpjGfgwa3hBpNaeTMuqGjuLafYdGSq4dVVRg7 is de-activated:  0.063116343
2025-04-26T22:54:52.778Z STAKES Stake account fAbc5Lhc8HQAXMMEWorSQjWychztAe2WkJEGBfXUxgq is de-activated:  950.432705451
2025-04-26T22:54:52.778Z STAKES Stake account H11EJN5LNvNhAachTeq3JvdUcKLsbU6y5T1qnQG8ADaN is de-activating:  0.003354628
2025-04-26T22:54:52.778Z STAKES Stake account 8it3DkqzRumhoJviD998b6aibzfT9tUmFde3YmPQgqVL is de-activating:  0.003329238
2025-04-26T22:54:52.778Z STAKES Stake account EokH42Swowy4233XiL9iv1LfSqKGgQN1qgnT7bLo6ioG is de-activating:  2.629556768
2025-04-26T22:54:52.778Z STAKES Stake account DUgVguy7ELTXVqwXPRfMdUt3dqLnKj6dTvNgPWPyav7e is de-activated:  0.01115858
2025-04-26T22:54:52.778Z STAKES Stake account DFcrMoMtUfBpfEbYB5qC3xzBa6kvwbeRwfeCWij357r6 is de-activating:  0.003294627
2025-04-26T22:54:52.778Z STAKES Stake account ang4jNo2CTLQfnn8L7i61wa6FNFoK1jcfCMyASK6VXY is de-activated:  0.38872675
2025-04-26T22:54:52.778Z STAKES Stake account 6ETfW5W26z2NtomSTGAU2QY8VB25TNWhQykwunCW9DKb is de-activated:  0.05
2025-04-26T22:54:52.778Z STAKES Stake account Axr5igcN3ycrAmERCcpbwrGe7GVPvD4UZGHAKsQMx5DW is de-activating:  1.088088978
2025-04-26T22:54:52.778Z STAKES Found:  0  accounts that can be de-activated delinquent validator CnB88pH35AjH2XUsiK5X257sVLkGUf11UDioXgJXoLuL
2025-04-26T22:54:52.779Z FIND No deactivations possible for this validator
Server responded with 429 Too Many Requests.  Retrying after 500ms delay...
Server responded with 429 Too Many Requests.  Retrying after 1000ms delay...
Server responded with 429 Too Many Requests.  Retrying after 2000ms delay...
Server responded with 429 Too Many Requests.  Retrying after 4000ms delay...
2025-04-26T22:55:00.447Z FIND Error processing validator 9yn8kRqgtYsAV5Pg2YTmu3PCmnm4yXFE3cRGZ2G6WFho 429 Too Many Requests:  {"jsonrpc":"2.0","error":{"code": 429, "message":"Too many requests for a specific RPC call"}, "id": "5435d5b8-2911-4069-a9a5-f624bc45da75" } 
 Error: 429 Too Many Requests:  {"jsonrpc":"2.0","error":{"code": 429, "message":"Too many requests for a specific RPC call"}, "id": "5435d5b8-2911-4069-a9a5-f624bc45da75" } 

    at ClientBrowser.callServer (/home/runner/work/solana-deactivate-delinquent/solana-deactivate-delinquent/node_modules/.pnpm/@solana+web3.js@1.87.6/node_modules/@solana/web3.js/lib/index.cjs.js:6474:18)
    at process.processTicksAndRejections (node:internal/process/task_queues:95:5)
Server responded with 429 Too Many Requests.  Retrying after 500ms delay...
Server responded with 429 Too Many Requests.  Retrying after 1000ms delay...
Server responded with 429 Too Many Requests.  Retrying after 2000ms delay...
Server responded with 429 Too Many Requests.  Retrying after 4000ms delay...
2025-04-26T22:55:08.233Z FIND Error processing validator 8mG8MXRitQoct8UqfejfNw6ApRkYbvc9YiQY8YDsW9Fi 429 Too Many Requests:  {"jsonrpc":"2.0","error":{"code": 429, "message":"Too many requests for a specific RPC call"}, "id": "e5479757-df33-4c01-a6ca-aa9e9eab6747" } 
 Error: 429 Too Many Requests:  {"jsonrpc":"2.0","error":{"code": 429, "message":"Too many requests for a specific RPC call"}, "id": "e5479757-df33-4c01-a6ca-aa9e9eab6747" } 

    at ClientBrowser.callServer (/home/runner/work/solana-deactivate-delinquent/solana-deactivate-delinquent/node_modules/.pnpm/@solana+web3.js@1.87.6/node_modules/@solana/web3.js/lib/index.cjs.js:6474:18)
    at process.processTicksAndRejections (node:internal/process/task_queues:95:5)
Server responded with 429 Too Many Requests.  Retrying after 500ms delay...
Server responded with 429 Too Many Requests.  Retrying after 1000ms delay...
Server responded with 429 Too Many Requests.  Retrying after 2000ms delay...
Server responded with 429 Too Many Requests.  Retrying after 4000ms delay...
2025-04-26T22:55:16.197Z FIND Error processing validator 81mfVVk2r1qLBQXQJqsESTSwnmgKFZjYDdvYUpgSCyYi 429 Too Many Requests:  {"jsonrpc":"2.0","error":{"code": 429, "message":"Too many requests for a specific RPC call"}, "id": "993abf60-f3b7-468f-9107-aeb096a3bac8" } 
 Error: 429 Too Many Requests:  {"jsonrpc":"2.0","error":{"code": 429, "message":"Too many requests for a specific RPC call"}, "id": "993abf60-f3b7-468f-9107-aeb096a3bac8" } 

    at ClientBrowser.callServer (/home/runner/work/solana-deactivate-delinquent/solana-deactivate-delinquent/node_modules/.pnpm/@solana+web3.js@1.87.6/node_modules/@solana/web3.js/lib/index.cjs.js:6474:18)
    at process.processTicksAndRejections (node:internal/process/task_queues:95:5)
Server responded with 429 Too Many Requests.  Retrying after 500ms delay...
Server responded with 429 Too Many Requests.  Retrying after 1000ms delay...
Server responded with 429 Too Many Requests.  Retrying after 2000ms delay...
2025-04-26T22:55:22.287Z STAKES Found:  1  accounts for delinquent validator HqeoSipJHfpzPwnr4UE7wuiWRcBC9QHEqjjLZjHoi4fU
2025-04-26T22:55:22.287Z STAKES Stake account 2FxSHooxdeQTR7z8eeXJaGC3DMoBqji8tVyKxdfmsDz4 is activated:  1.003
2025-04-26T22:55:22.287Z STAKES Found:  1  accounts that can be de-activated delinquent validator HqeoSipJHfpzPwnr4UE7wuiWRcBC9QHEqjjLZjHoi4fU
2025-04-26T22:55:22.305Z DEACTIVATE Blockhash: B3qsckgvsfXvY5Gbu9p2UA2peKYG5KSLC8gmPVztxsdW
2025-04-26T22:55:22.359Z DEACTIVATE Sent tx: 9t9LjfQrfgpXBZx5hSZ8BsthiPnfqd3a5NpYHxErQxVBdaiQ889f8zKgcmfPG4ETqRqagE3NpYE9dLbqu2agobM https://explorer.solana.com/tx/9t9LjfQrfgpXBZx5hSZ8BsthiPnfqd3a5NpYHxErQxVBdaiQ889f8zKgcmfPG4ETqRqagE3NpYE9dLbqu2agobM
2025-04-26T22:55:22.464Z DEACTIVATE Waiting for confirmations...
2025-04-26T22:55:36.353Z DEACTIVATE Confirmed.
2025-04-26T22:55:36.353Z FIND Deactivated stake accounts with total balance:
2025-04-26T22:55:38.496Z STAKES Found:  1  accounts for delinquent validator HSvtHN8qJgkmCxy8UmYN8jZQRzWAtQESmear1EAKaroH
2025-04-26T22:55:38.496Z STAKES Stake account Ea64KNBeDi5fSXL7nkyEoghqFyW8tL4xnmHB1jFmQ753 is activated:  1.003
2025-04-26T22:55:38.496Z STAKES Found:  1  accounts that can be de-activated delinquent validator HSvtHN8qJgkmCxy8UmYN8jZQRzWAtQESmear1EAKaroH
2025-04-26T22:55:38.513Z DEACTIVATE Blockhash: peNTVQ7Bb23zQgK4XisA2Af5P7gPSTFbbHgGWHXXfKK
2025-04-26T22:55:38.533Z DEACTIVATE Sent tx: 4ejhj4uNgQBFgFmA1y1Dbfs9ujQAxBBaMAnRmVSTvMAHHvoay4S6BonYU3h1tjxKd1XTSEuESryuvrNgiLBiJA15 https://explorer.solana.com/tx/4ejhj4uNgQBFgFmA1y1Dbfs9ujQAxBBaMAnRmVSTvMAHHvoay4S6BonYU3h1tjxKd1XTSEuESryuvrNgiLBiJA15
2025-04-26T22:55:38.633Z DEACTIVATE Waiting for confirmations...
2025-04-26T22:55:53.185Z DEACTIVATE Confirmed.
2025-04-26T22:55:53.185Z FIND Deactivated stake accounts with total balance:
2025-04-26T22:55:55.127Z STAKES Found:  1  accounts for delinquent validator 4bor1arUqveTpx64Q18XUwsLZtsEi8tFp5HZ5e4AMykx
2025-04-26T22:55:55.127Z STAKES Stake account FYEVkpNJFapXaRxK6yNzMD1UCaTxUhR37aWqimoSPodc is de-activating:  1.003
2025-04-26T22:55:55.127Z STAKES Found:  0  accounts that can be de-activated delinquent validator 4bor1arUqveTpx64Q18XUwsLZtsEi8tFp5HZ5e4AMykx
2025-04-26T22:55:55.127Z FIND No deactivations possible for this validator
2025-04-26T22:55:57.325Z STAKES Found:  1  accounts for delinquent validator E9w6i6M7mSJkm1BRozSZpSpRb5sE3NEkrHA9R2zZjuwa
2025-04-26T22:55:57.325Z STAKES Stake account 9cKx8aF6NoRjwPFeeXxxpKvCx7T2CsUWqQaovXuT26Ao is activated:  1.003
2025-04-26T22:55:57.325Z STAKES Found:  1  accounts that can be de-activated delinquent validator E9w6i6M7mSJkm1BRozSZpSpRb5sE3NEkrHA9R2zZjuwa
2025-04-26T22:55:57.349Z DEACTIVATE Blockhash: D14neeXZgqQ5GY3X7DT9K1EAwHjXYzCDA8wvixJaEnxm
2025-04-26T22:55:57.359Z FIND Error processing validator E9w6i6M7mSJkm1BRozSZpSpRb5sE3NEkrHA9R2zZjuwa failed to send transaction: Transaction simulation failed: Blockhash not found SendTransactionError: failed to send transaction: Transaction simulation failed: Blockhash not found
    at Connection.sendEncodedTransaction (/home/runner/work/solana-deactivate-delinquent/solana-deactivate-delinquent/node_modules/.pnpm/@solana+web3.js@1.87.6/node_modules/@solana/web3.js/lib/index.cjs.js:9560:13)
    at process.processTicksAndRejections (node:internal/process/task_queues:95:5)
    at async Connection.sendRawTransaction (/home/runner/work/solana-deactivate-delinquent/solana-deactivate-delinquent/node_modules/.pnpm/@solana+web3.js@1.87.6/node_modules/@solana/web3.js/lib/index.cjs.js:9526:20)
    at async Connection.sendTransaction (/home/runner/work/solana-deactivate-delinquent/solana-deactivate-delinquent/node_modules/.pnpm/@solana+web3.js@1.87.6/node_modules/@solana/web3.js/lib/index.cjs.js:9482:14)
    at async deactivateDelinquentAccounts (/home/runner/work/solana-deactivate-delinquent/solana-deactivate-delinquent/index.js:153:27)
    at async unstakeDelinquents (/home/runner/work/solana-deactivate-delinquent/solana-deactivate-delinquent/index.js:190:21) {
  logs: []
}
Server responded with 429 Too Many Requests.  Retrying after 500ms delay...
Server responded with 429 Too Many Requests.  Retrying after 1000ms delay...
Server responded with 429 Too Many Requests.  Retrying after 2000ms delay...
Server responded with 429 Too Many Requests.  Retrying after 4000ms delay...
2025-04-26T22:56:04.997Z FIND Error processing validator EBmz677zQ13MRwkKQi2fdb51ViRNwyuPtZbZhmzeEH2m 429 Too Many Requests:  {"jsonrpc":"2.0","error":{"code": 429, "message":"Too many requests for a specific RPC call"}, "id": "32ab5fb7-7d73-425b-97bc-31878dead81c" } 
 Error: 429 Too Many Requests:  {"jsonrpc":"2.0","error":{"code": 429, "message":"Too many requests for a specific RPC call"}, "id": "32ab5fb7-7d73-425b-97bc-31878dead81c" } 

    at ClientBrowser.callServer (/home/runner/work/solana-deactivate-delinquent/solana-deactivate-delinquent/node_modules/.pnpm/@solana+web3.js@1.87.6/node_modules/@solana/web3.js/lib/index.cjs.js:6474:18)
    at process.processTicksAndRejections (node:internal/process/task_queues:95:5)
Server responded with 429 Too Many Requests.  Retrying after 500ms delay...
Server responded with 429 Too Many Requests.  Retrying after 1000ms delay...
Server responded with 429 Too Many Requests.  Retrying after 2000ms delay...
Server responded with 429 Too Many Requests.  Retrying after 4000ms delay...
2025-04-26T22:56:12.616Z FIND Error processing validator 83ejsRbzFDXoYFjCMuJ7Q7SWUvYgMrrQfsjbR3WA9tpa 429 Too Many Requests:  {"jsonrpc":"2.0","error":{"code": 429, "message":"Too many requests for a specific RPC call"}, "id": "93f2f86f-e58b-4783-9850-c31d9bbff04b" } 
 Error: 429 Too Many Requests:  {"jsonrpc":"2.0","error":{"code": 429, "message":"Too many requests for a specific RPC call"}, "id": "93f2f86f-e58b-4783-9850-c31d9bbff04b" } 

    at ClientBrowser.callServer (/home/runner/work/solana-deactivate-delinquent/solana-deactivate-delinquent/node_modules/.pnpm/@solana+web3.js@1.87.6/node_modules/@solana/web3.js/lib/index.cjs.js:6474:18)
    at process.processTicksAndRejections (node:internal/process/task_queues:95:5)
Server responded with 429 Too Many Requests.  Retrying after 500ms delay...
Server responded with 429 Too Many Requests.  Retrying after 1000ms delay...
Server responded with 429 Too Many Requests.  Retrying after 2000ms delay...
Server responded with 429 Too Many Requests.  Retrying after 4000ms delay...
2025-04-26T22:56:20.315Z FIND Error processing validator BTeEyner9LLywxWXaPeAzz62Bxmk4eG8mXMun3uYLYKi 429 Too Many Requests:  {"jsonrpc":"2.0","error":{"code": 429, "message":"Too many requests for a specific RPC call"}, "id": "e6c0e5ae-8038-4844-8d8e-a0a7e51fa39d" } 
 Error: 429 Too Many Requests:  {"jsonrpc":"2.0","error":{"code": 429, "message":"Too many requests for a specific RPC call"}, "id": "e6c0e5ae-8038-4844-8d8e-a0a7e51fa39d" } 

    at ClientBrowser.callServer (/home/runner/work/solana-deactivate-delinquent/solana-deactivate-delinquent/node_modules/.pnpm/@solana+web3.js@1.87.6/node_modules/@solana/web3.js/lib/index.cjs.js:6474:18)
    at process.processTicksAndRejections (node:internal/process/task_queues:95:5)
Server responded with 429 Too Many Requests.  Retrying after 500ms delay...
Server responded with 429 Too Many Requests.  Retrying after 1000ms delay...
Server responded with 429 Too Many Requests.  Retrying after 2000ms delay...
2025-04-26T22:56:26.196Z STAKES Found:  1  accounts for delinquent validator 568E22Vp87VCVWfCECSeMwJD4y5Yah45fyTJPHtsvA4o
2025-04-26T22:56:26.196Z STAKES Stake account 2d5U3hMi2Adh5eWpwSog4Yn9qWALJK6b4hkRCppc5Rz9 is activated:  1.003
2025-04-26T22:56:26.196Z STAKES Found:  1  accounts that can be de-activated delinquent validator 568E22Vp87VCVWfCECSeMwJD4y5Yah45fyTJPHtsvA4o
2025-04-26T22:56:26.213Z DEACTIVATE Blockhash: BxXGUXkcVW4iJ5gATPo5gCxAXLEoB3J7bGBnZ2ZcQRqb
2025-04-26T22:56:26.249Z DEACTIVATE Sent tx: baGtBvGE79b6Gp8158W1BjrnfDSKKTtvpSuwAwShwWmpskan8ugVjf3g8oL75u4jDh7mrg3rqrzCYUzkwpvSv5E https://explorer.solana.com/tx/baGtBvGE79b6Gp8158W1BjrnfDSKKTtvpSuwAwShwWmpskan8ugVjf3g8oL75u4jDh7mrg3rqrzCYUzkwpvSv5E
2025-04-26T22:56:26.351Z DEACTIVATE Waiting for confirmations...
2025-04-26T22:56:44.183Z DEACTIVATE Confirmed.
2025-04-26T22:56:44.183Z FIND Deactivated stake accounts with total balance:
2025-04-26T22:56:46.583Z STAKES Found:  1  accounts for delinquent validator PRqb4oSHEAjtEays2mgaWp75CTobPceobCcyd7bP1YM
2025-04-26T22:56:46.583Z STAKES Stake account BEKbkffxcPS2MxLR9jCLd2qNgn6LDxmeUxVknDZ92Zmd is activated:  1.003
2025-04-26T22:56:46.583Z STAKES Found:  1  accounts that can be de-activated delinquent validator PRqb4oSHEAjtEays2mgaWp75CTobPceobCcyd7bP1YM
2025-04-26T22:56:46.600Z DEACTIVATE Blockhash: Hx2Ugcam2St5xNVpb2bdfzUX88UUNZNQsRRnfGjsgaNS
2025-04-26T22:56:46.628Z DEACTIVATE Sent tx: 3ZmCDhPKqcJz8sYaNBoKVYDL2mMfEM2E64iPbW2PW3sS6MHdavVUzjZvtncq23ZkNPxbnTB5Y6C12Fcjn5PhFSew https://explorer.solana.com/tx/3ZmCDhPKqcJz8sYaNBoKVYDL2mMfEM2E64iPbW2PW3sS6MHdavVUzjZvtncq23ZkNPxbnTB5Y6C12Fcjn5PhFSew
2025-04-26T22:56:46.730Z DEACTIVATE Waiting for confirmations...
2025-04-26T22:56:59.864Z DEACTIVATE Confirmed.
2025-04-26T22:56:59.864Z FIND Deactivated stake accounts with total balance:
2025-04-26T22:57:02.248Z STAKES Found:  1  accounts for delinquent validator D8J7EZD22HAQhRQVXHfjMSU8BDPhWfokxCyPUXjpwxD
2025-04-26T22:57:02.248Z STAKES Stake account CekZpRbvfhXCAy4ZmgaVYjZ21WjT1tfQxcTK9vWsLmjb is activated:  1.003
2025-04-26T22:57:02.248Z STAKES Found:  1  accounts that can be de-activated delinquent validator D8J7EZD22HAQhRQVXHfjMSU8BDPhWfokxCyPUXjpwxD
2025-04-26T22:57:02.273Z DEACTIVATE Blockhash: 9wQMyS81ZAyW2bFYpEyBnf1bUteBSTVGNopmRTres3AD
2025-04-26T22:57:02.286Z FIND Error processing validator D8J7EZD22HAQhRQVXHfjMSU8BDPhWfokxCyPUXjpwxD failed to send transaction: Transaction simulation failed: Blockhash not found SendTransactionError: failed to send transaction: Transaction simulation failed: Blockhash not found
    at Connection.sendEncodedTransaction (/home/runner/work/solana-deactivate-delinquent/solana-deactivate-delinquent/node_modules/.pnpm/@solana+web3.js@1.87.6/node_modules/@solana/web3.js/lib/index.cjs.js:9560:13)
    at process.processTicksAndRejections (node:internal/process/task_queues:95:5)
    at async Connection.sendRawTransaction (/home/runner/work/solana-deactivate-delinquent/solana-deactivate-delinquent/node_modules/.pnpm/@solana+web3.js@1.87.6/node_modules/@solana/web3.js/lib/index.cjs.js:9526:20)
    at async Connection.sendTransaction (/home/runner/work/solana-deactivate-delinquent/solana-deactivate-delinquent/node_modules/.pnpm/@solana+web3.js@1.87.6/node_modules/@solana/web3.js/lib/index.cjs.js:9482:14)
    at async deactivateDelinquentAccounts (/home/runner/work/solana-deactivate-delinquent/solana-deactivate-delinquent/index.js:153:27)
    at async unstakeDelinquents (/home/runner/work/solana-deactivate-delinquent/solana-deactivate-delinquent/index.js:190:21) {
  logs: []
}
2025-04-26T22:57:05.608Z STAKES Found:  1  accounts for delinquent validator BChmozpXUepF9LqcyFr1BqDiRZnfsRa9rogUhk5MLRcJ
2025-04-26T22:57:05.608Z STAKES Stake account 2TGTBaS9SfAwDc2feXQRfDSu2V5X42disJY7Qn4ebPaB is activated:  1.003
2025-04-26T22:57:05.608Z STAKES Found:  1  accounts that can be de-activated delinquent validator BChmozpXUepF9LqcyFr1BqDiRZnfsRa9rogUhk5MLRcJ
2025-04-26T22:57:06.080Z DEACTIVATE Blockhash: 8kiWcMu8s7sdSCP1VBWmdxTT62G1QhmNMLeY1wC8aHnV
2025-04-26T22:57:06.088Z DEACTIVATE Sent tx: 4BS4QcoK5oiuNtLMkUeCTNcUozxTsEoxDCzmRA6Ryh5fqz78JHTzZgMxKgFg7SNer4fVbJvxnyNoFgixs1WTWjNM https://explorer.solana.com/tx/4BS4QcoK5oiuNtLMkUeCTNcUozxTsEoxDCzmRA6Ryh5fqz78JHTzZgMxKgFg7SNer4fVbJvxnyNoFgixs1WTWjNM
2025-04-26T22:57:06.190Z DEACTIVATE Waiting for confirmations...
2025-04-26T22:57:20.128Z DEACTIVATE Confirmed.
2025-04-26T22:57:20.128Z FIND Deactivated stake accounts with total balance:
2025-04-26T22:57:22.486Z STAKES Found:  1  accounts for delinquent validator 742Li328fz2ztbrchLG5bSht6Rp43yZZEDEbyD7U3zWW
2025-04-26T22:57:22.486Z STAKES Stake account 4riwsKiFEmpMaUWzh4irqeUJs3k6oqH5d8t6eCxBfNm5 is activated:  1.003
2025-04-26T22:57:22.486Z STAKES Found:  1  accounts that can be de-activated delinquent validator 742Li328fz2ztbrchLG5bSht6Rp43yZZEDEbyD7U3zWW
2025-04-26T22:57:22.510Z DEACTIVATE Blockhash: FuKQ4mFAsZrYsuoiqP6JKxJh9VDjmus74nyrXUbt7BfU
2025-04-26T22:57:22.536Z DEACTIVATE Sent tx: 5jgm34Uifzuig3P7FCkZhy76oTp8UvSZ6kt7XWAsVr4WYorCBU8DRgjV9Pzk8WtT8qCFgYnc8BjGzEJC8k98intM https://explorer.solana.com/tx/5jgm34Uifzuig3P7FCkZhy76oTp8UvSZ6kt7XWAsVr4WYorCBU8DRgjV9Pzk8WtT8qCFgYnc8BjGzEJC8k98intM
2025-04-26T22:57:22.637Z DEACTIVATE Waiting for confirmations...
2025-04-26T22:57:23.117Z DEACTIVATE Confirmed.
2025-04-26T22:57:23.117Z FIND Deactivated stake accounts with total balance:
2025-04-26T22:57:25.236Z STAKES Found:  1  accounts for delinquent validator J3hhsGS7xfcYoogsAQpGBJAdAyv8Sm5peWVaN6P9v1DE
2025-04-26T22:57:25.236Z STAKES Stake account HUPC66mAowmTYE4cQakd5gVk4EyxCzR5VTEem5EALWVC is activated:  1.003
2025-04-26T22:57:25.236Z STAKES Found:  1  accounts that can be de-activated delinquent validator J3hhsGS7xfcYoogsAQpGBJAdAyv8Sm5peWVaN6P9v1DE
2025-04-26T22:57:25.488Z DEACTIVATE Blockhash: 5kJ2iD3dT1Hj7K3qTKTwBqdEDzKwS5p2pvvt82Q5JJQT
2025-04-26T22:57:25.498Z DEACTIVATE Sent tx: 3bHC5ews796mKeANM8hQZcMSLhEkywhMRKKsdDm2Pt8WNYsLHrB7GCEzyWh4oX2kpv56S8s1RGVH8Ugu32YM9xhW https://explorer.solana.com/tx/3bHC5ews796mKeANM8hQZcMSLhEkywhMRKKsdDm2Pt8WNYsLHrB7GCEzyWh4oX2kpv56S8s1RGVH8Ugu32YM9xhW
2025-04-26T22:57:25.599Z DEACTIVATE Waiting for confirmations...
2025-04-26T22:57:42.409Z DEACTIVATE Confirmed.
2025-04-26T22:57:42.409Z FIND Deactivated stake accounts with total balance:
2025-04-26T22:57:44.548Z STAKES Found:  1  accounts for delinquent validator 7zRyjgPbeh9HFhpyrYCG6CyLz9gssxgoJamj7CSG1cZe
2025-04-26T22:57:44.548Z STAKES Stake account 5DqYemHZwegWXSBZxs7kUu1oUxzKUYa64DcEA6QdSZpv is de-activating:  1.003
2025-04-26T22:57:44.548Z STAKES Found:  0  accounts that can be de-activated delinquent validator 7zRyjgPbeh9HFhpyrYCG6CyLz9gssxgoJamj7CSG1cZe
2025-04-26T22:57:44.548Z FIND No deactivations possible for this validator
2025-04-26T22:57:46.685Z STAKES Found:  1  accounts for delinquent validator 9fLwGW9hoXjfeKUpjNGTA2M3BxNivH9ds3ejNSQoDUM8
2025-04-26T22:57:46.685Z STAKES Stake account 8DCAPtFGe2aC84qa71q1oi1Q6dqJQzCVTqmb45AYLJuk is de-activating:  1.003
2025-04-26T22:57:46.685Z STAKES Found:  0  accounts that can be de-activated delinquent validator 9fLwGW9hoXjfeKUpjNGTA2M3BxNivH9ds3ejNSQoDUM8
2025-04-26T22:57:46.685Z FIND No deactivations possible for this validator
Server responded with 429 Too Many Requests.  Retrying after 500ms delay...
Server responded with 429 Too Many Requests.  Retrying after 1000ms delay...
Server responded with 429 Too Many Requests.  Retrying after 2000ms delay...
Server responded with 429 Too Many Requests.  Retrying after 4000ms delay...
2025-04-26T22:57:54.286Z FIND Error processing validator 8xHv2sNPA5EtsRWJQypTS34ribSqD8ffsc771i9yoRcE 429 Too Many Requests:  {"jsonrpc":"2.0","error":{"code": 429, "message":"Too many requests for a specific RPC call"}, "id": "a2e5cfb4-7c08-4c73-8421-b3c36a24f681" } 
 Error: 429 Too Many Requests:  {"jsonrpc":"2.0","error":{"code": 429, "message":"Too many requests for a specific RPC call"}, "id": "a2e5cfb4-7c08-4c73-8421-b3c36a24f681" } 

    at ClientBrowser.callServer (/home/runner/work/solana-deactivate-delinquent/solana-deactivate-delinquent/node_modules/.pnpm/@solana+web3.js@1.87.6/node_modules/@solana/web3.js/lib/index.cjs.js:6474:18)
    at process.processTicksAndRejections (node:internal/process/task_queues:95:5)
Server responded with 429 Too Many Requests.  Retrying after 500ms delay...
Server responded with 429 Too Many Requests.  Retrying after 1000ms delay...
Server responded with 429 Too Many Requests.  Retrying after 2000ms delay...
Server responded with 429 Too Many Requests.  Retrying after 4000ms delay...
2025-04-26T22:58:01.961Z FIND Error processing validator 13juuPtYfhDWfnYffQAcYhvTCrqgqrrQugaLnNrcPMyQ 429 Too Many Requests:  {"jsonrpc":"2.0","error":{"code": 429, "message":"Too many requests for a specific RPC call"}, "id": "d601394d-6433-4e77-b26a-3b108edc72cf" } 
 Error: 429 Too Many Requests:  {"jsonrpc":"2.0","error":{"code": 429, "message":"Too many requests for a specific RPC call"}, "id": "d601394d-6433-4e77-b26a-3b108edc72cf" } 

    at ClientBrowser.callServer (/home/runner/work/solana-deactivate-delinquent/solana-deactivate-delinquent/node_modules/.pnpm/@solana+web3.js@1.87.6/node_modules/@solana/web3.js/lib/index.cjs.js:6474:18)
    at process.processTicksAndRejections (node:internal/process/task_queues:95:5)
Server responded with 429 Too Many Requests.  Retrying after 500ms delay...
Server responded with 429 Too Many Requests.  Retrying after 1000ms delay...
Server responded with 429 Too Many Requests.  Retrying after 2000ms delay...
Server responded with 429 Too Many Requests.  Retrying after 4000ms delay...
2025-04-26T22:58:09.678Z FIND Error processing validator LocksHyMXUeTmF2hrvr7ewQBLFgUzGA3CzXBs7DDaNj 429 Too Many Requests:  {"jsonrpc":"2.0","error":{"code": 429, "message":"Too many requests for a specific RPC call"}, "id": "5498cb85-c911-43ea-b19f-77f52c2cbf7c" } 
 Error: 429 Too Many Requests:  {"jsonrpc":"2.0","error":{"code": 429, "message":"Too many requests for a specific RPC call"}, "id": "5498cb85-c911-43ea-b19f-77f52c2cbf7c" } 

    at ClientBrowser.callServer (/home/runner/work/solana-deactivate-delinquent/solana-deactivate-delinquent/node_modules/.pnpm/@solana+web3.js@1.87.6/node_modules/@solana/web3.js/lib/index.cjs.js:6474:18)
    at process.processTicksAndRejections (node:internal/process/task_queues:95:5)
Server responded with 429 Too Many Requests.  Retrying after 500ms delay...
Server responded with 429 Too Many Requests.  Retrying after 1000ms delay...
Server responded with 429 Too Many Requests.  Retrying after 2000ms delay...
Server responded with 429 Too Many Requests.  Retrying after 4000ms delay...
2025-04-26T22:58:17.298Z FIND Error processing validator J2wfGqcB4xeJgDdjSYuRoksGNquh4yhZfsXc3CBr7iJV 429 Too Many Requests:  {"jsonrpc":"2.0","error":{"code": 429, "message":"Too many requests for a specific RPC call"}, "id": "1160ea98-929e-4be9-bfe3-f62a968bffe1" } 
 Error: 429 Too Many Requests:  {"jsonrpc":"2.0","error":{"code": 429, "message":"Too many requests for a specific RPC call"}, "id": "1160ea98-929e-4be9-bfe3-f62a968bffe1" } 

    at ClientBrowser.callServer (/home/runner/work/solana-deactivate-delinquent/solana-deactivate-delinquent/node_modules/.pnpm/@solana+web3.js@1.87.6/node_modules/@solana/web3.js/lib/index.cjs.js:6474:18)
    at process.processTicksAndRejections (node:internal/process/task_queues:95:5)
Server responded with 429 Too Many Requests.  Retrying after 500ms delay...
Server responded with 429 Too Many Requests.  Retrying after 1000ms delay...
Server responded with 429 Too Many Requests.  Retrying after 2000ms delay...
Server responded with 429 Too Many Requests.  Retrying after 4000ms delay...
2025-04-26T22:58:24.912Z FIND Error processing validator 7CW3zdKsfzCVDZBXsKcimqkGS7nuHEsz4KB1oysfec2K 429 Too Many Requests:  {"jsonrpc":"2.0","error":{"code": 429, "message":"Too many requests for a specific RPC call"}, "id": "c1d26669-d071-4226-8f3f-c5e6466a7d31" } 
 Error: 429 Too Many Requests:  {"jsonrpc":"2.0","error":{"code": 429, "message":"Too many requests for a specific RPC call"}, "id": "c1d26669-d071-4226-8f3f-c5e6466a7d31" } 

    at ClientBrowser.callServer (/home/runner/work/solana-deactivate-delinquent/solana-deactivate-delinquent/node_modules/.pnpm/@solana+web3.js@1.87.6/node_modules/@solana/web3.js/lib/index.cjs.js:6474:18)
    at process.processTicksAndRejections (node:internal/process/task_queues:95:5)
2025-04-26T22:58:24.913Z FIND Total de-activated: 7.021
