2025-04-06T13:55:00.564Z FIND Found epoch range to explore:  763 767
2025-04-06T13:55:00.566Z FIND Found delinquent validators [
  'Hgv6JZhwTDyNywaANyzQqfX9ScMSdFzqKtGubFbf77AJ',
  '4GWXbzZFntDor4S25siX1tSWFv7Q6hHsHcKGzHQJK7QB',
  'Bzn4NxNmh6vTrZyMRoL2qjZFNYbckRwNyHQwxzoJoggX',
  'C2HZnYeF5BBbtAA96iZYcFPv3vqRUur7ZXXYAAZ1GMfw',
  '7fARjzLYPH77jVBPyUfptJGbi4aXfN4FAfs8W89BWZDC',
  '3w5guZWHiP1A1gSnhksgtTXejAYUnTQqWvXWd9BfSdUL',
  'FqhGYvSrTwEnJv4VHJZx1oEtd5fewYcdi2CPsbKnSYhy',
  '3aHzcWLrkY2QrcDSR3bMbFWURRJWFojxh3o8wbEghXZ9',
  'CsnnNsr7aZrRdGCTYv7Mpvgx7TJe1GJxVfS4pmpEKdAf',
  'E9w6i6M7mSJkm1BRozSZpSpRb5sE3NEkrHA9R2zZjuwa',
  'D8J7EZD22HAQhRQVXHfjMSU8BDPhWfokxCyPUXjpwxD',
  '742Li328fz2ztbrchLG5bSht6Rp43yZZEDEbyD7U3zWW',
  'BChmozpXUepF9LqcyFr1BqDiRZnfsRa9rogUhk5MLRcJ',
  '7zRyjgPbeh9HFhpyrYCG6CyLz9gssxgoJamj7CSG1cZe',
  '9fLwGW9hoXjfeKUpjNGTA2M3BxNivH9ds3ejNSQoDUM8',
  'EBmz677zQ13MRwkKQi2fdb51ViRNwyuPtZbZhmzeEH2m',
  'HSvtHN8qJgkmCxy8UmYN8jZQRzWAtQESmear1EAKaroH',
  'J3hhsGS7xfcYoogsAQpGBJAdAyv8Sm5peWVaN6P9v1DE',
  '81mfVVk2r1qLBQXQJqsESTSwnmgKFZjYDdvYUpgSCyYi',
  '568E22Vp87VCVWfCECSeMwJD4y5Yah45fyTJPHtsvA4o',
  '4bor1arUqveTpx64Q18XUwsLZtsEi8tFp5HZ5e4AMykx',
  '83ejsRbzFDXoYFjCMuJ7Q7SWUvYgMrrQfsjbR3WA9tpa',
  '8xHv2sNPA5EtsRWJQypTS34ribSqD8ffsc771i9yoRcE',
  'BTeEyner9LLywxWXaPeAzz62Bxmk4eG8mXMun3uYLYKi',
  'PRqb4oSHEAjtEays2mgaWp75CTobPceobCcyd7bP1YM',
  '8mG8MXRitQoct8UqfejfNw6ApRkYbvc9YiQY8YDsW9Fi',
  'HqeoSipJHfpzPwnr4UE7wuiWRcBC9QHEqjjLZjHoi4fU',
  'GAoCBDE9ABRYmhWUREDp4po4L8JgCPeQsPS77p1mx3WR',
  '52J4Nhv5u3bKiKBw5nvAJjUigoWHfP7PBQCfC4craVEY',
  'EuUxT2aEqiAVkCjdfjehTYzPA9vGSrS4AEcroUf3Cxq6'
]
2025-04-06T13:55:00.568Z FIND Found reference validator he1iusunGwqrNtafDtLdhsUQDFvo13z9sUa36PauBtk
2025-04-06T13:55:04.636Z STAKES Found:  3  accounts for delinquent validator Hgv6JZhwTDyNywaANyzQqfX9ScMSdFzqKtGubFbf77AJ
2025-04-06T13:55:04.636Z STAKES Stake account A9o9zmWXfbEaquMbNMai6Meh7xLGAat51hPymMfLppnj is de-activating:  10000.00228288
2025-04-06T13:55:04.636Z STAKES Stake account 6hWavxW2sXa4dAe2bYCbERLKPZ7JPKpqpNX9mqNNY983 is de-activating:  0.00328288
2025-04-06T13:55:04.636Z STAKES Stake account 7DrBLuxuQKsT622EAf6h6HM45ULJ8QEc1jiDydT3rEoQ is de-activating:  2
2025-04-06T13:55:04.637Z STAKES Found:  0  accounts that can be de-activated delinquent validator Hgv6JZhwTDyNywaANyzQqfX9ScMSdFzqKtGubFbf77AJ
2025-04-06T13:55:04.637Z FIND No deactivations possible for this validator
2025-04-06T13:55:08.453Z STAKES Found:  4  accounts for delinquent validator 4GWXbzZFntDor4S25siX1tSWFv7Q6hHsHcKGzHQJK7QB
2025-04-06T13:55:08.453Z STAKES Stake account zu4X949dzNxTNLkxtkibieuTJ5t3hcLx7M9rMksxQvV is de-activated:  0.00328288
2025-04-06T13:55:08.453Z STAKES Stake account FoaCqgaWwEPBjPRDgKknmEN5ypqmjqhusqyPaG2Hw7Bp is de-activated:  0.01
2025-04-06T13:55:08.453Z STAKES Stake account DGJdk7BALxtYxJAXNPx9qrHR7gaUxK6X2ziKQJT7RkgG is de-activating:  4960
2025-04-06T13:55:08.454Z STAKES Stake account 3skcTxLxUrd6LpAq3bhNBEFLaeCHEXGBQJWVBqPksfiR is de-activated:  0.00328288
2025-04-06T13:55:08.454Z STAKES Found:  0  accounts that can be de-activated delinquent validator 4GWXbzZFntDor4S25siX1tSWFv7Q6hHsHcKGzHQJK7QB
2025-04-06T13:55:08.454Z FIND No deactivations possible for this validator
Server responded with 429 Too Many Requests.  Retrying after 500ms delay...
Server responded with 429 Too Many Requests.  Retrying after 1000ms delay...
Server responded with 429 Too Many Requests.  Retrying after 2000ms delay...
Server responded with 429 Too Many Requests.  Retrying after 4000ms delay...
2025-04-06T13:55:16.216Z FIND Error processing validator Bzn4NxNmh6vTrZyMRoL2qjZFNYbckRwNyHQwxzoJoggX 429 Too Many Requests:  {"jsonrpc":"2.0","error":{"code": 429, "message":"Too many requests for a specific RPC call"}, "id": "d2242e0f-4fcd-4c3b-98ba-b7b3b9d30af6" } 
 Error: 429 Too Many Requests:  {"jsonrpc":"2.0","error":{"code": 429, "message":"Too many requests for a specific RPC call"}, "id": "d2242e0f-4fcd-4c3b-98ba-b7b3b9d30af6" } 

    at ClientBrowser.callServer (/home/runner/work/solana-deactivate-delinquent/solana-deactivate-delinquent/node_modules/.pnpm/@solana+web3.js@1.87.6/node_modules/@solana/web3.js/lib/index.cjs.js:6474:18)
    at process.processTicksAndRejections (node:internal/process/task_queues:95:5)
Server responded with 429 Too Many Requests.  Retrying after 500ms delay...
Server responded with 429 Too Many Requests.  Retrying after 1000ms delay...
Server responded with 429 Too Many Requests.  Retrying after 2000ms delay...
Server responded with 429 Too Many Requests.  Retrying after 4000ms delay...
2025-04-06T13:55:23.994Z FIND Error processing validator C2HZnYeF5BBbtAA96iZYcFPv3vqRUur7ZXXYAAZ1GMfw 429 Too Many Requests:  {"jsonrpc":"2.0","error":{"code": 429, "message":"Too many requests for a specific RPC call"}, "id": "66111820-9b97-452e-863e-1d2d8e41e38a" } 
 Error: 429 Too Many Requests:  {"jsonrpc":"2.0","error":{"code": 429, "message":"Too many requests for a specific RPC call"}, "id": "66111820-9b97-452e-863e-1d2d8e41e38a" } 

    at ClientBrowser.callServer (/home/runner/work/solana-deactivate-delinquent/solana-deactivate-delinquent/node_modules/.pnpm/@solana+web3.js@1.87.6/node_modules/@solana/web3.js/lib/index.cjs.js:6474:18)
    at process.processTicksAndRejections (node:internal/process/task_queues:95:5)
Server responded with 429 Too Many Requests.  Retrying after 500ms delay...
Server responded with 429 Too Many Requests.  Retrying after 1000ms delay...
Server responded with 429 Too Many Requests.  Retrying after 2000ms delay...
Server responded with 429 Too Many Requests.  Retrying after 4000ms delay...
2025-04-06T13:55:31.858Z FIND Error processing validator 7fARjzLYPH77jVBPyUfptJGbi4aXfN4FAfs8W89BWZDC 429 Too Many Requests:  {"jsonrpc":"2.0","error":{"code": 429, "message":"Too many requests for a specific RPC call"}, "id": "8d301f0c-d348-48f6-a37f-0d4ded84eb02" } 
 Error: 429 Too Many Requests:  {"jsonrpc":"2.0","error":{"code": 429, "message":"Too many requests for a specific RPC call"}, "id": "8d301f0c-d348-48f6-a37f-0d4ded84eb02" } 

    at ClientBrowser.callServer (/home/runner/work/solana-deactivate-delinquent/solana-deactivate-delinquent/node_modules/.pnpm/@solana+web3.js@1.87.6/node_modules/@solana/web3.js/lib/index.cjs.js:6474:18)
    at process.processTicksAndRejections (node:internal/process/task_queues:95:5)
Server responded with 429 Too Many Requests.  Retrying after 500ms delay...
Server responded with 429 Too Many Requests.  Retrying after 1000ms delay...
Server responded with 429 Too Many Requests.  Retrying after 2000ms delay...
Server responded with 429 Too Many Requests.  Retrying after 4000ms delay...
2025-04-06T13:55:39.616Z FIND Error processing validator 3w5guZWHiP1A1gSnhksgtTXejAYUnTQqWvXWd9BfSdUL 429 Too Many Requests:  {"jsonrpc":"2.0","error":{"code": 429, "message":"Too many requests for a specific RPC call"}, "id": "79deb169-b723-4aba-a5f8-cac09341764a" } 
 Error: 429 Too Many Requests:  {"jsonrpc":"2.0","error":{"code": 429, "message":"Too many requests for a specific RPC call"}, "id": "79deb169-b723-4aba-a5f8-cac09341764a" } 

    at ClientBrowser.callServer (/home/runner/work/solana-deactivate-delinquent/solana-deactivate-delinquent/node_modules/.pnpm/@solana+web3.js@1.87.6/node_modules/@solana/web3.js/lib/index.cjs.js:6474:18)
    at process.processTicksAndRejections (node:internal/process/task_queues:95:5)
Server responded with 429 Too Many Requests.  Retrying after 500ms delay...
Server responded with 429 Too Many Requests.  Retrying after 1000ms delay...
Server responded with 429 Too Many Requests.  Retrying after 2000ms delay...
Server responded with 429 Too Many Requests.  Retrying after 4000ms delay...
2025-04-06T13:55:47.390Z FIND Error processing validator FqhGYvSrTwEnJv4VHJZx1oEtd5fewYcdi2CPsbKnSYhy 429 Too Many Requests:  {"jsonrpc":"2.0","error":{"code": 429, "message":"Too many requests for a specific RPC call"}, "id": "559f4327-75ed-46de-bd5c-43b74797e923" } 
 Error: 429 Too Many Requests:  {"jsonrpc":"2.0","error":{"code": 429, "message":"Too many requests for a specific RPC call"}, "id": "559f4327-75ed-46de-bd5c-43b74797e923" } 

    at ClientBrowser.callServer (/home/runner/work/solana-deactivate-delinquent/solana-deactivate-delinquent/node_modules/.pnpm/@solana+web3.js@1.87.6/node_modules/@solana/web3.js/lib/index.cjs.js:6474:18)
    at process.processTicksAndRejections (node:internal/process/task_queues:95:5)
Server responded with 429 Too Many Requests.  Retrying after 500ms delay...
Server responded with 429 Too Many Requests.  Retrying after 1000ms delay...
Server responded with 429 Too Many Requests.  Retrying after 2000ms delay...
Server responded with 429 Too Many Requests.  Retrying after 4000ms delay...
2025-04-06T13:55:55.010Z FIND Error processing validator 3aHzcWLrkY2QrcDSR3bMbFWURRJWFojxh3o8wbEghXZ9 429 Too Many Requests:  {"jsonrpc":"2.0","error":{"code": 429, "message":"Too many requests for a specific RPC call"}, "id": "1987d605-9836-4d7a-8c59-2b7f363bc46e" } 
 Error: 429 Too Many Requests:  {"jsonrpc":"2.0","error":{"code": 429, "message":"Too many requests for a specific RPC call"}, "id": "1987d605-9836-4d7a-8c59-2b7f363bc46e" } 

    at ClientBrowser.callServer (/home/runner/work/solana-deactivate-delinquent/solana-deactivate-delinquent/node_modules/.pnpm/@solana+web3.js@1.87.6/node_modules/@solana/web3.js/lib/index.cjs.js:6474:18)
    at process.processTicksAndRejections (node:internal/process/task_queues:95:5)
Server responded with 429 Too Many Requests.  Retrying after 500ms delay...
Server responded with 429 Too Many Requests.  Retrying after 1000ms delay...
Server responded with 429 Too Many Requests.  Retrying after 2000ms delay...
Server responded with 429 Too Many Requests.  Retrying after 4000ms delay...
2025-04-06T13:56:02.654Z FIND Error processing validator CsnnNsr7aZrRdGCTYv7Mpvgx7TJe1GJxVfS4pmpEKdAf 429 Too Many Requests:  {"jsonrpc":"2.0","error":{"code": 429, "message":"Too many requests for a specific RPC call"}, "id": "df899297-113b-4aff-a2ca-dea833b53fbb" } 
 Error: 429 Too Many Requests:  {"jsonrpc":"2.0","error":{"code": 429, "message":"Too many requests for a specific RPC call"}, "id": "df899297-113b-4aff-a2ca-dea833b53fbb" } 

    at ClientBrowser.callServer (/home/runner/work/solana-deactivate-delinquent/solana-deactivate-delinquent/node_modules/.pnpm/@solana+web3.js@1.87.6/node_modules/@solana/web3.js/lib/index.cjs.js:6474:18)
    at process.processTicksAndRejections (node:internal/process/task_queues:95:5)
Server responded with 429 Too Many Requests.  Retrying after 500ms delay...
Server responded with 429 Too Many Requests.  Retrying after 1000ms delay...
Server responded with 429 Too Many Requests.  Retrying after 2000ms delay...
Server responded with 429 Too Many Requests.  Retrying after 4000ms delay...
2025-04-06T13:56:10.346Z FIND Error processing validator E9w6i6M7mSJkm1BRozSZpSpRb5sE3NEkrHA9R2zZjuwa 429 Too Many Requests:  {"jsonrpc":"2.0","error":{"code": 429, "message":"Too many requests for a specific RPC call"}, "id": "2faf8e86-d0ea-4198-a70e-467fc424d1d2" } 
 Error: 429 Too Many Requests:  {"jsonrpc":"2.0","error":{"code": 429, "message":"Too many requests for a specific RPC call"}, "id": "2faf8e86-d0ea-4198-a70e-467fc424d1d2" } 

    at ClientBrowser.callServer (/home/runner/work/solana-deactivate-delinquent/solana-deactivate-delinquent/node_modules/.pnpm/@solana+web3.js@1.87.6/node_modules/@solana/web3.js/lib/index.cjs.js:6474:18)
    at process.processTicksAndRejections (node:internal/process/task_queues:95:5)
Server responded with 429 Too Many Requests.  Retrying after 500ms delay...
Server responded with 429 Too Many Requests.  Retrying after 1000ms delay...
Server responded with 429 Too Many Requests.  Retrying after 2000ms delay...
Server responded with 429 Too Many Requests.  Retrying after 4000ms delay...
2025-04-06T13:56:17.984Z FIND Error processing validator D8J7EZD22HAQhRQVXHfjMSU8BDPhWfokxCyPUXjpwxD 429 Too Many Requests:  {"jsonrpc":"2.0","error":{"code": 429, "message":"Too many requests for a specific RPC call"}, "id": "8bb329bf-af9d-4134-8fde-f203201d0f87" } 
 Error: 429 Too Many Requests:  {"jsonrpc":"2.0","error":{"code": 429, "message":"Too many requests for a specific RPC call"}, "id": "8bb329bf-af9d-4134-8fde-f203201d0f87" } 

    at ClientBrowser.callServer (/home/runner/work/solana-deactivate-delinquent/solana-deactivate-delinquent/node_modules/.pnpm/@solana+web3.js@1.87.6/node_modules/@solana/web3.js/lib/index.cjs.js:6474:18)
    at process.processTicksAndRejections (node:internal/process/task_queues:95:5)
Server responded with 429 Too Many Requests.  Retrying after 500ms delay...
Server responded with 429 Too Many Requests.  Retrying after 1000ms delay...
Server responded with 429 Too Many Requests.  Retrying after 2000ms delay...
Server responded with 429 Too Many Requests.  Retrying after 4000ms delay...
2025-04-06T13:56:25.604Z FIND Error processing validator 742Li328fz2ztbrchLG5bSht6Rp43yZZEDEbyD7U3zWW 429 Too Many Requests:  {"jsonrpc":"2.0","error":{"code": 429, "message":"Too many requests for a specific RPC call"}, "id": "eb8579c5-7f61-4199-8426-99d71ba45b26" } 
 Error: 429 Too Many Requests:  {"jsonrpc":"2.0","error":{"code": 429, "message":"Too many requests for a specific RPC call"}, "id": "eb8579c5-7f61-4199-8426-99d71ba45b26" } 

    at ClientBrowser.callServer (/home/runner/work/solana-deactivate-delinquent/solana-deactivate-delinquent/node_modules/.pnpm/@solana+web3.js@1.87.6/node_modules/@solana/web3.js/lib/index.cjs.js:6474:18)
    at process.processTicksAndRejections (node:internal/process/task_queues:95:5)
Server responded with 429 Too Many Requests.  Retrying after 500ms delay...
Server responded with 429 Too Many Requests.  Retrying after 1000ms delay...
Server responded with 429 Too Many Requests.  Retrying after 2000ms delay...
Server responded with 429 Too Many Requests.  Retrying after 4000ms delay...
2025-04-06T13:56:33.252Z FIND Error processing validator BChmozpXUepF9LqcyFr1BqDiRZnfsRa9rogUhk5MLRcJ 429 Too Many Requests:  {"jsonrpc":"2.0","error":{"code": 429, "message":"Too many requests for a specific RPC call"}, "id": "127ee2d7-d660-4a86-8e5c-ca540ac29370" } 
 Error: 429 Too Many Requests:  {"jsonrpc":"2.0","error":{"code": 429, "message":"Too many requests for a specific RPC call"}, "id": "127ee2d7-d660-4a86-8e5c-ca540ac29370" } 

    at ClientBrowser.callServer (/home/runner/work/solana-deactivate-delinquent/solana-deactivate-delinquent/node_modules/.pnpm/@solana+web3.js@1.87.6/node_modules/@solana/web3.js/lib/index.cjs.js:6474:18)
    at process.processTicksAndRejections (node:internal/process/task_queues:95:5)
Server responded with 429 Too Many Requests.  Retrying after 500ms delay...
Server responded with 429 Too Many Requests.  Retrying after 1000ms delay...
Server responded with 429 Too Many Requests.  Retrying after 2000ms delay...
Server responded with 429 Too Many Requests.  Retrying after 4000ms delay...
2025-04-06T13:56:40.905Z FIND Error processing validator 7zRyjgPbeh9HFhpyrYCG6CyLz9gssxgoJamj7CSG1cZe 429 Too Many Requests:  {"jsonrpc":"2.0","error":{"code": 429, "message":"Too many requests for a specific RPC call"}, "id": "45941711-b0e6-460c-81b6-bc0fbaa32352" } 
 Error: 429 Too Many Requests:  {"jsonrpc":"2.0","error":{"code": 429, "message":"Too many requests for a specific RPC call"}, "id": "45941711-b0e6-460c-81b6-bc0fbaa32352" } 

    at ClientBrowser.callServer (/home/runner/work/solana-deactivate-delinquent/solana-deactivate-delinquent/node_modules/.pnpm/@solana+web3.js@1.87.6/node_modules/@solana/web3.js/lib/index.cjs.js:6474:18)
    at process.processTicksAndRejections (node:internal/process/task_queues:95:5)
Server responded with 429 Too Many Requests.  Retrying after 500ms delay...
Server responded with 429 Too Many Requests.  Retrying after 1000ms delay...
Server responded with 429 Too Many Requests.  Retrying after 2000ms delay...
Server responded with 429 Too Many Requests.  Retrying after 4000ms delay...
2025-04-06T13:56:48.536Z FIND Error processing validator 9fLwGW9hoXjfeKUpjNGTA2M3BxNivH9ds3ejNSQoDUM8 429 Too Many Requests:  {"jsonrpc":"2.0","error":{"code": 429, "message":"Too many requests for a specific RPC call"}, "id": "22764fbd-936f-4149-b8ef-7ee500e15cde" } 
 Error: 429 Too Many Requests:  {"jsonrpc":"2.0","error":{"code": 429, "message":"Too many requests for a specific RPC call"}, "id": "22764fbd-936f-4149-b8ef-7ee500e15cde" } 

    at ClientBrowser.callServer (/home/runner/work/solana-deactivate-delinquent/solana-deactivate-delinquent/node_modules/.pnpm/@solana+web3.js@1.87.6/node_modules/@solana/web3.js/lib/index.cjs.js:6474:18)
    at process.processTicksAndRejections (node:internal/process/task_queues:95:5)
Server responded with 429 Too Many Requests.  Retrying after 500ms delay...
Server responded with 429 Too Many Requests.  Retrying after 1000ms delay...
Server responded with 429 Too Many Requests.  Retrying after 2000ms delay...
Server responded with 429 Too Many Requests.  Retrying after 4000ms delay...
2025-04-06T13:56:56.179Z FIND Error processing validator EBmz677zQ13MRwkKQi2fdb51ViRNwyuPtZbZhmzeEH2m 429 Too Many Requests:  {"jsonrpc":"2.0","error":{"code": 429, "message":"Too many requests for a specific RPC call"}, "id": "d7c29742-7ee3-4f19-b8aa-7f19ac157b71" } 
 Error: 429 Too Many Requests:  {"jsonrpc":"2.0","error":{"code": 429, "message":"Too many requests for a specific RPC call"}, "id": "d7c29742-7ee3-4f19-b8aa-7f19ac157b71" } 

    at ClientBrowser.callServer (/home/runner/work/solana-deactivate-delinquent/solana-deactivate-delinquent/node_modules/.pnpm/@solana+web3.js@1.87.6/node_modules/@solana/web3.js/lib/index.cjs.js:6474:18)
    at process.processTicksAndRejections (node:internal/process/task_queues:95:5)
Server responded with 429 Too Many Requests.  Retrying after 500ms delay...
Server responded with 429 Too Many Requests.  Retrying after 1000ms delay...
Server responded with 429 Too Many Requests.  Retrying after 2000ms delay...
Server responded with 429 Too Many Requests.  Retrying after 4000ms delay...
2025-04-06T13:57:03.814Z FIND Error processing validator HSvtHN8qJgkmCxy8UmYN8jZQRzWAtQESmear1EAKaroH 429 Too Many Requests:  {"jsonrpc":"2.0","error":{"code": 429, "message":"Too many requests for a specific RPC call"}, "id": "ce5e31e9-1a21-48c4-aa30-16aff356bcc8" } 
 Error: 429 Too Many Requests:  {"jsonrpc":"2.0","error":{"code": 429, "message":"Too many requests for a specific RPC call"}, "id": "ce5e31e9-1a21-48c4-aa30-16aff356bcc8" } 

    at ClientBrowser.callServer (/home/runner/work/solana-deactivate-delinquent/solana-deactivate-delinquent/node_modules/.pnpm/@solana+web3.js@1.87.6/node_modules/@solana/web3.js/lib/index.cjs.js:6474:18)
    at process.processTicksAndRejections (node:internal/process/task_queues:95:5)
Server responded with 429 Too Many Requests.  Retrying after 500ms delay...
Server responded with 429 Too Many Requests.  Retrying after 1000ms delay...
Server responded with 429 Too Many Requests.  Retrying after 2000ms delay...
Server responded with 429 Too Many Requests.  Retrying after 4000ms delay...
2025-04-06T13:57:11.468Z FIND Error processing validator J3hhsGS7xfcYoogsAQpGBJAdAyv8Sm5peWVaN6P9v1DE 429 Too Many Requests:  {"jsonrpc":"2.0","error":{"code": 429, "message":"Too many requests for a specific RPC call"}, "id": "3636454f-41f2-4326-8253-2506ae2c9d27" } 
 Error: 429 Too Many Requests:  {"jsonrpc":"2.0","error":{"code": 429, "message":"Too many requests for a specific RPC call"}, "id": "3636454f-41f2-4326-8253-2506ae2c9d27" } 

    at ClientBrowser.callServer (/home/runner/work/solana-deactivate-delinquent/solana-deactivate-delinquent/node_modules/.pnpm/@solana+web3.js@1.87.6/node_modules/@solana/web3.js/lib/index.cjs.js:6474:18)
    at process.processTicksAndRejections (node:internal/process/task_queues:95:5)
Server responded with 429 Too Many Requests.  Retrying after 500ms delay...
Server responded with 429 Too Many Requests.  Retrying after 1000ms delay...
Server responded with 429 Too Many Requests.  Retrying after 2000ms delay...
Server responded with 429 Too Many Requests.  Retrying after 4000ms delay...
2025-04-06T13:57:19.181Z FIND Error processing validator 81mfVVk2r1qLBQXQJqsESTSwnmgKFZjYDdvYUpgSCyYi 429 Too Many Requests:  {"jsonrpc":"2.0","error":{"code": 429, "message":"Too many requests for a specific RPC call"}, "id": "adbf2082-fa63-464c-b4ac-a7dc08466cbc" } 
 Error: 429 Too Many Requests:  {"jsonrpc":"2.0","error":{"code": 429, "message":"Too many requests for a specific RPC call"}, "id": "adbf2082-fa63-464c-b4ac-a7dc08466cbc" } 

    at ClientBrowser.callServer (/home/runner/work/solana-deactivate-delinquent/solana-deactivate-delinquent/node_modules/.pnpm/@solana+web3.js@1.87.6/node_modules/@solana/web3.js/lib/index.cjs.js:6474:18)
    at process.processTicksAndRejections (node:internal/process/task_queues:95:5)
Server responded with 429 Too Many Requests.  Retrying after 500ms delay...
Server responded with 429 Too Many Requests.  Retrying after 1000ms delay...
Server responded with 429 Too Many Requests.  Retrying after 2000ms delay...
Server responded with 429 Too Many Requests.  Retrying after 4000ms delay...
2025-04-06T13:57:26.817Z FIND Error processing validator 568E22Vp87VCVWfCECSeMwJD4y5Yah45fyTJPHtsvA4o 429 Too Many Requests:  {"jsonrpc":"2.0","error":{"code": 429, "message":"Too many requests for a specific RPC call"}, "id": "ebc3951b-56b8-4add-a67c-c054aeb4608c" } 
 Error: 429 Too Many Requests:  {"jsonrpc":"2.0","error":{"code": 429, "message":"Too many requests for a specific RPC call"}, "id": "ebc3951b-56b8-4add-a67c-c054aeb4608c" } 

    at ClientBrowser.callServer (/home/runner/work/solana-deactivate-delinquent/solana-deactivate-delinquent/node_modules/.pnpm/@solana+web3.js@1.87.6/node_modules/@solana/web3.js/lib/index.cjs.js:6474:18)
    at process.processTicksAndRejections (node:internal/process/task_queues:95:5)
Server responded with 429 Too Many Requests.  Retrying after 500ms delay...
Server responded with 429 Too Many Requests.  Retrying after 1000ms delay...
Server responded with 429 Too Many Requests.  Retrying after 2000ms delay...
Server responded with 429 Too Many Requests.  Retrying after 4000ms delay...
2025-04-06T13:57:34.444Z FIND Error processing validator 4bor1arUqveTpx64Q18XUwsLZtsEi8tFp5HZ5e4AMykx 429 Too Many Requests:  {"jsonrpc":"2.0","error":{"code": 429, "message":"Too many requests for a specific RPC call"}, "id": "3c708bf8-f011-4e51-a5d3-f15ba95b6de3" } 
 Error: 429 Too Many Requests:  {"jsonrpc":"2.0","error":{"code": 429, "message":"Too many requests for a specific RPC call"}, "id": "3c708bf8-f011-4e51-a5d3-f15ba95b6de3" } 

    at ClientBrowser.callServer (/home/runner/work/solana-deactivate-delinquent/solana-deactivate-delinquent/node_modules/.pnpm/@solana+web3.js@1.87.6/node_modules/@solana/web3.js/lib/index.cjs.js:6474:18)
    at process.processTicksAndRejections (node:internal/process/task_queues:95:5)
Server responded with 429 Too Many Requests.  Retrying after 500ms delay...
Server responded with 429 Too Many Requests.  Retrying after 1000ms delay...
Server responded with 429 Too Many Requests.  Retrying after 2000ms delay...
Server responded with 429 Too Many Requests.  Retrying after 4000ms delay...
2025-04-06T13:57:42.061Z FIND Error processing validator 83ejsRbzFDXoYFjCMuJ7Q7SWUvYgMrrQfsjbR3WA9tpa 429 Too Many Requests:  {"jsonrpc":"2.0","error":{"code": 429, "message":"Too many requests for a specific RPC call"}, "id": "d85a1d06-cdc3-4806-8a29-a3077842f5da" } 
 Error: 429 Too Many Requests:  {"jsonrpc":"2.0","error":{"code": 429, "message":"Too many requests for a specific RPC call"}, "id": "d85a1d06-cdc3-4806-8a29-a3077842f5da" } 

    at ClientBrowser.callServer (/home/runner/work/solana-deactivate-delinquent/solana-deactivate-delinquent/node_modules/.pnpm/@solana+web3.js@1.87.6/node_modules/@solana/web3.js/lib/index.cjs.js:6474:18)
    at process.processTicksAndRejections (node:internal/process/task_queues:95:5)
Server responded with 429 Too Many Requests.  Retrying after 500ms delay...
Server responded with 429 Too Many Requests.  Retrying after 1000ms delay...
Server responded with 429 Too Many Requests.  Retrying after 2000ms delay...
Server responded with 429 Too Many Requests.  Retrying after 4000ms delay...
2025-04-06T13:57:49.696Z FIND Error processing validator 8xHv2sNPA5EtsRWJQypTS34ribSqD8ffsc771i9yoRcE 429 Too Many Requests:  {"jsonrpc":"2.0","error":{"code": 429, "message":"Too many requests for a specific RPC call"}, "id": "7755ff89-f7ff-47b5-b200-f75b3e6cf975" } 
 Error: 429 Too Many Requests:  {"jsonrpc":"2.0","error":{"code": 429, "message":"Too many requests for a specific RPC call"}, "id": "7755ff89-f7ff-47b5-b200-f75b3e6cf975" } 

    at ClientBrowser.callServer (/home/runner/work/solana-deactivate-delinquent/solana-deactivate-delinquent/node_modules/.pnpm/@solana+web3.js@1.87.6/node_modules/@solana/web3.js/lib/index.cjs.js:6474:18)
    at process.processTicksAndRejections (node:internal/process/task_queues:95:5)
Server responded with 429 Too Many Requests.  Retrying after 500ms delay...
Server responded with 429 Too Many Requests.  Retrying after 1000ms delay...
Server responded with 429 Too Many Requests.  Retrying after 2000ms delay...
Server responded with 429 Too Many Requests.  Retrying after 4000ms delay...
2025-04-06T13:57:57.331Z FIND Error processing validator BTeEyner9LLywxWXaPeAzz62Bxmk4eG8mXMun3uYLYKi 429 Too Many Requests:  {"jsonrpc":"2.0","error":{"code": 429, "message":"Too many requests for a specific RPC call"}, "id": "cdb101ed-60e8-4a77-b922-07ae2b2c2fff" } 
 Error: 429 Too Many Requests:  {"jsonrpc":"2.0","error":{"code": 429, "message":"Too many requests for a specific RPC call"}, "id": "cdb101ed-60e8-4a77-b922-07ae2b2c2fff" } 

    at ClientBrowser.callServer (/home/runner/work/solana-deactivate-delinquent/solana-deactivate-delinquent/node_modules/.pnpm/@solana+web3.js@1.87.6/node_modules/@solana/web3.js/lib/index.cjs.js:6474:18)
    at process.processTicksAndRejections (node:internal/process/task_queues:95:5)
Server responded with 429 Too Many Requests.  Retrying after 500ms delay...
Server responded with 429 Too Many Requests.  Retrying after 1000ms delay...
Server responded with 429 Too Many Requests.  Retrying after 2000ms delay...
Server responded with 429 Too Many Requests.  Retrying after 4000ms delay...
2025-04-06T13:58:08.627Z STAKES Found:  1  accounts for delinquent validator PRqb4oSHEAjtEays2mgaWp75CTobPceobCcyd7bP1YM
2025-04-06T13:58:08.628Z STAKES Stake account BEKbkffxcPS2MxLR9jCLd2qNgn6LDxmeUxVknDZ92Zmd is activated:  1.003
2025-04-06T13:58:08.628Z STAKES Found:  1  accounts that can be de-activated delinquent validator PRqb4oSHEAjtEays2mgaWp75CTobPceobCcyd7bP1YM
2025-04-06T13:58:08.649Z DEACTIVATE Blockhash: GKe7Jpmf6h2niDTEY2DdDLNrGxcifYQoabMajBvZFuny
2025-04-06T13:58:08.665Z FIND Error processing validator PRqb4oSHEAjtEays2mgaWp75CTobPceobCcyd7bP1YM failed to send transaction: Transaction simulation failed: Blockhash not found SendTransactionError: failed to send transaction: Transaction simulation failed: Blockhash not found
    at Connection.sendEncodedTransaction (/home/runner/work/solana-deactivate-delinquent/solana-deactivate-delinquent/node_modules/.pnpm/@solana+web3.js@1.87.6/node_modules/@solana/web3.js/lib/index.cjs.js:9560:13)
    at process.processTicksAndRejections (node:internal/process/task_queues:95:5)
    at async Connection.sendRawTransaction (/home/runner/work/solana-deactivate-delinquent/solana-deactivate-delinquent/node_modules/.pnpm/@solana+web3.js@1.87.6/node_modules/@solana/web3.js/lib/index.cjs.js:9526:20)
    at async Connection.sendTransaction (/home/runner/work/solana-deactivate-delinquent/solana-deactivate-delinquent/node_modules/.pnpm/@solana+web3.js@1.87.6/node_modules/@solana/web3.js/lib/index.cjs.js:9482:14)
    at async deactivateDelinquentAccounts (/home/runner/work/solana-deactivate-delinquent/solana-deactivate-delinquent/index.js:153:27)
    at async unstakeDelinquents (/home/runner/work/solana-deactivate-delinquent/solana-deactivate-delinquent/index.js:190:21) {
  logs: []
}
2025-04-06T13:58:11.352Z STAKES Found:  1  accounts for delinquent validator 8mG8MXRitQoct8UqfejfNw6ApRkYbvc9YiQY8YDsW9Fi
2025-04-06T13:58:11.352Z STAKES Stake account 9TWzC2whYUzrjZVhYDf2VNHn38NLAaF2w9yh69dKvxDE is activated:  1.003
2025-04-06T13:58:11.352Z STAKES Found:  1  accounts that can be de-activated delinquent validator 8mG8MXRitQoct8UqfejfNw6ApRkYbvc9YiQY8YDsW9Fi
2025-04-06T13:58:11.374Z DEACTIVATE Blockhash: 5iG759KmC692DED7z1NrrzdK4BocBbH2nHPxCfyjQ8vS
2025-04-06T13:58:11.384Z DEACTIVATE Sent tx: 2gn5HgAt3ywLyvjk1Skc4tqo3e1gyWkErfu8JPW7ZpcjML7Rd5HaeTJMVDEGcvPmchir1CmoEkMoazGsVnK6NhUt https://explorer.solana.com/tx/2gn5HgAt3ywLyvjk1Skc4tqo3e1gyWkErfu8JPW7ZpcjML7Rd5HaeTJMVDEGcvPmchir1CmoEkMoazGsVnK6NhUt
2025-04-06T13:58:11.489Z DEACTIVATE Waiting for confirmations...
2025-04-06T13:59:10.297Z DEACTIVATE Confirmed.
2025-04-06T13:59:10.297Z FIND Deactivated stake accounts with total balance:
2025-04-06T13:59:13.494Z STAKES Found:  1  accounts for delinquent validator HqeoSipJHfpzPwnr4UE7wuiWRcBC9QHEqjjLZjHoi4fU
2025-04-06T13:59:13.494Z STAKES Stake account 2FxSHooxdeQTR7z8eeXJaGC3DMoBqji8tVyKxdfmsDz4 is activated:  1.003
2025-04-06T13:59:13.494Z STAKES Found:  1  accounts that can be de-activated delinquent validator HqeoSipJHfpzPwnr4UE7wuiWRcBC9QHEqjjLZjHoi4fU
2025-04-06T13:59:13.515Z DEACTIVATE Blockhash: GUhVNK2JHZnjA8c5ahnGDWZTuoUKi9RrhMWVbZwBEpaY
2025-04-06T13:59:13.538Z DEACTIVATE Sent tx: 5wTkgFidjR3pfLiPxsJFyYABVvLUdvceNGvVXkakeuMkjXEQ6vix8JUD3a1jndyv6zvhYPzpCcYmjnktbpmPQtRo https://explorer.solana.com/tx/5wTkgFidjR3pfLiPxsJFyYABVvLUdvceNGvVXkakeuMkjXEQ6vix8JUD3a1jndyv6zvhYPzpCcYmjnktbpmPQtRo
2025-04-06T13:59:13.639Z DEACTIVATE Waiting for confirmations...
2025-04-06T13:59:30.224Z DEACTIVATE Confirmed.
2025-04-06T13:59:30.224Z FIND Deactivated stake accounts with total balance:
2025-04-06T13:59:33.615Z STAKES Found:  1  accounts for delinquent validator GAoCBDE9ABRYmhWUREDp4po4L8JgCPeQsPS77p1mx3WR
2025-04-06T13:59:33.615Z STAKES Stake account HrLGTmqMMBuhkSFk6hLZiRRhjsW2wNonZJhMDR7ipLKA is de-activating:  1.000000005
2025-04-06T13:59:33.615Z STAKES Found:  0  accounts that can be de-activated delinquent validator GAoCBDE9ABRYmhWUREDp4po4L8JgCPeQsPS77p1mx3WR
2025-04-06T13:59:33.615Z FIND No deactivations possible for this validator
2025-04-06T13:59:36.706Z STAKES Found:  5  accounts for delinquent validator 52J4Nhv5u3bKiKBw5nvAJjUigoWHfP7PBQCfC4craVEY
2025-04-06T13:59:36.706Z STAKES Stake account GBiM2iovranncyJgNZAp9JvCZi8XB99cgoRXbXjeH382 is de-activating:  0.003356849
2025-04-06T13:59:36.706Z STAKES Stake account Hr8DervSX6ttAF6crSbmC7RGLb7EM8CJTruN3jq6rpXo is de-activating:  0.00328288
2025-04-06T13:59:36.706Z STAKES Stake account 4Bo25GfJtM9jnzkbbN8fq8apTWGPwWG8MfwtErLjLrzj is de-activating:  0.003356849
2025-04-06T13:59:36.706Z STAKES Stake account HwhziiZPKtN6G8phN2z8MpdL5Gf7BXkfrnrsMx2ZN7df is de-activating:  0.003329494
2025-04-06T13:59:36.706Z STAKES Stake account CzikfRMksRkpS6G4GwzUtS2BUj5hrR1mDujBQXq4FYYB is de-activating:  0.839321882
2025-04-06T13:59:36.706Z STAKES Found:  0  accounts that can be de-activated delinquent validator 52J4Nhv5u3bKiKBw5nvAJjUigoWHfP7PBQCfC4craVEY
2025-04-06T13:59:36.706Z FIND No deactivations possible for this validator
2025-04-06T13:59:39.856Z STAKES Found:  6  accounts for delinquent validator EuUxT2aEqiAVkCjdfjehTYzPA9vGSrS4AEcroUf3Cxq6
2025-04-06T13:59:39.856Z STAKES Stake account CQb9nd2AFYxgr97MhJvg5NgqkvuWLGLw41FWmMNJbzLk is de-activating:  0.741809494
2025-04-06T13:59:39.856Z STAKES Stake account qkS48Q5ymRpu7JRGgrXzyWBrF5hsVjs3tR26owsdp1o is de-activating:  0.00332925
2025-04-06T13:59:39.856Z STAKES Stake account 4ND4qhoYdxgC4rRzvuURdMjjT7zqdUQayEgmbEqTsmDP is de-activated:  14.758333733
2025-04-06T13:59:39.856Z STAKES Stake account AwSgCLEBzXGAZ1iUUum7SigrBb9U8SK9gwi3XVrvREEW is de-activating:  0.00328288
2025-04-06T13:59:39.856Z STAKES Stake account 77oYkZ1Hgw1CfkYSvBiyTCwSgqdaN2TRUqPisoiJ3AnL is de-activating:  0.00334823
2025-04-06T13:59:39.857Z STAKES Stake account HSWm6vh1xUJsdAVSnxYX9JqohdzGCjk9gTd2szmnhzYw is de-activating:  0.003347797
2025-04-06T13:59:39.857Z STAKES Found:  0  accounts that can be de-activated delinquent validator EuUxT2aEqiAVkCjdfjehTYzPA9vGSrS4AEcroUf3Cxq6
2025-04-06T13:59:39.857Z FIND No deactivations possible for this validator
2025-04-06T13:59:39.857Z FIND Total de-activated: 2.006
