2026-02-21T15:00:38.954Z FIND Found epoch range to explore:  926 930
2026-02-21T15:00:38.956Z FIND Found delinquent validators [
  'burnn86ebxJnhtk3cfpHoZxy5nUaC3K9U8VwzgqhEEt',
  'GdFaSCpPf9RqRjxkvXUCzLR62bEjmEPZMS9XRVFC3pDu',
  '2W1ewFhRurvBS2MYrTfjPAtKNvUyEK4tUsuzKSqeAR4J',
  '8qJq9XpQ31iNq3zjL4QzNtiJURDnGjq8BWFqAYCTk3vm'
]
2026-02-21T15:00:38.957Z FIND Found reference validator he1iusunGwqrNtafDtLdhsUQDFvo13z9sUa36PauBtk
2026-02-21T15:00:39.344Z STAKES Found:  503  accounts for delinquent validator burnn86ebxJnhtk3cfpHoZxy5nUaC3K9U8VwzgqhEEt
2026-02-21T15:00:39.344Z STAKES Stake account En98R9QwsDi7RVYYasa1Aau7TAcskWXvYR4UAgqvgfoS is de-activated:  0.02
2026-02-21T15:00:39.344Z STAKES Stake account 49CNsqd9BWGM1dZgCnSjNeLV5ygSNgd6nYcUL8JLkdwG is de-activated:  0.003002365
2026-02-21T15:00:39.345Z STAKES Stake account 9D5ErRaHYaN8s7jMr6f1rniCbLhtBxXMuWa8rdWw8582 is de-activated:  0.10003535
2026-02-21T15:00:39.345Z STAKES Stake account Fiw4gz9WvhM6RccAi3VYPUL5DEQZ4w37RL6buwFU1AZR is de-activated:  0.05
2026-02-21T15:00:39.345Z STAKES Stake account FqriUyzn5J3MZpSuS2DCXkjZSXKijr64cpQJ8VWEWvuY is de-activated:  0.012009124
2026-02-21T15:00:39.345Z STAKES Stake account 52rwrYTDByrWbfnksGPHjZfeZfiook7e796TFaPG8SNP is de-activated:  0.006003514
2026-02-21T15:00:39.345Z STAKES Stake account 4unyz8z8zVFsVE1oaHW8i6XWttjqXzKsTPLxCpoJNZUf is de-activated:  0.002283202
2026-02-21T15:00:39.345Z STAKES Stake account 4zjZbUgLUD3mRqSdJj1uH5ZJMrxPLdo5KBfxhU5mzqCi is de-activated:  0.006013946
2026-02-21T15:00:39.346Z STAKES Stake account GAeTx6RYMU9mW18oTFofjjMHAiH6p77muaWhCiHZNgVs is de-activated:  0.014070079
2026-02-21T15:00:39.346Z STAKES Stake account 2HK6wPsHFfbXqnVkaRo6uFKejEEa1Fn18W57ja5PMVj3 is de-activated:  0.08523441
2026-02-21T15:00:39.346Z STAKES Stake account 3F2gdFtqK34gnLTHBanNHsRbW5pAmd1kxnucfQHMpFiT is de-activated:  0.002282938
2026-02-21T15:00:39.346Z STAKES Stake account rhQp8eg5GHijMd1nUUVwvaPDHWpdJ4sqt2c6ydpCBkh is de-activated:  0.005902258
2026-02-21T15:00:39.346Z STAKES Stake account H2FcFAZc571HraWdMHMPduiAE2RL3zCZnaVmPhqBFBEE is de-activated:  0.02007188
2026-02-21T15:00:39.347Z STAKES Stake account Go6wbFi7d1D7vDZiuR2B725SJp3NvSw4Y9PW8ZfMHEnC is de-activated:  0.010021783
2026-02-21T15:00:39.347Z STAKES Stake account 8WMFgrNJ2QFJAdacW2kE1ue6mXvocZkGVf1mWeZ3v1b3 is de-activated:  0.00800356
2026-02-21T15:00:39.347Z STAKES Stake account 44p8WBGAsf3fLzPGb2bbopsmbrAbxJjy2EBeVo6qE1hT is de-activated:  0.034208436
2026-02-21T15:00:39.347Z STAKES Stake account 3KfrpXo6AV4Ew9pj2Z2tiGd6wyzYBrhVqYvEyhVuqwAU is de-activated:  0.030182145
2026-02-21T15:00:39.347Z STAKES Stake account AJo4LwZEJqAt5MDqXEHUjgmN8HNTKCZUZuzakG3TZ3JA is de-activated:  0.030199763
2026-02-21T15:00:39.347Z STAKES Stake account 2UUvsuUZjzCuvY3QKpyH6TrLYkFC8U7tLXEm3P2QDQAd is de-activated:  0.018103272
2026-02-21T15:00:39.348Z STAKES Stake account 2ykjNhR3GdUnfHR9HVbdrSwAnyURJ5oT9Xhz9aK6U7v3 is de-activated:  105.737098463
2026-02-21T15:00:39.348Z STAKES Stake account 6GfEg5jz1XZDTcFyKM7KeXKC4ggGqEZERx8KhT1Kn2fW is de-activated:  0.207322432
2026-02-21T15:00:39.348Z STAKES Stake account 6eUu5TdrhMNZcFUa13vptmTXtfEuLCC4zSGL6NxMGh9L is de-activated:  0.064763929
2026-02-21T15:00:39.348Z STAKES Stake account 5Y6VKv5zogo9xduJPsk5siBYFbq1P3TjNqfRs5FGngbJ is de-activated:  0.06476393
2026-02-21T15:00:39.348Z STAKES Stake account HS1KQfeRYUC5vAxpVHsKFbMqaT4JyCVjvKx5vd4YbRf1 is de-activated:  0.06476393
2026-02-21T15:00:39.348Z STAKES Stake account B4vL2R1DM545MTcwty1NArazUy8ZeBSFDZstswjs2qi6 is de-activated:  0.06476393
2026-02-21T15:00:39.348Z STAKES Stake account AUjLFWNxWybWLLvwzaULbGGUgT6nLqsK7rJ5NsqpZvkf is de-activated:  0.004014541
2026-02-21T15:00:39.348Z STAKES Stake account 7RnBZR6fApAD7rCeKUdCTcMebKzByNnwpxAkprn1DCQ8 is de-activated:  0.008056761
2026-02-21T15:00:39.348Z STAKES Stake account EEgn78cknLbKBNw5QxjupTwrHmV3pEWJoyQu2Xp7k4z8 is de-activated:  0.010025498
2026-02-21T15:00:39.349Z STAKES Stake account D9ccUBZxroZZPnNKHgVkKWL214T4qdCVUDCKbpJzWEFa is de-activated:  0.052273124
2026-02-21T15:00:39.349Z STAKES Stake account AU4mekXFjbCNUzcvJpA6pJmiJktHmCsuXE5kZN3tgk5z is de-activated:  0.009060219
2026-02-21T15:00:39.349Z STAKES Stake account BVafe5ZmRZTitVkfFPkGLHPAAZCQ5RLr5y4PoMRXAkt2 is de-activated:  0.08817644
2026-02-21T15:00:39.349Z STAKES Stake account JK2AXfkCGUmxqGfuuvjE9MzwEj4sJKdhfWD1bxFUN7D is de-activated:  0.079157914
2026-02-21T15:00:39.349Z STAKES Stake account H55PQDrafLKmnC1wk7vNS2uNwS8ShXVrNvgEyKYv97df is de-activated:  0.025068041
2026-02-21T15:00:39.349Z STAKES Stake account 9to6HpTQcJbxw9nL1arVoEMackMnKUAaoBjeViLppV9V is de-activating:  0.011023421
2026-02-21T15:00:39.349Z STAKES Stake account 42Vs5a7gUA4nysdxHxnfJn2Y3xzEwMwqK5fbsU3sP7Z7 is de-activating:  0.048294334
2026-02-21T15:00:39.349Z STAKES Stake account 7riuUJiYfxNz5R4DHBN93f5BfHuYafEZGKJyMQTaH52S is de-activating:  0.007031817
2026-02-21T15:00:39.349Z STAKES Stake account 3oXbyy9vtVD3xUndJ745g2gTbyi8vsrD5dpMVANYHyxH is de-activating:  0.013971128
2026-02-21T15:00:39.350Z STAKES Stake account GdFphwXPYswTeUQiTooqmHMXeBGktzNVFPPb6ZB8Q9Jg is de-activating:  0.012023057
2026-02-21T15:00:39.350Z STAKES Stake account 3MexBr5GGqpJvX4fm7mgZ4LubX2CE6GobUVSHHHx1HXD is de-activating:  0.064204025
2026-02-21T15:00:39.350Z STAKES Stake account 8HJXmpDhajM3BSDgs6PNqGWTiEUgo94tB1avV6wjsCNB is de-activating:  0.011053366
2026-02-21T15:00:39.350Z STAKES Stake account CmUrkju3abTq2i9ZxDG4hZmcVWheoQJT145w2tU5S9JK is de-activating:  0.020080616
2026-02-21T15:00:39.350Z STAKES Stake account FGjf7fEi2cD5tPvVH1TtWgjjoJhWT3Zrmyy7hvyMuG78 is de-activating:  0.008045787
2026-02-21T15:00:39.350Z STAKES Stake account BLAxESsHKad2S7fPx44S1AHhu3tuv9CdUGv1XZV8iy21 is de-activating:  0.04617178
2026-02-21T15:00:39.350Z STAKES Stake account DpZHriZnmF75Ma49WB69DMBDkoxAXhtaZuaZjMfC345C is de-activating:  0.006012274
2026-02-21T15:00:39.350Z STAKES Stake account 6deq5qGCnGCdxCtxFy88Stc1HH3BwhDK6XBR6gZLMika is de-activating:  0.01408277
2026-02-21T15:00:39.351Z STAKES Stake account AH7YjERW59cvRh6nv7MAJrwHbwnU8usMvHb3Tyn6Lhy3 is de-activating:  0.014053309
2026-02-21T15:00:39.351Z STAKES Stake account 6yqpUmhFAg4rkEswC5tZS8Q21eUYmKH8vVPUqvRfVwdf is de-activating:  0.00401646
2026-02-21T15:00:39.351Z STAKES Stake account J8Qdb596z79sYGQo9X22RnR4B23F8G9Nh8kRrV5iw1nL is de-activating:  0.035303936
2026-02-21T15:00:39.351Z STAKES Stake account HiyDozaKzwzaFV3tjH6WA86K5qWXqUnGAhADroBx9hjn is de-activating:  0.054267822
2026-02-21T15:00:39.351Z STAKES Stake account AmKG7sa4FXLcwc41L5tdApzW8QQE8KDKRm7tVSFeCRzb is de-activating:  0.003003025
2026-02-21T15:00:39.351Z STAKES Stake account AaWCyXRTxPh1YkKcUgHWWrxR5JxnJc7PM7sEML1BTayY is de-activating:  0.010076633
2026-02-21T15:00:39.352Z STAKES Stake account 39zZzKA42D2oN9j5ia6gK2nt1mrjD5A4cvqHvXLSSwRJ is de-activating:  0.016096906
2026-02-21T15:00:39.352Z STAKES Stake account DgGXk3gQKQgNEp7GMpRhMWhQXZxJ4jwL5YsB1P7g5W7P is de-activating:  0.011053366
2026-02-21T15:00:39.352Z STAKES Stake account 3M7Zt5itbu1DaM9xNLBTvxCsHpB3KfThGkATfD7VJqx1 is de-activating:  0.006826205
2026-02-21T15:00:39.352Z STAKES Stake account F5hqknPuyzuwdCGWXaLPeCLSuohGnNwLZmyN7Q4tDpyu is de-activating:  0.004009949
2026-02-21T15:00:39.352Z STAKES Stake account 2M4YPy94E71K4uhCDHokwtMuZBzFcKyyLA686jqjksBh is de-activating:  0.010044791
2026-02-21T15:00:39.352Z STAKES Stake account FqnuUgKEHG7s6AVGWQiSEzoyVaPJ75GA4Nis1bWFNY57 is de-activating:  0.010074132
2026-02-21T15:00:39.352Z STAKES Stake account AQuv6KPS9QVhkNiyhfnDPJj6d9ZQratpeRW53GG1PgU7 is de-activating:  0.004015913
2026-02-21T15:00:39.352Z STAKES Stake account 6rZHejb1Wqt9yLg7NR2pN3XeWBDMLERfLbih7V2QLAhL is de-activating:  0.004006732
2026-02-21T15:00:39.352Z STAKES Stake account ANBfX5WTHLpdv7E5vojJxMNiWpEKikzAizBRcWUtnbSt is de-activating:  0.024065046
2026-02-21T15:00:39.352Z STAKES Stake account HJ5RLUgdZpfCUVVdmC4zzfLZgqWjAxZvjDeSV9sjbRhT is de-activating:  0.005004746
2026-02-21T15:00:39.352Z STAKES Stake account 6GtsBqiiYCdA2xna3EAVtXvQERWftLtAhWFRxHjMKq7f is de-activating:  0.00603569
2026-02-21T15:00:39.352Z STAKES Stake account CJx5z8gYXAzm7ik4UMnWafE76tsvwrTfiz4T2ATtT2P2 is de-activating:  0.018135938
2026-02-21T15:00:39.352Z STAKES Stake account C1h14xegerU8P8JLY3Ea1sUwTY9ggTTmHP6DzHhyFUdC is de-activating:  0.004013731
2026-02-21T15:00:39.352Z STAKES Stake account 64HnDmBmi2xNpnxmBfVaSfKmfULtmeDeSHj1FUqSrhmL is de-activating:  0.008013561
2026-02-21T15:00:39.352Z STAKES Stake account Hb93BAnhuT7XqF6DtBf6Rba3Sy8KFkwzFhKUeRMEHa4a is de-activating:  0.050113269
2026-02-21T15:00:39.352Z STAKES Stake account JCKJAywVQv4tvzbRGfYFbXT7PSoVmcnTVu8ydcXwmUFj is de-activating:  0.027229606
2026-02-21T15:00:39.352Z STAKES Stake account 6LB5zbtTeJgJu6RB7JB2ENXLsMwp9Lby2Bd7HzQfV8be is de-activating:  1.103288562
2026-02-21T15:00:39.352Z STAKES Stake account 7tsq37Yaqn39uEf6ZXpf9nyRV2MZuL6XNVyJ4GMcMnWQ is de-activating:  0.004004604
2026-02-21T15:00:39.353Z STAKES Stake account 8CG73YR528duj8GU82bJdpLtacd1aNhne6GQwnvDnWQX is de-activating:  132.228434492
2026-02-21T15:00:39.353Z STAKES Stake account HwnzkbqQpaEc4JHJAJQCJYRhbDQGF6VRX3P9wpUZWpyd is de-activating:  0.016079631
2026-02-21T15:00:39.353Z STAKES Stake account Hq8icRorq1WVLcxmxGgBnBxsTSrvneangFFdT7SPMKQF is de-activating:  0.022145552
2026-02-21T15:00:39.353Z STAKES Stake account 2cZkMwgKWQ7W4y1K6BiygwHbpEGXXjCQ5UMnuakCVMp9 is de-activating:  0.016036862
2026-02-21T15:00:39.353Z STAKES Stake account 5hHLU7L4iZoSaUmELb5mguB6ugykNSBN8xfPyuwx4q1F is de-activating:  0.008050561
2026-02-21T15:00:39.353Z STAKES Stake account 6N7ZWaUk5mPUmDhdESAkTNRHdtVzCZ84JZy8FnV8gxnG is de-activating:  0.010076633
2026-02-21T15:00:39.353Z STAKES Stake account Bfmc7gpATLSvzxTvqwRjUZnX1JyWLUTo6L4NgqdTTjFR is de-activating:  0.010030307
2026-02-21T15:00:39.353Z STAKES Stake account DVGyFvpTBkZqMUhZrGWf1A8sLCqJGZebQU2RiTzYo4r5 is de-activating:  0.013377825
2026-02-21T15:00:39.353Z STAKES Stake account GLzMUdw4R75Gk8o2G8JxaerBG5EwM3kwzkDktLqWkJVG is de-activating:  0.004017018
2026-02-21T15:00:39.353Z STAKES Stake account 9whCZwGwSdcXKyizc9bBGRVkJEWAvTfaTJzy2J9nKrR3 is de-activating:  0.020158893
2026-02-21T15:00:39.353Z STAKES Stake account 3CCcieXSigvjTTm6ATqoUGmfD5hpNezHBkVvefXwvWNs is de-activating:  0.004712493
2026-02-21T15:00:39.353Z STAKES Stake account 3rof1JTM3shgZjuo6UUsVAKCgNESL7MXC582F9VHH5K7 is de-activating:  0.008038569
2026-02-21T15:00:39.353Z STAKES Stake account HPSxbPHa3k8ah1oWLURJZ5nHRcgVvjHASeNkrmjghQag is de-activating:  0.04836645
2026-02-21T15:00:39.353Z STAKES Stake account 7Zx5C4GmaDuofi41awZgX2yv5FtXQeDWuzUCg7pKuJUD is de-activating:  0.004005662
2026-02-21T15:00:39.353Z STAKES Stake account 7RNu3YSyB6y8tSiuZ9Y5soyjzK6hpyPGPhZKQWiVqUW4 is de-activating:  0.011039652
2026-02-21T15:00:39.353Z STAKES Stake account HRh81EegAKKa2xWymD28bGcfVMspJrtAjcM7ucyZv6oY is de-activating:  0.044085865
2026-02-21T15:00:39.353Z STAKES Stake account 837yKW1RJJwvCUThTMF9N1izVuGqJJ2eJkCYbUDWCngt is de-activating:  0.327196586
2026-02-21T15:00:39.353Z STAKES Stake account DdNvEccGGAkeR1v8PA23NCJfEpWAKGK9juJkNhNTk15d is de-activating:  0.009145998
2026-02-21T15:00:39.353Z STAKES Stake account 25utC9B3oesrosPJX7hmfYCXUGFguYYmizKQEBbrHYm7 is de-activating:  0.10314551
2026-02-21T15:00:39.353Z STAKES Stake account EFdK3d6u1xgaVGg5GLNCThXKbAGPUo3qkZ2tDhQvkfEZ is de-activating:  9.026955622
2026-02-21T15:00:39.353Z STAKES Stake account 564EmmkB52DRNCKRyfBN6t45ThTWrUs818SG2x6Z52Ev is de-activating:  0.010047243
2026-02-21T15:00:39.353Z STAKES Stake account BxyPD1dApwUR6m7SnvC3BwpW3AbubGRhBoCidUQRWbuY is de-activating:  0.0040062
2026-02-21T15:00:39.354Z STAKES Stake account H6g897dPfeoRZwNLkZAkcj9PUtm45VinH9MkQ6VRvMbY is de-activating:  0.00601923
2026-02-21T15:00:39.354Z STAKES Stake account 8HuG71uVxTUKX7cUXGq2QZXvE8oAJBkLFKb5JXicjYMA is de-activating:  0.11523202
2026-02-21T15:00:39.354Z STAKES Stake account 2rCV3HRk5rXccJUm5AR7SYukZWBkhHJQEzgvSeaRDXCR is de-activating:  0.073656988
2026-02-21T15:00:39.354Z STAKES Stake account EiNxFAQr3UPHB1848qYREN5LMGv2D63cF8EatYYCSMbx is de-activating:  0.006111418
2026-02-21T15:00:39.354Z STAKES Stake account FTmWiHyMDWCFJabimHqjTQiuPEGbWgiZiGtpNzPwdRvU is de-activating:  0.020955758
2026-02-21T15:00:39.354Z STAKES Stake account HeAL85KyRHNm2BUegHNnJxyvw1oar3Z7admFNefizAwz is de-activating:  0.035108151
2026-02-21T15:00:39.354Z STAKES Stake account EX1PVvvna7yYMjzcbW3Mk67WCyYXGAxLYkeTUR9LqQRh is de-activating:  0.00803317
2026-02-21T15:00:39.354Z STAKES Stake account GH7PQERMSDCGMS27RU96GsjcUXsNBZGG1gCxVDTNtZpa is de-activating:  0.006033302
2026-02-21T15:00:39.354Z STAKES Stake account YkF3RBtPfhZ1n9yQt9p8hCcWEEubQwkTJehzJzePQJG is de-activating:  0.006022741
2026-02-21T15:00:39.354Z STAKES Stake account BM2ACrd3v8ArZXKFeUEEjbk5FSbMSqqZ1BKns618iZ4e is de-activating:  0.004009949
2026-02-21T15:00:39.354Z STAKES Stake account HhLvc89gSfDFTnyt2ngbcandrqF5GLUe2ka1hneobsqf is de-activating:  0.004007266
2026-02-21T15:00:39.354Z STAKES Stake account 7r2q4gSiEvSHSTggAbJE2VEN9hN9R6XJb9H5zijb7u2g is de-activating:  0.032285597
2026-02-21T15:00:39.354Z STAKES Stake account FAYkPkMn8NHJY4Yw443VdgPMZCxjhb9XFMMffPms8eSa is de-activating:  0.012038166
2026-02-21T15:00:39.354Z STAKES Stake account 2UvojJgcaAEyzjBRvUpRtHrhCdKXQSD7Bxn5cWH7tv3J is de-activating:  0.030257476
2026-02-21T15:00:39.354Z STAKES Stake account EQQ1TcH8aVoQZUxubhrVzmMFTqgFPYfa5Df5SrcgxZq4 is de-activating:  0.006034496
2026-02-21T15:00:39.354Z STAKES Stake account 4ZE5vqk7kmKaX5hftFyKqgBobeoGuaJHRKpePY99iKAo is de-activating:  0.0030028
2026-02-21T15:00:39.354Z STAKES Stake account 2BLY9QCGF8YDffKrBTfnN1amHqtuRe4wEL7ANnU5JbJT is de-activating:  0.073499726
2026-02-21T15:00:39.354Z STAKES Stake account BY2LwcX6D28bCtS4mu6HLbfjjtHpihECd5inRWf4p9V9 is de-activating:  0.01004966
2026-02-21T15:00:39.354Z STAKES Stake account 4LdJfqKuBuqZWMw9roiB12beWscCyswyMDBWA4edjdKT is de-activating:  0.008053076
2026-02-21T15:00:39.354Z STAKES Stake account F58ao4ThiekqxuxZrgKRApDdDDp4nezRvD8srupAYRq8 is de-activating:  0.01005208
2026-02-21T15:00:39.354Z STAKES Stake account 7LpyW7TnrSci9HiRLP9dAvkq2rfiJ2zq6sptaX6txw7Z is de-activating:  0.050412785
2026-02-21T15:00:39.354Z STAKES Stake account 4qxtYWNTF46q9i3apGC2iweJSWBfTpnx6asTSPJDMqtk is de-activating:  0.002282881
2026-02-21T15:00:39.354Z STAKES Stake account Akq49rDY97Q9LvokgxNrHijoLQKpa5xZcitCz24xLgF is de-activating:  0.066571544
2026-02-21T15:00:39.354Z STAKES Stake account n1vsCEj1QGGRyqbhuziKqpPdvK3TuJjCsFENvrYb3kf is de-activating:  0.076684862
2026-02-21T15:00:39.354Z STAKES Stake account 7gWYcg4v7qM8Z7kqyHr9QDkNePrQNMo9LLEJa2WLAFkF is de-activating:  0.020125171
2026-02-21T15:00:39.354Z STAKES Stake account GSCB4HY9yBpcSEW34eSxwZhPmZcEgr1jP8M1ZDwZdd6P is de-activating:  0.033774571
2026-02-21T15:00:39.354Z STAKES Stake account HwdFb1j2KMunkkx8cDpyvyNN6o8QdPzMMhwJtUYGKeF2 is de-activating:  0.048439389
2026-02-21T15:00:39.354Z STAKES Stake account 6umvSJB4WCFgaVQCdhZR1tBSCJAm6Gcdfb7RyPQSHgWb is de-activating:  0.003916021
2026-02-21T15:00:39.355Z STAKES Stake account 5NtjRfjWJZkPypbPN9mvCzVcqxV3dmMqMr67DhLphLkC is de-activating:  8.425158124
2026-02-21T15:00:39.355Z STAKES Stake account GutHuy8rQZxW6Vhjzt1sEqrTzomKjED1SJaqZiDG2L7m is de-activating:  0.005016616
2026-02-21T15:00:39.355Z STAKES Stake account Bt3kgUK1QSvxakv5sxcaKg8zsd2qXrdmWoaFBvyi4fzK is de-activating:  0.106275045
2026-02-21T15:00:39.355Z STAKES Stake account DDxg8rbVVZDvowtgQapzsELUQ8XV6wRA5gpeFmy9hUQv is de-activating:  0.032079879
2026-02-21T15:00:39.355Z STAKES Stake account 3ppKun7mi27Zv9NiaUcjSREVXYhaepYMLhmJVd3pkv5c is de-activating:  0.004015913
2026-02-21T15:00:39.355Z STAKES Stake account 6Uwa51yJigNTFTLiuG6YnjUo3Qps52ciLJbQtuQME5Jg is de-activating:  0.004002996
2026-02-21T15:00:39.355Z STAKES Stake account CP1QAZHqaM9DtfKqhu16UYiDtXwuw5sPs2iNd4BVazzr is de-activating:  0.012087126
2026-02-21T15:00:39.355Z STAKES Stake account A3e3YJWafygGXH4eziXoLxE8Z4AgWUesCaLnFEEww2JG is de-activating:  0.007211661
2026-02-21T15:00:39.355Z STAKES Stake account 6xLi1YpJy41d6SDmC3HaNGmHjS3L3wwaeCqeQp7HE6pb is de-activating:  0.010056952
2026-02-21T15:00:39.355Z STAKES Stake account 8SZetZpyXnFMDV8MfEwxVQv9V6w2QV1c5MqByWkTCG8R is de-activating:  0.042280648
2026-02-21T15:00:39.355Z STAKES Stake account Bq96ppo17iNTz5D531ChCtvDLyMjxc6vx5zc5ug52a3T is de-activating:  0.00603569
2026-02-21T15:00:39.355Z STAKES Stake account FaSBSARpvfVrM3JoNzSge3fthWu3gRgyLGHt2p8qdkbG is de-activating:  0.006009979
2026-02-21T15:00:39.355Z STAKES Stake account PxVpFdTfrrZUsfa3JBUpUUfrVoytYzNsNaMxVecnruE is de-activating:  0.099929604
2026-02-21T15:00:39.355Z STAKES Stake account 9CTnmRTYoK5C9mnVRhTwH8hc6mWH3evuP8tbBbx9mxh5 is de-activating:  0.00603569
2026-02-21T15:00:39.355Z STAKES Stake account 13FnbGjcgRyqGoV5TWqxJ8oAoieyDM9uTJhF1fLBEXTa is de-activating:  0.019118101
2026-02-21T15:00:39.356Z STAKES Stake account 6CdwLc1sgoBUjbnAoMTPufAbnvspewxx1DfTRMXuPez is de-activating:  0.010013494
2026-02-21T15:00:39.356Z STAKES Stake account 7QZPWXhCzP4VsLMkpnbRgYVcTHEFiENggEy59vMoeLmj is de-activating:  0.050397621
2026-02-21T15:00:39.356Z STAKES Stake account nubC2cPa1eQQt59VSg4NUMAqcRTuCSQcBFwC4Pv5aKV is de-activating:  0.031779535
2026-02-21T15:00:39.356Z STAKES Stake account 6cE85UDYRZUqXgQuDEPQVq5g2K9ksiKSDqUvkNnrQ3fh is de-activating:  0.019166064
2026-02-21T15:00:39.356Z STAKES Stake account 6AYts2hPt2Sg3Z14thCXbarAzhtGHLKm8F3DLdMP5npU is de-activating:  0.664395825
2026-02-21T15:00:39.356Z STAKES Stake account 3hW9DePyM7PZkrzNXKzf6HVGFnogn67HS3HLZT5RQWaA is de-activating:  0.030248595
2026-02-21T15:00:39.356Z STAKES Stake account CctYdwG2SCXYwJX38Fb8Ynk64BUnRCqoqj4XZqwRCokm is de-activating:  0.142244448
2026-02-21T15:00:39.356Z STAKES Stake account Ch35qYV4VrNDnt1en26q7AECNo2KQbaeUmDxvFtJ1zn2 is de-activating:  0.066591954
2026-02-21T15:00:39.356Z STAKES Stake account 2Gh2jj8Gpnf8tNuNhWBdQCXXsJyMZ4EFe9TtgWUQBvHJ is de-activating:  0.010042373
2026-02-21T15:00:39.357Z STAKES Stake account BEawqUMnaW6MBCisvaResAnQZJioJmVd2W3bqRb2nZnh is de-activating:  0.004006732
2026-02-21T15:00:39.357Z STAKES Stake account A6dqUpxZZ85tk6Cp2aEtq5URYcX8LNEavehnk8M4prq4 is de-activating:  0.037311392
2026-02-21T15:00:39.357Z STAKES Stake account 6ZKj2q8QLKVHuCzMewak8RvjTV9Z7HhaeC8GQAjZcA1B is de-activating:  0.00805124
2026-02-21T15:00:39.357Z STAKES Stake account FihuTiTSUaHFhpnfHiTV8u6vY7N3W52fsYe8evXUCZwt is de-activating:  5.0740929
2026-02-21T15:00:39.357Z STAKES Stake account 7MC136STPj4w3nG9up4JsJ1F22KKH9u3G4NLy4ohyWvr is de-activating:  0.008034988
2026-02-21T15:00:39.357Z STAKES Stake account DU3TLxHQv7KS4T2m9KcNf54hXUXgLtdyWN7v6pVsBYWn is de-activating:  0.00401646
2026-02-21T15:00:39.357Z STAKES Stake account HorRMqoKvxjWmH8HEaHv5187Tj8RyH8k9rnBz4Wtc7Vx is de-activating:  0.449303197
2026-02-21T15:00:39.357Z STAKES Stake account EqLkqBLxyZvzP14DXdEg6m1UTCFoJDMXx6DF8jJP5exh is de-activating:  0.004014274
2026-02-21T15:00:39.357Z STAKES Stake account 549P6mGDTkxN4bL6y4FT3jrXm4yxskzv5K4sHnDiB8aN is de-activating:  0.020125171
2026-02-21T15:00:39.358Z STAKES Stake account BhKkn9Z9ceP8Q4kn98P5Nz4SaocHoq75CHZutABfjsZV is de-activating:  0.004012648
2026-02-21T15:00:39.358Z STAKES Stake account 4HzUmckAqErMMPfH1CBZeZVaRMg2SGrwB21vQy1EXLNe is de-activating:  1.103288562
2026-02-21T15:00:39.358Z STAKES Stake account GEqYAmDc8M4ESKf8yFU8qZ4TZgv3vi7tgV4FpvD7fUmS is de-activating:  0.00601923
2026-02-21T15:00:39.358Z STAKES Stake account 3hE2vgJ9Wah3hWQ3jQF1SAyR9RSRFp1YXRUe5uNZMYD5 is de-activating:  0.046434333
2026-02-21T15:00:39.358Z STAKES Stake account Bc3M1rHWRBEyLKf2ux2WD73Ce1KjbQVyE8BWaP54aRbx is de-activating:  0.004009412
2026-02-21T15:00:39.358Z STAKES Stake account 5JhqwTLzE6YS64o7F2ha9o6Wr9hJ2rFmiU7xoofrMxjs is de-activating:  0.005721969
2026-02-21T15:00:39.358Z STAKES Stake account BYVqjv1FFxYyehuMEPCENHzmtZiH4N5pH3jpxejcuehR is de-activating:  0.010074132
2026-02-21T15:00:39.358Z STAKES Stake account 9jaFdA6s8Bi4AVQXiWcD4xHc5M2TmZEcuDBCBTVJzhj9 is de-activating:  0.004005131
2026-02-21T15:00:39.359Z STAKES Stake account CEJXZ1PkV6EKTsHaoWHCNtjpeAxnbKB9Ls6LErKEZBTp is de-activating:  0.006030939
2026-02-21T15:00:39.359Z STAKES Stake account 3mGtzqaGBbCEmGFZUgHd94hRTYGB2hkNWKiCbqRJrRZb is de-activating:  0.003006855
2026-02-21T15:00:39.359Z STAKES Stake account 7eeyZRGscxyDycsDUHAnPmhkaGJNrCGon1nmZrhVdQAt is de-activating:  0.014000466
2026-02-21T15:00:39.359Z STAKES Stake account FA795s3eAwXqvsdnrQMFJN26PDBjJCPVanTd3WqYmjLm is de-activating:  0.004012107
2026-02-21T15:00:39.359Z STAKES Stake account HvQzSYFvvFjsFiSZhA3L4yUfNVLpUhVch2QV8TPj5Y47 is de-activating:  0.02492269
2026-02-21T15:00:39.359Z STAKES Stake account EVKNQDzGziSK1V8jn37AUKn3PbiEiQwQxKT3CakjoTrf is de-activating:  0.012016993
2026-02-21T15:00:39.359Z STAKES Stake account 9AWZLS3SU78dbcvLyMsuXDokqZi6TssFNq3gYagNPEbX is de-activating:  0.018116017
2026-02-21T15:00:39.359Z STAKES Stake account GKzzQb35uyJhtokmXi1VpMqmYFFMq6AoBGbVH7zm4Mqy is de-activating:  0.021108668
2026-02-21T15:00:39.359Z STAKES Stake account 2cyMoxnbLnwuxqyw9cfvn2xoyAXuSr8EbmWvWC3wr5wZ is de-activating:  0.018101169
2026-02-21T15:00:39.360Z STAKES Stake account EnEKyfqygyt8WRdKpU5r3FpCzUTApsvTt5DuWQmFCvok is de-activating:  0.006006494
2026-02-21T15:00:39.360Z STAKES Stake account 3J3B9a76aaDUsHcvmugD1NEmGqRo7kMC9NucXCdL1vQ9 is de-activating:  0.0040062
2026-02-21T15:00:39.360Z STAKES Stake account 9usviv3jbDhKAstgPkb7S8Z5QwyNmRjwbJFdaEH2fBxj is de-activating:  0.004017018
2026-02-21T15:00:39.360Z STAKES Stake account 5BLbay6zxAwfEpyy1gweVrXes2TAdG7pbR6PoCMGdYkH is de-activating:  0.012197497
2026-02-21T15:00:39.360Z STAKES Stake account Btz9cLsoS5v6mKwUxaSnLcLBeP87tbNi5jcARHADGcN4 is de-activating:  0.004014274
2026-02-21T15:00:39.360Z STAKES Stake account 43RwF6ANLNM3vg84MFTcD57KRES84i1XZjLjggLhEWh4 is de-activating:  0.022102093
2026-02-21T15:00:39.360Z STAKES Stake account 2HJsLscZpoPjzpBqDZRNnajmKJr4VWkWAtxgamRbuMrx is de-activating:  0.00401646
2026-02-21T15:00:39.360Z STAKES Stake account nYMXqdhLwGuzduwLjpiAVfjJmdJjNqU1xfDH7UdzMGy is de-activating:  84.342365526
2026-02-21T15:00:39.360Z STAKES Stake account GmB5qpb2CFLUHAE3iniEiz7xmZT4Mo5hh4xPNh67HHbh is de-activating:  0.010039941
2026-02-21T15:00:39.361Z STAKES Stake account 5b9xTGLvqbVEJKcKKMgzyqPJ6aCjmkfA94nzKZP7gF4m is de-activating:  0.003713573
2026-02-21T15:00:39.361Z STAKES Stake account BFHKXYYBejA1hL6HeDmj7CLvJmEkwLqFFucSro2iAxLZ is de-activating:  0.004011568
2026-02-21T15:00:39.361Z STAKES Stake account Bt44AwnwVzzyc82V2Zh2nGnboc5AVm64umxaDHEFm6rj is de-activating:  0.005325105
2026-02-21T15:00:39.361Z STAKES Stake account 9WDQQZaPKu6zndSTEmmtgPaa5Td8g2WMjJbftAbVxEbd is de-activating:  0.01509387
2026-02-21T15:00:39.361Z STAKES Stake account 3HxTqX91a3zRZUFEHNvcTbQGMUWHvN5yeUzmwP2ncLTM is de-activating:  0.011282803
2026-02-21T15:00:39.361Z STAKES Stake account 5bZy956hPgDpZjQSbSGAhdgUdxTqBwSMAjevvGXRkP9k is de-activating:  0.013032091
2026-02-21T15:00:39.361Z STAKES Stake account 8ToT3ygbFJ4N2uWaFiQAKjCPhdhLqNfiZX1Dj2yo86ja is de-activating:  0.004007266
2026-02-21T15:00:39.361Z STAKES Stake account 9btuof1guT37De6NKL8BBt8o4pP4Q35GpdR58Yy5EoR4 is de-activating:  0.042155058
2026-02-21T15:00:39.362Z STAKES Stake account 5UktzmnCfSnsvWYh8W5TB6kwfN1QxmHTAdcZ4icDJin is de-activating:  0.066490587
2026-02-21T15:00:39.362Z STAKES Stake account 2Ay1xUhQbrPJuWfHiFQKnWKts6X6Bi8zk44Pn8DmyWkV is de-activating:  0.016088294
2026-02-21T15:00:39.362Z STAKES Stake account HMWZqs4PUEZALrXAKU9nJo3eQrCt23EJgZ94EGGgA15G is de-activating:  0.007031817
2026-02-21T15:00:39.362Z STAKES Stake account HXuqRqjQNK4QZdCvingDRYK7P5s1jtDrtsSgJXteEaVZ is de-activating:  0.004007266
2026-02-21T15:00:39.362Z STAKES Stake account HZuRxkCYgVz2ZL2fkppppN3MXyWYU7hhmy6ZUxtmwEQj is de-activating:  0.17913138
2026-02-21T15:00:39.362Z STAKES Stake account FRMr3zivjeNhsKGgUbrXsa3wJJ8cjTaW7239SoGb94v8 is de-activating:  0.00401646
2026-02-21T15:00:39.362Z STAKES Stake account 7cQu76BKtwFDZqnN6UTNymkiNzgAkcFGEo8Gz4LaV6uL is de-activating:  0.006016902
2026-02-21T15:00:39.362Z STAKES Stake account 4AnH5EBNtiWKx3xGt1nLh4hv5HaFvHwWNwcP7UmDoEXp is de-activating:  0.008024223
2026-02-21T15:00:39.362Z STAKES Stake account 82veCmQ9qVqDYEHBBLr6WR4RGJj4BoHUjZs5c4ZdLq48 is de-activating:  0.021126354
2026-02-21T15:00:39.363Z STAKES Stake account B14mrSvM6au5Tmn1LSYcMt8n1mMf4rSMCuSTwek9YcZF is de-activating:  0.00603212
2026-02-21T15:00:39.363Z STAKES Stake account EiGKx3NcGVw1EYhDMmevpYHNQpBMcd1KUerVpF8KFLyU is de-activating:  0.004011568
2026-02-21T15:00:39.363Z STAKES Stake account HoxVJhxySW6z9rEdiNtUaxSANBsigoiBkzgSnGPeB87f is de-activating:  0.006036888
2026-02-21T15:00:39.363Z STAKES Stake account 6U2ixFWRaPEEUdtaeU9hFQNExiHinDqt7STsFKa4jXsq is de-activating:  0.035845977
2026-02-21T15:00:39.363Z STAKES Stake account DH42EzrRt9wkh1yV7PYUDWfDUi8N6ey61E9XQRux5wqb is de-activating:  0.01004966
2026-02-21T15:00:39.363Z STAKES Stake account 2JzWonaGoEDzoSDVXp6iPACTLwrrDWFBxnvTHSwaVcgF is de-activating:  0.080256925
2026-02-21T15:00:39.363Z STAKES Stake account 9roqsaESYY8VRsVCubnG9UdcJjEJ6KuijFmPKqd78u7R is de-activating:  0.010064276
2026-02-21T15:00:39.363Z STAKES Stake account 7Z3PTmyaGU1dSfi5bTXcKEHNMpDWWCbdnBTWx6Dq4x1S is de-activating:  0.018125954
2026-02-21T15:00:39.364Z STAKES Stake account E8s42fxmASEnh8Fzp1wLQWuUv9VVCKV1k9PxdiczbuF2 is de-activating:  0.01418348
2026-02-21T15:00:39.364Z STAKES Stake account 8eZ9cxEd2NsWzqBtU33b4diiaddqTDL8JBi9CRzZkfPZ is de-activating:  0.044268579
2026-02-21T15:00:39.364Z STAKES Stake account HHeJQBrd16pSRGpNKT3VS7MEwRqmSsGpqwV59CcoPQuK is de-activating:  0.050128265
2026-02-21T15:00:39.364Z STAKES Stake account FsL4sKLoKNtaTAPCGCAYgB5mLLwcNWca7feimFg9knZx is de-activating:  0.006012274
2026-02-21T15:00:39.364Z STAKES Stake account ATbwL9aD7CXbAEk7v1HRtpswt3PVEcMed5vDC8pAMGsM is de-activating:  0.020108487
2026-02-21T15:00:39.364Z STAKES Stake account EgE5Ky45GTkVfSc4kt85R5sKoUCJb4KenS3Wf4E7C81C is de-activating:  0.008031384
2026-02-21T15:00:39.364Z STAKES Stake account C5vLt2zVo1EEJ3LK4uTZQkWKGSL1PNYKSLaBwUaC76Bw is de-activating:  0.023120279
2026-02-21T15:00:39.364Z STAKES Stake account 5YMo8UT6Uy5fwaHLsE8L7n3ZdbHDF4ZK4oTTBtzPfkc2 is de-activating:  0.017131976
2026-02-21T15:00:39.364Z STAKES Stake account 5bg388tgccEqFrsbvtXis4zvJzNKLZPH48megsTPkVRo is de-activating:  0.040101383
2026-02-21T15:00:39.365Z STAKES Stake account Gbat8Uv9fnrMrL1bUWs4JY52KrSAaU1D9U8oAUjuzys2 is de-activating:  0.005019167
2026-02-21T15:00:39.365Z STAKES Stake account FdEa1UHmYui22UcWhvviR2PywccpXFSGqavbxwaZUWfs is de-activating:  0.014232027
2026-02-21T15:00:39.365Z STAKES Stake account B5rrNo5YPUxvjmCGCgnrq8MYxaAFSgd2dUAgsopUtd53 is de-activating:  0.006009979
2026-02-21T15:00:39.365Z STAKES Stake account DrsanSRRuNNoatySuaKw5r1yQwK5WzpsCpK3Lh5WVAgF is de-activating:  0.016088294
2026-02-21T15:00:39.365Z STAKES Stake account 5BrSvL5sCaQiKGxa6sQkjtCdo9dVQ9HThdvK3LSd1B7S is de-activating:  0.010027913
2026-02-21T15:00:39.365Z STAKES Stake account HsU4VRa7rgpTeWQaHPnNaEzNh22izdX9P6stWeyL5ZRv is de-activating:  0.008043984
2026-02-21T15:00:39.365Z STAKES Stake account CyAB2pxTELUEZoHC1eMYQGmfnwzyo4yKVwrvCHZhQg2F is de-activating:  0.104484614
2026-02-21T15:00:39.365Z STAKES Stake account EauPKKfMo6ycUE15goTse9P4D1MHEJ3ZqgxMVBDUjDmR is de-activating:  0.008139249
2026-02-21T15:00:39.366Z STAKES Stake account 5xVd7Fqhh9pgxuCToRNGc7y8wNgadUx19xy29hUfwXPp is de-activating:  0.006027414
2026-02-21T15:00:39.366Z STAKES Stake account 3rzK43tMeRBqfQgyzPMcdr8KCT4cXb79jQmJjvH9Qhhc is de-activating:  0.050397621
2026-02-21T15:00:39.366Z STAKES Stake account EtcEi7Xt16DV2MonCoDRrgC2jfacHo2WQbWtkSbUcfuP is de-activating:  0.012056401
2026-02-21T15:00:39.366Z STAKES Stake account 2ZN6TnEjbQ4J4BK7bifV2s2egm4ixN5gFmh6TQZvKdw7 is de-activating:  0.016066692
2026-02-21T15:00:39.366Z STAKES Stake account 9ysG99CDguW9PwV7rGukEozqLzmfmwL7hYBW7A7Vo9bU is de-activating:  38.90228288
2026-02-21T15:00:39.366Z STAKES Stake account 4CHEXApTg5v3U8NceRBjJcu9BGimnNaeou2fGpn9HYwa is de-activating:  0.021102809
2026-02-21T15:00:39.366Z STAKES Stake account BFPJYPpXbPySZKtX3EPppDeArfDNnYxQ3DFbyr38vqtX is de-activating:  0.00602859
2026-02-21T15:00:39.366Z STAKES Stake account F2CX24D7jJHpD7VcFQW78WbCfHVL87nv6BZrNMTrywWx is de-activating:  0.00805124
2026-02-21T15:00:39.366Z STAKES Stake account EeniEvrCnH9HhnqsGkVHLBgM7amjR2rm3BN946zPnE5f is de-activating:  0.010027913
2026-02-21T15:00:39.367Z STAKES Stake account JCaM9jJjz2vgySFXQmrE1H26BMrJ3PFNSJzBAyjuKAb4 is de-activating:  0.014035088
2026-02-21T15:00:39.367Z STAKES Stake account CJha2bwE3azA1tXfZ96ybHFAxcxrvUYxrfFSbHvUeN5f is de-activating:  0.100598486
2026-02-21T15:00:39.367Z STAKES Stake account Gw5wNevW3ParPcCTvUmEagUMfMneAwFwsdFryw6FoQbw is de-activating:  0.004009949
2026-02-21T15:00:39.367Z STAKES Stake account 6F7UPq25CpFty7CH6LXoY2icZETe6mgs7cvdE5h6SCAA is de-activating:  0.015057858
2026-02-21T15:00:39.367Z STAKES Stake account HZbcDnkNVqBVTS5nCGr1Wjm8rSudg6wwumwDpet5HVKp is de-activating:  0.010522078
2026-02-21T15:00:39.367Z STAKES Stake account 82hfAJ37dciEx3HSKE87AhqSiogDWZVLiDZfi94jE32h is de-activating:  0.005018315
2026-02-21T15:00:39.367Z STAKES Stake account 8CpHgKfXXoUuZcLZ1BZyvY8yo4tyBcWxyv66PhHb9SYP is de-activating:  0.032191312
2026-02-21T15:00:39.367Z STAKES Stake account 2aNcnUP7NEX43tKaEB4wKiyUpxhFojvr9GsaKQQcoFZQ is de-activating:  0.004013189
2026-02-21T15:00:39.367Z STAKES Stake account DY5eUCjNtQP5Zk1jFrUQV59USvtbMf1B4zYKD1oR1ATX is de-activating:  0.030266376
2026-02-21T15:00:39.367Z STAKES Stake account DfBxFZxEvKchLtVDs2kjGuSTBRBFrTjhmX5JAQLf13FH is de-activating:  0.035251887
2026-02-21T15:00:39.367Z STAKES Stake account 3XyaN4c9xiKCDyVdcsw5sH2ZnirTyMKZf9SdsQq9Qz9J is de-activating:  0.036313221
2026-02-21T15:00:39.367Z STAKES Stake account EtdJN29a8wsg1DgKQJvocUVJe85oTyNaqQz4hP7xYoyr is de-activating:  0.008015359
2026-02-21T15:00:39.367Z STAKES Stake account A29LWJEj8YnzmMwfHjcmkUHFYefXoNH9PNmD78vUc7cf is de-activating:  0.008013561
2026-02-21T15:00:39.367Z STAKES Stake account D2yECB6NpkrtoSrdqBF3DSWJTENmY2kCMSH6f8VB4Wq8 is de-activating:  0.006614257
2026-02-21T15:00:39.367Z STAKES Stake account 37mjHJS4FHqd88aFCdGmRLcSwvBVpDCUqU4GiyGDgdpX is de-activating:  0.005021744
2026-02-21T15:00:39.367Z STAKES Stake account 3BMEdoM3DYes7xhcJjohyfwBQMB1Bqjr7hZQftCJmAos is de-activating:  0.004017018
2026-02-21T15:00:39.367Z STAKES Stake account 7F2NDyvLeL7hFBARRYzAkRcWLxtpahkS2nR6MC8TgFm3 is de-activating:  0.205362054
2026-02-21T15:00:39.367Z STAKES Stake account 9uwgFTajE9AnQH9rDETrwANP55esSKBYubUBAXvdfux6 is de-activating:  0.00603569
2026-02-21T15:00:39.367Z STAKES Stake account BaYYFM1YEv8TQdZjR6JcJXGMfzerAbzcYyQLPd2XW4py is de-activating:  0.304368685
2026-02-21T15:00:39.368Z STAKES Stake account GDdALkUdkyEM3GBEjek54fE66hH8cWJD5LpuHRDH1dHQ is de-activating:  0.010018307
2026-02-21T15:00:39.368Z STAKES Stake account 7kxZ3cTcZ5t3iM3hcrHFsxY9afmombLSAuUGUy2B5Kbp is de-activating:  0.007025887
2026-02-21T15:00:39.368Z STAKES Stake account DXvgEZA85AbEwqwVwPMKqWyGSqLEfafonJYMj8nKbbky is de-activating:  0.014020489
2026-02-21T15:00:39.368Z STAKES Stake account 9hnRbgySxuYDekEtdpeBSM9CCafkjEnYywMTWrhz8Xeo is de-activating:  4.696747614
2026-02-21T15:00:39.368Z STAKES Stake account F71ToG91upx8pmEWphLtRgwrd6Ga9MjNPpQsrfE6UZ6f is de-activating:  0.004008871
2026-02-21T15:00:39.368Z STAKES Stake account 4dA34qFzz5wpsyRxBoAZwXJE1qHdsLAtAPSc4iBommXT is de-activating:  3.143380171
2026-02-21T15:00:39.368Z STAKES Stake account 34m1ZhWaARNhNcBQNapxjhVaLpaV5gJR4b8pNsrb1DTw is de-activating:  0.018125954
2026-02-21T15:00:39.368Z STAKES Stake account Csq43MqxWCzwh4A1wLszrUuaB68GwZgxpEEHd4tfg4SJ is de-activating:  0.070542815
2026-02-21T15:00:39.368Z STAKES Stake account G8VtXHCzQWxE63AX4eLswtoteSsQji82yTUyeyGHTmvb is de-activating:  0.023068476
2026-02-21T15:00:39.368Z STAKES Stake account 6vgb3tCjV8msnzkotj9h4PnRsteeqmb9LSzeHmNqoY57 is de-activating:  0.014310679
2026-02-21T15:00:39.368Z STAKES Stake account 42u15bYfrWex6ZNjerVvF6X8zBRSng3tNccjZwKH8Nmb is de-activating:  0.058553566
2026-02-21T15:00:39.368Z STAKES Stake account C7z6H7Wu4SaJ1JcAsT15znAqqGtuAT57jzQi5SvfhuYU is de-activating:  0.014105068
2026-02-21T15:00:39.368Z STAKES Stake account H43z8PBcJkhMe5CgNAGEYcvoAWrwNz4NeVUHzdFftoQC is de-activating:  1.103288563
2026-02-21T15:00:39.368Z STAKES Stake account CFNny3PuJdxeVAu2QZCKMjiZ2UPvHarLqeATz9LPgqxk is de-activating:  0.008043984
2026-02-21T15:00:39.368Z STAKES Stake account 6XPRas4cUUq6j3eJALWA3NJyCupYjsUMrkL1N3WQanpm is de-activating:  0.028101045
2026-02-21T15:00:39.368Z STAKES Stake account 4a2DimAz6Pg12e4GiPyvejrnMj44723WgX9HFNPrf3Mc is de-activating:  0.010039941
2026-02-21T15:00:39.368Z STAKES Stake account i21meaouaE4jUaUXAaCVGG1RSBD36tqRBpNodkwG92W is de-activating:  0.004013731
2026-02-21T15:00:39.368Z STAKES Stake account 2gc1oWdZ7rooRXdasBajXurQfi9XbTLjbdnUWLyLBSxr is de-activating:  0.004002996
2026-02-21T15:00:39.368Z STAKES Stake account TPeoHCkrnosk2D4aQkpsdWBqNCJoQ579FAeieC58zc9 is de-activating:  0.040350389
2026-02-21T15:00:39.368Z STAKES Stake account Hf2EoLLzmmwANpu3sjpaBhMASpryKj87pQ9rS3jt3Xwu is de-activating:  0.014056967
2026-02-21T15:00:39.368Z STAKES Stake account BPjTf78sBDgsDAeCTGUmYSGTbXcke8ELAQyCtVEAZxf1 is de-activating:  0.184657729
2026-02-21T15:00:39.368Z STAKES Stake account 7xezyuLb53jdZhVP2RXwTmqDxhzx917XFC3ZNZUm3ybo is de-activating:  0.003305244
2026-02-21T15:00:39.368Z STAKES Stake account APkvJRJ7QVD15R1jycwu5gATQ6N4k6EgaSQWF9afq6be is de-activating:  0.010074132
2026-02-21T15:00:39.368Z STAKES Stake account Fix26h4JNwfUi9ZnY8wb1kPiBLYGz4b4NE3FYatcdBcf is de-activating:  0.042156065
2026-02-21T15:00:39.368Z STAKES Stake account Hw1CdniyrZHF1rWnCiUmu3NpsGyuaWrwYsSoL32HMpw8 is de-activating:  0.009064521
2026-02-21T15:00:39.368Z STAKES Stake account 8hBQGnXNieVysQoatfLMWyC1TpHKhprJojMh8xiS5JkH is de-activating:  0.004016943
2026-02-21T15:00:39.368Z STAKES Stake account Ecuota7gdsPWBedsSi3yvGPJKsqRGpVEUR9caZR4itgZ is de-activating:  0.012029096
2026-02-21T15:00:39.368Z STAKES Stake account D4ZkHdirRpDGCEU9wHi1KffgyqPQRiqN46JbQJdXTRBJ is de-activating:  0.062160528
2026-02-21T15:00:39.368Z STAKES Stake account 2zLMLnF6iJYCVmazimYNHwmShm5jgUz1jboutxjQdn91 is de-activating:  0.004108812
2026-02-21T15:00:39.368Z STAKES Stake account HZFZUPjQb2wkkJjuxwdRugYedeCXECU8CE9WMf6oiHsy is de-activating:  0.005020886
2026-02-21T15:00:39.368Z STAKES Stake account 2gb52kihHqfz7kYqESRhUEyjWd5DHQh8GX3quq5cTRtW is de-activating:  0.004008871
2026-02-21T15:00:39.368Z STAKES Stake account Bxs1iRZfeuke6D2TLwfpYbauBhrhZKUUcwVTfLJFjxbs is de-activating:  0.004014274
2026-02-21T15:00:39.368Z STAKES Stake account 89vgk7YEijMz5jcwRwrDvc8uhA7tM9QdKfgSsFuk66i is de-activating:  0.018145987
2026-02-21T15:00:39.369Z STAKES Stake account 67DPjQtyBwNYDG5qnRmcXCQhtHqtwsnnxKKcLH5Nawyy is de-activating:  0.006027414
2026-02-21T15:00:39.369Z STAKES Stake account 2g4Z4rs4bWd39LQzM33asbZxTEx7riMMoSA9muymTeUM is de-activating:  0.026171336
2026-02-21T15:00:39.369Z STAKES Stake account ABDzmShqZuiopKdGn9eJe2sK9A4D55FeeF5KrakAoKnp is de-activating:  0.531241338
2026-02-21T15:00:39.369Z STAKES Stake account 8syfM351efDcqodUE5QvhCTPrQmjenv5e65E59ApiFYS is de-activating:  0.010056952
2026-02-21T15:00:39.369Z STAKES Stake account Fae64BE26w3KUDnSKpRCqCowWAFBFSjN9tTQ4C5nFrEM is de-activating:  0.052164353
2026-02-21T15:00:39.369Z STAKES Stake account BxGA76XD4tkKbhX8ZhN2LSCd1HZuLSh8K5dSvojxjKKg is de-activating:  0.007036289
2026-02-21T15:00:39.369Z STAKES Stake account GSruBCEXduXb8EcRW1NT5pVKyrgTWRsuwkW9wsvmgyia is de-activating:  0.005529844
2026-02-21T15:00:39.369Z STAKES Stake account F8v4K35V8i7TnPzpfgxmoJ5jZ23zcT9h2ZtDsbNnYdwA is de-activating:  0.004017018
2026-02-21T15:00:39.369Z STAKES Stake account 9txGXUgtnA8wgE8KtFjWxrsfJQ25YehZtgt1jjLALHxc is de-activating:  0.010064276
2026-02-21T15:00:39.369Z STAKES Stake account 5LyX812VodKXiPtifF7E7G3tVCDoAGfdcoxmg3HBJ9DV is de-activating:  0.004012648
2026-02-21T15:00:39.369Z STAKES Stake account 6oxAAjUPkTZRB5m3D5agcYKT86Cq6KXFLBTvikW2UVKX is de-activating:  0.00602624
2026-02-21T15:00:39.369Z STAKES Stake account nkRLXLBHHUguUYnjRkpAb37B8vdCpSzoDausaVFkSJR is de-activating:  0.053178071
2026-02-21T15:00:39.369Z STAKES Stake account GJ8RHcgKfDsx56ycgTa54gPXTh59shXyD33iHnfTqfS6 is de-activating:  0.084193982
2026-02-21T15:00:39.369Z STAKES Stake account EfAQf9B6pzMQoGUu6DUveZAi8MgrygBAhbKChLtGpJS4 is de-activating:  0.012016993
2026-02-21T15:00:39.369Z STAKES Stake account J8CgtPXfpNv3y7jJahZZPSWw3pBX37WzKx4i9s23SZpm is de-activating:  0.008017115
2026-02-21T15:00:39.369Z STAKES Stake account 5yrcc6Ri6GnK3CCWZ5EruabF76S61UMRJz6DpNZ6ytgT is de-activating:  0.016075336
2026-02-21T15:00:39.369Z STAKES Stake account DuNyHF28RGyCn9xjdhhDQDnYDHhMdCuPEPXPywu6QCqj is de-activating:  0.010039941
2026-02-21T15:00:39.369Z STAKES Stake account CXSWSwc69KuT7gW3NzNNJPw5SKVDpu6ZhnwemG3hNKk7 is de-activating:  0.064204025
2026-02-21T15:00:39.369Z STAKES Stake account HafCakgcJZsiLmMg3bSGu4yMrDabg2SWHFBczaYe3YBy is de-activating:  0.004012107
2026-02-21T15:00:39.369Z STAKES Stake account 6wdVpVo1rEGBUasAYBWjBHVjQF1sDjg1Ko6o9qxTtYiq is de-activating:  0.057335107
2026-02-21T15:00:39.369Z STAKES Stake account PjyPX2dRoTZYqnmo4cc1nyEDuSiCpg3DNP9Etw1xRAb is de-activating:  0.022077465
2026-02-21T15:00:39.369Z STAKES Stake account AWuqHfvWo6G75Q2aRxd536jKcX3yTsE9Gxj5rHuRSoyA is de-activating:  0.024093876
2026-02-21T15:00:39.369Z STAKES Stake account EfVJRekbxxwtofk7dP2oxLnah3q1AYSvizDjKDf5dYap is de-activating:  0.003003025
2026-02-21T15:00:39.369Z STAKES Stake account 3B7744xQYVxa4wTQXYCPrnPpyVGFsYP87bQABqFyVuYN is de-activating:  0.018081372
2026-02-21T15:00:39.369Z STAKES Stake account NSfRyDpp9s6t8457gvLop9TJ1ZuZZE4NGKDGA9engXB is de-activating:  0.006020401
2026-02-21T15:00:39.369Z STAKES Stake account BCqge5HtS3yzQFdvLMEa6nYjTVRfJpxn31BrMpgzRX2J is de-activating:  0.00401646
2026-02-21T15:00:39.369Z STAKES Stake account 4vyPqdmxjWkPjhBcPqKAL12WqVsSzgiV4sCgDsoicED3 is de-activating:  0.030117514
2026-02-21T15:00:39.369Z STAKES Stake account 9uoWJwnwe6VizCQTugHEcchbTQvZ5jbUeMfTJU1kZAB3 is de-activating:  0.011086562
2026-02-21T15:00:39.369Z STAKES Stake account 7frKtkjFQx5dGX25oR15cV3gPnTMpDhwXZ3XqP3eCqgM is de-activating:  0.016131804
2026-02-21T15:00:39.369Z STAKES Stake account AsW8GJwV66rDz24uu6uqLyUK2vkPapGamHobze9C63ta is de-activating:  0.004004604
2026-02-21T15:00:39.369Z STAKES Stake account AY6HqJiB12cUw7d5mK5TbCKrMcrYuNuaynmRFLV8EcoG is de-activating:  0.014049668
2026-02-21T15:00:39.369Z STAKES Stake account 5i4LKzNQ1wT9DnmkF7tnwQj3YRRJs6Sv8tJrzC1H7RMB is de-activating:  0.079421464
2026-02-21T15:00:39.369Z STAKES Stake account BZzNyFAcQMT9o6Pxt7vKWMK5LGn1wdxsAmSfnDKkvdyw is de-activating:  0.016075336
2026-02-21T15:00:39.369Z STAKES Stake account 7VQU9o3gFGwr3vkBHKkTCTwcekoXw8ZdjJ9aKrgXdKUY is de-activating:  0.03220063
2026-02-21T15:00:39.369Z STAKES Stake account G7Ct21kCJXJKLBBe2QPQ8FQB6ERmyKhD7wGF3jZREXXM is de-activating:  0.010071656
2026-02-21T15:00:39.369Z STAKES Stake account EtQXjXNvVtZbRzMwLXgcWPnQw83LyyCKfm1reXkaW1YR is de-activating:  0.055657962
2026-02-21T15:00:39.369Z STAKES Stake account 6wfv6GoYenVTXLi4YgFZKgrYrCumgqFQ5xmFkL8GddRK is de-activating:  0.272316148
2026-02-21T15:00:39.369Z STAKES Stake account 7BxTpLNRAvMa6MVN1wqk1s1VEFRd4goUustKcvtdjjoP is de-activating:  0.034254225
2026-02-21T15:00:39.369Z STAKES Stake account 2CVnkhHftx1aeYedyF4Av5JAmK8Mu2PLWDaJU1SrfVko is de-activating:  0.002300099
2026-02-21T15:00:39.369Z STAKES Stake account 8TCzNTbx6U7DX9UMoomy6gxWmR47YYE2GuV3Dg69x1aU is de-activating:  0.014105068
2026-02-21T15:00:39.369Z STAKES Stake account GHgvgYZ6jYZor3at2uoXD3EzNNEmrgGo1Cxa4EgkbNQg is de-activating:  0.173216468
2026-02-21T15:00:39.369Z STAKES Stake account 87RLSz13h9k6V7jv63oEZCe93jbqUUwWEe9m6aGpk44h is de-activating:  0.00805124
2026-02-21T15:00:39.369Z STAKES Stake account 9WvQYiUHtYmg6wRCUKAbfPVvLeSmia8nY2Sb8tTor1tV is de-activating:  0.075399492
2026-02-21T15:00:39.369Z STAKES Stake account FZ6xigYPRRrMSFwtjGrzhoVofHCtFLZmz28kKxY4EyAT is de-activating:  0.091824227
2026-02-21T15:00:39.369Z STAKES Stake account CoZ2Zxk5f94BDbEHDk35VKmA8r9nqW2J9613gsWeJxnF is de-activating:  0.004011031
2026-02-21T15:00:39.369Z STAKES Stake account 8ADLj1p3AXtjiamJKjfRPANPC6seVw6pkx7AcqpTEZw1 is de-activating:  0.003005262
2026-02-21T15:00:39.370Z STAKES Stake account 8ExsrZdhoz8Es4TsZQUy7eM8MnmWrKo69ns1bBnyP4CH is de-activating:  0.008036781
2026-02-21T15:00:39.370Z STAKES Stake account FzSMmQcyjcdaEEZp6h5qiXoGnn3RPHDKT9rt8QwQ5q1s is de-activating:  0.004017018
2026-02-21T15:00:39.370Z STAKES Stake account ERsPq5wMzX8ANmyttoQpDyRjuiT99seTf9hamsPcvn8Q is de-activating:  0.63188052
2026-02-21T15:00:39.370Z STAKES Stake account 2DZ7HgP8ZE1QVhUmtSMQaNcVqMkgkKyfWMcS9sDiKt8F is de-activating:  3.021431941
2026-02-21T15:00:39.370Z STAKES Stake account GJx3QDQTFQYEKKVUBYYMfCd3ihRKVNNZDBnF9UPA49Rk is de-activating:  0.042583637
2026-02-21T15:00:39.370Z STAKES Stake account 5CkNLCGRvAnJ5oKGgwGMwKoKDLgwUPWcTBSgwoLRLCM1 is de-activating:  0.04842471
2026-02-21T15:00:39.370Z STAKES Stake account B3G4cjSzTvK34uhvSGWa3mxRdkjAzv5mHcseQaSrKabF is de-activating:  0.021167862
2026-02-21T15:00:39.370Z STAKES Stake account HQs4AYHjq5yjSS7Q9GhHmqJr6Qx2ZsMkiWH6oUDkHjRt is de-activating:  0.017464085
2026-02-21T15:00:39.370Z STAKES Stake account 9dcW7BpZmeB8J1dXcQzLzed3Mf3ovCiof8gai8jVKFiN is de-activating:  0.004015366
2026-02-21T15:00:39.370Z STAKES Stake account 2TzCSfUhnYniAU253HwjZt9n2888U9iGbdin7fRtooXq is de-activating:  0.028085006
2026-02-21T15:00:39.370Z STAKES Stake account LEmikUkbjogieaFA1FGK2RPyKh8KxWMnd21hVwVMFra is de-activating:  0.040709944
2026-02-21T15:00:39.370Z STAKES Stake account CMCL32Qy5z1CwtzJ2yZQdYaEymw8rqdSD6UZfZjAMoPQ is de-activating:  0.009349556
2026-02-21T15:00:39.370Z STAKES Stake account GgiGFpgfZmZiQ22My1dkEnnUpmG4Rda9PoDSP6KpwJLj is de-activating:  0.058499775
2026-02-21T15:00:39.370Z STAKES Stake account FBkd1znwMhSnSNihnJGUK1RpWgojttEDQauYdHebvZQc is de-activating:  0.729190422
2026-02-21T15:00:39.370Z STAKES Stake account 31nyfA68QPBs5P9sHqqNgrAj6kuWs1HEoHfbuukvahgD is de-activating:  0.038140345
2026-02-21T15:00:39.370Z STAKES Stake account BGJcwduTgMpUXLQMhFuBcTZSaLpCqteq114XR57oLVbA is de-activating:  0.006020401
2026-02-21T15:00:39.370Z STAKES Stake account 4ajzumSjzwsCjQdmJ9FhyUWEiMW1fnGwMG9AZwcHCGUG is de-activating:  0.056311923
2026-02-21T15:00:39.370Z STAKES Stake account 4oE8PhvBfm9VN95rwnz7RNFpwCWEwNU3CyMB7KQ4cTeA is de-activating:  0.040230991
2026-02-21T15:00:39.370Z STAKES Stake account 46mVuDjmHKkXcBPjThWtbajTMcSXbpNTG17RaZCo2SNa is de-activating:  0.01006673
2026-02-21T15:00:39.370Z STAKES Stake account CmcEoWJuRAEVjwk9f1TjxG3PjNcP4NpDHxo3GhHrxqHi is de-activating:  0.00401646
2026-02-21T15:00:39.370Z STAKES Stake account Gp2o8wQHv8KBQnyfto3TYb9Pvysq9AJdjfXNeCcXrc6e is de-activating:  0.678601738
2026-02-21T15:00:39.370Z STAKES Stake account HQFmBMSeDGVYf93Kk6KjPXZApGYDjusk8A16nGch9j4a is de-activating:  0.00401646
2026-02-21T15:00:39.370Z STAKES Stake account 4eT6e2mbnqt7zU7oTwSLWH98eWrKZJ9gZDHfgSwAWkvt is de-activating:  0.035098001
2026-02-21T15:00:39.370Z STAKES Stake account 5HqDxN55WB12A5ikRab6Va2mqsEhncENWB44qDXLwKGb is de-activating:  0.015034176
2026-02-21T15:00:39.370Z STAKES Stake account HLnj8DiwtjNKUGx9XrVyTpwgiYqLyDapDxb37wWcPAwE is de-activating:  0.081731314
2026-02-21T15:00:39.370Z STAKES Stake account 6LbbLVQQm5XcC6BkYdbTXFdbgtTpVkbkDLZxs6gSxQPW is de-activating:  0.010076633
2026-02-21T15:00:39.370Z STAKES Stake account 9GEwivmaJAKN7XfWLq7ce3JEtyyxLC2M6FUTNewDkZML is de-activating:  0.01006673
2026-02-21T15:00:39.370Z STAKES Stake account 7d2TVPPxeE26MtsvUUBCm8szhKC476qEknURwKY9U6D is de-activating:  0.0050252
2026-02-21T15:00:39.371Z STAKES Stake account J4o4SoPVwAHBHHT7Xe5KnNzqbceKqQ9uPizhGKm7YqQ5 is de-activating:  0.014093894
2026-02-21T15:00:39.371Z STAKES Stake account EyQVCGiR5aLUtYWREYxEghDYG1cpMKcVUPXm3NCaLp3D is de-activating:  0.020097312
2026-02-21T15:00:39.371Z STAKES Stake account 4ppisFbjm5h7na1i1Hob7Hq5mTUWhNrt1ABu3tZP4ybB is de-activating:  8.525457707
2026-02-21T15:00:39.371Z STAKES Stake account EoY8rHeH8L2kpfMZHzyBQSXxQkGnRvTShzYV5X9Zgw1S is de-activating:  0.014060659
2026-02-21T15:00:39.371Z STAKES Stake account DwznwwgopP9MTcdnaRcXLUgiLmJLrDsHKvqsVYSTVKen is de-activating:  132.129193739
2026-02-21T15:00:39.371Z STAKES Stake account 5QWpbhSv7GEs71HorUAtrxT8CpCSd5CoVfJqqEz867r6 is de-activating:  0.054203218
2026-02-21T15:00:39.371Z STAKES Stake account 2uQK1kYq9kjxqix3NEMHeoTDbuZikGvh4bYpB4kesSy5 is de-activating:  0.098465519
2026-02-21T15:00:39.371Z STAKES Stake account ENct9jr5YmpQ9kT4X44g9GErzVMw8ugAEQqQFCNWga1z is de-activating:  0.015786358
2026-02-21T15:00:39.371Z STAKES Stake account 9Xa6XgofqkDZACpGDcQJP8xwVnCjA48L17Mh8HJyJf2G is de-activating:  0.008056761
2026-02-21T15:00:39.371Z STAKES Stake account D8JxvfWasqg8RcXGMB1SsHsrq2agBAiDZVJN7BXuTtnA is de-activating:  0.033911122
2026-02-21T15:00:39.371Z STAKES Stake account DPf4kPUR2zNkd8GmKi6u4WLsbioxJz37uxcB5ZBtwdJd is de-activating:  0.015057858
2026-02-21T15:00:39.371Z STAKES Stake account 6UVPzUammW586kHAeUfhsLB6ZPftzDmQWf7aSjfEXEPn is de-activating:  0.004011031
2026-02-21T15:00:39.371Z STAKES Stake account Fn9QnChoXtkXNHhyRL3bqmKAcmeyY9J8baqPMxhAtzF4 is de-activating:  0.05821894
2026-02-21T15:00:39.371Z STAKES Stake account 3aA2jQnqps9KWTYZSHZxJ85pBUMPLNzi8uWQ4QEEv1d6 is de-activating:  0.050142936
2026-02-21T15:00:39.371Z STAKES Stake account 3FkkDybFKKKdvwfutkxmy5xxLX3ozjHf3xLK4MMML7nM is de-activating:  2.005984806
2026-02-21T15:00:39.371Z STAKES Stake account CNddz5wNAe3wYECgHMegP2BCVskynT7rK1eapwEtTN7o is de-activating:  0.022189475
2026-02-21T15:00:39.371Z STAKES Stake account 5bkGQMSJ8xoXJSMUP37w6a5bjvNU53T5AG6cQwAYR2tX is de-activating:  0.003411047
2026-02-21T15:00:39.371Z STAKES Stake account Di6JNrJdmR1AuGtgB27fHb6udPKwNoPjFzSbRTYvGGzV is de-activating:  0.004017018
2026-02-21T15:00:39.371Z STAKES Stake account G7yEEb3q9w3nzUWf1AFU9LwjMBAusuG2rCMpQpfQVjY7 is de-activating:  0.00601923
2026-02-21T15:00:39.371Z STAKES Stake account 5Lnx1EpZ7MWA9wTv5nwm7Bh7dhSjfCh3G3rgU9hygqLF is de-activating:  0.013506814
2026-02-21T15:00:39.371Z STAKES Stake account JoJF8dWq7nic8cYAoWVUSUL97RkATWyEmsz2LtJhkYp is de-activating:  0.00603569
2026-02-21T15:00:39.371Z STAKES Stake account BVZzsZSPHKepcgzfo8DmMAPDwZFr9Aytmsk8BL9ZaYJm is de-activating:  0.00603212
2026-02-21T15:00:39.371Z STAKES Stake account C4iGxBiLCBZ3VnAYE5WEqnSHpWsrbj23BADVSrK5tuJK is de-activating:  0.014090187
2026-02-21T15:00:39.371Z STAKES Stake account 5cNkcZVWAYVkynfZU34Z5ngsfgVf8JZ6f3MJcUPhmeeG is de-activating:  0.058446614
2026-02-21T15:00:39.371Z STAKES Stake account 4yfrkAGEzHx8bg1843tnxBxaQEttjwKekNU9JypLZpsc is de-activating:  0.080135969
2026-02-21T15:00:39.371Z STAKES Stake account GrS3z5pQJ6MpA7xswWwcUXVcteG6bc99XVuiqkkC7Wyp is de-activating:  0.145403494
2026-02-21T15:00:39.371Z STAKES Stake account FRf4pYpH6EETswQ4PEU68TqursnynwqMy2BLmWaCxtw is de-activating:  0.060226797
2026-02-21T15:00:39.371Z STAKES Stake account 81L7mdAZxuHJvRjWcq9bMPwK1jrzETugsjzNEoGEzfX7 is de-activating:  0.004007266
2026-02-21T15:00:39.371Z STAKES Stake account EepVep1H3SUvnM5ce8xMHBsyGeFTM5rb1Sij7LsA71fP is de-activating:  0.28349114
2026-02-21T15:00:39.372Z STAKES Stake account EGDnP6D2A866brKf4Ho1xAmxvsW2jxherr9P4t2edXew is de-activating:  0.037082404
2026-02-21T15:00:39.372Z STAKES Stake account 5ubQRb9tQ23jp8vTgDYdbkfbCGo1iyMRoJvELRTh2VK1 is de-activating:  0.003318458
2026-02-21T15:00:39.372Z STAKES Stake account H4Vfbp2QjBj4n2oMctJJ7xdWQ2gKSAHo9pa2ccVEJ8kE is de-activating:  0.014024109
2026-02-21T15:00:39.372Z STAKES Stake account 4M9Zfz5pUGrecnf5FLPGBirPbVmFhib1HGqP4CkQ8aJq is de-activating:  0.006488955
2026-02-21T15:00:39.372Z STAKES Stake account BQ3CVgmSuQ41PeMPbeeY7WtKzyXoNHbUPELaypuMyZHG is de-activating:  0.004007266
2026-02-21T15:00:39.372Z STAKES Stake account CoE1q1Wc5NDYtuGoJWBHKWogLvjt7CLoB3RW2KB5TktB is de-activating:  0.00886051
2026-02-21T15:00:39.372Z STAKES Stake account 68hJno6UJecM7nQsMnEVjxDbiRF4Nqhooz8Rye1NQMU8 is de-activating:  0.061157838
2026-02-21T15:00:39.372Z STAKES Stake account 73EjYhSNZMLDL5wDRCaqnEYz686UvXcxCZortXHf3USC is de-activating:  0.012123294
2026-02-21T15:00:39.372Z STAKES Stake account A5mFbs4tkdWb1zAWJN2nLYRcfnziMJiU5Pfc5wPNG9GR is de-activating:  0.03811807
2026-02-21T15:00:39.372Z STAKES Stake account 9gNwyLxqiNk9W3qFT6qhMnxLpeVG39Uqh1ZJwGvqzEMn is de-activating:  0.020053063
2026-02-21T15:00:39.372Z STAKES Stake account BE5E9iRxMKtixfwnpnN4M7hmAoUJBCSEQSpRbSTUkAnU is de-activating:  0.012062534
2026-02-21T15:00:39.372Z STAKES Stake account EgavbJDvqqSxgQ6JU6iAcDWCmTg7iCgotHJzoM1TMJFU is de-activating:  0.008045787
2026-02-21T15:00:39.372Z STAKES Stake account G8zEfhsCeahUEukkvsUAnqQLzVE9cNCyyLJcfLccaHMg is de-activating:  0.00300258
2026-02-21T15:00:39.372Z STAKES Stake account HN56WU3A2rpsuAkrG6ULkJ9ctr61eCr36Ceox6QpsGBG is de-activating:  0.20053152
2026-02-21T15:00:39.372Z STAKES Stake account 4KVt6hLrpYaEcZEGoCCP5z8ir6n1Tk7J3vzynQoaFUZR is de-activating:  0.006929693
2026-02-21T15:00:39.372Z STAKES Stake account CYe1p9m2pfzkTZbk5JyASaMRwZPXo64udPvkheuShwCE is de-activating:  0.009642463
2026-02-21T15:00:39.372Z STAKES Stake account EjkRZ2aVNWbPnXn3fJnYJQDcbe4prgH27Yn7JmA4SWwT is de-activating:  0.104912429
2026-02-21T15:00:39.372Z STAKES Stake account 5Fgxpm3pQVtHS5c6jKNnkb6ZhZeAfeZqgXbHXXdmh7c7 is de-activating:  0.007019983
2026-02-21T15:00:39.372Z STAKES Stake account E9psvfV23ToAZyan6T8kVNZQCVHxGigyC9fAQwj3VeYb is de-activating:  0.015046014
2026-02-21T15:00:39.372Z STAKES Stake account 31Z58XAiKB4iPex4j2DHQRpXXUbfDHmqVUL2HJ8mfvHT is de-activating:  0.262534618
2026-02-21T15:00:39.372Z STAKES Stake account 4Lk5VzegFnhTatK9uDSp9DgHDEYbe7squw3g6beJsmCF is de-activating:  0.004011568
2026-02-21T15:00:39.372Z STAKES Stake account GpbMiCyVKAN6dE3yLuuPvgYNPsvdEPuZXAHHWT5dXYY1 is de-activating:  0.004013189
2026-02-21T15:00:39.372Z STAKES Stake account 8e8R22jcTJiDu4bKRjxSTf3rrsA8BRmnzZ2wRub8Ka9K is de-activating:  0.0070097
2026-02-21T15:00:39.372Z STAKES Stake account 5GtbYaZ33eGd76TjDypvKVqBk4nbtYJRsDDnrJ7nZqco is de-activating:  0.006022741
2026-02-21T15:00:39.372Z STAKES Stake account 9udb2sWvuygPbK3CgtXaMmh13UsCt44HopJhBpSpAabT is de-activating:  0.046336591
2026-02-21T15:00:39.372Z STAKES Stake account 9x5MWadizTJ2iawh9R6FTF8jZNQVy2LvWm1v4h8doW9a is de-activating:  0.008015359
2026-02-21T15:00:39.372Z STAKES Stake account zRC8Wwfa2YYanM4cLR44B5gjjgm6v76YtX2pkVQH6Tc is de-activating:  0.00401646
2026-02-21T15:00:39.372Z STAKES Stake account 2cixzATMMM74DGuXQyP4H2ikxc4DyNPeH4JHrrCokU4Z is de-activating:  0.016088294
2026-02-21T15:00:39.372Z STAKES Stake account ESthhCExTHhr5TA99c1yRjuXFuZeKxPo6NhzcT6Mcgmo is de-activating:  0.006029728
2026-02-21T15:00:39.372Z STAKES Stake account Hu8frZzX3bUVSWaq6CW9BnoNp8pednsfqtgRqoTUeS1W is de-activating:  0.012071714
2026-02-21T15:00:39.372Z STAKES Stake account 2DuxVPWvwEuG3NWGrXShv4f1hTQHXMk2JVaE34RpYnMi is de-activating:  0.012035153
2026-02-21T15:00:39.372Z STAKES Stake account B8HmpSEhcGqhMhELWmUwUkpjquDR6YTL43vCBFr6PYQs is de-activating:  0.080475987
2026-02-21T15:00:39.373Z STAKES Stake account Hf1B7cCwnMxzf3ndJgDs7SM61bsvVqfrWVkwbhW6HxHg is de-activating:  0.01003751
2026-02-21T15:00:39.373Z STAKES Stake account 28J2SzYZG6BuaZk8np3EuVKqXUKhXguwQsjSVrJnjrsH is de-activating:  0.012093358
2026-02-21T15:00:39.373Z STAKES Stake account CVSGs9e2fMv6HAt8eYzVjmU784nQffWssqeKZVYLwxzH is de-activating:  0.005005583
2026-02-21T15:00:39.373Z STAKES Stake account FppRTZ3rG9nHDZig78Q1N4B4gJQPPsqGa77MYDKCut4k is de-activating:  0.00401646
2026-02-21T15:00:39.373Z STAKES Stake account FtFQfworvhKfKJKNaCZQ3m4cXU6HXMLXztC24YLqhSj2 is de-activating:  0.008013561
2026-02-21T15:00:39.373Z STAKES Stake account 2Qf3CZW7fbXTkWFHewoXi7UDVMXdPE3459BLCsmtHsvf is de-activating:  0.006022741
2026-02-21T15:00:39.373Z STAKES Stake account DSJUV3S9LT6QrZ6BoypTnXrPH9CV1zYqWqHh8ZNdtxz is de-activating:  0.021286922
2026-02-21T15:00:39.373Z STAKES Stake account 4xHd3nQ4nA8au52fjXWALP5hvjrL1iuVEV1LRWwrpEFo is de-activating:  0.003004138
2026-02-21T15:00:39.373Z STAKES Stake account 3phtej2LY11cbqpj7Chbv33Y3BEFBnJ5fNGMWAkwGxD6 is de-activating:  0.009060219
2026-02-21T15:00:39.373Z STAKES Stake account 38V2EtUvf87NzGSTvJ6pKzf332CtfoG4nfeXCQWM2MK5 is de-activating:  0.09816746
2026-02-21T15:00:39.373Z STAKES Stake account DWigNmbQyrYdxw2twF8tsuxo5dVFX5jNFNNtiBVT6ktj is de-activating:  0.450330817
2026-02-21T15:00:39.373Z STAKES Stake account 6FNnwyoXXzNQ7VJaxQnyivrWV5CoyGRqqU7BXoBYSoSa is de-activating:  0.921605655
2026-02-21T15:00:39.373Z STAKES Stake account Gkv17EQfj9vKbTwKg9VQnFQ6KCuJjay8JZj11hSgWvN5 is de-activating:  0.002501433
2026-02-21T15:00:39.373Z STAKES Stake account 9YCSwUkYqZLm5CVP9qknajkE8Q1hVe9cG9xSCVMygZwF is de-activating:  0.004012648
2026-02-21T15:00:39.373Z STAKES Stake account GuVVKpKJ7tUhyjk8rBbAsj2wJhbhwNpN2eeBQMLDhqeL is de-activating:  0.050157739
2026-02-21T15:00:39.373Z STAKES Stake account A7w4r2j17DW3ktRJrMrsfdhWGiWYSUUGzdPBtszFUgt3 is de-activating:  0.00310319
2026-02-21T15:00:39.373Z STAKES Stake account 4iLT4wv9pNCk7Kg1z3iUu718XS7BgR2KsaDAdFiAAGNy is de-activating:  0.030257476
2026-02-21T15:00:39.373Z STAKES Stake account 6GSbzsdawZWJ5VmtvSH4YXWGKMPBdbGZacNjAKbypw9w is de-activating:  0.008047604
2026-02-21T15:00:39.373Z STAKES Stake account 7GysWuQFdVCQBow88eJxGkZ8aNRgxo6HdDHMJTXqjwxS is de-activating:  0.008042176
2026-02-21T15:00:39.373Z STAKES Stake account 5rQgtPj64g8njnLsL7vCeoiB8DNd9BKtmmnrVHG7JXpB is de-activating:  0.010076633
2026-02-21T15:00:39.373Z STAKES Stake account Ho7caHJppRNshW9gLv3RJQoX8NoKRJ73423Wk7sMZEAT is de-activating:  0.052477838
2026-02-21T15:00:39.373Z STAKES Stake account 31L6cx8iEBtuacdNGWTNnHi9jPqcGgGcG2pL44B8vVMi is de-activating:  0.004318702
2026-02-21T15:00:39.373Z STAKES Stake account 2Sodeb8UCaUXa8su7JRNwu87Dg4fiFJPCFSWYJRY1DRR is de-activating:  0.411929758
2026-02-21T15:00:39.373Z STAKES Stake account FrYnKG3DDdfh3qpKgdnFgCLw9CK24KVF9iL4dEjUyuNx is de-activating:  0.008839886
2026-02-21T15:00:39.373Z STAKES Stake account Em3MKcH1Xpdk1E56BkinB5KXbPyye57uCrjUY4NVnoVr is de-activating:  0.003285791
2026-02-21T15:00:39.373Z STAKES Stake account 81QpGGn6ZUmkxmredugQW84db62FgfZwpDxiB4EkGuUQ is de-activating:  0.012087126
2026-02-21T15:00:39.373Z STAKES Stake account Fir3N6tjPhUCzZghsX4jeCNV2izQET4fXbwbTKdfC4eE is de-activating:  0.089313868
2026-02-21T15:00:39.373Z STAKES Stake account BPXRrM1u22e6rkkMnZikjqsCVUmB7ZMFLFtRV6224LoF is de-activating:  0.018091245
2026-02-21T15:00:39.373Z STAKES Stake account 74CWdw2Ykuzoe8ht2Sr9JKoT3Zhbxxekyrg3EGev9hhF is de-activating:  0.014071737
2026-02-21T15:00:39.373Z STAKES Stake account H6HKRDppc4agStrmaHuKKDDWEJWQjzapLta6mqxpEQuz is de-activating:  0.021120486
2026-02-21T15:00:39.373Z STAKES Stake account AXfho3wDVGTfYYqmoBV2J7h6zpsohWM7aqGsixDwszWA is de-activating:  0.008009995
2026-02-21T15:00:39.374Z STAKES Stake account 4ihDdTMjCqf4WK92skTeyro4fr3kR1ddAahcLZBiafNX is de-activating:  0.008053076
2026-02-21T15:00:39.374Z STAKES Stake account 2ftCzouvqQi8YN1GyTskPNbE8VVG5XsoviUDNcSarkXZ is de-activating:  0.024065046
2026-02-21T15:00:39.374Z STAKES Stake account FAfiQFVb5g7esBHEku3miSf33SQMVuqNdZws2C2n7ugq is de-activating:  0.044186072
2026-02-21T15:00:39.374Z STAKES Stake account zVTkiFuHqQDqHMzeAUzzHsYRoZ1Mk9QhE4Jd9mrvfRB is de-activating:  0.026227924
2026-02-21T15:00:39.374Z STAKES Stake account E4UdbYsz94kbetZocei7VE1SyKMshuDyDnBbzQNDnYPv is de-activating:  0.111768275
2026-02-21T15:00:39.374Z STAKES Stake account 4aRHdXhjeVdjVBbrbt3FZUQcThBUqVUN4nciyam3KRXZ is de-activating:  0.506351467
2026-02-21T15:00:39.374Z STAKES Stake account 6x8jZ8b4FHr7gxbndME9bYyzWoh8vM2bTcFWBBd2qryq is de-activating:  0.01004966
2026-02-21T15:00:39.374Z STAKES Stake account 5ewF44KznWdmmieXhjL6HkxGnsgZEZNoUUvqUwXF9tio is de-activating:  0.010035103
2026-02-21T15:00:39.374Z STAKES Stake account GWC68cNbvqvxC5nVChReRwK2Ls4KsBfqzcwrgJP1mSbp is de-activating:  0.039035098
2026-02-21T15:00:39.374Z STAKES Stake account 6pe1ekTJLvtP4TJVD2GD8uYW4cwANE1bK3zvZXAjrytK is de-activating:  0.010020733
2026-02-21T15:00:39.374Z STAKES Stake account 9jaQbkDdKC9ti8PLiYhSZgMrMmpHGSaJZDJFYFX62nU7 is de-activating:  0.006236352
2026-02-21T15:00:39.374Z STAKES Stake account LUjAfKkkhQYPA7NdZx4fDk1hqxphon7thm4W2WofiP9 is de-activating:  0.061194108
2026-02-21T15:00:39.374Z STAKES Stake account 74Ct8xTkVoKLuLqXFoexTBur3ipEqRmx2aBprMdWt1sj is de-activating:  0.025089257
2026-02-21T15:00:39.374Z STAKES Stake account FfxXL2gmVuD8d6tenaknv4x2aLR8ydxL2Hy2ZDjYwthB is de-activating:  0.004007797
2026-02-21T15:00:39.374Z STAKES Stake account 5QDFzYpQBiW8Vc1jVYmvRaCniiEzCXvf5BfXLPGTcqy8 is de-activating:  0.068652922
2026-02-21T15:00:39.374Z STAKES Stake account 3EHNQo1ryvxYtixgiJukrqrfRCX36iBM99q5ydvrZmoB is de-activating:  0.020141992
2026-02-21T15:00:39.374Z STAKES Stake account 6BYrhumv9NZJU3Pz4YvW4tJYHDk7kKEpfTzsZYi553iY is de-activating:  0.020108487
2026-02-21T15:00:39.374Z STAKES Stake account 8dJHFEpwzQxVQbvKQhq5tfFjtk83d9MQ695hZDgbjs7e is de-activating:  0.10334115
2026-02-21T15:00:39.374Z STAKES Stake account 4CjngPV3VXK4tJffdfghfJZDKvSkfS7gvLSkNMrndwUx is de-activating:  25.866524329
2026-02-21T15:00:39.374Z STAKES Stake account 9SMLwwKUzWAv6epahzYD441osrDi9jzsbRjbTzMwAGS is de-activating:  0.019029242
2026-02-21T15:00:39.374Z STAKES Stake account GYTYxhmfkUbfQeqwGmX9R5dq6VshS9ETUmjKu1FbJzsj is de-activating:  0.338781062
2026-02-21T15:00:39.374Z STAKES Stake account 5zEBr1fvSVYHieG589eeM9Aa3sgmmsu8jUpJhihjrQsy is de-activating:  0.05360542
2026-02-21T15:00:39.374Z STAKES Stake account BJQL88xHUtr61m9kogTrF8yD5H6h5pHkRbBC9Ret49GD is de-activating:  0.004006732
2026-02-21T15:00:39.374Z STAKES Stake account GqwocKMDCQYFXvV5P7KwGJoyquyBxjiYHWcYM1L2RtgL is de-activating:  0.008024223
2026-02-21T15:00:39.374Z STAKES Stake account 9HyZPZuuEghXg6PoAPDjRdvrEM3vBmnnZA6scQGayg4s is de-activating:  0.003006855
2026-02-21T15:00:39.374Z STAKES Stake account Bpo6BAwpcnB4TQyJSqBtjAihiGK9kYat8GXy2tjdLgnC is de-activating:  1.103288562
2026-02-21T15:00:39.374Z STAKES Stake account 6VSWvYRaMuqZHH6iTx879TSpuPCRuvZxCSdxonomEYrP is de-activating:  0.111258079
2026-02-21T15:00:39.374Z STAKES Stake account 74S3bDj7hnzRc5jM5D2VagjqR4y355g4CjAxAAVZwv81 is de-activating:  0.058149775
2026-02-21T15:00:39.374Z STAKES Stake account 4jTfkwCboU7zz72wdYBk6j3JcdS4ph6zvt9J6SqHjLX6 is de-activating:  0.028085006
2026-02-21T15:00:39.374Z STAKES Stake account 9AjhquB1W3gmwyz54iPyzZqaZmaJWuN4vCuqAk8K1K6N is de-activating:  0.01006673
2026-02-21T15:00:39.375Z STAKES Stake account 9dKisN3wg16bcNqJDx6qncwxwLSoRDEy8S3FcGodmzBU is de-activating:  0.100783307
2026-02-21T15:00:39.375Z STAKES Stake account Csqp1jAn6uwcoVfrpDPneKXnRaC4xoQgwUKoteX6yziN is de-activating:  0.015114037
2026-02-21T15:00:39.375Z STAKES Stake account EooBQDtRX4QL5SxPbDwakaTjUHNYn9jVgwn1Ywj9x4sq is de-activating:  0.018037299
2026-02-21T15:00:39.375Z STAKES Stake account JB5NBGJtkk4wZEZ5i1GEUVg2hHgScqHXueiMEDxizGfG is de-activating:  0.003107803
2026-02-21T15:00:39.375Z STAKES Stake account 6WM1UKkADk5kz5sdWU5RT1BTfxWkcjVN2D755JTMTYhJ is de-activating:  0.005022609
2026-02-21T15:00:39.375Z STAKES Stake account EPSYvv7N2To1p4tvem4ucnxi3YoMRB8BzdfsunUBt8fy is de-activating:  0.006012274
2026-02-21T15:00:39.375Z STAKES Stake account CfXPoVy1CmPfQoWRggW4cwRXtbD3LdH5PW1NTz38hone is de-activating:  0.010245951
2026-02-21T15:00:39.375Z STAKES Stake account 5fSAVvMPquAK85aCJ2XFExUYojZWQ3QQJHPwcLoC8mzZ is de-activating:  0.035128555
2026-02-21T15:00:39.375Z STAKES Stake account FxQp1M6j8shtNLRvGvsMBKVeS72bVfmo3zaKYN2peQxi is de-activating:  0.00805124
2026-02-21T15:00:39.375Z STAKES Stake account 9uda5psfLCyNUDds6JfSJYHpWNJDtCFTyVHVmBhZ5eck is de-activating:  0.004706485
2026-02-21T15:00:39.375Z STAKES Stake account 211XvjVatM2HBoeTE8ankaFVG9G4QAGxVRXU6XsLoMFE is de-activating:  0.018091245
2026-02-21T15:00:39.375Z STAKES Stake account 5amPuRvC8Ay5NAXKSkc59cAbB7wtwpUd8eyN2ZC5F3zk is de-activating:  9340.475364596
2026-02-21T15:00:39.375Z STAKES Stake account Bt46gsU3sVj9Jp1TzaLjcCwPSNSrkACSznYXY9S5oZbB is de-activating:  0.010076633
2026-02-21T15:00:39.375Z STAKES Stake account 71KqFMM6xxuoukjVwwhX56X6Rdgu4nCpcUW31tiHBArZ is de-activating:  0.004008871
2026-02-21T15:00:39.375Z STAKES Stake account 82Vd7tT5iTBsdNR9WnCaKNzzbjFvVKqDPjXBahj9F8eG is de-activating:  0.017113289
2026-02-21T15:00:39.375Z STAKES Stake account FtYmsm1bkXqUgLoh5chXnHy7JZMscfocfasDoZGyjfv is de-activating:  0.047231568
2026-02-21T15:00:39.375Z STAKES Stake account AbU2b1wt6rQqAFQv6dmi54meXvfHKK4y85oyr1UP6n7C is de-activating:  0.134230448
2026-02-21T15:00:39.375Z STAKES Stake account Axxa1KdZG9Vd8mV1L4XfmNkuGntQaaWr3gNwGESmgY8g is de-activating:  0.007036289
2026-02-21T15:00:39.375Z STAKES Stake account Bs5gHh8WdK5qJZUt7BDg5co9rWWX8xfRu9tyhoiKKo9p is de-activating:  0.00601923
2026-02-21T15:00:39.375Z STAKES Stake account 8FhxuE7Q3s82BhvmMrSNq8neZgjJ1CE8yrNrxPzqsAnp is de-activating:  0.006713219
2026-02-21T15:00:39.375Z STAKES Stake account C2TkNsTxZkRHgqF2wpo7p6XDvqwAiQBKCRoYz6T4UKXk is de-activating:  0.003910882
2026-02-21T15:00:39.375Z STAKES Stake account ATECd9XaqsmHMiGvL4rfhHhkcv7AiZiTNwGa1qhRJAhb is de-activating:  0.004017018
2026-02-21T15:00:39.375Z STAKES Stake account 8E38KqJ1jJL6WppKY15pP7BRMn6iuZDaBrhNUfQXdRXU is de-activating:  0.022183148
2026-02-21T15:00:39.375Z STAKES Stake account 5hUAgadhCM7yzuoYxeMdabBtG8nHY5t65G1KgYa48taX is de-activating:  1.103288562
2026-02-21T15:00:39.375Z STAKES Stake account 55Jg4sgYFvWKbfy4qD3QFHmvrB5SoyTufNeZTvozZMFa is de-activating:  0.00328304
2026-02-21T15:00:39.375Z STAKES Stake account AbRhLdPSWf3xs55RY8cRgiiLhfcFn3FKwoShN1BWgMq3 is de-activating:  42.979523024
2026-02-21T15:00:39.375Z STAKES Found:  0  accounts that can be de-activated delinquent validator burnn86ebxJnhtk3cfpHoZxy5nUaC3K9U8VwzgqhEEt
2026-02-21T15:00:39.375Z FIND No deactivations possible for this validator
2026-02-21T15:00:39.484Z STAKES Found:  1  accounts for delinquent validator GdFaSCpPf9RqRjxkvXUCzLR62bEjmEPZMS9XRVFC3pDu
2026-02-21T15:00:39.484Z STAKES Stake account A78LZLvvb6WXoCDWsdHeVhDM58FuhpVeSAdBAkpdJsrh is activated:  2.000000002
2026-02-21T15:00:39.484Z STAKES Found:  1  accounts that can be de-activated delinquent validator GdFaSCpPf9RqRjxkvXUCzLR62bEjmEPZMS9XRVFC3pDu
2026-02-21T15:00:39.549Z DEACTIVATE Blockhash: F33EU5zzhmBKLm1ncaG8jpjSTMrtsa3YmW5QU47h5sLW
2026-02-21T15:00:39.604Z DEACTIVATE Sent tx: 54Db3wSZKrqhus8nv9scwsqgKehP4nXTdxeHuNx3g1gxBhWokwxmQt22jkGabgdEjfuuqV6Fz9A79PDhtKXDtr8U https://explorer.solana.com/tx/54Db3wSZKrqhus8nv9scwsqgKehP4nXTdxeHuNx3g1gxBhWokwxmQt22jkGabgdEjfuuqV6Fz9A79PDhtKXDtr8U
2026-02-21T15:00:39.708Z DEACTIVATE Waiting for confirmations...
2026-02-21T15:00:52.415Z DEACTIVATE Confirmed.
2026-02-21T15:00:52.416Z FIND Deactivated stake accounts with total balance:
2026-02-21T15:00:52.577Z STAKES Found:  1  accounts for delinquent validator 2W1ewFhRurvBS2MYrTfjPAtKNvUyEK4tUsuzKSqeAR4J
2026-02-21T15:00:52.578Z STAKES Stake account Bz1fB5kTmw14KtYdAvY9TdRG6Jf5BVtkKcvVgQsuK5Qj is activated:  2
2026-02-21T15:00:52.578Z STAKES Found:  1  accounts that can be de-activated delinquent validator 2W1ewFhRurvBS2MYrTfjPAtKNvUyEK4tUsuzKSqeAR4J
2026-02-21T15:00:52.644Z DEACTIVATE Blockhash: EcXwyhG17xgYyC61fmyEdLx7YR2snqVC1sJ7xpRZ71Ni
2026-02-21T15:00:52.698Z DEACTIVATE Sent tx: 5u4EzCaumsN3MNAkZQt7ZpycD6wJGvQXgWY48hNKXszbTQ83jrTWrAZRVRpbzbCzAy3qxKzWeeYABD7Q5PeZMXEZ https://explorer.solana.com/tx/5u4EzCaumsN3MNAkZQt7ZpycD6wJGvQXgWY48hNKXszbTQ83jrTWrAZRVRpbzbCzAy3qxKzWeeYABD7Q5PeZMXEZ
2026-02-21T15:00:52.799Z DEACTIVATE Waiting for confirmations...
2026-02-21T15:01:04.986Z DEACTIVATE Confirmed.
2026-02-21T15:01:04.986Z FIND Deactivated stake accounts with total balance:
2026-02-21T15:01:05.152Z STAKES Found:  1  accounts for delinquent validator 8qJq9XpQ31iNq3zjL4QzNtiJURDnGjq8BWFqAYCTk3vm
2026-02-21T15:01:05.152Z STAKES Stake account BiddGz247GEDWyLt4XVvA4QMjwBKziBqgSVzgKrCJAH1 is activated:  1.200000014
2026-02-21T15:01:05.152Z STAKES Found:  1  accounts that can be de-activated delinquent validator 8qJq9XpQ31iNq3zjL4QzNtiJURDnGjq8BWFqAYCTk3vm
2026-02-21T15:01:05.201Z DEACTIVATE Blockhash: A7jQFmqtnpGt5DT8k1DGZzbahSznJ4xcnRcMmDbEm1TP
2026-02-21T15:01:05.252Z DEACTIVATE Sent tx: 5MFZj1v6e18hSdRhekapwz5Z6fDSFxFrBaaTwVJGq3oNoRPWf8W91b5HTDrdQKKkzi7jAa4Neop3gof6e9sDTjMC https://explorer.solana.com/tx/5MFZj1v6e18hSdRhekapwz5Z6fDSFxFrBaaTwVJGq3oNoRPWf8W91b5HTDrdQKKkzi7jAa4Neop3gof6e9sDTjMC
2026-02-21T15:01:05.352Z DEACTIVATE Waiting for confirmations...
2026-02-21T15:01:18.442Z DEACTIVATE Confirmed.
2026-02-21T15:01:18.442Z FIND Deactivated stake accounts with total balance:
2026-02-21T15:01:18.442Z FIND Total de-activated: 5.200000016
