2026-05-27T14:12:31.770Z FIND Found epoch range to explore:  974 978
2026-05-27T14:12:31.772Z FIND Found delinquent validators [
  'ASifxiwxht8FvsiV3VcLngsCBMw4E6zw3QMWoJTbM4Uf',
  'BARLL1NvF3jPHQ3zb82q1v5m6uewcpkgRBYVNufQMWjo',
  'ELE2xaC6i6pmeu7bfrYjBv4whBeTAbgwcg5hf2ythiBs'
]
2026-05-27T14:12:31.773Z FIND Found reference validator he1iusunGwqrNtafDtLdhsUQDFvo13z9sUa36PauBtk
2026-05-27T14:12:31.894Z STAKES Found:  6  accounts for delinquent validator ASifxiwxht8FvsiV3VcLngsCBMw4E6zw3QMWoJTbM4Uf
2026-05-27T14:12:31.895Z STAKES Stake account HJS4JQt9Ha2dkVtaR1SFH3F8CxgEPkg56HbsLyKKCQof is activated:  0.003396465
2026-05-27T14:12:31.895Z STAKES Stake account 6HGko6BDritUHR296M9rCe17m2ktgR3reqQVDaTh6oS1 is activated:  0.006530548
2026-05-27T14:12:31.895Z STAKES Stake account G7L4KV25WBSEd96wiLCXyRh2zhv7sij3SwCs3pympSvM is activated:  55934.417581654
2026-05-27T14:12:31.895Z STAKES Stake account BHKwvBWet8viDyxi9RQxHnGbE3Fumm44E7dKDVnYEcLv is activated:  0.003358324
2026-05-27T14:12:31.896Z STAKES Stake account HhHpFBFAfJVXVsCS1V9t5cXup8Kta36oevFhjpgcyYJb is activated:  0.003398607
2026-05-27T14:12:31.896Z STAKES Stake account GHcXGerW1YEUUNsBy4QT85ah5EKEj9utRTzBav5RUsov is de-activating:  0.003397337
2026-05-27T14:12:31.896Z STAKES Found:  5  accounts that can be de-activated delinquent validator ASifxiwxht8FvsiV3VcLngsCBMw4E6zw3QMWoJTbM4Uf
2026-05-27T14:12:31.912Z DEACTIVATE Blockhash: A8jy4f8pK65reC5GC27S44WhXjYbqDSjBAmNF9diNS9e
2026-05-27T14:12:31.933Z DEACTIVATE Sent tx: 5sU5KycyCn2ho7HrLrHKE5FZrfJitRS5dMyfq7J9T4GZLpj1MPGQ6ceNpcwSozMwJYZtcSeW3w5nnVA6X7jzVRgU https://explorer.solana.com/tx/5sU5KycyCn2ho7HrLrHKE5FZrfJitRS5dMyfq7J9T4GZLpj1MPGQ6ceNpcwSozMwJYZtcSeW3w5nnVA6X7jzVRgU
2026-05-27T14:12:32.038Z DEACTIVATE Waiting for confirmations...
2026-05-27T14:12:45.063Z DEACTIVATE Confirmed.
2026-05-27T14:12:45.063Z FIND Deactivated stake accounts with total balance:
2026-05-27T14:12:45.180Z STAKES Found:  89  accounts for delinquent validator BARLL1NvF3jPHQ3zb82q1v5m6uewcpkgRBYVNufQMWjo
2026-05-27T14:12:45.180Z STAKES Stake account EG2q1zPppvjQogesspd1hGQBEH5eZjwM3SFJuZZ6gRSt is de-activated:  0.943013117
2026-05-27T14:12:45.180Z STAKES Stake account EMS7aLSUXzP4dYsPYEF19w8TYQzu2p22U4yAg9gac2D8 is de-activated:  0.449896565
2026-05-27T14:12:45.181Z STAKES Stake account FvRFqkm7Xz9mQEyRK3rs2zUc8cL4KwPgHufTXEzsdsxt is de-activated:  0.100761414
2026-05-27T14:12:45.181Z STAKES Stake account Hwc8bUGp7PvWvip7wSpRGKKSLEHRSq7MRZyz6uJ9nqG8 is de-activated:  0.100902567
2026-05-27T14:12:45.181Z STAKES Stake account FWzfLayezbA9kZjzRvRjfBV8k7Nnz7xZzbw7ycNgw1TM is de-activated:  0.210691748
2026-05-27T14:12:45.181Z STAKES Stake account A9vnwx8Nhj95bRpQE2f5wPW75EGUCpcfjmXjzfYnpTHm is de-activated:  0.80753925
2026-05-27T14:12:45.181Z STAKES Stake account CUfDpjjEakYcRt12Nbiub2kD2BKfmRRVM3GwaWzcsnry is de-activated:  0.050448673
2026-05-27T14:12:45.181Z STAKES Stake account 5i4GdHNty5eB88k1hm4XzZxjBKMo9N751PhyYNPyRPma is de-activated:  0.103762342
2026-05-27T14:12:45.181Z STAKES Stake account CmGTfmxSFhXJnubdHikZNk5D6xW7AYx5Za5hpbSmQFa5 is de-activated:  0.113495879
2026-05-27T14:12:45.181Z STAKES Stake account FNnK4QCYCqbz36V8jouj4ij85zVkcd37TXRy28sHLhCw is de-activated:  33.315443865
2026-05-27T14:12:45.181Z STAKES Stake account 7dCQ6CirjVGQoC8Y1dRPvd1fBs2kYh16JQUNG2x4CSxH is de-activated:  0.492482536
2026-05-27T14:12:45.181Z STAKES Stake account Fw7xoGoWjY63yt3TFdwmMhdzDBdrZgHw4egfGgnEWs5o is de-activated:  0.513005132
2026-05-27T14:12:45.181Z STAKES Stake account FCFHbAaV3zMHQMgLambKTxfv7YWuTJx6bRij4y4kRNdp is activated:  0.00228289
2026-05-27T14:12:45.181Z STAKES Stake account DzMAC8UtBrQRvjxLjr2ZygDKViQyMQw4fewjisxv3U6Y is activated:  0.00228289
2026-05-27T14:12:45.181Z STAKES Stake account Ap6oihLBVcmKiAvfRtaunxNbJJg49G78gX7eBmR4jekE is activated:  0.00228289
2026-05-27T14:12:45.181Z STAKES Stake account C9qq3iQkMVb1FwgSCj24wPMDUmSGZSXQ6tuQY9JMFenH is activated:  0.00228289
2026-05-27T14:12:45.181Z STAKES Stake account 8FPqydoHarnuZ73bjHvES3KxvAYyxErB4zuUUBAULUMB is activated:  0.003374546
2026-05-27T14:12:45.181Z STAKES Stake account HPKj1BY2yE2Xm3qrmrL6TMxBEpCP5eKTEHdgZTiMDNfQ is activated:  0.003374546
2026-05-27T14:12:45.181Z STAKES Stake account Fj61yLXiFCRf2h8JaQvgC5juzm41ica2mN19RDpupDvh is activated:  117.390489192
2026-05-27T14:12:45.181Z STAKES Stake account HhwQ6CRFKaQCnA5AX14P1QiAeGiFfiUmKAqtwKHybSJ4 is activated:  0.235337015
2026-05-27T14:12:45.181Z STAKES Stake account FFqc6hMBEKZ7WN4vmZE68k1nWDKFbYmjQmzXFEVEwZkD is activated:  0.003388729
2026-05-27T14:12:45.181Z STAKES Stake account 6o6YMBf5rVHPQsr8wTrM4pK7iAma21vEgnquTPqHX8jF is activated:  0.112559041
2026-05-27T14:12:45.181Z STAKES Stake account 26LTG7EH4y6HNqEjtr4nx67WnTvBVzdTGby2GaG76bwr is activated:  0.872053295
2026-05-27T14:12:45.181Z STAKES Stake account FVHJmDa3BGEBCfCd7xLkDmX9dtLc8K7sFDZbdh65BVaB is activated:  2.099102032
2026-05-27T14:12:45.181Z STAKES Stake account GAaDxZ6nhnU7CKv3di287a6PGfh4WuXK7u1GeRWSrrMd is activated:  0.071013563
2026-05-27T14:12:45.181Z STAKES Stake account 8aWBwrqx8e4C6pXKbP3p5moq7yebbparJEnVbQfMYetF is activated:  0.003374546
2026-05-27T14:12:45.181Z STAKES Stake account 8KJJhSZ9zecqLrsWKYYxCC3xhAaxaKKZxNRhh71qkqCp is activated:  61.394815944
2026-05-27T14:12:45.181Z STAKES Stake account AA5D78Hr6Wt1j4MQn49E6cF4SuNrySpA5eJgzYeahdUt is activated:  0.003388729
2026-05-27T14:12:45.181Z STAKES Stake account A46SRu4zYT75wRHxH6uSjm9cdqvrxvk1KAAFh5GFM1DH is activated:  0.003374546
2026-05-27T14:12:45.182Z STAKES Stake account wU98Q4LuF9N9nq6vL8HA2qBvdn648r9im5hWWfBKkhr is activated:  119.479479585
2026-05-27T14:12:45.182Z STAKES Stake account 3YfXaihkQ86jRhwC53aAgRgKPtSFQrScE3dK4ycZfF5S is activated:  0.003444356
2026-05-27T14:12:45.182Z STAKES Stake account 2qiU3b6wXrMSYCk7aJ7xu7zaRFrSsy9Go13pdk4YP5k1 is activated:  0.003374546
2026-05-27T14:12:45.182Z STAKES Stake account DZB3h7mKBNere2oXwkHvh1cpSy8kNdhKoRkv9zjBQZVV is activated:  0.051362764
2026-05-27T14:12:45.182Z STAKES Stake account Bgn4FmfSDQdgWB4uTmmeajXvBtBWee8Av3DaYuY9qFLr is activated:  22.9048024
2026-05-27T14:12:45.182Z STAKES Stake account 3kL5DySjszbhtAabdurvpSKGNjxgSJab89NgeujDP7HD is activated:  24.474221232
2026-05-27T14:12:45.182Z STAKES Stake account GWjBRxsn5rcHPYmmTcfXv7GzS3MKGs5XKivaFGx4nLAR is activated:  40.019119265
2026-05-27T14:12:45.182Z STAKES Stake account 8Z8rxnsf5s6nzAzN8oxYvbzHVRb9nknKktbCMJevR7iR is activated:  0.025164787
2026-05-27T14:12:45.182Z STAKES Stake account Cjz9tE6ibDx3nbBCa52qob1m9yowtoRU1SZkMbQz78J is activated:  0.003374546
2026-05-27T14:12:45.182Z STAKES Stake account 3xoFWmiEiGdAqAdPHWQmcznRTt8PkH2ZdeJSFXMrS4mK is activated:  4.677548693
2026-05-27T14:12:45.182Z STAKES Stake account CpNFJnCNSXMX7cq5vAB21m3CnjpNCbHNzopfBLtqoYjJ is activated:  48.050362935
2026-05-27T14:12:45.182Z STAKES Stake account EUpEzkeSQm2VFwzFs5YhdGUfaDVTpitNpLz1NT9Wj6F6 is activated:  21.101588917
2026-05-27T14:12:45.182Z STAKES Stake account 6ryXf6qiUoDTbhC98uz7xygzjrMux3CuaoR1Z55RCMFJ is activated:  5.810650884
2026-05-27T14:12:45.182Z STAKES Stake account Ayu8hyWHNPT2u76YKMURcAiBg8CMM8ABC3Lk17qX6Ztw is activated:  0.005225709
2026-05-27T14:12:45.182Z STAKES Stake account C6dHPgKu3ZmobmYWLHCcN8XzCVd7FWkpqFimizXkERoG is activated:  1.04292947
2026-05-27T14:12:45.182Z STAKES Stake account 2meLKnU4ajh99tziCMawiKcA9YfW4skQFmuUneH4QQ23 is activated:  0.010984099
2026-05-27T14:12:45.182Z STAKES Stake account ByDxfdtyweet2s1JSF5yBPLaWnvw77hN31i4uNuM4o8D is activated:  0.025629314
2026-05-27T14:12:45.182Z STAKES Stake account 8vp3pyEFVMBL6C11CkwUHjcwBfMKeEXQwAP6KaMdsR5m is activated:  0.085391563
2026-05-27T14:12:45.182Z STAKES Stake account 3bef4pzzkQw1XrKgVTNA55o5ZfUfVLCYKjWmEv8UjCaN is activated:  42.09491038
2026-05-27T14:12:45.182Z STAKES Stake account 8Xqa8MYTtg762yewXpdH32DmnShSucNnNvTu8YfS7867 is activated:  0.065342246
2026-05-27T14:12:45.182Z STAKES Stake account H2wkfWGYMFuYVtheB9t3ZWFyWXXKdBQCNjzvr5vR7Jra is activated:  0.003374546
2026-05-27T14:12:45.182Z STAKES Stake account 7aHj1BihJwFApLrXoKhnNBxUk5bu4SjHmbnkg1pDCHW2 is activated:  1.22520958
2026-05-27T14:12:45.182Z STAKES Stake account 8FoqwPUs2PGmQ4EqYLM41yBYS75jDpTrKSWDypErWjnu is activated:  0.003388729
2026-05-27T14:12:45.182Z STAKES Stake account JAye2eyFt7AoX4z5GRrgth9QqGyWw42Eq4bgmrzxXAAg is activated:  0.003388729
2026-05-27T14:12:45.182Z STAKES Stake account GCFxEW49SmT4q8PVTyS1NuGHwSqKpEgKQQBafmTe4m24 is activated:  0.003374546
2026-05-27T14:12:45.182Z STAKES Stake account JDtX8bqM6dzrExN3XwWg988kvJGmR3GxUL7jCRvUtqey is activated:  114.36517349
2026-05-27T14:12:45.182Z STAKES Stake account Eeu8mXEm9juCKSbDUr5PaCJUm3zRB9wWLjyyZtx6VvvZ is activated:  0.011796055
2026-05-27T14:12:45.182Z STAKES Stake account 2w4s7HB4Cz4McctSCYZ4efvn63FohZZnWfSbQ6phqd7f is activated:  19.83658237
2026-05-27T14:12:45.182Z STAKES Stake account 2664Vw94bshBA3f8PrzT4wLGUES8B79pt9EiwVCPcak7 is activated:  4.705973314
2026-05-27T14:12:45.182Z STAKES Stake account 23xf9W8TKF6AczadCNC8nWKipM82wqAWHaCiqbb7T38f is activated:  0.11255904
2026-05-27T14:12:45.182Z STAKES Stake account SU4PbtYfFv3gQRNr7Gw6GLTnsNjHB1pfF9JKyoN2yvc is activated:  0.003443869
2026-05-27T14:12:45.182Z STAKES Stake account Fr82HJSVPGmpSmNJVT7AVYyXw5ftnUNieL1JxV2Ahpq7 is activated:  0.012537747
2026-05-27T14:12:45.182Z STAKES Stake account 3Y7cP8pYnAbVVoKexkRv6kbAfeJYaLPfoFQh9onu3YjW is activated:  30.65610908
2026-05-27T14:12:45.183Z STAKES Stake account yVwRsJAP8Z74ECMTktkst96cMf7MbuDEF2sso3JvyZt is activated:  11.530645477
2026-05-27T14:12:45.183Z STAKES Stake account 6jHemwewiCKn2ni24NfgzcFQQXRVnFNArjq2MGELhuMb is activated:  0.003374546
2026-05-27T14:12:45.183Z STAKES Stake account 2BomtzD2ux1qC9JVRkU23RahKLfd5gwe17zzkSw9vQ8Y is activated:  161.473109354
2026-05-27T14:12:45.183Z STAKES Stake account Ax8AKtucW9V3sb128sYnmJbuuKD17x1uZqEVieT9EEN2 is activated:  9.844724396
2026-05-27T14:12:45.183Z STAKES Stake account 22toR8wTDtPFo2VeYvMNrSVqFHwqfY42dBinX6t4raUb is activated:  0.003374546
2026-05-27T14:12:45.183Z STAKES Stake account AJtYzMuvviAML8PxMtv49MMyRGVoHERr8yn9XkADzJL2 is activated:  0.003416007
2026-05-27T14:12:45.183Z STAKES Stake account 8pXnyGPnVZsfgMQ4TUFBAqHgA6KY1H2yACyUJfJJ9iQc is activated:  1.769143634
2026-05-27T14:12:45.183Z STAKES Stake account 9eSUkzfaF9Gx99Nh4Ty6QoP8mfjNyQ9Zw6K6uaVUmgJ2 is activated:  68.617076814
2026-05-27T14:12:45.183Z STAKES Stake account 2he44CLUTzmG3u5qHBXgbJS7FfVn5Kqg5eFyAHy1nZW8 is activated:  72.017725513
2026-05-27T14:12:45.183Z STAKES Stake account 8dsHqucjCTVT52faAZXebJocJtqQ9yE7npWfPJGCyoLB is activated:  0.003374546
2026-05-27T14:12:45.183Z STAKES Stake account C8kXChJiu9ntdmA6MPAapT8W8qiDhafFe2vNvjy1tLNt is activated:  11.501434972
2026-05-27T14:12:45.183Z STAKES Stake account Dxj9imMDexgvZGhj7Y6dCgVPhgMpHKLNuxcoZGxeP2AD is activated:  1205.12119907
2026-05-27T14:12:45.183Z STAKES Stake account 6P7pCXL381XeJqrSyiRuRK7JvKUBuxPjNVqM7b3mx2sA is activated:  0.012537747
2026-05-27T14:12:45.183Z STAKES Stake account 74LGg7167ihbtRyp553WhBetuv3341qAR4nt1aDpsJVS is activated:  0.006555894
2026-05-27T14:12:45.183Z STAKES Stake account FZAoZpLTXSVTuuBuJgCoLhuK9ZaXt4XjKf29Ux5mgVi is activated:  0.003388729
2026-05-27T14:12:45.183Z STAKES Stake account DFEw1Sw4ot1b5ZPcteqdeQjhMoWRhsZ79Lto4KaRnjUb is activated:  0.003388729
2026-05-27T14:12:45.183Z STAKES Stake account 2VbMnhKFrNSxuWpEFwKaG8hV55AhW8VA69kcXfmQCGsh is activated:  0.003388729
2026-05-27T14:12:45.183Z STAKES Stake account BGoB8CeGxp3Q7AR98x4dDpzuEGZX7yV4EVU1i1D6B5vv is activated:  0.131419457
2026-05-27T14:12:45.183Z STAKES Stake account 5TPCBsZ84XkqE53HNq5ViwgA7KZt95rEB2GH1iepzmq9 is activated:  50781.404111564
2026-05-27T14:12:45.183Z STAKES Stake account 6Vc8aCzZdmezKtf2fT66BMQ7m5o9NQWR8fsMyub3XMEP is activated:  0.003388729
2026-05-27T14:12:45.183Z STAKES Stake account 51jBF6WBfHHm8FKtEhp4stP4d9Co3qfFMk2W6dzFFE5t is activated:  0.003388729
2026-05-27T14:12:45.183Z STAKES Stake account BNKFoWgoqDUSrDFwZiSsKjD53Qq6j4hkunvkxUbRSyy3 is de-activated:  604.831059221
2026-05-27T14:12:45.183Z STAKES Stake account GEdVJX3DhbR4f7tkoWPrjRkZZsT7KHH4ZNT63yLVtzs4 is activated:  0.003374546
2026-05-27T14:12:45.183Z STAKES Stake account 9EhiauMSoN1CKBd2FS3troNu9hBeuqMKmpKLWqynFu7F is activated:  0.003360186
2026-05-27T14:12:45.183Z STAKES Stake account 4KsVhYYATb9rxiYntCJyFP1rAtrw42GHBzmhXP7QoMZs is activated:  0.00346706
2026-05-27T14:12:45.183Z STAKES Stake account 7idxK1cjWpDqAqoHb9AkhZcVtd1sFGAEJBbJdUG71e2Y is activated:  0.003298147
2026-05-27T14:12:45.183Z STAKES Stake account FnE2B8iJ5StnPmBoXABSQpBXwrphaLH7eSGYeSGQPxCY is de-activating:  0.003338503
2026-05-27T14:12:45.183Z STAKES Found:  75  accounts that can be de-activated delinquent validator BARLL1NvF3jPHQ3zb82q1v5m6uewcpkgRBYVNufQMWjo
2026-05-27T14:12:45.194Z DEACTIVATE Blockhash: 4357dtSeBDDtMBzqQPuUs96ViNsCYft7H8eS9oYWJHoZ
2026-05-27T14:12:45.217Z DEACTIVATE Sent tx: 57JW9dQWWPfwPZpoAkkUjQWj9g1gNyCUTSoZ7ULwfSXCxTWm89zKJMKtucw9TBSgMybSPG1SXtJTt2EXh59dYGkF https://explorer.solana.com/tx/57JW9dQWWPfwPZpoAkkUjQWj9g1gNyCUTSoZ7ULwfSXCxTWm89zKJMKtucw9TBSgMybSPG1SXtJTt2EXh59dYGkF
2026-05-27T14:12:45.336Z DEACTIVATE Sent tx: 52LjyYdU1ptK3tSS4hBC7D5B5HuxuRufL24s1uktoGSnuBfEVv4P5FgcX5AkWkeCvKTDZSPWdg3voyQNRDuAWbHC https://explorer.solana.com/tx/52LjyYdU1ptK3tSS4hBC7D5B5HuxuRufL24s1uktoGSnuBfEVv4P5FgcX5AkWkeCvKTDZSPWdg3voyQNRDuAWbHC
2026-05-27T14:12:45.454Z DEACTIVATE Sent tx: 3B1AAPErcMazv1bDyfEcuKm2wpw93p4Chhf2bsXwQX43k8zkFhaN9dwNL3udwRUwyM4QMzxE7qRR4VnQc1k4v584 https://explorer.solana.com/tx/3B1AAPErcMazv1bDyfEcuKm2wpw93p4Chhf2bsXwQX43k8zkFhaN9dwNL3udwRUwyM4QMzxE7qRR4VnQc1k4v584
2026-05-27T14:12:45.569Z DEACTIVATE Sent tx: 4BYXkRXBjTUvHSJ8cyMP1sQwNPHPTvJjQ3jXeGVWQtLyBNy6TMzYjZrcJ8KFcRLdCiXd4QGHuqUZZVyM74sJ7vjF https://explorer.solana.com/tx/4BYXkRXBjTUvHSJ8cyMP1sQwNPHPTvJjQ3jXeGVWQtLyBNy6TMzYjZrcJ8KFcRLdCiXd4QGHuqUZZVyM74sJ7vjF
2026-05-27T14:12:45.670Z DEACTIVATE Waiting for confirmations...
2026-05-27T14:12:59.056Z DEACTIVATE Confirmed.
2026-05-27T14:12:59.056Z FIND Deactivated stake accounts with total balance:
2026-05-27T14:12:59.224Z STAKES Found:  9  accounts for delinquent validator ELE2xaC6i6pmeu7bfrYjBv4whBeTAbgwcg5hf2ythiBs
2026-05-27T14:12:59.224Z STAKES Stake account 8kJHdTewXNhYMtsHJDuzHWosovZbPR5oVQG5dVQWyQe1 is activated:  10.939680099
2026-05-27T14:12:59.225Z STAKES Stake account HFzo4vaXMit4gsL3HBEvNStM3bsnxnjyYReCkbc8rsKm is activated:  50.986241394
2026-05-27T14:12:59.225Z STAKES Stake account stwWiWKzpj3eAsdEWzVtrLcphGGf1K6EwhXg7Puv6ck is activated:  108.417493877
2026-05-27T14:12:59.225Z STAKES Stake account EBhW3KVhjRXnVkzM3PXCPdLwkRDqxWwpBybBFS9cTakF is activated:  0.006555126
2026-05-27T14:12:59.225Z STAKES Stake account J9RnZC9EWMscgGhjWVbBmzDGUSJhNbWvZga3imJ3Wztp is activated:  5.305230497
2026-05-27T14:12:59.225Z STAKES Stake account 2JJt62kQK46EFYsni8eiAbegBJAKKAaqXvvzKaHxBnth is activated:  0.00328288
2026-05-27T14:12:59.225Z STAKES Stake account 5SZPB44eZLWEnr11HWU6bPy5mjgiGD1jz45iHjzEXtxA is activated:  0.003362497
2026-05-27T14:12:59.225Z STAKES Stake account CmfkEtTxhanFPMfNMikkPkKXdyk2odDY9Yp9y24bfNrw is activated:  0.00328288
2026-05-27T14:12:59.225Z STAKES Stake account 7edSvvHNnjkbhXpKhYNGaFS9jyMEuNLSJbZ3QwbuPKrj is de-activating:  0.003362091
2026-05-27T14:12:59.225Z STAKES Found:  8  accounts that can be de-activated delinquent validator ELE2xaC6i6pmeu7bfrYjBv4whBeTAbgwcg5hf2ythiBs
2026-05-27T14:12:59.255Z DEACTIVATE Blockhash: 5cY2J2gST39Vg6T3w7uz3gM682Gccy6GEjpccZEykMBw
2026-05-27T14:12:59.269Z DEACTIVATE Sent tx: 4TjDejGsXjnNfNkrZftbooXheCSEZLBGe4qg2pxWXqN2wfEK6RSsvtwKgxXncFmM5ohs3ST81cDPFA4o8MwUQEjj https://explorer.solana.com/tx/4TjDejGsXjnNfNkrZftbooXheCSEZLBGe4qg2pxWXqN2wfEK6RSsvtwKgxXncFmM5ohs3ST81cDPFA4o8MwUQEjj
2026-05-27T14:12:59.369Z DEACTIVATE Waiting for confirmations...
2026-05-27T14:13:13.117Z DEACTIVATE Confirmed.
2026-05-27T14:13:13.117Z FIND Deactivated stake accounts with total balance:
2026-05-27T14:13:13.117Z FIND Total de-activated: 109116.655658039
