2026-05-29T13:49:10.726Z FIND Found epoch range to explore:  975 979
2026-05-29T13:49:10.728Z FIND Found delinquent validators [
  '8r4Fu6M8brgnL456RJfwxk8kN4iw1LgczfuXeuG1g4px',
  'D9kxpQ1Buwrt9pbVRiBwNsUEdUKzmEUj19GZf4yVrsw1',
  'eUkPmbsMwxMFr8v1m6sBYJ9MoZ2LpbiHNHWeZiGpFHp'
]
2026-05-29T13:49:10.729Z FIND Found reference validator he1iusunGwqrNtafDtLdhsUQDFvo13z9sUa36PauBtk
2026-05-29T13:49:10.838Z STAKES Found:  41  accounts for delinquent validator 8r4Fu6M8brgnL456RJfwxk8kN4iw1LgczfuXeuG1g4px
2026-05-29T13:49:10.839Z STAKES Stake account 3ZX8Kck5s9FZbHXfg51SgtU7CNqTYD2wizoARvap7aii is activated:  0.003337547
2026-05-29T13:49:10.839Z STAKES Stake account 5EAoQWYcL1zxMBdhi1E8R3iYcCwmmniRo8pdaEwH1CYe is activated:  1.052137263
2026-05-29T13:49:10.839Z STAKES Stake account AvYJeYzE5FfGphf17G8YeeR8P1AkPAtsdjkwsccGm19J is activated:  0.32322988
2026-05-29T13:49:10.839Z STAKES Stake account FDMTfvHTnzPnrEg782jA1Rm1XRkCRQrAEuXvmuuKwYHm is activated:  0.396239434
2026-05-29T13:49:10.839Z STAKES Stake account BoBUNYMbsnDB1X51bVdMzd6rUCpwpkUf52PePQ4o8cBk is activated:  0.323229874
2026-05-29T13:49:10.840Z STAKES Stake account FJXqS4DGuX6J51EAYDmbZBoztrTrWiz6g3iMxJAa6QCr is activated:  0.073435922
2026-05-29T13:49:10.840Z STAKES Stake account HGfxEGKJND8Xxp95XkV4D7wY8MtPX77wXh7AYYn4fbFR is activated:  0.521398717
2026-05-29T13:49:10.840Z STAKES Stake account 31PHoAUyCCkqhs5Mi1bpJNN21nDwwdJoQacRm5GHqWtQ is activated:  0.333659792
2026-05-29T13:49:10.840Z STAKES Stake account 66UjrzDdVw8DaTBpz2atU8t1jk2UiMtFwmZ7ydozyGXu is activated:  0.417099324
2026-05-29T13:49:10.840Z STAKES Stake account A9rPrpnZfTDEZ85FnMmuvCmEYT21jZQT3My24WGdPqeN is activated:  0.053941122
2026-05-29T13:49:10.841Z STAKES Stake account 4AW7UMDptyQmkyGhfdVFigzBiEzMSERXdTgeXWfN6T5U is activated:  0.834296914
2026-05-29T13:49:10.841Z STAKES Stake account 3m182VRj4xhCxJMM3xq1C1ECgU1jDpvdhzhkMw72bjin is activated:  0.333659796
2026-05-29T13:49:10.841Z STAKES Stake account G71kWKR9QJhSY22EvgKSZbWEoUSnTsVVpg2drftEbPzD is activated:  0.260185984
2026-05-29T13:49:10.841Z STAKES Stake account 9P3b274FVw8DhtfDwZMC7x6663e4PAYn7Mxx8dMs1NVz is activated:  0.114631065
2026-05-29T13:49:10.841Z STAKES Stake account 21KmuTr8CD3wbooM6soRaV2YN4fTZgA5s75Kfz1Tw5M5 is activated:  0.164927828
2026-05-29T13:49:10.841Z STAKES Stake account 7Z71vgoZX9vzCWcmnDmdN2aUjS8fzLq7D5f7GU7CXr5k is activated:  0.010656741
2026-05-29T13:49:10.842Z STAKES Stake account 8125bGKCCxKcULwWNPz2RC8d45EX9HXRD55bUbBFVeQM is activated:  0.469249019
2026-05-29T13:49:10.842Z STAKES Stake account 64VHKVgDbfynk2VCXEeW3gpEok4LmWMznvgcrsqXfSPp is activated:  0.437959194
2026-05-29T13:49:10.842Z STAKES Stake account 5X6sWZY7cpTZRH4dt65w6SeKBG17a3CXJ5yonoFgZDQ6 is activated:  0.010679615
2026-05-29T13:49:10.842Z STAKES Stake account HQprKbYKagp6ACyL5T4N8KRRibZNkf1vaRASFhQSYezi is activated:  0.563118484
2026-05-29T13:49:10.842Z STAKES Stake account Dy7eN1qpWWjYRXZYbasNZFZE9zJd4zfYLX4QQB6jfN9S is activated:  0.364949626
2026-05-29T13:49:10.842Z STAKES Stake account EQB2osXMqwQSAnKFEv81xDMuQcZmMTnir9o2Uta1Yedx is activated:  0.834296911
2026-05-29T13:49:10.842Z STAKES Stake account weBJKNfN4efUNBqNa7yoJ3YfZg44yEUjmWEkpkC2G11 is activated:  0.312799919
2026-05-29T13:49:10.843Z STAKES Stake account 9ugm2rjWTw77HRdHdwHNWQvaAEdJNTSqRRF2Ua6qBWvX is activated:  0.172921381
2026-05-29T13:49:10.843Z STAKES Stake account GmdXrgq7PrNRafkySdR9qNgPDMfkx75kMpgXo396uCh9 is activated:  0.344089742
2026-05-29T13:49:10.843Z STAKES Stake account 9PV464CzqAseGnZTgQBpH2jMhUUN6VhPUjjWXtDTTVck is activated:  0.437959192
2026-05-29T13:49:10.843Z STAKES Stake account 8v5LLt9nAXYXjh1fqgF7kaLNDGNSiT2xAqQSpVPYRyDn is activated:  0.625698115
2026-05-29T13:49:10.843Z STAKES Stake account 8t6PSWiQ3ivRVC5azifZzn3MXpuMzinWALL2shQt4dzX is activated:  1813.874728444
2026-05-29T13:49:10.843Z STAKES Stake account 2i92dm6UhuQtmBSF7u43NKQ4aBLHAoQ388EYn8KRHSpy is activated:  0.385809498
2026-05-29T13:49:10.843Z STAKES Stake account CkgqbAg4VFQvv1RaawEhPVFWmHbXvCt3VQxeJKdmSs6f is activated:  0.216925588
2026-05-29T13:49:10.843Z STAKES Stake account 65H4uKzf8W4cMTpkoeHdXFrHLHgFt6DNDwr9TF2gEJKV is activated:  0.344089745
2026-05-29T13:49:10.843Z STAKES Stake account CPxVCJ9FhxU8Xw14ZwasMgVmUgamUTgtEvDiiFRXqL9r is activated:  0.208500526
2026-05-29T13:49:10.844Z STAKES Stake account HMm13DJzCtudmM3oD9HuyyEiWJnGw4swrPdZdQ5QgPgU is activated:  0.323229878
2026-05-29T13:49:10.844Z STAKES Stake account 5jQKkLJXxGccSmSz2rNKiPRFxFZHChtELX11gKTdYBKd is activated:  0.052287967
2026-05-29T13:49:10.844Z STAKES Stake account 43ue6WNZyA7zPHcSHZibWcaXUWZDxBhxHBxkkrgnJ3qb is activated:  0.055674918
2026-05-29T13:49:10.844Z STAKES Stake account kFtqiokAf3qXSBMBA9RfP2jNTiWcBqRbzAmxs3WpFZB is activated:  1.845002689
2026-05-29T13:49:10.844Z STAKES Stake account 7SshK6vZNfT7ZJCqHMPtHpk3eavjpsCcUotp7m7fn6g is activated:  0.333659795
2026-05-29T13:49:10.844Z STAKES Stake account J74CVgrDohuiaXvKrJcquZnLoF78g6ne3XApiJHPHfwM is activated:  1.084038284
2026-05-29T13:49:10.844Z STAKES Stake account EExDi5nVrUJ8vonNfuoM6L7Nz9oakQcE6ZxMNeTSTwFH is activated:  0.003384719
2026-05-29T13:49:10.844Z STAKES Stake account 8zRVGkSoBTfzy7CQXZEawmwLQjiEL43CLXFVL7yJLPPV is activated:  0.003365628
2026-05-29T13:49:10.844Z STAKES Stake account EW6GyTBkquFUn3WAkyjbmUM3MwtihfKHTu6CXXsvwpNP is activated:  0.003384284
2026-05-29T13:49:10.844Z STAKES Found:  41  accounts that can be de-activated delinquent validator 8r4Fu6M8brgnL456RJfwxk8kN4iw1LgczfuXeuG1g4px
2026-05-29T13:49:10.858Z DEACTIVATE Blockhash: 6kYowAbq5bTXFS2mFaisB6nnNWjQc6Wop77nbNTqGFiN
2026-05-29T13:49:10.886Z DEACTIVATE Sent tx: 5EQfkAU1ZZZT9Ukrng1m5tQzTR7YThrKFDJi6679NqhZiGgEGhWQ5ZxMoaDJTvTyCMuJfGqQF61AgxLmw9vAG57H https://explorer.solana.com/tx/5EQfkAU1ZZZT9Ukrng1m5tQzTR7YThrKFDJi6679NqhZiGgEGhWQ5ZxMoaDJTvTyCMuJfGqQF61AgxLmw9vAG57H
2026-05-29T13:49:11.009Z DEACTIVATE Sent tx: 3eka3TKNwSzjmdJw1sopiBQuCSFhD82BYncG4jgwcntabmTzLVRAaLeTEZkzGR5E6xNHR1x89Hx43WRqcvmwMQcX https://explorer.solana.com/tx/3eka3TKNwSzjmdJw1sopiBQuCSFhD82BYncG4jgwcntabmTzLVRAaLeTEZkzGR5E6xNHR1x89Hx43WRqcvmwMQcX
2026-05-29T13:49:11.109Z DEACTIVATE Waiting for confirmations...
2026-05-29T13:49:24.332Z DEACTIVATE Confirmed.
2026-05-29T13:49:24.332Z FIND Deactivated stake accounts with total balance:
2026-05-29T13:49:24.428Z STAKES Found:  26  accounts for delinquent validator D9kxpQ1Buwrt9pbVRiBwNsUEdUKzmEUj19GZf4yVrsw1
2026-05-29T13:49:24.428Z STAKES Stake account AZSNEUD1BZTJC9e6VQyVesUnYm1hbtG4VhC5Thgsuwd4 is de-activated:  0.502448571
2026-05-29T13:49:24.428Z STAKES Stake account 4PdiH7nuieqLsYkm7XcQBEkgiD7rUtmvkXXwe4HLydud is de-activated:  0.016743777
2026-05-29T13:49:24.428Z STAKES Stake account C7eKSgJF3ib7mvrM1RW3JeAAyWW6ANorPAdvmrvoDbdG is de-activated:  1.001237963
2026-05-29T13:49:24.429Z STAKES Stake account FaUs6n4JZb3vmfca3MGwBTjEiuzGqh22a1HSqzNtLagT is de-activated:  0.006736478
2026-05-29T13:49:24.429Z STAKES Stake account HKt9jpaMKnupgmpbpFCHKXV6T7c3oLUe2gbrUuh9Yy4G is de-activated:  0.007832377
2026-05-29T13:49:24.429Z STAKES Stake account CPkEvmVU7GdiANYjdSBRMjQpfzFboZtXr9twqfMEysRh is activated:  0.007236729
2026-05-29T13:49:24.429Z STAKES Stake account EAChsVByToeVN1r8jP4NezfK5uUUvBEi358aWsjzTsQt is de-activated:  0.295896267
2026-05-29T13:49:24.429Z STAKES Stake account 91YjcaP4QGt6xtbpaA3iNyZJrqKokU8gzFNKY6n3Zndz is de-activated:  0.012423359
2026-05-29T13:49:24.429Z STAKES Stake account BEWNGA2SQBytZkoQuzDMvwxwssBHJ14iXpvmC39jWmpV is de-activated:  0.006464197
2026-05-29T13:49:24.429Z STAKES Stake account 5ojviRh7so145XZiHPd7dJbMqQ4icDZUNntWTHhvBH7i is de-activated:  0.008110424
2026-05-29T13:49:24.429Z STAKES Stake account H8LNne8Z6Pdz2xKLBVSbyZE9pZ6uLRVJdRHXtNvFPPfW is de-activated:  0.002850379
2026-05-29T13:49:24.429Z STAKES Stake account 6ANhPqPa2pC2VrWzHv6guWhhcrctw4BEe1mgnwK6feDy is activated:  0.003320717
2026-05-29T13:49:24.429Z STAKES Stake account 8bSGTvSYTMxaZmqDDKyUWscWKqpGM7WoXr2MeMgR2nv7 is de-activated:  0.02094439
2026-05-29T13:49:24.429Z STAKES Stake account 3Y8qQVCpMKNErWmS6n2Tzs1qrP1bjoo3TCT87Q4XG8Jb is activated:  9.550619276
2026-05-29T13:49:24.429Z STAKES Stake account 893mLswoVbzkRrLvBARer86WfTWMBkcufC5qnsKyWQWi is activated:  0.523019335
2026-05-29T13:49:24.429Z STAKES Stake account 3QtYFKNbjCdxBbRKZXAjXkuP1uQBEx2BD4vTeyeQuUmD is activated:  0.012403175
2026-05-29T13:49:24.429Z STAKES Stake account 6SgYhGtZXcUPLtNSLCYWfU1wFd9W24MgjdSY6BtMsRUm is activated:  0.008390489
2026-05-29T13:49:24.429Z STAKES Stake account 6LQJABFpym2fPaKQ5EEGhJUMGQDSzdCjm8PY1t6uWoTe is activated:  4.160036027
2026-05-29T13:49:24.429Z STAKES Stake account gP5BqqgU5hLweZGeEi14QbLBzgL2cXXEWpRLhe4QALL is activated:  0.002490302
2026-05-29T13:49:24.429Z STAKES Stake account 9c7dgNMWhGNd4tYYDpHkssio35g24ZqzKCtcS6ef32Zm is activated:  309.99578776
2026-05-29T13:49:24.429Z STAKES Stake account An3R9dZh2hKLQ2Ns3Hp7NeiQG5JSG1rqKGp5DHDi4EiB is activated:  105.383867637
2026-05-29T13:49:24.429Z STAKES Stake account Giedck1Ks8S5stJ31HY6v5GKFnzjd9MqVk9VGBaK7yZD is activated:  22.328705223
2026-05-29T13:49:24.429Z STAKES Stake account 5fRbX1KBi9fxLsuPmftdX4doo4vve4Wg3RaPvDJs3vkC is activated:  22.386774562
2026-05-29T13:49:24.430Z STAKES Stake account DzShBDctn2r83cCtqtwWjHwVNyc3cFHnRB1cNWXcQZJb is activated:  0.003321356
2026-05-29T13:49:24.430Z STAKES Stake account A8zANhxu2WSknB4Sg22raGtmfX7PEo3bechYKeqr5jS6 is activated:  0.003337002
2026-05-29T13:49:24.430Z STAKES Stake account BdaaBnpTCDHSuMNPNMPAnMALzq27gudMLfW49nqf5EQj is de-activated:  0.00228288
2026-05-29T13:49:24.430Z STAKES Found:  14  accounts that can be de-activated delinquent validator D9kxpQ1Buwrt9pbVRiBwNsUEdUKzmEUj19GZf4yVrsw1
2026-05-29T13:49:24.454Z DEACTIVATE Blockhash: 3kU9XWEzyhCcJL8JnUAFxHen8FkorpiQZHJMb1Nw5LW4
2026-05-29T13:49:24.474Z DEACTIVATE Sent tx: 4ScoYXjWrGBYg7zgfeRNndgTPTEQrFEwXFg7TKdzJdKVBJBvUtkrsnENxXguKnC9h1DwDEGJu7bV2E7QBzdNoPtb https://explorer.solana.com/tx/4ScoYXjWrGBYg7zgfeRNndgTPTEQrFEwXFg7TKdzJdKVBJBvUtkrsnENxXguKnC9h1DwDEGJu7bV2E7QBzdNoPtb
2026-05-29T13:49:24.575Z DEACTIVATE Waiting for confirmations...
2026-05-29T13:49:38.122Z DEACTIVATE Confirmed.
2026-05-29T13:49:38.122Z FIND Deactivated stake accounts with total balance:
2026-05-29T13:49:38.200Z STAKES Found:  4  accounts for delinquent validator eUkPmbsMwxMFr8v1m6sBYJ9MoZ2LpbiHNHWeZiGpFHp
2026-05-29T13:49:38.200Z STAKES Stake account CsmKvnb7XCsgVFLqyJpLLkYPdnUWkoXvvmTpBcgBhqq7 is activated:  108.335842697
2026-05-29T13:49:38.200Z STAKES Stake account v297KzJUh8AQXvTd23B5kLQPMTLT8VsHSggviCTpxKY is activated:  0.103887882
2026-05-29T13:49:38.200Z STAKES Stake account GNmFjfSxrCa5SPUu8TQjxF4ukWajzhRBbt2CrMwVoQz9 is activated:  0.003282887
2026-05-29T13:49:38.200Z STAKES Stake account 3G1ErVVGh3G8Ujk8uPLkzfDu7ap1vH9YyMMzzXYkpduJ is activated:  0.003342542
2026-05-29T13:49:38.200Z STAKES Found:  4  accounts that can be de-activated delinquent validator eUkPmbsMwxMFr8v1m6sBYJ9MoZ2LpbiHNHWeZiGpFHp
2026-05-29T13:49:38.212Z DEACTIVATE Blockhash: 6hPrE1d2cNtNWu6RYkAWhGjTJAcdV8fgFUod79sQLDT5
2026-05-29T13:49:38.227Z DEACTIVATE Sent tx: aAYkR9k1HrrxEJdFbtq9QbNN6aQxe2dVwVDJLUV1ZsV26PZnZZ33wDm67V2DWNCrKzhY8ibqsotT9Np9Nv51J12 https://explorer.solana.com/tx/aAYkR9k1HrrxEJdFbtq9QbNN6aQxe2dVwVDJLUV1ZsV26PZnZZ33wDm67V2DWNCrKzhY8ibqsotT9Np9Nv51J12
2026-05-29T13:49:38.327Z DEACTIVATE Waiting for confirmations...
2026-05-29T13:49:51.318Z DEACTIVATE Confirmed.
2026-05-29T13:49:51.318Z FIND Deactivated stake accounts with total balance:
2026-05-29T13:49:51.318Z FIND Total de-activated: 2411.339535962
