2026-07-24T22:45:07.903Z FIND Found epoch range to explore:  1002 1006
2026-07-24T22:45:07.905Z FIND Found delinquent validators [
  '8FPz3JG4E3HVXxGbPZVibarva4AGXSZWx3qKLUS5uFtN',
  'RaydiumJDX8X6om6Fg44xyqz5eukZ9KC3LX61SttLbH',
  'Hx4UJCvf8amGeuW9fPFfTckRoznDHxPSYiU9HuUSZKLT'
]
2026-07-24T22:45:07.906Z FIND Found reference validator CcaHc2L43ZWjwCHART3oZoJvHLAe9hzT2DJNUpBzoTN1
2026-07-24T22:45:08.315Z STAKES Found:  120  accounts for delinquent validator 8FPz3JG4E3HVXxGbPZVibarva4AGXSZWx3qKLUS5uFtN
2026-07-24T22:45:08.316Z STAKES Stake account 1fMHTZHxMyQXCRRFRQRx1eqM4TCkmZcSEna3MvmmHqh is de-activating:  2.542897887
2026-07-24T22:45:08.316Z STAKES Stake account 4wgtAnrsXPKDeRuKgL72wpgFRmF4knHggoo1Xuskwiz is de-activating:  0.01093524
2026-07-24T22:45:08.316Z STAKES Stake account 6geneBqY7kFhWNLsuCKjUiM9jCsn5mrQMg1qZLK6vba is de-activating:  11.525848505
2026-07-24T22:45:08.317Z STAKES Stake account e4hfpsxwH6MdQr4cwxifMiKaxaQmiaFq13yQqiWVEAX is de-activating:  11.553266943
2026-07-24T22:45:08.317Z STAKES Stake account isaVaXw2bwrFC9rjmfwfsvpiM7fpk8vFFsoYyXCzeYj is de-activating:  1.032074079
2026-07-24T22:45:08.317Z STAKES Stake account w7VcmKnqubXjkj5Nm4fieTAVFHJvHPy1xM3qZxqiKQ9 is de-activating:  1032.98982017
2026-07-24T22:45:08.317Z STAKES Stake account 28qZNdVs1br2eZbfPATF7XGkEAekNsvLNzUqKCZWaDAK is de-activated:  0.003285343
2026-07-24T22:45:08.317Z STAKES Stake account 2DndEraPXronTCXegcJrv4Kq8WJQ9PSgVDoibRsQvABq is de-activated:  24.474822738
2026-07-24T22:45:08.318Z STAKES Stake account 2piphWguHuaqCbzFWbMh8DL7So1PwHkZh6ybgU8sWxXr is de-activated:  0.00228288
2026-07-24T22:45:08.318Z STAKES Stake account 2qtc6bFxbod55gaRUMgKEnpQp2PeRgV9RXNGDAB5cxgz is de-activating:  0.796681979
2026-07-24T22:45:08.318Z STAKES Stake account 2sJXUUD3wiZ6mhbHN8ZrVgDMPtmhKjeV6bzDaAQ2hR9J is de-activating:  2.675291254
2026-07-24T22:45:08.318Z STAKES Stake account 31c5sorZMTaMGaAoxCqG9tKVWQBNiNVzCnTA3553SdUT is de-activating:  180.849313257
2026-07-24T22:45:08.319Z STAKES Stake account 32PBGGha5htYNJCwt3oGfZhH8sUeGH3Sz6n3jHdQ3DRR is de-activating:  32.297836856
2026-07-24T22:45:08.319Z STAKES Stake account 3Svy5J33T28tXtyr9FQMoKnrN3gbSRJmuYJG1CQD3QDu is de-activating:  232.251747997
2026-07-24T22:45:08.319Z STAKES Stake account 3dYPGYNSmYbsMCo8rVXrXDU9JuZrzaLxDo813UhL3MNR is de-activating:  42.623031598
2026-07-24T22:45:08.319Z STAKES Stake account 3gEgnfGPQy7PjcbLtMNGLVaqTaiDLaamnnfseHpHe3ME is de-activating:  1.174472539
2026-07-24T22:45:08.319Z STAKES Stake account 41rAuAe7Q6jRGwfPFTqep3DZHguwkKjs9Wwd8nDq9Ffr is de-activating:  41.459769328
2026-07-24T22:45:08.319Z STAKES Stake account 43NEAvqMzMPhgcFdyu7jQY5A7vf6mUdPmGbwtRKhuASt is de-activating:  3.419963822
2026-07-24T22:45:08.319Z STAKES Stake account 49ZhXMmhGXFoBzMEsWWwB5owfqwaU3ufdkY4mSkTHJR6 is de-activating:  12.208255065
2026-07-24T22:45:08.320Z STAKES Stake account 4DfBjG74EY8xUkEpLi75pk7KKdvuWr1p7Je83FPf15Ck is de-activating:  28.077017201
2026-07-24T22:45:08.320Z STAKES Stake account 4FnKNg6NgJD13HsRk4EocqrYvDcC8NRRLEtvzcR7d4Ui is de-activating:  0.003337006
2026-07-24T22:45:08.320Z STAKES Stake account 4JWw9dPDKPvHxHmp9LuT7HeiYkkTu7siiSNnsMj8yMYs is de-activating:  0.003389906
2026-07-24T22:45:08.320Z STAKES Stake account 4LFEqV48c8hUJzH7X1kKBZSS3QpE7FY3bKdHi9fDzkCn is de-activating:  3.727588925
2026-07-24T22:45:08.320Z STAKES Stake account 4Lw33GCzP64htRqWapknf2ynik2ULffWTSV1zVaCsghZ is de-activated:  0.00228288
2026-07-24T22:45:08.320Z STAKES Stake account 4NTdudXLiXJZBEqnP3vWgVoChrNPQ8kmEgmYf7aZKkxU is de-activating:  0.007752747
2026-07-24T22:45:08.320Z STAKES Stake account 4QMP1YZLQXUuWBH2dCjegx7NDHwFb8SuwfBCAMHc46CF is de-activating:  1.251170418
2026-07-24T22:45:08.320Z STAKES Stake account 4b6DN76MAjVXue8L3hUosEyNsDDS8DQ8RJfJGi43rSYB is de-activating:  0.073614825
2026-07-24T22:45:08.321Z STAKES Stake account 5ARNg3WacRRxKo4UEoxisaW9CrSa3XPM51ns9wJB4JJZ is de-activated:  0.002496564
2026-07-24T22:45:08.321Z STAKES Stake account 5CNnobeowS1cjZ7RH32sBJaGsp7GUGnp9SHDx9qXShKh is de-activated:  7.612311085
2026-07-24T22:45:08.321Z STAKES Stake account 5DnqGpy3xhQXbL5Rg3uweQ8ckN9f77G46Ggr1rup9ES6 is de-activating:  12.747620414
2026-07-24T22:45:08.321Z STAKES Stake account 5MexkXUjPxGpE9XVMjVFVU3Ypu3yarDwcFQ1Z4bNrZvK is de-activating:  182.993998732
2026-07-24T22:45:08.321Z STAKES Stake account 5jAAQ5KTnumkSaPnJZqRtHNjqXRg19roGT7BXyVjevW3 is de-activating:  0.006442132
2026-07-24T22:45:08.321Z STAKES Stake account 5zNLA3MQJMfbc2dMCgUTHwvYFT1AZ4TpWhST7wQc5zYp is de-activating:  113.714067236
2026-07-24T22:45:08.321Z STAKES Stake account 64M1tRRYiAV9MM12VkJrviAjTQcVNJk5Y29iraApr8Ps is de-activating:  0.003385237
2026-07-24T22:45:08.322Z STAKES Stake account 6B69eXMfVmkKmN346xdxLrCAdRLnxvxq9e9DDiWtf4rd is de-activating:  32.450435218
2026-07-24T22:45:08.322Z STAKES Stake account 6LKrAnj2ZBvpctF7tcjQNSPM4M65jq7XqVPGzNmVpZq2 is de-activating:  23.043704838
2026-07-24T22:45:08.322Z STAKES Stake account 6TG12xnKM4LKV5zMtg1PZ4yxs8T4KaVhNUCEEr5PBWbA is de-activated:  0.012792105
2026-07-24T22:45:08.322Z STAKES Stake account 6aciYeEsdv3nXEgBjWCwNZk78cZcz7ev7FUcbhwed8T1 is de-activating:  0.046363656
2026-07-24T22:45:08.322Z STAKES Stake account 6pYcHonPaWmEcm3Fv9tziaxbcJtupxUzi5EFPvkgEfBz is de-activated:  1.065921874
2026-07-24T22:45:08.322Z STAKES Stake account 6sq8eTemsHQmT29jB6fAHGNfVVz6Ci4nhkdQp5mzK2aP is de-activating:  572.588698234
2026-07-24T22:45:08.322Z STAKES Stake account 783w75ov4EzMxYAMTP74hEsJcsw5Xf2d1kKfmg1qzeLo is de-activated:  0.003220578
2026-07-24T22:45:08.322Z STAKES Stake account 79oyQeBvWeHvsx8Yr5r7QDZheTrkpbz441mxTmWE7jDZ is de-activating:  242.744589946
2026-07-24T22:45:08.323Z STAKES Stake account 7bMRSoKYwtjG7Bbw3afEw5UG2HDXgQ5wZ7ApsqeoFe7m is de-activated:  0.017238858
2026-07-24T22:45:08.323Z STAKES Stake account 7bPF6ZCAtUgHcy6U8ZRoCob68v4HkcBQgreU8WoRVAu1 is de-activating:  0.007752747
2026-07-24T22:45:08.323Z STAKES Stake account 7d2YxcZmdip6Sj4CuMetKZnkwGb2izfGnPqAjoPHv5vN is de-activating:  62.203883711
2026-07-24T22:45:08.323Z STAKES Stake account 7rm8SqjtGm2X2RvkAx1dHq9AkbAUCDUj5GXegRW6rgwe is de-activating:  121.260402301
2026-07-24T22:45:08.323Z STAKES Stake account 83C6Kf9feV84Uvr9jjcwxdEJq4XLhJu4Aws3dLjdqz4d is de-activated:  1.441880653
2026-07-24T22:45:08.323Z STAKES Stake account 83vKQ6xwd7W928QoDxCZBR8u1b2cRDReP4yXhCq2XrZY is de-activating:  237.981607811
2026-07-24T22:45:08.323Z STAKES Stake account 854XZK3DTq8gqfPTG4QLSGkdAQa9SywFcGLKpuM4fZTz is de-activated:  0.002497908
2026-07-24T22:45:08.323Z STAKES Stake account 88zAeswo1PvE4w4VXyMgvdxBNvvqMr9wnmp42dqFR9Hd is de-activating:  267.534164725
2026-07-24T22:45:08.324Z STAKES Stake account 8CFTj11CLavJxPem1tDogg4DmV8z7mDqJx9N87HEgTYi is de-activated:  0.012278228
2026-07-24T22:45:08.324Z STAKES Stake account 8UKZBkqePti1KjAzjCT7mW9xJdTUecisQN7R3EBngeKi is de-activating:  36.597968725
2026-07-24T22:45:08.324Z STAKES Stake account 8kJKhUJ3bENUpmPXsPo8CnBkRYPf1VaThyxT2sEzeCHN is de-activating:  0.026170551
2026-07-24T22:45:08.324Z STAKES Stake account 8kRBqBTi9Ra178s2ZB4EbmnTBMxGGkRvzecqVTxBCgWY is de-activating:  35.689290955
2026-07-24T22:45:08.324Z STAKES Stake account 8pgk2M1nY7RbBSN8dZAkFCofixN7XpuDBkJTY5sueEiy is de-activating:  5.771636761
2026-07-24T22:45:08.324Z STAKES Stake account 8uJBXnNB3zSMr6e7nyKvhoxk6bUwoP6wZCjFHhXhp8Kk is de-activating:  9.875642891
2026-07-24T22:45:08.324Z STAKES Stake account 8x9SnbiB7VsZvCmTdSj2H9mNsSQ5ucp3EUQoZ6jRBa1n is de-activating:  1.15280348
2026-07-24T22:45:08.324Z STAKES Stake account 93xP4drShy6SE7P7AAny2rDzCiLms3JFyFxyc5ECAtQp is de-activating:  291.989903268
2026-07-24T22:45:08.324Z STAKES Stake account 986oPR4kfm9rVphybDk6Ddxz61bpCEQHSSHnevbSXDLX is de-activated:  0.115088407
2026-07-24T22:45:08.324Z STAKES Stake account 9Amv5R8MNHiBpNsaxdsJkKL8T2Rj2y5urFjVjGiNBrof is de-activating:  0.004553463
2026-07-24T22:45:08.324Z STAKES Stake account 9HSJvi9f2M6HDRjbWMjEecTGhNvL2WtN9BAWvVncUePW is de-activated:  0.003282413
2026-07-24T22:45:08.324Z STAKES Stake account 9KrS8esHfTDqmvfbryQWzhTwo6zhVPAUMsT2UobdW7vL is de-activating:  0.00330326
2026-07-24T22:45:08.324Z STAKES Stake account 9QCSiqVuYy7QTvCu3g3jxpovt4JxkaPkGjqhu7hb4d1D is de-activating:  0.003319692
2026-07-24T22:45:08.325Z STAKES Stake account 9QLHPM1jJz5X58Vkp4T7t8Z46UiWUnV4NkReNAgYPSy5 is de-activating:  24.357675653
2026-07-24T22:45:08.325Z STAKES Stake account 9QnhaDL1hzQQqG7bkkz7JbCNfk6u5hRKa7BvQf4Vg2cq is de-activating:  28.964343392
2026-07-24T22:45:08.325Z STAKES Stake account 9VPcLGspw8RMs5C7pGUfSeTPAbPfDrB6pFnvfdFBGNXr is de-activating:  96.165683058
2026-07-24T22:45:08.325Z STAKES Stake account 9wPWsduY7z7W78TbyVFAzDTD4QsygxGVxs2rNAEyR93r is de-activating:  34.612752283
2026-07-24T22:45:08.325Z STAKES Stake account A5uWV1HqTxQ5p85oC6ciY5s9ZaFVygTcQXnJgxEM8fDk is de-activating:  0.011223836
2026-07-24T22:45:08.325Z STAKES Stake account A7rnEiHdkA2hQikDKfiohjFCvQm5C7AYR2nq9h172HhJ is de-activating:  4.814463181
2026-07-24T22:45:08.325Z STAKES Stake account Abvcv4kwi25pVFvMFPXuCbbcuCtBz6zoyvFyNiUS3GNC is de-activating:  1.18312192
2026-07-24T22:45:08.325Z STAKES Stake account AhooiiDM2PDLHQbAeGEcWhLEhWWCzKL8LkMKN9azQVYW is de-activating:  30.192062093
2026-07-24T22:45:08.325Z STAKES Stake account AhyoaiHoFE71Jdk5by8YxCvSmN56WTikENBZq9yRBtUq is de-activating:  56.776969261
2026-07-24T22:45:08.325Z STAKES Stake account BBF4U7uQnPcxahfXbdjYQtV4GayMj42aTdnX61ciVru3 is de-activating:  337.721727875
2026-07-24T22:45:08.325Z STAKES Stake account BGWUGCWBEx7vC7GbSqmnuWJ2nyW5qPwFsQmxQPQFv9Cn is de-activated:  0.00869393
2026-07-24T22:45:08.325Z STAKES Stake account BMnjK8bXSiK91NJEA5BN3KPyEyH46EjhXsYcRtmTLmpd is de-activating:  4.108652495
2026-07-24T22:45:08.325Z STAKES Stake account BP2uGD8zx1T31dVYswHSfRuSP9FCWUb915zz9nD95tMy is de-activating:  0.007752747
2026-07-24T22:45:08.325Z STAKES Stake account C82aG6zCEbfEv65z4oCaVwbG6pCtQ2ubJyLp2xdtXG3Z is de-activating:  28.902204318
2026-07-24T22:45:08.325Z STAKES Stake account CBmibYtdJV3ZgXRdiFiDqicfRygTfLNQNMSo1UkVV1nn is de-activated:  0.00228288
2026-07-24T22:45:08.325Z STAKES Stake account CCHRfPuijzRoPyA7LN54852W3JbyoQg27ggwxsbEnyeF is de-activating:  13.737231651
2026-07-24T22:45:08.325Z STAKES Stake account CKhBWiZaB952hWgTzmPN7CW4HFUEYt2e1PXNcq7EA75v is de-activating:  132.449576649
2026-07-24T22:45:08.325Z STAKES Stake account CTDFw9EDKQPXFSGPJ1uiDjN44CEpjs4yTktYPJLNDhuE is de-activating:  0.011103733
2026-07-24T22:45:08.325Z STAKES Stake account Cn354TMvBKeXBFiZPFacVAnFREFQNwBo4E3mBnkM2rnf is de-activating:  0.003424448
2026-07-24T22:45:08.325Z STAKES Stake account CwzCYn84aFBhXyz1BPLhVUCDzwmg4ZNXNMj9gD2bZP8v is de-activating:  11.543626303
2026-07-24T22:45:08.325Z STAKES Stake account D4B6CdEkpbmfR5jNP8VCHq5RLJ1AiYS3nM9mHg8trAu8 is de-activating:  2.316971627
2026-07-24T22:45:08.325Z STAKES Stake account DGqkw4tjL1dWMCWetT27NMqFMSejRys3Zuhjre35WnzR is de-activating:  15.804247522
2026-07-24T22:45:08.325Z STAKES Stake account DNeVkrVsodoX7zGeHTWa1F2HC8sFkPb7o3UyoHhtNQvq is de-activated:  0.154507439
2026-07-24T22:45:08.326Z STAKES Stake account DgiSZAXpPdPiXQFmL98HWRLvDfWpAhbwocp7Q9LWPpDT is de-activating:  5.716118544
2026-07-24T22:45:08.326Z STAKES Stake account DrFscPfnuWApKZXe6zsRwqeKCmwp9SVxGexu4jFsv11z is de-activated:  0.855665439
2026-07-24T22:45:08.326Z STAKES Stake account DuAjjhNZnREc6u4CtGffpCvyiuRmEbLq5bAkE8NumPkB is de-activating:  149.751111438
2026-07-24T22:45:08.326Z STAKES Stake account DvGeCnbXoFXPMefLnRSV4uEe321o2ZQ6SX97B8jJnRYf is de-activating:  282.551679016
2026-07-24T22:45:08.326Z STAKES Stake account ELG2Bo79oypCF1cfKq1BtwKtzMJHdj8bQBQkFS6fDEtJ is de-activating:  0.042816594
2026-07-24T22:45:08.326Z STAKES Stake account EWv7pAHTTHyNnK4VCvmxXsuMQKZhtpTneQWNGKr8JniL is de-activating:  0.010065487
2026-07-24T22:45:08.326Z STAKES Stake account EhNzbjape11xbqVd47WCyoJbUxNS4KoennxBBhAsjpCN is de-activated:  24.569580583
2026-07-24T22:45:08.326Z STAKES Stake account EpAGYmxGbXmnsccaJ9xPEuJQqEkaALHgpKWCyxySNHug is de-activated:  13.626035446
2026-07-24T22:45:08.326Z STAKES Stake account F2r1gryLxeysbBhUs9yNKeLFYZn6xvRVXbMTJAeVV4Ga is de-activating:  23.432915219
2026-07-24T22:45:08.326Z STAKES Stake account F59QgwTDzHDFYAgXvsUV7E4Vns4Ef2u24bMMPF9hJuH7 is de-activating:  71.432447381
2026-07-24T22:45:08.326Z STAKES Stake account FFx2iRZ1cdkFHRXnDCDtYBxMvYqA3MVV9bwvd9uEL4nA is de-activating:  135.692486733
2026-07-24T22:45:08.326Z STAKES Stake account FLr23tRhivHvQwb2aeuPpDGa2GeZAKteamwk1fdx3YAX is de-activating:  11.870864855
2026-07-24T22:45:08.326Z STAKES Stake account FQioyQ5HrqzmBLBitAuu7oEzrMQw91mhx553U1XgnLrq is de-activating:  63.038024265
2026-07-24T22:45:08.326Z STAKES Stake account FRZg35zRpsRiWKaYcGiwXNQiJoBd6Pjmo93DgeHUtSqN is de-activated:  3.009350696
2026-07-24T22:45:08.326Z STAKES Stake account FbREvGWd8nMDi1EaDVdLZ35U6oTFHcSK62wCrg9Adtdy is de-activated:  0.00228288
2026-07-24T22:45:08.326Z STAKES Stake account FbSa7NB2nMMBEHWf9mVgSyFtkVCJ237ShC7JkvmNEQB4 is de-activating:  11.27355422
2026-07-24T22:45:08.326Z STAKES Stake account FeJ7x7m8PZpJrag5J6LehipwTeqYZXXCg34LTSPXQjfh is de-activating:  1.157749639
2026-07-24T22:45:08.326Z STAKES Stake account Fpw6nwcGpnHtSusVShW3qc2xwGRYRg1HPTrPTjaPLLDs is de-activating:  0.014509606
2026-07-24T22:45:08.326Z STAKES Stake account FtizuCrCQDbeegDpsBVepaoPuhMx948HeT2Xrr2fy1W3 is de-activating:  0.003511833
2026-07-24T22:45:08.326Z STAKES Stake account G7j1ChXdxTVYGQy3AvW1dZhFvfvJXF1pBfNrEDyB19zB is de-activating:  72.098266921
2026-07-24T22:45:08.326Z STAKES Stake account GW7QVLq5nq3wdGPSfrEKvjVcfZH9NnZavzMPMTK4X81C is de-activating:  32.460169401
2026-07-24T22:45:08.326Z STAKES Stake account GhKtsaZ6GwsUh9nrSAtjDSahFpS8gbUU5jDj2mK7JuK2 is de-activating:  115.868990103
2026-07-24T22:45:08.326Z STAKES Stake account GiqYtjk4gEaHty8DBWH2CcRJhRA5Rj5iLrHiPUdg93BC is de-activating:  60.019808711
2026-07-24T22:45:08.326Z STAKES Stake account GkPxZxMq3dBifhRdBZb7Jxz7ypi689nSVaG3SH6QU22V is de-activating:  195.350437496
2026-07-24T22:45:08.326Z STAKES Stake account GuM7ouXBEGAgsY62KLZDBTCRP8GSUvRFiwXokHcLXsNE is de-activating:  0.011874718
2026-07-24T22:45:08.326Z STAKES Stake account H3MDgjdcDrWJiSN9ctXg69ecqvdwAW5maPDsZJbdCx9h is de-activating:  5.062534677
2026-07-24T22:45:08.327Z STAKES Stake account Hg8vz1oVxs62A84DTY5ZhKR5PixqXpQH8G7KCcweeaAk is de-activating:  5.813590192
2026-07-24T22:45:08.327Z STAKES Stake account HgHJLT79c4CnAThTBJgfdxXR1Mhyb4njpCvFfaq4v55q is de-activated:  86.756352317
2026-07-24T22:45:08.327Z STAKES Stake account HmHSeE7HC2x72TRSGxYNhoMTYoRAnuWQbg6SJRQRseD1 is de-activating:  1.18431322
2026-07-24T22:45:08.327Z STAKES Stake account HsffatEA5x3zJozTX92vfJW9bRHb7ZaqK1meUfx3yQub is de-activated:  1.117887794
2026-07-24T22:45:08.327Z STAKES Stake account HvuShRsdcbhfrhqDDG4KzP1QGgkFT2b2Njgk4yctgJ9H is de-activating:  58.296020402
2026-07-24T22:45:08.327Z STAKES Stake account HwBdym6MzpLwS87wB51XYjuhjM86D38vxpXErZx7ddCt is de-activated:  0.002304184
2026-07-24T22:45:08.327Z STAKES Stake account J3srMU8QvxXTQhxjXXtW91Lc3ujoADusDHzA766hRwvU is de-activating:  7.066232578
2026-07-24T22:45:08.327Z STAKES Stake account J9cMqipmBPhE9vFc73Wx7tR4PsjsQCa2vNaixp74ttGy is de-activating:  5.774307183
2026-07-24T22:45:08.327Z STAKES Found:  0  accounts that can be de-activated delinquent validator 8FPz3JG4E3HVXxGbPZVibarva4AGXSZWx3qKLUS5uFtN
2026-07-24T22:45:08.327Z FIND No deactivations possible for this validator
2026-07-24T22:45:08.537Z STAKES Found:  84  accounts for delinquent validator RaydiumJDX8X6om6Fg44xyqz5eukZ9KC3LX61SttLbH
2026-07-24T22:45:08.537Z STAKES Stake account 5VhGXsr57GtAGBJsxwm1t2CLnkvYtCqbf3JhohEHp7h is de-activating:  0.01268769
2026-07-24T22:45:08.537Z STAKES Stake account AqkKXi4KnvLPYM6imwe5hrJTVaLMaGjBACp1YM8zwc3 is de-activating:  7.133479138
2026-07-24T22:45:08.537Z STAKES Stake account TpLHsokokUnNTEYYSsYSZQmrokN6AAWo51gT7D29XU5 is de-activating:  64.580382797
2026-07-24T22:45:08.537Z STAKES Stake account bj14YDHo3tx4PTuziB842ut4qfDqjXvNzCqzsk1ZAtx is de-activating:  0.206158013
2026-07-24T22:45:08.537Z STAKES Stake account fC4KtSNeyH6R3pz4LJZBEJTP2A5VHZ6QxFyDdaWYzto is de-activating:  119.712381605
2026-07-24T22:45:08.537Z STAKES Stake account g8DJiLbTVirvEdubiNEK3stcVCBk8LeTiZCQj7Asu7K is de-activating:  0.012174009
2026-07-24T22:45:08.537Z STAKES Stake account phTDR3KDJXzeNykeXtoAJdr8XQrLxFcYrmRSUuzBKXu is de-activating:  0.002300288
2026-07-24T22:45:08.537Z STAKES Stake account zshjXsjMPHkv7nnnDmi6qbpMn2Z6RtK9MwbrWzvMAmX is de-activated:  0.013471428
2026-07-24T22:45:08.538Z STAKES Stake account 23bdZ11RD8XcG1dsdVGwfpX7vocgjM1vrWLepXAphJUe is de-activating:  24.47389493
2026-07-24T22:45:08.538Z STAKES Stake account 2Q6o4FVkRfiWGbDqLpWBLCMTeYVQrspVtUcPfrVVLeLX is de-activating:  0.630175674
2026-07-24T22:45:08.538Z STAKES Stake account 2gNsyzC8RqYyeuecopFDkBAQrn3fXudMe9HTv5iximbW is de-activating:  12.780623452
2026-07-24T22:45:08.538Z STAKES Stake account 333goLS5qB8MLRAmNgtHmJinPp5ko565Cy65VRir4Vnd is de-activating:  0.108864369
2026-07-24T22:45:08.538Z STAKES Stake account 3MZLKKt2h2rGwzJGND5P2Cdj1QzbnEusJ5MnuLQxexK4 is de-activating:  50.953689342
2026-07-24T22:45:08.538Z STAKES Stake account 3myGJuodzVZX39gvfherwMUiuF813xEj4nAYqGrQkuDL is de-activating:  3.872440114
2026-07-24T22:45:08.538Z STAKES Stake account 3uRbztLe7wc6odbLgSjjnfbTay4mVqEEscRK7HQs9rVR is de-activating:  114.544579149
2026-07-24T22:45:08.538Z STAKES Stake account 4FiMEfb9RLAzzjp9k6kuAvkvJnAJURzDQA872zwtaxYE is de-activating:  44.839241388
2026-07-24T22:45:08.538Z STAKES Stake account 4GdPvZyhiPquG2SmUXuEEXmA6fZLqoreLithvEwZRdTe is de-activating:  0.199996989
2026-07-24T22:45:08.538Z STAKES Stake account 4N3C3LVBuWNRcknFQZQDcYtuNsGwDCkk1L1zpvuBQ3aL is de-activating:  10.604852299
2026-07-24T22:45:08.538Z STAKES Stake account 4NsCoqL4tWdw57yAzKcHTMKhXYgj8mmRHDeNGuvRKCQz is de-activating:  20.381449574
2026-07-24T22:45:08.538Z STAKES Stake account 4QX9UvZDWLpRvAhYR7iAyyegKgf7kjPswsMZfXir8hX1 is de-activating:  40.736326484
2026-07-24T22:45:08.538Z STAKES Stake account 4gonKM6eAPwH1R4KwaWYHJBk75hSspLcoXWxLXA3V51D is de-activating:  0.012537326
2026-07-24T22:45:08.538Z STAKES Stake account 5ZTFTpNDsoVps3TpsBSq5ypJ7gr28YRqKLJkJR9EKNH4 is de-activating:  101.907427453
2026-07-24T22:45:08.538Z STAKES Stake account 5bLbvQy6SmitYZgQ4r29hKsJZpPqKo5TdxD36TpqQj9X is de-activating:  1.003364081
2026-07-24T22:45:08.538Z STAKES Stake account 5o7VYtZYquGy54A4cwZhn7SH9CzXdunestR8o4M3rEaZ is de-activating:  0.404634406
2026-07-24T22:45:08.538Z STAKES Stake account 6LkwBSRU84XwanriHgYGiH4cKKeLNA2gUQxfDU8pcDtK is de-activating:  2.140013178
2026-07-24T22:45:08.538Z STAKES Stake account 6NSwirz77Jy3RNTAYJ4UmmrghNpbnYDfqvubxDdFKznK is de-activating:  3.058180265
2026-07-24T22:45:08.538Z STAKES Stake account 6np1unBysShtbzEooWFWmmeXJgWaC3RWSnbd2iMpFfhf is de-activating:  1.107408261
2026-07-24T22:45:08.538Z STAKES Stake account 6q4RrU9Pk6jfK6XkhGYvg7mm38ukrkTbaLkeQUiMsi7r is de-activating:  7.208373328
2026-07-24T22:45:08.538Z STAKES Stake account 6rMkY7UDfhsXvKrydR44ocS2FuBCCxXNUSbWazZ6PyCY is de-activating:  59.651203031
2026-07-24T22:45:08.538Z STAKES Stake account 6unXE7NfEf9Yq14PmVB7jaGKfdvJ6BLnzKsoBnYZrbRM is de-activating:  5.340822713
2026-07-24T22:45:08.538Z STAKES Stake account 7TtdvCvaQqR4Ls2LkJk1upy7NYiJGixLof7WfwmQHGRA is de-activating:  101.907427453
2026-07-24T22:45:08.538Z STAKES Stake account 7Wpar3t82anMjbxVEugTXBFGTPn53KdyFNxViCfcfBAQ is de-activating:  0.003325476
2026-07-24T22:45:08.538Z STAKES Stake account 7hSxTJfouDwSnfN8DW58TmUmKgesUq8hke6gdJhRsF8K is de-activating:  0.010201599
2026-07-24T22:45:08.538Z STAKES Stake account 7odCdmmJXYNiNEWV9o6mBbdXDzwPXNdfcSfhUsGvKeKW is de-activating:  61.144435922
2026-07-24T22:45:08.538Z STAKES Stake account 8NT8okpUHsAZbyV7NwC3Egh4hmHsfA5L2UjQswVJYSbG is de-activating:  10.055758233
2026-07-24T22:45:08.538Z STAKES Stake account 8fYxEthnYMjmBwNCjoFyn7ranDshM2TiVT3xBeDPjxL5 is de-activating:  0.050932212
2026-07-24T22:45:08.538Z STAKES Stake account 8m59E5JHKy7SmLpqHo95qajLu6j5wgcXhZFhL9W7wPeH is de-activating:  4.485351738
2026-07-24T22:45:08.538Z STAKES Stake account 8u2argiDHH7RyFeDpfHAeAdDkmcpjphWQNHyKdD93iYF is de-activating:  0.006906279
2026-07-24T22:45:08.538Z STAKES Stake account 96o7Y8G7ZsPFJ976Va9utEFAg42xZB48nb3e7JTdGTYs is de-activated:  0.00228288
2026-07-24T22:45:08.538Z STAKES Stake account 97R8gosHQrmFxb6rAwi3jQHcZyApwEkozJrcycYLudhb is de-activating:  0.012189374
2026-07-24T22:45:08.538Z STAKES Stake account 9RxZS1jMD5itjxNmPW9Uppibi2HjUXeRQYpnuPPojNv9 is de-activating:  211.017474844
2026-07-24T22:45:08.539Z STAKES Stake account 9dn2wmwFndnbw4D2v3J6yB4PiXXQjEKUhpy75UPbSPVF is de-activating:  1119.596892997
2026-07-24T22:45:08.539Z STAKES Stake account 9hir8pEgmX9texfsWJPtozeGv1pwXtSRsP8nkf2WLcqC is de-activated:  0.018440901
2026-07-24T22:45:08.539Z STAKES Stake account 9xUEdYpn5CKzQXmHTNKJ7Nhqq3tY9FqbvKaMgm4yrNZh is de-activating:  8.564669653
2026-07-24T22:45:08.539Z STAKES Stake account A511hV5rzPV7pR8bdGSAjSYCeYz3uX1LTrXCCXr1Jywf is de-activating:  0.843028975
2026-07-24T22:45:08.539Z STAKES Stake account ApDRmpDrGDsxazc9VoAHopPeNn5Xm3UGshG9mahuLTKm is de-activating:  141.358463882
2026-07-24T22:45:08.539Z STAKES Stake account B6xr2oZmB7uTj1dhV5xba6g8SmyvnWXBjyM7qeaKVcuq is de-activating:  0.125212208
2026-07-24T22:45:08.539Z STAKES Stake account B7NUMQuUrSdgYuThd8RBMRUgnp4oLXYj1AH8hVaW6FNr is de-activating:  9.344402065
2026-07-24T22:45:08.539Z STAKES Stake account BKDPEsZDAL2wDPMRhP2zDeAGgo7wXN7ZkH5WCLzCjr4Q is de-activating:  0.003305103
2026-07-24T22:45:08.539Z STAKES Stake account BwMrvhLV8fWiFCAXJxXKCp1SNBp7kr8NBWNdPUSAPYxu is de-activated:  0.218189523
2026-07-24T22:45:08.539Z STAKES Stake account C99ACoAuw3nSrfMatuF9MXkukBPgy7jMfT1zs5CttRmt is de-activating:  1.01895075
2026-07-24T22:45:08.539Z STAKES Stake account CAyKe9AmJsxymnzhzQnHDVaypaYRAh6jCp59sDuMSKQq is de-activated:  0.00566398
2026-07-24T22:45:08.539Z STAKES Stake account CHsQ43AMMEgBsoAAFUJY7cTZFHoxFyMAfCgVxLCwjnhk is de-activating:  20.370467098
2026-07-24T22:45:08.539Z STAKES Stake account CJhn7BLYKSvhrgJjT7hefsMV2BmSBc24G2Na6zB5HZTi is de-activating:  5.238882921
2026-07-24T22:45:08.539Z STAKES Stake account CMJxuwgnj4oUppYGhx7xX35azowAgDmsFzvA4oyB111t is de-activating:  75.877195876
2026-07-24T22:45:08.539Z STAKES Stake account CQQ4u8ARLYrBvrb18FoCPJ7ALWN6zpqEdE9zACTpMebm is de-activating:  0.010196346
2026-07-24T22:45:08.539Z STAKES Stake account CbwpMQoSb5PVmDfTM48iVNvUtDcPGqjDNvs7fi9zyShP is de-activating:  2.007366034
2026-07-24T22:45:08.539Z STAKES Stake account CcK7M9Tai5onc2SPpxTBCaSYDGvPpkV6oscAKVxFNzhK is de-activating:  4.482419441
2026-07-24T22:45:08.539Z STAKES Stake account CkEDstFMkRA49dzhTg9Ytn28n7BUizzbSPdt6XB7R5gG is de-activating:  7.368251135
2026-07-24T22:45:08.539Z STAKES Stake account D6SmY7huD4A72Woq7ozdQs8N9edCMJMcGgU8eYbgSE4c is de-activated:  0.003301066
2026-07-24T22:45:08.539Z STAKES Stake account DQaNbthntShmRp5qvyA19vBR6MzssxhnNdgmVhtJFNxm is de-activating:  0.108864376
2026-07-24T22:45:08.539Z STAKES Stake account DV6gRVnAiBDjcZcYugWpXTXyn2Uqox5WNarNTxkLJB2s is de-activating:  11.927031656
2026-07-24T22:45:08.539Z STAKES Stake account DbNqA5ZeN5ZMNmSyqTY18jzxDPYWH81DAPXq77wSTSa9 is de-activated:  0.346583364
2026-07-24T22:45:08.539Z STAKES Stake account DcJWAovdHVaBKpCzr1M5JXoey59P7q7hgkc5GTzT8BA3 is de-activating:  10.187232413
2026-07-24T22:45:08.539Z STAKES Stake account De6h5QFi9136qyA6mWKeXPrYYuRecaALXMmoF88RHnjH is de-activating:  7.180947664
2026-07-24T22:45:08.539Z STAKES Stake account DkZJ5FRBQP556yGTTejybE3rK1vfUehRWCEvB6JHWcnx is de-activating:  0.002300293
2026-07-24T22:45:08.539Z STAKES Stake account E95Am5ZynPcEsbahQ81ZevD3y6VT27bswL2b6LkWdaZE is de-activating:  26.323159259
2026-07-24T22:45:08.539Z STAKES Stake account EaHhpgTxP54kpNn1mRPZswVYpk6Ey1vPzmBXRM5j4kZF is de-activated:  0.165858367
2026-07-24T22:45:08.539Z STAKES Stake account EdZQfY5kinyeEmhx4Wdm5CZVM6rzceBhuNM7U4xKCyoc is de-activating:  0.101844322
2026-07-24T22:45:08.539Z STAKES Stake account ErxMRPxAmJKiZgXJRaqwiTZ6dDxHNgL7b7gCZ1EZNCks is de-activating:  0.003889111
2026-07-24T22:45:08.539Z STAKES Stake account FGsaCLKwvvVUid3QBVe5PuyR8jC3VhMci95EWdbShb1B is de-activating:  2.755055637
2026-07-24T22:45:08.539Z STAKES Stake account FU7zzUR3LyZvCFhwaSv5vbKRsxkQFuegGTcXpWkXdCFx is de-activating:  1.020301358
2026-07-24T22:45:08.539Z STAKES Stake account FfkYNZWYv7FyjA4SYmutoXA8JvkqrDEF2nF4YA245rDk is de-activating:  0.002300293
2026-07-24T22:45:08.539Z STAKES Stake account GBP5Rb3yNXMri7GmASFpGtzLfprj8zQjUTAdfasSrogv is de-activating:  101.940781374
2026-07-24T22:45:08.539Z STAKES Stake account GRMar7LHxMcazBW1DdhAoz5UwktTcawV5dKZGE3yuFZf is de-activating:  0.002300293
2026-07-24T22:45:08.539Z STAKES Stake account GWrQ2W7cLkyBobtqByEdpnmfo855P5KGq3rnCNNU1A37 is de-activating:  4.080301345
2026-07-24T22:45:08.540Z STAKES Stake account Gde1AqhL2CF89TA9ufZLQyYM6gKdmxVdCpHb6r5yQS1k is de-activating:  2.79158061
2026-07-24T22:45:08.540Z STAKES Stake account GftS11KdWk7CZ4UkTSmDHrm6XSCtsxa7RSkt4NpfbQy5 is de-activating:  25.493642426
2026-07-24T22:45:08.540Z STAKES Stake account GiZSrfTrfLSrZZSCV3ybTjk6MKTjTsXbhwJLkghF3R9H is de-activating:  3.657364395
2026-07-24T22:45:08.540Z STAKES Stake account Gq7wKV4GZkCMuYy54LukxMbScTVrF9phJrmpe5MgNHp1 is de-activating:  0.101844315
2026-07-24T22:45:08.540Z STAKES Stake account H1P1YwexzkHafV3EZ1yH8WAVUBcf9asJ46ETWtf1E5oS is de-activating:  0.017909212
2026-07-24T22:45:08.540Z STAKES Stake account H45zBe7V5NP2BGfK6FKxizctWmsqUsWJ6ZnHbqEUgps7 is de-activating:  1.222798757
2026-07-24T22:45:08.540Z STAKES Stake account HidrDGC4ou6tr5NzFzQNzAFKz5sCVzQF2F18LHbg5Znj is de-activating:  10.485584994
2026-07-24T22:45:08.540Z STAKES Stake account J3diQsCm1dxCRsUDDW2BgGz6gsuVHK4LjvBWKyHPDAmP is de-activating:  2.588933481
2026-07-24T22:45:08.540Z STAKES Found:  0  accounts that can be de-activated delinquent validator RaydiumJDX8X6om6Fg44xyqz5eukZ9KC3LX61SttLbH
2026-07-24T22:45:08.540Z FIND No deactivations possible for this validator
2026-07-24T22:45:08.681Z STAKES Found:  18  accounts for delinquent validator Hx4UJCvf8amGeuW9fPFfTckRoznDHxPSYiU9HuUSZKLT
2026-07-24T22:45:08.681Z STAKES Stake account 13eEg242fYRLsXHbNSMKDnQPArMDUZKcQBsL7YARwKbq is de-activating:  0.076479143
2026-07-24T22:45:08.682Z STAKES Stake account zkdDBhVcEP4Y3XccZd5aoqgyptcR1uuFtPMAkKniJ2j is de-activating:  0.00228289
2026-07-24T22:45:08.682Z STAKES Stake account 28c6odLk3pfa4uD4v5R2C3SaYERiJXxcmq9Y6j1NrtJE is de-activating:  0.10969157
2026-07-24T22:45:08.682Z STAKES Stake account 3Y1y3yR1EJjZL8CwsLhNCcFErn5WrHs56LFFJD6SYeB2 is de-activating:  1.00228288
2026-07-24T22:45:08.682Z STAKES Stake account 3qRFUVgu4fe5rrW8XnqtHejMMnXYRURZ9PgWMEyYZcNM is de-activating:  0.00228289
2026-07-24T22:45:08.682Z STAKES Stake account 6VPfEUFcp577v6nmJWMLs6pGdSiwevdSgcaRRn9HpYCE is de-activating:  0.010133241
2026-07-24T22:45:08.682Z STAKES Stake account 6deNug1QszCTBFwauUbye1c9oHajA78pz9ntc9F8vPRk is de-activating:  0.003353871
2026-07-24T22:45:08.682Z STAKES Stake account 8NdwPqqBJnmEVNiNsH1t9BWxV2Bz1TvjK8GGndwogKTv is activating:  496.42169288
2026-07-24T22:45:08.682Z STAKES Stake account 8tgE9Ev2hyBHnbkBDuNASjdryFoE8uQTrFYZTYZfgYAD is de-activating:  1.00228288
2026-07-24T22:45:08.682Z STAKES Stake account 9dHebMJmH3GbHVrEkY4jM9djbnR8Bsk4BaexBJ4WFWmE is de-activating:  0.003807692
2026-07-24T22:45:08.682Z STAKES Stake account CeteiqcT5GeSXw13daqvGhK4pBM9wRRMbTjiQ14CS1zJ is de-activating:  0.006593513
2026-07-24T22:45:08.682Z STAKES Stake account CrcuvR96TT18AtnJJF5vnhUpYzWSVccBZ6FR2tBmCHNk is de-activating:  0.00228289
2026-07-24T22:45:08.682Z STAKES Stake account Cu1yhJmvdsfzspbfznr3vEtPS3gKSzARp3CmaYfy2xX9 is de-activating:  1.00328288
2026-07-24T22:45:08.682Z STAKES Stake account CzGh4TaPfCHdP9HSdiNFyQTAfa4DCPuRjE7jZYMhw16Q is de-activating:  0.00228289
2026-07-24T22:45:08.682Z STAKES Stake account EgbQVfENsSopKPxLrYELGyxm2xgdqTvabzMHbcacwXEK is de-activated:  16.643417481
2026-07-24T22:45:08.682Z STAKES Stake account F2d8XpCJ7bWhR6RAbDBNekE6RtKuQPBuoacjfuw4ipvg is de-activating:  0.021576902
2026-07-24T22:45:08.682Z STAKES Stake account GHB9M9XrXWphXHwCjTEyrbwDg5Ai4qVsKSoyeJqf6gzp is de-activating:  0.934123358
2026-07-24T22:45:08.682Z STAKES Stake account GbVzBYkvy5oXGhFwBHYNuhWsPFx6JtUEEuyDsFFUWaFc is de-activated:  0.027780446
2026-07-24T22:45:08.682Z STAKES Found:  1  accounts that can be de-activated delinquent validator Hx4UJCvf8amGeuW9fPFfTckRoznDHxPSYiU9HuUSZKLT
2026-07-24T22:45:08.702Z DEACTIVATE Blockhash: CjGYj6ky4fD5yJGfGe8xx8h4gr9KfjL8vJKkzFxVrTKb
2026-07-24T22:45:08.762Z DEACTIVATE Sent tx: 2hRJaEhUXv6cqDX85eUqDGCUwo6a183vCLSAZwYVdMRRhpVo96Pz9x6LWPSE6UNj3TAzyAvVMwciYDAADZL1occc https://explorer.solana.com/tx/2hRJaEhUXv6cqDX85eUqDGCUwo6a183vCLSAZwYVdMRRhpVo96Pz9x6LWPSE6UNj3TAzyAvVMwciYDAADZL1occc
2026-07-24T22:45:08.867Z DEACTIVATE Waiting for confirmations...
2026-07-24T22:45:22.731Z DEACTIVATE Confirmed.
2026-07-24T22:45:22.731Z FIND Deactivated stake accounts with total balance:
2026-07-24T22:45:22.731Z FIND Total de-activated: 496.42169288
