2026-03-01T11:56:01.954Z FIND Found epoch range to explore:  929 933
2026-03-01T11:56:01.956Z FIND Found delinquent validators [
  'GLAMvLYFVzzgXPEjwdTKFqXShckYvFaF3Z1r81Pr8UtW',
  '6UDU4Z9TTbYy8gcRKBd7RX3Lm2qMsSR4PMuzoyYPzLma'
]
2026-03-01T11:56:01.957Z FIND Found reference validator he1iusunGwqrNtafDtLdhsUQDFvo13z9sUa36PauBtk
2026-03-01T11:56:02.141Z STAKES Found:  165  accounts for delinquent validator GLAMvLYFVzzgXPEjwdTKFqXShckYvFaF3Z1r81Pr8UtW
2026-03-01T11:56:02.141Z STAKES Stake account 7gcB5wfoeB8hyAUBcDhjYTp6xjuWmK5W2Mw6n34TtmvS is de-activated:  102.381676501
2026-03-01T11:56:02.142Z STAKES Stake account 6gZBXYhwVtFEsjV5HZTEbViHo66Xdu81twjGYU6JkSEX is de-activating:  1.010691697
2026-03-01T11:56:02.142Z STAKES Stake account CqtrmjXjJZHRwa9jFmVvwk2fy7EhsBjt2fT4sPntrh8S is de-activating:  1.009748409
2026-03-01T11:56:02.142Z STAKES Stake account 4QdohJRWNwyXSSMi2CWrtXSyBJzsm1qNXkdFyycL5SuL is de-activating:  1.011324692
2026-03-01T11:56:02.142Z STAKES Stake account BgGTKvG1pjXMBMRCjJ2fXwASPGe71FoYofgHCrCSqPY1 is de-activating:  6.18667515
2026-03-01T11:56:02.142Z STAKES Stake account ASVBHCc4Z4y2UJxG79K4Ccg4m5aL7cC1gsj72SAbCVva is de-activating:  1.039456741
2026-03-01T11:56:02.142Z STAKES Stake account 5AhXsJqPXnpGpcevaUZjguBaGsou4knT5syFBmmBXpFb is de-activating:  1.012597892
2026-03-01T11:56:02.143Z STAKES Stake account ESM3954cHmLUwkJdupJ8Gz6LEfkoCroo8TzssYi2vuct is de-activating:  1.005412828
2026-03-01T11:56:02.143Z STAKES Stake account 4wocKJMxirE273HUNzszYTQYDAeGCoaMjPYBuhJUtQd is de-activating:  1.008812846
2026-03-01T11:56:02.143Z STAKES Stake account 5wcgfiVBwehCx5PKsFXv3PAExzYzfuw5UmxqCACsW2B5 is de-activating:  1.009124096
2026-03-01T11:56:02.143Z STAKES Stake account 4FxFT5yR2UcGtRqkS7MZbU9yyNGXrMBG1W9M7tEg2Dux is de-activating:  1.693131764
2026-03-01T11:56:02.143Z STAKES Stake account 3WfFSHMhL49ANKFX7TKanJ4EUZ6qXtmd2v2MCPLnLSmk is de-activating:  3.918219413
2026-03-01T11:56:02.144Z STAKES Stake account 8gczU3iggX9ozbNuyH2feNfSEsv6Tm37Hm75ennHLCgZ is de-activating:  1.003566426
2026-03-01T11:56:02.144Z STAKES Stake account 9yncfWx59sgf6uKUWWAiXdftbKENSWQAsE8kvPtksPkz is de-activating:  1.649723474
2026-03-01T11:56:02.144Z STAKES Stake account HqjmPAtKG5jBjgo71UXBWN5hJJAzRX5GgMijetouGaS6 is de-activating:  1.002639731
2026-03-01T11:56:02.144Z STAKES Stake account GL3GeCu2Zv92FPwusRvnvyYBQq2zbDE97r4pkjrGMskT is de-activating:  0.002594831
2026-03-01T11:56:02.144Z STAKES Stake account FZWdwxu9pmGnQCHBEYzrsq5eVPujxocnKTQ2CAUtkp24 is de-activating:  3.312359725
2026-03-01T11:56:02.144Z STAKES Stake account 2nF2KX4hHSHeSNc2dC3aqSMuZ3xi7QH4aDh64UuAM9fW is de-activating:  1.002949596
2026-03-01T11:56:02.145Z STAKES Stake account DKXNK8uGUUjPn5C5wUsdjd2XU6seAhfptEAfhC91VZD9 is de-activating:  1.952310471
2026-03-01T11:56:02.145Z STAKES Stake account BhLLK89HSuhQsK9bGU4rnRZqqWtu6PnaicQYqQH57RYF is de-activating:  1.593584791
2026-03-01T11:56:02.145Z STAKES Stake account GpNS98m9UowFcz3HqWFooGCbd8jXa3VK1sNSChLDdHDN is de-activating:  1.004800314
2026-03-01T11:56:02.145Z STAKES Stake account 6yWNGKp49sZr3hf1ozEL5dmaji3yZt8E3xLdAMMdobz7 is de-activating:  31.807184698
2026-03-01T11:56:02.145Z STAKES Stake account CzfXX4uYVZYzCjzjUicZwEiz47uYhuNDgesock14Z2ep is de-activating:  1.003258299
2026-03-01T11:56:02.145Z STAKES Stake account 2sXN5yaiHy28SgznP1mUD9dmX5AKWCs4FhtjeTkWmVk2 is de-activating:  7.551269908
2026-03-01T11:56:02.146Z STAKES Stake account CmCvXpTRb7iAnSDYRty89mBfDCWgrJBiFfCVLRWSB76j is de-activating:  1.011641808
2026-03-01T11:56:02.146Z STAKES Stake account HudzEC4vsYCCdS3dVKvdDswmRci86u5cQkbXYygcV7oc is de-activating:  15.244808531
2026-03-01T11:56:02.146Z STAKES Stake account H4L35C7q1YxCW8SM97fDjQM2RYaNAzyM28fGc2aJBwWD is de-activating:  1.003875486
2026-03-01T11:56:02.146Z STAKES Stake account 4aeYMXwYuwGuzd4ur91v9R7jEWzd9y3gwQEX4gsZLV4G is de-activating:  2.011928193
2026-03-01T11:56:02.146Z STAKES Stake account FXWDAwQULA3bWQHLgT4oXRniFPeBFBtce11mWRUq49yQ is de-activating:  1.005720272
2026-03-01T11:56:02.146Z STAKES Stake account CYWLwKA5uEGPCUAbVPBmAbubAHbB6AaLw1tNa9R5WJeK is de-activating:  1.011641808
2026-03-01T11:56:02.146Z STAKES Stake account r8874k34c48rkztp41JuCakaboa6u3WnXy2msnL982R is de-activating:  1.007257352
2026-03-01T11:56:02.147Z STAKES Stake account D792Qv6SxnMZVUoTbsDecuVZ93fE9mGHNskoQ8mgB75y is de-activating:  6.029369825
2026-03-01T11:56:02.147Z STAKES Stake account 3L8tQJGxwZLEbuKVaiqYa4SyUq3DjvqsyaEztRbzWWfv is de-activating:  0.002361438
2026-03-01T11:56:02.147Z STAKES Stake account Ev4m8eVyAsPp1mJFxFMDbfJnWmq39izaGxJv5F6DrfiU is de-activating:  1.005720272
2026-03-01T11:56:02.147Z STAKES Stake account 9z3KWZaTpqmpLajV2qqHFByVSdNVgzFPZso9apXJrH3s is de-activating:  3.652227545
2026-03-01T11:56:02.147Z STAKES Stake account ADytq5xpM7HTAVK1k1xtF1wMtnu3eLV1VnCCMJfNZ1u8 is de-activating:  2.022273949
2026-03-01T11:56:02.147Z STAKES Stake account 2RbPZQpmwe4pyt2sRy2pfmwoF8ktzcHvz3R1ingvb5E4 is de-activating:  1.156122721
2026-03-01T11:56:02.147Z STAKES Stake account tfpjFaS8n5kkfJw75csUvfcm1nSbn4uxjUA6FJeyd8j is de-activating:  1.007257352
2026-03-01T11:56:02.147Z STAKES Stake account 5wCXhibUNMkbfKUZkFGimuxJvoFKVgapCBzCUoUK1tk4 is de-activating:  6.312788438
2026-03-01T11:56:02.148Z STAKES Stake account BP5fEETEKmA1CgUMhGzPP7yRM2m2FZJBZVNHB7WUjCEY is de-activating:  1.010061927
2026-03-01T11:56:02.148Z STAKES Stake account Kk2Bxj9zZMJWTeAjuApmdpCAEx91Fx1LNtn5faTszwM is de-activating:  2.646016748
2026-03-01T11:56:02.148Z STAKES Stake account 3nXuT3ugp3wap3aXwXhrtftGYMD6WNdnuDs9JSePiQwZ is de-activating:  4.494892645
2026-03-01T11:56:02.148Z STAKES Stake account FpnpFnQLMYB5cyYsNj33XChfiH1ugESWnSESSVyuLcF5 is de-activating:  1.007257352
2026-03-01T11:56:02.148Z STAKES Stake account 9qZByn4PcA9oRzRLJMMFNWN6XJFF2cPt1cKUYDogZZ79 is de-activating:  1.010376382
2026-03-01T11:56:02.148Z STAKES Stake account 3utKdQzXuukgVpHAXNpWfjeKtePFitBJHBGu68UDVkkG is de-activating:  1.010061927
2026-03-01T11:56:02.148Z STAKES Stake account 3yNPfqiCUZsf61T9F2NmnhwdPWGG6PNowQgmSpj3StfV is de-activating:  1.007257352
2026-03-01T11:56:02.149Z STAKES Stake account 4mi9cnxQWvFwzFnyWX3DBE21V3z5SzMRmhfpmDV3Xvq4 is de-activating:  1.005412828
2026-03-01T11:56:02.149Z STAKES Stake account Cuzb3axpx3jtRc1KAva94UGqcDbo84KB66jALWPpFc9W is de-activating:  1.003566426
2026-03-01T11:56:02.149Z STAKES Stake account 8fd7aP8JRrx9EoPf8ysyMxDrLyvq6FetPcQxS13fmrEd is de-activating:  4.193184836
2026-03-01T11:56:02.149Z STAKES Stake account nresEHKhNhuvKSPSVLttR1ReacRWueJY9gzPX9GK9xe is de-activating:  1.00787735
2026-03-01T11:56:02.149Z STAKES Stake account CP7eixbQkssLUMFiipw1Jtg7dwiQinSppCVK9KKHrNDM is de-activating:  1.008812846
2026-03-01T11:56:02.149Z STAKES Stake account FTR9xP1wZn3rA5FcUiWj8H5dWVCuAggCueCxYinsYaBC is de-activating:  1.004494099
2026-03-01T11:56:02.149Z STAKES Stake account B9UnduGLwzKUCGgCC65NQx7Qxv8LbLTVVhc7vWoJ16Dq is de-activating:  10.298342891
2026-03-01T11:56:02.149Z STAKES Stake account EoKeR1jptwzBi7w8mxpRuN93ZQi1VYyVXysNz8pQeTWg is de-activating:  4.807689416
2026-03-01T11:56:02.150Z STAKES Stake account 52NgEE8CBkRUCGaBwFsNpJfgzVNwAaHaEX4ATGQiB56N is de-activating:  18.467305598
2026-03-01T11:56:02.150Z STAKES Stake account 93SZX5PaWesUw5Y5tYkX6QEks4sRMs2WAUg9kQaGhmaC is de-activating:  1.00756702
2026-03-01T11:56:02.150Z STAKES Stake account 22hKFrQRa6Bwhkn6EYi4vToAzk1p7qxpwchMzBPCiNKH is de-activating:  1.189714793
2026-03-01T11:56:02.150Z STAKES Stake account 62gReoaAC5Kxo3TCn8GZ7h849DWVEjihw877CwGXpkD1 is de-activating:  1.004494099
2026-03-01T11:56:02.150Z STAKES Stake account Ea1utJvT6L1eg6kLEdMrQ5kHjpFtb1iw1z4fVQ9fCzKk is de-activating:  1.011641808
2026-03-01T11:56:02.150Z STAKES Stake account EvfXhzhHCKVUa7qJtjHYThwNRoRsUdWxghkZZNBVAYXv is de-activating:  1.002949596
2026-03-01T11:56:02.150Z STAKES Stake account 12RTcixy1otm7j3DsckXQ8dpdPG1eLgwhjjMuyWVw9Hj is de-activating:  2.008544938
2026-03-01T11:56:02.151Z STAKES Stake account DDGuPJs1JukdJzAqmD9LN5tSdpLdThWAk3B9JQVmbUYw is de-activating:  14.598835524
2026-03-01T11:56:02.151Z STAKES Stake account 33XCnQ9cTGiQNBtexqtP9CbjNL2hPSsCGoCdg7yDgxqv is de-activating:  1.284212991
2026-03-01T11:56:02.151Z STAKES Stake account 29AAmD5xcnV3qJ5tin1V3keb5PDUG3sTUV4jxk1wd5jS is de-activating:  1.012278401
2026-03-01T11:56:02.151Z STAKES Stake account Hjv1XZNQsxMDv6aygGvk6RxZU49QhURG6JK7B1vAnvDX is de-activating:  5.366287905
2026-03-01T11:56:02.151Z STAKES Stake account 5nbnz69mS149DbdAZ2StpN2BR1Cf9tgd9Ub2ESnJMoFw is de-activating:  3.208048837
2026-03-01T11:56:02.151Z STAKES Stake account 5jGqE5m9xCnUsbHidc6GzpZjV3EREF2uBQDEpoBXu77E is de-activating:  1.016915799
2026-03-01T11:56:02.152Z STAKES Stake account FPickXqw5gtmHRqJsMDpdaAXELjtoU1oW8HRwXJBMTUW is de-activating:  1.011638656
2026-03-01T11:56:02.152Z STAKES Stake account 3YYAM8FxGrC7ohitpSiFN4kwZCiVcZA5aMZprf2xdv4g is de-activating:  1.00756702
2026-03-01T11:56:02.152Z STAKES Stake account 3upPDHARKgE2DM9Ezqm1Ev1Vgkw7yH8UmrqsGZ5evy5V is de-activating:  1.002949596
2026-03-01T11:56:02.152Z STAKES Stake account BFRmjpM3Fb64JrQBKePgr7QAQW2H7gcta1g1TpRH28VX is de-activating:  1.015928326
2026-03-01T11:56:02.152Z STAKES Stake account 7yAZEF7XXEWuvETPPH5P8EtbNHz7vDXWCkNVxc88sKts is de-activating:  1.004800314
2026-03-01T11:56:02.152Z STAKES Stake account DmdhnB9bE2K9uHWnqEM5w6cTpCAtRgUtJie44EunAs76 is de-activating:  10.942042634
2026-03-01T11:56:02.152Z STAKES Stake account AWd2hw6zs1ptwTifpuUsPjHPgSheY88SyRbcwyzJLVp9 is de-activating:  1.00787735
2026-03-01T11:56:02.152Z STAKES Stake account 9KJKEqSaFBcUPL4XjHFKPNF3NqXk7MhsVQz8emu4mTu9 is de-activating:  1.016915799
2026-03-01T11:56:02.153Z STAKES Stake account 2R8y9jyMqnAb2bfjwdViVbvB8v58SnWCNfex2f8CjnzA is de-activating:  1.003566426
2026-03-01T11:56:02.153Z STAKES Stake account APXjxvY8d2MBa1kXMSgfJbVgRkmSvsxwwrRHQeuCzkuk is de-activating:  1.010061927
2026-03-01T11:56:02.153Z STAKES Stake account Djhh37BMP4QLmPzFz7F2PEHwxfU7E1wncMznbEGaCcHR is de-activating:  1.004494099
2026-03-01T11:56:02.153Z STAKES Stake account 39AXpe12Pmys1EQHG1rVwGVqRknMRB8ZgUfzCHFh45ud is de-activating:  1.006949327
2026-03-01T11:56:02.153Z STAKES Stake account EGq9spPxRiU2R81nZvQgh2bAZYPCR2ZX71psPGqAM5R4 is de-activating:  6.717015025
2026-03-01T11:56:02.153Z STAKES Stake account CLYqtTdBEWi7gH7dTcxZNzqfTY43i1Zp1uNSCJ7USNxe is de-activating:  1.543611947
2026-03-01T11:56:02.153Z STAKES Stake account 7t2ZSjkdGPqtBGdTqLSNgRPCEQrbdSzkA6Sk66eg3GNi is de-activating:  1.011324692
2026-03-01T11:56:02.153Z STAKES Stake account 7CgKLiJi6CntgJnge5B3w7e8Lm7HRa7G8q2y7NmuUaxe is de-activating:  5.256543117
2026-03-01T11:56:02.153Z STAKES Stake account Dahhiv2icGrajdnk3vPbdU3HyKDssBfWzvc91DMCbPGx is de-activating:  4.896767632
2026-03-01T11:56:02.154Z STAKES Stake account 4MFSyWwDdnovmhGkbK7PLGtLK5siwDL3aB3KDA5rfWbz is de-activating:  1.005410697
2026-03-01T11:56:02.154Z STAKES Stake account FwBbfUWPWTxvPD69dSAbaK85mL143ewPQRXEy2jc8vq9 is de-activating:  83.149829528
2026-03-01T11:56:02.154Z STAKES Stake account BRRprT5c7qJD6YonFbmwyNZGH8nMVnxcwYCMoTd3DYwN is de-activating:  1.065656643
2026-03-01T11:56:02.154Z STAKES Stake account 67y27CCcKuxUhfmuprzjuV1ynTv6x5kz75ZJqhsTVf7m is de-activating:  1.732194362
2026-03-01T11:56:02.154Z STAKES Stake account 4jE7XecjuiAhtBGaZRoM1dcpBdBEV7yeERBQWZpzjVma is de-activating:  1.005412828
2026-03-01T11:56:02.154Z STAKES Stake account E3s4b2ZVkmpQYUwR1zcGuyEaHLtosDQzq31wx3yHf76w is de-activating:  1.01195963
2026-03-01T11:56:02.154Z STAKES Stake account BnDK3qqaiPtLM1nT3sGMkGhC2otQUphfyzBVBsxQDsED is de-activating:  1.941231286
2026-03-01T11:56:02.154Z STAKES Stake account 4WvL9fe1JdCHawzpSULMiUG9GY4BXfbYVFbPdRx8WrGN is de-activating:  1.004494099
2026-03-01T11:56:02.155Z STAKES Stake account e7KYTxVNYc93qM2Yppxxfinae9bCryBK9hf2J6BQmey is de-activating:  1.010061927
2026-03-01T11:56:02.155Z STAKES Stake account 3yvut9rLqLcCVBfrzq1mamPkrTF2wZ9S1FFeumydj52m is de-activating:  4.041072646
2026-03-01T11:56:02.155Z STAKES Stake account 8NxbnjK9QcSzQm2m5ExsqhuSa6HRwbBV9CFZCPSBV2ZR is de-activating:  3.242447402
2026-03-01T11:56:02.155Z STAKES Stake account 8yoMbkajwNsyhMierU3G2MAWHq9h2TK3xoFcqpueFAXi is de-activating:  1.003566426
2026-03-01T11:56:02.155Z STAKES Stake account 4wzDaGgniPtbRMZU56zBibV5fJ1SVf5AoyEAWfWxrbpZ is de-activating:  1.003875486
2026-03-01T11:56:02.155Z STAKES Stake account BfZihbtgJGEoDFiWxZjGaQSfXB8hfMsF7dPfyc1dWcGr is de-activating:  6.286233577
2026-03-01T11:56:02.155Z STAKES Stake account GgydwQgA5YjN4kbN6Xss5qg74rWAU3cKN4S6AVm87uiU is de-activating:  1.01433589
2026-03-01T11:56:02.155Z STAKES Stake account 4pwgbra8bsgmzkmz5XSLwiZ41UUwfFgRqNDcLttvXyF9 is de-activating:  20.867175712
2026-03-01T11:56:02.156Z STAKES Stake account vunAXLaEfKQeoFuN2StjYQQPUuv1ygGBbiNkm7dcEvX is de-activating:  1.00664178
2026-03-01T11:56:02.156Z STAKES Stake account HRARz2HbHSQEbsEHAgQcLPDQpaqMSitMEqizr1z7W9mp is de-activating:  1.00228288
2026-03-01T11:56:02.156Z STAKES Stake account 7LVoc7QEmS8dZu5pP6bPJtY5MKJTuXxtR2QSEjD1fnpR is de-activating:  1.005105403
2026-03-01T11:56:02.156Z STAKES Stake account FJcMnMFW1SCRMUWNmFu2cZxiKoEqpR9wF5soWp6tRBCZ is de-activating:  4.541353449
2026-03-01T11:56:02.156Z STAKES Stake account 8eWAUU9EJTjE12bZGpEopyHRc6E8CtvYXvsGzQnNNGGg is de-activating:  1.003875486
2026-03-01T11:56:02.156Z STAKES Stake account 4R2cHuyTTSqKNCQsSkfk44pMmZYt5WW3bcP2PcuJ5rJB is de-activating:  1.342503982
2026-03-01T11:56:02.156Z STAKES Stake account HQCebiRQcof8MvtkcmzbJm6W57y2iM3WvdMYpZ5VtH33 is de-activating:  8.442531846
2026-03-01T11:56:02.156Z STAKES Stake account FkdUPXGWFKzAuhtw4969mq62bZwPceMzUKiuxGM5AJ3Q is de-activating:  6.005482751
2026-03-01T11:56:02.156Z STAKES Stake account Gffx268aW7V9STyRNVsrCoDczCz8gh6TmwNbi2NhNj2B is de-activating:  1.004494099
2026-03-01T11:56:02.157Z STAKES Stake account EHwvCmCwCtYKu8mNLpXFadYQk4SQhWBdHJQF9xJEahkK is de-activating:  1.003875486
2026-03-01T11:56:02.157Z STAKES Stake account DYfmNEctfkNz6Urrb4UyP214PPy3BJfVdCNyTijXXEzS is de-activating:  1.119403819
2026-03-01T11:56:02.157Z STAKES Stake account EG6QryPSmgtYe6CnARoL8iKT9x89Q4fq9mQRh2oLzw6P is de-activating:  1.002639731
2026-03-01T11:56:02.157Z STAKES Stake account EttDcm6z2TYK41756LH6Mu5emqFkgbPV9XPaGcUKZkHi is de-activating:  1.98103839
2026-03-01T11:56:02.157Z STAKES Stake account 7TspUorZ9bRzLvySMqegY9jiTd18DYEnVXabeCq3hqUy is de-activating:  1.723317414
2026-03-01T11:56:02.157Z STAKES Stake account Dp5w8nzDjSbGbiYAV4xTD8GMg3iVAGu8FCHAEtdLfPkx is de-activating:  2.051397796
2026-03-01T11:56:02.157Z STAKES Stake account Exy8cf14JdPUzTQYuXeQse8DV94GzTxLuMzt2VPTALvW is de-activating:  1.011324692
2026-03-01T11:56:02.157Z STAKES Stake account 9eiHypC5CsruoxmPawf9UtMvr5dBfTc5sg2dTDHVPLvr is de-activating:  7.141775495
2026-03-01T11:56:02.158Z STAKES Stake account 2BFbhstW5AcLgfACw3T26fs9V4gC8HHu8jhJzQvUjqhm is de-activating:  1.005720272
2026-03-01T11:56:02.158Z STAKES Stake account HFur7bnoSSF5Eh11vXT2n5eD7rTwcTLKHkoc7QJjTwGK is de-activating:  1.723130807
2026-03-01T11:56:02.158Z STAKES Stake account 7T42qiYSnB6KNrLCJYQyhZ6UHULq6LXJijeBk2cm7pgN is de-activating:  38.746078027
2026-03-01T11:56:02.158Z STAKES Stake account Hwc7ugLPkFpKXSnW29TQdkAP7GPvgcRnQUHzqnavckrT is de-activating:  1.016915799
2026-03-01T11:56:02.158Z STAKES Stake account BJUu67FTukg1JnBBxkPBSNm3Rw8HZEC777KmCCRm9Q4i is de-activating:  1.006333709
2026-03-01T11:56:02.158Z STAKES Stake account 8qZzgbNHBszQY4bWDYkHw3ogEi4NbqWP2ZGJAeMatuiJ is de-activating:  0.002563278
2026-03-01T11:56:02.158Z STAKES Stake account DUqpweGPGE5KSJXLrwPJ3h9Jv6hh5kt3uKTcNF7LhgTA is de-activating:  1.012597892
2026-03-01T11:56:02.158Z STAKES Stake account 6mdCuP3dmbVjYZcFTBBXgHRDN18RdCFcFjuNeaRaYfRz is de-activating:  1.005105403
2026-03-01T11:56:02.158Z STAKES Stake account FoDhkadbUEsAGbNsM8HLA8i4Nbx2e1E4DcQy6fNPoThm is de-activating:  1.763022556
2026-03-01T11:56:02.159Z STAKES Stake account 6xmVd6f5ooCzN4H4GwirpTmUr6oe5N7TadfMq73Bg5Di is de-activating:  1.00664178
2026-03-01T11:56:02.159Z STAKES Stake account 8FDxjPkxwyybpG4N4Rh1TDgxrgF22tvvHEvv17EdcN6u is de-activating:  1.488206084
2026-03-01T11:56:02.159Z STAKES Stake account CaaBrSqZ8Axrxx6ySwAL7rry63ehnJQdMLxJXd8SSTkj is de-activating:  1.004800314
2026-03-01T11:56:02.159Z STAKES Stake account 2krJQ13u71Hr1USqAZoSPjRSj7k7qKUjc9MQorfTG8jE is de-activating:  145.730433358
2026-03-01T11:56:02.159Z STAKES Stake account B5itkDfsVeQzuTAQLhFXts7qrG4mKjVkpwtz95K8YdpM is de-activating:  18.162933561
2026-03-01T11:56:02.159Z STAKES Stake account G43fXSe6axDMhvxQQaa3XFptsTqH9MPiR6P2YsByAwEW is de-activating:  1.003258299
2026-03-01T11:56:02.159Z STAKES Stake account GoK57ZzwSJMBdmZMACPEfiWvZbDRGEcqpsbxTEJqineR is de-activating:  1.005412828
2026-03-01T11:56:02.159Z STAKES Stake account JDUH7L2jBUhLdR2928zaZPV223qGWDUEic2C4yFDhWih is de-activating:  1.010691697
2026-03-01T11:56:02.159Z STAKES Stake account Hb51eLqqvvCFZUUfL7QqtHf48Em83LKHLbCQa9RLh6hX is de-activating:  9.542609206
2026-03-01T11:56:02.160Z STAKES Stake account 4s9qhUk31qP7JfSvSgnGxPs4YnsB5Z1AiaXHCoUYqRp3 is de-activating:  1.060199396
2026-03-01T11:56:02.160Z STAKES Stake account 3t93NdtLGhFmSufASJ9u2JrH3Jc1Pr5YwAuoCCFjJ6ow is de-activating:  7.911934054
2026-03-01T11:56:02.160Z STAKES Stake account 5eqJb6bJdF2m757QjCkf4rf8h9G85Q6Au3avUVZ7HE6S is de-activating:  1.004494099
2026-03-01T11:56:02.160Z STAKES Stake account 6igJC7Mw14UZ6eLRY4kJrVAPWDL9k6yb3M4keFhFJ9ti is de-activating:  2.013525484
2026-03-01T11:56:02.160Z STAKES Stake account BoHUqX3apxVY4mQhoACfc5kz6HAkHgKgvf8Zqfcr88Bx is de-activating:  1.009435573
2026-03-01T11:56:02.160Z STAKES Stake account Gnf4QjNbHasJ9V2YY5iAwnLJbjU486bke4MaGeoTsP8m is de-activating:  1.005412828
2026-03-01T11:56:02.160Z STAKES Stake account Gs3rkkjtGDb8C1TQgzTKJsVHmTVM1qWg4LQJEe68Q1rk is de-activating:  4.017592728
2026-03-01T11:56:02.160Z STAKES Stake account 8JK26Afeq62gUpkwDx77E82ydm6zJb7uz8bJ7uKGGpvE is de-activating:  5.323723364
2026-03-01T11:56:02.161Z STAKES Stake account 4RmRgbdACWNVUKeme9XXSU2cJkfRhycVqKSMgQGXxZxB is de-activating:  5.992013136
2026-03-01T11:56:02.161Z STAKES Stake account Cxcyo35ksEJKCmWGjr8MuLKdanu6BFUMmRu9JdoQAzW6 is de-activating:  0.094549685
2026-03-01T11:56:02.161Z STAKES Stake account DxFZYMiN6LJDpJasTxaFAt25dA9MTBVBAbjaMYmMqaWQ is de-activating:  1.009748409
2026-03-01T11:56:02.161Z STAKES Stake account 5vf6MqvpaGsheZVqDcAGZkNhDVKSEQ9WZGdgpQZoaJPT is de-activating:  1.00664178
2026-03-01T11:56:02.161Z STAKES Stake account 93vVXSy3QcW9bssFpPqST3srU8n1ywgBYC7w8Nx1bkpB is de-activating:  1.003258299
2026-03-01T11:56:02.161Z STAKES Stake account 9Qa9uwrNgH36WPVg2Z8t1kK19eigqgxCJsZD3ninbt8q is de-activating:  1.012278401
2026-03-01T11:56:02.161Z STAKES Stake account F5poc7AhqVzStsPup5zk1hoMEUfwNSfqGfsZQ3uXv9kZ is de-activating:  2.719143464
2026-03-01T11:56:02.161Z STAKES Stake account DCqHTktWMgbUC6cNq7W3Rn2Nay6iwXJeUP8inJzp2Nus is de-activating:  1.122949001
2026-03-01T11:56:02.162Z STAKES Stake account 8PhgR9EmWgfDf2Ugd7TAPntiMztghPrmXChh5yki2Pgz is de-activating:  20.332709003
2026-03-01T11:56:02.162Z STAKES Stake account GMjZkumbsgPxyY9vJcKF4qbTACPmaCCce6wm2LJvESwb is de-activating:  1.004186077
2026-03-01T11:56:02.162Z STAKES Stake account H9eVEcszfyB9zcsTEzQwWQrs8LGFukUiVpzRwsvocHB3 is de-activating:  1.986719329
2026-03-01T11:56:02.162Z STAKES Stake account 8tKL2sigobDZv3cXZYWEvXar1APGbbrEwNagRw36iseH is de-activating:  1.012278401
2026-03-01T11:56:02.162Z STAKES Stake account 8CVfmR5kv5ijNceoZ7LD45STG57eBkDXMCkA4BckBFwo is de-activating:  0.003185038
2026-03-01T11:56:02.162Z STAKES Stake account 8KHTfQenfy6TMpvfRoirYLdivugZhP5TXJig2bJwVLR7 is de-activating:  1.00818948
2026-03-01T11:56:02.162Z STAKES Stake account AJ1VCCJe9rb5Y79FhFDD5pdnY7r85cMNsTdogykbn8Ud is de-activating:  1.003566426
2026-03-01T11:56:02.162Z STAKES Stake account 3PsLmnbspYGfAQqpw4q2h8QAjXftRkZKDQgaGGiu5vGt is de-activating:  1.810730036
2026-03-01T11:56:02.162Z STAKES Stake account GjYB67ovprqMiFracEtcPtrxLYJzJRWow1dPZADjiNvU is de-activating:  1.262626252
2026-03-01T11:56:02.163Z STAKES Stake account 7Jx6EN53UcB71dvezx4dgkxN3djkcVYkiHEYhW6M6SgH is de-activating:  1.219812613
2026-03-01T11:56:02.163Z STAKES Stake account FUeVBVuvm2xeFt76aow2Fc6CpLYsfj2U8FwpDMjTbpxH is de-activating:  1.007898841
2026-03-01T11:56:02.163Z STAKES Stake account GZkPoJAyCa4i5CobDemboNhXJN7Q9gxcbNzjAMGCfwAQ is de-activated:  0.002397272
2026-03-01T11:56:02.163Z STAKES Stake account 8yCJmLUUHDvFU8UemsQ1mYUkSeusFJJgpXoP1C7egtmk is de-activated:  0.00259123
2026-03-01T11:56:02.163Z STAKES Stake account FavNNmRFrr6vxfkB4D5mAdr7bEQS2Ay8T2BFyno5Q2Pq is activated:  0.002689377
2026-03-01T11:56:02.163Z STAKES Found:  1  accounts that can be de-activated delinquent validator GLAMvLYFVzzgXPEjwdTKFqXShckYvFaF3Z1r81Pr8UtW
2026-03-01T11:56:02.192Z DEACTIVATE Blockhash: Bh8Zh8fP6VMFptFw36UdkyMFEtejbwPHv8pf13Ktqfmk
2026-03-01T11:56:02.225Z DEACTIVATE Sent tx: 5oza5QpQNMjMtjpB2RNMJyf6GgZUst3FYhzizL65wYPA6rKKiWZooJrHnTiYFC8p9NqHVM7AWCB4FsxH44MRAcBj https://explorer.solana.com/tx/5oza5QpQNMjMtjpB2RNMJyf6GgZUst3FYhzizL65wYPA6rKKiWZooJrHnTiYFC8p9NqHVM7AWCB4FsxH44MRAcBj
2026-03-01T11:56:02.330Z DEACTIVATE Waiting for confirmations...
2026-03-01T11:56:15.243Z DEACTIVATE Confirmed.
2026-03-01T11:56:15.243Z FIND Deactivated stake accounts with total balance:
2026-03-01T11:56:15.408Z STAKES Found:  17  accounts for delinquent validator 6UDU4Z9TTbYy8gcRKBd7RX3Lm2qMsSR4PMuzoyYPzLma
2026-03-01T11:56:15.408Z STAKES Stake account Ef5w9eZWaTd5eU1WznnVFaxRnwkggXGUva5oVKbAGd2C is de-activated:  0.288055549
2026-03-01T11:56:15.408Z STAKES Stake account J7Y2JXwY4gAWsQb9CspZPgP9Nj7qCM3tUu2LUFV225aN is de-activated:  0.002302214
2026-03-01T11:56:15.408Z STAKES Stake account JBhLfKCLdAqDdpWr89LX5gSaNKKTArcHuz8S3Ge8sj9f is de-activating:  0.025945334
2026-03-01T11:56:15.408Z STAKES Stake account FPCZWyrKzbdkmMzzsWEQPM44tk5QiEk66jjYGTkrPLgP is de-activating:  0.003445877
2026-03-01T11:56:15.408Z STAKES Stake account AatrwSewYSEAyei17mtQvYyhnE2e2M4WwpSMgBURZdDu is de-activating:  0.12615276
2026-03-01T11:56:15.408Z STAKES Stake account 6QQeR85wg4JyFuRuKMfgT3Feu22DvYMkaFacoKAk9dYv is de-activating:  0.003244947
2026-03-01T11:56:15.409Z STAKES Stake account 6cxtUNjr8e3QWu1cwoPdWoQaSQK4Ep2eFtsYV5APo5nD is de-activating:  0.161811831
2026-03-01T11:56:15.409Z STAKES Stake account 6MGVAnYCScvkaYDnVioqFPS9eRSLJko157XMM7YeLPe2 is de-activating:  0.012472982
2026-03-01T11:56:15.409Z STAKES Stake account 9Bz3GGrvF2CN8mJpVUEq7m1fUUMsDbyxkREX4oFUuNyU is de-activating:  0.046802022
2026-03-01T11:56:15.409Z STAKES Stake account 14beTyMfznkMVSNgEkue9fEHXHV9CNmhrgC1GeqWoosb is de-activating:  1.679390151
2026-03-01T11:56:15.409Z STAKES Stake account 47Hd3kSuUpLxQnRnRo4K5uWDpkbFpS4HbAZexJB2iioT is de-activating:  0.00340078
2026-03-01T11:56:15.409Z STAKES Stake account 96MdYk4cJNVSXmvwixaTC7i493AnWmiSLJdVwHwLKziS is de-activating:  2.557666885
2026-03-01T11:56:15.409Z STAKES Stake account EnauVf4jj7HMkhaQpvNmY7uy6BFWmeWtD6yQfjaTLiyP is de-activating:  0.021824943
2026-03-01T11:56:15.409Z STAKES Stake account GJfsrxWZc9Phv9cMb7NkFQBLErN8hM4gyVkEf2wfzzhS is de-activating:  0.006500871
2026-03-01T11:56:15.409Z STAKES Stake account 6oEtardm9aWHZMcs5EspmkGXtCPPKx3yptvVi2fEM72q is de-activating:  0.10552309
2026-03-01T11:56:15.409Z STAKES Stake account 2i78B91hXCFvgqs5dJvUf4KuF94Q4CH2wfS5FtaqfZym is de-activating:  0.003452053
2026-03-01T11:56:15.409Z STAKES Stake account AoG8XobMVV4q9q8F8MHh39YoYzjzt6VmikSBE2tPcZZU is de-activating:  0.003348189
2026-03-01T11:56:15.409Z STAKES Found:  0  accounts that can be de-activated delinquent validator 6UDU4Z9TTbYy8gcRKBd7RX3Lm2qMsSR4PMuzoyYPzLma
2026-03-01T11:56:15.409Z FIND No deactivations possible for this validator
2026-03-01T11:56:15.409Z FIND Total de-activated: 0.002689377
